<?xml version="1.0" encoding="UTF-8"?>
<testsuite xmlns:xsi="http://www.w3.org/2001/XMLSchema-instance" xsi:noNamespaceSchemaLocation="https://maven.apache.org/surefire/maven-failsafe-plugin/xsd/failsafe-test-report-3.0.xsd" version="3.0" name="Starter.CucumberTestSuite" time="130.33" tests="19" errors="0" skipped="0" failures="0">
  <properties>
    <property name="java.specification.version" value="15"/>
    <property name="webdriver.chrome.driver" value="D:\data hakim\Mini Project Alterra\WebAlta\src\test\resources\webdriver\chromedriver.exe"/>
    <property name="sun.cpu.isalist" value="amd64"/>
    <property name="sun.jnu.encoding" value="Cp1252"/>
    <property name="java.class.path" value="D:\data hakim\Mini Project Alterra\WebAlta\target\test-classes;C:\Users\hp pc\.m2\repository\net\serenity-bdd\serenity-core\3.2.1\serenity-core-3.2.1.jar;C:\Users\hp pc\.m2\repository\net\serenity-bdd\serenity-model\3.2.1\serenity-model-3.2.1.jar;C:\Users\hp pc\.m2\repository\org\apache\commons\commons-text\1.9\commons-text-1.9.jar;C:\Users\hp pc\.m2\repository\commons-net\commons-net\3.8.0\commons-net-3.8.0.jar;C:\Users\hp pc\.m2\repository\com\google\guava\guava\31.1-jre\guava-31.1-jre.jar;C:\Users\hp pc\.m2\repository\com\google\guava\failureaccess\1.0.1\failureaccess-1.0.1.jar;C:\Users\hp pc\.m2\repository\com\google\guava\listenablefuture\9999.0-empty-to-avoid-conflict-with-guava\listenablefuture-9999.0-empty-to-avoid-conflict-with-guava.jar;C:\Users\hp pc\.m2\repository\com\google\code\findbugs\jsr305\3.0.2\jsr305-3.0.2.jar;C:\Users\hp pc\.m2\repository\org\checkerframework\checker-qual\3.12.0\checker-qual-3.12.0.jar;C:\Users\hp pc\.m2\repository\com\google\errorprone\error_prone_annotations\2.11.0\error_prone_annotations-2.11.0.jar;C:\Users\hp pc\.m2\repository\com\google\j2objc\j2objc-annotations\1.3\j2objc-annotations-1.3.jar;C:\Users\hp pc\.m2\repository\com\google\inject\guice\5.1.0\guice-5.1.0.jar;C:\Users\hp pc\.m2\repository\javax\inject\javax.inject\1\javax.inject-1.jar;C:\Users\hp pc\.m2\repository\aopalliance\aopalliance\1.0\aopalliance-1.0.jar;C:\Users\hp pc\.m2\repository\org\jsoup\jsoup\1.14.3\jsoup-1.14.3.jar;C:\Users\hp pc\.m2\repository\com\thoughtworks\xstream\xstream\1.4.19\xstream-1.4.19.jar;C:\Users\hp pc\.m2\repository\io\github\x-stream\mxparser\1.2.2\mxparser-1.2.2.jar;C:\Users\hp pc\.m2\repository\xmlpull\xmlpull\1.1.3.1\xmlpull-1.1.3.1.jar;C:\Users\hp pc\.m2\repository\io\cucumber\cucumber-java\7.2.3\cucumber-java-7.2.3.jar;C:\Users\hp pc\.m2\repository\com\typesafe\config\1.4.2\config-1.4.2.jar;C:\Users\hp pc\.m2\repository\org\imgscalr\imgscalr-lib\4.2\imgscalr-lib-4.2.jar;C:\Users\hp pc\.m2\repository\org\awaitility\awaitility\4.2.0\awaitility-4.2.0.jar;C:\Users\hp pc\.m2\repository\org\freemarker\freemarker\2.3.31\freemarker-2.3.31.jar;C:\Users\hp pc\.m2\repository\io\github\classgraph\classgraph\4.8.138\classgraph-4.8.138.jar;C:\Users\hp pc\.m2\repository\net\sourceforge\jexcelapi\jxl\2.6.12\jxl-2.6.12.jar;C:\Users\hp pc\.m2\repository\net\bytebuddy\byte-buddy\1.12.8\byte-buddy-1.12.8.jar;C:\Users\hp pc\.m2\repository\net\bytebuddy\byte-buddy-agent\1.12.8\byte-buddy-agent-1.12.8.jar;C:\Users\hp pc\.m2\repository\org\objenesis\objenesis\3.1\objenesis-3.1.jar;C:\Users\hp pc\.m2\repository\net\serenity-bdd\serenity-reports\3.2.1\serenity-reports-3.2.1.jar;C:\Users\hp pc\.m2\repository\net\serenity-bdd\serenity-stats\3.2.1\serenity-stats-3.2.1.jar;C:\Users\hp pc\.m2\repository\net\serenity-bdd\serenity-reports-configuration\3.2.1\serenity-reports-configuration-3.2.1.jar;C:\Users\hp pc\.m2\repository\com\vladsch\flexmark\flexmark-all\0.34.30\flexmark-all-0.34.30.jar;C:\Users\hp pc\.m2\repository\com\vladsch\flexmark\flexmark\0.34.30\flexmark-0.34.30.jar;C:\Users\hp pc\.m2\repository\com\vladsch\flexmark\flexmark-ext-abbreviation\0.34.30\flexmark-ext-abbreviation-0.34.30.jar;C:\Users\hp pc\.m2\repository\com\vladsch\flexmark\flexmark-ext-admonition\0.34.30\flexmark-ext-admonition-0.34.30.jar;C:\Users\hp pc\.m2\repository\com\vladsch\flexmark\flexmark-ext-anchorlink\0.34.30\flexmark-ext-anchorlink-0.34.30.jar;C:\Users\hp pc\.m2\repository\com\vladsch\flexmark\flexmark-ext-aside\0.34.30\flexmark-ext-aside-0.34.30.jar;C:\Users\hp pc\.m2\repository\com\vladsch\flexmark\flexmark-ext-attributes\0.34.30\flexmark-ext-attributes-0.34.30.jar;C:\Users\hp pc\.m2\repository\com\vladsch\flexmark\flexmark-ext-autolink\0.34.30\flexmark-ext-autolink-0.34.30.jar;C:\Users\hp pc\.m2\repository\org\nibor\autolink\autolink\0.6.0\autolink-0.6.0.jar;C:\Users\hp pc\.m2\repository\com\vladsch\flexmark\flexmark-ext-definition\0.34.30\flexmark-ext-definition-0.34.30.jar;C:\Users\hp pc\.m2\repository\com\vladsch\flexmark\flexmark-ext-emoji\0.34.30\flexmark-ext-emoji-0.34.30.jar;C:\Users\hp pc\.m2\repository\com\vladsch\flexmark\flexmark-ext-enumerated-reference\0.34.30\flexmark-ext-enumerated-reference-0.34.30.jar;C:\Users\hp pc\.m2\repository\com\vladsch\flexmark\flexmark-ext-escaped-character\0.34.30\flexmark-ext-escaped-character-0.34.30.jar;C:\Users\hp pc\.m2\repository\com\vladsch\flexmark\flexmark-ext-footnotes\0.34.30\flexmark-ext-footnotes-0.34.30.jar;C:\Users\hp pc\.m2\repository\com\vladsch\flexmark\flexmark-ext-gfm-issues\0.34.30\flexmark-ext-gfm-issues-0.34.30.jar;C:\Users\hp pc\.m2\repository\com\vladsch\flexmark\flexmark-ext-gfm-strikethrough\0.34.30\flexmark-ext-gfm-strikethrough-0.34.30.jar;C:\Users\hp pc\.m2\repository\com\vladsch\flexmark\flexmark-ext-gfm-tables\0.34.30\flexmark-ext-gfm-tables-0.34.30.jar;C:\Users\hp pc\.m2\repository\com\vladsch\flexmark\flexmark-ext-gfm-tasklist\0.34.30\flexmark-ext-gfm-tasklist-0.34.30.jar;C:\Users\hp pc\.m2\repository\com\vladsch\flexmark\flexmark-ext-gfm-users\0.34.30\flexmark-ext-gfm-users-0.34.30.jar;C:\Users\hp pc\.m2\repository\com\vladsch\flexmark\flexmark-ext-gitlab\0.34.30\flexmark-ext-gitlab-0.34.30.jar;C:\Users\hp pc\.m2\repository\com\vladsch\flexmark\flexmark-ext-jekyll-front-matter\0.34.30\flexmark-ext-jekyll-front-matter-0.34.30.jar;C:\Users\hp pc\.m2\repository\com\vladsch\flexmark\flexmark-ext-jekyll-tag\0.34.30\flexmark-ext-jekyll-tag-0.34.30.jar;C:\Users\hp pc\.m2\repository\com\vladsch\flexmark\flexmark-ext-media-tags\0.34.30\flexmark-ext-media-tags-0.34.30.jar;C:\Users\hp pc\.m2\repository\com\vladsch\flexmark\flexmark-test-util\0.34.30\flexmark-test-util-0.34.30.jar;C:\Users\hp pc\.m2\repository\com\vladsch\flexmark\flexmark-ext-ins\0.34.30\flexmark-ext-ins-0.34.30.jar;C:\Users\hp pc\.m2\repository\com\vladsch\flexmark\flexmark-ext-xwiki-macros\0.34.30\flexmark-ext-xwiki-macros-0.34.30.jar;C:\Users\hp pc\.m2\repository\com\vladsch\flexmark\flexmark-ext-superscript\0.34.30\flexmark-ext-superscript-0.34.30.jar;C:\Users\hp pc\.m2\repository\com\vladsch\flexmark\flexmark-ext-tables\0.34.30\flexmark-ext-tables-0.34.30.jar;C:\Users\hp pc\.m2\repository\com\vladsch\flexmark\flexmark-ext-toc\0.34.30\flexmark-ext-toc-0.34.30.jar;C:\Users\hp pc\.m2\repository\com\vladsch\flexmark\flexmark-ext-typographic\0.34.30\flexmark-ext-typographic-0.34.30.jar;C:\Users\hp pc\.m2\repository\com\vladsch\flexmark\flexmark-ext-wikilink\0.34.30\flexmark-ext-wikilink-0.34.30.jar;C:\Users\hp pc\.m2\repository\com\vladsch\flexmark\flexmark-ext-yaml-front-matter\0.34.30\flexmark-ext-yaml-front-matter-0.34.30.jar;C:\Users\hp pc\.m2\repository\com\vladsch\flexmark\flexmark-ext-youtube-embedded\0.34.30\flexmark-ext-youtube-embedded-0.34.30.jar;C:\Users\hp pc\.m2\repository\com\vladsch\flexmark\flexmark-formatter\0.34.30\flexmark-formatter-0.34.30.jar;C:\Users\hp pc\.m2\repository\com\vladsch\flexmark\flexmark-html-parser\0.34.30\flexmark-html-parser-0.34.30.jar;C:\Users\hp pc\.m2\repository\com\vladsch\flexmark\flexmark-jira-converter\0.34.30\flexmark-jira-converter-0.34.30.jar;C:\Users\hp pc\.m2\repository\com\vladsch\flexmark\flexmark-pdf-converter\0.34.30\flexmark-pdf-converter-0.34.30.jar;C:\Users\hp pc\.m2\repository\com\openhtmltopdf\openhtmltopdf-core\0.0.1-RC13\openhtmltopdf-core-0.0.1-RC13.jar;C:\Users\hp pc\.m2\repository\com\openhtmltopdf\openhtmltopdf-pdfbox\0.0.1-RC13\openhtmltopdf-pdfbox-0.0.1-RC13.jar;C:\Users\hp pc\.m2\repository\org\apache\pdfbox\pdfbox\2.0.8\pdfbox-2.0.8.jar;C:\Users\hp pc\.m2\repository\org\apache\pdfbox\fontbox\2.0.8\fontbox-2.0.8.jar;C:\Users\hp pc\.m2\repository\commons-logging\commons-logging\1.2\commons-logging-1.2.jar;C:\Users\hp pc\.m2\repository\org\apache\pdfbox\xmpbox\2.0.8\xmpbox-2.0.8.jar;C:\Users\hp pc\.m2\repository\de\rototor\pdfbox\graphics2d\0.12\graphics2d-0.12.jar;C:\Users\hp pc\.m2\repository\com\openhtmltopdf\openhtmltopdf-rtl-support\0.0.1-RC13\openhtmltopdf-rtl-support-0.0.1-RC13.jar;C:\Users\hp pc\.m2\repository\com\ibm\icu\icu4j\59.1\icu4j-59.1.jar;C:\Users\hp pc\.m2\repository\com\openhtmltopdf\openhtmltopdf-jsoup-dom-converter\0.0.1-RC13\openhtmltopdf-jsoup-dom-converter-0.0.1-RC13.jar;C:\Users\hp pc\.m2\repository\com\vladsch\flexmark\flexmark-profile-pegdown\0.34.30\flexmark-profile-pegdown-0.34.30.jar;C:\Users\hp pc\.m2\repository\com\vladsch\flexmark\flexmark-util\0.34.30\flexmark-util-0.34.30.jar;C:\Users\hp pc\.m2\repository\com\vladsch\flexmark\flexmark-youtrack-converter\0.34.30\flexmark-youtrack-converter-0.34.30.jar;C:\Users\hp pc\.m2\repository\es\nitaur\markdown\txtmark\0.16\txtmark-0.16.jar;C:\Users\hp pc\.m2\repository\net\serenity-bdd\serenity-report-resources\3.2.1\serenity-report-resources-3.2.1.jar;C:\Users\hp pc\.m2\repository\com\google\code\gson\gson\2.9.0\gson-2.9.0.jar;C:\Users\hp pc\.m2\repository\com\fasterxml\jackson\core\jackson-core\2.13.2\jackson-core-2.13.2.jar;C:\Users\hp pc\.m2\repository\com\fasterxml\jackson\core\jackson-databind\2.13.2\jackson-databind-2.13.2.jar;C:\Users\hp pc\.m2\repository\com\fasterxml\jackson\core\jackson-annotations\2.13.2\jackson-annotations-2.13.2.jar;C:\Users\hp pc\.m2\repository\commons-codec\commons-codec\1.15\commons-codec-1.15.jar;C:\Users\hp pc\.m2\repository\commons-io\commons-io\2.11.0\commons-io-2.11.0.jar;C:\Users\hp pc\.m2\repository\org\seleniumhq\selenium\selenium-java\4.1.2\selenium-java-4.1.2.jar;C:\Users\hp pc\.m2\repository\org\seleniumhq\selenium\selenium-devtools-v85\4.1.2\selenium-devtools-v85-4.1.2.jar;C:\Users\hp pc\.m2\repository\org\seleniumhq\selenium\selenium-devtools-v95\4.1.2\selenium-devtools-v95-4.1.2.jar;C:\Users\hp pc\.m2\repository\org\seleniumhq\selenium\selenium-devtools-v96\4.1.2\selenium-devtools-v96-4.1.2.jar;C:\Users\hp pc\.m2\repository\org\seleniumhq\selenium\selenium-devtools-v97\4.1.2\selenium-devtools-v97-4.1.2.jar;C:\Users\hp pc\.m2\repository\org\seleniumhq\selenium\selenium-firefox-xpi-driver\4.1.2\selenium-firefox-xpi-driver-4.1.2.jar;C:\Users\hp pc\.m2\repository\org\seleniumhq\selenium\selenium-opera-driver\4.1.2\selenium-opera-driver-4.1.2.jar;C:\Users\hp pc\.m2\repository\org\seleniumhq\selenium\selenium-remote-driver\4.1.2\selenium-remote-driver-4.1.2.jar;C:\Users\hp pc\.m2\repository\com\beust\jcommander\1.82\jcommander-1.82.jar;C:\Users\hp pc\.m2\repository\io\netty\netty-buffer\4.1.73.Final\netty-buffer-4.1.73.Final.jar;C:\Users\hp pc\.m2\repository\io\netty\netty-codec-http\4.1.73.Final\netty-codec-http-4.1.73.Final.jar;C:\Users\hp pc\.m2\repository\io\netty\netty-codec\4.1.73.Final\netty-codec-4.1.73.Final.jar;C:\Users\hp pc\.m2\repository\io\netty\netty-handler\4.1.73.Final\netty-handler-4.1.73.Final.jar;C:\Users\hp pc\.m2\repository\io\netty\netty-tcnative-classes\2.0.46.Final\netty-tcnative-classes-2.0.46.Final.jar;C:\Users\hp pc\.m2\repository\io\netty\netty-common\4.1.73.Final\netty-common-4.1.73.Final.jar;C:\Users\hp pc\.m2\repository\io\netty\netty-transport-classes-epoll\4.1.73.Final\netty-transport-classes-epoll-4.1.73.Final.jar;C:\Users\hp pc\.m2\repository\io\netty\netty-transport-classes-kqueue\4.1.73.Final\netty-transport-classes-kqueue-4.1.73.Final.jar;C:\Users\hp pc\.m2\repository\io\netty\netty-transport-native-epoll\4.1.73.Final\netty-transport-native-epoll-4.1.73.Final.jar;C:\Users\hp pc\.m2\repository\io\netty\netty-transport-native-kqueue\4.1.73.Final\netty-transport-native-kqueue-4.1.73.Final.jar;C:\Users\hp pc\.m2\repository\io\netty\netty-transport-native-unix-common\4.1.73.Final\netty-transport-native-unix-common-4.1.73.Final.jar;C:\Users\hp pc\.m2\repository\io\netty\netty-transport\4.1.73.Final\netty-transport-4.1.73.Final.jar;C:\Users\hp pc\.m2\repository\io\netty\netty-resolver\4.1.73.Final\netty-resolver-4.1.73.Final.jar;C:\Users\hp pc\.m2\repository\io\opentelemetry\opentelemetry-api\1.10.1\opentelemetry-api-1.10.1.jar;C:\Users\hp pc\.m2\repository\io\opentelemetry\opentelemetry-context\1.10.1\opentelemetry-context-1.10.1.jar;C:\Users\hp pc\.m2\repository\io\opentelemetry\opentelemetry-exporter-logging\1.10.1\opentelemetry-exporter-logging-1.10.1.jar;C:\Users\hp pc\.m2\repository\io\opentelemetry\opentelemetry-sdk-metrics\1.10.1-alpha\opentelemetry-sdk-metrics-1.10.1-alpha.jar;C:\Users\hp pc\.m2\repository\io\opentelemetry\opentelemetry-sdk-logs\1.10.1-alpha\opentelemetry-sdk-logs-1.10.1-alpha.jar;C:\Users\hp pc\.m2\repository\io\opentelemetry\opentelemetry-sdk-common\1.10.1\opentelemetry-sdk-common-1.10.1.jar;C:\Users\hp pc\.m2\repository\io\opentelemetry\opentelemetry-sdk-extension-autoconfigure-spi\1.10.1\opentelemetry-sdk-extension-autoconfigure-spi-1.10.1.jar;C:\Users\hp pc\.m2\repository\io\opentelemetry\opentelemetry-sdk-extension-autoconfigure\1.10.1-alpha\opentelemetry-sdk-extension-autoconfigure-1.10.1-alpha.jar;C:\Users\hp pc\.m2\repository\io\opentelemetry\opentelemetry-sdk-trace\1.10.1\opentelemetry-sdk-trace-1.10.1.jar;C:\Users\hp pc\.m2\repository\io\opentelemetry\opentelemetry-sdk\1.10.1\opentelemetry-sdk-1.10.1.jar;C:\Users\hp pc\.m2\repository\io\opentelemetry\opentelemetry-semconv\1.10.1-alpha\opentelemetry-semconv-1.10.1-alpha.jar;C:\Users\hp pc\.m2\repository\io\ous\jtoml\2.0.0\jtoml-2.0.0.jar;C:\Users\hp pc\.m2\repository\org\apache\commons\commons-exec\1.3\commons-exec-1.3.jar;C:\Users\hp pc\.m2\repository\org\asynchttpclient\async-http-client\2.12.3\async-http-client-2.12.3.jar;C:\Users\hp pc\.m2\repository\org\asynchttpclient\async-http-client-netty-utils\2.12.3\async-http-client-netty-utils-2.12.3.jar;C:\Users\hp pc\.m2\repository\io\netty\netty-codec-socks\4.1.60.Final\netty-codec-socks-4.1.60.Final.jar;C:\Users\hp pc\.m2\repository\io\netty\netty-handler-proxy\4.1.60.Final\netty-handler-proxy-4.1.60.Final.jar;C:\Users\hp pc\.m2\repository\io\netty\netty-transport-native-epoll\4.1.60.Final\netty-transport-native-epoll-4.1.60.Final-linux-x86_64.jar;C:\Users\hp pc\.m2\repository\io\netty\netty-transport-native-kqueue\4.1.60.Final\netty-transport-native-kqueue-4.1.60.Final-osx-x86_64.jar;C:\Users\hp pc\.m2\repository\org\reactivestreams\reactive-streams\1.0.3\reactive-streams-1.0.3.jar;C:\Users\hp pc\.m2\repository\com\typesafe\netty\netty-reactive-streams\2.0.4\netty-reactive-streams-2.0.4.jar;C:\Users\hp pc\.m2\repository\org\seleniumhq\selenium\selenium-http\4.1.2\selenium-http-4.1.2.jar;C:\Users\hp pc\.m2\repository\net\jodah\failsafe\2.4.4\failsafe-2.4.4.jar;C:\Users\hp pc\.m2\repository\org\seleniumhq\selenium\selenium-safari-driver\4.1.2\selenium-safari-driver-4.1.2.jar;C:\Users\hp pc\.m2\repository\org\seleniumhq\selenium\selenium-api\4.1.2\selenium-api-4.1.2.jar;C:\Users\hp pc\.m2\repository\org\seleniumhq\selenium\selenium-support\4.1.2\selenium-support-4.1.2.jar;C:\Users\hp pc\.m2\repository\com\google\auto\service\auto-service-annotations\1.0.1\auto-service-annotations-1.0.1.jar;C:\Users\hp pc\.m2\repository\com\google\auto\service\auto-service\1.0.1\auto-service-1.0.1.jar;C:\Users\hp pc\.m2\repository\com\google\auto\auto-common\1.2\auto-common-1.2.jar;C:\Users\hp pc\.m2\repository\org\seleniumhq\selenium\selenium-json\4.1.2\selenium-json-4.1.2.jar;C:\Users\hp pc\.m2\repository\org\seleniumhq\selenium\selenium-chrome-driver\4.1.2\selenium-chrome-driver-4.1.2.jar;C:\Users\hp pc\.m2\repository\org\seleniumhq\selenium\selenium-chromium-driver\4.1.2\selenium-chromium-driver-4.1.2.jar;C:\Users\hp pc\.m2\repository\org\seleniumhq\selenium\selenium-firefox-driver\4.1.2\selenium-firefox-driver-4.1.2.jar;C:\Users\hp pc\.m2\repository\org\seleniumhq\selenium\selenium-edge-driver\4.1.2\selenium-edge-driver-4.1.2.jar;C:\Users\hp pc\.m2\repository\org\seleniumhq\selenium\selenium-ie-driver\4.1.2\selenium-ie-driver-4.1.2.jar;C:\Users\hp pc\.m2\repository\org\projectlombok\lombok\1.18.20\lombok-1.18.20.jar;C:\Users\hp pc\.m2\repository\io\appium\java-client\8.0.0\java-client-8.0.0.jar;C:\Users\hp pc\.m2\repository\commons-validator\commons-validator\1.7\commons-validator-1.7.jar;C:\Users\hp pc\.m2\repository\commons-digester\commons-digester\2.1\commons-digester-2.1.jar;C:\Users\hp pc\.m2\repository\org\aspectj\aspectjweaver\1.9.8\aspectjweaver-1.9.8.jar;C:\Users\hp pc\.m2\repository\org\codehaus\groovy\groovy\3.0.10\groovy-3.0.10.jar;C:\Users\hp pc\.m2\repository\net\sf\opencsv\opencsv\2.0\opencsv-2.0.jar;C:\Users\hp pc\.m2\repository\commons-beanutils\commons-beanutils\1.9.4\commons-beanutils-1.9.4.jar;C:\Users\hp pc\.m2\repository\org\apache\commons\commons-lang3\3.12.0\commons-lang3-3.12.0.jar;C:\Users\hp pc\.m2\repository\commons-collections\commons-collections\3.2.2\commons-collections-3.2.2.jar;C:\Users\hp pc\.m2\repository\org\fluentlenium\fluentlenium-core\0.10.2\fluentlenium-core-0.10.2.jar;C:\Users\hp pc\.m2\repository\io\github\bonigarcia\webdrivermanager\5.1.0\webdrivermanager-5.1.0.jar;C:\Users\hp pc\.m2\repository\com\github\docker-java\docker-java\3.2.13\docker-java-3.2.13.jar;C:\Users\hp pc\.m2\repository\com\github\docker-java\docker-java-core\3.2.13\docker-java-core-3.2.13.jar;C:\Users\hp pc\.m2\repository\com\github\docker-java\docker-java-api\3.2.13\docker-java-api-3.2.13.jar;C:\Users\hp pc\.m2\repository\org\apache\commons\commons-compress\1.21\commons-compress-1.21.jar;C:\Users\hp pc\.m2\repository\org\bouncycastle\bcpkix-jdk15on\1.64\bcpkix-jdk15on-1.64.jar;C:\Users\hp pc\.m2\repository\org\bouncycastle\bcprov-jdk15on\1.64\bcprov-jdk15on-1.64.jar;C:\Users\hp pc\.m2\repository\org\slf4j\jcl-over-slf4j\1.7.30\jcl-over-slf4j-1.7.30.jar;C:\Users\hp pc\.m2\repository\com\github\docker-java\docker-java-transport-httpclient5\3.2.13\docker-java-transport-httpclient5-3.2.13.jar;C:\Users\hp pc\.m2\repository\com\github\docker-java\docker-java-transport\3.2.13\docker-java-transport-3.2.13.jar;C:\Users\hp pc\.m2\repository\org\apache\httpcomponents\client5\httpclient5\5.0.3\httpclient5-5.0.3.jar;C:\Users\hp pc\.m2\repository\org\apache\httpcomponents\core5\httpcore5\5.0.2\httpcore5-5.0.2.jar;C:\Users\hp pc\.m2\repository\net\java\dev\jna\jna\5.8.0\jna-5.8.0.jar;C:\Users\hp pc\.m2\repository\org\brotli\dec\0.1.2\dec-0.1.2.jar;C:\Users\hp pc\.m2\repository\com\jhlabs\filters\2.0.235\filters-2.0.235.jar;C:\Users\hp pc\.m2\repository\com\paulhammant\ngwebdriver\1.1.6\ngwebdriver-1.1.6.jar;C:\Users\hp pc\.m2\repository\joda-time\joda-time\2.8.2\joda-time-2.8.2.jar;C:\Users\hp pc\.m2\repository\org\hamcrest\hamcrest\2.2\hamcrest-2.2.jar;C:\Users\hp pc\.m2\repository\com\google\jimfs\jimfs\1.2\jimfs-1.2.jar;C:\Users\hp pc\.m2\repository\org\mockito\mockito-core\3.3.3\mockito-core-3.3.3.jar;C:\Users\hp pc\.m2\repository\javax\xml\bind\jaxb-api\2.3.1\jaxb-api-2.3.1.jar;C:\Users\hp pc\.m2\repository\javax\activation\javax.activation-api\1.2.0\javax.activation-api-1.2.0.jar;C:\Users\hp pc\.m2\repository\com\sun\xml\bind\jaxb-core\2.3.0.1\jaxb-core-2.3.0.1.jar;C:\Users\hp pc\.m2\repository\com\sun\xml\bind\jaxb-impl\2.3.3\jaxb-impl-2.3.3.jar;C:\Users\hp pc\.m2\repository\jakarta\xml\bind\jakarta.xml.bind-api\2.3.3\jakarta.xml.bind-api-2.3.3.jar;C:\Users\hp pc\.m2\repository\com\sun\activation\jakarta.activation\1.2.2\jakarta.activation-1.2.2.jar;C:\Users\hp pc\.m2\repository\javax\activation\activation\1.1.1\activation-1.1.1.jar;C:\Users\hp pc\.m2\repository\net\serenity-bdd\serenity-cucumber\3.2.1\serenity-cucumber-3.2.1.jar;C:\Users\hp pc\.m2\repository\io\cucumber\cucumber-core\7.2.3\cucumber-core-7.2.3.jar;C:\Users\hp pc\.m2\repository\io\cucumber\cucumber-gherkin\7.2.3\cucumber-gherkin-7.2.3.jar;C:\Users\hp pc\.m2\repository\io\cucumber\cucumber-gherkin-messages\7.2.3\cucumber-gherkin-messages-7.2.3.jar;C:\Users\hp pc\.m2\repository\io\cucumber\messages\17.1.1\messages-17.1.1.jar;C:\Users\hp pc\.m2\repository\io\cucumber\tag-expressions\4.1.0\tag-expressions-4.1.0.jar;C:\Users\hp pc\.m2\repository\io\cucumber\cucumber-expressions\15.0.1\cucumber-expressions-15.0.1.jar;C:\Users\hp pc\.m2\repository\io\cucumber\datatable\7.2.3\datatable-7.2.3.jar;C:\Users\hp pc\.m2\repository\io\cucumber\cucumber-plugin\7.2.3\cucumber-plugin-7.2.3.jar;C:\Users\hp pc\.m2\repository\io\cucumber\docstring\7.2.3\docstring-7.2.3.jar;C:\Users\hp pc\.m2\repository\io\cucumber\html-formatter\17.0.0\html-formatter-17.0.0.jar;C:\Users\hp pc\.m2\repository\io\cucumber\ci-environment\8.1.0\ci-environment-8.1.0.jar;C:\Users\hp pc\.m2\repository\io\cucumber\cucumber-junit\7.2.3\cucumber-junit-7.2.3.jar;C:\Users\hp pc\.m2\repository\org\apache\commons\commons-csv\1.5\commons-csv-1.5.jar;C:\Users\hp pc\.m2\repository\net\serenity-bdd\serenity-screenplay\3.2.1\serenity-screenplay-3.2.1.jar;C:\Users\hp pc\.m2\repository\net\serenity-bdd\serenity-screenplay-webdriver\3.2.1\serenity-screenplay-webdriver-3.2.1.jar;C:\Users\hp pc\.m2\repository\net\serenity-bdd\serenity-ensure\3.2.1\serenity-ensure-3.2.1.jar;C:\Users\hp pc\.m2\repository\net\serenity-bdd\serenity-junit\3.2.1\serenity-junit-3.2.1.jar;C:\Users\hp pc\.m2\repository\org\jetbrains\kotlin\kotlin-stdlib\1.6.0\kotlin-stdlib-1.6.0.jar;C:\Users\hp pc\.m2\repository\org\jetbrains\annotations\13.0\annotations-13.0.jar;C:\Users\hp pc\.m2\repository\org\jetbrains\kotlin\kotlin-stdlib-common\1.6.0\kotlin-stdlib-common-1.6.0.jar;C:\Users\hp pc\.m2\repository\org\junit\platform\junit-platform-launcher\1.8.1\junit-platform-launcher-1.8.1.jar;C:\Users\hp pc\.m2\repository\org\junit\platform\junit-platform-engine\1.8.1\junit-platform-engine-1.8.1.jar;C:\Users\hp pc\.m2\repository\org\opentest4j\opentest4j\1.2.0\opentest4j-1.2.0.jar;C:\Users\hp pc\.m2\repository\org\junit\platform\junit-platform-commons\1.8.1\junit-platform-commons-1.8.1.jar;C:\Users\hp pc\.m2\repository\org\apiguardian\apiguardian-api\1.1.2\apiguardian-api-1.1.2.jar;C:\Users\hp pc\.m2\repository\org\junit\jupiter\junit-jupiter-engine\5.8.2\junit-jupiter-engine-5.8.2.jar;C:\Users\hp pc\.m2\repository\org\junit\jupiter\junit-jupiter-api\5.8.2\junit-jupiter-api-5.8.2.jar;C:\Users\hp pc\.m2\repository\org\junit\vintage\junit-vintage-engine\5.8.2\junit-vintage-engine-5.8.2.jar;C:\Users\hp pc\.m2\repository\junit\junit\4.13.2\junit-4.13.2.jar;C:\Users\hp pc\.m2\repository\org\hamcrest\hamcrest-core\1.3\hamcrest-core-1.3.jar;C:\Users\hp pc\.m2\repository\ch\qos\logback\logback-classic\1.2.10\logback-classic-1.2.10.jar;C:\Users\hp pc\.m2\repository\ch\qos\logback\logback-core\1.2.10\logback-core-1.2.10.jar;C:\Users\hp pc\.m2\repository\org\slf4j\slf4j-api\1.7.32\slf4j-api-1.7.32.jar;C:\Users\hp pc\.m2\repository\org\assertj\assertj-core\3.6.2\assertj-core-3.6.2.jar;"/>
    <property name="java.vm.vendor" value="Oracle Corporation"/>
    <property name="sun.arch.data.model" value="64"/>
    <property name="user.variant" value=""/>
    <property name="java.vendor.url" value="https://java.oracle.com/"/>
    <property name="user.timezone" value="Asia/Jakarta"/>
    <property name="log4j2.formatMsgNoLookups" value="true"/>
    <property name="os.name" value="Windows 10"/>
    <property name="java.vm.specification.version" value="15"/>
    <property name="sun.java.launcher" value="SUN_STANDARD"/>
    <property name="user.country" value="ID"/>
    <property name="sun.boot.library.path" value="C:\Program Files\Java\jdk-15.0.2\bin"/>
    <property name="sun.java.command" value="org.apache.maven.surefire.booter.ForkedBooter C:\Users\hp pc\AppData\Local\Temp\surefire3925465795446053830 2022-05-20T16-24-31_578-jvmRun1 surefire10235291654476988407tmp surefire_0315843827304929951tmp"/>
    <property name="jdk.debug" value="release"/>
    <property name="surefire.test.class.path" value="D:\data hakim\Mini Project Alterra\WebAlta\target\test-classes;C:\Users\hp pc\.m2\repository\net\serenity-bdd\serenity-core\3.2.1\serenity-core-3.2.1.jar;C:\Users\hp pc\.m2\repository\net\serenity-bdd\serenity-model\3.2.1\serenity-model-3.2.1.jar;C:\Users\hp pc\.m2\repository\org\apache\commons\commons-text\1.9\commons-text-1.9.jar;C:\Users\hp pc\.m2\repository\commons-net\commons-net\3.8.0\commons-net-3.8.0.jar;C:\Users\hp pc\.m2\repository\com\google\guava\guava\31.1-jre\guava-31.1-jre.jar;C:\Users\hp pc\.m2\repository\com\google\guava\failureaccess\1.0.1\failureaccess-1.0.1.jar;C:\Users\hp pc\.m2\repository\com\google\guava\listenablefuture\9999.0-empty-to-avoid-conflict-with-guava\listenablefuture-9999.0-empty-to-avoid-conflict-with-guava.jar;C:\Users\hp pc\.m2\repository\com\google\code\findbugs\jsr305\3.0.2\jsr305-3.0.2.jar;C:\Users\hp pc\.m2\repository\org\checkerframework\checker-qual\3.12.0\checker-qual-3.12.0.jar;C:\Users\hp pc\.m2\repository\com\google\errorprone\error_prone_annotations\2.11.0\error_prone_annotations-2.11.0.jar;C:\Users\hp pc\.m2\repository\com\google\j2objc\j2objc-annotations\1.3\j2objc-annotations-1.3.jar;C:\Users\hp pc\.m2\repository\com\google\inject\guice\5.1.0\guice-5.1.0.jar;C:\Users\hp pc\.m2\repository\javax\inject\javax.inject\1\javax.inject-1.jar;C:\Users\hp pc\.m2\repository\aopalliance\aopalliance\1.0\aopalliance-1.0.jar;C:\Users\hp pc\.m2\repository\org\jsoup\jsoup\1.14.3\jsoup-1.14.3.jar;C:\Users\hp pc\.m2\repository\com\thoughtworks\xstream\xstream\1.4.19\xstream-1.4.19.jar;C:\Users\hp pc\.m2\repository\io\github\x-stream\mxparser\1.2.2\mxparser-1.2.2.jar;C:\Users\hp pc\.m2\repository\xmlpull\xmlpull\1.1.3.1\xmlpull-1.1.3.1.jar;C:\Users\hp pc\.m2\repository\io\cucumber\cucumber-java\7.2.3\cucumber-java-7.2.3.jar;C:\Users\hp pc\.m2\repository\com\typesafe\config\1.4.2\config-1.4.2.jar;C:\Users\hp pc\.m2\repository\org\imgscalr\imgscalr-lib\4.2\imgscalr-lib-4.2.jar;C:\Users\hp pc\.m2\repository\org\awaitility\awaitility\4.2.0\awaitility-4.2.0.jar;C:\Users\hp pc\.m2\repository\org\freemarker\freemarker\2.3.31\freemarker-2.3.31.jar;C:\Users\hp pc\.m2\repository\io\github\classgraph\classgraph\4.8.138\classgraph-4.8.138.jar;C:\Users\hp pc\.m2\repository\net\sourceforge\jexcelapi\jxl\2.6.12\jxl-2.6.12.jar;C:\Users\hp pc\.m2\repository\net\bytebuddy\byte-buddy\1.12.8\byte-buddy-1.12.8.jar;C:\Users\hp pc\.m2\repository\net\bytebuddy\byte-buddy-agent\1.12.8\byte-buddy-agent-1.12.8.jar;C:\Users\hp pc\.m2\repository\org\objenesis\objenesis\3.1\objenesis-3.1.jar;C:\Users\hp pc\.m2\repository\net\serenity-bdd\serenity-reports\3.2.1\serenity-reports-3.2.1.jar;C:\Users\hp pc\.m2\repository\net\serenity-bdd\serenity-stats\3.2.1\serenity-stats-3.2.1.jar;C:\Users\hp pc\.m2\repository\net\serenity-bdd\serenity-reports-configuration\3.2.1\serenity-reports-configuration-3.2.1.jar;C:\Users\hp pc\.m2\repository\com\vladsch\flexmark\flexmark-all\0.34.30\flexmark-all-0.34.30.jar;C:\Users\hp pc\.m2\repository\com\vladsch\flexmark\flexmark\0.34.30\flexmark-0.34.30.jar;C:\Users\hp pc\.m2\repository\com\vladsch\flexmark\flexmark-ext-abbreviation\0.34.30\flexmark-ext-abbreviation-0.34.30.jar;C:\Users\hp pc\.m2\repository\com\vladsch\flexmark\flexmark-ext-admonition\0.34.30\flexmark-ext-admonition-0.34.30.jar;C:\Users\hp pc\.m2\repository\com\vladsch\flexmark\flexmark-ext-anchorlink\0.34.30\flexmark-ext-anchorlink-0.34.30.jar;C:\Users\hp pc\.m2\repository\com\vladsch\flexmark\flexmark-ext-aside\0.34.30\flexmark-ext-aside-0.34.30.jar;C:\Users\hp pc\.m2\repository\com\vladsch\flexmark\flexmark-ext-attributes\0.34.30\flexmark-ext-attributes-0.34.30.jar;C:\Users\hp pc\.m2\repository\com\vladsch\flexmark\flexmark-ext-autolink\0.34.30\flexmark-ext-autolink-0.34.30.jar;C:\Users\hp pc\.m2\repository\org\nibor\autolink\autolink\0.6.0\autolink-0.6.0.jar;C:\Users\hp pc\.m2\repository\com\vladsch\flexmark\flexmark-ext-definition\0.34.30\flexmark-ext-definition-0.34.30.jar;C:\Users\hp pc\.m2\repository\com\vladsch\flexmark\flexmark-ext-emoji\0.34.30\flexmark-ext-emoji-0.34.30.jar;C:\Users\hp pc\.m2\repository\com\vladsch\flexmark\flexmark-ext-enumerated-reference\0.34.30\flexmark-ext-enumerated-reference-0.34.30.jar;C:\Users\hp pc\.m2\repository\com\vladsch\flexmark\flexmark-ext-escaped-character\0.34.30\flexmark-ext-escaped-character-0.34.30.jar;C:\Users\hp pc\.m2\repository\com\vladsch\flexmark\flexmark-ext-footnotes\0.34.30\flexmark-ext-footnotes-0.34.30.jar;C:\Users\hp pc\.m2\repository\com\vladsch\flexmark\flexmark-ext-gfm-issues\0.34.30\flexmark-ext-gfm-issues-0.34.30.jar;C:\Users\hp pc\.m2\repository\com\vladsch\flexmark\flexmark-ext-gfm-strikethrough\0.34.30\flexmark-ext-gfm-strikethrough-0.34.30.jar;C:\Users\hp pc\.m2\repository\com\vladsch\flexmark\flexmark-ext-gfm-tables\0.34.30\flexmark-ext-gfm-tables-0.34.30.jar;C:\Users\hp pc\.m2\repository\com\vladsch\flexmark\flexmark-ext-gfm-tasklist\0.34.30\flexmark-ext-gfm-tasklist-0.34.30.jar;C:\Users\hp pc\.m2\repository\com\vladsch\flexmark\flexmark-ext-gfm-users\0.34.30\flexmark-ext-gfm-users-0.34.30.jar;C:\Users\hp pc\.m2\repository\com\vladsch\flexmark\flexmark-ext-gitlab\0.34.30\flexmark-ext-gitlab-0.34.30.jar;C:\Users\hp pc\.m2\repository\com\vladsch\flexmark\flexmark-ext-jekyll-front-matter\0.34.30\flexmark-ext-jekyll-front-matter-0.34.30.jar;C:\Users\hp pc\.m2\repository\com\vladsch\flexmark\flexmark-ext-jekyll-tag\0.34.30\flexmark-ext-jekyll-tag-0.34.30.jar;C:\Users\hp pc\.m2\repository\com\vladsch\flexmark\flexmark-ext-media-tags\0.34.30\flexmark-ext-media-tags-0.34.30.jar;C:\Users\hp pc\.m2\repository\com\vladsch\flexmark\flexmark-test-util\0.34.30\flexmark-test-util-0.34.30.jar;C:\Users\hp pc\.m2\repository\com\vladsch\flexmark\flexmark-ext-ins\0.34.30\flexmark-ext-ins-0.34.30.jar;C:\Users\hp pc\.m2\repository\com\vladsch\flexmark\flexmark-ext-xwiki-macros\0.34.30\flexmark-ext-xwiki-macros-0.34.30.jar;C:\Users\hp pc\.m2\repository\com\vladsch\flexmark\flexmark-ext-superscript\0.34.30\flexmark-ext-superscript-0.34.30.jar;C:\Users\hp pc\.m2\repository\com\vladsch\flexmark\flexmark-ext-tables\0.34.30\flexmark-ext-tables-0.34.30.jar;C:\Users\hp pc\.m2\repository\com\vladsch\flexmark\flexmark-ext-toc\0.34.30\flexmark-ext-toc-0.34.30.jar;C:\Users\hp pc\.m2\repository\com\vladsch\flexmark\flexmark-ext-typographic\0.34.30\flexmark-ext-typographic-0.34.30.jar;C:\Users\hp pc\.m2\repository\com\vladsch\flexmark\flexmark-ext-wikilink\0.34.30\flexmark-ext-wikilink-0.34.30.jar;C:\Users\hp pc\.m2\repository\com\vladsch\flexmark\flexmark-ext-yaml-front-matter\0.34.30\flexmark-ext-yaml-front-matter-0.34.30.jar;C:\Users\hp pc\.m2\repository\com\vladsch\flexmark\flexmark-ext-youtube-embedded\0.34.30\flexmark-ext-youtube-embedded-0.34.30.jar;C:\Users\hp pc\.m2\repository\com\vladsch\flexmark\flexmark-formatter\0.34.30\flexmark-formatter-0.34.30.jar;C:\Users\hp pc\.m2\repository\com\vladsch\flexmark\flexmark-html-parser\0.34.30\flexmark-html-parser-0.34.30.jar;C:\Users\hp pc\.m2\repository\com\vladsch\flexmark\flexmark-jira-converter\0.34.30\flexmark-jira-converter-0.34.30.jar;C:\Users\hp pc\.m2\repository\com\vladsch\flexmark\flexmark-pdf-converter\0.34.30\flexmark-pdf-converter-0.34.30.jar;C:\Users\hp pc\.m2\repository\com\openhtmltopdf\openhtmltopdf-core\0.0.1-RC13\openhtmltopdf-core-0.0.1-RC13.jar;C:\Users\hp pc\.m2\repository\com\openhtmltopdf\openhtmltopdf-pdfbox\0.0.1-RC13\openhtmltopdf-pdfbox-0.0.1-RC13.jar;C:\Users\hp pc\.m2\repository\org\apache\pdfbox\pdfbox\2.0.8\pdfbox-2.0.8.jar;C:\Users\hp pc\.m2\repository\org\apache\pdfbox\fontbox\2.0.8\fontbox-2.0.8.jar;C:\Users\hp pc\.m2\repository\commons-logging\commons-logging\1.2\commons-logging-1.2.jar;C:\Users\hp pc\.m2\repository\org\apache\pdfbox\xmpbox\2.0.8\xmpbox-2.0.8.jar;C:\Users\hp pc\.m2\repository\de\rototor\pdfbox\graphics2d\0.12\graphics2d-0.12.jar;C:\Users\hp pc\.m2\repository\com\openhtmltopdf\openhtmltopdf-rtl-support\0.0.1-RC13\openhtmltopdf-rtl-support-0.0.1-RC13.jar;C:\Users\hp pc\.m2\repository\com\ibm\icu\icu4j\59.1\icu4j-59.1.jar;C:\Users\hp pc\.m2\repository\com\openhtmltopdf\openhtmltopdf-jsoup-dom-converter\0.0.1-RC13\openhtmltopdf-jsoup-dom-converter-0.0.1-RC13.jar;C:\Users\hp pc\.m2\repository\com\vladsch\flexmark\flexmark-profile-pegdown\0.34.30\flexmark-profile-pegdown-0.34.30.jar;C:\Users\hp pc\.m2\repository\com\vladsch\flexmark\flexmark-util\0.34.30\flexmark-util-0.34.30.jar;C:\Users\hp pc\.m2\repository\com\vladsch\flexmark\flexmark-youtrack-converter\0.34.30\flexmark-youtrack-converter-0.34.30.jar;C:\Users\hp pc\.m2\repository\es\nitaur\markdown\txtmark\0.16\txtmark-0.16.jar;C:\Users\hp pc\.m2\repository\net\serenity-bdd\serenity-report-resources\3.2.1\serenity-report-resources-3.2.1.jar;C:\Users\hp pc\.m2\repository\com\google\code\gson\gson\2.9.0\gson-2.9.0.jar;C:\Users\hp pc\.m2\repository\com\fasterxml\jackson\core\jackson-core\2.13.2\jackson-core-2.13.2.jar;C:\Users\hp pc\.m2\repository\com\fasterxml\jackson\core\jackson-databind\2.13.2\jackson-databind-2.13.2.jar;C:\Users\hp pc\.m2\repository\com\fasterxml\jackson\core\jackson-annotations\2.13.2\jackson-annotations-2.13.2.jar;C:\Users\hp pc\.m2\repository\commons-codec\commons-codec\1.15\commons-codec-1.15.jar;C:\Users\hp pc\.m2\repository\commons-io\commons-io\2.11.0\commons-io-2.11.0.jar;C:\Users\hp pc\.m2\repository\org\seleniumhq\selenium\selenium-java\4.1.2\selenium-java-4.1.2.jar;C:\Users\hp pc\.m2\repository\org\seleniumhq\selenium\selenium-devtools-v85\4.1.2\selenium-devtools-v85-4.1.2.jar;C:\Users\hp pc\.m2\repository\org\seleniumhq\selenium\selenium-devtools-v95\4.1.2\selenium-devtools-v95-4.1.2.jar;C:\Users\hp pc\.m2\repository\org\seleniumhq\selenium\selenium-devtools-v96\4.1.2\selenium-devtools-v96-4.1.2.jar;C:\Users\hp pc\.m2\repository\org\seleniumhq\selenium\selenium-devtools-v97\4.1.2\selenium-devtools-v97-4.1.2.jar;C:\Users\hp pc\.m2\repository\org\seleniumhq\selenium\selenium-firefox-xpi-driver\4.1.2\selenium-firefox-xpi-driver-4.1.2.jar;C:\Users\hp pc\.m2\repository\org\seleniumhq\selenium\selenium-opera-driver\4.1.2\selenium-opera-driver-4.1.2.jar;C:\Users\hp pc\.m2\repository\org\seleniumhq\selenium\selenium-remote-driver\4.1.2\selenium-remote-driver-4.1.2.jar;C:\Users\hp pc\.m2\repository\com\beust\jcommander\1.82\jcommander-1.82.jar;C:\Users\hp pc\.m2\repository\io\netty\netty-buffer\4.1.73.Final\netty-buffer-4.1.73.Final.jar;C:\Users\hp pc\.m2\repository\io\netty\netty-codec-http\4.1.73.Final\netty-codec-http-4.1.73.Final.jar;C:\Users\hp pc\.m2\repository\io\netty\netty-codec\4.1.73.Final\netty-codec-4.1.73.Final.jar;C:\Users\hp pc\.m2\repository\io\netty\netty-handler\4.1.73.Final\netty-handler-4.1.73.Final.jar;C:\Users\hp pc\.m2\repository\io\netty\netty-tcnative-classes\2.0.46.Final\netty-tcnative-classes-2.0.46.Final.jar;C:\Users\hp pc\.m2\repository\io\netty\netty-common\4.1.73.Final\netty-common-4.1.73.Final.jar;C:\Users\hp pc\.m2\repository\io\netty\netty-transport-classes-epoll\4.1.73.Final\netty-transport-classes-epoll-4.1.73.Final.jar;C:\Users\hp pc\.m2\repository\io\netty\netty-transport-classes-kqueue\4.1.73.Final\netty-transport-classes-kqueue-4.1.73.Final.jar;C:\Users\hp pc\.m2\repository\io\netty\netty-transport-native-epoll\4.1.73.Final\netty-transport-native-epoll-4.1.73.Final.jar;C:\Users\hp pc\.m2\repository\io\netty\netty-transport-native-kqueue\4.1.73.Final\netty-transport-native-kqueue-4.1.73.Final.jar;C:\Users\hp pc\.m2\repository\io\netty\netty-transport-native-unix-common\4.1.73.Final\netty-transport-native-unix-common-4.1.73.Final.jar;C:\Users\hp pc\.m2\repository\io\netty\netty-transport\4.1.73.Final\netty-transport-4.1.73.Final.jar;C:\Users\hp pc\.m2\repository\io\netty\netty-resolver\4.1.73.Final\netty-resolver-4.1.73.Final.jar;C:\Users\hp pc\.m2\repository\io\opentelemetry\opentelemetry-api\1.10.1\opentelemetry-api-1.10.1.jar;C:\Users\hp pc\.m2\repository\io\opentelemetry\opentelemetry-context\1.10.1\opentelemetry-context-1.10.1.jar;C:\Users\hp pc\.m2\repository\io\opentelemetry\opentelemetry-exporter-logging\1.10.1\opentelemetry-exporter-logging-1.10.1.jar;C:\Users\hp pc\.m2\repository\io\opentelemetry\opentelemetry-sdk-metrics\1.10.1-alpha\opentelemetry-sdk-metrics-1.10.1-alpha.jar;C:\Users\hp pc\.m2\repository\io\opentelemetry\opentelemetry-sdk-logs\1.10.1-alpha\opentelemetry-sdk-logs-1.10.1-alpha.jar;C:\Users\hp pc\.m2\repository\io\opentelemetry\opentelemetry-sdk-common\1.10.1\opentelemetry-sdk-common-1.10.1.jar;C:\Users\hp pc\.m2\repository\io\opentelemetry\opentelemetry-sdk-extension-autoconfigure-spi\1.10.1\opentelemetry-sdk-extension-autoconfigure-spi-1.10.1.jar;C:\Users\hp pc\.m2\repository\io\opentelemetry\opentelemetry-sdk-extension-autoconfigure\1.10.1-alpha\opentelemetry-sdk-extension-autoconfigure-1.10.1-alpha.jar;C:\Users\hp pc\.m2\repository\io\opentelemetry\opentelemetry-sdk-trace\1.10.1\opentelemetry-sdk-trace-1.10.1.jar;C:\Users\hp pc\.m2\repository\io\opentelemetry\opentelemetry-sdk\1.10.1\opentelemetry-sdk-1.10.1.jar;C:\Users\hp pc\.m2\repository\io\opentelemetry\opentelemetry-semconv\1.10.1-alpha\opentelemetry-semconv-1.10.1-alpha.jar;C:\Users\hp pc\.m2\repository\io\ous\jtoml\2.0.0\jtoml-2.0.0.jar;C:\Users\hp pc\.m2\repository\org\apache\commons\commons-exec\1.3\commons-exec-1.3.jar;C:\Users\hp pc\.m2\repository\org\asynchttpclient\async-http-client\2.12.3\async-http-client-2.12.3.jar;C:\Users\hp pc\.m2\repository\org\asynchttpclient\async-http-client-netty-utils\2.12.3\async-http-client-netty-utils-2.12.3.jar;C:\Users\hp pc\.m2\repository\io\netty\netty-codec-socks\4.1.60.Final\netty-codec-socks-4.1.60.Final.jar;C:\Users\hp pc\.m2\repository\io\netty\netty-handler-proxy\4.1.60.Final\netty-handler-proxy-4.1.60.Final.jar;C:\Users\hp pc\.m2\repository\io\netty\netty-transport-native-epoll\4.1.60.Final\netty-transport-native-epoll-4.1.60.Final-linux-x86_64.jar;C:\Users\hp pc\.m2\repository\io\netty\netty-transport-native-kqueue\4.1.60.Final\netty-transport-native-kqueue-4.1.60.Final-osx-x86_64.jar;C:\Users\hp pc\.m2\repository\org\reactivestreams\reactive-streams\1.0.3\reactive-streams-1.0.3.jar;C:\Users\hp pc\.m2\repository\com\typesafe\netty\netty-reactive-streams\2.0.4\netty-reactive-streams-2.0.4.jar;C:\Users\hp pc\.m2\repository\org\seleniumhq\selenium\selenium-http\4.1.2\selenium-http-4.1.2.jar;C:\Users\hp pc\.m2\repository\net\jodah\failsafe\2.4.4\failsafe-2.4.4.jar;C:\Users\hp pc\.m2\repository\org\seleniumhq\selenium\selenium-safari-driver\4.1.2\selenium-safari-driver-4.1.2.jar;C:\Users\hp pc\.m2\repository\org\seleniumhq\selenium\selenium-api\4.1.2\selenium-api-4.1.2.jar;C:\Users\hp pc\.m2\repository\org\seleniumhq\selenium\selenium-support\4.1.2\selenium-support-4.1.2.jar;C:\Users\hp pc\.m2\repository\com\google\auto\service\auto-service-annotations\1.0.1\auto-service-annotations-1.0.1.jar;C:\Users\hp pc\.m2\repository\com\google\auto\service\auto-service\1.0.1\auto-service-1.0.1.jar;C:\Users\hp pc\.m2\repository\com\google\auto\auto-common\1.2\auto-common-1.2.jar;C:\Users\hp pc\.m2\repository\org\seleniumhq\selenium\selenium-json\4.1.2\selenium-json-4.1.2.jar;C:\Users\hp pc\.m2\repository\org\seleniumhq\selenium\selenium-chrome-driver\4.1.2\selenium-chrome-driver-4.1.2.jar;C:\Users\hp pc\.m2\repository\org\seleniumhq\selenium\selenium-chromium-driver\4.1.2\selenium-chromium-driver-4.1.2.jar;C:\Users\hp pc\.m2\repository\org\seleniumhq\selenium\selenium-firefox-driver\4.1.2\selenium-firefox-driver-4.1.2.jar;C:\Users\hp pc\.m2\repository\org\seleniumhq\selenium\selenium-edge-driver\4.1.2\selenium-edge-driver-4.1.2.jar;C:\Users\hp pc\.m2\repository\org\seleniumhq\selenium\selenium-ie-driver\4.1.2\selenium-ie-driver-4.1.2.jar;C:\Users\hp pc\.m2\repository\org\projectlombok\lombok\1.18.20\lombok-1.18.20.jar;C:\Users\hp pc\.m2\repository\io\appium\java-client\8.0.0\java-client-8.0.0.jar;C:\Users\hp pc\.m2\repository\commons-validator\commons-validator\1.7\commons-validator-1.7.jar;C:\Users\hp pc\.m2\repository\commons-digester\commons-digester\2.1\commons-digester-2.1.jar;C:\Users\hp pc\.m2\repository\org\aspectj\aspectjweaver\1.9.8\aspectjweaver-1.9.8.jar;C:\Users\hp pc\.m2\repository\org\codehaus\groovy\groovy\3.0.10\groovy-3.0.10.jar;C:\Users\hp pc\.m2\repository\net\sf\opencsv\opencsv\2.0\opencsv-2.0.jar;C:\Users\hp pc\.m2\repository\commons-beanutils\commons-beanutils\1.9.4\commons-beanutils-1.9.4.jar;C:\Users\hp pc\.m2\repository\org\apache\commons\commons-lang3\3.12.0\commons-lang3-3.12.0.jar;C:\Users\hp pc\.m2\repository\commons-collections\commons-collections\3.2.2\commons-collections-3.2.2.jar;C:\Users\hp pc\.m2\repository\org\fluentlenium\fluentlenium-core\0.10.2\fluentlenium-core-0.10.2.jar;C:\Users\hp pc\.m2\repository\io\github\bonigarcia\webdrivermanager\5.1.0\webdrivermanager-5.1.0.jar;C:\Users\hp pc\.m2\repository\com\github\docker-java\docker-java\3.2.13\docker-java-3.2.13.jar;C:\Users\hp pc\.m2\repository\com\github\docker-java\docker-java-core\3.2.13\docker-java-core-3.2.13.jar;C:\Users\hp pc\.m2\repository\com\github\docker-java\docker-java-api\3.2.13\docker-java-api-3.2.13.jar;C:\Users\hp pc\.m2\repository\org\apache\commons\commons-compress\1.21\commons-compress-1.21.jar;C:\Users\hp pc\.m2\repository\org\bouncycastle\bcpkix-jdk15on\1.64\bcpkix-jdk15on-1.64.jar;C:\Users\hp pc\.m2\repository\org\bouncycastle\bcprov-jdk15on\1.64\bcprov-jdk15on-1.64.jar;C:\Users\hp pc\.m2\repository\org\slf4j\jcl-over-slf4j\1.7.30\jcl-over-slf4j-1.7.30.jar;C:\Users\hp pc\.m2\repository\com\github\docker-java\docker-java-transport-httpclient5\3.2.13\docker-java-transport-httpclient5-3.2.13.jar;C:\Users\hp pc\.m2\repository\com\github\docker-java\docker-java-transport\3.2.13\docker-java-transport-3.2.13.jar;C:\Users\hp pc\.m2\repository\org\apache\httpcomponents\client5\httpclient5\5.0.3\httpclient5-5.0.3.jar;C:\Users\hp pc\.m2\repository\org\apache\httpcomponents\core5\httpcore5\5.0.2\httpcore5-5.0.2.jar;C:\Users\hp pc\.m2\repository\net\java\dev\jna\jna\5.8.0\jna-5.8.0.jar;C:\Users\hp pc\.m2\repository\org\brotli\dec\0.1.2\dec-0.1.2.jar;C:\Users\hp pc\.m2\repository\com\jhlabs\filters\2.0.235\filters-2.0.235.jar;C:\Users\hp pc\.m2\repository\com\paulhammant\ngwebdriver\1.1.6\ngwebdriver-1.1.6.jar;C:\Users\hp pc\.m2\repository\joda-time\joda-time\2.8.2\joda-time-2.8.2.jar;C:\Users\hp pc\.m2\repository\org\hamcrest\hamcrest\2.2\hamcrest-2.2.jar;C:\Users\hp pc\.m2\repository\com\google\jimfs\jimfs\1.2\jimfs-1.2.jar;C:\Users\hp pc\.m2\repository\org\mockito\mockito-core\3.3.3\mockito-core-3.3.3.jar;C:\Users\hp pc\.m2\repository\javax\xml\bind\jaxb-api\2.3.1\jaxb-api-2.3.1.jar;C:\Users\hp pc\.m2\repository\javax\activation\javax.activation-api\1.2.0\javax.activation-api-1.2.0.jar;C:\Users\hp pc\.m2\repository\com\sun\xml\bind\jaxb-core\2.3.0.1\jaxb-core-2.3.0.1.jar;C:\Users\hp pc\.m2\repository\com\sun\xml\bind\jaxb-impl\2.3.3\jaxb-impl-2.3.3.jar;C:\Users\hp pc\.m2\repository\jakarta\xml\bind\jakarta.xml.bind-api\2.3.3\jakarta.xml.bind-api-2.3.3.jar;C:\Users\hp pc\.m2\repository\com\sun\activation\jakarta.activation\1.2.2\jakarta.activation-1.2.2.jar;C:\Users\hp pc\.m2\repository\javax\activation\activation\1.1.1\activation-1.1.1.jar;C:\Users\hp pc\.m2\repository\net\serenity-bdd\serenity-cucumber\3.2.1\serenity-cucumber-3.2.1.jar;C:\Users\hp pc\.m2\repository\io\cucumber\cucumber-core\7.2.3\cucumber-core-7.2.3.jar;C:\Users\hp pc\.m2\repository\io\cucumber\cucumber-gherkin\7.2.3\cucumber-gherkin-7.2.3.jar;C:\Users\hp pc\.m2\repository\io\cucumber\cucumber-gherkin-messages\7.2.3\cucumber-gherkin-messages-7.2.3.jar;C:\Users\hp pc\.m2\repository\io\cucumber\messages\17.1.1\messages-17.1.1.jar;C:\Users\hp pc\.m2\repository\io\cucumber\tag-expressions\4.1.0\tag-expressions-4.1.0.jar;C:\Users\hp pc\.m2\repository\io\cucumber\cucumber-expressions\15.0.1\cucumber-expressions-15.0.1.jar;C:\Users\hp pc\.m2\repository\io\cucumber\datatable\7.2.3\datatable-7.2.3.jar;C:\Users\hp pc\.m2\repository\io\cucumber\cucumber-plugin\7.2.3\cucumber-plugin-7.2.3.jar;C:\Users\hp pc\.m2\repository\io\cucumber\docstring\7.2.3\docstring-7.2.3.jar;C:\Users\hp pc\.m2\repository\io\cucumber\html-formatter\17.0.0\html-formatter-17.0.0.jar;C:\Users\hp pc\.m2\repository\io\cucumber\ci-environment\8.1.0\ci-environment-8.1.0.jar;C:\Users\hp pc\.m2\repository\io\cucumber\cucumber-junit\7.2.3\cucumber-junit-7.2.3.jar;C:\Users\hp pc\.m2\repository\org\apache\commons\commons-csv\1.5\commons-csv-1.5.jar;C:\Users\hp pc\.m2\repository\net\serenity-bdd\serenity-screenplay\3.2.1\serenity-screenplay-3.2.1.jar;C:\Users\hp pc\.m2\repository\net\serenity-bdd\serenity-screenplay-webdriver\3.2.1\serenity-screenplay-webdriver-3.2.1.jar;C:\Users\hp pc\.m2\repository\net\serenity-bdd\serenity-ensure\3.2.1\serenity-ensure-3.2.1.jar;C:\Users\hp pc\.m2\repository\net\serenity-bdd\serenity-junit\3.2.1\serenity-junit-3.2.1.jar;C:\Users\hp pc\.m2\repository\org\jetbrains\kotlin\kotlin-stdlib\1.6.0\kotlin-stdlib-1.6.0.jar;C:\Users\hp pc\.m2\repository\org\jetbrains\annotations\13.0\annotations-13.0.jar;C:\Users\hp pc\.m2\repository\org\jetbrains\kotlin\kotlin-stdlib-common\1.6.0\kotlin-stdlib-common-1.6.0.jar;C:\Users\hp pc\.m2\repository\org\junit\platform\junit-platform-launcher\1.8.1\junit-platform-launcher-1.8.1.jar;C:\Users\hp pc\.m2\repository\org\junit\platform\junit-platform-engine\1.8.1\junit-platform-engine-1.8.1.jar;C:\Users\hp pc\.m2\repository\org\opentest4j\opentest4j\1.2.0\opentest4j-1.2.0.jar;C:\Users\hp pc\.m2\repository\org\junit\platform\junit-platform-commons\1.8.1\junit-platform-commons-1.8.1.jar;C:\Users\hp pc\.m2\repository\org\apiguardian\apiguardian-api\1.1.2\apiguardian-api-1.1.2.jar;C:\Users\hp pc\.m2\repository\org\junit\jupiter\junit-jupiter-engine\5.8.2\junit-jupiter-engine-5.8.2.jar;C:\Users\hp pc\.m2\repository\org\junit\jupiter\junit-jupiter-api\5.8.2\junit-jupiter-api-5.8.2.jar;C:\Users\hp pc\.m2\repository\org\junit\vintage\junit-vintage-engine\5.8.2\junit-vintage-engine-5.8.2.jar;C:\Users\hp pc\.m2\repository\junit\junit\4.13.2\junit-4.13.2.jar;C:\Users\hp pc\.m2\repository\org\hamcrest\hamcrest-core\1.3\hamcrest-core-1.3.jar;C:\Users\hp pc\.m2\repository\ch\qos\logback\logback-classic\1.2.10\logback-classic-1.2.10.jar;C:\Users\hp pc\.m2\repository\ch\qos\logback\logback-core\1.2.10\logback-core-1.2.10.jar;C:\Users\hp pc\.m2\repository\org\slf4j\slf4j-api\1.7.32\slf4j-api-1.7.32.jar;C:\Users\hp pc\.m2\repository\org\assertj\assertj-core\3.6.2\assertj-core-3.6.2.jar;"/>
    <property name="sun.cpu.endian" value="little"/>
    <property name="user.home" value="C:\Users\hp pc"/>
    <property name="user.language" value="en"/>
    <property name="java.specification.vendor" value="Oracle Corporation"/>
    <property name="jdk.module.path" value="D:\data hakim\Mini Project Alterra\WebAlta\target\WebAlta-1.0-SNAPSHOT.jar"/>
    <property name="java.version.date" value="2021-01-19"/>
    <property name="java.home" value="C:\Program Files\Java\jdk-15.0.2"/>
    <property name="file.separator" value="\"/>
    <property name="basedir" value="D:\data hakim\Mini Project Alterra\WebAlta"/>
    <property name="java.vm.compressedOopsMode" value="Zero based"/>
    <property name="line.separator" value="&#10;"/>
    <property name="java.vm.specification.vendor" value="Oracle Corporation"/>
    <property name="java.specification.name" value="Java Platform API Specification"/>
    <property name="surefire.real.class.path" value="C:\Users\hp pc\.m2\repository\org\apache\maven\surefire\surefire-booter\3.0.0-M5\surefire-booter-3.0.0-M5.jar;C:\Users\hp pc\.m2\repository\org\apache\maven\surefire\surefire-api\3.0.0-M5\surefire-api-3.0.0-M5.jar;C:\Users\hp pc\.m2\repository\org\apache\maven\surefire\surefire-logger-api\3.0.0-M5\surefire-logger-api-3.0.0-M5.jar;C:\Users\hp pc\.m2\repository\org\apache\maven\surefire\surefire-shared-utils\3.0.0-M4\surefire-shared-utils-3.0.0-M4.jar;C:\Users\hp pc\.m2\repository\org\apache\maven\surefire\surefire-extensions-spi\3.0.0-M5\surefire-extensions-spi-3.0.0-M5.jar;D:\data hakim\Mini Project Alterra\WebAlta\target\test-classes;C:\Users\hp pc\.m2\repository\net\serenity-bdd\serenity-core\3.2.1\serenity-core-3.2.1.jar;C:\Users\hp pc\.m2\repository\net\serenity-bdd\serenity-model\3.2.1\serenity-model-3.2.1.jar;C:\Users\hp pc\.m2\repository\org\apache\commons\commons-text\1.9\commons-text-1.9.jar;C:\Users\hp pc\.m2\repository\commons-net\commons-net\3.8.0\commons-net-3.8.0.jar;C:\Users\hp pc\.m2\repository\com\google\guava\guava\31.1-jre\guava-31.1-jre.jar;C:\Users\hp pc\.m2\repository\com\google\guava\failureaccess\1.0.1\failureaccess-1.0.1.jar;C:\Users\hp pc\.m2\repository\com\google\guava\listenablefuture\9999.0-empty-to-avoid-conflict-with-guava\listenablefuture-9999.0-empty-to-avoid-conflict-with-guava.jar;C:\Users\hp pc\.m2\repository\com\google\code\findbugs\jsr305\3.0.2\jsr305-3.0.2.jar;C:\Users\hp pc\.m2\repository\org\checkerframework\checker-qual\3.12.0\checker-qual-3.12.0.jar;C:\Users\hp pc\.m2\repository\com\google\errorprone\error_prone_annotations\2.11.0\error_prone_annotations-2.11.0.jar;C:\Users\hp pc\.m2\repository\com\google\j2objc\j2objc-annotations\1.3\j2objc-annotations-1.3.jar;C:\Users\hp pc\.m2\repository\com\google\inject\guice\5.1.0\guice-5.1.0.jar;C:\Users\hp pc\.m2\repository\javax\inject\javax.inject\1\javax.inject-1.jar;C:\Users\hp pc\.m2\repository\aopalliance\aopalliance\1.0\aopalliance-1.0.jar;C:\Users\hp pc\.m2\repository\org\jsoup\jsoup\1.14.3\jsoup-1.14.3.jar;C:\Users\hp pc\.m2\repository\com\thoughtworks\xstream\xstream\1.4.19\xstream-1.4.19.jar;C:\Users\hp pc\.m2\repository\io\github\x-stream\mxparser\1.2.2\mxparser-1.2.2.jar;C:\Users\hp pc\.m2\repository\xmlpull\xmlpull\1.1.3.1\xmlpull-1.1.3.1.jar;C:\Users\hp pc\.m2\repository\io\cucumber\cucumber-java\7.2.3\cucumber-java-7.2.3.jar;C:\Users\hp pc\.m2\repository\com\typesafe\config\1.4.2\config-1.4.2.jar;C:\Users\hp pc\.m2\repository\org\imgscalr\imgscalr-lib\4.2\imgscalr-lib-4.2.jar;C:\Users\hp pc\.m2\repository\org\awaitility\awaitility\4.2.0\awaitility-4.2.0.jar;C:\Users\hp pc\.m2\repository\org\freemarker\freemarker\2.3.31\freemarker-2.3.31.jar;C:\Users\hp pc\.m2\repository\io\github\classgraph\classgraph\4.8.138\classgraph-4.8.138.jar;C:\Users\hp pc\.m2\repository\net\sourceforge\jexcelapi\jxl\2.6.12\jxl-2.6.12.jar;C:\Users\hp pc\.m2\repository\net\bytebuddy\byte-buddy\1.12.8\byte-buddy-1.12.8.jar;C:\Users\hp pc\.m2\repository\net\bytebuddy\byte-buddy-agent\1.12.8\byte-buddy-agent-1.12.8.jar;C:\Users\hp pc\.m2\repository\org\objenesis\objenesis\3.1\objenesis-3.1.jar;C:\Users\hp pc\.m2\repository\net\serenity-bdd\serenity-reports\3.2.1\serenity-reports-3.2.1.jar;C:\Users\hp pc\.m2\repository\net\serenity-bdd\serenity-stats\3.2.1\serenity-stats-3.2.1.jar;C:\Users\hp pc\.m2\repository\net\serenity-bdd\serenity-reports-configuration\3.2.1\serenity-reports-configuration-3.2.1.jar;C:\Users\hp pc\.m2\repository\com\vladsch\flexmark\flexmark-all\0.34.30\flexmark-all-0.34.30.jar;C:\Users\hp pc\.m2\repository\com\vladsch\flexmark\flexmark\0.34.30\flexmark-0.34.30.jar;C:\Users\hp pc\.m2\repository\com\vladsch\flexmark\flexmark-ext-abbreviation\0.34.30\flexmark-ext-abbreviation-0.34.30.jar;C:\Users\hp pc\.m2\repository\com\vladsch\flexmark\flexmark-ext-admonition\0.34.30\flexmark-ext-admonition-0.34.30.jar;C:\Users\hp pc\.m2\repository\com\vladsch\flexmark\flexmark-ext-anchorlink\0.34.30\flexmark-ext-anchorlink-0.34.30.jar;C:\Users\hp pc\.m2\repository\com\vladsch\flexmark\flexmark-ext-aside\0.34.30\flexmark-ext-aside-0.34.30.jar;C:\Users\hp pc\.m2\repository\com\vladsch\flexmark\flexmark-ext-attributes\0.34.30\flexmark-ext-attributes-0.34.30.jar;C:\Users\hp pc\.m2\repository\com\vladsch\flexmark\flexmark-ext-autolink\0.34.30\flexmark-ext-autolink-0.34.30.jar;C:\Users\hp pc\.m2\repository\org\nibor\autolink\autolink\0.6.0\autolink-0.6.0.jar;C:\Users\hp pc\.m2\repository\com\vladsch\flexmark\flexmark-ext-definition\0.34.30\flexmark-ext-definition-0.34.30.jar;C:\Users\hp pc\.m2\repository\com\vladsch\flexmark\flexmark-ext-emoji\0.34.30\flexmark-ext-emoji-0.34.30.jar;C:\Users\hp pc\.m2\repository\com\vladsch\flexmark\flexmark-ext-enumerated-reference\0.34.30\flexmark-ext-enumerated-reference-0.34.30.jar;C:\Users\hp pc\.m2\repository\com\vladsch\flexmark\flexmark-ext-escaped-character\0.34.30\flexmark-ext-escaped-character-0.34.30.jar;C:\Users\hp pc\.m2\repository\com\vladsch\flexmark\flexmark-ext-footnotes\0.34.30\flexmark-ext-footnotes-0.34.30.jar;C:\Users\hp pc\.m2\repository\com\vladsch\flexmark\flexmark-ext-gfm-issues\0.34.30\flexmark-ext-gfm-issues-0.34.30.jar;C:\Users\hp pc\.m2\repository\com\vladsch\flexmark\flexmark-ext-gfm-strikethrough\0.34.30\flexmark-ext-gfm-strikethrough-0.34.30.jar;C:\Users\hp pc\.m2\repository\com\vladsch\flexmark\flexmark-ext-gfm-tables\0.34.30\flexmark-ext-gfm-tables-0.34.30.jar;C:\Users\hp pc\.m2\repository\com\vladsch\flexmark\flexmark-ext-gfm-tasklist\0.34.30\flexmark-ext-gfm-tasklist-0.34.30.jar;C:\Users\hp pc\.m2\repository\com\vladsch\flexmark\flexmark-ext-gfm-users\0.34.30\flexmark-ext-gfm-users-0.34.30.jar;C:\Users\hp pc\.m2\repository\com\vladsch\flexmark\flexmark-ext-gitlab\0.34.30\flexmark-ext-gitlab-0.34.30.jar;C:\Users\hp pc\.m2\repository\com\vladsch\flexmark\flexmark-ext-jekyll-front-matter\0.34.30\flexmark-ext-jekyll-front-matter-0.34.30.jar;C:\Users\hp pc\.m2\repository\com\vladsch\flexmark\flexmark-ext-jekyll-tag\0.34.30\flexmark-ext-jekyll-tag-0.34.30.jar;C:\Users\hp pc\.m2\repository\com\vladsch\flexmark\flexmark-ext-media-tags\0.34.30\flexmark-ext-media-tags-0.34.30.jar;C:\Users\hp pc\.m2\repository\com\vladsch\flexmark\flexmark-test-util\0.34.30\flexmark-test-util-0.34.30.jar;C:\Users\hp pc\.m2\repository\com\vladsch\flexmark\flexmark-ext-ins\0.34.30\flexmark-ext-ins-0.34.30.jar;C:\Users\hp pc\.m2\repository\com\vladsch\flexmark\flexmark-ext-xwiki-macros\0.34.30\flexmark-ext-xwiki-macros-0.34.30.jar;C:\Users\hp pc\.m2\repository\com\vladsch\flexmark\flexmark-ext-superscript\0.34.30\flexmark-ext-superscript-0.34.30.jar;C:\Users\hp pc\.m2\repository\com\vladsch\flexmark\flexmark-ext-tables\0.34.30\flexmark-ext-tables-0.34.30.jar;C:\Users\hp pc\.m2\repository\com\vladsch\flexmark\flexmark-ext-toc\0.34.30\flexmark-ext-toc-0.34.30.jar;C:\Users\hp pc\.m2\repository\com\vladsch\flexmark\flexmark-ext-typographic\0.34.30\flexmark-ext-typographic-0.34.30.jar;C:\Users\hp pc\.m2\repository\com\vladsch\flexmark\flexmark-ext-wikilink\0.34.30\flexmark-ext-wikilink-0.34.30.jar;C:\Users\hp pc\.m2\repository\com\vladsch\flexmark\flexmark-ext-yaml-front-matter\0.34.30\flexmark-ext-yaml-front-matter-0.34.30.jar;C:\Users\hp pc\.m2\repository\com\vladsch\flexmark\flexmark-ext-youtube-embedded\0.34.30\flexmark-ext-youtube-embedded-0.34.30.jar;C:\Users\hp pc\.m2\repository\com\vladsch\flexmark\flexmark-formatter\0.34.30\flexmark-formatter-0.34.30.jar;C:\Users\hp pc\.m2\repository\com\vladsch\flexmark\flexmark-html-parser\0.34.30\flexmark-html-parser-0.34.30.jar;C:\Users\hp pc\.m2\repository\com\vladsch\flexmark\flexmark-jira-converter\0.34.30\flexmark-jira-converter-0.34.30.jar;C:\Users\hp pc\.m2\repository\com\vladsch\flexmark\flexmark-pdf-converter\0.34.30\flexmark-pdf-converter-0.34.30.jar;C:\Users\hp pc\.m2\repository\com\openhtmltopdf\openhtmltopdf-core\0.0.1-RC13\openhtmltopdf-core-0.0.1-RC13.jar;C:\Users\hp pc\.m2\repository\com\openhtmltopdf\openhtmltopdf-pdfbox\0.0.1-RC13\openhtmltopdf-pdfbox-0.0.1-RC13.jar;C:\Users\hp pc\.m2\repository\org\apache\pdfbox\pdfbox\2.0.8\pdfbox-2.0.8.jar;C:\Users\hp pc\.m2\repository\org\apache\pdfbox\fontbox\2.0.8\fontbox-2.0.8.jar;C:\Users\hp pc\.m2\repository\commons-logging\commons-logging\1.2\commons-logging-1.2.jar;C:\Users\hp pc\.m2\repository\org\apache\pdfbox\xmpbox\2.0.8\xmpbox-2.0.8.jar;C:\Users\hp pc\.m2\repository\de\rototor\pdfbox\graphics2d\0.12\graphics2d-0.12.jar;C:\Users\hp pc\.m2\repository\com\openhtmltopdf\openhtmltopdf-rtl-support\0.0.1-RC13\openhtmltopdf-rtl-support-0.0.1-RC13.jar;C:\Users\hp pc\.m2\repository\com\ibm\icu\icu4j\59.1\icu4j-59.1.jar;C:\Users\hp pc\.m2\repository\com\openhtmltopdf\openhtmltopdf-jsoup-dom-converter\0.0.1-RC13\openhtmltopdf-jsoup-dom-converter-0.0.1-RC13.jar;C:\Users\hp pc\.m2\repository\com\vladsch\flexmark\flexmark-profile-pegdown\0.34.30\flexmark-profile-pegdown-0.34.30.jar;C:\Users\hp pc\.m2\repository\com\vladsch\flexmark\flexmark-util\0.34.30\flexmark-util-0.34.30.jar;C:\Users\hp pc\.m2\repository\com\vladsch\flexmark\flexmark-youtrack-converter\0.34.30\flexmark-youtrack-converter-0.34.30.jar;C:\Users\hp pc\.m2\repository\es\nitaur\markdown\txtmark\0.16\txtmark-0.16.jar;C:\Users\hp pc\.m2\repository\net\serenity-bdd\serenity-report-resources\3.2.1\serenity-report-resources-3.2.1.jar;C:\Users\hp pc\.m2\repository\com\google\code\gson\gson\2.9.0\gson-2.9.0.jar;C:\Users\hp pc\.m2\repository\com\fasterxml\jackson\core\jackson-core\2.13.2\jackson-core-2.13.2.jar;C:\Users\hp pc\.m2\repository\com\fasterxml\jackson\core\jackson-databind\2.13.2\jackson-databind-2.13.2.jar;C:\Users\hp pc\.m2\repository\com\fasterxml\jackson\core\jackson-annotations\2.13.2\jackson-annotations-2.13.2.jar;C:\Users\hp pc\.m2\repository\commons-codec\commons-codec\1.15\commons-codec-1.15.jar;C:\Users\hp pc\.m2\repository\commons-io\commons-io\2.11.0\commons-io-2.11.0.jar;C:\Users\hp pc\.m2\repository\org\seleniumhq\selenium\selenium-java\4.1.2\selenium-java-4.1.2.jar;C:\Users\hp pc\.m2\repository\org\seleniumhq\selenium\selenium-devtools-v85\4.1.2\selenium-devtools-v85-4.1.2.jar;C:\Users\hp pc\.m2\repository\org\seleniumhq\selenium\selenium-devtools-v95\4.1.2\selenium-devtools-v95-4.1.2.jar;C:\Users\hp pc\.m2\repository\org\seleniumhq\selenium\selenium-devtools-v96\4.1.2\selenium-devtools-v96-4.1.2.jar;C:\Users\hp pc\.m2\repository\org\seleniumhq\selenium\selenium-devtools-v97\4.1.2\selenium-devtools-v97-4.1.2.jar;C:\Users\hp pc\.m2\repository\org\seleniumhq\selenium\selenium-firefox-xpi-driver\4.1.2\selenium-firefox-xpi-driver-4.1.2.jar;C:\Users\hp pc\.m2\repository\org\seleniumhq\selenium\selenium-opera-driver\4.1.2\selenium-opera-driver-4.1.2.jar;C:\Users\hp pc\.m2\repository\org\seleniumhq\selenium\selenium-remote-driver\4.1.2\selenium-remote-driver-4.1.2.jar;C:\Users\hp pc\.m2\repository\com\beust\jcommander\1.82\jcommander-1.82.jar;C:\Users\hp pc\.m2\repository\io\netty\netty-buffer\4.1.73.Final\netty-buffer-4.1.73.Final.jar;C:\Users\hp pc\.m2\repository\io\netty\netty-codec-http\4.1.73.Final\netty-codec-http-4.1.73.Final.jar;C:\Users\hp pc\.m2\repository\io\netty\netty-codec\4.1.73.Final\netty-codec-4.1.73.Final.jar;C:\Users\hp pc\.m2\repository\io\netty\netty-handler\4.1.73.Final\netty-handler-4.1.73.Final.jar;C:\Users\hp pc\.m2\repository\io\netty\netty-tcnative-classes\2.0.46.Final\netty-tcnative-classes-2.0.46.Final.jar;C:\Users\hp pc\.m2\repository\io\netty\netty-common\4.1.73.Final\netty-common-4.1.73.Final.jar;C:\Users\hp pc\.m2\repository\io\netty\netty-transport-classes-epoll\4.1.73.Final\netty-transport-classes-epoll-4.1.73.Final.jar;C:\Users\hp pc\.m2\repository\io\netty\netty-transport-classes-kqueue\4.1.73.Final\netty-transport-classes-kqueue-4.1.73.Final.jar;C:\Users\hp pc\.m2\repository\io\netty\netty-transport-native-epoll\4.1.73.Final\netty-transport-native-epoll-4.1.73.Final.jar;C:\Users\hp pc\.m2\repository\io\netty\netty-transport-native-kqueue\4.1.73.Final\netty-transport-native-kqueue-4.1.73.Final.jar;C:\Users\hp pc\.m2\repository\io\netty\netty-transport-native-unix-common\4.1.73.Final\netty-transport-native-unix-common-4.1.73.Final.jar;C:\Users\hp pc\.m2\repository\io\netty\netty-transport\4.1.73.Final\netty-transport-4.1.73.Final.jar;C:\Users\hp pc\.m2\repository\io\netty\netty-resolver\4.1.73.Final\netty-resolver-4.1.73.Final.jar;C:\Users\hp pc\.m2\repository\io\opentelemetry\opentelemetry-api\1.10.1\opentelemetry-api-1.10.1.jar;C:\Users\hp pc\.m2\repository\io\opentelemetry\opentelemetry-context\1.10.1\opentelemetry-context-1.10.1.jar;C:\Users\hp pc\.m2\repository\io\opentelemetry\opentelemetry-exporter-logging\1.10.1\opentelemetry-exporter-logging-1.10.1.jar;C:\Users\hp pc\.m2\repository\io\opentelemetry\opentelemetry-sdk-metrics\1.10.1-alpha\opentelemetry-sdk-metrics-1.10.1-alpha.jar;C:\Users\hp pc\.m2\repository\io\opentelemetry\opentelemetry-sdk-logs\1.10.1-alpha\opentelemetry-sdk-logs-1.10.1-alpha.jar;C:\Users\hp pc\.m2\repository\io\opentelemetry\opentelemetry-sdk-common\1.10.1\opentelemetry-sdk-common-1.10.1.jar;C:\Users\hp pc\.m2\repository\io\opentelemetry\opentelemetry-sdk-extension-autoconfigure-spi\1.10.1\opentelemetry-sdk-extension-autoconfigure-spi-1.10.1.jar;C:\Users\hp pc\.m2\repository\io\opentelemetry\opentelemetry-sdk-extension-autoconfigure\1.10.1-alpha\opentelemetry-sdk-extension-autoconfigure-1.10.1-alpha.jar;C:\Users\hp pc\.m2\repository\io\opentelemetry\opentelemetry-sdk-trace\1.10.1\opentelemetry-sdk-trace-1.10.1.jar;C:\Users\hp pc\.m2\repository\io\opentelemetry\opentelemetry-sdk\1.10.1\opentelemetry-sdk-1.10.1.jar;C:\Users\hp pc\.m2\repository\io\opentelemetry\opentelemetry-semconv\1.10.1-alpha\opentelemetry-semconv-1.10.1-alpha.jar;C:\Users\hp pc\.m2\repository\io\ous\jtoml\2.0.0\jtoml-2.0.0.jar;C:\Users\hp pc\.m2\repository\org\apache\commons\commons-exec\1.3\commons-exec-1.3.jar;C:\Users\hp pc\.m2\repository\org\asynchttpclient\async-http-client\2.12.3\async-http-client-2.12.3.jar;C:\Users\hp pc\.m2\repository\org\asynchttpclient\async-http-client-netty-utils\2.12.3\async-http-client-netty-utils-2.12.3.jar;C:\Users\hp pc\.m2\repository\io\netty\netty-codec-socks\4.1.60.Final\netty-codec-socks-4.1.60.Final.jar;C:\Users\hp pc\.m2\repository\io\netty\netty-handler-proxy\4.1.60.Final\netty-handler-proxy-4.1.60.Final.jar;C:\Users\hp pc\.m2\repository\io\netty\netty-transport-native-epoll\4.1.60.Final\netty-transport-native-epoll-4.1.60.Final-linux-x86_64.jar;C:\Users\hp pc\.m2\repository\io\netty\netty-transport-native-kqueue\4.1.60.Final\netty-transport-native-kqueue-4.1.60.Final-osx-x86_64.jar;C:\Users\hp pc\.m2\repository\org\reactivestreams\reactive-streams\1.0.3\reactive-streams-1.0.3.jar;C:\Users\hp pc\.m2\repository\com\typesafe\netty\netty-reactive-streams\2.0.4\netty-reactive-streams-2.0.4.jar;C:\Users\hp pc\.m2\repository\org\seleniumhq\selenium\selenium-http\4.1.2\selenium-http-4.1.2.jar;C:\Users\hp pc\.m2\repository\net\jodah\failsafe\2.4.4\failsafe-2.4.4.jar;C:\Users\hp pc\.m2\repository\org\seleniumhq\selenium\selenium-safari-driver\4.1.2\selenium-safari-driver-4.1.2.jar;C:\Users\hp pc\.m2\repository\org\seleniumhq\selenium\selenium-api\4.1.2\selenium-api-4.1.2.jar;C:\Users\hp pc\.m2\repository\org\seleniumhq\selenium\selenium-support\4.1.2\selenium-support-4.1.2.jar;C:\Users\hp pc\.m2\repository\com\google\auto\service\auto-service-annotations\1.0.1\auto-service-annotations-1.0.1.jar;C:\Users\hp pc\.m2\repository\com\google\auto\service\auto-service\1.0.1\auto-service-1.0.1.jar;C:\Users\hp pc\.m2\repository\com\google\auto\auto-common\1.2\auto-common-1.2.jar;C:\Users\hp pc\.m2\repository\org\seleniumhq\selenium\selenium-json\4.1.2\selenium-json-4.1.2.jar;C:\Users\hp pc\.m2\repository\org\seleniumhq\selenium\selenium-chrome-driver\4.1.2\selenium-chrome-driver-4.1.2.jar;C:\Users\hp pc\.m2\repository\org\seleniumhq\selenium\selenium-chromium-driver\4.1.2\selenium-chromium-driver-4.1.2.jar;C:\Users\hp pc\.m2\repository\org\seleniumhq\selenium\selenium-firefox-driver\4.1.2\selenium-firefox-driver-4.1.2.jar;C:\Users\hp pc\.m2\repository\org\seleniumhq\selenium\selenium-edge-driver\4.1.2\selenium-edge-driver-4.1.2.jar;C:\Users\hp pc\.m2\repository\org\seleniumhq\selenium\selenium-ie-driver\4.1.2\selenium-ie-driver-4.1.2.jar;C:\Users\hp pc\.m2\repository\org\projectlombok\lombok\1.18.20\lombok-1.18.20.jar;C:\Users\hp pc\.m2\repository\io\appium\java-client\8.0.0\java-client-8.0.0.jar;C:\Users\hp pc\.m2\repository\commons-validator\commons-validator\1.7\commons-validator-1.7.jar;C:\Users\hp pc\.m2\repository\commons-digester\commons-digester\2.1\commons-digester-2.1.jar;C:\Users\hp pc\.m2\repository\org\aspectj\aspectjweaver\1.9.8\aspectjweaver-1.9.8.jar;C:\Users\hp pc\.m2\repository\org\codehaus\groovy\groovy\3.0.10\groovy-3.0.10.jar;C:\Users\hp pc\.m2\repository\net\sf\opencsv\opencsv\2.0\opencsv-2.0.jar;C:\Users\hp pc\.m2\repository\commons-beanutils\commons-beanutils\1.9.4\commons-beanutils-1.9.4.jar;C:\Users\hp pc\.m2\repository\org\apache\commons\commons-lang3\3.12.0\commons-lang3-3.12.0.jar;C:\Users\hp pc\.m2\repository\commons-collections\commons-collections\3.2.2\commons-collections-3.2.2.jar;C:\Users\hp pc\.m2\repository\org\fluentlenium\fluentlenium-core\0.10.2\fluentlenium-core-0.10.2.jar;C:\Users\hp pc\.m2\repository\io\github\bonigarcia\webdrivermanager\5.1.0\webdrivermanager-5.1.0.jar;C:\Users\hp pc\.m2\repository\com\github\docker-java\docker-java\3.2.13\docker-java-3.2.13.jar;C:\Users\hp pc\.m2\repository\com\github\docker-java\docker-java-core\3.2.13\docker-java-core-3.2.13.jar;C:\Users\hp pc\.m2\repository\com\github\docker-java\docker-java-api\3.2.13\docker-java-api-3.2.13.jar;C:\Users\hp pc\.m2\repository\org\apache\commons\commons-compress\1.21\commons-compress-1.21.jar;C:\Users\hp pc\.m2\repository\org\bouncycastle\bcpkix-jdk15on\1.64\bcpkix-jdk15on-1.64.jar;C:\Users\hp pc\.m2\repository\org\bouncycastle\bcprov-jdk15on\1.64\bcprov-jdk15on-1.64.jar;C:\Users\hp pc\.m2\repository\org\slf4j\jcl-over-slf4j\1.7.30\jcl-over-slf4j-1.7.30.jar;C:\Users\hp pc\.m2\repository\com\github\docker-java\docker-java-transport-httpclient5\3.2.13\docker-java-transport-httpclient5-3.2.13.jar;C:\Users\hp pc\.m2\repository\com\github\docker-java\docker-java-transport\3.2.13\docker-java-transport-3.2.13.jar;C:\Users\hp pc\.m2\repository\org\apache\httpcomponents\client5\httpclient5\5.0.3\httpclient5-5.0.3.jar;C:\Users\hp pc\.m2\repository\org\apache\httpcomponents\core5\httpcore5\5.0.2\httpcore5-5.0.2.jar;C:\Users\hp pc\.m2\repository\net\java\dev\jna\jna\5.8.0\jna-5.8.0.jar;C:\Users\hp pc\.m2\repository\org\brotli\dec\0.1.2\dec-0.1.2.jar;C:\Users\hp pc\.m2\repository\com\jhlabs\filters\2.0.235\filters-2.0.235.jar;C:\Users\hp pc\.m2\repository\com\paulhammant\ngwebdriver\1.1.6\ngwebdriver-1.1.6.jar;C:\Users\hp pc\.m2\repository\joda-time\joda-time\2.8.2\joda-time-2.8.2.jar;C:\Users\hp pc\.m2\repository\org\hamcrest\hamcrest\2.2\hamcrest-2.2.jar;C:\Users\hp pc\.m2\repository\com\google\jimfs\jimfs\1.2\jimfs-1.2.jar;C:\Users\hp pc\.m2\repository\org\mockito\mockito-core\3.3.3\mockito-core-3.3.3.jar;C:\Users\hp pc\.m2\repository\javax\xml\bind\jaxb-api\2.3.1\jaxb-api-2.3.1.jar;C:\Users\hp pc\.m2\repository\javax\activation\javax.activation-api\1.2.0\javax.activation-api-1.2.0.jar;C:\Users\hp pc\.m2\repository\com\sun\xml\bind\jaxb-core\2.3.0.1\jaxb-core-2.3.0.1.jar;C:\Users\hp pc\.m2\repository\com\sun\xml\bind\jaxb-impl\2.3.3\jaxb-impl-2.3.3.jar;C:\Users\hp pc\.m2\repository\jakarta\xml\bind\jakarta.xml.bind-api\2.3.3\jakarta.xml.bind-api-2.3.3.jar;C:\Users\hp pc\.m2\repository\com\sun\activation\jakarta.activation\1.2.2\jakarta.activation-1.2.2.jar;C:\Users\hp pc\.m2\repository\javax\activation\activation\1.1.1\activation-1.1.1.jar;C:\Users\hp pc\.m2\repository\net\serenity-bdd\serenity-cucumber\3.2.1\serenity-cucumber-3.2.1.jar;C:\Users\hp pc\.m2\repository\io\cucumber\cucumber-core\7.2.3\cucumber-core-7.2.3.jar;C:\Users\hp pc\.m2\repository\io\cucumber\cucumber-gherkin\7.2.3\cucumber-gherkin-7.2.3.jar;C:\Users\hp pc\.m2\repository\io\cucumber\cucumber-gherkin-messages\7.2.3\cucumber-gherkin-messages-7.2.3.jar;C:\Users\hp pc\.m2\repository\io\cucumber\messages\17.1.1\messages-17.1.1.jar;C:\Users\hp pc\.m2\repository\io\cucumber\tag-expressions\4.1.0\tag-expressions-4.1.0.jar;C:\Users\hp pc\.m2\repository\io\cucumber\cucumber-expressions\15.0.1\cucumber-expressions-15.0.1.jar;C:\Users\hp pc\.m2\repository\io\cucumber\datatable\7.2.3\datatable-7.2.3.jar;C:\Users\hp pc\.m2\repository\io\cucumber\cucumber-plugin\7.2.3\cucumber-plugin-7.2.3.jar;C:\Users\hp pc\.m2\repository\io\cucumber\docstring\7.2.3\docstring-7.2.3.jar;C:\Users\hp pc\.m2\repository\io\cucumber\html-formatter\17.0.0\html-formatter-17.0.0.jar;C:\Users\hp pc\.m2\repository\io\cucumber\ci-environment\8.1.0\ci-environment-8.1.0.jar;C:\Users\hp pc\.m2\repository\io\cucumber\cucumber-junit\7.2.3\cucumber-junit-7.2.3.jar;C:\Users\hp pc\.m2\repository\org\apache\commons\commons-csv\1.5\commons-csv-1.5.jar;C:\Users\hp pc\.m2\repository\net\serenity-bdd\serenity-screenplay\3.2.1\serenity-screenplay-3.2.1.jar;C:\Users\hp pc\.m2\repository\net\serenity-bdd\serenity-screenplay-webdriver\3.2.1\serenity-screenplay-webdriver-3.2.1.jar;C:\Users\hp pc\.m2\repository\net\serenity-bdd\serenity-ensure\3.2.1\serenity-ensure-3.2.1.jar;C:\Users\hp pc\.m2\repository\net\serenity-bdd\serenity-junit\3.2.1\serenity-junit-3.2.1.jar;C:\Users\hp pc\.m2\repository\org\jetbrains\kotlin\kotlin-stdlib\1.6.0\kotlin-stdlib-1.6.0.jar;C:\Users\hp pc\.m2\repository\org\jetbrains\annotations\13.0\annotations-13.0.jar;C:\Users\hp pc\.m2\repository\org\jetbrains\kotlin\kotlin-stdlib-common\1.6.0\kotlin-stdlib-common-1.6.0.jar;C:\Users\hp pc\.m2\repository\org\junit\platform\junit-platform-launcher\1.8.1\junit-platform-launcher-1.8.1.jar;C:\Users\hp pc\.m2\repository\org\junit\platform\junit-platform-engine\1.8.1\junit-platform-engine-1.8.1.jar;C:\Users\hp pc\.m2\repository\org\opentest4j\opentest4j\1.2.0\opentest4j-1.2.0.jar;C:\Users\hp pc\.m2\repository\org\junit\platform\junit-platform-commons\1.8.1\junit-platform-commons-1.8.1.jar;C:\Users\hp pc\.m2\repository\org\apiguardian\apiguardian-api\1.1.2\apiguardian-api-1.1.2.jar;C:\Users\hp pc\.m2\repository\org\junit\jupiter\junit-jupiter-engine\5.8.2\junit-jupiter-engine-5.8.2.jar;C:\Users\hp pc\.m2\repository\org\junit\jupiter\junit-jupiter-api\5.8.2\junit-jupiter-api-5.8.2.jar;C:\Users\hp pc\.m2\repository\org\junit\vintage\junit-vintage-engine\5.8.2\junit-vintage-engine-5.8.2.jar;C:\Users\hp pc\.m2\repository\junit\junit\4.13.2\junit-4.13.2.jar;C:\Users\hp pc\.m2\repository\org\hamcrest\hamcrest-core\1.3\hamcrest-core-1.3.jar;C:\Users\hp pc\.m2\repository\ch\qos\logback\logback-classic\1.2.10\logback-classic-1.2.10.jar;C:\Users\hp pc\.m2\repository\ch\qos\logback\logback-core\1.2.10\logback-core-1.2.10.jar;C:\Users\hp pc\.m2\repository\org\slf4j\slf4j-api\1.7.32\slf4j-api-1.7.32.jar;C:\Users\hp pc\.m2\repository\org\assertj\assertj-core\3.6.2\assertj-core-3.6.2.jar;C:\Users\hp pc\.m2\repository\org\apache\maven\surefire\surefire-junit-platform\3.0.0-M5\surefire-junit-platform-3.0.0-M5.jar;C:\Users\hp pc\.m2\repository\org\apache\maven\surefire\common-java5\3.0.0-M5\common-java5-3.0.0-M5.jar"/>
    <property name="user.script" value=""/>
    <property name="java.protocol.handler.pkgs" value="com.google.common"/>
    <property name="sun.management.compiler" value="HotSpot 64-Bit Tiered Compilers"/>
    <property name="java.runtime.version" value="15.0.2+7-27"/>
    <property name="user.name" value="hp pc"/>
    <property name="path.separator" value=";"/>
    <property name="os.version" value="10.0"/>
    <property name="java.runtime.name" value="Java(TM) SE Runtime Environment"/>
    <property name="file.encoding" value="Cp1252"/>
    <property name="webdriver.base.url" value=""/>
    <property name="java.vm.name" value="Java HotSpot(TM) 64-Bit Server VM"/>
    <property name="localRepository" value="C:\Users\hp pc\.m2\repository"/>
    <property name="java.vendor.url.bug" value="https://bugreport.java.com/bugreport/"/>
    <property name="java.io.tmpdir" value="C:\Users\HPPC~1\AppData\Local\Temp\"/>
    <property name="java.version" value="15.0.2"/>
    <property name="user.dir" value="D:\data hakim\Mini Project Alterra\WebAlta"/>
    <property name="os.arch" value="amd64"/>
    <property name="java.vm.specification.name" value="Java Virtual Machine Specification"/>
    <property name="sun.os.patch.level" value=""/>
    <property name="java.library.path" value="C:\Program Files\Java\jdk-15.0.2\bin;C:\Windows\Sun\Java\bin;C:\Windows\system32;C:\Windows;C:\Users\hp pc\AppData\Local\Android\Sdk;C:\Program Files\Java\jdk-15.0.2\bin;C:\Users\hp pc\AppData\Local\Android\Sdk;C:\Program Files\Java\jdk-15.0.2\bin;C:\Windows\system32;C:\Windows;C:\Windows\System32\Wbem;C:\Windows\System32\WindowsPowerShell\v1.0\;C:\Windows\System32\OpenSSH\;C:\Program Files\Git\cmd;C:\Program Files\nodejs\;C:\Users\hp pc\AppData\Local\Android\Sdk\platform-tools;C:\Program Files\Java\jdk1.8.0_221\bin;C:\Users\hp pc\AppData\Local\Android\Sdk\cmdline-tools\latest\bin;C:\Users\hp pc\AppData\Local\Microsoft\WindowsApps;C:\Users\hp pc\AppData\Local\Programs\Microsoft VS Code\bin;C:\Program Files\apache-maven-3.8.5\bin;C:\Program Files\Java\jdk-15.0.2\bin;C:\Users\hp pc\AppData\Roaming\npm;."/>
    <property name="java.vm.info" value="mixed mode"/>
    <property name="java.vendor" value="Oracle Corporation"/>
    <property name="java.vm.version" value="15.0.2+7-27"/>
    <property name="sun.io.unicode.encoding" value="UnicodeLittle"/>
    <property name="java.class.version" value="59.0"/>
  </properties>
  <testcase name="Login scenario #1" classname="Login" time="14.361">
    <system-out><![CDATA[16:24:35.083 [main] INFO io.cucumber.core.plugin.SerenityReporter - Running feature from file:///D:/data%20hakim/Mini%20Project%20Alterra/WebAlta/src/test/resources/features/Login.feature
16:24:35.278 [main] INFO  - 

-------------------------------------------------------------------------------------
     _______. _______ .______       _______ .__   __.  __  .___________.____    ____ 
    /       ||   ____||   _  \     |   ____||  \ |  | |  | |           |\   \  /   / 
   |   (----`|  |__   |  |_)  |    |  |__   |   \|  | |  | `---|  |----` \   \/   /  
    \   \    |   __|  |      /     |   __|  |  . `  | |  |     |  |       \_    _/   
.----)   |   |  |____ |  |\  \----.|  |____ |  |\   | |  |     |  |         |  |     
|_______/    |_______|| _| `._____||_______||__| \__| |__|     |__|         |__|    
                                                                                     
 News and tutorials at http://www.serenity-bdd.info                                  
 Documentation at https://wakaleo.gitbooks.io/the-serenity-book/content/             
 Join the Serenity Community on Gitter: https://gitter.im/serenity-bdd/serenity-core 
 Serenity BDD Support and Training at http://serenity-bdd.info/#/trainingandsupport  
-------------------------------------------------------------------------------------

16:24:35.278 [main] DEBUG net.thucydides.core.steps.StepEventBus - Test suite started for story net.thucydides.core.model.Story@23282f08
16:24:35.278 [main] INFO  - Test Suite Started: Login
16:24:35.293 [main] INFO io.cucumber.core.plugin.SerenityReporter - Running feature from file:///D:/data%20hakim/Mini%20Project%20Alterra/WebAlta/src/test/resources/features/Logout.feature
16:24:35.303 [main] DEBUG net.thucydides.core.steps.StepEventBus - Test suite started for story net.thucydides.core.model.Story@7960de68
16:24:35.303 [main] INFO  - Test Suite Started: Logout
16:24:35.305 [main] INFO io.cucumber.core.plugin.SerenityReporter - Running feature from file:///D:/data%20hakim/Mini%20Project%20Alterra/WebAlta/src/test/resources/features/Order.feature
16:24:35.307 [main] DEBUG net.thucydides.core.steps.StepEventBus - Test suite started for story net.thucydides.core.model.Story@cc4b76a8
16:24:35.307 [main] INFO  - Test Suite Started: Order
16:24:35.307 [main] INFO io.cucumber.core.plugin.SerenityReporter - Running feature from file:///D:/data%20hakim/Mini%20Project%20Alterra/WebAlta/src/test/resources/features/Product.feature
16:24:35.307 [main] DEBUG net.thucydides.core.steps.StepEventBus - Test suite started for story net.thucydides.core.model.Story@fdbc81c8
16:24:35.307 [main] INFO  - Test Suite Started: Product
16:24:35.307 [main] INFO io.cucumber.core.plugin.SerenityReporter - Running feature from file:///D:/data%20hakim/Mini%20Project%20Alterra/WebAlta/src/test/resources/features/Register.feature
16:24:35.322 [main] DEBUG net.thucydides.core.steps.StepEventBus - Test suite started for story net.thucydides.core.model.Story@30e75088
16:24:35.322 [main] INFO  - Test Suite Started: Register
16:24:35.322 [main] INFO io.cucumber.core.plugin.SerenityReporter - Running feature from file:///D:/data%20hakim/Mini%20Project%20Alterra/WebAlta/src/test/resources/features/Transactions.feature
16:24:35.322 [main] DEBUG net.thucydides.core.steps.StepEventBus - Test suite started for story net.thucydides.core.model.Story@5c2ec4c8
16:24:35.322 [main] INFO  - Test Suite Started: Transactions
16:24:35.322 [main] INFO io.cucumber.core.plugin.SerenityReporter - Running feature from file:///D:/data%20hakim/Mini%20Project%20Alterra/WebAlta/src/test/resources/features/Login.feature
16:24:35.322 [main] DEBUG net.thucydides.core.steps.StepEventBus - Test suite started for story net.thucydides.core.model.Story@23282f08
16:24:35.338 [main] INFO  - Test Suite Started: Login

@Login
Scenario Outline: Login scenario          &amp#27;[90m# src/test/resources/features/Login.feature:16&amp#27;[0m
16:24:35.493 [main] INFO io.cucumber.core.plugin.SerenityReporter - Running feature from file:///D:/data%20hakim/Mini%20Project%20Alterra/WebAlta/src/test/resources/features/Login.feature
16:24:35.586 [main] INFO  - 
  _____   ___   ___   _____     ___   _____     _     ___   _____   ___   ___  
 |_   _| | __| / __| |_   _|   / __| |_   _|   /_\   | _ \ |_   _| | __| |   \ 
   | |   | _|  \__ \   | |     \__ \   | |    / _ \  |   /   | |   | _|  | |) |
   |_|   |___| |___/   |_|     |___/   |_|   /_/ \_\ |_|_\   |_|   |___| |___/ 

Login scenario(login;login-scenario)
--------------------------------------------------------------------------------
16:24:36.519 [main] INFO net.serenitybdd.core.webdriver.driverproviders.ChromeDriverProvider - Using automatically driver download
16:24:37.201 [main] DEBUG io.github.bonigarcia.wdm.cache.ResolutionCache - Resolution chrome=101 in cache (valid until 17:18:55 20/05/2022 WIB)
16:24:37.214 [main] DEBUG io.github.bonigarcia.wdm.cache.ResolutionCache - Resolution chrome101=101.0.4951.41 in cache (valid until 21:21:16 20/05/2022 WIB)
16:24:37.215 [main] INFO io.github.bonigarcia.wdm.WebDriverManager - Using chromedriver 101.0.4951.41 (resolved driver for Chrome 101)
16:24:37.257 [main] DEBUG io.github.bonigarcia.wdm.WebDriverManager - Driver chromedriver 101.0.4951.41 found in cache
16:24:37.257 [main] INFO io.github.bonigarcia.wdm.WebDriverManager - Exporting webdriver.chrome.driver as C:\Users\hp pc\.cache\selenium\chromedriver\win32\101.0.4951.41\chromedriver.exe
16:24:37.896 [main] DEBUG net.thucydides.core.reflection.ClassFinder - Could not load class .Starter.CucumberTestSuite
16:24:37.896 [main] DEBUG net.thucydides.core.reflection.ClassFinder - Could not load class .Starter.Pages.HomePage
16:24:37.896 [main] DEBUG net.thucydides.core.reflection.ClassFinder - Could not load class .Starter.Pages.LoginPage
16:24:37.896 [main] DEBUG net.thucydides.core.reflection.ClassFinder - Could not load class .Starter.Pages.OrderPage
16:24:37.896 [main] DEBUG net.thucydides.core.reflection.ClassFinder - Could not load class .Starter.Pages.ProductPage
16:24:37.896 [main] DEBUG net.thucydides.core.reflection.ClassFinder - Could not load class .Starter.Pages.RegisterPage
16:24:37.896 [main] DEBUG net.thucydides.core.reflection.ClassFinder - Could not load class .Starter.Pages.TransactionsPage
16:24:37.896 [main] DEBUG net.thucydides.core.reflection.ClassFinder - Could not load class .Starter.StepDefinitions.LoginStep
16:24:37.896 [main] DEBUG net.thucydides.core.reflection.ClassFinder - Could not load class .Starter.StepDefinitions.LogoutStep
16:24:37.896 [main] DEBUG net.thucydides.core.reflection.ClassFinder - Could not load class .Starter.StepDefinitions.OrderStep
16:24:37.896 [main] DEBUG net.thucydides.core.reflection.ClassFinder - Could not load class .Starter.StepDefinitions.ProductStep
16:24:37.896 [main] DEBUG net.thucydides.core.reflection.ClassFinder - Could not load class .Starter.StepDefinitions.RegisterStep
16:24:37.896 [main] DEBUG net.thucydides.core.reflection.ClassFinder - Could not load class .Starter.StepDefinitions.TransactionsStep
16:24:37.896 [main] DEBUG net.thucydides.core.reflection.ClassFinder - Could not load class .Utils.RandomNumber
16:24:37.896 [main] DEBUG net.thucydides.core.reflection.ClassFinder - Could not load class META-INF.versions.9.com.sun.istack.logging.StackHelper
16:24:37.896 [main] DEBUG net.thucydides.core.reflection.ClassFinder - Could not load class META-INF.versions.9.com.sun.xml.bind.v2.runtime.reflect.opt.AccessorInjector
16:24:37.896 [main] DEBUG net.thucydides.core.reflection.ClassFinder - Could not load class META-INF.versions.9.com.sun.xml.bind.v2.runtime.reflect.opt.Injector
16:24:37.896 [main] DEBUG net.thucydides.core.reflection.ClassFinder - Could not load class META-INF.versions.9.com.sun.xml.bind.v2.runtime.reflect.opt.OptimizedAccessorFactory
16:24:37.896 [main] DEBUG net.thucydides.core.reflection.ClassFinder - Could not load class META-INF.versions.9.com.sun.xml.bind.v2.runtime.reflect.opt.OptimizedTransducedAccessorFactory
16:24:37.896 [main] DEBUG net.thucydides.core.reflection.ClassFinder - Could not load class META-INF.versions.9.io.opentelemetry.sdk.internal.CurrentJavaVersionSpecific
16:24:37.896 [main] DEBUG net.thucydides.core.reflection.ClassFinder - Could not load class META-INF.versions.9.io.opentelemetry.sdk.internal.Java9VersionSpecific
16:24:37.896 [main] DEBUG net.thucydides.core.reflection.ClassFinder - Could not load class META-INF.versions.9.javax.xml.bind.ModuleUtil
16:24:37.896 [main] DEBUG net.thucydides.core.reflection.ClassFinder - Could not load class META-INF.versions.9.module-info
16:24:37.896 [main] DEBUG net.thucydides.core.reflection.ClassFinder - Could not load class META-INF.versions.9.org.junit.platform.commons.util.ModuleUtils
16:24:38.183 [main] DEBUG net.thucydides.core.reflection.ClassFinder - Could not load class com.google.gson.internal.
16:24:38.346 [main] DEBUG net.thucydides.core.reflection.ClassFinder - Could not load class com.sun.xml.bind.v2.runtime.output.FastInfosetStreamWriterOutput
16:24:38.764 [main] DEBUG net.thucydides.core.reflection.ClassFinder - Could not load class module-info
16:24:41.161 [main] DEBUG io.netty.util.internal.logging.InternalLoggerFactory - Using SLF4J as the default logging framework
16:24:41.177 [main] DEBUG io.netty.util.ResourceLeakDetector - -Dio.netty.leakDetection.level: simple
16:24:41.177 [main] DEBUG io.netty.util.ResourceLeakDetector - -Dio.netty.leakDetection.targetRecords: 4
16:24:41.177 [main] DEBUG io.netty.util.ResourceLeakDetectorFactory - Loaded default ResourceLeakDetector: io.netty.util.ResourceLeakDetector@330888a
16:24:41.192 [main] DEBUG io.netty.util.internal.PlatformDependent0 - -Dio.netty.noUnsafe: false
16:24:41.192 [main] DEBUG io.netty.util.internal.PlatformDependent0 - Java version: 15
16:24:41.192 [main] DEBUG io.netty.util.internal.PlatformDependent0 - sun.misc.Unsafe.theUnsafe: available
16:24:41.192 [main] DEBUG io.netty.util.internal.PlatformDependent0 - sun.misc.Unsafe.copyMemory: available
16:24:41.192 [main] DEBUG io.netty.util.internal.PlatformDependent0 - java.nio.Buffer.address: available
16:24:41.192 [main] DEBUG io.netty.util.internal.PlatformDependent0 - direct buffer constructor: unavailable: Reflective setAccessible(true) disabled
16:24:41.192 [main] DEBUG io.netty.util.internal.PlatformDependent0 - java.nio.Bits.unaligned: available, true
16:24:41.192 [main] DEBUG io.netty.util.internal.PlatformDependent0 - jdk.internal.misc.Unsafe.allocateUninitializedArray(int): unavailable: class io.netty.util.internal.PlatformDependent0$6 cannot access class jdk.internal.misc.Unsafe (in module java.base) because module java.base does not export jdk.internal.misc to unnamed module @6ab72419
16:24:41.192 [main] DEBUG io.netty.util.internal.PlatformDependent0 - java.nio.DirectByteBuffer.<init>(long, int): unavailable
16:24:41.192 [main] DEBUG io.netty.util.internal.PlatformDependent - sun.misc.Unsafe: available
16:24:41.192 [main] DEBUG io.netty.util.internal.PlatformDependent - maxDirectMemory: 3141533696 bytes (maybe)
16:24:41.192 [main] DEBUG io.netty.util.internal.PlatformDependent - -Dio.netty.tmpdir: C:\Users\HPPC~1\AppData\Local\Temp (java.io.tmpdir)
16:24:41.192 [main] DEBUG io.netty.util.internal.PlatformDependent - -Dio.netty.bitMode: 64 (sun.arch.data.model)
16:24:41.192 [main] DEBUG io.netty.util.internal.PlatformDependent - Platform: Windows
16:24:41.192 [main] DEBUG io.netty.util.internal.PlatformDependent - -Dio.netty.maxDirectMemory: -1 bytes
16:24:41.192 [main] DEBUG io.netty.util.internal.PlatformDependent - -Dio.netty.uninitializedArrayAllocationThreshold: -1
16:24:41.192 [main] DEBUG io.netty.util.internal.CleanerJava9 - java.nio.ByteBuffer.cleaner(): available
16:24:41.192 [main] DEBUG io.netty.util.internal.PlatformDependent - -Dio.netty.noPreferDirect: false
16:24:41.208 [main] DEBUG io.netty.util.internal.PlatformDependent - org.jctools-core.MpscChunkedArrayQueue: available
16:24:41.224 [main] DEBUG io.netty.util.internal.InternalThreadLocalMap - -Dio.netty.threadLocalMap.stringBuilder.initialSize: 1024
16:24:41.224 [main] DEBUG io.netty.util.internal.InternalThreadLocalMap - -Dio.netty.threadLocalMap.stringBuilder.maxSize: 4096
16:24:41.255 [main] DEBUG io.netty.handler.ssl.JdkSslContext - Default protocols (JDK): [TLSv1.3, TLSv1.2, TLSv1.1, TLSv1] 
16:24:41.255 [main] DEBUG io.netty.handler.ssl.JdkSslContext - Default cipher suites (JDK): [TLS_ECDHE_ECDSA_WITH_AES_256_GCM_SHA384, TLS_ECDHE_ECDSA_WITH_AES_128_GCM_SHA256, TLS_ECDHE_RSA_WITH_AES_128_GCM_SHA256, TLS_ECDHE_RSA_WITH_AES_256_GCM_SHA384, TLS_ECDHE_RSA_WITH_AES_128_CBC_SHA, TLS_ECDHE_RSA_WITH_AES_256_CBC_SHA, TLS_RSA_WITH_AES_128_GCM_SHA256, TLS_RSA_WITH_AES_128_CBC_SHA, TLS_RSA_WITH_AES_256_CBC_SHA, TLS_AES_128_GCM_SHA256, TLS_AES_256_GCM_SHA384]
16:24:41.286 [main] DEBUG io.netty.channel.MultithreadEventLoopGroup - -Dio.netty.eventLoopThreads: 8
16:24:41.286 [main] DEBUG io.netty.channel.nio.NioEventLoop - -Dio.netty.noKeySetOptimization: false
16:24:41.286 [main] DEBUG io.netty.channel.nio.NioEventLoop - -Dio.netty.selectorAutoRebuildThreshold: 512
16:24:41.343 [main] DEBUG io.netty.buffer.PooledByteBufAllocator - -Dio.netty.allocator.numHeapArenas: 8
16:24:41.343 [main] DEBUG io.netty.buffer.PooledByteBufAllocator - -Dio.netty.allocator.numDirectArenas: 8
16:24:41.343 [main] DEBUG io.netty.buffer.PooledByteBufAllocator - -Dio.netty.allocator.pageSize: 8192
16:24:41.343 [main] DEBUG io.netty.buffer.PooledByteBufAllocator - -Dio.netty.allocator.maxOrder: 11
16:24:41.343 [main] DEBUG io.netty.buffer.PooledByteBufAllocator - -Dio.netty.allocator.chunkSize: 16777216
16:24:41.343 [main] DEBUG io.netty.buffer.PooledByteBufAllocator - -Dio.netty.allocator.smallCacheSize: 256
16:24:41.343 [main] DEBUG io.netty.buffer.PooledByteBufAllocator - -Dio.netty.allocator.normalCacheSize: 64
16:24:41.343 [main] DEBUG io.netty.buffer.PooledByteBufAllocator - -Dio.netty.allocator.maxCachedBufferCapacity: 32768
16:24:41.343 [main] DEBUG io.netty.buffer.PooledByteBufAllocator - -Dio.netty.allocator.cacheTrimInterval: 8192
16:24:41.343 [main] DEBUG io.netty.buffer.PooledByteBufAllocator - -Dio.netty.allocator.cacheTrimIntervalMillis: 0
16:24:41.343 [main] DEBUG io.netty.buffer.PooledByteBufAllocator - -Dio.netty.allocator.useCacheForAllThreads: true
16:24:41.343 [main] DEBUG io.netty.buffer.PooledByteBufAllocator - -Dio.netty.allocator.maxCachedByteBuffersPerChunk: 1023
16:24:41.343 [main] DEBUG io.netty.buffer.ByteBufUtil - -Dio.netty.allocator.type: pooled
16:24:41.343 [main] DEBUG io.netty.buffer.ByteBufUtil - -Dio.netty.threadLocalDirectBufferSize: 0
16:24:41.343 [main] DEBUG io.netty.buffer.ByteBufUtil - -Dio.netty.maxThreadLocalCharBufferSize: 16384
16:24:41.542 [main] DEBUG net.serenitybdd.core.webdriver.driverproviders.ProvideNewDriver - Instantiating driver
16:24:41.542 [main] DEBUG net.serenitybdd.core.webdriver.driverproviders.ProvideNewDriver - Driver capabilities: Capabilities {acceptInsecureCerts: false, base.url: https://qa.alta.id/, browserName: chrome, chrome.driver: src/test/resources/webdrive..., driver: chrome, goog:chromeOptions: {args: [], extensions: []}}
16:24:42.293 [Forwarding newSession on session null to remote] DEBUG io.netty.channel.DefaultChannelId - -Dio.netty.processId: 11140 (auto-detected)
16:24:42.293 [Forwarding newSession on session null to remote] DEBUG io.netty.util.NetUtil - -Djava.net.preferIPv4Stack: false
16:24:42.293 [Forwarding newSession on session null to remote] DEBUG io.netty.util.NetUtil - -Djava.net.preferIPv6Addresses: false
16:24:42.293 [Forwarding newSession on session null to remote] DEBUG io.netty.util.NetUtilInitializations - Loopback interface: lo (Software Loopback Interface 1, 127.0.0.1)
16:24:42.309 [Forwarding newSession on session null to remote] DEBUG io.netty.util.NetUtil - Failed to get SOMAXCONN from sysctl and file \proc\sys\net\core\somaxconn. Default: 200
16:24:42.325 [Forwarding newSession on session null to remote] DEBUG io.netty.channel.DefaultChannelId - -Dio.netty.machineId: 6c:02:e0:ff:fe:02:a5:c8 (auto-detected)
16:24:42.372 [AsyncHttpClient-1-2] DEBUG io.netty.buffer.AbstractByteBuf - -Dio.netty.buffer.checkAccessible: true
16:24:42.372 [AsyncHttpClient-1-2] DEBUG io.netty.buffer.AbstractByteBuf - -Dio.netty.buffer.checkBounds: true
16:24:42.372 [AsyncHttpClient-1-2] DEBUG io.netty.util.ResourceLeakDetectorFactory - Loaded default ResourceLeakDetector: io.netty.util.ResourceLeakDetector@1c69ebed
16:24:42.387 [AsyncHttpClient-1-2] DEBUG org.asynchttpclient.netty.channel.NettyConnectListener - Using new Channel '[id: 0xb7599d82, L:/127.0.0.1:54958 - R:localhost/127.0.0.1:62093]' for 'POST' to '/session'
16:24:42.403 [AsyncHttpClient-1-2] DEBUG io.netty.util.Recycler - -Dio.netty.recycler.maxCapacityPerThread: 4096
16:24:42.403 [AsyncHttpClient-1-2] DEBUG io.netty.util.Recycler - -Dio.netty.recycler.ratio: 8
16:24:42.403 [AsyncHttpClient-1-2] DEBUG io.netty.util.Recycler - -Dio.netty.recycler.chunkSize: 32
16:24:42.403 [AsyncHttpClient-1-2] DEBUG io.netty.util.Recycler - -Dio.netty.recycler.blocking: false
16:24:43.094 [AsyncHttpClient-1-2] DEBUG io.netty.handler.codec.compression.Brotli - brotli4j not in the classpath; Brotli support will be unavailable.
16:24:43.094 [AsyncHttpClient-1-2] DEBUG org.asynchttpclient.netty.handler.HttpHandler - 

Request DefaultHttpRequest(decodeResult: success, version: HTTP/1.1)
POST /session HTTP/1.1
User-Agent: selenium/4.1.2 (java windows)
Content-Length: 605
Content-Type: application/json; charset=utf-8
host: localhost:62093
accept: */*

Response DefaultHttpResponse(decodeResult: success, version: HTTP/1.1)
HTTP/1.1 200 OK
Content-Type: application/json; charset=utf-8
cache-control: no-cache
content-length: 791

16:24:43.110 [AsyncHttpClient-1-2] DEBUG org.asynchttpclient.netty.channel.ChannelManager - Adding key: http://localhost:62093 for channel [id: 0xb7599d82, L:/127.0.0.1:54958 - R:localhost/127.0.0.1:62093]
16:24:43.220 [AsyncHttpClient-1-3] DEBUG org.asynchttpclient.netty.channel.NettyConnectListener - Using new Channel '[id: 0x7d7f5c49, L:/127.0.0.1:54965 - R:localhost/127.0.0.1:54959]' for 'GET' to '/json/version'
16:24:43.242 [AsyncHttpClient-1-3] DEBUG org.asynchttpclient.netty.handler.HttpHandler - 

Request DefaultFullHttpRequest(decodeResult: success, version: HTTP/1.1, content: EmptyByteBufBE)
GET /json/version HTTP/1.1
User-Agent: selenium/4.1.2 (java windows)
host: localhost:54959
accept: */*

Response DefaultHttpResponse(decodeResult: success, version: HTTP/1.1)
HTTP/1.1 200 OK
Content-Type: application/json; charset=UTF-8
content-length: 427

16:24:43.242 [AsyncHttpClient-1-3] DEBUG org.asynchttpclient.netty.channel.ChannelManager - Adding key: http://localhost:54959 for channel [id: 0x7d7f5c49, L:/127.0.0.1:54965 - R:localhost/127.0.0.1:54959]
16:24:43.242 [main] DEBUG io.netty.util.internal.ThreadLocalRandom - -Dio.netty.initialSeedUniquifier: 0x0c5055021afd38b0
16:24:43.277 [AsyncHttpClient-1-4] DEBUG org.asynchttpclient.netty.channel.NettyConnectListener - Using new Channel '[id: 0x51e110d6, L:/127.0.0.1:54966 - R:localhost/127.0.0.1:54959]' for 'GET' to '/devtools/browser/444f5c2c-ba87-484c-9790-5810c4cf62ef'
16:24:43.283 [AsyncHttpClient-1-4] DEBUG org.asynchttpclient.netty.handler.WebSocketHandler - 

Request DefaultFullHttpRequest(decodeResult: success, version: HTTP/1.1, content: EmptyByteBufBE)
GET /devtools/browser/444f5c2c-ba87-484c-9790-5810c4cf62ef HTTP/1.1
upgrade: websocket
connection: upgrade
sec-websocket-key: xXH/GJIbErf6/f1NFZUEQw==
sec-websocket-version: 13
origin: http://localhost:54959
host: localhost:54959
accept: */*
user-agent: AHC/2.1

Response DefaultHttpResponse(decodeResult: success, version: HTTP/1.1)
HTTP/1.1 101 WebSocket Protocol Handshake
Upgrade: WebSocket
Connection: Upgrade
Sec-WebSocket-Accept: fVcM5uWNtuaFIa4aBlztvObT/9U=

16:24:43.325 [Forwarding maximizeCurrentWindow on session d1790e9fa6f77bb0c0edba1b1e72d1a8 to remote] DEBUG org.asynchttpclient.netty.request.NettyRequestSender - Using pooled Channel '[id: 0xb7599d82, L:/127.0.0.1:54958 - R:localhost/127.0.0.1:62093]' for 'POST' to 'http://localhost:62093/session/d1790e9fa6f77bb0c0edba1b1e72d1a8/window/maximize'
16:24:43.325 [Forwarding maximizeCurrentWindow on session d1790e9fa6f77bb0c0edba1b1e72d1a8 to remote] DEBUG org.asynchttpclient.netty.request.NettyRequestSender - Using open Channel [id: 0xb7599d82, L:/127.0.0.1:54958 - R:localhost/127.0.0.1:62093] for POST '/session/d1790e9fa6f77bb0c0edba1b1e72d1a8/window/maximize'
16:24:43.425 [AsyncHttpClient-1-1] DEBUG org.asynchttpclient.netty.channel.DefaultChannelPool - Entry count for : http://localhost:54959 : 1
16:24:43.445 [AsyncHttpClient-1-2] DEBUG org.asynchttpclient.netty.handler.HttpHandler - 

Request DefaultHttpRequest(decodeResult: success, version: HTTP/1.1)
POST /session/d1790e9fa6f77bb0c0edba1b1e72d1a8/window/maximize HTTP/1.1
User-Agent: selenium/4.1.2 (java windows)
Content-Length: 3
Content-Type: application/json; charset=utf-8
host: localhost:62093
accept: */*

Response DefaultHttpResponse(decodeResult: success, version: HTTP/1.1)
HTTP/1.1 200 OK
Content-Type: application/json; charset=utf-8
cache-control: no-cache
content-length: 51

16:24:43.445 [AsyncHttpClient-1-2] DEBUG org.asynchttpclient.netty.channel.ChannelManager - Adding key: http://localhost:62093 for channel [id: 0xb7599d82, L:/127.0.0.1:54958 - R:localhost/127.0.0.1:62093]
16:24:44.521 [AsyncHttpClient-1-1] DEBUG org.asynchttpclient.netty.channel.DefaultChannelPool - Entry count for : http://localhost:54959 : 1
16:24:44.521 [AsyncHttpClient-1-1] DEBUG org.asynchttpclient.netty.channel.DefaultChannelPool - Entry count for : http://localhost:62093 : 1
16:24:44.767 [main] DEBUG net.thucydides.core.reflection.ClassFinder - Could not load class .Starter.CucumberTestSuite
16:24:44.767 [main] DEBUG net.thucydides.core.reflection.ClassFinder - Could not load class .Starter.Pages.HomePage
16:24:44.767 [main] DEBUG net.thucydides.core.reflection.ClassFinder - Could not load class .Starter.Pages.LoginPage
16:24:44.767 [main] DEBUG net.thucydides.core.reflection.ClassFinder - Could not load class .Starter.Pages.OrderPage
16:24:44.767 [main] DEBUG net.thucydides.core.reflection.ClassFinder - Could not load class .Starter.Pages.ProductPage
16:24:44.767 [main] DEBUG net.thucydides.core.reflection.ClassFinder - Could not load class .Starter.Pages.RegisterPage
16:24:44.767 [main] DEBUG net.thucydides.core.reflection.ClassFinder - Could not load class .Starter.Pages.TransactionsPage
16:24:44.767 [main] DEBUG net.thucydides.core.reflection.ClassFinder - Could not load class .Starter.StepDefinitions.LoginStep
16:24:44.767 [main] DEBUG net.thucydides.core.reflection.ClassFinder - Could not load class .Starter.StepDefinitions.LogoutStep
16:24:44.767 [main] DEBUG net.thucydides.core.reflection.ClassFinder - Could not load class .Starter.StepDefinitions.OrderStep
16:24:44.767 [main] DEBUG net.thucydides.core.reflection.ClassFinder - Could not load class .Starter.StepDefinitions.ProductStep
16:24:44.767 [main] DEBUG net.thucydides.core.reflection.ClassFinder - Could not load class .Starter.StepDefinitions.RegisterStep
16:24:44.767 [main] DEBUG net.thucydides.core.reflection.ClassFinder - Could not load class .Starter.StepDefinitions.TransactionsStep
16:24:44.767 [main] DEBUG net.thucydides.core.reflection.ClassFinder - Could not load class .Utils.RandomNumber
16:24:44.767 [main] DEBUG net.thucydides.core.reflection.ClassFinder - Could not load class META-INF.versions.9.com.sun.istack.logging.StackHelper
16:24:44.767 [main] DEBUG net.thucydides.core.reflection.ClassFinder - Could not load class META-INF.versions.9.com.sun.xml.bind.v2.runtime.reflect.opt.AccessorInjector
16:24:44.767 [main] DEBUG net.thucydides.core.reflection.ClassFinder - Could not load class META-INF.versions.9.com.sun.xml.bind.v2.runtime.reflect.opt.Injector
16:24:44.767 [main] DEBUG net.thucydides.core.reflection.ClassFinder - Could not load class META-INF.versions.9.com.sun.xml.bind.v2.runtime.reflect.opt.OptimizedAccessorFactory
16:24:44.767 [main] DEBUG net.thucydides.core.reflection.ClassFinder - Could not load class META-INF.versions.9.com.sun.xml.bind.v2.runtime.reflect.opt.OptimizedTransducedAccessorFactory
16:24:44.767 [main] DEBUG net.thucydides.core.reflection.ClassFinder - Could not load class META-INF.versions.9.io.opentelemetry.sdk.internal.CurrentJavaVersionSpecific
16:24:44.767 [main] DEBUG net.thucydides.core.reflection.ClassFinder - Could not load class META-INF.versions.9.io.opentelemetry.sdk.internal.Java9VersionSpecific
16:24:44.767 [main] DEBUG net.thucydides.core.reflection.ClassFinder - Could not load class META-INF.versions.9.javax.xml.bind.ModuleUtil
16:24:44.767 [main] DEBUG net.thucydides.core.reflection.ClassFinder - Could not load class META-INF.versions.9.module-info
16:24:44.767 [main] DEBUG net.thucydides.core.reflection.ClassFinder - Could not load class META-INF.versions.9.org.junit.platform.commons.util.ModuleUtils
16:24:44.767 [main] DEBUG net.thucydides.core.reflection.ClassFinder - Could not load class com.google.gson.internal.
16:24:44.783 [main] DEBUG net.thucydides.core.reflection.ClassFinder - Could not load class com.sun.xml.bind.v2.runtime.output.FastInfosetStreamWriterOutput
16:24:44.783 [main] DEBUG net.thucydides.core.reflection.ClassFinder - Could not load class module-info
16:24:44.815 [Forwarding get on session d1790e9fa6f77bb0c0edba1b1e72d1a8 to remote] DEBUG org.asynchttpclient.netty.request.NettyRequestSender - Using pooled Channel '[id: 0xb7599d82, L:/127.0.0.1:54958 - R:localhost/127.0.0.1:62093]' for 'POST' to 'http://localhost:62093/session/d1790e9fa6f77bb0c0edba1b1e72d1a8/url'
16:24:44.815 [Forwarding get on session d1790e9fa6f77bb0c0edba1b1e72d1a8 to remote] DEBUG org.asynchttpclient.netty.request.NettyRequestSender - Using open Channel [id: 0xb7599d82, L:/127.0.0.1:54958 - R:localhost/127.0.0.1:62093] for POST '/session/d1790e9fa6f77bb0c0edba1b1e72d1a8/url'
16:24:45.618 [AsyncHttpClient-1-1] DEBUG org.asynchttpclient.netty.channel.DefaultChannelPool - Entry count for : http://localhost:54959 : 1
16:24:45.708 [AsyncHttpClient-1-2] DEBUG org.asynchttpclient.netty.handler.HttpHandler - 

Request DefaultHttpRequest(decodeResult: success, version: HTTP/1.1)
POST /session/d1790e9fa6f77bb0c0edba1b1e72d1a8/url HTTP/1.1
User-Agent: selenium/4.1.2 (java windows)
Content-Length: 64
Content-Type: application/json; charset=utf-8
host: localhost:62093
accept: */*

Response DefaultHttpResponse(decodeResult: success, version: HTTP/1.1)
HTTP/1.1 200 OK
Content-Type: application/json; charset=utf-8
cache-control: no-cache
content-length: 14

16:24:45.709 [AsyncHttpClient-1-2] DEBUG org.asynchttpclient.netty.channel.ChannelManager - Adding key: http://localhost:62093 for channel [id: 0xb7599d82, L:/127.0.0.1:54958 - R:localhost/127.0.0.1:62093]
16:24:45.709 [Forwarding setTimeout on session d1790e9fa6f77bb0c0edba1b1e72d1a8 to remote] DEBUG org.asynchttpclient.netty.request.NettyRequestSender - Using pooled Channel '[id: 0xb7599d82, L:/127.0.0.1:54958 - R:localhost/127.0.0.1:62093]' for 'POST' to 'http://localhost:62093/session/d1790e9fa6f77bb0c0edba1b1e72d1a8/timeouts'
16:24:45.709 [Forwarding setTimeout on session d1790e9fa6f77bb0c0edba1b1e72d1a8 to remote] DEBUG org.asynchttpclient.netty.request.NettyRequestSender - Using open Channel [id: 0xb7599d82, L:/127.0.0.1:54958 - R:localhost/127.0.0.1:62093] for POST '/session/d1790e9fa6f77bb0c0edba1b1e72d1a8/timeouts'
16:24:45.709 [AsyncHttpClient-1-2] DEBUG org.asynchttpclient.netty.handler.HttpHandler - 

Request DefaultHttpRequest(decodeResult: success, version: HTTP/1.1)
POST /session/d1790e9fa6f77bb0c0edba1b1e72d1a8/timeouts HTTP/1.1
User-Agent: selenium/4.1.2 (java windows)
Content-Length: 22
Content-Type: application/json; charset=utf-8
host: localhost:62093
accept: */*

Response DefaultHttpResponse(decodeResult: success, version: HTTP/1.1)
HTTP/1.1 200 OK
Content-Type: application/json; charset=utf-8
cache-control: no-cache
content-length: 14

16:24:45.709 [AsyncHttpClient-1-2] DEBUG org.asynchttpclient.netty.channel.ChannelManager - Adding key: http://localhost:62093 for channel [id: 0xb7599d82, L:/127.0.0.1:54958 - R:localhost/127.0.0.1:62093]
16:24:45.717 [Forwarding getCurrentUrl on session d1790e9fa6f77bb0c0edba1b1e72d1a8 to remote] DEBUG org.asynchttpclient.netty.request.NettyRequestSender - Using pooled Channel '[id: 0xb7599d82, L:/127.0.0.1:54958 - R:localhost/127.0.0.1:62093]' for 'GET' to 'http://localhost:62093/session/d1790e9fa6f77bb0c0edba1b1e72d1a8/url'
16:24:45.717 [Forwarding getCurrentUrl on session d1790e9fa6f77bb0c0edba1b1e72d1a8 to remote] DEBUG org.asynchttpclient.netty.request.NettyRequestSender - Using open Channel [id: 0xb7599d82, L:/127.0.0.1:54958 - R:localhost/127.0.0.1:62093] for GET '/session/d1790e9fa6f77bb0c0edba1b1e72d1a8/url'
16:24:45.727 [AsyncHttpClient-1-2] DEBUG org.asynchttpclient.netty.handler.HttpHandler - 

Request DefaultFullHttpRequest(decodeResult: success, version: HTTP/1.1, content: EmptyByteBufBE)
GET /session/d1790e9fa6f77bb0c0edba1b1e72d1a8/url HTTP/1.1
User-Agent: selenium/4.1.2 (java windows)
Cache-Control: no-cache
Content-Type: application/json; charset=utf-8
host: localhost:62093
accept: */*

Response DefaultHttpResponse(decodeResult: success, version: HTTP/1.1)
HTTP/1.1 200 OK
Content-Type: application/json; charset=utf-8
cache-control: no-cache
content-length: 41

16:24:45.727 [AsyncHttpClient-1-2] DEBUG org.asynchttpclient.netty.channel.ChannelManager - Adding key: http://localhost:62093 for channel [id: 0xb7599d82, L:/127.0.0.1:54958 - R:localhost/127.0.0.1:62093]
16:24:45.806 [main] DEBUG net.serenitybdd.core.photography.Darkroom - Opening darkroom
16:24:45.807 [Darkroom Processing Line] DEBUG net.serenitybdd.core.photography.DarkroomProcessingLine - Darkroom processing line starting up
16:24:45.810 [Forwarding screenshot on session d1790e9fa6f77bb0c0edba1b1e72d1a8 to remote] DEBUG org.asynchttpclient.netty.request.NettyRequestSender - Using pooled Channel '[id: 0xb7599d82, L:/127.0.0.1:54958 - R:localhost/127.0.0.1:62093]' for 'GET' to 'http://localhost:62093/session/d1790e9fa6f77bb0c0edba1b1e72d1a8/screenshot'
16:24:45.810 [Forwarding screenshot on session d1790e9fa6f77bb0c0edba1b1e72d1a8 to remote] DEBUG org.asynchttpclient.netty.request.NettyRequestSender - Using open Channel [id: 0xb7599d82, L:/127.0.0.1:54958 - R:localhost/127.0.0.1:62093] for GET '/session/d1790e9fa6f77bb0c0edba1b1e72d1a8/screenshot'
16:24:45.936 [AsyncHttpClient-1-2] DEBUG org.asynchttpclient.netty.handler.HttpHandler - 

Request DefaultFullHttpRequest(decodeResult: success, version: HTTP/1.1, content: EmptyByteBufBE)
GET /session/d1790e9fa6f77bb0c0edba1b1e72d1a8/screenshot HTTP/1.1
User-Agent: selenium/4.1.2 (java windows)
Cache-Control: no-cache
Content-Type: application/json; charset=utf-8
host: localhost:62093
accept: */*

Response DefaultHttpResponse(decodeResult: success, version: HTTP/1.1)
HTTP/1.1 200 OK
Content-Type: application/json; charset=utf-8
cache-control: no-cache
content-length: 24940

16:24:45.939 [AsyncHttpClient-1-2] DEBUG org.asynchttpclient.netty.channel.ChannelManager - Adding key: http://localhost:62093 for channel [id: 0xb7599d82, L:/127.0.0.1:54958 - R:localhost/127.0.0.1:62093]
16:24:46.097 [main] DEBUG net.serenitybdd.core.photography.Darkroom - Send negative for processing for target\site\serenity\11023edac3681808080020daf60d8cb00148736924ac340653f27273a0570072.png
16:24:46.097 [Darkroom Processing Line] DEBUG net.serenitybdd.core.photography.DarkroomProcessingLine - Processing screenshot image in /var/screenshots/screenshot-7398479109125775943
16:24:46.097 [Darkroom Processing Line] DEBUG net.serenitybdd.core.photography.DarkroomProcessingLine - Saving screenshot to target\site\serenity\11023edac3681808080020daf60d8cb00148736924ac340653f27273a0570072.png
16:24:46.110 [main] DEBUG net.thucydides.core.steps.StepInterceptor - STARTING STEP: LoginStep.iAmOnTheLoginPage - validateOnLoginPage
16:24:46.110 [Forwarding findElement on session d1790e9fa6f77bb0c0edba1b1e72d1a8 to remote] DEBUG org.asynchttpclient.netty.request.NettyRequestSender - Using pooled Channel '[id: 0xb7599d82, L:/127.0.0.1:54958 - R:localhost/127.0.0.1:62093]' for 'POST' to 'http://localhost:62093/session/d1790e9fa6f77bb0c0edba1b1e72d1a8/element'
16:24:46.110 [Forwarding findElement on session d1790e9fa6f77bb0c0edba1b1e72d1a8 to remote] DEBUG org.asynchttpclient.netty.request.NettyRequestSender - Using open Channel [id: 0xb7599d82, L:/127.0.0.1:54958 - R:localhost/127.0.0.1:62093] for POST '/session/d1790e9fa6f77bb0c0edba1b1e72d1a8/element'
16:24:46.144 [AsyncHttpClient-1-2] DEBUG org.asynchttpclient.netty.handler.HttpHandler - 

Request DefaultHttpRequest(decodeResult: success, version: HTTP/1.1)
POST /session/d1790e9fa6f77bb0c0edba1b1e72d1a8/element HTTP/1.1
User-Agent: selenium/4.1.2 (java windows)
Content-Length: 136
Content-Type: application/json; charset=utf-8
host: localhost:62093
accept: */*

Response DefaultHttpResponse(decodeResult: success, version: HTTP/1.1)
HTTP/1.1 200 OK
Content-Type: application/json; charset=utf-8
cache-control: no-cache
content-length: 88

16:24:46.144 [AsyncHttpClient-1-2] DEBUG org.asynchttpclient.netty.channel.ChannelManager - Adding key: http://localhost:62093 for channel [id: 0xb7599d82, L:/127.0.0.1:54958 - R:localhost/127.0.0.1:62093]
16:24:46.159 [Forwarding isElementDisplayed on session d1790e9fa6f77bb0c0edba1b1e72d1a8 to remote] DEBUG org.asynchttpclient.netty.request.NettyRequestSender - Using pooled Channel '[id: 0xb7599d82, L:/127.0.0.1:54958 - R:localhost/127.0.0.1:62093]' for 'POST' to 'http://localhost:62093/session/d1790e9fa6f77bb0c0edba1b1e72d1a8/execute/sync'
16:24:46.159 [Forwarding isElementDisplayed on session d1790e9fa6f77bb0c0edba1b1e72d1a8 to remote] DEBUG org.asynchttpclient.netty.request.NettyRequestSender - Using open Channel [id: 0xb7599d82, L:/127.0.0.1:54958 - R:localhost/127.0.0.1:62093] for POST '/session/d1790e9fa6f77bb0c0edba1b1e72d1a8/execute/sync'
16:24:46.200 [AsyncHttpClient-1-2] DEBUG org.asynchttpclient.netty.handler.HttpHandler - 

Request DefaultHttpRequest(decodeResult: success, version: HTTP/1.1)
POST /session/d1790e9fa6f77bb0c0edba1b1e72d1a8/execute/sync HTTP/1.1
User-Agent: selenium/4.1.2 (java windows)
Content-Length: 48780
Content-Type: application/json; charset=utf-8
host: localhost:62093
accept: */*

Response DefaultHttpResponse(decodeResult: success, version: HTTP/1.1)
HTTP/1.1 200 OK
Content-Type: application/json; charset=utf-8
cache-control: no-cache
content-length: 14

16:24:46.200 [AsyncHttpClient-1-2] DEBUG org.asynchttpclient.netty.channel.ChannelManager - Adding key: http://localhost:62093 for channel [id: 0xb7599d82, L:/127.0.0.1:54958 - R:localhost/127.0.0.1:62093]
16:24:46.215 [Forwarding screenshot on session d1790e9fa6f77bb0c0edba1b1e72d1a8 to remote] DEBUG org.asynchttpclient.netty.request.NettyRequestSender - Using pooled Channel '[id: 0xb7599d82, L:/127.0.0.1:54958 - R:localhost/127.0.0.1:62093]' for 'GET' to 'http://localhost:62093/session/d1790e9fa6f77bb0c0edba1b1e72d1a8/screenshot'
16:24:46.215 [Forwarding screenshot on session d1790e9fa6f77bb0c0edba1b1e72d1a8 to remote] DEBUG org.asynchttpclient.netty.request.NettyRequestSender - Using open Channel [id: 0xb7599d82, L:/127.0.0.1:54958 - R:localhost/127.0.0.1:62093] for GET '/session/d1790e9fa6f77bb0c0edba1b1e72d1a8/screenshot'
16:24:46.332 [AsyncHttpClient-1-2] DEBUG org.asynchttpclient.netty.handler.HttpHandler - 

Request DefaultFullHttpRequest(decodeResult: success, version: HTTP/1.1, content: EmptyByteBufBE)
GET /session/d1790e9fa6f77bb0c0edba1b1e72d1a8/screenshot HTTP/1.1
User-Agent: selenium/4.1.2 (java windows)
Cache-Control: no-cache
Content-Type: application/json; charset=utf-8
host: localhost:62093
accept: */*

Response DefaultHttpResponse(decodeResult: success, version: HTTP/1.1)
HTTP/1.1 200 OK
Content-Type: application/json; charset=utf-8
cache-control: no-cache
content-length: 24940

16:24:46.332 [AsyncHttpClient-1-2] DEBUG org.asynchttpclient.netty.channel.ChannelManager - Adding key: http://localhost:62093 for channel [id: 0xb7599d82, L:/127.0.0.1:54958 - R:localhost/127.0.0.1:62093]
16:24:46.348 [main] DEBUG net.serenitybdd.core.photography.Darkroom - Send negative for processing for target\site\serenity\11023edac3681808080020daf60d8cb00148736924ac340653f27273a0570072.png
16:24:46.348 [main] DEBUG net.thucydides.core.steps.StepInterceptor - STEP DONE: validateOnLoginPage
  &amp#27;[32mGiven &amp#27;[0m&amp#27;[32mI am on the login page&amp#27;[0m            &amp#27;[90m# Starter.StepDefinitions.LoginStep.iAmOnTheLoginPage()&amp#27;[0m
16:24:46.381 [main] DEBUG net.thucydides.core.steps.StepInterceptor - STARTING STEP: LoginStep.iInputEmail - inputEmail
16:24:46.397 [Forwarding findElement on session d1790e9fa6f77bb0c0edba1b1e72d1a8 to remote] DEBUG org.asynchttpclient.netty.request.NettyRequestSender - Using pooled Channel '[id: 0xb7599d82, L:/127.0.0.1:54958 - R:localhost/127.0.0.1:62093]' for 'POST' to 'http://localhost:62093/session/d1790e9fa6f77bb0c0edba1b1e72d1a8/element'
16:24:46.397 [Forwarding findElement on session d1790e9fa6f77bb0c0edba1b1e72d1a8 to remote] DEBUG org.asynchttpclient.netty.request.NettyRequestSender - Using open Channel [id: 0xb7599d82, L:/127.0.0.1:54958 - R:localhost/127.0.0.1:62093] for POST '/session/d1790e9fa6f77bb0c0edba1b1e72d1a8/element'
16:24:46.419 [AsyncHttpClient-1-2] DEBUG org.asynchttpclient.netty.handler.HttpHandler - 

Request DefaultHttpRequest(decodeResult: success, version: HTTP/1.1)
POST /session/d1790e9fa6f77bb0c0edba1b1e72d1a8/element HTTP/1.1
User-Agent: selenium/4.1.2 (java windows)
Content-Length: 91
Content-Type: application/json; charset=utf-8
host: localhost:62093
accept: */*

Response DefaultHttpResponse(decodeResult: success, version: HTTP/1.1)
HTTP/1.1 200 OK
Content-Type: application/json; charset=utf-8
cache-control: no-cache
content-length: 88

16:24:46.419 [AsyncHttpClient-1-2] DEBUG org.asynchttpclient.netty.channel.ChannelManager - Adding key: http://localhost:62093 for channel [id: 0xb7599d82, L:/127.0.0.1:54958 - R:localhost/127.0.0.1:62093]
16:24:46.419 [Forwarding clearElement on session d1790e9fa6f77bb0c0edba1b1e72d1a8 to remote] DEBUG org.asynchttpclient.netty.request.NettyRequestSender - Using pooled Channel '[id: 0xb7599d82, L:/127.0.0.1:54958 - R:localhost/127.0.0.1:62093]' for 'POST' to 'http://localhost:62093/session/d1790e9fa6f77bb0c0edba1b1e72d1a8/element/3a3a4bd2-59de-4d43-b8ac-919dfabc1f25/clear'
16:24:46.419 [Forwarding clearElement on session d1790e9fa6f77bb0c0edba1b1e72d1a8 to remote] DEBUG org.asynchttpclient.netty.request.NettyRequestSender - Using open Channel [id: 0xb7599d82, L:/127.0.0.1:54958 - R:localhost/127.0.0.1:62093] for POST '/session/d1790e9fa6f77bb0c0edba1b1e72d1a8/element/3a3a4bd2-59de-4d43-b8ac-919dfabc1f25/clear'
16:24:46.450 [AsyncHttpClient-1-2] DEBUG org.asynchttpclient.netty.handler.HttpHandler - 

Request DefaultHttpRequest(decodeResult: success, version: HTTP/1.1)
POST /session/d1790e9fa6f77bb0c0edba1b1e72d1a8/element/3a3a4bd2-59de-4d43-b8ac-919dfabc1f25/clear HTTP/1.1
User-Agent: selenium/4.1.2 (java windows)
Content-Length: 50
Content-Type: application/json; charset=utf-8
host: localhost:62093
accept: */*

Response DefaultHttpResponse(decodeResult: success, version: HTTP/1.1)
HTTP/1.1 200 OK
Content-Type: application/json; charset=utf-8
cache-control: no-cache
content-length: 14

16:24:46.450 [AsyncHttpClient-1-2] DEBUG org.asynchttpclient.netty.channel.ChannelManager - Adding key: http://localhost:62093 for channel [id: 0xb7599d82, L:/127.0.0.1:54958 - R:localhost/127.0.0.1:62093]
16:24:46.466 [Forwarding sendKeysToElement on session d1790e9fa6f77bb0c0edba1b1e72d1a8 to remote] DEBUG org.asynchttpclient.netty.request.NettyRequestSender - Using pooled Channel '[id: 0xb7599d82, L:/127.0.0.1:54958 - R:localhost/127.0.0.1:62093]' for 'POST' to 'http://localhost:62093/session/d1790e9fa6f77bb0c0edba1b1e72d1a8/element/3a3a4bd2-59de-4d43-b8ac-919dfabc1f25/value'
16:24:46.466 [Forwarding sendKeysToElement on session d1790e9fa6f77bb0c0edba1b1e72d1a8 to remote] DEBUG org.asynchttpclient.netty.request.NettyRequestSender - Using open Channel [id: 0xb7599d82, L:/127.0.0.1:54958 - R:localhost/127.0.0.1:62093] for POST '/session/d1790e9fa6f77bb0c0edba1b1e72d1a8/element/3a3a4bd2-59de-4d43-b8ac-919dfabc1f25/value'
16:24:46.606 [AsyncHttpClient-1-2] DEBUG org.asynchttpclient.netty.handler.HttpHandler - 

Request DefaultHttpRequest(decodeResult: success, version: HTTP/1.1)
POST /session/d1790e9fa6f77bb0c0edba1b1e72d1a8/element/3a3a4bd2-59de-4d43-b8ac-919dfabc1f25/value HTTP/1.1
User-Agent: selenium/4.1.2 (java windows)
Content-Length: 261
Content-Type: application/json; charset=utf-8
host: localhost:62093
accept: */*

Response DefaultHttpResponse(decodeResult: success, version: HTTP/1.1)
HTTP/1.1 200 OK
Content-Type: application/json; charset=utf-8
cache-control: no-cache
content-length: 14

16:24:46.606 [AsyncHttpClient-1-2] DEBUG org.asynchttpclient.netty.channel.ChannelManager - Adding key: http://localhost:62093 for channel [id: 0xb7599d82, L:/127.0.0.1:54958 - R:localhost/127.0.0.1:62093]
16:24:46.620 [Forwarding screenshot on session d1790e9fa6f77bb0c0edba1b1e72d1a8 to remote] DEBUG org.asynchttpclient.netty.request.NettyRequestSender - Using pooled Channel '[id: 0xb7599d82, L:/127.0.0.1:54958 - R:localhost/127.0.0.1:62093]' for 'GET' to 'http://localhost:62093/session/d1790e9fa6f77bb0c0edba1b1e72d1a8/screenshot'
16:24:46.620 [Forwarding screenshot on session d1790e9fa6f77bb0c0edba1b1e72d1a8 to remote] DEBUG org.asynchttpclient.netty.request.NettyRequestSender - Using open Channel [id: 0xb7599d82, L:/127.0.0.1:54958 - R:localhost/127.0.0.1:62093] for GET '/session/d1790e9fa6f77bb0c0edba1b1e72d1a8/screenshot'
16:24:46.718 [AsyncHttpClient-1-1] DEBUG org.asynchttpclient.netty.channel.DefaultChannelPool - Entry count for : http://localhost:54959 : 1
16:24:46.762 [AsyncHttpClient-1-2] DEBUG org.asynchttpclient.netty.handler.HttpHandler - 

Request DefaultFullHttpRequest(decodeResult: success, version: HTTP/1.1, content: EmptyByteBufBE)
GET /session/d1790e9fa6f77bb0c0edba1b1e72d1a8/screenshot HTTP/1.1
User-Agent: selenium/4.1.2 (java windows)
Cache-Control: no-cache
Content-Type: application/json; charset=utf-8
host: localhost:62093
accept: */*

Response DefaultHttpResponse(decodeResult: success, version: HTTP/1.1)
HTTP/1.1 200 OK
Content-Type: application/json; charset=utf-8
cache-control: no-cache
content-length: 29056

16:24:46.762 [AsyncHttpClient-1-2] DEBUG org.asynchttpclient.netty.channel.ChannelManager - Adding key: http://localhost:62093 for channel [id: 0xb7599d82, L:/127.0.0.1:54958 - R:localhost/127.0.0.1:62093]
16:24:46.770 [main] DEBUG net.serenitybdd.core.photography.Darkroom - Send negative for processing for target\site\serenity\927ec0be578a2682d782e5183a7920a3601a0d2eb03e7b0b4096a9927b0c0704.png
16:24:46.770 [main] DEBUG net.thucydides.core.steps.StepInterceptor - STEP DONE: inputEmail
16:24:46.770 [Darkroom Processing Line] DEBUG net.serenitybdd.core.photography.DarkroomProcessingLine - Processing screenshot image in /var/screenshots/screenshot-16552652428679602628
16:24:46.770 [Darkroom Processing Line] DEBUG net.serenitybdd.core.photography.DarkroomProcessingLine - Saving screenshot to target\site\serenity\927ec0be578a2682d782e5183a7920a3601a0d2eb03e7b0b4096a9927b0c0704.png
  &amp#27;[32mWhen &amp#27;[0m&amp#27;[32mI input &amp#27;[0m&amp#27;[32m&amp#27;[1m"hakim001@gmail.com"&amp#27;[0m&amp#27;[32m email&amp#27;[0m &amp#27;[90m# Starter.StepDefinitions.LoginStep.iInputEmail(java.lang.String)&amp#27;[0m
16:24:46.796 [main] DEBUG net.thucydides.core.steps.StepInterceptor - STARTING STEP: LoginStep.iInputPassword - inputPassword
16:24:46.805 [Forwarding findElement on session d1790e9fa6f77bb0c0edba1b1e72d1a8 to remote] DEBUG org.asynchttpclient.netty.request.NettyRequestSender - Using pooled Channel '[id: 0xb7599d82, L:/127.0.0.1:54958 - R:localhost/127.0.0.1:62093]' for 'POST' to 'http://localhost:62093/session/d1790e9fa6f77bb0c0edba1b1e72d1a8/element'
16:24:46.805 [Forwarding findElement on session d1790e9fa6f77bb0c0edba1b1e72d1a8 to remote] DEBUG org.asynchttpclient.netty.request.NettyRequestSender - Using open Channel [id: 0xb7599d82, L:/127.0.0.1:54958 - R:localhost/127.0.0.1:62093] for POST '/session/d1790e9fa6f77bb0c0edba1b1e72d1a8/element'
16:24:46.821 [AsyncHttpClient-1-2] DEBUG org.asynchttpclient.netty.handler.HttpHandler - 

Request DefaultHttpRequest(decodeResult: success, version: HTTP/1.1)
POST /session/d1790e9fa6f77bb0c0edba1b1e72d1a8/element HTTP/1.1
User-Agent: selenium/4.1.2 (java windows)
Content-Length: 94
Content-Type: application/json; charset=utf-8
host: localhost:62093
accept: */*

Response DefaultHttpResponse(decodeResult: success, version: HTTP/1.1)
HTTP/1.1 200 OK
Content-Type: application/json; charset=utf-8
cache-control: no-cache
content-length: 88

16:24:46.821 [AsyncHttpClient-1-2] DEBUG org.asynchttpclient.netty.channel.ChannelManager - Adding key: http://localhost:62093 for channel [id: 0xb7599d82, L:/127.0.0.1:54958 - R:localhost/127.0.0.1:62093]
16:24:46.821 [Forwarding clearElement on session d1790e9fa6f77bb0c0edba1b1e72d1a8 to remote] DEBUG org.asynchttpclient.netty.request.NettyRequestSender - Using pooled Channel '[id: 0xb7599d82, L:/127.0.0.1:54958 - R:localhost/127.0.0.1:62093]' for 'POST' to 'http://localhost:62093/session/d1790e9fa6f77bb0c0edba1b1e72d1a8/element/5872ef65-53ce-403a-8cd0-40dec11fa09a/clear'
16:24:46.821 [Forwarding clearElement on session d1790e9fa6f77bb0c0edba1b1e72d1a8 to remote] DEBUG org.asynchttpclient.netty.request.NettyRequestSender - Using open Channel [id: 0xb7599d82, L:/127.0.0.1:54958 - R:localhost/127.0.0.1:62093] for POST '/session/d1790e9fa6f77bb0c0edba1b1e72d1a8/element/5872ef65-53ce-403a-8cd0-40dec11fa09a/clear'
16:24:46.863 [AsyncHttpClient-1-2] DEBUG org.asynchttpclient.netty.handler.HttpHandler - 

Request DefaultHttpRequest(decodeResult: success, version: HTTP/1.1)
POST /session/d1790e9fa6f77bb0c0edba1b1e72d1a8/element/5872ef65-53ce-403a-8cd0-40dec11fa09a/clear HTTP/1.1
User-Agent: selenium/4.1.2 (java windows)
Content-Length: 50
Content-Type: application/json; charset=utf-8
host: localhost:62093
accept: */*

Response DefaultHttpResponse(decodeResult: success, version: HTTP/1.1)
HTTP/1.1 200 OK
Content-Type: application/json; charset=utf-8
cache-control: no-cache
content-length: 14

16:24:46.863 [AsyncHttpClient-1-2] DEBUG org.asynchttpclient.netty.channel.ChannelManager - Adding key: http://localhost:62093 for channel [id: 0xb7599d82, L:/127.0.0.1:54958 - R:localhost/127.0.0.1:62093]
16:24:46.863 [Forwarding sendKeysToElement on session d1790e9fa6f77bb0c0edba1b1e72d1a8 to remote] DEBUG org.asynchttpclient.netty.request.NettyRequestSender - Using pooled Channel '[id: 0xb7599d82, L:/127.0.0.1:54958 - R:localhost/127.0.0.1:62093]' for 'POST' to 'http://localhost:62093/session/d1790e9fa6f77bb0c0edba1b1e72d1a8/element/5872ef65-53ce-403a-8cd0-40dec11fa09a/value'
16:24:46.863 [Forwarding sendKeysToElement on session d1790e9fa6f77bb0c0edba1b1e72d1a8 to remote] DEBUG org.asynchttpclient.netty.request.NettyRequestSender - Using open Channel [id: 0xb7599d82, L:/127.0.0.1:54958 - R:localhost/127.0.0.1:62093] for POST '/session/d1790e9fa6f77bb0c0edba1b1e72d1a8/element/5872ef65-53ce-403a-8cd0-40dec11fa09a/value'
16:24:46.939 [AsyncHttpClient-1-2] DEBUG org.asynchttpclient.netty.handler.HttpHandler - 

Request DefaultHttpRequest(decodeResult: success, version: HTTP/1.1)
POST /session/d1790e9fa6f77bb0c0edba1b1e72d1a8/element/5872ef65-53ce-403a-8cd0-40dec11fa09a/value HTTP/1.1
User-Agent: selenium/4.1.2 (java windows)
Content-Length: 161
Content-Type: application/json; charset=utf-8
host: localhost:62093
accept: */*

Response DefaultHttpResponse(decodeResult: success, version: HTTP/1.1)
HTTP/1.1 200 OK
Content-Type: application/json; charset=utf-8
cache-control: no-cache
content-length: 14

16:24:46.940 [AsyncHttpClient-1-2] DEBUG org.asynchttpclient.netty.channel.ChannelManager - Adding key: http://localhost:62093 for channel [id: 0xb7599d82, L:/127.0.0.1:54958 - R:localhost/127.0.0.1:62093]
16:24:46.965 [Forwarding screenshot on session d1790e9fa6f77bb0c0edba1b1e72d1a8 to remote] DEBUG org.asynchttpclient.netty.request.NettyRequestSender - Using pooled Channel '[id: 0xb7599d82, L:/127.0.0.1:54958 - R:localhost/127.0.0.1:62093]' for 'GET' to 'http://localhost:62093/session/d1790e9fa6f77bb0c0edba1b1e72d1a8/screenshot'
16:24:46.965 [Forwarding screenshot on session d1790e9fa6f77bb0c0edba1b1e72d1a8 to remote] DEBUG org.asynchttpclient.netty.request.NettyRequestSender - Using open Channel [id: 0xb7599d82, L:/127.0.0.1:54958 - R:localhost/127.0.0.1:62093] for GET '/session/d1790e9fa6f77bb0c0edba1b1e72d1a8/screenshot'
16:24:47.087 [AsyncHttpClient-1-2] DEBUG org.asynchttpclient.netty.handler.HttpHandler - 

Request DefaultFullHttpRequest(decodeResult: success, version: HTTP/1.1, content: EmptyByteBufBE)
GET /session/d1790e9fa6f77bb0c0edba1b1e72d1a8/screenshot HTTP/1.1
User-Agent: selenium/4.1.2 (java windows)
Cache-Control: no-cache
Content-Type: application/json; charset=utf-8
host: localhost:62093
accept: */*

Response DefaultHttpResponse(decodeResult: success, version: HTTP/1.1)
HTTP/1.1 200 OK
Content-Type: application/json; charset=utf-8
cache-control: no-cache
content-length: 30872

16:24:47.088 [AsyncHttpClient-1-2] DEBUG org.asynchttpclient.netty.channel.ChannelManager - Adding key: http://localhost:62093 for channel [id: 0xb7599d82, L:/127.0.0.1:54958 - R:localhost/127.0.0.1:62093]
16:24:47.089 [main] DEBUG net.serenitybdd.core.photography.Darkroom - Send negative for processing for target\site\serenity\8a7694f8b748956e9a26ab974d7b42e4ad2abf8ed30659a821836bc240f6a296.png
16:24:47.089 [main] DEBUG net.thucydides.core.steps.StepInterceptor - STEP DONE: inputPassword
  &amp#27;[32mAnd &amp#27;[0m&amp#27;[32mI input &amp#27;[0m&amp#27;[32m&amp#27;[1m"Valid@01"&amp#27;[0m&amp#27;[32m password&amp#27;[0m         &amp#27;[90m# Starter.StepDefinitions.LoginStep.iInputPassword(java.lang.String)&amp#27;[0m
16:24:47.092 [Darkroom Processing Line] DEBUG net.serenitybdd.core.photography.DarkroomProcessingLine - Processing screenshot image in /var/screenshots/screenshot-10025075452788239542
16:24:47.093 [Darkroom Processing Line] DEBUG net.serenitybdd.core.photography.DarkroomProcessingLine - Saving screenshot to target\site\serenity\8a7694f8b748956e9a26ab974d7b42e4ad2abf8ed30659a821836bc240f6a296.png
16:24:47.119 [main] DEBUG net.thucydides.core.steps.StepInterceptor - STARTING STEP: LoginStep.clickLoginButton - clickLoginButton
16:24:47.135 [Forwarding findElement on session d1790e9fa6f77bb0c0edba1b1e72d1a8 to remote] DEBUG org.asynchttpclient.netty.request.NettyRequestSender - Using pooled Channel '[id: 0xb7599d82, L:/127.0.0.1:54958 - R:localhost/127.0.0.1:62093]' for 'POST' to 'http://localhost:62093/session/d1790e9fa6f77bb0c0edba1b1e72d1a8/element'
16:24:47.135 [Forwarding findElement on session d1790e9fa6f77bb0c0edba1b1e72d1a8 to remote] DEBUG org.asynchttpclient.netty.request.NettyRequestSender - Using open Channel [id: 0xb7599d82, L:/127.0.0.1:54958 - R:localhost/127.0.0.1:62093] for POST '/session/d1790e9fa6f77bb0c0edba1b1e72d1a8/element'
16:24:47.147 [AsyncHttpClient-1-2] DEBUG org.asynchttpclient.netty.handler.HttpHandler - 

Request DefaultHttpRequest(decodeResult: success, version: HTTP/1.1)
POST /session/d1790e9fa6f77bb0c0edba1b1e72d1a8/element HTTP/1.1
User-Agent: selenium/4.1.2 (java windows)
Content-Length: 136
Content-Type: application/json; charset=utf-8
host: localhost:62093
accept: */*

Response DefaultHttpResponse(decodeResult: success, version: HTTP/1.1)
HTTP/1.1 200 OK
Content-Type: application/json; charset=utf-8
cache-control: no-cache
content-length: 88

16:24:47.147 [AsyncHttpClient-1-2] DEBUG org.asynchttpclient.netty.channel.ChannelManager - Adding key: http://localhost:62093 for channel [id: 0xb7599d82, L:/127.0.0.1:54958 - R:localhost/127.0.0.1:62093]
16:24:47.147 [Forwarding getElementTagName on session d1790e9fa6f77bb0c0edba1b1e72d1a8 to remote] DEBUG org.asynchttpclient.netty.request.NettyRequestSender - Using pooled Channel '[id: 0xb7599d82, L:/127.0.0.1:54958 - R:localhost/127.0.0.1:62093]' for 'GET' to 'http://localhost:62093/session/d1790e9fa6f77bb0c0edba1b1e72d1a8/element/575f1f27-bd8e-48d0-8dfa-4a0400ff1423/name'
16:24:47.147 [Forwarding getElementTagName on session d1790e9fa6f77bb0c0edba1b1e72d1a8 to remote] DEBUG org.asynchttpclient.netty.request.NettyRequestSender - Using open Channel [id: 0xb7599d82, L:/127.0.0.1:54958 - R:localhost/127.0.0.1:62093] for GET '/session/d1790e9fa6f77bb0c0edba1b1e72d1a8/element/575f1f27-bd8e-48d0-8dfa-4a0400ff1423/name'
16:24:47.162 [AsyncHttpClient-1-2] DEBUG org.asynchttpclient.netty.handler.HttpHandler - 

Request DefaultFullHttpRequest(decodeResult: success, version: HTTP/1.1, content: EmptyByteBufBE)
GET /session/d1790e9fa6f77bb0c0edba1b1e72d1a8/element/575f1f27-bd8e-48d0-8dfa-4a0400ff1423/name HTTP/1.1
User-Agent: selenium/4.1.2 (java windows)
Cache-Control: no-cache
Content-Type: application/json; charset=utf-8
host: localhost:62093
accept: */*

Response DefaultHttpResponse(decodeResult: success, version: HTTP/1.1)
HTTP/1.1 200 OK
Content-Type: application/json; charset=utf-8
cache-control: no-cache
content-length: 18

16:24:47.162 [AsyncHttpClient-1-2] DEBUG org.asynchttpclient.netty.channel.ChannelManager - Adding key: http://localhost:62093 for channel [id: 0xb7599d82, L:/127.0.0.1:54958 - R:localhost/127.0.0.1:62093]
16:24:47.162 [Forwarding getElementTagName on session d1790e9fa6f77bb0c0edba1b1e72d1a8 to remote] DEBUG org.asynchttpclient.netty.request.NettyRequestSender - Using pooled Channel '[id: 0xb7599d82, L:/127.0.0.1:54958 - R:localhost/127.0.0.1:62093]' for 'GET' to 'http://localhost:62093/session/d1790e9fa6f77bb0c0edba1b1e72d1a8/element/575f1f27-bd8e-48d0-8dfa-4a0400ff1423/name'
16:24:47.162 [Forwarding getElementTagName on session d1790e9fa6f77bb0c0edba1b1e72d1a8 to remote] DEBUG org.asynchttpclient.netty.request.NettyRequestSender - Using open Channel [id: 0xb7599d82, L:/127.0.0.1:54958 - R:localhost/127.0.0.1:62093] for GET '/session/d1790e9fa6f77bb0c0edba1b1e72d1a8/element/575f1f27-bd8e-48d0-8dfa-4a0400ff1423/name'
16:24:47.170 [AsyncHttpClient-1-2] DEBUG org.asynchttpclient.netty.handler.HttpHandler - 

Request DefaultFullHttpRequest(decodeResult: success, version: HTTP/1.1, content: EmptyByteBufBE)
GET /session/d1790e9fa6f77bb0c0edba1b1e72d1a8/element/575f1f27-bd8e-48d0-8dfa-4a0400ff1423/name HTTP/1.1
User-Agent: selenium/4.1.2 (java windows)
Cache-Control: no-cache
Content-Type: application/json; charset=utf-8
host: localhost:62093
accept: */*

Response DefaultHttpResponse(decodeResult: success, version: HTTP/1.1)
HTTP/1.1 200 OK
Content-Type: application/json; charset=utf-8
cache-control: no-cache
content-length: 18

16:24:47.170 [AsyncHttpClient-1-2] DEBUG org.asynchttpclient.netty.channel.ChannelManager - Adding key: http://localhost:62093 for channel [id: 0xb7599d82, L:/127.0.0.1:54958 - R:localhost/127.0.0.1:62093]
16:24:47.179 [Forwarding isElementEnabled on session d1790e9fa6f77bb0c0edba1b1e72d1a8 to remote] DEBUG org.asynchttpclient.netty.request.NettyRequestSender - Using pooled Channel '[id: 0xb7599d82, L:/127.0.0.1:54958 - R:localhost/127.0.0.1:62093]' for 'GET' to 'http://localhost:62093/session/d1790e9fa6f77bb0c0edba1b1e72d1a8/element/575f1f27-bd8e-48d0-8dfa-4a0400ff1423/enabled'
16:24:47.179 [Forwarding isElementEnabled on session d1790e9fa6f77bb0c0edba1b1e72d1a8 to remote] DEBUG org.asynchttpclient.netty.request.NettyRequestSender - Using open Channel [id: 0xb7599d82, L:/127.0.0.1:54958 - R:localhost/127.0.0.1:62093] for GET '/session/d1790e9fa6f77bb0c0edba1b1e72d1a8/element/575f1f27-bd8e-48d0-8dfa-4a0400ff1423/enabled'
16:24:47.197 [AsyncHttpClient-1-2] DEBUG org.asynchttpclient.netty.handler.HttpHandler - 

Request DefaultFullHttpRequest(decodeResult: success, version: HTTP/1.1, content: EmptyByteBufBE)
GET /session/d1790e9fa6f77bb0c0edba1b1e72d1a8/element/575f1f27-bd8e-48d0-8dfa-4a0400ff1423/enabled HTTP/1.1
User-Agent: selenium/4.1.2 (java windows)
Cache-Control: no-cache
Content-Type: application/json; charset=utf-8
host: localhost:62093
accept: */*

Response DefaultHttpResponse(decodeResult: success, version: HTTP/1.1)
HTTP/1.1 200 OK
Content-Type: application/json; charset=utf-8
cache-control: no-cache
content-length: 14

16:24:47.198 [AsyncHttpClient-1-2] DEBUG org.asynchttpclient.netty.channel.ChannelManager - Adding key: http://localhost:62093 for channel [id: 0xb7599d82, L:/127.0.0.1:54958 - R:localhost/127.0.0.1:62093]
16:24:47.198 [Forwarding isElementEnabled on session d1790e9fa6f77bb0c0edba1b1e72d1a8 to remote] DEBUG org.asynchttpclient.netty.request.NettyRequestSender - Using pooled Channel '[id: 0xb7599d82, L:/127.0.0.1:54958 - R:localhost/127.0.0.1:62093]' for 'GET' to 'http://localhost:62093/session/d1790e9fa6f77bb0c0edba1b1e72d1a8/element/575f1f27-bd8e-48d0-8dfa-4a0400ff1423/enabled'
16:24:47.198 [Forwarding isElementEnabled on session d1790e9fa6f77bb0c0edba1b1e72d1a8 to remote] DEBUG org.asynchttpclient.netty.request.NettyRequestSender - Using open Channel [id: 0xb7599d82, L:/127.0.0.1:54958 - R:localhost/127.0.0.1:62093] for GET '/session/d1790e9fa6f77bb0c0edba1b1e72d1a8/element/575f1f27-bd8e-48d0-8dfa-4a0400ff1423/enabled'
16:24:47.214 [AsyncHttpClient-1-2] DEBUG org.asynchttpclient.netty.handler.HttpHandler - 

Request DefaultFullHttpRequest(decodeResult: success, version: HTTP/1.1, content: EmptyByteBufBE)
GET /session/d1790e9fa6f77bb0c0edba1b1e72d1a8/element/575f1f27-bd8e-48d0-8dfa-4a0400ff1423/enabled HTTP/1.1
User-Agent: selenium/4.1.2 (java windows)
Cache-Control: no-cache
Content-Type: application/json; charset=utf-8
host: localhost:62093
accept: */*

Response DefaultHttpResponse(decodeResult: success, version: HTTP/1.1)
HTTP/1.1 200 OK
Content-Type: application/json; charset=utf-8
cache-control: no-cache
content-length: 14

16:24:47.215 [AsyncHttpClient-1-2] DEBUG org.asynchttpclient.netty.channel.ChannelManager - Adding key: http://localhost:62093 for channel [id: 0xb7599d82, L:/127.0.0.1:54958 - R:localhost/127.0.0.1:62093]
16:24:47.215 [Forwarding findElement on session d1790e9fa6f77bb0c0edba1b1e72d1a8 to remote] DEBUG org.asynchttpclient.netty.request.NettyRequestSender - Using pooled Channel '[id: 0xb7599d82, L:/127.0.0.1:54958 - R:localhost/127.0.0.1:62093]' for 'POST' to 'http://localhost:62093/session/d1790e9fa6f77bb0c0edba1b1e72d1a8/element'
16:24:47.215 [Forwarding findElement on session d1790e9fa6f77bb0c0edba1b1e72d1a8 to remote] DEBUG org.asynchttpclient.netty.request.NettyRequestSender - Using open Channel [id: 0xb7599d82, L:/127.0.0.1:54958 - R:localhost/127.0.0.1:62093] for POST '/session/d1790e9fa6f77bb0c0edba1b1e72d1a8/element'
16:24:47.231 [AsyncHttpClient-1-2] DEBUG org.asynchttpclient.netty.handler.HttpHandler - 

Request DefaultHttpRequest(decodeResult: success, version: HTTP/1.1)
POST /session/d1790e9fa6f77bb0c0edba1b1e72d1a8/element HTTP/1.1
User-Agent: selenium/4.1.2 (java windows)
Content-Length: 136
Content-Type: application/json; charset=utf-8
host: localhost:62093
accept: */*

Response DefaultHttpResponse(decodeResult: success, version: HTTP/1.1)
HTTP/1.1 200 OK
Content-Type: application/json; charset=utf-8
cache-control: no-cache
content-length: 88

16:24:47.231 [AsyncHttpClient-1-2] DEBUG org.asynchttpclient.netty.channel.ChannelManager - Adding key: http://localhost:62093 for channel [id: 0xb7599d82, L:/127.0.0.1:54958 - R:localhost/127.0.0.1:62093]
16:24:47.231 [Forwarding clickElement on session d1790e9fa6f77bb0c0edba1b1e72d1a8 to remote] DEBUG org.asynchttpclient.netty.request.NettyRequestSender - Using pooled Channel '[id: 0xb7599d82, L:/127.0.0.1:54958 - R:localhost/127.0.0.1:62093]' for 'POST' to 'http://localhost:62093/session/d1790e9fa6f77bb0c0edba1b1e72d1a8/element/575f1f27-bd8e-48d0-8dfa-4a0400ff1423/click'
16:24:47.231 [Forwarding clickElement on session d1790e9fa6f77bb0c0edba1b1e72d1a8 to remote] DEBUG org.asynchttpclient.netty.request.NettyRequestSender - Using open Channel [id: 0xb7599d82, L:/127.0.0.1:54958 - R:localhost/127.0.0.1:62093] for POST '/session/d1790e9fa6f77bb0c0edba1b1e72d1a8/element/575f1f27-bd8e-48d0-8dfa-4a0400ff1423/click'
16:24:47.293 [AsyncHttpClient-1-2] DEBUG org.asynchttpclient.netty.handler.HttpHandler - 

Request DefaultHttpRequest(decodeResult: success, version: HTTP/1.1)
POST /session/d1790e9fa6f77bb0c0edba1b1e72d1a8/element/575f1f27-bd8e-48d0-8dfa-4a0400ff1423/click HTTP/1.1
User-Agent: selenium/4.1.2 (java windows)
Content-Length: 50
Content-Type: application/json; charset=utf-8
host: localhost:62093
accept: */*

Response DefaultHttpResponse(decodeResult: success, version: HTTP/1.1)
HTTP/1.1 200 OK
Content-Type: application/json; charset=utf-8
cache-control: no-cache
content-length: 14

16:24:47.294 [AsyncHttpClient-1-2] DEBUG org.asynchttpclient.netty.channel.ChannelManager - Adding key: http://localhost:62093 for channel [id: 0xb7599d82, L:/127.0.0.1:54958 - R:localhost/127.0.0.1:62093]
16:24:47.296 [Forwarding screenshot on session d1790e9fa6f77bb0c0edba1b1e72d1a8 to remote] DEBUG org.asynchttpclient.netty.request.NettyRequestSender - Using pooled Channel '[id: 0xb7599d82, L:/127.0.0.1:54958 - R:localhost/127.0.0.1:62093]' for 'GET' to 'http://localhost:62093/session/d1790e9fa6f77bb0c0edba1b1e72d1a8/screenshot'
16:24:47.296 [Forwarding screenshot on session d1790e9fa6f77bb0c0edba1b1e72d1a8 to remote] DEBUG org.asynchttpclient.netty.request.NettyRequestSender - Using open Channel [id: 0xb7599d82, L:/127.0.0.1:54958 - R:localhost/127.0.0.1:62093] for GET '/session/d1790e9fa6f77bb0c0edba1b1e72d1a8/screenshot'
16:24:47.463 [AsyncHttpClient-1-2] DEBUG org.asynchttpclient.netty.handler.HttpHandler - 

Request DefaultFullHttpRequest(decodeResult: success, version: HTTP/1.1, content: EmptyByteBufBE)
GET /session/d1790e9fa6f77bb0c0edba1b1e72d1a8/screenshot HTTP/1.1
User-Agent: selenium/4.1.2 (java windows)
Cache-Control: no-cache
Content-Type: application/json; charset=utf-8
host: localhost:62093
accept: */*

Response DefaultHttpResponse(decodeResult: success, version: HTTP/1.1)
HTTP/1.1 200 OK
Content-Type: application/json; charset=utf-8
cache-control: no-cache
content-length: 30612

16:24:47.463 [AsyncHttpClient-1-2] DEBUG org.asynchttpclient.netty.channel.ChannelManager - Adding key: http://localhost:62093 for channel [id: 0xb7599d82, L:/127.0.0.1:54958 - R:localhost/127.0.0.1:62093]
16:24:47.463 [main] DEBUG net.serenitybdd.core.photography.Darkroom - Send negative for processing for target\site\serenity\417b6a4fef87e3f7d425f3f23b409a9dec7ff95a60256280e250b15e4e3b9e31.png
16:24:47.463 [main] DEBUG net.thucydides.core.steps.StepInterceptor - STEP DONE: clickLoginButton
16:24:47.463 [Darkroom Processing Line] DEBUG net.serenitybdd.core.photography.DarkroomProcessingLine - Processing screenshot image in /var/screenshots/screenshot-1926424618740417722
  &amp#27;[32mAnd &amp#27;[0m&amp#27;[32mclick login button&amp#27;[0m                  &amp#27;[90m# Starter.StepDefinitions.LoginStep.clickLoginButton()&amp#27;[0m
16:24:47.463 [Darkroom Processing Line] DEBUG net.serenitybdd.core.photography.DarkroomProcessingLine - Saving screenshot to target\site\serenity\417b6a4fef87e3f7d425f3f23b409a9dec7ff95a60256280e250b15e4e3b9e31.png
16:24:47.500 [main] DEBUG net.thucydides.core.steps.StepInterceptor - STARTING STEP: LoginStep.iGetThe - headerAppears
16:24:47.502 [Forwarding findElement on session d1790e9fa6f77bb0c0edba1b1e72d1a8 to remote] DEBUG org.asynchttpclient.netty.request.NettyRequestSender - Using pooled Channel '[id: 0xb7599d82, L:/127.0.0.1:54958 - R:localhost/127.0.0.1:62093]' for 'POST' to 'http://localhost:62093/session/d1790e9fa6f77bb0c0edba1b1e72d1a8/element'
16:24:47.502 [Forwarding findElement on session d1790e9fa6f77bb0c0edba1b1e72d1a8 to remote] DEBUG org.asynchttpclient.netty.request.NettyRequestSender - Using open Channel [id: 0xb7599d82, L:/127.0.0.1:54958 - R:localhost/127.0.0.1:62093] for POST '/session/d1790e9fa6f77bb0c0edba1b1e72d1a8/element'
16:24:47.693 [AsyncHttpClient-1-2] DEBUG org.asynchttpclient.netty.handler.HttpHandler - 

Request DefaultHttpRequest(decodeResult: success, version: HTTP/1.1)
POST /session/d1790e9fa6f77bb0c0edba1b1e72d1a8/element HTTP/1.1
User-Agent: selenium/4.1.2 (java windows)
Content-Length: 103
Content-Type: application/json; charset=utf-8
host: localhost:62093
accept: */*

Response DefaultHttpResponse(decodeResult: success, version: HTTP/1.1)
HTTP/1.1 200 OK
Content-Type: application/json; charset=utf-8
cache-control: no-cache
content-length: 88

16:24:47.693 [AsyncHttpClient-1-2] DEBUG org.asynchttpclient.netty.channel.ChannelManager - Adding key: http://localhost:62093 for channel [id: 0xb7599d82, L:/127.0.0.1:54958 - R:localhost/127.0.0.1:62093]
16:24:47.712 [Forwarding isElementDisplayed on session d1790e9fa6f77bb0c0edba1b1e72d1a8 to remote] DEBUG org.asynchttpclient.netty.request.NettyRequestSender - Using pooled Channel '[id: 0xb7599d82, L:/127.0.0.1:54958 - R:localhost/127.0.0.1:62093]' for 'POST' to 'http://localhost:62093/session/d1790e9fa6f77bb0c0edba1b1e72d1a8/execute/sync'
16:24:47.723 [Forwarding isElementDisplayed on session d1790e9fa6f77bb0c0edba1b1e72d1a8 to remote] DEBUG org.asynchttpclient.netty.request.NettyRequestSender - Using open Channel [id: 0xb7599d82, L:/127.0.0.1:54958 - R:localhost/127.0.0.1:62093] for POST '/session/d1790e9fa6f77bb0c0edba1b1e72d1a8/execute/sync'
16:24:47.766 [AsyncHttpClient-1-2] DEBUG org.asynchttpclient.netty.handler.HttpHandler - 

Request DefaultHttpRequest(decodeResult: success, version: HTTP/1.1)
POST /session/d1790e9fa6f77bb0c0edba1b1e72d1a8/execute/sync HTTP/1.1
User-Agent: selenium/4.1.2 (java windows)
Content-Length: 48780
Content-Type: application/json; charset=utf-8
host: localhost:62093
accept: */*

Response DefaultHttpResponse(decodeResult: success, version: HTTP/1.1)
HTTP/1.1 200 OK
Content-Type: application/json; charset=utf-8
cache-control: no-cache
content-length: 14

16:24:47.766 [AsyncHttpClient-1-2] DEBUG org.asynchttpclient.netty.channel.ChannelManager - Adding key: http://localhost:62093 for channel [id: 0xb7599d82, L:/127.0.0.1:54958 - R:localhost/127.0.0.1:62093]
16:24:47.778 [Forwarding screenshot on session d1790e9fa6f77bb0c0edba1b1e72d1a8 to remote] DEBUG org.asynchttpclient.netty.request.NettyRequestSender - Using pooled Channel '[id: 0xb7599d82, L:/127.0.0.1:54958 - R:localhost/127.0.0.1:62093]' for 'GET' to 'http://localhost:62093/session/d1790e9fa6f77bb0c0edba1b1e72d1a8/screenshot'
16:24:47.778 [Forwarding screenshot on session d1790e9fa6f77bb0c0edba1b1e72d1a8 to remote] DEBUG org.asynchttpclient.netty.request.NettyRequestSender - Using open Channel [id: 0xb7599d82, L:/127.0.0.1:54958 - R:localhost/127.0.0.1:62093] for GET '/session/d1790e9fa6f77bb0c0edba1b1e72d1a8/screenshot'
16:24:47.817 [AsyncHttpClient-1-1] DEBUG org.asynchttpclient.netty.channel.DefaultChannelPool - Entry count for : http://localhost:54959 : 1
16:24:48.015 [AsyncHttpClient-1-2] DEBUG org.asynchttpclient.netty.handler.HttpHandler - 

Request DefaultFullHttpRequest(decodeResult: success, version: HTTP/1.1, content: EmptyByteBufBE)
GET /session/d1790e9fa6f77bb0c0edba1b1e72d1a8/screenshot HTTP/1.1
User-Agent: selenium/4.1.2 (java windows)
Cache-Control: no-cache
Content-Type: application/json; charset=utf-8
host: localhost:62093
accept: */*

Response DefaultHttpResponse(decodeResult: success, version: HTTP/1.1)
HTTP/1.1 200 OK
Content-Type: application/json; charset=utf-8
cache-control: no-cache
content-length: 30760

16:24:48.016 [AsyncHttpClient-1-2] DEBUG org.asynchttpclient.netty.channel.ChannelManager - Adding key: http://localhost:62093 for channel [id: 0xb7599d82, L:/127.0.0.1:54958 - R:localhost/127.0.0.1:62093]
16:24:48.017 [main] DEBUG net.serenitybdd.core.photography.Darkroom - Send negative for processing for target\site\serenity\f935a8760789082162bcaa1b057bc1a9a76d50c0ced9a419c6dfdbfae85656f0.png
16:24:48.017 [main] DEBUG net.thucydides.core.steps.StepInterceptor - STEP DONE: headerAppears
16:24:48.017 [Darkroom Processing Line] DEBUG net.serenitybdd.core.photography.DarkroomProcessingLine - Processing screenshot image in /var/screenshots/screenshot-14352771598056949091
16:24:48.017 [Darkroom Processing Line] DEBUG net.serenitybdd.core.photography.DarkroomProcessingLine - Saving screenshot to target\site\serenity\f935a8760789082162bcaa1b057bc1a9a76d50c0ced9a419c6dfdbfae85656f0.png
16:24:48.039 [main] DEBUG net.thucydides.core.steps.StepInterceptor - STARTING STEP: LoginStep.iGetThe - headerTextEqual
16:24:48.052 [Forwarding findElement on session d1790e9fa6f77bb0c0edba1b1e72d1a8 to remote] DEBUG org.asynchttpclient.netty.request.NettyRequestSender - Using pooled Channel '[id: 0xb7599d82, L:/127.0.0.1:54958 - R:localhost/127.0.0.1:62093]' for 'POST' to 'http://localhost:62093/session/d1790e9fa6f77bb0c0edba1b1e72d1a8/element'
16:24:48.052 [Forwarding findElement on session d1790e9fa6f77bb0c0edba1b1e72d1a8 to remote] DEBUG org.asynchttpclient.netty.request.NettyRequestSender - Using open Channel [id: 0xb7599d82, L:/127.0.0.1:54958 - R:localhost/127.0.0.1:62093] for POST '/session/d1790e9fa6f77bb0c0edba1b1e72d1a8/element'
16:24:48.073 [AsyncHttpClient-1-2] DEBUG org.asynchttpclient.netty.handler.HttpHandler - 

Request DefaultHttpRequest(decodeResult: success, version: HTTP/1.1)
POST /session/d1790e9fa6f77bb0c0edba1b1e72d1a8/element HTTP/1.1
User-Agent: selenium/4.1.2 (java windows)
Content-Length: 103
Content-Type: application/json; charset=utf-8
host: localhost:62093
accept: */*

Response DefaultHttpResponse(decodeResult: success, version: HTTP/1.1)
HTTP/1.1 200 OK
Content-Type: application/json; charset=utf-8
cache-control: no-cache
content-length: 88

16:24:48.074 [AsyncHttpClient-1-2] DEBUG org.asynchttpclient.netty.channel.ChannelManager - Adding key: http://localhost:62093 for channel [id: 0xb7599d82, L:/127.0.0.1:54958 - R:localhost/127.0.0.1:62093]
16:24:48.080 [Forwarding getElementText on session d1790e9fa6f77bb0c0edba1b1e72d1a8 to remote] DEBUG org.asynchttpclient.netty.request.NettyRequestSender - Using pooled Channel '[id: 0xb7599d82, L:/127.0.0.1:54958 - R:localhost/127.0.0.1:62093]' for 'GET' to 'http://localhost:62093/session/d1790e9fa6f77bb0c0edba1b1e72d1a8/element/491716db-b185-40e6-ae5c-f497f2f40f32/text'
16:24:48.080 [Forwarding getElementText on session d1790e9fa6f77bb0c0edba1b1e72d1a8 to remote] DEBUG org.asynchttpclient.netty.request.NettyRequestSender - Using open Channel [id: 0xb7599d82, L:/127.0.0.1:54958 - R:localhost/127.0.0.1:62093] for GET '/session/d1790e9fa6f77bb0c0edba1b1e72d1a8/element/491716db-b185-40e6-ae5c-f497f2f40f32/text'
16:24:48.101 [AsyncHttpClient-1-2] DEBUG org.asynchttpclient.netty.handler.HttpHandler - 

Request DefaultFullHttpRequest(decodeResult: success, version: HTTP/1.1, content: EmptyByteBufBE)
GET /session/d1790e9fa6f77bb0c0edba1b1e72d1a8/element/491716db-b185-40e6-ae5c-f497f2f40f32/text HTTP/1.1
User-Agent: selenium/4.1.2 (java windows)
Cache-Control: no-cache
Content-Type: application/json; charset=utf-8
host: localhost:62093
accept: */*

Response DefaultHttpResponse(decodeResult: success, version: HTTP/1.1)
HTTP/1.1 200 OK
Content-Type: application/json; charset=utf-8
cache-control: no-cache
content-length: 12

16:24:48.102 [AsyncHttpClient-1-2] DEBUG org.asynchttpclient.netty.channel.ChannelManager - Adding key: http://localhost:62093 for channel [id: 0xb7599d82, L:/127.0.0.1:54958 - R:localhost/127.0.0.1:62093]
16:24:48.117 [Forwarding screenshot on session d1790e9fa6f77bb0c0edba1b1e72d1a8 to remote] DEBUG org.asynchttpclient.netty.request.NettyRequestSender - Using pooled Channel '[id: 0xb7599d82, L:/127.0.0.1:54958 - R:localhost/127.0.0.1:62093]' for 'GET' to 'http://localhost:62093/session/d1790e9fa6f77bb0c0edba1b1e72d1a8/screenshot'
16:24:48.117 [Forwarding screenshot on session d1790e9fa6f77bb0c0edba1b1e72d1a8 to remote] DEBUG org.asynchttpclient.netty.request.NettyRequestSender - Using open Channel [id: 0xb7599d82, L:/127.0.0.1:54958 - R:localhost/127.0.0.1:62093] for GET '/session/d1790e9fa6f77bb0c0edba1b1e72d1a8/screenshot'
16:24:48.295 [AsyncHttpClient-1-2] DEBUG org.asynchttpclient.netty.handler.HttpHandler - 

Request DefaultFullHttpRequest(decodeResult: success, version: HTTP/1.1, content: EmptyByteBufBE)
GET /session/d1790e9fa6f77bb0c0edba1b1e72d1a8/screenshot HTTP/1.1
User-Agent: selenium/4.1.2 (java windows)
Cache-Control: no-cache
Content-Type: application/json; charset=utf-8
host: localhost:62093
accept: */*

Response DefaultHttpResponse(decodeResult: success, version: HTTP/1.1)
HTTP/1.1 200 OK
Content-Type: application/json; charset=utf-8
cache-control: no-cache
content-length: 36796

16:24:48.296 [AsyncHttpClient-1-2] DEBUG org.asynchttpclient.netty.channel.ChannelManager - Adding key: http://localhost:62093 for channel [id: 0xb7599d82, L:/127.0.0.1:54958 - R:localhost/127.0.0.1:62093]
16:24:48.304 [main] DEBUG net.serenitybdd.core.photography.Darkroom - Send negative for processing for target\site\serenity\face05594217cbb5f20f40cc09c3771ec03390e9cb0d1ef2b27ccc03152ab052.png
16:24:48.304 [main] DEBUG net.thucydides.core.steps.StepInterceptor - STEP DONE: headerTextEqual
  &amp#27;[32mThen &amp#27;[0m&amp#27;[32mI get the &amp#27;[0m&amp#27;[32m&amp#27;[1m"home page"&amp#27;[0m              &amp#27;[90m# Starter.StepDefinitions.LoginStep.iGetThe(java.lang.String)&amp#27;[0m
16:24:48.305 [Darkroom Processing Line] DEBUG net.serenitybdd.core.photography.DarkroomProcessingLine - Processing screenshot image in /var/screenshots/screenshot-16819779668431229991
16:24:48.323 [Darkroom Processing Line] DEBUG net.serenitybdd.core.photography.DarkroomProcessingLine - Saving screenshot to target\site\serenity\face05594217cbb5f20f40cc09c3771ec03390e9cb0d1ef2b27ccc03152ab052.png
16:24:48.800 [AsyncHttpClient-1-4] DEBUG org.asynchttpclient.netty.handler.WebSocketHandler - Channel Closed: [id: 0x51e110d6, L:/127.0.0.1:54966 ! R:localhost/127.0.0.1:54959] with attribute NettyResponseFuture{currentRetry=5,
	isDone=1,
	isCancelled=0,
	asyncHandler=org.asynchttpclient.ws.WebSocketUpgradeHandler@465a8199,
	nettyRequest=org.asynchttpclient.netty.request.NettyRequest@4b65b8a5,
	future=java.util.concurrent.CompletableFuture@19030a7e[Completed normally],
	uri=ws://localhost:54959/devtools/browser/444f5c2c-ba87-484c-9790-5810c4cf62ef,
	keepAlive=true,
	redirectCount=0,
	timeoutsHolder=null,
	inAuth=0,
	touch=1653038683293}
16:24:48.800 [AsyncHttpClient-1-4] DEBUG org.asynchttpclient.netty.channel.ChannelManager - Closing Channel [id: 0x51e110d6, L:/127.0.0.1:54966 ! R:localhost/127.0.0.1:54959] 
16:24:48.819 [Driver Command Executor] DEBUG org.asynchttpclient.netty.request.NettyRequestSender - Using pooled Channel '[id: 0xb7599d82, L:/127.0.0.1:54958 - R:localhost/127.0.0.1:62093]' for 'DELETE' to 'http://localhost:62093/session/d1790e9fa6f77bb0c0edba1b1e72d1a8'
16:24:48.819 [Driver Command Executor] DEBUG org.asynchttpclient.netty.request.NettyRequestSender - Using open Channel [id: 0xb7599d82, L:/127.0.0.1:54958 - R:localhost/127.0.0.1:62093] for DELETE '/session/d1790e9fa6f77bb0c0edba1b1e72d1a8'
16:24:48.918 [AsyncHttpClient-1-1] DEBUG org.asynchttpclient.netty.channel.DefaultChannelPool - Entry count for : http://localhost:54959 : 1
16:24:49.088 [AsyncHttpClient-1-3] DEBUG org.asynchttpclient.netty.handler.HttpHandler - Unexpected I/O exception on channel [id: 0x7d7f5c49, L:/127.0.0.1:54965 - R:localhost/127.0.0.1:54959]
java.net.SocketException: Connection reset
	at java.base/sun.nio.ch.SocketChannelImpl.throwConnectionReset(SocketChannelImpl.java:367)
	at java.base/sun.nio.ch.SocketChannelImpl.read(SocketChannelImpl.java:398)
	at io.netty.buffer.PooledByteBuf.setBytes(PooledByteBuf.java:258)
	at io.netty.buffer.AbstractByteBuf.writeBytes(AbstractByteBuf.java:1132)
	at io.netty.channel.socket.nio.NioSocketChannel.doReadBytes(NioSocketChannel.java:350)
	at io.netty.channel.nio.AbstractNioByteChannel$NioByteUnsafe.read(AbstractNioByteChannel.java:151)
	at io.netty.channel.nio.NioEventLoop.processSelectedKey(NioEventLoop.java:722)
	at io.netty.channel.nio.NioEventLoop.processSelectedKeysOptimized(NioEventLoop.java:658)
	at io.netty.channel.nio.NioEventLoop.processSelectedKeys(NioEventLoop.java:584)
	at io.netty.channel.nio.NioEventLoop.run(NioEventLoop.java:496)
	at io.netty.util.concurrent.SingleThreadEventExecutor$4.run(SingleThreadEventExecutor.java:986)
	at io.netty.util.internal.ThreadExecutorMap$2.run(ThreadExecutorMap.java:74)
	at io.netty.util.concurrent.FastThreadLocalRunnable.run(FastThreadLocalRunnable.java:30)
	at java.base/java.lang.Thread.run(Thread.java:832)
16:24:49.088 [AsyncHttpClient-1-3] DEBUG org.asynchttpclient.netty.channel.ChannelManager - Closing Channel [id: 0x7d7f5c49, L:/127.0.0.1:54965 - R:localhost/127.0.0.1:54959] 
16:24:49.089 [AsyncHttpClient-1-3] DEBUG org.asynchttpclient.netty.handler.HttpHandler - Channel Closed: [id: 0x7d7f5c49, L:/127.0.0.1:54965 ! R:localhost/127.0.0.1:54959] with attribute DISCARD
16:24:49.103 [AsyncHttpClient-1-2] DEBUG org.asynchttpclient.netty.handler.HttpHandler - 

Request DefaultFullHttpRequest(decodeResult: success, version: HTTP/1.1, content: EmptyByteBufBE)
DELETE /session/d1790e9fa6f77bb0c0edba1b1e72d1a8 HTTP/1.1
User-Agent: selenium/4.1.2 (java windows)
Content-Type: application/json; charset=utf-8
host: localhost:62093
accept: */*

Response DefaultHttpResponse(decodeResult: success, version: HTTP/1.1)
HTTP/1.1 200 OK
Content-Type: application/json; charset=utf-8
cache-control: no-cache
content-length: 14

16:24:49.103 [AsyncHttpClient-1-2] DEBUG org.asynchttpclient.netty.channel.ChannelManager - Adding key: http://localhost:62093 for channel [id: 0xb7599d82, L:/127.0.0.1:54958 - R:localhost/127.0.0.1:62093]
16:24:49.163 [AsyncHttpClient-1-2] DEBUG org.asynchttpclient.netty.handler.HttpHandler - Channel Closed: [id: 0xb7599d82, L:/127.0.0.1:54958 ! R:localhost/127.0.0.1:62093] with attribute DISCARD
16:24:49.699 [main] INFO  - 
  _____   ___   ___   _____     ___     _     ___   ___   ___   ___  
 |_   _| | __| / __| |_   _|   | _ \   /_\   / __| / __| | __| |   \ 
   | |   | _|  \__ \   | |     |  _/  / _ \  \__ \ \__ \ | _|  | |) |
   |_|   |___| |___/   |_|     |_|   /_/ \_\ |___/ |___/ |___| |___/ 

Login scenario
----------------------------------------------------------------------
]]></system-out>
    <system-err><![CDATA[Starting ChromeDriver 101.0.4951.41 (93c720db8323b3ec10d056025ab95c23a31997c9-refs/branch-heads/4951@{#904}) on port 62093
Only local connections are allowed.
Please see https://chromedriver.chromium.org/security-considerations for suggestions on keeping ChromeDriver safe.
ChromeDriver was started successfully.
May 20, 2022 4:24:43 PM org.openqa.selenium.remote.ProtocolHandshake createSession
INFO: Detected dialect: W3C
May 20, 2022 4:24:43 PM org.openqa.selenium.devtools.CdpVersionFinder findNearestMatch
WARNING: Unable to find an exact match for CDP version 101, so returning the closest version found: 97
May 20, 2022 4:24:43 PM org.openqa.selenium.devtools.CdpVersionFinder findNearestMatch
INFO: Found CDP implementation for version 101 of 97
]]></system-err>
  </testcase>
  <testcase name="Login scenario #2" classname="Login" time="8.493">
    <system-out><![CDATA[
@Login
Scenario Outline: Login scenario  &amp#27;[90m# src/test/resources/features/Login.feature:17&amp#27;[0m
16:24:49.737 [main] INFO io.cucumber.core.plugin.SerenityReporter - Running feature from file:///D:/data%20hakim/Mini%20Project%20Alterra/WebAlta/src/test/resources/features/Login.feature
16:24:49.784 [main] INFO net.serenitybdd.core.webdriver.driverproviders.ChromeDriverProvider - Using automatically driver download
16:24:49.894 [main] DEBUG io.github.bonigarcia.wdm.cache.ResolutionCache - Resolution chrome=101 in cache (valid until 17:18:55 20/05/2022 WIB)
16:24:49.915 [main] DEBUG io.github.bonigarcia.wdm.cache.ResolutionCache - Resolution chrome101=101.0.4951.41 in cache (valid until 21:21:16 20/05/2022 WIB)
16:24:49.915 [main] INFO io.github.bonigarcia.wdm.WebDriverManager - Using chromedriver 101.0.4951.41 (resolved driver for Chrome 101)
16:24:49.937 [main] DEBUG io.github.bonigarcia.wdm.WebDriverManager - Driver chromedriver 101.0.4951.41 found in cache
16:24:49.937 [main] INFO io.github.bonigarcia.wdm.WebDriverManager - Exporting webdriver.chrome.driver as C:\Users\hp pc\.cache\selenium\chromedriver\win32\101.0.4951.41\chromedriver.exe
16:24:50.015 [AsyncHttpClient-1-1] DEBUG org.asynchttpclient.netty.channel.DefaultChannelPool - Entry count for : http://localhost:54959 : 1
16:24:50.015 [AsyncHttpClient-1-1] DEBUG org.asynchttpclient.netty.channel.DefaultChannelPool - Entry count for : http://localhost:62093 : 1
16:24:50.015 [AsyncHttpClient-1-1] DEBUG org.asynchttpclient.netty.channel.DefaultChannelPool - Adding Candidate expired Channel [id: 0x7d7f5c49, L:/127.0.0.1:54965 ! R:localhost/127.0.0.1:54959] isIdleTimeoutExpired=false isRemotelyClosed=true isTtlExpired=false
16:24:50.015 [AsyncHttpClient-1-1] DEBUG org.asynchttpclient.netty.channel.DefaultChannelPool - Closing Idle Channel [id: 0x7d7f5c49, L:/127.0.0.1:54965 ! R:localhost/127.0.0.1:54959]
16:24:50.015 [AsyncHttpClient-1-1] DEBUG org.asynchttpclient.netty.channel.DefaultChannelPool - Adding Candidate expired Channel [id: 0xb7599d82, L:/127.0.0.1:54958 ! R:localhost/127.0.0.1:62093] isIdleTimeoutExpired=false isRemotelyClosed=true isTtlExpired=false
16:24:50.015 [AsyncHttpClient-1-1] DEBUG org.asynchttpclient.netty.channel.DefaultChannelPool - Closing Idle Channel [id: 0xb7599d82, L:/127.0.0.1:54958 ! R:localhost/127.0.0.1:62093]
16:24:50.015 [AsyncHttpClient-1-1] DEBUG org.asynchttpclient.netty.channel.DefaultChannelPool - Closed 2 connections out of 2 in 0 ms
16:24:50.032 [main] DEBUG net.serenitybdd.core.webdriver.driverproviders.ProvideNewDriver - Instantiating driver
16:24:50.032 [main] DEBUG net.serenitybdd.core.webdriver.driverproviders.ProvideNewDriver - Driver capabilities: Capabilities {acceptInsecureCerts: false, base.url: https://qa.alta.id/, browserName: chrome, chrome.driver: src/test/resources/webdrive..., driver: chrome, goog:chromeOptions: {args: [], extensions: []}}
16:24:50.554 [AsyncHttpClient-1-5] DEBUG org.asynchttpclient.netty.channel.NettyConnectListener - Using new Channel '[id: 0x63f0e8a9, L:/127.0.0.1:54986 - R:localhost/127.0.0.1:55049]' for 'POST' to '/session'
16:24:51.290 [AsyncHttpClient-1-5] DEBUG org.asynchttpclient.netty.handler.HttpHandler - 

Request DefaultHttpRequest(decodeResult: success, version: HTTP/1.1)
POST /session HTTP/1.1
User-Agent: selenium/4.1.2 (java windows)
Content-Length: 605
Content-Type: application/json; charset=utf-8
host: localhost:55049
accept: */*

Response DefaultHttpResponse(decodeResult: success, version: HTTP/1.1)
HTTP/1.1 200 OK
Content-Type: application/json; charset=utf-8
cache-control: no-cache
content-length: 791

16:24:51.290 [AsyncHttpClient-1-5] DEBUG org.asynchttpclient.netty.channel.ChannelManager - Adding key: http://localhost:55049 for channel [id: 0x63f0e8a9, L:/127.0.0.1:54986 - R:localhost/127.0.0.1:55049]
16:24:51.301 [AsyncHttpClient-1-6] DEBUG org.asynchttpclient.netty.channel.NettyConnectListener - Using new Channel '[id: 0x268ee1fb, L:/127.0.0.1:54993 - R:localhost/127.0.0.1:54987]' for 'GET' to '/json/version'
16:24:51.308 [AsyncHttpClient-1-6] DEBUG org.asynchttpclient.netty.handler.HttpHandler - 

Request DefaultFullHttpRequest(decodeResult: success, version: HTTP/1.1, content: EmptyByteBufBE)
GET /json/version HTTP/1.1
User-Agent: selenium/4.1.2 (java windows)
host: localhost:54987
accept: */*

Response DefaultHttpResponse(decodeResult: success, version: HTTP/1.1)
HTTP/1.1 200 OK
Content-Type: application/json; charset=UTF-8
content-length: 427

16:24:51.308 [AsyncHttpClient-1-6] DEBUG org.asynchttpclient.netty.channel.ChannelManager - Adding key: http://localhost:54987 for channel [id: 0x268ee1fb, L:/127.0.0.1:54993 - R:localhost/127.0.0.1:54987]
16:24:51.312 [AsyncHttpClient-1-7] DEBUG org.asynchttpclient.netty.channel.NettyConnectListener - Using new Channel '[id: 0x4f66a65c, L:/127.0.0.1:54994 - R:localhost/127.0.0.1:54987]' for 'GET' to '/devtools/browser/6efb9c6c-60a3-43ac-a446-6bb5b555395d'
16:24:51.313 [AsyncHttpClient-1-7] DEBUG org.asynchttpclient.netty.handler.WebSocketHandler - 

Request DefaultFullHttpRequest(decodeResult: success, version: HTTP/1.1, content: EmptyByteBufBE)
GET /devtools/browser/6efb9c6c-60a3-43ac-a446-6bb5b555395d HTTP/1.1
upgrade: websocket
connection: upgrade
sec-websocket-key: 0m7W+bfOvmo82BFfXXgTBw==
sec-websocket-version: 13
origin: http://localhost:54987
host: localhost:54987
accept: */*
user-agent: AHC/2.1

Response DefaultHttpResponse(decodeResult: success, version: HTTP/1.1)
HTTP/1.1 101 WebSocket Protocol Handshake
Upgrade: WebSocket
Connection: Upgrade
Sec-WebSocket-Accept: 6ROA2PuNVNZqBy3cgrVeLPRfBs8=

16:24:51.321 [Forwarding maximizeCurrentWindow on session a2bfbdc3b63b4622785ebcf308210ad9 to remote] DEBUG org.asynchttpclient.netty.request.NettyRequestSender - Using pooled Channel '[id: 0x63f0e8a9, L:/127.0.0.1:54986 - R:localhost/127.0.0.1:55049]' for 'POST' to 'http://localhost:55049/session/a2bfbdc3b63b4622785ebcf308210ad9/window/maximize'
16:24:51.321 [Forwarding maximizeCurrentWindow on session a2bfbdc3b63b4622785ebcf308210ad9 to remote] DEBUG org.asynchttpclient.netty.request.NettyRequestSender - Using open Channel [id: 0x63f0e8a9, L:/127.0.0.1:54986 - R:localhost/127.0.0.1:55049] for POST '/session/a2bfbdc3b63b4622785ebcf308210ad9/window/maximize'
16:24:51.449 [AsyncHttpClient-1-5] DEBUG org.asynchttpclient.netty.handler.HttpHandler - 

Request DefaultHttpRequest(decodeResult: success, version: HTTP/1.1)
POST /session/a2bfbdc3b63b4622785ebcf308210ad9/window/maximize HTTP/1.1
User-Agent: selenium/4.1.2 (java windows)
Content-Length: 3
Content-Type: application/json; charset=utf-8
host: localhost:55049
accept: */*

Response DefaultHttpResponse(decodeResult: success, version: HTTP/1.1)
HTTP/1.1 200 OK
Content-Type: application/json; charset=utf-8
cache-control: no-cache
content-length: 51

16:24:51.449 [AsyncHttpClient-1-5] DEBUG org.asynchttpclient.netty.channel.ChannelManager - Adding key: http://localhost:55049 for channel [id: 0x63f0e8a9, L:/127.0.0.1:54986 - R:localhost/127.0.0.1:55049]
16:24:51.451 [Forwarding get on session a2bfbdc3b63b4622785ebcf308210ad9 to remote] DEBUG org.asynchttpclient.netty.request.NettyRequestSender - Using pooled Channel '[id: 0x63f0e8a9, L:/127.0.0.1:54986 - R:localhost/127.0.0.1:55049]' for 'POST' to 'http://localhost:55049/session/a2bfbdc3b63b4622785ebcf308210ad9/url'
16:24:51.451 [Forwarding get on session a2bfbdc3b63b4622785ebcf308210ad9 to remote] DEBUG org.asynchttpclient.netty.request.NettyRequestSender - Using open Channel [id: 0x63f0e8a9, L:/127.0.0.1:54986 - R:localhost/127.0.0.1:55049] for POST '/session/a2bfbdc3b63b4622785ebcf308210ad9/url'
16:24:52.215 [AsyncHttpClient-1-1] DEBUG org.asynchttpclient.netty.channel.DefaultChannelPool - Entry count for : http://localhost:54987 : 1
16:24:53.319 [AsyncHttpClient-1-1] DEBUG org.asynchttpclient.netty.channel.DefaultChannelPool - Entry count for : http://localhost:54987 : 1
16:24:54.418 [AsyncHttpClient-1-1] DEBUG org.asynchttpclient.netty.channel.DefaultChannelPool - Entry count for : http://localhost:54987 : 1
16:24:55.519 [AsyncHttpClient-1-1] DEBUG org.asynchttpclient.netty.channel.DefaultChannelPool - Entry count for : http://localhost:54987 : 1
16:24:55.816 [AsyncHttpClient-1-5] DEBUG org.asynchttpclient.netty.handler.HttpHandler - 

Request DefaultHttpRequest(decodeResult: success, version: HTTP/1.1)
POST /session/a2bfbdc3b63b4622785ebcf308210ad9/url HTTP/1.1
User-Agent: selenium/4.1.2 (java windows)
Content-Length: 64
Content-Type: application/json; charset=utf-8
host: localhost:55049
accept: */*

Response DefaultHttpResponse(decodeResult: success, version: HTTP/1.1)
HTTP/1.1 200 OK
Content-Type: application/json; charset=utf-8
cache-control: no-cache
content-length: 14

16:24:55.816 [AsyncHttpClient-1-5] DEBUG org.asynchttpclient.netty.channel.ChannelManager - Adding key: http://localhost:55049 for channel [id: 0x63f0e8a9, L:/127.0.0.1:54986 - R:localhost/127.0.0.1:55049]
16:24:55.816 [Forwarding setTimeout on session a2bfbdc3b63b4622785ebcf308210ad9 to remote] DEBUG org.asynchttpclient.netty.request.NettyRequestSender - Using pooled Channel '[id: 0x63f0e8a9, L:/127.0.0.1:54986 - R:localhost/127.0.0.1:55049]' for 'POST' to 'http://localhost:55049/session/a2bfbdc3b63b4622785ebcf308210ad9/timeouts'
16:24:55.816 [Forwarding setTimeout on session a2bfbdc3b63b4622785ebcf308210ad9 to remote] DEBUG org.asynchttpclient.netty.request.NettyRequestSender - Using open Channel [id: 0x63f0e8a9, L:/127.0.0.1:54986 - R:localhost/127.0.0.1:55049] for POST '/session/a2bfbdc3b63b4622785ebcf308210ad9/timeouts'
16:24:55.824 [AsyncHttpClient-1-5] DEBUG org.asynchttpclient.netty.handler.HttpHandler - 

Request DefaultHttpRequest(decodeResult: success, version: HTTP/1.1)
POST /session/a2bfbdc3b63b4622785ebcf308210ad9/timeouts HTTP/1.1
User-Agent: selenium/4.1.2 (java windows)
Content-Length: 22
Content-Type: application/json; charset=utf-8
host: localhost:55049
accept: */*

Response DefaultHttpResponse(decodeResult: success, version: HTTP/1.1)
HTTP/1.1 200 OK
Content-Type: application/json; charset=utf-8
cache-control: no-cache
content-length: 14

16:24:55.825 [AsyncHttpClient-1-5] DEBUG org.asynchttpclient.netty.channel.ChannelManager - Adding key: http://localhost:55049 for channel [id: 0x63f0e8a9, L:/127.0.0.1:54986 - R:localhost/127.0.0.1:55049]
16:24:55.825 [Forwarding getCurrentUrl on session a2bfbdc3b63b4622785ebcf308210ad9 to remote] DEBUG org.asynchttpclient.netty.request.NettyRequestSender - Using pooled Channel '[id: 0x63f0e8a9, L:/127.0.0.1:54986 - R:localhost/127.0.0.1:55049]' for 'GET' to 'http://localhost:55049/session/a2bfbdc3b63b4622785ebcf308210ad9/url'
16:24:55.825 [Forwarding getCurrentUrl on session a2bfbdc3b63b4622785ebcf308210ad9 to remote] DEBUG org.asynchttpclient.netty.request.NettyRequestSender - Using open Channel [id: 0x63f0e8a9, L:/127.0.0.1:54986 - R:localhost/127.0.0.1:55049] for GET '/session/a2bfbdc3b63b4622785ebcf308210ad9/url'
16:24:55.833 [AsyncHttpClient-1-5] DEBUG org.asynchttpclient.netty.handler.HttpHandler - 

Request DefaultFullHttpRequest(decodeResult: success, version: HTTP/1.1, content: EmptyByteBufBE)
GET /session/a2bfbdc3b63b4622785ebcf308210ad9/url HTTP/1.1
User-Agent: selenium/4.1.2 (java windows)
Cache-Control: no-cache
Content-Type: application/json; charset=utf-8
host: localhost:55049
accept: */*

Response DefaultHttpResponse(decodeResult: success, version: HTTP/1.1)
HTTP/1.1 200 OK
Content-Type: application/json; charset=utf-8
cache-control: no-cache
content-length: 41

16:24:55.833 [AsyncHttpClient-1-5] DEBUG org.asynchttpclient.netty.channel.ChannelManager - Adding key: http://localhost:55049 for channel [id: 0x63f0e8a9, L:/127.0.0.1:54986 - R:localhost/127.0.0.1:55049]
16:24:55.841 [Forwarding screenshot on session a2bfbdc3b63b4622785ebcf308210ad9 to remote] DEBUG org.asynchttpclient.netty.request.NettyRequestSender - Using pooled Channel '[id: 0x63f0e8a9, L:/127.0.0.1:54986 - R:localhost/127.0.0.1:55049]' for 'GET' to 'http://localhost:55049/session/a2bfbdc3b63b4622785ebcf308210ad9/screenshot'
16:24:55.841 [Forwarding screenshot on session a2bfbdc3b63b4622785ebcf308210ad9 to remote] DEBUG org.asynchttpclient.netty.request.NettyRequestSender - Using open Channel [id: 0x63f0e8a9, L:/127.0.0.1:54986 - R:localhost/127.0.0.1:55049] for GET '/session/a2bfbdc3b63b4622785ebcf308210ad9/screenshot'
16:24:55.949 [AsyncHttpClient-1-5] DEBUG org.asynchttpclient.netty.handler.HttpHandler - 

Request DefaultFullHttpRequest(decodeResult: success, version: HTTP/1.1, content: EmptyByteBufBE)
GET /session/a2bfbdc3b63b4622785ebcf308210ad9/screenshot HTTP/1.1
User-Agent: selenium/4.1.2 (java windows)
Cache-Control: no-cache
Content-Type: application/json; charset=utf-8
host: localhost:55049
accept: */*

Response DefaultHttpResponse(decodeResult: success, version: HTTP/1.1)
HTTP/1.1 200 OK
Content-Type: application/json; charset=utf-8
cache-control: no-cache
content-length: 24940

16:24:55.949 [AsyncHttpClient-1-5] DEBUG org.asynchttpclient.netty.channel.ChannelManager - Adding key: http://localhost:55049 for channel [id: 0x63f0e8a9, L:/127.0.0.1:54986 - R:localhost/127.0.0.1:55049]
16:24:55.949 [main] DEBUG net.serenitybdd.core.photography.Darkroom - Send negative for processing for target\site\serenity\11023edac3681808080020daf60d8cb00148736924ac340653f27273a0570072.png
16:24:55.949 [main] DEBUG net.thucydides.core.steps.StepInterceptor - STARTING STEP: LoginStep.iAmOnTheLoginPage - validateOnLoginPage
16:24:55.965 [Forwarding findElement on session a2bfbdc3b63b4622785ebcf308210ad9 to remote] DEBUG org.asynchttpclient.netty.request.NettyRequestSender - Using pooled Channel '[id: 0x63f0e8a9, L:/127.0.0.1:54986 - R:localhost/127.0.0.1:55049]' for 'POST' to 'http://localhost:55049/session/a2bfbdc3b63b4622785ebcf308210ad9/element'
16:24:55.965 [Forwarding findElement on session a2bfbdc3b63b4622785ebcf308210ad9 to remote] DEBUG org.asynchttpclient.netty.request.NettyRequestSender - Using open Channel [id: 0x63f0e8a9, L:/127.0.0.1:54986 - R:localhost/127.0.0.1:55049] for POST '/session/a2bfbdc3b63b4622785ebcf308210ad9/element'
16:24:55.969 [AsyncHttpClient-1-5] DEBUG org.asynchttpclient.netty.handler.HttpHandler - 

Request DefaultHttpRequest(decodeResult: success, version: HTTP/1.1)
POST /session/a2bfbdc3b63b4622785ebcf308210ad9/element HTTP/1.1
User-Agent: selenium/4.1.2 (java windows)
Content-Length: 136
Content-Type: application/json; charset=utf-8
host: localhost:55049
accept: */*

Response DefaultHttpResponse(decodeResult: success, version: HTTP/1.1)
HTTP/1.1 200 OK
Content-Type: application/json; charset=utf-8
cache-control: no-cache
content-length: 88

16:24:55.969 [AsyncHttpClient-1-5] DEBUG org.asynchttpclient.netty.channel.ChannelManager - Adding key: http://localhost:55049 for channel [id: 0x63f0e8a9, L:/127.0.0.1:54986 - R:localhost/127.0.0.1:55049]
16:24:55.969 [Forwarding isElementDisplayed on session a2bfbdc3b63b4622785ebcf308210ad9 to remote] DEBUG org.asynchttpclient.netty.request.NettyRequestSender - Using pooled Channel '[id: 0x63f0e8a9, L:/127.0.0.1:54986 - R:localhost/127.0.0.1:55049]' for 'POST' to 'http://localhost:55049/session/a2bfbdc3b63b4622785ebcf308210ad9/execute/sync'
16:24:55.969 [Forwarding isElementDisplayed on session a2bfbdc3b63b4622785ebcf308210ad9 to remote] DEBUG org.asynchttpclient.netty.request.NettyRequestSender - Using open Channel [id: 0x63f0e8a9, L:/127.0.0.1:54986 - R:localhost/127.0.0.1:55049] for POST '/session/a2bfbdc3b63b4622785ebcf308210ad9/execute/sync'
16:24:55.985 [AsyncHttpClient-1-5] DEBUG org.asynchttpclient.netty.handler.HttpHandler - 

Request DefaultHttpRequest(decodeResult: success, version: HTTP/1.1)
POST /session/a2bfbdc3b63b4622785ebcf308210ad9/execute/sync HTTP/1.1
User-Agent: selenium/4.1.2 (java windows)
Content-Length: 48780
Content-Type: application/json; charset=utf-8
host: localhost:55049
accept: */*

Response DefaultHttpResponse(decodeResult: success, version: HTTP/1.1)
HTTP/1.1 200 OK
Content-Type: application/json; charset=utf-8
cache-control: no-cache
content-length: 14

16:24:55.985 [AsyncHttpClient-1-5] DEBUG org.asynchttpclient.netty.channel.ChannelManager - Adding key: http://localhost:55049 for channel [id: 0x63f0e8a9, L:/127.0.0.1:54986 - R:localhost/127.0.0.1:55049]
16:24:55.985 [main] DEBUG net.thucydides.core.steps.StepInterceptor - STEP DONE: validateOnLoginPage
  &amp#27;[32mGiven &amp#27;[0m&amp#27;[32mI am on the login page&amp#27;[0m    &amp#27;[90m# Starter.StepDefinitions.LoginStep.iAmOnTheLoginPage()&amp#27;[0m
16:24:56.000 [Forwarding screenshot on session a2bfbdc3b63b4622785ebcf308210ad9 to remote] DEBUG org.asynchttpclient.netty.request.NettyRequestSender - Using pooled Channel '[id: 0x63f0e8a9, L:/127.0.0.1:54986 - R:localhost/127.0.0.1:55049]' for 'GET' to 'http://localhost:55049/session/a2bfbdc3b63b4622785ebcf308210ad9/screenshot'
16:24:56.000 [Forwarding screenshot on session a2bfbdc3b63b4622785ebcf308210ad9 to remote] DEBUG org.asynchttpclient.netty.request.NettyRequestSender - Using open Channel [id: 0x63f0e8a9, L:/127.0.0.1:54986 - R:localhost/127.0.0.1:55049] for GET '/session/a2bfbdc3b63b4622785ebcf308210ad9/screenshot'
16:24:56.091 [AsyncHttpClient-1-5] DEBUG org.asynchttpclient.netty.handler.HttpHandler - 

Request DefaultFullHttpRequest(decodeResult: success, version: HTTP/1.1, content: EmptyByteBufBE)
GET /session/a2bfbdc3b63b4622785ebcf308210ad9/screenshot HTTP/1.1
User-Agent: selenium/4.1.2 (java windows)
Cache-Control: no-cache
Content-Type: application/json; charset=utf-8
host: localhost:55049
accept: */*

Response DefaultHttpResponse(decodeResult: success, version: HTTP/1.1)
HTTP/1.1 200 OK
Content-Type: application/json; charset=utf-8
cache-control: no-cache
content-length: 24940

16:24:56.091 [AsyncHttpClient-1-5] DEBUG org.asynchttpclient.netty.channel.ChannelManager - Adding key: http://localhost:55049 for channel [id: 0x63f0e8a9, L:/127.0.0.1:54986 - R:localhost/127.0.0.1:55049]
16:24:56.091 [main] DEBUG net.serenitybdd.core.photography.Darkroom - Send negative for processing for target\site\serenity\11023edac3681808080020daf60d8cb00148736924ac340653f27273a0570072.png
16:24:56.099 [main] DEBUG net.thucydides.core.steps.StepInterceptor - STARTING STEP: LoginStep.iInputEmail - inputEmail
16:24:56.099 [Forwarding findElement on session a2bfbdc3b63b4622785ebcf308210ad9 to remote] DEBUG org.asynchttpclient.netty.request.NettyRequestSender - Using pooled Channel '[id: 0x63f0e8a9, L:/127.0.0.1:54986 - R:localhost/127.0.0.1:55049]' for 'POST' to 'http://localhost:55049/session/a2bfbdc3b63b4622785ebcf308210ad9/element'
16:24:56.099 [Forwarding findElement on session a2bfbdc3b63b4622785ebcf308210ad9 to remote] DEBUG org.asynchttpclient.netty.request.NettyRequestSender - Using open Channel [id: 0x63f0e8a9, L:/127.0.0.1:54986 - R:localhost/127.0.0.1:55049] for POST '/session/a2bfbdc3b63b4622785ebcf308210ad9/element'
16:24:56.114 [AsyncHttpClient-1-5] DEBUG org.asynchttpclient.netty.handler.HttpHandler - 

Request DefaultHttpRequest(decodeResult: success, version: HTTP/1.1)
POST /session/a2bfbdc3b63b4622785ebcf308210ad9/element HTTP/1.1
User-Agent: selenium/4.1.2 (java windows)
Content-Length: 91
Content-Type: application/json; charset=utf-8
host: localhost:55049
accept: */*

Response DefaultHttpResponse(decodeResult: success, version: HTTP/1.1)
HTTP/1.1 200 OK
Content-Type: application/json; charset=utf-8
cache-control: no-cache
content-length: 88

16:24:56.114 [AsyncHttpClient-1-5] DEBUG org.asynchttpclient.netty.channel.ChannelManager - Adding key: http://localhost:55049 for channel [id: 0x63f0e8a9, L:/127.0.0.1:54986 - R:localhost/127.0.0.1:55049]
16:24:56.114 [Forwarding clearElement on session a2bfbdc3b63b4622785ebcf308210ad9 to remote] DEBUG org.asynchttpclient.netty.request.NettyRequestSender - Using pooled Channel '[id: 0x63f0e8a9, L:/127.0.0.1:54986 - R:localhost/127.0.0.1:55049]' for 'POST' to 'http://localhost:55049/session/a2bfbdc3b63b4622785ebcf308210ad9/element/038f345c-38f4-4f45-a561-b04af54576d3/clear'
16:24:56.114 [Forwarding clearElement on session a2bfbdc3b63b4622785ebcf308210ad9 to remote] DEBUG org.asynchttpclient.netty.request.NettyRequestSender - Using open Channel [id: 0x63f0e8a9, L:/127.0.0.1:54986 - R:localhost/127.0.0.1:55049] for POST '/session/a2bfbdc3b63b4622785ebcf308210ad9/element/038f345c-38f4-4f45-a561-b04af54576d3/clear'
16:24:56.146 [AsyncHttpClient-1-5] DEBUG org.asynchttpclient.netty.handler.HttpHandler - 

Request DefaultHttpRequest(decodeResult: success, version: HTTP/1.1)
POST /session/a2bfbdc3b63b4622785ebcf308210ad9/element/038f345c-38f4-4f45-a561-b04af54576d3/clear HTTP/1.1
User-Agent: selenium/4.1.2 (java windows)
Content-Length: 50
Content-Type: application/json; charset=utf-8
host: localhost:55049
accept: */*

Response DefaultHttpResponse(decodeResult: success, version: HTTP/1.1)
HTTP/1.1 200 OK
Content-Type: application/json; charset=utf-8
cache-control: no-cache
content-length: 14

16:24:56.146 [AsyncHttpClient-1-5] DEBUG org.asynchttpclient.netty.channel.ChannelManager - Adding key: http://localhost:55049 for channel [id: 0x63f0e8a9, L:/127.0.0.1:54986 - R:localhost/127.0.0.1:55049]
16:24:56.146 [Forwarding sendKeysToElement on session a2bfbdc3b63b4622785ebcf308210ad9 to remote] DEBUG org.asynchttpclient.netty.request.NettyRequestSender - Using pooled Channel '[id: 0x63f0e8a9, L:/127.0.0.1:54986 - R:localhost/127.0.0.1:55049]' for 'POST' to 'http://localhost:55049/session/a2bfbdc3b63b4622785ebcf308210ad9/element/038f345c-38f4-4f45-a561-b04af54576d3/value'
16:24:56.146 [Forwarding sendKeysToElement on session a2bfbdc3b63b4622785ebcf308210ad9 to remote] DEBUG org.asynchttpclient.netty.request.NettyRequestSender - Using open Channel [id: 0x63f0e8a9, L:/127.0.0.1:54986 - R:localhost/127.0.0.1:55049] for POST '/session/a2bfbdc3b63b4622785ebcf308210ad9/element/038f345c-38f4-4f45-a561-b04af54576d3/value'
16:24:56.180 [AsyncHttpClient-1-5] DEBUG org.asynchttpclient.netty.handler.HttpHandler - 

Request DefaultHttpRequest(decodeResult: success, version: HTTP/1.1)
POST /session/a2bfbdc3b63b4622785ebcf308210ad9/element/038f345c-38f4-4f45-a561-b04af54576d3/value HTTP/1.1
User-Agent: selenium/4.1.2 (java windows)
Content-Length: 82
Content-Type: application/json; charset=utf-8
host: localhost:55049
accept: */*

Response DefaultHttpResponse(decodeResult: success, version: HTTP/1.1)
HTTP/1.1 200 OK
Content-Type: application/json; charset=utf-8
cache-control: no-cache
content-length: 14

16:24:56.180 [AsyncHttpClient-1-5] DEBUG org.asynchttpclient.netty.channel.ChannelManager - Adding key: http://localhost:55049 for channel [id: 0x63f0e8a9, L:/127.0.0.1:54986 - R:localhost/127.0.0.1:55049]
16:24:56.188 [Forwarding screenshot on session a2bfbdc3b63b4622785ebcf308210ad9 to remote] DEBUG org.asynchttpclient.netty.request.NettyRequestSender - Using pooled Channel '[id: 0x63f0e8a9, L:/127.0.0.1:54986 - R:localhost/127.0.0.1:55049]' for 'GET' to 'http://localhost:55049/session/a2bfbdc3b63b4622785ebcf308210ad9/screenshot'
16:24:56.188 [Forwarding screenshot on session a2bfbdc3b63b4622785ebcf308210ad9 to remote] DEBUG org.asynchttpclient.netty.request.NettyRequestSender - Using open Channel [id: 0x63f0e8a9, L:/127.0.0.1:54986 - R:localhost/127.0.0.1:55049] for GET '/session/a2bfbdc3b63b4622785ebcf308210ad9/screenshot'
16:24:56.291 [AsyncHttpClient-1-5] DEBUG org.asynchttpclient.netty.handler.HttpHandler - 

Request DefaultFullHttpRequest(decodeResult: success, version: HTTP/1.1, content: EmptyByteBufBE)
GET /session/a2bfbdc3b63b4622785ebcf308210ad9/screenshot HTTP/1.1
User-Agent: selenium/4.1.2 (java windows)
Cache-Control: no-cache
Content-Type: application/json; charset=utf-8
host: localhost:55049
accept: */*

Response DefaultHttpResponse(decodeResult: success, version: HTTP/1.1)
HTTP/1.1 200 OK
Content-Type: application/json; charset=utf-8
cache-control: no-cache
content-length: 25176

16:24:56.291 [AsyncHttpClient-1-5] DEBUG org.asynchttpclient.netty.channel.ChannelManager - Adding key: http://localhost:55049 for channel [id: 0x63f0e8a9, L:/127.0.0.1:54986 - R:localhost/127.0.0.1:55049]
16:24:56.291 [main] DEBUG net.serenitybdd.core.photography.Darkroom - Send negative for processing for target\site\serenity\27901e3b6b11b05e123d63ae05b3513979cc1909be6828dcfaf7977e3f2058f9.png
16:24:56.291 [main] DEBUG net.thucydides.core.steps.StepInterceptor - STEP DONE: inputEmail
  &amp#27;[32mWhen &amp#27;[0m&amp#27;[32mI input &amp#27;[0m&amp#27;[32m&amp#27;[1m""&amp#27;[0m&amp#27;[32m email&amp#27;[0m           &amp#27;[90m# Starter.StepDefinitions.LoginStep.iInputEmail(java.lang.String)&amp#27;[0m
16:24:56.291 [Darkroom Processing Line] DEBUG net.serenitybdd.core.photography.DarkroomProcessingLine - Processing screenshot image in /var/screenshots/screenshot-2098138034636244809
16:24:56.291 [Darkroom Processing Line] DEBUG net.serenitybdd.core.photography.DarkroomProcessingLine - Saving screenshot to target\site\serenity\27901e3b6b11b05e123d63ae05b3513979cc1909be6828dcfaf7977e3f2058f9.png
16:24:56.310 [main] DEBUG net.thucydides.core.steps.StepInterceptor - STARTING STEP: LoginStep.iInputPassword - inputPassword
16:24:56.310 [Forwarding findElement on session a2bfbdc3b63b4622785ebcf308210ad9 to remote] DEBUG org.asynchttpclient.netty.request.NettyRequestSender - Using pooled Channel '[id: 0x63f0e8a9, L:/127.0.0.1:54986 - R:localhost/127.0.0.1:55049]' for 'POST' to 'http://localhost:55049/session/a2bfbdc3b63b4622785ebcf308210ad9/element'
16:24:56.310 [Forwarding findElement on session a2bfbdc3b63b4622785ebcf308210ad9 to remote] DEBUG org.asynchttpclient.netty.request.NettyRequestSender - Using open Channel [id: 0x63f0e8a9, L:/127.0.0.1:54986 - R:localhost/127.0.0.1:55049] for POST '/session/a2bfbdc3b63b4622785ebcf308210ad9/element'
16:24:56.317 [AsyncHttpClient-1-5] DEBUG org.asynchttpclient.netty.handler.HttpHandler - 

Request DefaultHttpRequest(decodeResult: success, version: HTTP/1.1)
POST /session/a2bfbdc3b63b4622785ebcf308210ad9/element HTTP/1.1
User-Agent: selenium/4.1.2 (java windows)
Content-Length: 94
Content-Type: application/json; charset=utf-8
host: localhost:55049
accept: */*

Response DefaultHttpResponse(decodeResult: success, version: HTTP/1.1)
HTTP/1.1 200 OK
Content-Type: application/json; charset=utf-8
cache-control: no-cache
content-length: 88

16:24:56.325 [AsyncHttpClient-1-5] DEBUG org.asynchttpclient.netty.channel.ChannelManager - Adding key: http://localhost:55049 for channel [id: 0x63f0e8a9, L:/127.0.0.1:54986 - R:localhost/127.0.0.1:55049]
16:24:56.325 [Forwarding clearElement on session a2bfbdc3b63b4622785ebcf308210ad9 to remote] DEBUG org.asynchttpclient.netty.request.NettyRequestSender - Using pooled Channel '[id: 0x63f0e8a9, L:/127.0.0.1:54986 - R:localhost/127.0.0.1:55049]' for 'POST' to 'http://localhost:55049/session/a2bfbdc3b63b4622785ebcf308210ad9/element/13d68c29-2e88-4ac5-bd5c-ae67739b6136/clear'
16:24:56.325 [Forwarding clearElement on session a2bfbdc3b63b4622785ebcf308210ad9 to remote] DEBUG org.asynchttpclient.netty.request.NettyRequestSender - Using open Channel [id: 0x63f0e8a9, L:/127.0.0.1:54986 - R:localhost/127.0.0.1:55049] for POST '/session/a2bfbdc3b63b4622785ebcf308210ad9/element/13d68c29-2e88-4ac5-bd5c-ae67739b6136/clear'
16:24:56.350 [AsyncHttpClient-1-5] DEBUG org.asynchttpclient.netty.handler.HttpHandler - 

Request DefaultHttpRequest(decodeResult: success, version: HTTP/1.1)
POST /session/a2bfbdc3b63b4622785ebcf308210ad9/element/13d68c29-2e88-4ac5-bd5c-ae67739b6136/clear HTTP/1.1
User-Agent: selenium/4.1.2 (java windows)
Content-Length: 50
Content-Type: application/json; charset=utf-8
host: localhost:55049
accept: */*

Response DefaultHttpResponse(decodeResult: success, version: HTTP/1.1)
HTTP/1.1 200 OK
Content-Type: application/json; charset=utf-8
cache-control: no-cache
content-length: 14

16:24:56.350 [AsyncHttpClient-1-5] DEBUG org.asynchttpclient.netty.channel.ChannelManager - Adding key: http://localhost:55049 for channel [id: 0x63f0e8a9, L:/127.0.0.1:54986 - R:localhost/127.0.0.1:55049]
16:24:56.350 [Forwarding sendKeysToElement on session a2bfbdc3b63b4622785ebcf308210ad9 to remote] DEBUG org.asynchttpclient.netty.request.NettyRequestSender - Using pooled Channel '[id: 0x63f0e8a9, L:/127.0.0.1:54986 - R:localhost/127.0.0.1:55049]' for 'POST' to 'http://localhost:55049/session/a2bfbdc3b63b4622785ebcf308210ad9/element/13d68c29-2e88-4ac5-bd5c-ae67739b6136/value'
16:24:56.350 [Forwarding sendKeysToElement on session a2bfbdc3b63b4622785ebcf308210ad9 to remote] DEBUG org.asynchttpclient.netty.request.NettyRequestSender - Using open Channel [id: 0x63f0e8a9, L:/127.0.0.1:54986 - R:localhost/127.0.0.1:55049] for POST '/session/a2bfbdc3b63b4622785ebcf308210ad9/element/13d68c29-2e88-4ac5-bd5c-ae67739b6136/value'
16:24:56.439 [AsyncHttpClient-1-5] DEBUG org.asynchttpclient.netty.handler.HttpHandler - 

Request DefaultHttpRequest(decodeResult: success, version: HTTP/1.1)
POST /session/a2bfbdc3b63b4622785ebcf308210ad9/element/13d68c29-2e88-4ac5-bd5c-ae67739b6136/value HTTP/1.1
User-Agent: selenium/4.1.2 (java windows)
Content-Length: 161
Content-Type: application/json; charset=utf-8
host: localhost:55049
accept: */*

Response DefaultHttpResponse(decodeResult: success, version: HTTP/1.1)
HTTP/1.1 200 OK
Content-Type: application/json; charset=utf-8
cache-control: no-cache
content-length: 14

16:24:56.439 [AsyncHttpClient-1-5] DEBUG org.asynchttpclient.netty.channel.ChannelManager - Adding key: http://localhost:55049 for channel [id: 0x63f0e8a9, L:/127.0.0.1:54986 - R:localhost/127.0.0.1:55049]
16:24:56.447 [Forwarding screenshot on session a2bfbdc3b63b4622785ebcf308210ad9 to remote] DEBUG org.asynchttpclient.netty.request.NettyRequestSender - Using pooled Channel '[id: 0x63f0e8a9, L:/127.0.0.1:54986 - R:localhost/127.0.0.1:55049]' for 'GET' to 'http://localhost:55049/session/a2bfbdc3b63b4622785ebcf308210ad9/screenshot'
16:24:56.447 [Forwarding screenshot on session a2bfbdc3b63b4622785ebcf308210ad9 to remote] DEBUG org.asynchttpclient.netty.request.NettyRequestSender - Using open Channel [id: 0x63f0e8a9, L:/127.0.0.1:54986 - R:localhost/127.0.0.1:55049] for GET '/session/a2bfbdc3b63b4622785ebcf308210ad9/screenshot'
16:24:56.618 [AsyncHttpClient-1-5] DEBUG org.asynchttpclient.netty.handler.HttpHandler - 

Request DefaultFullHttpRequest(decodeResult: success, version: HTTP/1.1, content: EmptyByteBufBE)
GET /session/a2bfbdc3b63b4622785ebcf308210ad9/screenshot HTTP/1.1
User-Agent: selenium/4.1.2 (java windows)
Cache-Control: no-cache
Content-Type: application/json; charset=utf-8
host: localhost:55049
accept: */*

Response DefaultHttpResponse(decodeResult: success, version: HTTP/1.1)
HTTP/1.1 200 OK
Content-Type: application/json; charset=utf-8
cache-control: no-cache
content-length: 27688

16:24:56.618 [AsyncHttpClient-1-5] DEBUG org.asynchttpclient.netty.channel.ChannelManager - Adding key: http://localhost:55049 for channel [id: 0x63f0e8a9, L:/127.0.0.1:54986 - R:localhost/127.0.0.1:55049]
16:24:56.621 [AsyncHttpClient-1-1] DEBUG org.asynchttpclient.netty.channel.DefaultChannelPool - Entry count for : http://localhost:54987 : 1
16:24:56.621 [AsyncHttpClient-1-1] DEBUG org.asynchttpclient.netty.channel.DefaultChannelPool - Entry count for : http://localhost:55049 : 1
16:24:56.622 [main] DEBUG net.serenitybdd.core.photography.Darkroom - Send negative for processing for target\site\serenity\38a1fb93bf0346c2b1661b145798c42a56df9ab68648f71eae186db3bee292be.png
16:24:56.622 [main] DEBUG net.thucydides.core.steps.StepInterceptor - STEP DONE: inputPassword
  &amp#27;[32mAnd &amp#27;[0m&amp#27;[32mI input &amp#27;[0m&amp#27;[32m&amp#27;[1m"Valid@01"&amp#27;[0m&amp#27;[32m password&amp#27;[0m &amp#27;[90m# Starter.StepDefinitions.LoginStep.iInputPassword(java.lang.String)&amp#27;[0m
16:24:56.622 [Darkroom Processing Line] DEBUG net.serenitybdd.core.photography.DarkroomProcessingLine - Processing screenshot image in /var/screenshots/screenshot-13901447980454179051
16:24:56.622 [Darkroom Processing Line] DEBUG net.serenitybdd.core.photography.DarkroomProcessingLine - Saving screenshot to target\site\serenity\38a1fb93bf0346c2b1661b145798c42a56df9ab68648f71eae186db3bee292be.png
16:24:56.643 [main] DEBUG net.thucydides.core.steps.StepInterceptor - STARTING STEP: LoginStep.clickLoginButton - clickLoginButton
16:24:56.643 [Forwarding findElement on session a2bfbdc3b63b4622785ebcf308210ad9 to remote] DEBUG org.asynchttpclient.netty.request.NettyRequestSender - Using pooled Channel '[id: 0x63f0e8a9, L:/127.0.0.1:54986 - R:localhost/127.0.0.1:55049]' for 'POST' to 'http://localhost:55049/session/a2bfbdc3b63b4622785ebcf308210ad9/element'
16:24:56.643 [Forwarding findElement on session a2bfbdc3b63b4622785ebcf308210ad9 to remote] DEBUG org.asynchttpclient.netty.request.NettyRequestSender - Using open Channel [id: 0x63f0e8a9, L:/127.0.0.1:54986 - R:localhost/127.0.0.1:55049] for POST '/session/a2bfbdc3b63b4622785ebcf308210ad9/element'
16:24:56.672 [AsyncHttpClient-1-5] DEBUG org.asynchttpclient.netty.handler.HttpHandler - 

Request DefaultHttpRequest(decodeResult: success, version: HTTP/1.1)
POST /session/a2bfbdc3b63b4622785ebcf308210ad9/element HTTP/1.1
User-Agent: selenium/4.1.2 (java windows)
Content-Length: 136
Content-Type: application/json; charset=utf-8
host: localhost:55049
accept: */*

Response DefaultHttpResponse(decodeResult: success, version: HTTP/1.1)
HTTP/1.1 200 OK
Content-Type: application/json; charset=utf-8
cache-control: no-cache
content-length: 88

16:24:56.672 [AsyncHttpClient-1-5] DEBUG org.asynchttpclient.netty.channel.ChannelManager - Adding key: http://localhost:55049 for channel [id: 0x63f0e8a9, L:/127.0.0.1:54986 - R:localhost/127.0.0.1:55049]
16:24:56.673 [Forwarding getElementTagName on session a2bfbdc3b63b4622785ebcf308210ad9 to remote] DEBUG org.asynchttpclient.netty.request.NettyRequestSender - Using pooled Channel '[id: 0x63f0e8a9, L:/127.0.0.1:54986 - R:localhost/127.0.0.1:55049]' for 'GET' to 'http://localhost:55049/session/a2bfbdc3b63b4622785ebcf308210ad9/element/afd7a5a6-870d-4c17-84e2-3bf9dab06fe8/name'
16:24:56.673 [Forwarding getElementTagName on session a2bfbdc3b63b4622785ebcf308210ad9 to remote] DEBUG org.asynchttpclient.netty.request.NettyRequestSender - Using open Channel [id: 0x63f0e8a9, L:/127.0.0.1:54986 - R:localhost/127.0.0.1:55049] for GET '/session/a2bfbdc3b63b4622785ebcf308210ad9/element/afd7a5a6-870d-4c17-84e2-3bf9dab06fe8/name'
16:24:56.685 [AsyncHttpClient-1-5] DEBUG org.asynchttpclient.netty.handler.HttpHandler - 

Request DefaultFullHttpRequest(decodeResult: success, version: HTTP/1.1, content: EmptyByteBufBE)
GET /session/a2bfbdc3b63b4622785ebcf308210ad9/element/afd7a5a6-870d-4c17-84e2-3bf9dab06fe8/name HTTP/1.1
User-Agent: selenium/4.1.2 (java windows)
Cache-Control: no-cache
Content-Type: application/json; charset=utf-8
host: localhost:55049
accept: */*

Response DefaultHttpResponse(decodeResult: success, version: HTTP/1.1)
HTTP/1.1 200 OK
Content-Type: application/json; charset=utf-8
cache-control: no-cache
content-length: 18

16:24:56.685 [AsyncHttpClient-1-5] DEBUG org.asynchttpclient.netty.channel.ChannelManager - Adding key: http://localhost:55049 for channel [id: 0x63f0e8a9, L:/127.0.0.1:54986 - R:localhost/127.0.0.1:55049]
16:24:56.687 [Forwarding getElementTagName on session a2bfbdc3b63b4622785ebcf308210ad9 to remote] DEBUG org.asynchttpclient.netty.request.NettyRequestSender - Using pooled Channel '[id: 0x63f0e8a9, L:/127.0.0.1:54986 - R:localhost/127.0.0.1:55049]' for 'GET' to 'http://localhost:55049/session/a2bfbdc3b63b4622785ebcf308210ad9/element/afd7a5a6-870d-4c17-84e2-3bf9dab06fe8/name'
16:24:56.687 [Forwarding getElementTagName on session a2bfbdc3b63b4622785ebcf308210ad9 to remote] DEBUG org.asynchttpclient.netty.request.NettyRequestSender - Using open Channel [id: 0x63f0e8a9, L:/127.0.0.1:54986 - R:localhost/127.0.0.1:55049] for GET '/session/a2bfbdc3b63b4622785ebcf308210ad9/element/afd7a5a6-870d-4c17-84e2-3bf9dab06fe8/name'
16:24:56.698 [AsyncHttpClient-1-5] DEBUG org.asynchttpclient.netty.handler.HttpHandler - 

Request DefaultFullHttpRequest(decodeResult: success, version: HTTP/1.1, content: EmptyByteBufBE)
GET /session/a2bfbdc3b63b4622785ebcf308210ad9/element/afd7a5a6-870d-4c17-84e2-3bf9dab06fe8/name HTTP/1.1
User-Agent: selenium/4.1.2 (java windows)
Cache-Control: no-cache
Content-Type: application/json; charset=utf-8
host: localhost:55049
accept: */*

Response DefaultHttpResponse(decodeResult: success, version: HTTP/1.1)
HTTP/1.1 200 OK
Content-Type: application/json; charset=utf-8
cache-control: no-cache
content-length: 18

16:24:56.698 [AsyncHttpClient-1-5] DEBUG org.asynchttpclient.netty.channel.ChannelManager - Adding key: http://localhost:55049 for channel [id: 0x63f0e8a9, L:/127.0.0.1:54986 - R:localhost/127.0.0.1:55049]
16:24:56.703 [Forwarding isElementEnabled on session a2bfbdc3b63b4622785ebcf308210ad9 to remote] DEBUG org.asynchttpclient.netty.request.NettyRequestSender - Using pooled Channel '[id: 0x63f0e8a9, L:/127.0.0.1:54986 - R:localhost/127.0.0.1:55049]' for 'GET' to 'http://localhost:55049/session/a2bfbdc3b63b4622785ebcf308210ad9/element/afd7a5a6-870d-4c17-84e2-3bf9dab06fe8/enabled'
16:24:56.703 [Forwarding isElementEnabled on session a2bfbdc3b63b4622785ebcf308210ad9 to remote] DEBUG org.asynchttpclient.netty.request.NettyRequestSender - Using open Channel [id: 0x63f0e8a9, L:/127.0.0.1:54986 - R:localhost/127.0.0.1:55049] for GET '/session/a2bfbdc3b63b4622785ebcf308210ad9/element/afd7a5a6-870d-4c17-84e2-3bf9dab06fe8/enabled'
16:24:56.718 [AsyncHttpClient-1-5] DEBUG org.asynchttpclient.netty.handler.HttpHandler - 

Request DefaultFullHttpRequest(decodeResult: success, version: HTTP/1.1, content: EmptyByteBufBE)
GET /session/a2bfbdc3b63b4622785ebcf308210ad9/element/afd7a5a6-870d-4c17-84e2-3bf9dab06fe8/enabled HTTP/1.1
User-Agent: selenium/4.1.2 (java windows)
Cache-Control: no-cache
Content-Type: application/json; charset=utf-8
host: localhost:55049
accept: */*

Response DefaultHttpResponse(decodeResult: success, version: HTTP/1.1)
HTTP/1.1 200 OK
Content-Type: application/json; charset=utf-8
cache-control: no-cache
content-length: 14

16:24:56.718 [AsyncHttpClient-1-5] DEBUG org.asynchttpclient.netty.channel.ChannelManager - Adding key: http://localhost:55049 for channel [id: 0x63f0e8a9, L:/127.0.0.1:54986 - R:localhost/127.0.0.1:55049]
16:24:56.720 [Forwarding isElementEnabled on session a2bfbdc3b63b4622785ebcf308210ad9 to remote] DEBUG org.asynchttpclient.netty.request.NettyRequestSender - Using pooled Channel '[id: 0x63f0e8a9, L:/127.0.0.1:54986 - R:localhost/127.0.0.1:55049]' for 'GET' to 'http://localhost:55049/session/a2bfbdc3b63b4622785ebcf308210ad9/element/afd7a5a6-870d-4c17-84e2-3bf9dab06fe8/enabled'
16:24:56.720 [Forwarding isElementEnabled on session a2bfbdc3b63b4622785ebcf308210ad9 to remote] DEBUG org.asynchttpclient.netty.request.NettyRequestSender - Using open Channel [id: 0x63f0e8a9, L:/127.0.0.1:54986 - R:localhost/127.0.0.1:55049] for GET '/session/a2bfbdc3b63b4622785ebcf308210ad9/element/afd7a5a6-870d-4c17-84e2-3bf9dab06fe8/enabled'
16:24:56.735 [AsyncHttpClient-1-5] DEBUG org.asynchttpclient.netty.handler.HttpHandler - 

Request DefaultFullHttpRequest(decodeResult: success, version: HTTP/1.1, content: EmptyByteBufBE)
GET /session/a2bfbdc3b63b4622785ebcf308210ad9/element/afd7a5a6-870d-4c17-84e2-3bf9dab06fe8/enabled HTTP/1.1
User-Agent: selenium/4.1.2 (java windows)
Cache-Control: no-cache
Content-Type: application/json; charset=utf-8
host: localhost:55049
accept: */*

Response DefaultHttpResponse(decodeResult: success, version: HTTP/1.1)
HTTP/1.1 200 OK
Content-Type: application/json; charset=utf-8
cache-control: no-cache
content-length: 14

16:24:56.735 [AsyncHttpClient-1-5] DEBUG org.asynchttpclient.netty.channel.ChannelManager - Adding key: http://localhost:55049 for channel [id: 0x63f0e8a9, L:/127.0.0.1:54986 - R:localhost/127.0.0.1:55049]
16:24:56.735 [Forwarding findElement on session a2bfbdc3b63b4622785ebcf308210ad9 to remote] DEBUG org.asynchttpclient.netty.request.NettyRequestSender - Using pooled Channel '[id: 0x63f0e8a9, L:/127.0.0.1:54986 - R:localhost/127.0.0.1:55049]' for 'POST' to 'http://localhost:55049/session/a2bfbdc3b63b4622785ebcf308210ad9/element'
16:24:56.735 [Forwarding findElement on session a2bfbdc3b63b4622785ebcf308210ad9 to remote] DEBUG org.asynchttpclient.netty.request.NettyRequestSender - Using open Channel [id: 0x63f0e8a9, L:/127.0.0.1:54986 - R:localhost/127.0.0.1:55049] for POST '/session/a2bfbdc3b63b4622785ebcf308210ad9/element'
16:24:56.750 [AsyncHttpClient-1-5] DEBUG org.asynchttpclient.netty.handler.HttpHandler - 

Request DefaultHttpRequest(decodeResult: success, version: HTTP/1.1)
POST /session/a2bfbdc3b63b4622785ebcf308210ad9/element HTTP/1.1
User-Agent: selenium/4.1.2 (java windows)
Content-Length: 136
Content-Type: application/json; charset=utf-8
host: localhost:55049
accept: */*

Response DefaultHttpResponse(decodeResult: success, version: HTTP/1.1)
HTTP/1.1 200 OK
Content-Type: application/json; charset=utf-8
cache-control: no-cache
content-length: 88

16:24:56.750 [AsyncHttpClient-1-5] DEBUG org.asynchttpclient.netty.channel.ChannelManager - Adding key: http://localhost:55049 for channel [id: 0x63f0e8a9, L:/127.0.0.1:54986 - R:localhost/127.0.0.1:55049]
16:24:56.752 [Forwarding clickElement on session a2bfbdc3b63b4622785ebcf308210ad9 to remote] DEBUG org.asynchttpclient.netty.request.NettyRequestSender - Using pooled Channel '[id: 0x63f0e8a9, L:/127.0.0.1:54986 - R:localhost/127.0.0.1:55049]' for 'POST' to 'http://localhost:55049/session/a2bfbdc3b63b4622785ebcf308210ad9/element/afd7a5a6-870d-4c17-84e2-3bf9dab06fe8/click'
16:24:56.752 [Forwarding clickElement on session a2bfbdc3b63b4622785ebcf308210ad9 to remote] DEBUG org.asynchttpclient.netty.request.NettyRequestSender - Using open Channel [id: 0x63f0e8a9, L:/127.0.0.1:54986 - R:localhost/127.0.0.1:55049] for POST '/session/a2bfbdc3b63b4622785ebcf308210ad9/element/afd7a5a6-870d-4c17-84e2-3bf9dab06fe8/click'
16:24:56.805 [AsyncHttpClient-1-5] DEBUG org.asynchttpclient.netty.handler.HttpHandler - 

Request DefaultHttpRequest(decodeResult: success, version: HTTP/1.1)
POST /session/a2bfbdc3b63b4622785ebcf308210ad9/element/afd7a5a6-870d-4c17-84e2-3bf9dab06fe8/click HTTP/1.1
User-Agent: selenium/4.1.2 (java windows)
Content-Length: 50
Content-Type: application/json; charset=utf-8
host: localhost:55049
accept: */*

Response DefaultHttpResponse(decodeResult: success, version: HTTP/1.1)
HTTP/1.1 200 OK
Content-Type: application/json; charset=utf-8
cache-control: no-cache
content-length: 14

16:24:56.805 [AsyncHttpClient-1-5] DEBUG org.asynchttpclient.netty.channel.ChannelManager - Adding key: http://localhost:55049 for channel [id: 0x63f0e8a9, L:/127.0.0.1:54986 - R:localhost/127.0.0.1:55049]
16:24:56.813 [Forwarding screenshot on session a2bfbdc3b63b4622785ebcf308210ad9 to remote] DEBUG org.asynchttpclient.netty.request.NettyRequestSender - Using pooled Channel '[id: 0x63f0e8a9, L:/127.0.0.1:54986 - R:localhost/127.0.0.1:55049]' for 'GET' to 'http://localhost:55049/session/a2bfbdc3b63b4622785ebcf308210ad9/screenshot'
16:24:56.814 [Forwarding screenshot on session a2bfbdc3b63b4622785ebcf308210ad9 to remote] DEBUG org.asynchttpclient.netty.request.NettyRequestSender - Using open Channel [id: 0x63f0e8a9, L:/127.0.0.1:54986 - R:localhost/127.0.0.1:55049] for GET '/session/a2bfbdc3b63b4622785ebcf308210ad9/screenshot'
16:24:56.969 [AsyncHttpClient-1-5] DEBUG org.asynchttpclient.netty.handler.HttpHandler - 

Request DefaultFullHttpRequest(decodeResult: success, version: HTTP/1.1, content: EmptyByteBufBE)
GET /session/a2bfbdc3b63b4622785ebcf308210ad9/screenshot HTTP/1.1
User-Agent: selenium/4.1.2 (java windows)
Cache-Control: no-cache
Content-Type: application/json; charset=utf-8
host: localhost:55049
accept: */*

Response DefaultHttpResponse(decodeResult: success, version: HTTP/1.1)
HTTP/1.1 200 OK
Content-Type: application/json; charset=utf-8
cache-control: no-cache
content-length: 26976

16:24:56.969 [AsyncHttpClient-1-5] DEBUG org.asynchttpclient.netty.channel.ChannelManager - Adding key: http://localhost:55049 for channel [id: 0x63f0e8a9, L:/127.0.0.1:54986 - R:localhost/127.0.0.1:55049]
16:24:56.973 [main] DEBUG net.serenitybdd.core.photography.Darkroom - Send negative for processing for target\site\serenity\90bdf5c6e1f67d8dc71ec41a8a11dbd52bd1bf4cd36bd11dedb9d472d61d3f4e.png
16:24:56.973 [main] DEBUG net.thucydides.core.steps.StepInterceptor - STEP DONE: clickLoginButton
  &amp#27;[32mAnd &amp#27;[0m&amp#27;[32mclick login button&amp#27;[0m          &amp#27;[90m# Starter.StepDefinitions.LoginStep.clickLoginButton()&amp#27;[0m
16:24:56.986 [Darkroom Processing Line] DEBUG net.serenitybdd.core.photography.DarkroomProcessingLine - Processing screenshot image in /var/screenshots/screenshot-16411150498272113297
16:24:56.986 [Darkroom Processing Line] DEBUG net.serenitybdd.core.photography.DarkroomProcessingLine - Saving screenshot to target\site\serenity\90bdf5c6e1f67d8dc71ec41a8a11dbd52bd1bf4cd36bd11dedb9d472d61d3f4e.png
16:24:57.003 [main] DEBUG net.thucydides.core.steps.StepInterceptor - STARTING STEP: LoginStep.iGetThe - errorMessageAppears
16:24:57.026 [Forwarding setTimeout on session a2bfbdc3b63b4622785ebcf308210ad9 to remote] DEBUG org.asynchttpclient.netty.request.NettyRequestSender - Using pooled Channel '[id: 0x63f0e8a9, L:/127.0.0.1:54986 - R:localhost/127.0.0.1:55049]' for 'POST' to 'http://localhost:55049/session/a2bfbdc3b63b4622785ebcf308210ad9/timeouts'
16:24:57.026 [Forwarding setTimeout on session a2bfbdc3b63b4622785ebcf308210ad9 to remote] DEBUG org.asynchttpclient.netty.request.NettyRequestSender - Using open Channel [id: 0x63f0e8a9, L:/127.0.0.1:54986 - R:localhost/127.0.0.1:55049] for POST '/session/a2bfbdc3b63b4622785ebcf308210ad9/timeouts'
16:24:57.032 [AsyncHttpClient-1-5] DEBUG org.asynchttpclient.netty.handler.HttpHandler - 

Request DefaultHttpRequest(decodeResult: success, version: HTTP/1.1)
POST /session/a2bfbdc3b63b4622785ebcf308210ad9/timeouts HTTP/1.1
User-Agent: selenium/4.1.2 (java windows)
Content-Length: 23
Content-Type: application/json; charset=utf-8
host: localhost:55049
accept: */*

Response DefaultHttpResponse(decodeResult: success, version: HTTP/1.1)
HTTP/1.1 200 OK
Content-Type: application/json; charset=utf-8
cache-control: no-cache
content-length: 14

16:24:57.032 [AsyncHttpClient-1-5] DEBUG org.asynchttpclient.netty.channel.ChannelManager - Adding key: http://localhost:55049 for channel [id: 0x63f0e8a9, L:/127.0.0.1:54986 - R:localhost/127.0.0.1:55049]
16:24:57.042 [Forwarding findElement on session a2bfbdc3b63b4622785ebcf308210ad9 to remote] DEBUG org.asynchttpclient.netty.request.NettyRequestSender - Using pooled Channel '[id: 0x63f0e8a9, L:/127.0.0.1:54986 - R:localhost/127.0.0.1:55049]' for 'POST' to 'http://localhost:55049/session/a2bfbdc3b63b4622785ebcf308210ad9/element'
16:24:57.042 [Forwarding findElement on session a2bfbdc3b63b4622785ebcf308210ad9 to remote] DEBUG org.asynchttpclient.netty.request.NettyRequestSender - Using open Channel [id: 0x63f0e8a9, L:/127.0.0.1:54986 - R:localhost/127.0.0.1:55049] for POST '/session/a2bfbdc3b63b4622785ebcf308210ad9/element'
16:24:57.043 [AsyncHttpClient-1-5] DEBUG org.asynchttpclient.netty.handler.HttpHandler - 

Request DefaultHttpRequest(decodeResult: success, version: HTTP/1.1)
POST /session/a2bfbdc3b63b4622785ebcf308210ad9/element HTTP/1.1
User-Agent: selenium/4.1.2 (java windows)
Content-Length: 53
Content-Type: application/json; charset=utf-8
host: localhost:55049
accept: */*

Response DefaultHttpResponse(decodeResult: success, version: HTTP/1.1)
HTTP/1.1 400 Bad Request
Content-Type: application/json; charset=utf-8
cache-control: no-cache
content-length: 957

16:24:57.043 [AsyncHttpClient-1-5] DEBUG org.asynchttpclient.netty.channel.ChannelManager - Adding key: http://localhost:55049 for channel [id: 0x63f0e8a9, L:/127.0.0.1:54986 - R:localhost/127.0.0.1:55049]
16:24:57.069 [Forwarding findElement on session a2bfbdc3b63b4622785ebcf308210ad9 to remote] DEBUG org.asynchttpclient.netty.request.NettyRequestSender - Using pooled Channel '[id: 0x63f0e8a9, L:/127.0.0.1:54986 - R:localhost/127.0.0.1:55049]' for 'POST' to 'http://localhost:55049/session/a2bfbdc3b63b4622785ebcf308210ad9/element'
16:24:57.069 [Forwarding findElement on session a2bfbdc3b63b4622785ebcf308210ad9 to remote] DEBUG org.asynchttpclient.netty.request.NettyRequestSender - Using open Channel [id: 0x63f0e8a9, L:/127.0.0.1:54986 - R:localhost/127.0.0.1:55049] for POST '/session/a2bfbdc3b63b4622785ebcf308210ad9/element'
16:24:57.106 [AsyncHttpClient-1-5] DEBUG org.asynchttpclient.netty.handler.HttpHandler - 

Request DefaultHttpRequest(decodeResult: success, version: HTTP/1.1)
POST /session/a2bfbdc3b63b4622785ebcf308210ad9/element HTTP/1.1
User-Agent: selenium/4.1.2 (java windows)
Content-Length: 63
Content-Type: application/json; charset=utf-8
host: localhost:55049
accept: */*

Response DefaultHttpResponse(decodeResult: success, version: HTTP/1.1)
HTTP/1.1 200 OK
Content-Type: application/json; charset=utf-8
cache-control: no-cache
content-length: 88

16:24:57.107 [AsyncHttpClient-1-5] DEBUG org.asynchttpclient.netty.channel.ChannelManager - Adding key: http://localhost:55049 for channel [id: 0x63f0e8a9, L:/127.0.0.1:54986 - R:localhost/127.0.0.1:55049]
16:24:57.113 [Forwarding isElementDisplayed on session a2bfbdc3b63b4622785ebcf308210ad9 to remote] DEBUG org.asynchttpclient.netty.request.NettyRequestSender - Using pooled Channel '[id: 0x63f0e8a9, L:/127.0.0.1:54986 - R:localhost/127.0.0.1:55049]' for 'POST' to 'http://localhost:55049/session/a2bfbdc3b63b4622785ebcf308210ad9/execute/sync'
16:24:57.113 [Forwarding isElementDisplayed on session a2bfbdc3b63b4622785ebcf308210ad9 to remote] DEBUG org.asynchttpclient.netty.request.NettyRequestSender - Using open Channel [id: 0x63f0e8a9, L:/127.0.0.1:54986 - R:localhost/127.0.0.1:55049] for POST '/session/a2bfbdc3b63b4622785ebcf308210ad9/execute/sync'
16:24:57.127 [AsyncHttpClient-1-5] DEBUG org.asynchttpclient.netty.handler.HttpHandler - 

Request DefaultHttpRequest(decodeResult: success, version: HTTP/1.1)
POST /session/a2bfbdc3b63b4622785ebcf308210ad9/execute/sync HTTP/1.1
User-Agent: selenium/4.1.2 (java windows)
Content-Length: 48780
Content-Type: application/json; charset=utf-8
host: localhost:55049
accept: */*

Response DefaultHttpResponse(decodeResult: success, version: HTTP/1.1)
HTTP/1.1 200 OK
Content-Type: application/json; charset=utf-8
cache-control: no-cache
content-length: 14

16:24:57.127 [AsyncHttpClient-1-5] DEBUG org.asynchttpclient.netty.channel.ChannelManager - Adding key: http://localhost:55049 for channel [id: 0x63f0e8a9, L:/127.0.0.1:54986 - R:localhost/127.0.0.1:55049]
16:24:57.133 [Forwarding screenshot on session a2bfbdc3b63b4622785ebcf308210ad9 to remote] DEBUG org.asynchttpclient.netty.request.NettyRequestSender - Using pooled Channel '[id: 0x63f0e8a9, L:/127.0.0.1:54986 - R:localhost/127.0.0.1:55049]' for 'GET' to 'http://localhost:55049/session/a2bfbdc3b63b4622785ebcf308210ad9/screenshot'
16:24:57.133 [Forwarding screenshot on session a2bfbdc3b63b4622785ebcf308210ad9 to remote] DEBUG org.asynchttpclient.netty.request.NettyRequestSender - Using open Channel [id: 0x63f0e8a9, L:/127.0.0.1:54986 - R:localhost/127.0.0.1:55049] for GET '/session/a2bfbdc3b63b4622785ebcf308210ad9/screenshot'
16:24:57.327 [AsyncHttpClient-1-5] DEBUG org.asynchttpclient.netty.handler.HttpHandler - 

Request DefaultFullHttpRequest(decodeResult: success, version: HTTP/1.1, content: EmptyByteBufBE)
GET /session/a2bfbdc3b63b4622785ebcf308210ad9/screenshot HTTP/1.1
User-Agent: selenium/4.1.2 (java windows)
Cache-Control: no-cache
Content-Type: application/json; charset=utf-8
host: localhost:55049
accept: */*

Response DefaultHttpResponse(decodeResult: success, version: HTTP/1.1)
HTTP/1.1 200 OK
Content-Type: application/json; charset=utf-8
cache-control: no-cache
content-length: 30948

16:24:57.327 [AsyncHttpClient-1-5] DEBUG org.asynchttpclient.netty.channel.ChannelManager - Adding key: http://localhost:55049 for channel [id: 0x63f0e8a9, L:/127.0.0.1:54986 - R:localhost/127.0.0.1:55049]
16:24:57.329 [main] DEBUG net.serenitybdd.core.photography.Darkroom - Send negative for processing for target\site\serenity\350dca89a15e9d27d6f35c347ae440dfb277cfd6fd18fb7d417f6302eb775418.png
16:24:57.329 [main] DEBUG net.thucydides.core.steps.StepInterceptor - STEP DONE: errorMessageAppears
16:24:57.329 [Darkroom Processing Line] DEBUG net.serenitybdd.core.photography.DarkroomProcessingLine - Processing screenshot image in /var/screenshots/screenshot-3256209003630544650
16:24:57.329 [Darkroom Processing Line] DEBUG net.serenitybdd.core.photography.DarkroomProcessingLine - Saving screenshot to target\site\serenity\350dca89a15e9d27d6f35c347ae440dfb277cfd6fd18fb7d417f6302eb775418.png
16:24:57.336 [main] DEBUG net.thucydides.core.steps.StepInterceptor - STARTING STEP: LoginStep.iGetThe - errorMessageEquals
16:24:57.336 [Forwarding setTimeout on session a2bfbdc3b63b4622785ebcf308210ad9 to remote] DEBUG org.asynchttpclient.netty.request.NettyRequestSender - Using pooled Channel '[id: 0x63f0e8a9, L:/127.0.0.1:54986 - R:localhost/127.0.0.1:55049]' for 'POST' to 'http://localhost:55049/session/a2bfbdc3b63b4622785ebcf308210ad9/timeouts'
16:24:57.336 [Forwarding setTimeout on session a2bfbdc3b63b4622785ebcf308210ad9 to remote] DEBUG org.asynchttpclient.netty.request.NettyRequestSender - Using open Channel [id: 0x63f0e8a9, L:/127.0.0.1:54986 - R:localhost/127.0.0.1:55049] for POST '/session/a2bfbdc3b63b4622785ebcf308210ad9/timeouts'
16:24:57.343 [AsyncHttpClient-1-5] DEBUG org.asynchttpclient.netty.handler.HttpHandler - 

Request DefaultHttpRequest(decodeResult: success, version: HTTP/1.1)
POST /session/a2bfbdc3b63b4622785ebcf308210ad9/timeouts HTTP/1.1
User-Agent: selenium/4.1.2 (java windows)
Content-Length: 23
Content-Type: application/json; charset=utf-8
host: localhost:55049
accept: */*

Response DefaultHttpResponse(decodeResult: success, version: HTTP/1.1)
HTTP/1.1 200 OK
Content-Type: application/json; charset=utf-8
cache-control: no-cache
content-length: 14

16:24:57.343 [AsyncHttpClient-1-5] DEBUG org.asynchttpclient.netty.channel.ChannelManager - Adding key: http://localhost:55049 for channel [id: 0x63f0e8a9, L:/127.0.0.1:54986 - R:localhost/127.0.0.1:55049]
16:24:57.347 [Forwarding findElement on session a2bfbdc3b63b4622785ebcf308210ad9 to remote] DEBUG org.asynchttpclient.netty.request.NettyRequestSender - Using pooled Channel '[id: 0x63f0e8a9, L:/127.0.0.1:54986 - R:localhost/127.0.0.1:55049]' for 'POST' to 'http://localhost:55049/session/a2bfbdc3b63b4622785ebcf308210ad9/element'
16:24:57.347 [Forwarding findElement on session a2bfbdc3b63b4622785ebcf308210ad9 to remote] DEBUG org.asynchttpclient.netty.request.NettyRequestSender - Using open Channel [id: 0x63f0e8a9, L:/127.0.0.1:54986 - R:localhost/127.0.0.1:55049] for POST '/session/a2bfbdc3b63b4622785ebcf308210ad9/element'
16:24:57.361 [AsyncHttpClient-1-5] DEBUG org.asynchttpclient.netty.handler.HttpHandler - 

Request DefaultHttpRequest(decodeResult: success, version: HTTP/1.1)
POST /session/a2bfbdc3b63b4622785ebcf308210ad9/element HTTP/1.1
User-Agent: selenium/4.1.2 (java windows)
Content-Length: 63
Content-Type: application/json; charset=utf-8
host: localhost:55049
accept: */*

Response DefaultHttpResponse(decodeResult: success, version: HTTP/1.1)
HTTP/1.1 200 OK
Content-Type: application/json; charset=utf-8
cache-control: no-cache
content-length: 88

16:24:57.361 [AsyncHttpClient-1-5] DEBUG org.asynchttpclient.netty.channel.ChannelManager - Adding key: http://localhost:55049 for channel [id: 0x63f0e8a9, L:/127.0.0.1:54986 - R:localhost/127.0.0.1:55049]
16:24:57.363 [Forwarding getElementText on session a2bfbdc3b63b4622785ebcf308210ad9 to remote] DEBUG org.asynchttpclient.netty.request.NettyRequestSender - Using pooled Channel '[id: 0x63f0e8a9, L:/127.0.0.1:54986 - R:localhost/127.0.0.1:55049]' for 'GET' to 'http://localhost:55049/session/a2bfbdc3b63b4622785ebcf308210ad9/element/2234f444-45e7-499c-a720-d03138194ac4/text'
16:24:57.363 [Forwarding getElementText on session a2bfbdc3b63b4622785ebcf308210ad9 to remote] DEBUG org.asynchttpclient.netty.request.NettyRequestSender - Using open Channel [id: 0x63f0e8a9, L:/127.0.0.1:54986 - R:localhost/127.0.0.1:55049] for GET '/session/a2bfbdc3b63b4622785ebcf308210ad9/element/2234f444-45e7-499c-a720-d03138194ac4/text'
16:24:57.378 [AsyncHttpClient-1-5] DEBUG org.asynchttpclient.netty.handler.HttpHandler - 

Request DefaultFullHttpRequest(decodeResult: success, version: HTTP/1.1, content: EmptyByteBufBE)
GET /session/a2bfbdc3b63b4622785ebcf308210ad9/element/2234f444-45e7-499c-a720-d03138194ac4/text HTTP/1.1
User-Agent: selenium/4.1.2 (java windows)
Cache-Control: no-cache
Content-Type: application/json; charset=utf-8
host: localhost:55049
accept: */*

Response DefaultHttpResponse(decodeResult: success, version: HTTP/1.1)
HTTP/1.1 200 OK
Content-Type: application/json; charset=utf-8
cache-control: no-cache
content-length: 29

16:24:57.379 [AsyncHttpClient-1-5] DEBUG org.asynchttpclient.netty.channel.ChannelManager - Adding key: http://localhost:55049 for channel [id: 0x63f0e8a9, L:/127.0.0.1:54986 - R:localhost/127.0.0.1:55049]
16:24:57.385 [Forwarding screenshot on session a2bfbdc3b63b4622785ebcf308210ad9 to remote] DEBUG org.asynchttpclient.netty.request.NettyRequestSender - Using pooled Channel '[id: 0x63f0e8a9, L:/127.0.0.1:54986 - R:localhost/127.0.0.1:55049]' for 'GET' to 'http://localhost:55049/session/a2bfbdc3b63b4622785ebcf308210ad9/screenshot'
16:24:57.385 [Forwarding screenshot on session a2bfbdc3b63b4622785ebcf308210ad9 to remote] DEBUG org.asynchttpclient.netty.request.NettyRequestSender - Using open Channel [id: 0x63f0e8a9, L:/127.0.0.1:54986 - R:localhost/127.0.0.1:55049] for GET '/session/a2bfbdc3b63b4622785ebcf308210ad9/screenshot'
16:24:57.493 [AsyncHttpClient-1-5] DEBUG org.asynchttpclient.netty.handler.HttpHandler - 

Request DefaultFullHttpRequest(decodeResult: success, version: HTTP/1.1, content: EmptyByteBufBE)
GET /session/a2bfbdc3b63b4622785ebcf308210ad9/screenshot HTTP/1.1
User-Agent: selenium/4.1.2 (java windows)
Cache-Control: no-cache
Content-Type: application/json; charset=utf-8
host: localhost:55049
accept: */*

Response DefaultHttpResponse(decodeResult: success, version: HTTP/1.1)
HTTP/1.1 200 OK
Content-Type: application/json; charset=utf-8
cache-control: no-cache
content-length: 30944

16:24:57.493 [AsyncHttpClient-1-5] DEBUG org.asynchttpclient.netty.channel.ChannelManager - Adding key: http://localhost:55049 for channel [id: 0x63f0e8a9, L:/127.0.0.1:54986 - R:localhost/127.0.0.1:55049]
16:24:57.493 [main] DEBUG net.serenitybdd.core.photography.Darkroom - Send negative for processing for target\site\serenity\453427ad8029f0540b265244d75700df768c22e0110f7aa9f5f2d3c241790390.png
16:24:57.493 [main] DEBUG net.thucydides.core.steps.StepInterceptor - STEP DONE: errorMessageEquals
16:24:57.493 [Darkroom Processing Line] DEBUG net.serenitybdd.core.photography.DarkroomProcessingLine - Processing screenshot image in /var/screenshots/screenshot-12609696829440760526
  &amp#27;[32mThen &amp#27;[0m&amp#27;[32mI get the &amp#27;[0m&amp#27;[32m&amp#27;[1m"login page"&amp#27;[0m     &amp#27;[90m# Starter.StepDefinitions.LoginStep.iGetThe(java.lang.String)&amp#27;[0m
16:24:57.493 [Darkroom Processing Line] DEBUG net.serenitybdd.core.photography.DarkroomProcessingLine - Saving screenshot to target\site\serenity\453427ad8029f0540b265244d75700df768c22e0110f7aa9f5f2d3c241790390.png
16:24:57.507 [AsyncHttpClient-1-7] DEBUG org.asynchttpclient.netty.handler.WebSocketHandler - Channel Closed: [id: 0x4f66a65c, L:/127.0.0.1:54994 ! R:localhost/127.0.0.1:54987] with attribute NettyResponseFuture{currentRetry=5,
	isDone=1,
	isCancelled=0,
	asyncHandler=org.asynchttpclient.ws.WebSocketUpgradeHandler@49ff80df,
	nettyRequest=org.asynchttpclient.netty.request.NettyRequest@cfd1784,
	future=java.util.concurrent.CompletableFuture@70dbcf27[Completed normally],
	uri=ws://localhost:54987/devtools/browser/6efb9c6c-60a3-43ac-a446-6bb5b555395d,
	keepAlive=true,
	redirectCount=0,
	timeoutsHolder=null,
	inAuth=0,
	touch=1653038691316}
16:24:57.507 [AsyncHttpClient-1-7] DEBUG org.asynchttpclient.netty.channel.ChannelManager - Closing Channel [id: 0x4f66a65c, L:/127.0.0.1:54994 ! R:localhost/127.0.0.1:54987] 
16:24:57.508 [Driver Command Executor] DEBUG org.asynchttpclient.netty.request.NettyRequestSender - Using pooled Channel '[id: 0x63f0e8a9, L:/127.0.0.1:54986 - R:localhost/127.0.0.1:55049]' for 'DELETE' to 'http://localhost:55049/session/a2bfbdc3b63b4622785ebcf308210ad9'
16:24:57.508 [Driver Command Executor] DEBUG org.asynchttpclient.netty.request.NettyRequestSender - Using open Channel [id: 0x63f0e8a9, L:/127.0.0.1:54986 - R:localhost/127.0.0.1:55049] for DELETE '/session/a2bfbdc3b63b4622785ebcf308210ad9'
16:24:57.556 [AsyncHttpClient-1-6] DEBUG org.asynchttpclient.netty.handler.HttpHandler - Unexpected I/O exception on channel [id: 0x268ee1fb, L:/127.0.0.1:54993 - R:localhost/127.0.0.1:54987]
java.net.SocketException: Connection reset
	at java.base/sun.nio.ch.SocketChannelImpl.throwConnectionReset(SocketChannelImpl.java:367)
	at java.base/sun.nio.ch.SocketChannelImpl.read(SocketChannelImpl.java:398)
	at io.netty.buffer.PooledByteBuf.setBytes(PooledByteBuf.java:258)
	at io.netty.buffer.AbstractByteBuf.writeBytes(AbstractByteBuf.java:1132)
	at io.netty.channel.socket.nio.NioSocketChannel.doReadBytes(NioSocketChannel.java:350)
	at io.netty.channel.nio.AbstractNioByteChannel$NioByteUnsafe.read(AbstractNioByteChannel.java:151)
	at io.netty.channel.nio.NioEventLoop.processSelectedKey(NioEventLoop.java:722)
	at io.netty.channel.nio.NioEventLoop.processSelectedKeysOptimized(NioEventLoop.java:658)
	at io.netty.channel.nio.NioEventLoop.processSelectedKeys(NioEventLoop.java:584)
	at io.netty.channel.nio.NioEventLoop.run(NioEventLoop.java:496)
	at io.netty.util.concurrent.SingleThreadEventExecutor$4.run(SingleThreadEventExecutor.java:986)
	at io.netty.util.internal.ThreadExecutorMap$2.run(ThreadExecutorMap.java:74)
	at io.netty.util.concurrent.FastThreadLocalRunnable.run(FastThreadLocalRunnable.java:30)
	at java.base/java.lang.Thread.run(Thread.java:832)
16:24:57.556 [AsyncHttpClient-1-6] DEBUG org.asynchttpclient.netty.channel.ChannelManager - Closing Channel [id: 0x268ee1fb, L:/127.0.0.1:54993 - R:localhost/127.0.0.1:54987] 
16:24:57.556 [AsyncHttpClient-1-6] DEBUG org.asynchttpclient.netty.handler.HttpHandler - Channel Closed: [id: 0x268ee1fb, L:/127.0.0.1:54993 ! R:localhost/127.0.0.1:54987] with attribute DISCARD
16:24:57.595 [AsyncHttpClient-1-5] DEBUG org.asynchttpclient.netty.handler.HttpHandler - 

Request DefaultFullHttpRequest(decodeResult: success, version: HTTP/1.1, content: EmptyByteBufBE)
DELETE /session/a2bfbdc3b63b4622785ebcf308210ad9 HTTP/1.1
User-Agent: selenium/4.1.2 (java windows)
Content-Type: application/json; charset=utf-8
host: localhost:55049
accept: */*

Response DefaultHttpResponse(decodeResult: success, version: HTTP/1.1)
HTTP/1.1 200 OK
Content-Type: application/json; charset=utf-8
cache-control: no-cache
content-length: 14

16:24:57.595 [AsyncHttpClient-1-5] DEBUG org.asynchttpclient.netty.channel.ChannelManager - Adding key: http://localhost:55049 for channel [id: 0x63f0e8a9, L:/127.0.0.1:54986 - R:localhost/127.0.0.1:55049]
16:24:57.680 [AsyncHttpClient-1-5] DEBUG org.asynchttpclient.netty.handler.HttpHandler - Channel Closed: [id: 0x63f0e8a9, L:/127.0.0.1:54986 ! R:localhost/127.0.0.1:55049] with attribute DISCARD
16:24:57.718 [AsyncHttpClient-1-1] DEBUG org.asynchttpclient.netty.channel.DefaultChannelPool - Entry count for : http://localhost:54987 : 1
16:24:57.718 [AsyncHttpClient-1-1] DEBUG org.asynchttpclient.netty.channel.DefaultChannelPool - Entry count for : http://localhost:55049 : 1
16:24:57.718 [AsyncHttpClient-1-1] DEBUG org.asynchttpclient.netty.channel.DefaultChannelPool - Adding Candidate expired Channel [id: 0x268ee1fb, L:/127.0.0.1:54993 ! R:localhost/127.0.0.1:54987] isIdleTimeoutExpired=false isRemotelyClosed=true isTtlExpired=false
16:24:57.718 [AsyncHttpClient-1-1] DEBUG org.asynchttpclient.netty.channel.DefaultChannelPool - Closing Idle Channel [id: 0x268ee1fb, L:/127.0.0.1:54993 ! R:localhost/127.0.0.1:54987]
16:24:57.718 [AsyncHttpClient-1-1] DEBUG org.asynchttpclient.netty.channel.DefaultChannelPool - Adding Candidate expired Channel [id: 0x63f0e8a9, L:/127.0.0.1:54986 ! R:localhost/127.0.0.1:55049] isIdleTimeoutExpired=false isRemotelyClosed=true isTtlExpired=false
16:24:57.718 [AsyncHttpClient-1-1] DEBUG org.asynchttpclient.netty.channel.DefaultChannelPool - Closing Idle Channel [id: 0x63f0e8a9, L:/127.0.0.1:54986 ! R:localhost/127.0.0.1:55049]
16:24:57.718 [AsyncHttpClient-1-1] DEBUG org.asynchttpclient.netty.channel.DefaultChannelPool - Closed 2 connections out of 2 in 0 ms
16:24:58.212 [main] INFO  - 
  _____   ___   ___   _____     ___     _     ___   ___   ___   ___  
 |_   _| | __| / __| |_   _|   | _ \   /_\   / __| / __| | __| |   \ 
   | |   | _|  \__ \   | |     |  _/  / _ \  \__ \ \__ \ | _|  | |) |
   |_|   |___| |___/   |_|     |_|   /_/ \_\ |___/ |___/ |___| |___/ 

Login scenario
----------------------------------------------------------------------
]]></system-out>
    <system-err><![CDATA[Starting ChromeDriver 101.0.4951.41 (93c720db8323b3ec10d056025ab95c23a31997c9-refs/branch-heads/4951@{#904}) on port 55049
Only local connections are allowed.
Please see https://chromedriver.chromium.org/security-considerations for suggestions on keeping ChromeDriver safe.
ChromeDriver was started successfully.
May 20, 2022 4:24:51 PM org.openqa.selenium.remote.ProtocolHandshake createSession
INFO: Detected dialect: W3C
May 20, 2022 4:24:51 PM org.openqa.selenium.devtools.CdpVersionFinder findNearestMatch
WARNING: Unable to find an exact match for CDP version 101, so returning the closest version found: 97
May 20, 2022 4:24:51 PM org.openqa.selenium.devtools.CdpVersionFinder findNearestMatch
INFO: Found CDP implementation for version 101 of 97
]]></system-err>
  </testcase>
  <testcase name="Login scenario #3" classname="Login" time="9.454">
    <system-out><![CDATA[
@Login
Scenario Outline: Login scenario          &amp#27;[90m# src/test/resources/features/Login.feature:18&amp#27;[0m
16:24:58.228 [main] INFO io.cucumber.core.plugin.SerenityReporter - Running feature from file:///D:/data%20hakim/Mini%20Project%20Alterra/WebAlta/src/test/resources/features/Login.feature
16:24:58.247 [main] INFO net.serenitybdd.core.webdriver.driverproviders.ChromeDriverProvider - Using automatically driver download
16:24:58.360 [main] DEBUG io.github.bonigarcia.wdm.cache.ResolutionCache - Resolution chrome=101 in cache (valid until 17:18:55 20/05/2022 WIB)
16:24:58.360 [main] DEBUG io.github.bonigarcia.wdm.cache.ResolutionCache - Resolution chrome101=101.0.4951.41 in cache (valid until 21:21:16 20/05/2022 WIB)
16:24:58.376 [main] INFO io.github.bonigarcia.wdm.WebDriverManager - Using chromedriver 101.0.4951.41 (resolved driver for Chrome 101)
16:24:58.392 [main] DEBUG io.github.bonigarcia.wdm.WebDriverManager - Driver chromedriver 101.0.4951.41 found in cache
16:24:58.392 [main] INFO io.github.bonigarcia.wdm.WebDriverManager - Exporting webdriver.chrome.driver as C:\Users\hp pc\.cache\selenium\chromedriver\win32\101.0.4951.41\chromedriver.exe
16:24:58.478 [main] DEBUG net.serenitybdd.core.webdriver.driverproviders.ProvideNewDriver - Instantiating driver
16:24:58.478 [main] DEBUG net.serenitybdd.core.webdriver.driverproviders.ProvideNewDriver - Driver capabilities: Capabilities {acceptInsecureCerts: false, base.url: https://qa.alta.id/, browserName: chrome, chrome.driver: src/test/resources/webdrive..., driver: chrome, goog:chromeOptions: {args: [], extensions: []}}
16:24:59.030 [AsyncHttpClient-1-8] DEBUG org.asynchttpclient.netty.channel.NettyConnectListener - Using new Channel '[id: 0x671ca9e1, L:/127.0.0.1:55013 - R:localhost/127.0.0.1:59336]' for 'POST' to '/session'
16:24:59.736 [AsyncHttpClient-1-8] DEBUG org.asynchttpclient.netty.handler.HttpHandler - 

Request DefaultHttpRequest(decodeResult: success, version: HTTP/1.1)
POST /session HTTP/1.1
User-Agent: selenium/4.1.2 (java windows)
Content-Length: 605
Content-Type: application/json; charset=utf-8
host: localhost:59336
accept: */*

Response DefaultHttpResponse(decodeResult: success, version: HTTP/1.1)
HTTP/1.1 200 OK
Content-Type: application/json; charset=utf-8
cache-control: no-cache
content-length: 789

16:24:59.736 [AsyncHttpClient-1-8] DEBUG org.asynchttpclient.netty.channel.ChannelManager - Adding key: http://localhost:59336 for channel [id: 0x671ca9e1, L:/127.0.0.1:55013 - R:localhost/127.0.0.1:59336]
16:24:59.748 [AsyncHttpClient-1-9] DEBUG org.asynchttpclient.netty.channel.NettyConnectListener - Using new Channel '[id: 0x2973c5ef, L:/127.0.0.1:55021 - R:localhost/127.0.0.1:55014]' for 'GET' to '/json/version'
16:24:59.756 [AsyncHttpClient-1-9] DEBUG org.asynchttpclient.netty.handler.HttpHandler - 

Request DefaultFullHttpRequest(decodeResult: success, version: HTTP/1.1, content: EmptyByteBufBE)
GET /json/version HTTP/1.1
User-Agent: selenium/4.1.2 (java windows)
host: localhost:55014
accept: */*

Response DefaultHttpResponse(decodeResult: success, version: HTTP/1.1)
HTTP/1.1 200 OK
Content-Type: application/json; charset=UTF-8
content-length: 427

16:24:59.757 [AsyncHttpClient-1-9] DEBUG org.asynchttpclient.netty.channel.ChannelManager - Adding key: http://localhost:55014 for channel [id: 0x2973c5ef, L:/127.0.0.1:55021 - R:localhost/127.0.0.1:55014]
16:24:59.760 [AsyncHttpClient-1-2] DEBUG org.asynchttpclient.netty.channel.NettyConnectListener - Using new Channel '[id: 0xdc9abc83, L:/127.0.0.1:55022 - R:localhost/127.0.0.1:55014]' for 'GET' to '/devtools/browser/3d93031d-e11c-4a86-b468-f459dc52cbc8'
16:24:59.762 [AsyncHttpClient-1-2] DEBUG org.asynchttpclient.netty.handler.WebSocketHandler - 

Request DefaultFullHttpRequest(decodeResult: success, version: HTTP/1.1, content: EmptyByteBufBE)
GET /devtools/browser/3d93031d-e11c-4a86-b468-f459dc52cbc8 HTTP/1.1
upgrade: websocket
connection: upgrade
sec-websocket-key: 6gclOZx5UbEMFe7sR6ZNKA==
sec-websocket-version: 13
origin: http://localhost:55014
host: localhost:55014
accept: */*
user-agent: AHC/2.1

Response DefaultHttpResponse(decodeResult: success, version: HTTP/1.1)
HTTP/1.1 101 WebSocket Protocol Handshake
Upgrade: WebSocket
Connection: Upgrade
Sec-WebSocket-Accept: vxmLqRILlu80iyiOZZHH+qeeEfw=

16:24:59.765 [Forwarding maximizeCurrentWindow on session 66ba5a41f9904b7d94a081b7fd4cef87 to remote] DEBUG org.asynchttpclient.netty.request.NettyRequestSender - Using pooled Channel '[id: 0x671ca9e1, L:/127.0.0.1:55013 - R:localhost/127.0.0.1:59336]' for 'POST' to 'http://localhost:59336/session/66ba5a41f9904b7d94a081b7fd4cef87/window/maximize'
16:24:59.765 [Forwarding maximizeCurrentWindow on session 66ba5a41f9904b7d94a081b7fd4cef87 to remote] DEBUG org.asynchttpclient.netty.request.NettyRequestSender - Using open Channel [id: 0x671ca9e1, L:/127.0.0.1:55013 - R:localhost/127.0.0.1:59336] for POST '/session/66ba5a41f9904b7d94a081b7fd4cef87/window/maximize'
16:24:59.907 [AsyncHttpClient-1-8] DEBUG org.asynchttpclient.netty.handler.HttpHandler - 

Request DefaultHttpRequest(decodeResult: success, version: HTTP/1.1)
POST /session/66ba5a41f9904b7d94a081b7fd4cef87/window/maximize HTTP/1.1
User-Agent: selenium/4.1.2 (java windows)
Content-Length: 3
Content-Type: application/json; charset=utf-8
host: localhost:59336
accept: */*

Response DefaultHttpResponse(decodeResult: success, version: HTTP/1.1)
HTTP/1.1 200 OK
Content-Type: application/json; charset=utf-8
cache-control: no-cache
content-length: 51

16:24:59.907 [AsyncHttpClient-1-8] DEBUG org.asynchttpclient.netty.channel.ChannelManager - Adding key: http://localhost:59336 for channel [id: 0x671ca9e1, L:/127.0.0.1:55013 - R:localhost/127.0.0.1:59336]
16:24:59.912 [Forwarding get on session 66ba5a41f9904b7d94a081b7fd4cef87 to remote] DEBUG org.asynchttpclient.netty.request.NettyRequestSender - Using pooled Channel '[id: 0x671ca9e1, L:/127.0.0.1:55013 - R:localhost/127.0.0.1:59336]' for 'POST' to 'http://localhost:59336/session/66ba5a41f9904b7d94a081b7fd4cef87/url'
16:24:59.914 [Forwarding get on session 66ba5a41f9904b7d94a081b7fd4cef87 to remote] DEBUG org.asynchttpclient.netty.request.NettyRequestSender - Using open Channel [id: 0x671ca9e1, L:/127.0.0.1:55013 - R:localhost/127.0.0.1:59336] for POST '/session/66ba5a41f9904b7d94a081b7fd4cef87/url'
16:24:59.918 [AsyncHttpClient-1-1] DEBUG org.asynchttpclient.netty.channel.DefaultChannelPool - Entry count for : http://localhost:55014 : 1
16:25:01.015 [AsyncHttpClient-1-1] DEBUG org.asynchttpclient.netty.channel.DefaultChannelPool - Entry count for : http://localhost:55014 : 1
16:25:02.115 [AsyncHttpClient-1-1] DEBUG org.asynchttpclient.netty.channel.DefaultChannelPool - Entry count for : http://localhost:55014 : 1
16:25:03.221 [AsyncHttpClient-1-1] DEBUG org.asynchttpclient.netty.channel.DefaultChannelPool - Entry count for : http://localhost:55014 : 1
16:25:04.317 [AsyncHttpClient-1-1] DEBUG org.asynchttpclient.netty.channel.DefaultChannelPool - Entry count for : http://localhost:55014 : 1
16:25:05.425 [AsyncHttpClient-1-1] DEBUG org.asynchttpclient.netty.channel.DefaultChannelPool - Entry count for : http://localhost:55014 : 1
16:25:05.425 [AsyncHttpClient-1-8] DEBUG org.asynchttpclient.netty.handler.HttpHandler - 

Request DefaultHttpRequest(decodeResult: success, version: HTTP/1.1)
POST /session/66ba5a41f9904b7d94a081b7fd4cef87/url HTTP/1.1
User-Agent: selenium/4.1.2 (java windows)
Content-Length: 64
Content-Type: application/json; charset=utf-8
host: localhost:59336
accept: */*

Response DefaultHttpResponse(decodeResult: success, version: HTTP/1.1)
HTTP/1.1 200 OK
Content-Type: application/json; charset=utf-8
cache-control: no-cache
content-length: 14

16:25:05.425 [AsyncHttpClient-1-8] DEBUG org.asynchttpclient.netty.channel.ChannelManager - Adding key: http://localhost:59336 for channel [id: 0x671ca9e1, L:/127.0.0.1:55013 - R:localhost/127.0.0.1:59336]
16:25:05.425 [Forwarding setTimeout on session 66ba5a41f9904b7d94a081b7fd4cef87 to remote] DEBUG org.asynchttpclient.netty.request.NettyRequestSender - Using pooled Channel '[id: 0x671ca9e1, L:/127.0.0.1:55013 - R:localhost/127.0.0.1:59336]' for 'POST' to 'http://localhost:59336/session/66ba5a41f9904b7d94a081b7fd4cef87/timeouts'
16:25:05.425 [Forwarding setTimeout on session 66ba5a41f9904b7d94a081b7fd4cef87 to remote] DEBUG org.asynchttpclient.netty.request.NettyRequestSender - Using open Channel [id: 0x671ca9e1, L:/127.0.0.1:55013 - R:localhost/127.0.0.1:59336] for POST '/session/66ba5a41f9904b7d94a081b7fd4cef87/timeouts'
16:25:05.425 [AsyncHttpClient-1-8] DEBUG org.asynchttpclient.netty.handler.HttpHandler - 

Request DefaultHttpRequest(decodeResult: success, version: HTTP/1.1)
POST /session/66ba5a41f9904b7d94a081b7fd4cef87/timeouts HTTP/1.1
User-Agent: selenium/4.1.2 (java windows)
Content-Length: 23
Content-Type: application/json; charset=utf-8
host: localhost:59336
accept: */*

Response DefaultHttpResponse(decodeResult: success, version: HTTP/1.1)
HTTP/1.1 200 OK
Content-Type: application/json; charset=utf-8
cache-control: no-cache
content-length: 14

16:25:05.425 [AsyncHttpClient-1-8] DEBUG org.asynchttpclient.netty.channel.ChannelManager - Adding key: http://localhost:59336 for channel [id: 0x671ca9e1, L:/127.0.0.1:55013 - R:localhost/127.0.0.1:59336]
16:25:05.425 [Forwarding getCurrentUrl on session 66ba5a41f9904b7d94a081b7fd4cef87 to remote] DEBUG org.asynchttpclient.netty.request.NettyRequestSender - Using pooled Channel '[id: 0x671ca9e1, L:/127.0.0.1:55013 - R:localhost/127.0.0.1:59336]' for 'GET' to 'http://localhost:59336/session/66ba5a41f9904b7d94a081b7fd4cef87/url'
16:25:05.425 [Forwarding getCurrentUrl on session 66ba5a41f9904b7d94a081b7fd4cef87 to remote] DEBUG org.asynchttpclient.netty.request.NettyRequestSender - Using open Channel [id: 0x671ca9e1, L:/127.0.0.1:55013 - R:localhost/127.0.0.1:59336] for GET '/session/66ba5a41f9904b7d94a081b7fd4cef87/url'
16:25:05.432 [AsyncHttpClient-1-8] DEBUG org.asynchttpclient.netty.handler.HttpHandler - 

Request DefaultFullHttpRequest(decodeResult: success, version: HTTP/1.1, content: EmptyByteBufBE)
GET /session/66ba5a41f9904b7d94a081b7fd4cef87/url HTTP/1.1
User-Agent: selenium/4.1.2 (java windows)
Cache-Control: no-cache
Content-Type: application/json; charset=utf-8
host: localhost:59336
accept: */*

Response DefaultHttpResponse(decodeResult: success, version: HTTP/1.1)
HTTP/1.1 200 OK
Content-Type: application/json; charset=utf-8
cache-control: no-cache
content-length: 41

16:25:05.432 [AsyncHttpClient-1-8] DEBUG org.asynchttpclient.netty.channel.ChannelManager - Adding key: http://localhost:59336 for channel [id: 0x671ca9e1, L:/127.0.0.1:55013 - R:localhost/127.0.0.1:59336]
16:25:05.442 [Forwarding screenshot on session 66ba5a41f9904b7d94a081b7fd4cef87 to remote] DEBUG org.asynchttpclient.netty.request.NettyRequestSender - Using pooled Channel '[id: 0x671ca9e1, L:/127.0.0.1:55013 - R:localhost/127.0.0.1:59336]' for 'GET' to 'http://localhost:59336/session/66ba5a41f9904b7d94a081b7fd4cef87/screenshot'
16:25:05.442 [Forwarding screenshot on session 66ba5a41f9904b7d94a081b7fd4cef87 to remote] DEBUG org.asynchttpclient.netty.request.NettyRequestSender - Using open Channel [id: 0x671ca9e1, L:/127.0.0.1:55013 - R:localhost/127.0.0.1:59336] for GET '/session/66ba5a41f9904b7d94a081b7fd4cef87/screenshot'
16:25:05.590 [AsyncHttpClient-1-8] DEBUG org.asynchttpclient.netty.handler.HttpHandler - 

Request DefaultFullHttpRequest(decodeResult: success, version: HTTP/1.1, content: EmptyByteBufBE)
GET /session/66ba5a41f9904b7d94a081b7fd4cef87/screenshot HTTP/1.1
User-Agent: selenium/4.1.2 (java windows)
Cache-Control: no-cache
Content-Type: application/json; charset=utf-8
host: localhost:59336
accept: */*

Response DefaultHttpResponse(decodeResult: success, version: HTTP/1.1)
HTTP/1.1 200 OK
Content-Type: application/json; charset=utf-8
cache-control: no-cache
content-length: 24940

16:25:05.590 [AsyncHttpClient-1-8] DEBUG org.asynchttpclient.netty.channel.ChannelManager - Adding key: http://localhost:59336 for channel [id: 0x671ca9e1, L:/127.0.0.1:55013 - R:localhost/127.0.0.1:59336]
16:25:05.597 [main] DEBUG net.serenitybdd.core.photography.Darkroom - Send negative for processing for target\site\serenity\11023edac3681808080020daf60d8cb00148736924ac340653f27273a0570072.png
16:25:05.598 [main] DEBUG net.thucydides.core.steps.StepInterceptor - STARTING STEP: LoginStep.iAmOnTheLoginPage - validateOnLoginPage
16:25:05.598 [Forwarding findElement on session 66ba5a41f9904b7d94a081b7fd4cef87 to remote] DEBUG org.asynchttpclient.netty.request.NettyRequestSender - Using pooled Channel '[id: 0x671ca9e1, L:/127.0.0.1:55013 - R:localhost/127.0.0.1:59336]' for 'POST' to 'http://localhost:59336/session/66ba5a41f9904b7d94a081b7fd4cef87/element'
16:25:05.598 [Forwarding findElement on session 66ba5a41f9904b7d94a081b7fd4cef87 to remote] DEBUG org.asynchttpclient.netty.request.NettyRequestSender - Using open Channel [id: 0x671ca9e1, L:/127.0.0.1:55013 - R:localhost/127.0.0.1:59336] for POST '/session/66ba5a41f9904b7d94a081b7fd4cef87/element'
16:25:05.598 [AsyncHttpClient-1-8] DEBUG org.asynchttpclient.netty.handler.HttpHandler - 

Request DefaultHttpRequest(decodeResult: success, version: HTTP/1.1)
POST /session/66ba5a41f9904b7d94a081b7fd4cef87/element HTTP/1.1
User-Agent: selenium/4.1.2 (java windows)
Content-Length: 136
Content-Type: application/json; charset=utf-8
host: localhost:59336
accept: */*

Response DefaultHttpResponse(decodeResult: success, version: HTTP/1.1)
HTTP/1.1 200 OK
Content-Type: application/json; charset=utf-8
cache-control: no-cache
content-length: 88

16:25:05.598 [AsyncHttpClient-1-8] DEBUG org.asynchttpclient.netty.channel.ChannelManager - Adding key: http://localhost:59336 for channel [id: 0x671ca9e1, L:/127.0.0.1:55013 - R:localhost/127.0.0.1:59336]
16:25:05.614 [Forwarding isElementDisplayed on session 66ba5a41f9904b7d94a081b7fd4cef87 to remote] DEBUG org.asynchttpclient.netty.request.NettyRequestSender - Using pooled Channel '[id: 0x671ca9e1, L:/127.0.0.1:55013 - R:localhost/127.0.0.1:59336]' for 'POST' to 'http://localhost:59336/session/66ba5a41f9904b7d94a081b7fd4cef87/execute/sync'
16:25:05.614 [Forwarding isElementDisplayed on session 66ba5a41f9904b7d94a081b7fd4cef87 to remote] DEBUG org.asynchttpclient.netty.request.NettyRequestSender - Using open Channel [id: 0x671ca9e1, L:/127.0.0.1:55013 - R:localhost/127.0.0.1:59336] for POST '/session/66ba5a41f9904b7d94a081b7fd4cef87/execute/sync'
16:25:05.614 [AsyncHttpClient-1-8] DEBUG org.asynchttpclient.netty.handler.HttpHandler - 

Request DefaultHttpRequest(decodeResult: success, version: HTTP/1.1)
POST /session/66ba5a41f9904b7d94a081b7fd4cef87/execute/sync HTTP/1.1
User-Agent: selenium/4.1.2 (java windows)
Content-Length: 48780
Content-Type: application/json; charset=utf-8
host: localhost:59336
accept: */*

Response DefaultHttpResponse(decodeResult: success, version: HTTP/1.1)
HTTP/1.1 200 OK
Content-Type: application/json; charset=utf-8
cache-control: no-cache
content-length: 14

16:25:05.614 [AsyncHttpClient-1-8] DEBUG org.asynchttpclient.netty.channel.ChannelManager - Adding key: http://localhost:59336 for channel [id: 0x671ca9e1, L:/127.0.0.1:55013 - R:localhost/127.0.0.1:59336]
16:25:05.630 [main] DEBUG net.thucydides.core.steps.StepInterceptor - STEP DONE: validateOnLoginPage
  &amp#27;[32mGiven &amp#27;[0m&amp#27;[32mI am on the login page&amp#27;[0m            &amp#27;[90m# Starter.StepDefinitions.LoginStep.iAmOnTheLoginPage()&amp#27;[0m
16:25:05.641 [main] DEBUG net.thucydides.core.steps.StepInterceptor - STARTING STEP: LoginStep.iInputEmail - inputEmail
16:25:05.649 [Forwarding findElement on session 66ba5a41f9904b7d94a081b7fd4cef87 to remote] DEBUG org.asynchttpclient.netty.request.NettyRequestSender - Using pooled Channel '[id: 0x671ca9e1, L:/127.0.0.1:55013 - R:localhost/127.0.0.1:59336]' for 'POST' to 'http://localhost:59336/session/66ba5a41f9904b7d94a081b7fd4cef87/element'
16:25:05.649 [Forwarding findElement on session 66ba5a41f9904b7d94a081b7fd4cef87 to remote] DEBUG org.asynchttpclient.netty.request.NettyRequestSender - Using open Channel [id: 0x671ca9e1, L:/127.0.0.1:55013 - R:localhost/127.0.0.1:59336] for POST '/session/66ba5a41f9904b7d94a081b7fd4cef87/element'
16:25:05.662 [AsyncHttpClient-1-8] DEBUG org.asynchttpclient.netty.handler.HttpHandler - 

Request DefaultHttpRequest(decodeResult: success, version: HTTP/1.1)
POST /session/66ba5a41f9904b7d94a081b7fd4cef87/element HTTP/1.1
User-Agent: selenium/4.1.2 (java windows)
Content-Length: 91
Content-Type: application/json; charset=utf-8
host: localhost:59336
accept: */*

Response DefaultHttpResponse(decodeResult: success, version: HTTP/1.1)
HTTP/1.1 200 OK
Content-Type: application/json; charset=utf-8
cache-control: no-cache
content-length: 88

16:25:05.663 [AsyncHttpClient-1-8] DEBUG org.asynchttpclient.netty.channel.ChannelManager - Adding key: http://localhost:59336 for channel [id: 0x671ca9e1, L:/127.0.0.1:55013 - R:localhost/127.0.0.1:59336]
16:25:05.664 [Forwarding clearElement on session 66ba5a41f9904b7d94a081b7fd4cef87 to remote] DEBUG org.asynchttpclient.netty.request.NettyRequestSender - Using pooled Channel '[id: 0x671ca9e1, L:/127.0.0.1:55013 - R:localhost/127.0.0.1:59336]' for 'POST' to 'http://localhost:59336/session/66ba5a41f9904b7d94a081b7fd4cef87/element/2a26b413-4126-462e-bbb5-fdd22ca7a04a/clear'
16:25:05.664 [Forwarding clearElement on session 66ba5a41f9904b7d94a081b7fd4cef87 to remote] DEBUG org.asynchttpclient.netty.request.NettyRequestSender - Using open Channel [id: 0x671ca9e1, L:/127.0.0.1:55013 - R:localhost/127.0.0.1:59336] for POST '/session/66ba5a41f9904b7d94a081b7fd4cef87/element/2a26b413-4126-462e-bbb5-fdd22ca7a04a/clear'
16:25:05.692 [AsyncHttpClient-1-8] DEBUG org.asynchttpclient.netty.handler.HttpHandler - 

Request DefaultHttpRequest(decodeResult: success, version: HTTP/1.1)
POST /session/66ba5a41f9904b7d94a081b7fd4cef87/element/2a26b413-4126-462e-bbb5-fdd22ca7a04a/clear HTTP/1.1
User-Agent: selenium/4.1.2 (java windows)
Content-Length: 50
Content-Type: application/json; charset=utf-8
host: localhost:59336
accept: */*

Response DefaultHttpResponse(decodeResult: success, version: HTTP/1.1)
HTTP/1.1 200 OK
Content-Type: application/json; charset=utf-8
cache-control: no-cache
content-length: 14

16:25:05.692 [AsyncHttpClient-1-8] DEBUG org.asynchttpclient.netty.channel.ChannelManager - Adding key: http://localhost:59336 for channel [id: 0x671ca9e1, L:/127.0.0.1:55013 - R:localhost/127.0.0.1:59336]
16:25:05.693 [Forwarding sendKeysToElement on session 66ba5a41f9904b7d94a081b7fd4cef87 to remote] DEBUG org.asynchttpclient.netty.request.NettyRequestSender - Using pooled Channel '[id: 0x671ca9e1, L:/127.0.0.1:55013 - R:localhost/127.0.0.1:59336]' for 'POST' to 'http://localhost:59336/session/66ba5a41f9904b7d94a081b7fd4cef87/element/2a26b413-4126-462e-bbb5-fdd22ca7a04a/value'
16:25:05.693 [Forwarding sendKeysToElement on session 66ba5a41f9904b7d94a081b7fd4cef87 to remote] DEBUG org.asynchttpclient.netty.request.NettyRequestSender - Using open Channel [id: 0x671ca9e1, L:/127.0.0.1:55013 - R:localhost/127.0.0.1:59336] for POST '/session/66ba5a41f9904b7d94a081b7fd4cef87/element/2a26b413-4126-462e-bbb5-fdd22ca7a04a/value'
16:25:05.815 [AsyncHttpClient-1-8] DEBUG org.asynchttpclient.netty.handler.HttpHandler - 

Request DefaultHttpRequest(decodeResult: success, version: HTTP/1.1)
POST /session/66ba5a41f9904b7d94a081b7fd4cef87/element/2a26b413-4126-462e-bbb5-fdd22ca7a04a/value HTTP/1.1
User-Agent: selenium/4.1.2 (java windows)
Content-Length: 261
Content-Type: application/json; charset=utf-8
host: localhost:59336
accept: */*

Response DefaultHttpResponse(decodeResult: success, version: HTTP/1.1)
HTTP/1.1 200 OK
Content-Type: application/json; charset=utf-8
cache-control: no-cache
content-length: 14

16:25:05.815 [AsyncHttpClient-1-8] DEBUG org.asynchttpclient.netty.channel.ChannelManager - Adding key: http://localhost:59336 for channel [id: 0x671ca9e1, L:/127.0.0.1:55013 - R:localhost/127.0.0.1:59336]
16:25:05.825 [Forwarding screenshot on session 66ba5a41f9904b7d94a081b7fd4cef87 to remote] DEBUG org.asynchttpclient.netty.request.NettyRequestSender - Using pooled Channel '[id: 0x671ca9e1, L:/127.0.0.1:55013 - R:localhost/127.0.0.1:59336]' for 'GET' to 'http://localhost:59336/session/66ba5a41f9904b7d94a081b7fd4cef87/screenshot'
16:25:05.825 [Forwarding screenshot on session 66ba5a41f9904b7d94a081b7fd4cef87 to remote] DEBUG org.asynchttpclient.netty.request.NettyRequestSender - Using open Channel [id: 0x671ca9e1, L:/127.0.0.1:55013 - R:localhost/127.0.0.1:59336] for GET '/session/66ba5a41f9904b7d94a081b7fd4cef87/screenshot'
16:25:06.011 [AsyncHttpClient-1-8] DEBUG org.asynchttpclient.netty.handler.HttpHandler - 

Request DefaultFullHttpRequest(decodeResult: success, version: HTTP/1.1, content: EmptyByteBufBE)
GET /session/66ba5a41f9904b7d94a081b7fd4cef87/screenshot HTTP/1.1
User-Agent: selenium/4.1.2 (java windows)
Cache-Control: no-cache
Content-Type: application/json; charset=utf-8
host: localhost:59336
accept: */*

Response DefaultHttpResponse(decodeResult: success, version: HTTP/1.1)
HTTP/1.1 200 OK
Content-Type: application/json; charset=utf-8
cache-control: no-cache
content-length: 28988

16:25:06.011 [AsyncHttpClient-1-8] DEBUG org.asynchttpclient.netty.channel.ChannelManager - Adding key: http://localhost:59336 for channel [id: 0x671ca9e1, L:/127.0.0.1:55013 - R:localhost/127.0.0.1:59336]
16:25:06.013 [main] DEBUG net.serenitybdd.core.photography.Darkroom - Send negative for processing for target\site\serenity\229617301aec0c1b4008314000ca4fe2b299d6837f681e89d593dae015cfd537.png
16:25:06.013 [main] DEBUG net.thucydides.core.steps.StepInterceptor - STEP DONE: inputEmail
  &amp#27;[32mWhen &amp#27;[0m&amp#27;[32mI input &amp#27;[0m&amp#27;[32m&amp#27;[1m"hakim001@gmail.com"&amp#27;[0m&amp#27;[32m email&amp#27;[0m &amp#27;[90m# Starter.StepDefinitions.LoginStep.iInputEmail(java.lang.String)&amp#27;[0m
16:25:06.013 [Darkroom Processing Line] DEBUG net.serenitybdd.core.photography.DarkroomProcessingLine - Processing screenshot image in /var/screenshots/screenshot-3220495895429598576
16:25:06.013 [Darkroom Processing Line] DEBUG net.serenitybdd.core.photography.DarkroomProcessingLine - Saving screenshot to target\site\serenity\229617301aec0c1b4008314000ca4fe2b299d6837f681e89d593dae015cfd537.png
16:25:06.024 [main] DEBUG net.thucydides.core.steps.StepInterceptor - STARTING STEP: LoginStep.iInputPassword - inputPassword
16:25:06.025 [Forwarding findElement on session 66ba5a41f9904b7d94a081b7fd4cef87 to remote] DEBUG org.asynchttpclient.netty.request.NettyRequestSender - Using pooled Channel '[id: 0x671ca9e1, L:/127.0.0.1:55013 - R:localhost/127.0.0.1:59336]' for 'POST' to 'http://localhost:59336/session/66ba5a41f9904b7d94a081b7fd4cef87/element'
16:25:06.025 [Forwarding findElement on session 66ba5a41f9904b7d94a081b7fd4cef87 to remote] DEBUG org.asynchttpclient.netty.request.NettyRequestSender - Using open Channel [id: 0x671ca9e1, L:/127.0.0.1:55013 - R:localhost/127.0.0.1:59336] for POST '/session/66ba5a41f9904b7d94a081b7fd4cef87/element'
16:25:06.033 [AsyncHttpClient-1-8] DEBUG org.asynchttpclient.netty.handler.HttpHandler - 

Request DefaultHttpRequest(decodeResult: success, version: HTTP/1.1)
POST /session/66ba5a41f9904b7d94a081b7fd4cef87/element HTTP/1.1
User-Agent: selenium/4.1.2 (java windows)
Content-Length: 94
Content-Type: application/json; charset=utf-8
host: localhost:59336
accept: */*

Response DefaultHttpResponse(decodeResult: success, version: HTTP/1.1)
HTTP/1.1 200 OK
Content-Type: application/json; charset=utf-8
cache-control: no-cache
content-length: 88

16:25:06.033 [AsyncHttpClient-1-8] DEBUG org.asynchttpclient.netty.channel.ChannelManager - Adding key: http://localhost:59336 for channel [id: 0x671ca9e1, L:/127.0.0.1:55013 - R:localhost/127.0.0.1:59336]
16:25:06.041 [Forwarding clearElement on session 66ba5a41f9904b7d94a081b7fd4cef87 to remote] DEBUG org.asynchttpclient.netty.request.NettyRequestSender - Using pooled Channel '[id: 0x671ca9e1, L:/127.0.0.1:55013 - R:localhost/127.0.0.1:59336]' for 'POST' to 'http://localhost:59336/session/66ba5a41f9904b7d94a081b7fd4cef87/element/cb56d4dc-1bc8-495c-a0cd-83d6a61f6733/clear'
16:25:06.041 [Forwarding clearElement on session 66ba5a41f9904b7d94a081b7fd4cef87 to remote] DEBUG org.asynchttpclient.netty.request.NettyRequestSender - Using open Channel [id: 0x671ca9e1, L:/127.0.0.1:55013 - R:localhost/127.0.0.1:59336] for POST '/session/66ba5a41f9904b7d94a081b7fd4cef87/element/cb56d4dc-1bc8-495c-a0cd-83d6a61f6733/clear'
16:25:06.069 [AsyncHttpClient-1-8] DEBUG org.asynchttpclient.netty.handler.HttpHandler - 

Request DefaultHttpRequest(decodeResult: success, version: HTTP/1.1)
POST /session/66ba5a41f9904b7d94a081b7fd4cef87/element/cb56d4dc-1bc8-495c-a0cd-83d6a61f6733/clear HTTP/1.1
User-Agent: selenium/4.1.2 (java windows)
Content-Length: 50
Content-Type: application/json; charset=utf-8
host: localhost:59336
accept: */*

Response DefaultHttpResponse(decodeResult: success, version: HTTP/1.1)
HTTP/1.1 200 OK
Content-Type: application/json; charset=utf-8
cache-control: no-cache
content-length: 14

16:25:06.069 [AsyncHttpClient-1-8] DEBUG org.asynchttpclient.netty.channel.ChannelManager - Adding key: http://localhost:59336 for channel [id: 0x671ca9e1, L:/127.0.0.1:55013 - R:localhost/127.0.0.1:59336]
16:25:06.069 [Forwarding sendKeysToElement on session 66ba5a41f9904b7d94a081b7fd4cef87 to remote] DEBUG org.asynchttpclient.netty.request.NettyRequestSender - Using pooled Channel '[id: 0x671ca9e1, L:/127.0.0.1:55013 - R:localhost/127.0.0.1:59336]' for 'POST' to 'http://localhost:59336/session/66ba5a41f9904b7d94a081b7fd4cef87/element/cb56d4dc-1bc8-495c-a0cd-83d6a61f6733/value'
16:25:06.069 [Forwarding sendKeysToElement on session 66ba5a41f9904b7d94a081b7fd4cef87 to remote] DEBUG org.asynchttpclient.netty.request.NettyRequestSender - Using open Channel [id: 0x671ca9e1, L:/127.0.0.1:55013 - R:localhost/127.0.0.1:59336] for POST '/session/66ba5a41f9904b7d94a081b7fd4cef87/element/cb56d4dc-1bc8-495c-a0cd-83d6a61f6733/value'
16:25:06.111 [AsyncHttpClient-1-8] DEBUG org.asynchttpclient.netty.handler.HttpHandler - 

Request DefaultHttpRequest(decodeResult: success, version: HTTP/1.1)
POST /session/66ba5a41f9904b7d94a081b7fd4cef87/element/cb56d4dc-1bc8-495c-a0cd-83d6a61f6733/value HTTP/1.1
User-Agent: selenium/4.1.2 (java windows)
Content-Length: 82
Content-Type: application/json; charset=utf-8
host: localhost:59336
accept: */*

Response DefaultHttpResponse(decodeResult: success, version: HTTP/1.1)
HTTP/1.1 200 OK
Content-Type: application/json; charset=utf-8
cache-control: no-cache
content-length: 14

16:25:06.111 [AsyncHttpClient-1-8] DEBUG org.asynchttpclient.netty.channel.ChannelManager - Adding key: http://localhost:59336 for channel [id: 0x671ca9e1, L:/127.0.0.1:55013 - R:localhost/127.0.0.1:59336]
16:25:06.111 [Forwarding screenshot on session 66ba5a41f9904b7d94a081b7fd4cef87 to remote] DEBUG org.asynchttpclient.netty.request.NettyRequestSender - Using pooled Channel '[id: 0x671ca9e1, L:/127.0.0.1:55013 - R:localhost/127.0.0.1:59336]' for 'GET' to 'http://localhost:59336/session/66ba5a41f9904b7d94a081b7fd4cef87/screenshot'
16:25:06.111 [Forwarding screenshot on session 66ba5a41f9904b7d94a081b7fd4cef87 to remote] DEBUG org.asynchttpclient.netty.request.NettyRequestSender - Using open Channel [id: 0x671ca9e1, L:/127.0.0.1:55013 - R:localhost/127.0.0.1:59336] for GET '/session/66ba5a41f9904b7d94a081b7fd4cef87/screenshot'
16:25:06.293 [AsyncHttpClient-1-8] DEBUG org.asynchttpclient.netty.handler.HttpHandler - 

Request DefaultFullHttpRequest(decodeResult: success, version: HTTP/1.1, content: EmptyByteBufBE)
GET /session/66ba5a41f9904b7d94a081b7fd4cef87/screenshot HTTP/1.1
User-Agent: selenium/4.1.2 (java windows)
Cache-Control: no-cache
Content-Type: application/json; charset=utf-8
host: localhost:59336
accept: */*

Response DefaultHttpResponse(decodeResult: success, version: HTTP/1.1)
HTTP/1.1 200 OK
Content-Type: application/json; charset=utf-8
cache-control: no-cache
content-length: 28732

16:25:06.293 [AsyncHttpClient-1-8] DEBUG org.asynchttpclient.netty.channel.ChannelManager - Adding key: http://localhost:59336 for channel [id: 0x671ca9e1, L:/127.0.0.1:55013 - R:localhost/127.0.0.1:59336]
16:25:06.293 [main] DEBUG net.serenitybdd.core.photography.Darkroom - Send negative for processing for target\site\serenity\4acb2c0d39e56b40de23b53945e99d72a4e1f461b49b203460f6f6e6f429b0cd.png
16:25:06.293 [main] DEBUG net.thucydides.core.steps.StepInterceptor - STEP DONE: inputPassword
  &amp#27;[32mAnd &amp#27;[0m&amp#27;[32mI input &amp#27;[0m&amp#27;[32m&amp#27;[1m""&amp#27;[0m&amp#27;[32m password&amp#27;[0m                 &amp#27;[90m# Starter.StepDefinitions.LoginStep.iInputPassword(java.lang.String)&amp#27;[0m
16:25:06.293 [Darkroom Processing Line] DEBUG net.serenitybdd.core.photography.DarkroomProcessingLine - Processing screenshot image in /var/screenshots/screenshot-17995819072132599639
16:25:06.293 [Darkroom Processing Line] DEBUG net.serenitybdd.core.photography.DarkroomProcessingLine - Saving screenshot to target\site\serenity\4acb2c0d39e56b40de23b53945e99d72a4e1f461b49b203460f6f6e6f429b0cd.png
16:25:06.309 [main] DEBUG net.thucydides.core.steps.StepInterceptor - STARTING STEP: LoginStep.clickLoginButton - clickLoginButton
16:25:06.309 [Forwarding findElement on session 66ba5a41f9904b7d94a081b7fd4cef87 to remote] DEBUG org.asynchttpclient.netty.request.NettyRequestSender - Using pooled Channel '[id: 0x671ca9e1, L:/127.0.0.1:55013 - R:localhost/127.0.0.1:59336]' for 'POST' to 'http://localhost:59336/session/66ba5a41f9904b7d94a081b7fd4cef87/element'
16:25:06.309 [Forwarding findElement on session 66ba5a41f9904b7d94a081b7fd4cef87 to remote] DEBUG org.asynchttpclient.netty.request.NettyRequestSender - Using open Channel [id: 0x671ca9e1, L:/127.0.0.1:55013 - R:localhost/127.0.0.1:59336] for POST '/session/66ba5a41f9904b7d94a081b7fd4cef87/element'
16:25:06.315 [AsyncHttpClient-1-8] DEBUG org.asynchttpclient.netty.handler.HttpHandler - 

Request DefaultHttpRequest(decodeResult: success, version: HTTP/1.1)
POST /session/66ba5a41f9904b7d94a081b7fd4cef87/element HTTP/1.1
User-Agent: selenium/4.1.2 (java windows)
Content-Length: 136
Content-Type: application/json; charset=utf-8
host: localhost:59336
accept: */*

Response DefaultHttpResponse(decodeResult: success, version: HTTP/1.1)
HTTP/1.1 200 OK
Content-Type: application/json; charset=utf-8
cache-control: no-cache
content-length: 88

16:25:06.315 [AsyncHttpClient-1-8] DEBUG org.asynchttpclient.netty.channel.ChannelManager - Adding key: http://localhost:59336 for channel [id: 0x671ca9e1, L:/127.0.0.1:55013 - R:localhost/127.0.0.1:59336]
16:25:06.315 [Forwarding getElementTagName on session 66ba5a41f9904b7d94a081b7fd4cef87 to remote] DEBUG org.asynchttpclient.netty.request.NettyRequestSender - Using pooled Channel '[id: 0x671ca9e1, L:/127.0.0.1:55013 - R:localhost/127.0.0.1:59336]' for 'GET' to 'http://localhost:59336/session/66ba5a41f9904b7d94a081b7fd4cef87/element/db801a98-7112-46ba-9107-a9ba3d1927c6/name'
16:25:06.315 [Forwarding getElementTagName on session 66ba5a41f9904b7d94a081b7fd4cef87 to remote] DEBUG org.asynchttpclient.netty.request.NettyRequestSender - Using open Channel [id: 0x671ca9e1, L:/127.0.0.1:55013 - R:localhost/127.0.0.1:59336] for GET '/session/66ba5a41f9904b7d94a081b7fd4cef87/element/db801a98-7112-46ba-9107-a9ba3d1927c6/name'
16:25:06.329 [AsyncHttpClient-1-8] DEBUG org.asynchttpclient.netty.handler.HttpHandler - 

Request DefaultFullHttpRequest(decodeResult: success, version: HTTP/1.1, content: EmptyByteBufBE)
GET /session/66ba5a41f9904b7d94a081b7fd4cef87/element/db801a98-7112-46ba-9107-a9ba3d1927c6/name HTTP/1.1
User-Agent: selenium/4.1.2 (java windows)
Cache-Control: no-cache
Content-Type: application/json; charset=utf-8
host: localhost:59336
accept: */*

Response DefaultHttpResponse(decodeResult: success, version: HTTP/1.1)
HTTP/1.1 200 OK
Content-Type: application/json; charset=utf-8
cache-control: no-cache
content-length: 18

16:25:06.330 [AsyncHttpClient-1-8] DEBUG org.asynchttpclient.netty.channel.ChannelManager - Adding key: http://localhost:59336 for channel [id: 0x671ca9e1, L:/127.0.0.1:55013 - R:localhost/127.0.0.1:59336]
16:25:06.330 [Forwarding getElementTagName on session 66ba5a41f9904b7d94a081b7fd4cef87 to remote] DEBUG org.asynchttpclient.netty.request.NettyRequestSender - Using pooled Channel '[id: 0x671ca9e1, L:/127.0.0.1:55013 - R:localhost/127.0.0.1:59336]' for 'GET' to 'http://localhost:59336/session/66ba5a41f9904b7d94a081b7fd4cef87/element/db801a98-7112-46ba-9107-a9ba3d1927c6/name'
16:25:06.330 [Forwarding getElementTagName on session 66ba5a41f9904b7d94a081b7fd4cef87 to remote] DEBUG org.asynchttpclient.netty.request.NettyRequestSender - Using open Channel [id: 0x671ca9e1, L:/127.0.0.1:55013 - R:localhost/127.0.0.1:59336] for GET '/session/66ba5a41f9904b7d94a081b7fd4cef87/element/db801a98-7112-46ba-9107-a9ba3d1927c6/name'
16:25:06.335 [AsyncHttpClient-1-8] DEBUG org.asynchttpclient.netty.handler.HttpHandler - 

Request DefaultFullHttpRequest(decodeResult: success, version: HTTP/1.1, content: EmptyByteBufBE)
GET /session/66ba5a41f9904b7d94a081b7fd4cef87/element/db801a98-7112-46ba-9107-a9ba3d1927c6/name HTTP/1.1
User-Agent: selenium/4.1.2 (java windows)
Cache-Control: no-cache
Content-Type: application/json; charset=utf-8
host: localhost:59336
accept: */*

Response DefaultHttpResponse(decodeResult: success, version: HTTP/1.1)
HTTP/1.1 200 OK
Content-Type: application/json; charset=utf-8
cache-control: no-cache
content-length: 18

16:25:06.335 [AsyncHttpClient-1-8] DEBUG org.asynchttpclient.netty.channel.ChannelManager - Adding key: http://localhost:59336 for channel [id: 0x671ca9e1, L:/127.0.0.1:55013 - R:localhost/127.0.0.1:59336]
16:25:06.345 [Forwarding isElementEnabled on session 66ba5a41f9904b7d94a081b7fd4cef87 to remote] DEBUG org.asynchttpclient.netty.request.NettyRequestSender - Using pooled Channel '[id: 0x671ca9e1, L:/127.0.0.1:55013 - R:localhost/127.0.0.1:59336]' for 'GET' to 'http://localhost:59336/session/66ba5a41f9904b7d94a081b7fd4cef87/element/db801a98-7112-46ba-9107-a9ba3d1927c6/enabled'
16:25:06.345 [Forwarding isElementEnabled on session 66ba5a41f9904b7d94a081b7fd4cef87 to remote] DEBUG org.asynchttpclient.netty.request.NettyRequestSender - Using open Channel [id: 0x671ca9e1, L:/127.0.0.1:55013 - R:localhost/127.0.0.1:59336] for GET '/session/66ba5a41f9904b7d94a081b7fd4cef87/element/db801a98-7112-46ba-9107-a9ba3d1927c6/enabled'
16:25:06.355 [AsyncHttpClient-1-8] DEBUG org.asynchttpclient.netty.handler.HttpHandler - 

Request DefaultFullHttpRequest(decodeResult: success, version: HTTP/1.1, content: EmptyByteBufBE)
GET /session/66ba5a41f9904b7d94a081b7fd4cef87/element/db801a98-7112-46ba-9107-a9ba3d1927c6/enabled HTTP/1.1
User-Agent: selenium/4.1.2 (java windows)
Cache-Control: no-cache
Content-Type: application/json; charset=utf-8
host: localhost:59336
accept: */*

Response DefaultHttpResponse(decodeResult: success, version: HTTP/1.1)
HTTP/1.1 200 OK
Content-Type: application/json; charset=utf-8
cache-control: no-cache
content-length: 14

16:25:06.355 [AsyncHttpClient-1-8] DEBUG org.asynchttpclient.netty.channel.ChannelManager - Adding key: http://localhost:59336 for channel [id: 0x671ca9e1, L:/127.0.0.1:55013 - R:localhost/127.0.0.1:59336]
16:25:06.361 [Forwarding isElementEnabled on session 66ba5a41f9904b7d94a081b7fd4cef87 to remote] DEBUG org.asynchttpclient.netty.request.NettyRequestSender - Using pooled Channel '[id: 0x671ca9e1, L:/127.0.0.1:55013 - R:localhost/127.0.0.1:59336]' for 'GET' to 'http://localhost:59336/session/66ba5a41f9904b7d94a081b7fd4cef87/element/db801a98-7112-46ba-9107-a9ba3d1927c6/enabled'
16:25:06.361 [Forwarding isElementEnabled on session 66ba5a41f9904b7d94a081b7fd4cef87 to remote] DEBUG org.asynchttpclient.netty.request.NettyRequestSender - Using open Channel [id: 0x671ca9e1, L:/127.0.0.1:55013 - R:localhost/127.0.0.1:59336] for GET '/session/66ba5a41f9904b7d94a081b7fd4cef87/element/db801a98-7112-46ba-9107-a9ba3d1927c6/enabled'
16:25:06.371 [AsyncHttpClient-1-8] DEBUG org.asynchttpclient.netty.handler.HttpHandler - 

Request DefaultFullHttpRequest(decodeResult: success, version: HTTP/1.1, content: EmptyByteBufBE)
GET /session/66ba5a41f9904b7d94a081b7fd4cef87/element/db801a98-7112-46ba-9107-a9ba3d1927c6/enabled HTTP/1.1
User-Agent: selenium/4.1.2 (java windows)
Cache-Control: no-cache
Content-Type: application/json; charset=utf-8
host: localhost:59336
accept: */*

Response DefaultHttpResponse(decodeResult: success, version: HTTP/1.1)
HTTP/1.1 200 OK
Content-Type: application/json; charset=utf-8
cache-control: no-cache
content-length: 14

16:25:06.371 [AsyncHttpClient-1-8] DEBUG org.asynchttpclient.netty.channel.ChannelManager - Adding key: http://localhost:59336 for channel [id: 0x671ca9e1, L:/127.0.0.1:55013 - R:localhost/127.0.0.1:59336]
16:25:06.375 [Forwarding findElement on session 66ba5a41f9904b7d94a081b7fd4cef87 to remote] DEBUG org.asynchttpclient.netty.request.NettyRequestSender - Using pooled Channel '[id: 0x671ca9e1, L:/127.0.0.1:55013 - R:localhost/127.0.0.1:59336]' for 'POST' to 'http://localhost:59336/session/66ba5a41f9904b7d94a081b7fd4cef87/element'
16:25:06.375 [Forwarding findElement on session 66ba5a41f9904b7d94a081b7fd4cef87 to remote] DEBUG org.asynchttpclient.netty.request.NettyRequestSender - Using open Channel [id: 0x671ca9e1, L:/127.0.0.1:55013 - R:localhost/127.0.0.1:59336] for POST '/session/66ba5a41f9904b7d94a081b7fd4cef87/element'
16:25:06.378 [AsyncHttpClient-1-8] DEBUG org.asynchttpclient.netty.handler.HttpHandler - 

Request DefaultHttpRequest(decodeResult: success, version: HTTP/1.1)
POST /session/66ba5a41f9904b7d94a081b7fd4cef87/element HTTP/1.1
User-Agent: selenium/4.1.2 (java windows)
Content-Length: 136
Content-Type: application/json; charset=utf-8
host: localhost:59336
accept: */*

Response DefaultHttpResponse(decodeResult: success, version: HTTP/1.1)
HTTP/1.1 200 OK
Content-Type: application/json; charset=utf-8
cache-control: no-cache
content-length: 88

16:25:06.378 [AsyncHttpClient-1-8] DEBUG org.asynchttpclient.netty.channel.ChannelManager - Adding key: http://localhost:59336 for channel [id: 0x671ca9e1, L:/127.0.0.1:55013 - R:localhost/127.0.0.1:59336]
16:25:06.378 [Forwarding clickElement on session 66ba5a41f9904b7d94a081b7fd4cef87 to remote] DEBUG org.asynchttpclient.netty.request.NettyRequestSender - Using pooled Channel '[id: 0x671ca9e1, L:/127.0.0.1:55013 - R:localhost/127.0.0.1:59336]' for 'POST' to 'http://localhost:59336/session/66ba5a41f9904b7d94a081b7fd4cef87/element/db801a98-7112-46ba-9107-a9ba3d1927c6/click'
16:25:06.378 [Forwarding clickElement on session 66ba5a41f9904b7d94a081b7fd4cef87 to remote] DEBUG org.asynchttpclient.netty.request.NettyRequestSender - Using open Channel [id: 0x671ca9e1, L:/127.0.0.1:55013 - R:localhost/127.0.0.1:59336] for POST '/session/66ba5a41f9904b7d94a081b7fd4cef87/element/db801a98-7112-46ba-9107-a9ba3d1927c6/click'
16:25:06.432 [AsyncHttpClient-1-8] DEBUG org.asynchttpclient.netty.handler.HttpHandler - 

Request DefaultHttpRequest(decodeResult: success, version: HTTP/1.1)
POST /session/66ba5a41f9904b7d94a081b7fd4cef87/element/db801a98-7112-46ba-9107-a9ba3d1927c6/click HTTP/1.1
User-Agent: selenium/4.1.2 (java windows)
Content-Length: 50
Content-Type: application/json; charset=utf-8
host: localhost:59336
accept: */*

Response DefaultHttpResponse(decodeResult: success, version: HTTP/1.1)
HTTP/1.1 200 OK
Content-Type: application/json; charset=utf-8
cache-control: no-cache
content-length: 14

16:25:06.434 [AsyncHttpClient-1-8] DEBUG org.asynchttpclient.netty.channel.ChannelManager - Adding key: http://localhost:59336 for channel [id: 0x671ca9e1, L:/127.0.0.1:55013 - R:localhost/127.0.0.1:59336]
16:25:06.435 [Forwarding screenshot on session 66ba5a41f9904b7d94a081b7fd4cef87 to remote] DEBUG org.asynchttpclient.netty.request.NettyRequestSender - Using pooled Channel '[id: 0x671ca9e1, L:/127.0.0.1:55013 - R:localhost/127.0.0.1:59336]' for 'GET' to 'http://localhost:59336/session/66ba5a41f9904b7d94a081b7fd4cef87/screenshot'
16:25:06.435 [Forwarding screenshot on session 66ba5a41f9904b7d94a081b7fd4cef87 to remote] DEBUG org.asynchttpclient.netty.request.NettyRequestSender - Using open Channel [id: 0x671ca9e1, L:/127.0.0.1:55013 - R:localhost/127.0.0.1:59336] for GET '/session/66ba5a41f9904b7d94a081b7fd4cef87/screenshot'
16:25:06.518 [AsyncHttpClient-1-1] DEBUG org.asynchttpclient.netty.channel.DefaultChannelPool - Entry count for : http://localhost:55014 : 1
16:25:06.611 [AsyncHttpClient-1-8] DEBUG org.asynchttpclient.netty.handler.HttpHandler - 

Request DefaultFullHttpRequest(decodeResult: success, version: HTTP/1.1, content: EmptyByteBufBE)
GET /session/66ba5a41f9904b7d94a081b7fd4cef87/screenshot HTTP/1.1
User-Agent: selenium/4.1.2 (java windows)
Cache-Control: no-cache
Content-Type: application/json; charset=utf-8
host: localhost:59336
accept: */*

Response DefaultHttpResponse(decodeResult: success, version: HTTP/1.1)
HTTP/1.1 200 OK
Content-Type: application/json; charset=utf-8
cache-control: no-cache
content-length: 29056

16:25:06.612 [AsyncHttpClient-1-8] DEBUG org.asynchttpclient.netty.channel.ChannelManager - Adding key: http://localhost:59336 for channel [id: 0x671ca9e1, L:/127.0.0.1:55013 - R:localhost/127.0.0.1:59336]
16:25:06.614 [main] DEBUG net.serenitybdd.core.photography.Darkroom - Send negative for processing for target\site\serenity\1cf0d1ac8f903364d637572b4ec2b0e992d4c0c658ae9b15972f5e17b23db854.png
16:25:06.615 [main] DEBUG net.thucydides.core.steps.StepInterceptor - STEP DONE: clickLoginButton
  &amp#27;[32mAnd &amp#27;[0m&amp#27;[32mclick login button&amp#27;[0m                  &amp#27;[90m# Starter.StepDefinitions.LoginStep.clickLoginButton()&amp#27;[0m
16:25:06.615 [Darkroom Processing Line] DEBUG net.serenitybdd.core.photography.DarkroomProcessingLine - Processing screenshot image in /var/screenshots/screenshot-4616115464396922322
16:25:06.615 [Darkroom Processing Line] DEBUG net.serenitybdd.core.photography.DarkroomProcessingLine - Saving screenshot to target\site\serenity\1cf0d1ac8f903364d637572b4ec2b0e992d4c0c658ae9b15972f5e17b23db854.png
16:25:06.626 [main] DEBUG net.thucydides.core.steps.StepInterceptor - STARTING STEP: LoginStep.iGetThe - errorMessageAppears
16:25:06.626 [Forwarding setTimeout on session 66ba5a41f9904b7d94a081b7fd4cef87 to remote] DEBUG org.asynchttpclient.netty.request.NettyRequestSender - Using pooled Channel '[id: 0x671ca9e1, L:/127.0.0.1:55013 - R:localhost/127.0.0.1:59336]' for 'POST' to 'http://localhost:59336/session/66ba5a41f9904b7d94a081b7fd4cef87/timeouts'
16:25:06.626 [Forwarding setTimeout on session 66ba5a41f9904b7d94a081b7fd4cef87 to remote] DEBUG org.asynchttpclient.netty.request.NettyRequestSender - Using open Channel [id: 0x671ca9e1, L:/127.0.0.1:55013 - R:localhost/127.0.0.1:59336] for POST '/session/66ba5a41f9904b7d94a081b7fd4cef87/timeouts'
16:25:06.631 [AsyncHttpClient-1-8] DEBUG org.asynchttpclient.netty.handler.HttpHandler - 

Request DefaultHttpRequest(decodeResult: success, version: HTTP/1.1)
POST /session/66ba5a41f9904b7d94a081b7fd4cef87/timeouts HTTP/1.1
User-Agent: selenium/4.1.2 (java windows)
Content-Length: 23
Content-Type: application/json; charset=utf-8
host: localhost:59336
accept: */*

Response DefaultHttpResponse(decodeResult: success, version: HTTP/1.1)
HTTP/1.1 200 OK
Content-Type: application/json; charset=utf-8
cache-control: no-cache
content-length: 14

16:25:06.631 [AsyncHttpClient-1-8] DEBUG org.asynchttpclient.netty.channel.ChannelManager - Adding key: http://localhost:59336 for channel [id: 0x671ca9e1, L:/127.0.0.1:55013 - R:localhost/127.0.0.1:59336]
16:25:06.638 [Forwarding findElement on session 66ba5a41f9904b7d94a081b7fd4cef87 to remote] DEBUG org.asynchttpclient.netty.request.NettyRequestSender - Using pooled Channel '[id: 0x671ca9e1, L:/127.0.0.1:55013 - R:localhost/127.0.0.1:59336]' for 'POST' to 'http://localhost:59336/session/66ba5a41f9904b7d94a081b7fd4cef87/element'
16:25:06.638 [Forwarding findElement on session 66ba5a41f9904b7d94a081b7fd4cef87 to remote] DEBUG org.asynchttpclient.netty.request.NettyRequestSender - Using open Channel [id: 0x671ca9e1, L:/127.0.0.1:55013 - R:localhost/127.0.0.1:59336] for POST '/session/66ba5a41f9904b7d94a081b7fd4cef87/element'
16:25:06.643 [AsyncHttpClient-1-8] DEBUG org.asynchttpclient.netty.handler.HttpHandler - 

Request DefaultHttpRequest(decodeResult: success, version: HTTP/1.1)
POST /session/66ba5a41f9904b7d94a081b7fd4cef87/element HTTP/1.1
User-Agent: selenium/4.1.2 (java windows)
Content-Length: 53
Content-Type: application/json; charset=utf-8
host: localhost:59336
accept: */*

Response DefaultHttpResponse(decodeResult: success, version: HTTP/1.1)
HTTP/1.1 400 Bad Request
Content-Type: application/json; charset=utf-8
cache-control: no-cache
content-length: 957

16:25:06.643 [AsyncHttpClient-1-8] DEBUG org.asynchttpclient.netty.channel.ChannelManager - Adding key: http://localhost:59336 for channel [id: 0x671ca9e1, L:/127.0.0.1:55013 - R:localhost/127.0.0.1:59336]
16:25:06.649 [Forwarding findElement on session 66ba5a41f9904b7d94a081b7fd4cef87 to remote] DEBUG org.asynchttpclient.netty.request.NettyRequestSender - Using pooled Channel '[id: 0x671ca9e1, L:/127.0.0.1:55013 - R:localhost/127.0.0.1:59336]' for 'POST' to 'http://localhost:59336/session/66ba5a41f9904b7d94a081b7fd4cef87/element'
16:25:06.649 [Forwarding findElement on session 66ba5a41f9904b7d94a081b7fd4cef87 to remote] DEBUG org.asynchttpclient.netty.request.NettyRequestSender - Using open Channel [id: 0x671ca9e1, L:/127.0.0.1:55013 - R:localhost/127.0.0.1:59336] for POST '/session/66ba5a41f9904b7d94a081b7fd4cef87/element'
16:25:06.661 [AsyncHttpClient-1-8] DEBUG org.asynchttpclient.netty.handler.HttpHandler - 

Request DefaultHttpRequest(decodeResult: success, version: HTTP/1.1)
POST /session/66ba5a41f9904b7d94a081b7fd4cef87/element HTTP/1.1
User-Agent: selenium/4.1.2 (java windows)
Content-Length: 63
Content-Type: application/json; charset=utf-8
host: localhost:59336
accept: */*

Response DefaultHttpResponse(decodeResult: success, version: HTTP/1.1)
HTTP/1.1 200 OK
Content-Type: application/json; charset=utf-8
cache-control: no-cache
content-length: 88

16:25:06.661 [AsyncHttpClient-1-8] DEBUG org.asynchttpclient.netty.channel.ChannelManager - Adding key: http://localhost:59336 for channel [id: 0x671ca9e1, L:/127.0.0.1:55013 - R:localhost/127.0.0.1:59336]
16:25:06.669 [Forwarding isElementDisplayed on session 66ba5a41f9904b7d94a081b7fd4cef87 to remote] DEBUG org.asynchttpclient.netty.request.NettyRequestSender - Using pooled Channel '[id: 0x671ca9e1, L:/127.0.0.1:55013 - R:localhost/127.0.0.1:59336]' for 'POST' to 'http://localhost:59336/session/66ba5a41f9904b7d94a081b7fd4cef87/execute/sync'
16:25:06.669 [Forwarding isElementDisplayed on session 66ba5a41f9904b7d94a081b7fd4cef87 to remote] DEBUG org.asynchttpclient.netty.request.NettyRequestSender - Using open Channel [id: 0x671ca9e1, L:/127.0.0.1:55013 - R:localhost/127.0.0.1:59336] for POST '/session/66ba5a41f9904b7d94a081b7fd4cef87/execute/sync'
16:25:06.684 [AsyncHttpClient-1-8] DEBUG org.asynchttpclient.netty.handler.HttpHandler - 

Request DefaultHttpRequest(decodeResult: success, version: HTTP/1.1)
POST /session/66ba5a41f9904b7d94a081b7fd4cef87/execute/sync HTTP/1.1
User-Agent: selenium/4.1.2 (java windows)
Content-Length: 48780
Content-Type: application/json; charset=utf-8
host: localhost:59336
accept: */*

Response DefaultHttpResponse(decodeResult: success, version: HTTP/1.1)
HTTP/1.1 200 OK
Content-Type: application/json; charset=utf-8
cache-control: no-cache
content-length: 14

16:25:06.684 [AsyncHttpClient-1-8] DEBUG org.asynchttpclient.netty.channel.ChannelManager - Adding key: http://localhost:59336 for channel [id: 0x671ca9e1, L:/127.0.0.1:55013 - R:localhost/127.0.0.1:59336]
16:25:06.684 [Forwarding screenshot on session 66ba5a41f9904b7d94a081b7fd4cef87 to remote] DEBUG org.asynchttpclient.netty.request.NettyRequestSender - Using pooled Channel '[id: 0x671ca9e1, L:/127.0.0.1:55013 - R:localhost/127.0.0.1:59336]' for 'GET' to 'http://localhost:59336/session/66ba5a41f9904b7d94a081b7fd4cef87/screenshot'
16:25:06.684 [Forwarding screenshot on session 66ba5a41f9904b7d94a081b7fd4cef87 to remote] DEBUG org.asynchttpclient.netty.request.NettyRequestSender - Using open Channel [id: 0x671ca9e1, L:/127.0.0.1:55013 - R:localhost/127.0.0.1:59336] for GET '/session/66ba5a41f9904b7d94a081b7fd4cef87/screenshot'
16:25:06.892 [AsyncHttpClient-1-8] DEBUG org.asynchttpclient.netty.handler.HttpHandler - 

Request DefaultFullHttpRequest(decodeResult: success, version: HTTP/1.1, content: EmptyByteBufBE)
GET /session/66ba5a41f9904b7d94a081b7fd4cef87/screenshot HTTP/1.1
User-Agent: selenium/4.1.2 (java windows)
Cache-Control: no-cache
Content-Type: application/json; charset=utf-8
host: localhost:59336
accept: */*

Response DefaultHttpResponse(decodeResult: success, version: HTTP/1.1)
HTTP/1.1 200 OK
Content-Type: application/json; charset=utf-8
cache-control: no-cache
content-length: 34100

16:25:06.892 [AsyncHttpClient-1-8] DEBUG org.asynchttpclient.netty.channel.ChannelManager - Adding key: http://localhost:59336 for channel [id: 0x671ca9e1, L:/127.0.0.1:55013 - R:localhost/127.0.0.1:59336]
16:25:06.892 [main] DEBUG net.serenitybdd.core.photography.Darkroom - Send negative for processing for target\site\serenity\e17f27f8f9ead03c6ae3844026a193352a4c31d1c62a1eb5b37008367072361c.png
16:25:06.892 [main] DEBUG net.thucydides.core.steps.StepInterceptor - STEP DONE: errorMessageAppears
16:25:06.892 [Darkroom Processing Line] DEBUG net.serenitybdd.core.photography.DarkroomProcessingLine - Processing screenshot image in /var/screenshots/screenshot-13388248679755298286
16:25:06.892 [Darkroom Processing Line] DEBUG net.serenitybdd.core.photography.DarkroomProcessingLine - Saving screenshot to target\site\serenity\e17f27f8f9ead03c6ae3844026a193352a4c31d1c62a1eb5b37008367072361c.png
16:25:06.897 [main] DEBUG net.thucydides.core.steps.StepInterceptor - STARTING STEP: LoginStep.iGetThe - errorMessageEquals
16:25:06.897 [Forwarding setTimeout on session 66ba5a41f9904b7d94a081b7fd4cef87 to remote] DEBUG org.asynchttpclient.netty.request.NettyRequestSender - Using pooled Channel '[id: 0x671ca9e1, L:/127.0.0.1:55013 - R:localhost/127.0.0.1:59336]' for 'POST' to 'http://localhost:59336/session/66ba5a41f9904b7d94a081b7fd4cef87/timeouts'
16:25:06.897 [Forwarding setTimeout on session 66ba5a41f9904b7d94a081b7fd4cef87 to remote] DEBUG org.asynchttpclient.netty.request.NettyRequestSender - Using open Channel [id: 0x671ca9e1, L:/127.0.0.1:55013 - R:localhost/127.0.0.1:59336] for POST '/session/66ba5a41f9904b7d94a081b7fd4cef87/timeouts'
16:25:06.897 [AsyncHttpClient-1-8] DEBUG org.asynchttpclient.netty.handler.HttpHandler - 

Request DefaultHttpRequest(decodeResult: success, version: HTTP/1.1)
POST /session/66ba5a41f9904b7d94a081b7fd4cef87/timeouts HTTP/1.1
User-Agent: selenium/4.1.2 (java windows)
Content-Length: 23
Content-Type: application/json; charset=utf-8
host: localhost:59336
accept: */*

Response DefaultHttpResponse(decodeResult: success, version: HTTP/1.1)
HTTP/1.1 200 OK
Content-Type: application/json; charset=utf-8
cache-control: no-cache
content-length: 14

16:25:06.897 [AsyncHttpClient-1-8] DEBUG org.asynchttpclient.netty.channel.ChannelManager - Adding key: http://localhost:59336 for channel [id: 0x671ca9e1, L:/127.0.0.1:55013 - R:localhost/127.0.0.1:59336]
16:25:06.909 [Forwarding findElement on session 66ba5a41f9904b7d94a081b7fd4cef87 to remote] DEBUG org.asynchttpclient.netty.request.NettyRequestSender - Using pooled Channel '[id: 0x671ca9e1, L:/127.0.0.1:55013 - R:localhost/127.0.0.1:59336]' for 'POST' to 'http://localhost:59336/session/66ba5a41f9904b7d94a081b7fd4cef87/element'
16:25:06.909 [Forwarding findElement on session 66ba5a41f9904b7d94a081b7fd4cef87 to remote] DEBUG org.asynchttpclient.netty.request.NettyRequestSender - Using open Channel [id: 0x671ca9e1, L:/127.0.0.1:55013 - R:localhost/127.0.0.1:59336] for POST '/session/66ba5a41f9904b7d94a081b7fd4cef87/element'
16:25:06.911 [AsyncHttpClient-1-8] DEBUG org.asynchttpclient.netty.handler.HttpHandler - 

Request DefaultHttpRequest(decodeResult: success, version: HTTP/1.1)
POST /session/66ba5a41f9904b7d94a081b7fd4cef87/element HTTP/1.1
User-Agent: selenium/4.1.2 (java windows)
Content-Length: 63
Content-Type: application/json; charset=utf-8
host: localhost:59336
accept: */*

Response DefaultHttpResponse(decodeResult: success, version: HTTP/1.1)
HTTP/1.1 200 OK
Content-Type: application/json; charset=utf-8
cache-control: no-cache
content-length: 88

16:25:06.911 [AsyncHttpClient-1-8] DEBUG org.asynchttpclient.netty.channel.ChannelManager - Adding key: http://localhost:59336 for channel [id: 0x671ca9e1, L:/127.0.0.1:55013 - R:localhost/127.0.0.1:59336]
16:25:06.911 [Forwarding getElementText on session 66ba5a41f9904b7d94a081b7fd4cef87 to remote] DEBUG org.asynchttpclient.netty.request.NettyRequestSender - Using pooled Channel '[id: 0x671ca9e1, L:/127.0.0.1:55013 - R:localhost/127.0.0.1:59336]' for 'GET' to 'http://localhost:59336/session/66ba5a41f9904b7d94a081b7fd4cef87/element/fdccb383-123d-4b60-8cdb-e01998f1d4c8/text'
16:25:06.911 [Forwarding getElementText on session 66ba5a41f9904b7d94a081b7fd4cef87 to remote] DEBUG org.asynchttpclient.netty.request.NettyRequestSender - Using open Channel [id: 0x671ca9e1, L:/127.0.0.1:55013 - R:localhost/127.0.0.1:59336] for GET '/session/66ba5a41f9904b7d94a081b7fd4cef87/element/fdccb383-123d-4b60-8cdb-e01998f1d4c8/text'
16:25:06.925 [AsyncHttpClient-1-8] DEBUG org.asynchttpclient.netty.handler.HttpHandler - 

Request DefaultFullHttpRequest(decodeResult: success, version: HTTP/1.1, content: EmptyByteBufBE)
GET /session/66ba5a41f9904b7d94a081b7fd4cef87/element/fdccb383-123d-4b60-8cdb-e01998f1d4c8/text HTTP/1.1
User-Agent: selenium/4.1.2 (java windows)
Cache-Control: no-cache
Content-Type: application/json; charset=utf-8
host: localhost:59336
accept: */*

Response DefaultHttpResponse(decodeResult: success, version: HTTP/1.1)
HTTP/1.1 200 OK
Content-Type: application/json; charset=utf-8
cache-control: no-cache
content-length: 32

16:25:06.925 [AsyncHttpClient-1-8] DEBUG org.asynchttpclient.netty.channel.ChannelManager - Adding key: http://localhost:59336 for channel [id: 0x671ca9e1, L:/127.0.0.1:55013 - R:localhost/127.0.0.1:59336]
16:25:06.934 [main] DEBUG net.thucydides.core.steps.StepInterceptor - STEP DONE: errorMessageEquals
  &amp#27;[32mThen &amp#27;[0m&amp#27;[32mI get the &amp#27;[0m&amp#27;[32m&amp#27;[1m"login page"&amp#27;[0m             &amp#27;[90m# Starter.StepDefinitions.LoginStep.iGetThe(java.lang.String)&amp#27;[0m
16:25:06.946 [AsyncHttpClient-1-2] DEBUG org.asynchttpclient.netty.handler.WebSocketHandler - Channel Closed: [id: 0xdc9abc83, L:/127.0.0.1:55022 ! R:localhost/127.0.0.1:55014] with attribute NettyResponseFuture{currentRetry=5,
	isDone=1,
	isCancelled=0,
	asyncHandler=org.asynchttpclient.ws.WebSocketUpgradeHandler@632f2b6c,
	nettyRequest=org.asynchttpclient.netty.request.NettyRequest@7f1b57b3,
	future=java.util.concurrent.CompletableFuture@502f0210[Completed normally],
	uri=ws://localhost:55014/devtools/browser/3d93031d-e11c-4a86-b468-f459dc52cbc8,
	keepAlive=true,
	redirectCount=0,
	timeoutsHolder=null,
	inAuth=0,
	touch=1653038699762}
16:25:06.946 [AsyncHttpClient-1-2] DEBUG org.asynchttpclient.netty.channel.ChannelManager - Closing Channel [id: 0xdc9abc83, L:/127.0.0.1:55022 ! R:localhost/127.0.0.1:55014] 
16:25:06.946 [Driver Command Executor] DEBUG org.asynchttpclient.netty.request.NettyRequestSender - Using pooled Channel '[id: 0x671ca9e1, L:/127.0.0.1:55013 - R:localhost/127.0.0.1:59336]' for 'DELETE' to 'http://localhost:59336/session/66ba5a41f9904b7d94a081b7fd4cef87'
16:25:06.946 [Driver Command Executor] DEBUG org.asynchttpclient.netty.request.NettyRequestSender - Using open Channel [id: 0x671ca9e1, L:/127.0.0.1:55013 - R:localhost/127.0.0.1:59336] for DELETE '/session/66ba5a41f9904b7d94a081b7fd4cef87'
16:25:07.069 [AsyncHttpClient-1-9] DEBUG org.asynchttpclient.netty.handler.HttpHandler - Unexpected I/O exception on channel [id: 0x2973c5ef, L:/127.0.0.1:55021 - R:localhost/127.0.0.1:55014]
java.net.SocketException: Connection reset
	at java.base/sun.nio.ch.SocketChannelImpl.throwConnectionReset(SocketChannelImpl.java:367)
	at java.base/sun.nio.ch.SocketChannelImpl.read(SocketChannelImpl.java:398)
	at io.netty.buffer.PooledByteBuf.setBytes(PooledByteBuf.java:258)
	at io.netty.buffer.AbstractByteBuf.writeBytes(AbstractByteBuf.java:1132)
	at io.netty.channel.socket.nio.NioSocketChannel.doReadBytes(NioSocketChannel.java:350)
	at io.netty.channel.nio.AbstractNioByteChannel$NioByteUnsafe.read(AbstractNioByteChannel.java:151)
	at io.netty.channel.nio.NioEventLoop.processSelectedKey(NioEventLoop.java:722)
	at io.netty.channel.nio.NioEventLoop.processSelectedKeysOptimized(NioEventLoop.java:658)
	at io.netty.channel.nio.NioEventLoop.processSelectedKeys(NioEventLoop.java:584)
	at io.netty.channel.nio.NioEventLoop.run(NioEventLoop.java:496)
	at io.netty.util.concurrent.SingleThreadEventExecutor$4.run(SingleThreadEventExecutor.java:986)
	at io.netty.util.internal.ThreadExecutorMap$2.run(ThreadExecutorMap.java:74)
	at io.netty.util.concurrent.FastThreadLocalRunnable.run(FastThreadLocalRunnable.java:30)
	at java.base/java.lang.Thread.run(Thread.java:832)
16:25:07.069 [AsyncHttpClient-1-9] DEBUG org.asynchttpclient.netty.channel.ChannelManager - Closing Channel [id: 0x2973c5ef, L:/127.0.0.1:55021 - R:localhost/127.0.0.1:55014] 
16:25:07.069 [AsyncHttpClient-1-9] DEBUG org.asynchttpclient.netty.handler.HttpHandler - Channel Closed: [id: 0x2973c5ef, L:/127.0.0.1:55021 ! R:localhost/127.0.0.1:55014] with attribute DISCARD
16:25:07.082 [AsyncHttpClient-1-8] DEBUG org.asynchttpclient.netty.handler.HttpHandler - 

Request DefaultFullHttpRequest(decodeResult: success, version: HTTP/1.1, content: EmptyByteBufBE)
DELETE /session/66ba5a41f9904b7d94a081b7fd4cef87 HTTP/1.1
User-Agent: selenium/4.1.2 (java windows)
Content-Type: application/json; charset=utf-8
host: localhost:59336
accept: */*

Response DefaultHttpResponse(decodeResult: success, version: HTTP/1.1)
HTTP/1.1 200 OK
Content-Type: application/json; charset=utf-8
cache-control: no-cache
content-length: 14

16:25:07.082 [AsyncHttpClient-1-8] DEBUG org.asynchttpclient.netty.channel.ChannelManager - Adding key: http://localhost:59336 for channel [id: 0x671ca9e1, L:/127.0.0.1:55013 - R:localhost/127.0.0.1:59336]
16:25:07.138 [AsyncHttpClient-1-8] DEBUG org.asynchttpclient.netty.handler.HttpHandler - Channel Closed: [id: 0x671ca9e1, L:/127.0.0.1:55013 ! R:localhost/127.0.0.1:59336] with attribute DISCARD
16:25:07.619 [AsyncHttpClient-1-1] DEBUG org.asynchttpclient.netty.channel.DefaultChannelPool - Entry count for : http://localhost:55014 : 1
16:25:07.619 [AsyncHttpClient-1-1] DEBUG org.asynchttpclient.netty.channel.DefaultChannelPool - Entry count for : http://localhost:59336 : 1
16:25:07.619 [AsyncHttpClient-1-1] DEBUG org.asynchttpclient.netty.channel.DefaultChannelPool - Adding Candidate expired Channel [id: 0x2973c5ef, L:/127.0.0.1:55021 ! R:localhost/127.0.0.1:55014] isIdleTimeoutExpired=false isRemotelyClosed=true isTtlExpired=false
16:25:07.619 [AsyncHttpClient-1-1] DEBUG org.asynchttpclient.netty.channel.DefaultChannelPool - Closing Idle Channel [id: 0x2973c5ef, L:/127.0.0.1:55021 ! R:localhost/127.0.0.1:55014]
16:25:07.619 [AsyncHttpClient-1-1] DEBUG org.asynchttpclient.netty.channel.DefaultChannelPool - Adding Candidate expired Channel [id: 0x671ca9e1, L:/127.0.0.1:55013 ! R:localhost/127.0.0.1:59336] isIdleTimeoutExpired=false isRemotelyClosed=true isTtlExpired=false
16:25:07.619 [AsyncHttpClient-1-1] DEBUG org.asynchttpclient.netty.channel.DefaultChannelPool - Closing Idle Channel [id: 0x671ca9e1, L:/127.0.0.1:55013 ! R:localhost/127.0.0.1:59336]
16:25:07.619 [AsyncHttpClient-1-1] DEBUG org.asynchttpclient.netty.channel.DefaultChannelPool - Closed 2 connections out of 2 in 0 ms
]]></system-out>
    <system-err><![CDATA[Starting ChromeDriver 101.0.4951.41 (93c720db8323b3ec10d056025ab95c23a31997c9-refs/branch-heads/4951@{#904}) on port 59336
Only local connections are allowed.
Please see https://chromedriver.chromium.org/security-considerations for suggestions on keeping ChromeDriver safe.
ChromeDriver was started successfully.
May 20, 2022 4:24:59 PM org.openqa.selenium.remote.ProtocolHandshake createSession
INFO: Detected dialect: W3C
May 20, 2022 4:24:59 PM org.openqa.selenium.devtools.CdpVersionFinder findNearestMatch
WARNING: Unable to find an exact match for CDP version 101, so returning the closest version found: 97
May 20, 2022 4:24:59 PM org.openqa.selenium.devtools.CdpVersionFinder findNearestMatch
INFO: Found CDP implementation for version 101 of 97
]]></system-err>
  </testcase>
  <testcase name="Login scenario #4" classname="Login" time="5.658">
    <system-out><![CDATA[
@Login
Scenario Outline: Login scenario &amp#27;[90m# src/test/resources/features/Login.feature:19&amp#27;[0m
16:25:07.681 [main] INFO io.cucumber.core.plugin.SerenityReporter - Running feature from file:///D:/data%20hakim/Mini%20Project%20Alterra/WebAlta/src/test/resources/features/Login.feature
16:25:07.728 [main] INFO net.serenitybdd.core.webdriver.driverproviders.ChromeDriverProvider - Using automatically driver download
16:25:07.836 [main] DEBUG io.github.bonigarcia.wdm.cache.ResolutionCache - Resolution chrome=101 in cache (valid until 17:18:55 20/05/2022 WIB)
16:25:07.852 [main] DEBUG io.github.bonigarcia.wdm.cache.ResolutionCache - Resolution chrome101=101.0.4951.41 in cache (valid until 21:21:16 20/05/2022 WIB)
16:25:07.852 [main] INFO io.github.bonigarcia.wdm.WebDriverManager - Using chromedriver 101.0.4951.41 (resolved driver for Chrome 101)
16:25:07.859 [main] DEBUG io.github.bonigarcia.wdm.WebDriverManager - Driver chromedriver 101.0.4951.41 found in cache
16:25:07.859 [main] INFO io.github.bonigarcia.wdm.WebDriverManager - Exporting webdriver.chrome.driver as C:\Users\hp pc\.cache\selenium\chromedriver\win32\101.0.4951.41\chromedriver.exe
16:25:07.972 [main] DEBUG net.serenitybdd.core.webdriver.driverproviders.ProvideNewDriver - Instantiating driver
16:25:07.987 [main] DEBUG net.serenitybdd.core.webdriver.driverproviders.ProvideNewDriver - Driver capabilities: Capabilities {acceptInsecureCerts: false, base.url: https://qa.alta.id/, browserName: chrome, chrome.driver: src/test/resources/webdrive..., driver: chrome, goog:chromeOptions: {args: [], extensions: []}}
16:25:08.515 [AsyncHttpClient-1-3] DEBUG org.asynchttpclient.netty.channel.NettyConnectListener - Using new Channel '[id: 0x46cfd521, L:/127.0.0.1:55043 - R:localhost/127.0.0.1:53900]' for 'POST' to '/session'
16:25:09.187 [AsyncHttpClient-1-3] DEBUG org.asynchttpclient.netty.handler.HttpHandler - 

Request DefaultHttpRequest(decodeResult: success, version: HTTP/1.1)
POST /session HTTP/1.1
User-Agent: selenium/4.1.2 (java windows)
Content-Length: 605
Content-Type: application/json; charset=utf-8
host: localhost:53900
accept: */*

Response DefaultHttpResponse(decodeResult: success, version: HTTP/1.1)
HTTP/1.1 200 OK
Content-Type: application/json; charset=utf-8
cache-control: no-cache
content-length: 790

16:25:09.187 [AsyncHttpClient-1-3] DEBUG org.asynchttpclient.netty.channel.ChannelManager - Adding key: http://localhost:53900 for channel [id: 0x46cfd521, L:/127.0.0.1:55043 - R:localhost/127.0.0.1:53900]
16:25:09.199 [AsyncHttpClient-1-4] DEBUG org.asynchttpclient.netty.channel.NettyConnectListener - Using new Channel '[id: 0x62b31464, L:/127.0.0.1:55051 - R:localhost/127.0.0.1:55044]' for 'GET' to '/json/version'
16:25:09.200 [AsyncHttpClient-1-4] DEBUG org.asynchttpclient.netty.handler.HttpHandler - 

Request DefaultFullHttpRequest(decodeResult: success, version: HTTP/1.1, content: EmptyByteBufBE)
GET /json/version HTTP/1.1
User-Agent: selenium/4.1.2 (java windows)
host: localhost:55044
accept: */*

Response DefaultHttpResponse(decodeResult: success, version: HTTP/1.1)
HTTP/1.1 200 OK
Content-Type: application/json; charset=UTF-8
content-length: 427

16:25:09.200 [AsyncHttpClient-1-4] DEBUG org.asynchttpclient.netty.channel.ChannelManager - Adding key: http://localhost:55044 for channel [id: 0x62b31464, L:/127.0.0.1:55051 - R:localhost/127.0.0.1:55044]
16:25:09.204 [AsyncHttpClient-1-5] DEBUG org.asynchttpclient.netty.channel.NettyConnectListener - Using new Channel '[id: 0x0edcb9e7, L:/127.0.0.1:55052 - R:localhost/127.0.0.1:55044]' for 'GET' to '/devtools/browser/fa10ddf7-594e-44ce-92ea-11b8512164dd'
16:25:09.205 [AsyncHttpClient-1-5] DEBUG org.asynchttpclient.netty.handler.WebSocketHandler - 

Request DefaultFullHttpRequest(decodeResult: success, version: HTTP/1.1, content: EmptyByteBufBE)
GET /devtools/browser/fa10ddf7-594e-44ce-92ea-11b8512164dd HTTP/1.1
upgrade: websocket
connection: upgrade
sec-websocket-key: nDZjkyLiTeWxlUBazB7qrg==
sec-websocket-version: 13
origin: http://localhost:55044
host: localhost:55044
accept: */*
user-agent: AHC/2.1

Response DefaultHttpResponse(decodeResult: success, version: HTTP/1.1)
HTTP/1.1 101 WebSocket Protocol Handshake
Upgrade: WebSocket
Connection: Upgrade
Sec-WebSocket-Accept: 49JoWZb2HNcB3YSpikhzzQUZTms=

16:25:09.212 [Forwarding maximizeCurrentWindow on session 6483da03530470f153e6b1d526c0aa6f to remote] DEBUG org.asynchttpclient.netty.request.NettyRequestSender - Using pooled Channel '[id: 0x46cfd521, L:/127.0.0.1:55043 - R:localhost/127.0.0.1:53900]' for 'POST' to 'http://localhost:53900/session/6483da03530470f153e6b1d526c0aa6f/window/maximize'
16:25:09.212 [Forwarding maximizeCurrentWindow on session 6483da03530470f153e6b1d526c0aa6f to remote] DEBUG org.asynchttpclient.netty.request.NettyRequestSender - Using open Channel [id: 0x46cfd521, L:/127.0.0.1:55043 - R:localhost/127.0.0.1:53900] for POST '/session/6483da03530470f153e6b1d526c0aa6f/window/maximize'
16:25:09.328 [AsyncHttpClient-1-3] DEBUG org.asynchttpclient.netty.handler.HttpHandler - 

Request DefaultHttpRequest(decodeResult: success, version: HTTP/1.1)
POST /session/6483da03530470f153e6b1d526c0aa6f/window/maximize HTTP/1.1
User-Agent: selenium/4.1.2 (java windows)
Content-Length: 3
Content-Type: application/json; charset=utf-8
host: localhost:53900
accept: */*

Response DefaultHttpResponse(decodeResult: success, version: HTTP/1.1)
HTTP/1.1 200 OK
Content-Type: application/json; charset=utf-8
cache-control: no-cache
content-length: 51

16:25:09.328 [AsyncHttpClient-1-3] DEBUG org.asynchttpclient.netty.channel.ChannelManager - Adding key: http://localhost:53900 for channel [id: 0x46cfd521, L:/127.0.0.1:55043 - R:localhost/127.0.0.1:53900]
16:25:09.329 [Forwarding get on session 6483da03530470f153e6b1d526c0aa6f to remote] DEBUG org.asynchttpclient.netty.request.NettyRequestSender - Using pooled Channel '[id: 0x46cfd521, L:/127.0.0.1:55043 - R:localhost/127.0.0.1:53900]' for 'POST' to 'http://localhost:53900/session/6483da03530470f153e6b1d526c0aa6f/url'
16:25:09.329 [Forwarding get on session 6483da03530470f153e6b1d526c0aa6f to remote] DEBUG org.asynchttpclient.netty.request.NettyRequestSender - Using open Channel [id: 0x46cfd521, L:/127.0.0.1:55043 - R:localhost/127.0.0.1:53900] for POST '/session/6483da03530470f153e6b1d526c0aa6f/url'
16:25:09.816 [AsyncHttpClient-1-1] DEBUG org.asynchttpclient.netty.channel.DefaultChannelPool - Entry count for : http://localhost:55044 : 1
16:25:10.919 [AsyncHttpClient-1-1] DEBUG org.asynchttpclient.netty.channel.DefaultChannelPool - Entry count for : http://localhost:55044 : 1
16:25:11.249 [AsyncHttpClient-1-3] DEBUG org.asynchttpclient.netty.handler.HttpHandler - 

Request DefaultHttpRequest(decodeResult: success, version: HTTP/1.1)
POST /session/6483da03530470f153e6b1d526c0aa6f/url HTTP/1.1
User-Agent: selenium/4.1.2 (java windows)
Content-Length: 64
Content-Type: application/json; charset=utf-8
host: localhost:53900
accept: */*

Response DefaultHttpResponse(decodeResult: success, version: HTTP/1.1)
HTTP/1.1 200 OK
Content-Type: application/json; charset=utf-8
cache-control: no-cache
content-length: 14

16:25:11.249 [AsyncHttpClient-1-3] DEBUG org.asynchttpclient.netty.channel.ChannelManager - Adding key: http://localhost:53900 for channel [id: 0x46cfd521, L:/127.0.0.1:55043 - R:localhost/127.0.0.1:53900]
16:25:11.251 [Forwarding setTimeout on session 6483da03530470f153e6b1d526c0aa6f to remote] DEBUG org.asynchttpclient.netty.request.NettyRequestSender - Using pooled Channel '[id: 0x46cfd521, L:/127.0.0.1:55043 - R:localhost/127.0.0.1:53900]' for 'POST' to 'http://localhost:53900/session/6483da03530470f153e6b1d526c0aa6f/timeouts'
16:25:11.251 [Forwarding setTimeout on session 6483da03530470f153e6b1d526c0aa6f to remote] DEBUG org.asynchttpclient.netty.request.NettyRequestSender - Using open Channel [id: 0x46cfd521, L:/127.0.0.1:55043 - R:localhost/127.0.0.1:53900] for POST '/session/6483da03530470f153e6b1d526c0aa6f/timeouts'
16:25:11.252 [AsyncHttpClient-1-3] DEBUG org.asynchttpclient.netty.handler.HttpHandler - 

Request DefaultHttpRequest(decodeResult: success, version: HTTP/1.1)
POST /session/6483da03530470f153e6b1d526c0aa6f/timeouts HTTP/1.1
User-Agent: selenium/4.1.2 (java windows)
Content-Length: 23
Content-Type: application/json; charset=utf-8
host: localhost:53900
accept: */*

Response DefaultHttpResponse(decodeResult: success, version: HTTP/1.1)
HTTP/1.1 200 OK
Content-Type: application/json; charset=utf-8
cache-control: no-cache
content-length: 14

16:25:11.252 [AsyncHttpClient-1-3] DEBUG org.asynchttpclient.netty.channel.ChannelManager - Adding key: http://localhost:53900 for channel [id: 0x46cfd521, L:/127.0.0.1:55043 - R:localhost/127.0.0.1:53900]
16:25:11.252 [Forwarding getCurrentUrl on session 6483da03530470f153e6b1d526c0aa6f to remote] DEBUG org.asynchttpclient.netty.request.NettyRequestSender - Using pooled Channel '[id: 0x46cfd521, L:/127.0.0.1:55043 - R:localhost/127.0.0.1:53900]' for 'GET' to 'http://localhost:53900/session/6483da03530470f153e6b1d526c0aa6f/url'
16:25:11.252 [Forwarding getCurrentUrl on session 6483da03530470f153e6b1d526c0aa6f to remote] DEBUG org.asynchttpclient.netty.request.NettyRequestSender - Using open Channel [id: 0x46cfd521, L:/127.0.0.1:55043 - R:localhost/127.0.0.1:53900] for GET '/session/6483da03530470f153e6b1d526c0aa6f/url'
16:25:11.258 [AsyncHttpClient-1-3] DEBUG org.asynchttpclient.netty.handler.HttpHandler - 

Request DefaultFullHttpRequest(decodeResult: success, version: HTTP/1.1, content: EmptyByteBufBE)
GET /session/6483da03530470f153e6b1d526c0aa6f/url HTTP/1.1
User-Agent: selenium/4.1.2 (java windows)
Cache-Control: no-cache
Content-Type: application/json; charset=utf-8
host: localhost:53900
accept: */*

Response DefaultHttpResponse(decodeResult: success, version: HTTP/1.1)
HTTP/1.1 200 OK
Content-Type: application/json; charset=utf-8
cache-control: no-cache
content-length: 41

16:25:11.258 [AsyncHttpClient-1-3] DEBUG org.asynchttpclient.netty.channel.ChannelManager - Adding key: http://localhost:53900 for channel [id: 0x46cfd521, L:/127.0.0.1:55043 - R:localhost/127.0.0.1:53900]
16:25:11.263 [Forwarding screenshot on session 6483da03530470f153e6b1d526c0aa6f to remote] DEBUG org.asynchttpclient.netty.request.NettyRequestSender - Using pooled Channel '[id: 0x46cfd521, L:/127.0.0.1:55043 - R:localhost/127.0.0.1:53900]' for 'GET' to 'http://localhost:53900/session/6483da03530470f153e6b1d526c0aa6f/screenshot'
16:25:11.263 [Forwarding screenshot on session 6483da03530470f153e6b1d526c0aa6f to remote] DEBUG org.asynchttpclient.netty.request.NettyRequestSender - Using open Channel [id: 0x46cfd521, L:/127.0.0.1:55043 - R:localhost/127.0.0.1:53900] for GET '/session/6483da03530470f153e6b1d526c0aa6f/screenshot'
16:25:11.391 [AsyncHttpClient-1-3] DEBUG org.asynchttpclient.netty.handler.HttpHandler - 

Request DefaultFullHttpRequest(decodeResult: success, version: HTTP/1.1, content: EmptyByteBufBE)
GET /session/6483da03530470f153e6b1d526c0aa6f/screenshot HTTP/1.1
User-Agent: selenium/4.1.2 (java windows)
Cache-Control: no-cache
Content-Type: application/json; charset=utf-8
host: localhost:53900
accept: */*

Response DefaultHttpResponse(decodeResult: success, version: HTTP/1.1)
HTTP/1.1 200 OK
Content-Type: application/json; charset=utf-8
cache-control: no-cache
content-length: 24940

16:25:11.391 [AsyncHttpClient-1-3] DEBUG org.asynchttpclient.netty.channel.ChannelManager - Adding key: http://localhost:53900 for channel [id: 0x46cfd521, L:/127.0.0.1:55043 - R:localhost/127.0.0.1:53900]
16:25:11.391 [main] DEBUG net.serenitybdd.core.photography.Darkroom - Send negative for processing for target\site\serenity\11023edac3681808080020daf60d8cb00148736924ac340653f27273a0570072.png
16:25:11.391 [main] DEBUG net.thucydides.core.steps.StepInterceptor - STARTING STEP: LoginStep.iAmOnTheLoginPage - validateOnLoginPage
16:25:11.406 [Forwarding findElement on session 6483da03530470f153e6b1d526c0aa6f to remote] DEBUG org.asynchttpclient.netty.request.NettyRequestSender - Using pooled Channel '[id: 0x46cfd521, L:/127.0.0.1:55043 - R:localhost/127.0.0.1:53900]' for 'POST' to 'http://localhost:53900/session/6483da03530470f153e6b1d526c0aa6f/element'
16:25:11.406 [Forwarding findElement on session 6483da03530470f153e6b1d526c0aa6f to remote] DEBUG org.asynchttpclient.netty.request.NettyRequestSender - Using open Channel [id: 0x46cfd521, L:/127.0.0.1:55043 - R:localhost/127.0.0.1:53900] for POST '/session/6483da03530470f153e6b1d526c0aa6f/element'
16:25:11.407 [AsyncHttpClient-1-3] DEBUG org.asynchttpclient.netty.handler.HttpHandler - 

Request DefaultHttpRequest(decodeResult: success, version: HTTP/1.1)
POST /session/6483da03530470f153e6b1d526c0aa6f/element HTTP/1.1
User-Agent: selenium/4.1.2 (java windows)
Content-Length: 136
Content-Type: application/json; charset=utf-8
host: localhost:53900
accept: */*

Response DefaultHttpResponse(decodeResult: success, version: HTTP/1.1)
HTTP/1.1 200 OK
Content-Type: application/json; charset=utf-8
cache-control: no-cache
content-length: 88

16:25:11.407 [AsyncHttpClient-1-3] DEBUG org.asynchttpclient.netty.channel.ChannelManager - Adding key: http://localhost:53900 for channel [id: 0x46cfd521, L:/127.0.0.1:55043 - R:localhost/127.0.0.1:53900]
16:25:11.407 [Forwarding isElementDisplayed on session 6483da03530470f153e6b1d526c0aa6f to remote] DEBUG org.asynchttpclient.netty.request.NettyRequestSender - Using pooled Channel '[id: 0x46cfd521, L:/127.0.0.1:55043 - R:localhost/127.0.0.1:53900]' for 'POST' to 'http://localhost:53900/session/6483da03530470f153e6b1d526c0aa6f/execute/sync'
16:25:11.407 [Forwarding isElementDisplayed on session 6483da03530470f153e6b1d526c0aa6f to remote] DEBUG org.asynchttpclient.netty.request.NettyRequestSender - Using open Channel [id: 0x46cfd521, L:/127.0.0.1:55043 - R:localhost/127.0.0.1:53900] for POST '/session/6483da03530470f153e6b1d526c0aa6f/execute/sync'
16:25:11.428 [AsyncHttpClient-1-3] DEBUG org.asynchttpclient.netty.handler.HttpHandler - 

Request DefaultHttpRequest(decodeResult: success, version: HTTP/1.1)
POST /session/6483da03530470f153e6b1d526c0aa6f/execute/sync HTTP/1.1
User-Agent: selenium/4.1.2 (java windows)
Content-Length: 48780
Content-Type: application/json; charset=utf-8
host: localhost:53900
accept: */*

Response DefaultHttpResponse(decodeResult: success, version: HTTP/1.1)
HTTP/1.1 200 OK
Content-Type: application/json; charset=utf-8
cache-control: no-cache
content-length: 14

16:25:11.428 [AsyncHttpClient-1-3] DEBUG org.asynchttpclient.netty.channel.ChannelManager - Adding key: http://localhost:53900 for channel [id: 0x46cfd521, L:/127.0.0.1:55043 - R:localhost/127.0.0.1:53900]
16:25:11.428 [main] DEBUG net.thucydides.core.steps.StepInterceptor - STEP DONE: validateOnLoginPage
  &amp#27;[32mGiven &amp#27;[0m&amp#27;[32mI am on the login page&amp#27;[0m   &amp#27;[90m# Starter.StepDefinitions.LoginStep.iAmOnTheLoginPage()&amp#27;[0m
16:25:11.445 [Forwarding screenshot on session 6483da03530470f153e6b1d526c0aa6f to remote] DEBUG org.asynchttpclient.netty.request.NettyRequestSender - Using pooled Channel '[id: 0x46cfd521, L:/127.0.0.1:55043 - R:localhost/127.0.0.1:53900]' for 'GET' to 'http://localhost:53900/session/6483da03530470f153e6b1d526c0aa6f/screenshot'
16:25:11.445 [Forwarding screenshot on session 6483da03530470f153e6b1d526c0aa6f to remote] DEBUG org.asynchttpclient.netty.request.NettyRequestSender - Using open Channel [id: 0x46cfd521, L:/127.0.0.1:55043 - R:localhost/127.0.0.1:53900] for GET '/session/6483da03530470f153e6b1d526c0aa6f/screenshot'
16:25:11.548 [AsyncHttpClient-1-3] DEBUG org.asynchttpclient.netty.handler.HttpHandler - 

Request DefaultFullHttpRequest(decodeResult: success, version: HTTP/1.1, content: EmptyByteBufBE)
GET /session/6483da03530470f153e6b1d526c0aa6f/screenshot HTTP/1.1
User-Agent: selenium/4.1.2 (java windows)
Cache-Control: no-cache
Content-Type: application/json; charset=utf-8
host: localhost:53900
accept: */*

Response DefaultHttpResponse(decodeResult: success, version: HTTP/1.1)
HTTP/1.1 200 OK
Content-Type: application/json; charset=utf-8
cache-control: no-cache
content-length: 24940

16:25:11.548 [AsyncHttpClient-1-3] DEBUG org.asynchttpclient.netty.channel.ChannelManager - Adding key: http://localhost:53900 for channel [id: 0x46cfd521, L:/127.0.0.1:55043 - R:localhost/127.0.0.1:53900]
16:25:11.548 [main] DEBUG net.serenitybdd.core.photography.Darkroom - Send negative for processing for target\site\serenity\11023edac3681808080020daf60d8cb00148736924ac340653f27273a0570072.png
16:25:11.565 [main] DEBUG net.thucydides.core.steps.StepInterceptor - STARTING STEP: LoginStep.iInputEmail - inputEmail
16:25:11.565 [Forwarding findElement on session 6483da03530470f153e6b1d526c0aa6f to remote] DEBUG org.asynchttpclient.netty.request.NettyRequestSender - Using pooled Channel '[id: 0x46cfd521, L:/127.0.0.1:55043 - R:localhost/127.0.0.1:53900]' for 'POST' to 'http://localhost:53900/session/6483da03530470f153e6b1d526c0aa6f/element'
16:25:11.565 [Forwarding findElement on session 6483da03530470f153e6b1d526c0aa6f to remote] DEBUG org.asynchttpclient.netty.request.NettyRequestSender - Using open Channel [id: 0x46cfd521, L:/127.0.0.1:55043 - R:localhost/127.0.0.1:53900] for POST '/session/6483da03530470f153e6b1d526c0aa6f/element'
16:25:11.580 [AsyncHttpClient-1-3] DEBUG org.asynchttpclient.netty.handler.HttpHandler - 

Request DefaultHttpRequest(decodeResult: success, version: HTTP/1.1)
POST /session/6483da03530470f153e6b1d526c0aa6f/element HTTP/1.1
User-Agent: selenium/4.1.2 (java windows)
Content-Length: 91
Content-Type: application/json; charset=utf-8
host: localhost:53900
accept: */*

Response DefaultHttpResponse(decodeResult: success, version: HTTP/1.1)
HTTP/1.1 200 OK
Content-Type: application/json; charset=utf-8
cache-control: no-cache
content-length: 88

16:25:11.580 [AsyncHttpClient-1-3] DEBUG org.asynchttpclient.netty.channel.ChannelManager - Adding key: http://localhost:53900 for channel [id: 0x46cfd521, L:/127.0.0.1:55043 - R:localhost/127.0.0.1:53900]
16:25:11.580 [Forwarding clearElement on session 6483da03530470f153e6b1d526c0aa6f to remote] DEBUG org.asynchttpclient.netty.request.NettyRequestSender - Using pooled Channel '[id: 0x46cfd521, L:/127.0.0.1:55043 - R:localhost/127.0.0.1:53900]' for 'POST' to 'http://localhost:53900/session/6483da03530470f153e6b1d526c0aa6f/element/cf14e8a1-ea92-41d4-b9e8-b5e85cfe9129/clear'
16:25:11.580 [Forwarding clearElement on session 6483da03530470f153e6b1d526c0aa6f to remote] DEBUG org.asynchttpclient.netty.request.NettyRequestSender - Using open Channel [id: 0x46cfd521, L:/127.0.0.1:55043 - R:localhost/127.0.0.1:53900] for POST '/session/6483da03530470f153e6b1d526c0aa6f/element/cf14e8a1-ea92-41d4-b9e8-b5e85cfe9129/clear'
16:25:11.596 [AsyncHttpClient-1-3] DEBUG org.asynchttpclient.netty.handler.HttpHandler - 

Request DefaultHttpRequest(decodeResult: success, version: HTTP/1.1)
POST /session/6483da03530470f153e6b1d526c0aa6f/element/cf14e8a1-ea92-41d4-b9e8-b5e85cfe9129/clear HTTP/1.1
User-Agent: selenium/4.1.2 (java windows)
Content-Length: 50
Content-Type: application/json; charset=utf-8
host: localhost:53900
accept: */*

Response DefaultHttpResponse(decodeResult: success, version: HTTP/1.1)
HTTP/1.1 200 OK
Content-Type: application/json; charset=utf-8
cache-control: no-cache
content-length: 14

16:25:11.596 [AsyncHttpClient-1-3] DEBUG org.asynchttpclient.netty.channel.ChannelManager - Adding key: http://localhost:53900 for channel [id: 0x46cfd521, L:/127.0.0.1:55043 - R:localhost/127.0.0.1:53900]
16:25:11.596 [Forwarding sendKeysToElement on session 6483da03530470f153e6b1d526c0aa6f to remote] DEBUG org.asynchttpclient.netty.request.NettyRequestSender - Using pooled Channel '[id: 0x46cfd521, L:/127.0.0.1:55043 - R:localhost/127.0.0.1:53900]' for 'POST' to 'http://localhost:53900/session/6483da03530470f153e6b1d526c0aa6f/element/cf14e8a1-ea92-41d4-b9e8-b5e85cfe9129/value'
16:25:11.596 [Forwarding sendKeysToElement on session 6483da03530470f153e6b1d526c0aa6f to remote] DEBUG org.asynchttpclient.netty.request.NettyRequestSender - Using open Channel [id: 0x46cfd521, L:/127.0.0.1:55043 - R:localhost/127.0.0.1:53900] for POST '/session/6483da03530470f153e6b1d526c0aa6f/element/cf14e8a1-ea92-41d4-b9e8-b5e85cfe9129/value'
16:25:11.643 [AsyncHttpClient-1-3] DEBUG org.asynchttpclient.netty.handler.HttpHandler - 

Request DefaultHttpRequest(decodeResult: success, version: HTTP/1.1)
POST /session/6483da03530470f153e6b1d526c0aa6f/element/cf14e8a1-ea92-41d4-b9e8-b5e85cfe9129/value HTTP/1.1
User-Agent: selenium/4.1.2 (java windows)
Content-Length: 82
Content-Type: application/json; charset=utf-8
host: localhost:53900
accept: */*

Response DefaultHttpResponse(decodeResult: success, version: HTTP/1.1)
HTTP/1.1 200 OK
Content-Type: application/json; charset=utf-8
cache-control: no-cache
content-length: 14

16:25:11.643 [AsyncHttpClient-1-3] DEBUG org.asynchttpclient.netty.channel.ChannelManager - Adding key: http://localhost:53900 for channel [id: 0x46cfd521, L:/127.0.0.1:55043 - R:localhost/127.0.0.1:53900]
16:25:11.648 [Forwarding screenshot on session 6483da03530470f153e6b1d526c0aa6f to remote] DEBUG org.asynchttpclient.netty.request.NettyRequestSender - Using pooled Channel '[id: 0x46cfd521, L:/127.0.0.1:55043 - R:localhost/127.0.0.1:53900]' for 'GET' to 'http://localhost:53900/session/6483da03530470f153e6b1d526c0aa6f/screenshot'
16:25:11.648 [Forwarding screenshot on session 6483da03530470f153e6b1d526c0aa6f to remote] DEBUG org.asynchttpclient.netty.request.NettyRequestSender - Using open Channel [id: 0x46cfd521, L:/127.0.0.1:55043 - R:localhost/127.0.0.1:53900] for GET '/session/6483da03530470f153e6b1d526c0aa6f/screenshot'
16:25:11.761 [AsyncHttpClient-1-3] DEBUG org.asynchttpclient.netty.handler.HttpHandler - 

Request DefaultFullHttpRequest(decodeResult: success, version: HTTP/1.1, content: EmptyByteBufBE)
GET /session/6483da03530470f153e6b1d526c0aa6f/screenshot HTTP/1.1
User-Agent: selenium/4.1.2 (java windows)
Cache-Control: no-cache
Content-Type: application/json; charset=utf-8
host: localhost:53900
accept: */*

Response DefaultHttpResponse(decodeResult: success, version: HTTP/1.1)
HTTP/1.1 200 OK
Content-Type: application/json; charset=utf-8
cache-control: no-cache
content-length: 25216

16:25:11.761 [AsyncHttpClient-1-3] DEBUG org.asynchttpclient.netty.channel.ChannelManager - Adding key: http://localhost:53900 for channel [id: 0x46cfd521, L:/127.0.0.1:55043 - R:localhost/127.0.0.1:53900]
16:25:11.770 [main] DEBUG net.serenitybdd.core.photography.Darkroom - Send negative for processing for target\site\serenity\f5ab223cc10284488697a551913ebc165938fce3ff468221dae9e97c7ef38404.png
16:25:11.770 [main] DEBUG net.thucydides.core.steps.StepInterceptor - STEP DONE: inputEmail
  &amp#27;[32mWhen &amp#27;[0m&amp#27;[32mI input &amp#27;[0m&amp#27;[32m&amp#27;[1m""&amp#27;[0m&amp#27;[32m email&amp#27;[0m          &amp#27;[90m# Starter.StepDefinitions.LoginStep.iInputEmail(java.lang.String)&amp#27;[0m
16:25:11.770 [Darkroom Processing Line] DEBUG net.serenitybdd.core.photography.DarkroomProcessingLine - Processing screenshot image in /var/screenshots/screenshot-12666803205054952692
16:25:11.770 [Darkroom Processing Line] DEBUG net.serenitybdd.core.photography.DarkroomProcessingLine - Saving screenshot to target\site\serenity\f5ab223cc10284488697a551913ebc165938fce3ff468221dae9e97c7ef38404.png
16:25:11.783 [main] DEBUG net.thucydides.core.steps.StepInterceptor - STARTING STEP: LoginStep.iInputPassword - inputPassword
16:25:11.783 [Forwarding findElement on session 6483da03530470f153e6b1d526c0aa6f to remote] DEBUG org.asynchttpclient.netty.request.NettyRequestSender - Using pooled Channel '[id: 0x46cfd521, L:/127.0.0.1:55043 - R:localhost/127.0.0.1:53900]' for 'POST' to 'http://localhost:53900/session/6483da03530470f153e6b1d526c0aa6f/element'
16:25:11.783 [Forwarding findElement on session 6483da03530470f153e6b1d526c0aa6f to remote] DEBUG org.asynchttpclient.netty.request.NettyRequestSender - Using open Channel [id: 0x46cfd521, L:/127.0.0.1:55043 - R:localhost/127.0.0.1:53900] for POST '/session/6483da03530470f153e6b1d526c0aa6f/element'
16:25:11.801 [AsyncHttpClient-1-3] DEBUG org.asynchttpclient.netty.handler.HttpHandler - 

Request DefaultHttpRequest(decodeResult: success, version: HTTP/1.1)
POST /session/6483da03530470f153e6b1d526c0aa6f/element HTTP/1.1
User-Agent: selenium/4.1.2 (java windows)
Content-Length: 94
Content-Type: application/json; charset=utf-8
host: localhost:53900
accept: */*

Response DefaultHttpResponse(decodeResult: success, version: HTTP/1.1)
HTTP/1.1 200 OK
Content-Type: application/json; charset=utf-8
cache-control: no-cache
content-length: 88

16:25:11.801 [AsyncHttpClient-1-3] DEBUG org.asynchttpclient.netty.channel.ChannelManager - Adding key: http://localhost:53900 for channel [id: 0x46cfd521, L:/127.0.0.1:55043 - R:localhost/127.0.0.1:53900]
16:25:11.801 [Forwarding clearElement on session 6483da03530470f153e6b1d526c0aa6f to remote] DEBUG org.asynchttpclient.netty.request.NettyRequestSender - Using pooled Channel '[id: 0x46cfd521, L:/127.0.0.1:55043 - R:localhost/127.0.0.1:53900]' for 'POST' to 'http://localhost:53900/session/6483da03530470f153e6b1d526c0aa6f/element/317457b7-c402-4a04-a0fe-a53d4f620a03/clear'
16:25:11.801 [Forwarding clearElement on session 6483da03530470f153e6b1d526c0aa6f to remote] DEBUG org.asynchttpclient.netty.request.NettyRequestSender - Using open Channel [id: 0x46cfd521, L:/127.0.0.1:55043 - R:localhost/127.0.0.1:53900] for POST '/session/6483da03530470f153e6b1d526c0aa6f/element/317457b7-c402-4a04-a0fe-a53d4f620a03/clear'
16:25:11.825 [AsyncHttpClient-1-3] DEBUG org.asynchttpclient.netty.handler.HttpHandler - 

Request DefaultHttpRequest(decodeResult: success, version: HTTP/1.1)
POST /session/6483da03530470f153e6b1d526c0aa6f/element/317457b7-c402-4a04-a0fe-a53d4f620a03/clear HTTP/1.1
User-Agent: selenium/4.1.2 (java windows)
Content-Length: 50
Content-Type: application/json; charset=utf-8
host: localhost:53900
accept: */*

Response DefaultHttpResponse(decodeResult: success, version: HTTP/1.1)
HTTP/1.1 200 OK
Content-Type: application/json; charset=utf-8
cache-control: no-cache
content-length: 14

16:25:11.825 [AsyncHttpClient-1-3] DEBUG org.asynchttpclient.netty.channel.ChannelManager - Adding key: http://localhost:53900 for channel [id: 0x46cfd521, L:/127.0.0.1:55043 - R:localhost/127.0.0.1:53900]
16:25:11.833 [Forwarding sendKeysToElement on session 6483da03530470f153e6b1d526c0aa6f to remote] DEBUG org.asynchttpclient.netty.request.NettyRequestSender - Using pooled Channel '[id: 0x46cfd521, L:/127.0.0.1:55043 - R:localhost/127.0.0.1:53900]' for 'POST' to 'http://localhost:53900/session/6483da03530470f153e6b1d526c0aa6f/element/317457b7-c402-4a04-a0fe-a53d4f620a03/value'
16:25:11.833 [Forwarding sendKeysToElement on session 6483da03530470f153e6b1d526c0aa6f to remote] DEBUG org.asynchttpclient.netty.request.NettyRequestSender - Using open Channel [id: 0x46cfd521, L:/127.0.0.1:55043 - R:localhost/127.0.0.1:53900] for POST '/session/6483da03530470f153e6b1d526c0aa6f/element/317457b7-c402-4a04-a0fe-a53d4f620a03/value'
16:25:11.867 [AsyncHttpClient-1-3] DEBUG org.asynchttpclient.netty.handler.HttpHandler - 

Request DefaultHttpRequest(decodeResult: success, version: HTTP/1.1)
POST /session/6483da03530470f153e6b1d526c0aa6f/element/317457b7-c402-4a04-a0fe-a53d4f620a03/value HTTP/1.1
User-Agent: selenium/4.1.2 (java windows)
Content-Length: 82
Content-Type: application/json; charset=utf-8
host: localhost:53900
accept: */*

Response DefaultHttpResponse(decodeResult: success, version: HTTP/1.1)
HTTP/1.1 200 OK
Content-Type: application/json; charset=utf-8
cache-control: no-cache
content-length: 14

16:25:11.867 [AsyncHttpClient-1-3] DEBUG org.asynchttpclient.netty.channel.ChannelManager - Adding key: http://localhost:53900 for channel [id: 0x46cfd521, L:/127.0.0.1:55043 - R:localhost/127.0.0.1:53900]
16:25:11.867 [Forwarding screenshot on session 6483da03530470f153e6b1d526c0aa6f to remote] DEBUG org.asynchttpclient.netty.request.NettyRequestSender - Using pooled Channel '[id: 0x46cfd521, L:/127.0.0.1:55043 - R:localhost/127.0.0.1:53900]' for 'GET' to 'http://localhost:53900/session/6483da03530470f153e6b1d526c0aa6f/screenshot'
16:25:11.867 [Forwarding screenshot on session 6483da03530470f153e6b1d526c0aa6f to remote] DEBUG org.asynchttpclient.netty.request.NettyRequestSender - Using open Channel [id: 0x46cfd521, L:/127.0.0.1:55043 - R:localhost/127.0.0.1:53900] for GET '/session/6483da03530470f153e6b1d526c0aa6f/screenshot'
16:25:12.001 [AsyncHttpClient-1-3] DEBUG org.asynchttpclient.netty.handler.HttpHandler - 

Request DefaultFullHttpRequest(decodeResult: success, version: HTTP/1.1, content: EmptyByteBufBE)
GET /session/6483da03530470f153e6b1d526c0aa6f/screenshot HTTP/1.1
User-Agent: selenium/4.1.2 (java windows)
Cache-Control: no-cache
Content-Type: application/json; charset=utf-8
host: localhost:53900
accept: */*

Response DefaultHttpResponse(decodeResult: success, version: HTTP/1.1)
HTTP/1.1 200 OK
Content-Type: application/json; charset=utf-8
cache-control: no-cache
content-length: 25516

16:25:12.001 [AsyncHttpClient-1-3] DEBUG org.asynchttpclient.netty.channel.ChannelManager - Adding key: http://localhost:53900 for channel [id: 0x46cfd521, L:/127.0.0.1:55043 - R:localhost/127.0.0.1:53900]
16:25:12.001 [main] DEBUG net.serenitybdd.core.photography.Darkroom - Send negative for processing for target\site\serenity\5c9c340856679c895806edc2e2bba55f26044b83eac93e2268278e39530f688c.png
16:25:12.001 [main] DEBUG net.thucydides.core.steps.StepInterceptor - STEP DONE: inputPassword
  &amp#27;[32mAnd &amp#27;[0m&amp#27;[32mI input &amp#27;[0m&amp#27;[32m&amp#27;[1m""&amp#27;[0m&amp#27;[32m password&amp#27;[0m        &amp#27;[90m# Starter.StepDefinitions.LoginStep.iInputPassword(java.lang.String)&amp#27;[0m
16:25:12.001 [Darkroom Processing Line] DEBUG net.serenitybdd.core.photography.DarkroomProcessingLine - Processing screenshot image in /var/screenshots/screenshot-1753953023732665532
16:25:12.001 [Darkroom Processing Line] DEBUG net.serenitybdd.core.photography.DarkroomProcessingLine - Saving screenshot to target\site\serenity\5c9c340856679c895806edc2e2bba55f26044b83eac93e2268278e39530f688c.png
16:25:12.016 [AsyncHttpClient-1-1] DEBUG org.asynchttpclient.netty.channel.DefaultChannelPool - Entry count for : http://localhost:53900 : 1
16:25:12.016 [AsyncHttpClient-1-1] DEBUG org.asynchttpclient.netty.channel.DefaultChannelPool - Entry count for : http://localhost:55044 : 1
16:25:12.016 [main] DEBUG net.thucydides.core.steps.StepInterceptor - STARTING STEP: LoginStep.clickLoginButton - clickLoginButton
16:25:12.016 [Forwarding findElement on session 6483da03530470f153e6b1d526c0aa6f to remote] DEBUG org.asynchttpclient.netty.request.NettyRequestSender - Using pooled Channel '[id: 0x46cfd521, L:/127.0.0.1:55043 - R:localhost/127.0.0.1:53900]' for 'POST' to 'http://localhost:53900/session/6483da03530470f153e6b1d526c0aa6f/element'
16:25:12.016 [Forwarding findElement on session 6483da03530470f153e6b1d526c0aa6f to remote] DEBUG org.asynchttpclient.netty.request.NettyRequestSender - Using open Channel [id: 0x46cfd521, L:/127.0.0.1:55043 - R:localhost/127.0.0.1:53900] for POST '/session/6483da03530470f153e6b1d526c0aa6f/element'
16:25:12.034 [AsyncHttpClient-1-3] DEBUG org.asynchttpclient.netty.handler.HttpHandler - 

Request DefaultHttpRequest(decodeResult: success, version: HTTP/1.1)
POST /session/6483da03530470f153e6b1d526c0aa6f/element HTTP/1.1
User-Agent: selenium/4.1.2 (java windows)
Content-Length: 136
Content-Type: application/json; charset=utf-8
host: localhost:53900
accept: */*

Response DefaultHttpResponse(decodeResult: success, version: HTTP/1.1)
HTTP/1.1 200 OK
Content-Type: application/json; charset=utf-8
cache-control: no-cache
content-length: 88

16:25:12.034 [AsyncHttpClient-1-3] DEBUG org.asynchttpclient.netty.channel.ChannelManager - Adding key: http://localhost:53900 for channel [id: 0x46cfd521, L:/127.0.0.1:55043 - R:localhost/127.0.0.1:53900]
16:25:12.037 [Forwarding getElementTagName on session 6483da03530470f153e6b1d526c0aa6f to remote] DEBUG org.asynchttpclient.netty.request.NettyRequestSender - Using pooled Channel '[id: 0x46cfd521, L:/127.0.0.1:55043 - R:localhost/127.0.0.1:53900]' for 'GET' to 'http://localhost:53900/session/6483da03530470f153e6b1d526c0aa6f/element/7a8f4b80-6142-4e14-8e78-2df61be287b4/name'
16:25:12.037 [Forwarding getElementTagName on session 6483da03530470f153e6b1d526c0aa6f to remote] DEBUG org.asynchttpclient.netty.request.NettyRequestSender - Using open Channel [id: 0x46cfd521, L:/127.0.0.1:55043 - R:localhost/127.0.0.1:53900] for GET '/session/6483da03530470f153e6b1d526c0aa6f/element/7a8f4b80-6142-4e14-8e78-2df61be287b4/name'
16:25:12.046 [AsyncHttpClient-1-3] DEBUG org.asynchttpclient.netty.handler.HttpHandler - 

Request DefaultFullHttpRequest(decodeResult: success, version: HTTP/1.1, content: EmptyByteBufBE)
GET /session/6483da03530470f153e6b1d526c0aa6f/element/7a8f4b80-6142-4e14-8e78-2df61be287b4/name HTTP/1.1
User-Agent: selenium/4.1.2 (java windows)
Cache-Control: no-cache
Content-Type: application/json; charset=utf-8
host: localhost:53900
accept: */*

Response DefaultHttpResponse(decodeResult: success, version: HTTP/1.1)
HTTP/1.1 200 OK
Content-Type: application/json; charset=utf-8
cache-control: no-cache
content-length: 18

16:25:12.046 [AsyncHttpClient-1-3] DEBUG org.asynchttpclient.netty.channel.ChannelManager - Adding key: http://localhost:53900 for channel [id: 0x46cfd521, L:/127.0.0.1:55043 - R:localhost/127.0.0.1:53900]
16:25:12.049 [Forwarding getElementTagName on session 6483da03530470f153e6b1d526c0aa6f to remote] DEBUG org.asynchttpclient.netty.request.NettyRequestSender - Using pooled Channel '[id: 0x46cfd521, L:/127.0.0.1:55043 - R:localhost/127.0.0.1:53900]' for 'GET' to 'http://localhost:53900/session/6483da03530470f153e6b1d526c0aa6f/element/7a8f4b80-6142-4e14-8e78-2df61be287b4/name'
16:25:12.049 [Forwarding getElementTagName on session 6483da03530470f153e6b1d526c0aa6f to remote] DEBUG org.asynchttpclient.netty.request.NettyRequestSender - Using open Channel [id: 0x46cfd521, L:/127.0.0.1:55043 - R:localhost/127.0.0.1:53900] for GET '/session/6483da03530470f153e6b1d526c0aa6f/element/7a8f4b80-6142-4e14-8e78-2df61be287b4/name'
16:25:12.052 [AsyncHttpClient-1-3] DEBUG org.asynchttpclient.netty.handler.HttpHandler - 

Request DefaultFullHttpRequest(decodeResult: success, version: HTTP/1.1, content: EmptyByteBufBE)
GET /session/6483da03530470f153e6b1d526c0aa6f/element/7a8f4b80-6142-4e14-8e78-2df61be287b4/name HTTP/1.1
User-Agent: selenium/4.1.2 (java windows)
Cache-Control: no-cache
Content-Type: application/json; charset=utf-8
host: localhost:53900
accept: */*

Response DefaultHttpResponse(decodeResult: success, version: HTTP/1.1)
HTTP/1.1 200 OK
Content-Type: application/json; charset=utf-8
cache-control: no-cache
content-length: 18

16:25:12.052 [AsyncHttpClient-1-3] DEBUG org.asynchttpclient.netty.channel.ChannelManager - Adding key: http://localhost:53900 for channel [id: 0x46cfd521, L:/127.0.0.1:55043 - R:localhost/127.0.0.1:53900]
16:25:12.055 [Forwarding isElementEnabled on session 6483da03530470f153e6b1d526c0aa6f to remote] DEBUG org.asynchttpclient.netty.request.NettyRequestSender - Using pooled Channel '[id: 0x46cfd521, L:/127.0.0.1:55043 - R:localhost/127.0.0.1:53900]' for 'GET' to 'http://localhost:53900/session/6483da03530470f153e6b1d526c0aa6f/element/7a8f4b80-6142-4e14-8e78-2df61be287b4/enabled'
16:25:12.055 [Forwarding isElementEnabled on session 6483da03530470f153e6b1d526c0aa6f to remote] DEBUG org.asynchttpclient.netty.request.NettyRequestSender - Using open Channel [id: 0x46cfd521, L:/127.0.0.1:55043 - R:localhost/127.0.0.1:53900] for GET '/session/6483da03530470f153e6b1d526c0aa6f/element/7a8f4b80-6142-4e14-8e78-2df61be287b4/enabled'
16:25:12.067 [AsyncHttpClient-1-3] DEBUG org.asynchttpclient.netty.handler.HttpHandler - 

Request DefaultFullHttpRequest(decodeResult: success, version: HTTP/1.1, content: EmptyByteBufBE)
GET /session/6483da03530470f153e6b1d526c0aa6f/element/7a8f4b80-6142-4e14-8e78-2df61be287b4/enabled HTTP/1.1
User-Agent: selenium/4.1.2 (java windows)
Cache-Control: no-cache
Content-Type: application/json; charset=utf-8
host: localhost:53900
accept: */*

Response DefaultHttpResponse(decodeResult: success, version: HTTP/1.1)
HTTP/1.1 200 OK
Content-Type: application/json; charset=utf-8
cache-control: no-cache
content-length: 14

16:25:12.067 [AsyncHttpClient-1-3] DEBUG org.asynchttpclient.netty.channel.ChannelManager - Adding key: http://localhost:53900 for channel [id: 0x46cfd521, L:/127.0.0.1:55043 - R:localhost/127.0.0.1:53900]
16:25:12.070 [Forwarding isElementEnabled on session 6483da03530470f153e6b1d526c0aa6f to remote] DEBUG org.asynchttpclient.netty.request.NettyRequestSender - Using pooled Channel '[id: 0x46cfd521, L:/127.0.0.1:55043 - R:localhost/127.0.0.1:53900]' for 'GET' to 'http://localhost:53900/session/6483da03530470f153e6b1d526c0aa6f/element/7a8f4b80-6142-4e14-8e78-2df61be287b4/enabled'
16:25:12.070 [Forwarding isElementEnabled on session 6483da03530470f153e6b1d526c0aa6f to remote] DEBUG org.asynchttpclient.netty.request.NettyRequestSender - Using open Channel [id: 0x46cfd521, L:/127.0.0.1:55043 - R:localhost/127.0.0.1:53900] for GET '/session/6483da03530470f153e6b1d526c0aa6f/element/7a8f4b80-6142-4e14-8e78-2df61be287b4/enabled'
16:25:12.082 [AsyncHttpClient-1-3] DEBUG org.asynchttpclient.netty.handler.HttpHandler - 

Request DefaultFullHttpRequest(decodeResult: success, version: HTTP/1.1, content: EmptyByteBufBE)
GET /session/6483da03530470f153e6b1d526c0aa6f/element/7a8f4b80-6142-4e14-8e78-2df61be287b4/enabled HTTP/1.1
User-Agent: selenium/4.1.2 (java windows)
Cache-Control: no-cache
Content-Type: application/json; charset=utf-8
host: localhost:53900
accept: */*

Response DefaultHttpResponse(decodeResult: success, version: HTTP/1.1)
HTTP/1.1 200 OK
Content-Type: application/json; charset=utf-8
cache-control: no-cache
content-length: 14

16:25:12.082 [AsyncHttpClient-1-3] DEBUG org.asynchttpclient.netty.channel.ChannelManager - Adding key: http://localhost:53900 for channel [id: 0x46cfd521, L:/127.0.0.1:55043 - R:localhost/127.0.0.1:53900]
16:25:12.082 [Forwarding findElement on session 6483da03530470f153e6b1d526c0aa6f to remote] DEBUG org.asynchttpclient.netty.request.NettyRequestSender - Using pooled Channel '[id: 0x46cfd521, L:/127.0.0.1:55043 - R:localhost/127.0.0.1:53900]' for 'POST' to 'http://localhost:53900/session/6483da03530470f153e6b1d526c0aa6f/element'
16:25:12.082 [Forwarding findElement on session 6483da03530470f153e6b1d526c0aa6f to remote] DEBUG org.asynchttpclient.netty.request.NettyRequestSender - Using open Channel [id: 0x46cfd521, L:/127.0.0.1:55043 - R:localhost/127.0.0.1:53900] for POST '/session/6483da03530470f153e6b1d526c0aa6f/element'
16:25:12.098 [AsyncHttpClient-1-3] DEBUG org.asynchttpclient.netty.handler.HttpHandler - 

Request DefaultHttpRequest(decodeResult: success, version: HTTP/1.1)
POST /session/6483da03530470f153e6b1d526c0aa6f/element HTTP/1.1
User-Agent: selenium/4.1.2 (java windows)
Content-Length: 136
Content-Type: application/json; charset=utf-8
host: localhost:53900
accept: */*

Response DefaultHttpResponse(decodeResult: success, version: HTTP/1.1)
HTTP/1.1 200 OK
Content-Type: application/json; charset=utf-8
cache-control: no-cache
content-length: 88

16:25:12.098 [AsyncHttpClient-1-3] DEBUG org.asynchttpclient.netty.channel.ChannelManager - Adding key: http://localhost:53900 for channel [id: 0x46cfd521, L:/127.0.0.1:55043 - R:localhost/127.0.0.1:53900]
16:25:12.101 [Forwarding clickElement on session 6483da03530470f153e6b1d526c0aa6f to remote] DEBUG org.asynchttpclient.netty.request.NettyRequestSender - Using pooled Channel '[id: 0x46cfd521, L:/127.0.0.1:55043 - R:localhost/127.0.0.1:53900]' for 'POST' to 'http://localhost:53900/session/6483da03530470f153e6b1d526c0aa6f/element/7a8f4b80-6142-4e14-8e78-2df61be287b4/click'
16:25:12.101 [Forwarding clickElement on session 6483da03530470f153e6b1d526c0aa6f to remote] DEBUG org.asynchttpclient.netty.request.NettyRequestSender - Using open Channel [id: 0x46cfd521, L:/127.0.0.1:55043 - R:localhost/127.0.0.1:53900] for POST '/session/6483da03530470f153e6b1d526c0aa6f/element/7a8f4b80-6142-4e14-8e78-2df61be287b4/click'
16:25:12.147 [AsyncHttpClient-1-3] DEBUG org.asynchttpclient.netty.handler.HttpHandler - 

Request DefaultHttpRequest(decodeResult: success, version: HTTP/1.1)
POST /session/6483da03530470f153e6b1d526c0aa6f/element/7a8f4b80-6142-4e14-8e78-2df61be287b4/click HTTP/1.1
User-Agent: selenium/4.1.2 (java windows)
Content-Length: 50
Content-Type: application/json; charset=utf-8
host: localhost:53900
accept: */*

Response DefaultHttpResponse(decodeResult: success, version: HTTP/1.1)
HTTP/1.1 200 OK
Content-Type: application/json; charset=utf-8
cache-control: no-cache
content-length: 14

16:25:12.150 [AsyncHttpClient-1-3] DEBUG org.asynchttpclient.netty.channel.ChannelManager - Adding key: http://localhost:53900 for channel [id: 0x46cfd521, L:/127.0.0.1:55043 - R:localhost/127.0.0.1:53900]
16:25:12.150 [Forwarding screenshot on session 6483da03530470f153e6b1d526c0aa6f to remote] DEBUG org.asynchttpclient.netty.request.NettyRequestSender - Using pooled Channel '[id: 0x46cfd521, L:/127.0.0.1:55043 - R:localhost/127.0.0.1:53900]' for 'GET' to 'http://localhost:53900/session/6483da03530470f153e6b1d526c0aa6f/screenshot'
16:25:12.150 [Forwarding screenshot on session 6483da03530470f153e6b1d526c0aa6f to remote] DEBUG org.asynchttpclient.netty.request.NettyRequestSender - Using open Channel [id: 0x46cfd521, L:/127.0.0.1:55043 - R:localhost/127.0.0.1:53900] for GET '/session/6483da03530470f153e6b1d526c0aa6f/screenshot'
16:25:12.306 [AsyncHttpClient-1-3] DEBUG org.asynchttpclient.netty.handler.HttpHandler - 

Request DefaultFullHttpRequest(decodeResult: success, version: HTTP/1.1, content: EmptyByteBufBE)
GET /session/6483da03530470f153e6b1d526c0aa6f/screenshot HTTP/1.1
User-Agent: selenium/4.1.2 (java windows)
Cache-Control: no-cache
Content-Type: application/json; charset=utf-8
host: localhost:53900
accept: */*

Response DefaultHttpResponse(decodeResult: success, version: HTTP/1.1)
HTTP/1.1 200 OK
Content-Type: application/json; charset=utf-8
cache-control: no-cache
content-length: 25396

16:25:12.306 [AsyncHttpClient-1-3] DEBUG org.asynchttpclient.netty.channel.ChannelManager - Adding key: http://localhost:53900 for channel [id: 0x46cfd521, L:/127.0.0.1:55043 - R:localhost/127.0.0.1:53900]
16:25:12.310 [main] DEBUG net.serenitybdd.core.photography.Darkroom - Send negative for processing for target\site\serenity\b8e2ca23d7a35e1f3297f8a8a746adecc545ebddcb6ce509e4f14b2645a6dd08.png
16:25:12.310 [main] DEBUG net.thucydides.core.steps.StepInterceptor - STEP DONE: clickLoginButton
  &amp#27;[32mAnd &amp#27;[0m&amp#27;[32mclick login button&amp#27;[0m         &amp#27;[90m# Starter.StepDefinitions.LoginStep.clickLoginButton()&amp#27;[0m
16:25:12.310 [Darkroom Processing Line] DEBUG net.serenitybdd.core.photography.DarkroomProcessingLine - Processing screenshot image in /var/screenshots/screenshot-15455877276367965380
16:25:12.310 [Darkroom Processing Line] DEBUG net.serenitybdd.core.photography.DarkroomProcessingLine - Saving screenshot to target\site\serenity\b8e2ca23d7a35e1f3297f8a8a746adecc545ebddcb6ce509e4f14b2645a6dd08.png
16:25:12.328 [main] DEBUG net.thucydides.core.steps.StepInterceptor - STARTING STEP: LoginStep.iGetThe - errorMessageAppears
16:25:12.328 [Forwarding setTimeout on session 6483da03530470f153e6b1d526c0aa6f to remote] DEBUG org.asynchttpclient.netty.request.NettyRequestSender - Using pooled Channel '[id: 0x46cfd521, L:/127.0.0.1:55043 - R:localhost/127.0.0.1:53900]' for 'POST' to 'http://localhost:53900/session/6483da03530470f153e6b1d526c0aa6f/timeouts'
16:25:12.328 [Forwarding setTimeout on session 6483da03530470f153e6b1d526c0aa6f to remote] DEBUG org.asynchttpclient.netty.request.NettyRequestSender - Using open Channel [id: 0x46cfd521, L:/127.0.0.1:55043 - R:localhost/127.0.0.1:53900] for POST '/session/6483da03530470f153e6b1d526c0aa6f/timeouts'
16:25:12.328 [AsyncHttpClient-1-3] DEBUG org.asynchttpclient.netty.handler.HttpHandler - 

Request DefaultHttpRequest(decodeResult: success, version: HTTP/1.1)
POST /session/6483da03530470f153e6b1d526c0aa6f/timeouts HTTP/1.1
User-Agent: selenium/4.1.2 (java windows)
Content-Length: 23
Content-Type: application/json; charset=utf-8
host: localhost:53900
accept: */*

Response DefaultHttpResponse(decodeResult: success, version: HTTP/1.1)
HTTP/1.1 200 OK
Content-Type: application/json; charset=utf-8
cache-control: no-cache
content-length: 14

16:25:12.328 [AsyncHttpClient-1-3] DEBUG org.asynchttpclient.netty.channel.ChannelManager - Adding key: http://localhost:53900 for channel [id: 0x46cfd521, L:/127.0.0.1:55043 - R:localhost/127.0.0.1:53900]
16:25:12.328 [Forwarding findElement on session 6483da03530470f153e6b1d526c0aa6f to remote] DEBUG org.asynchttpclient.netty.request.NettyRequestSender - Using pooled Channel '[id: 0x46cfd521, L:/127.0.0.1:55043 - R:localhost/127.0.0.1:53900]' for 'POST' to 'http://localhost:53900/session/6483da03530470f153e6b1d526c0aa6f/element'
16:25:12.328 [Forwarding findElement on session 6483da03530470f153e6b1d526c0aa6f to remote] DEBUG org.asynchttpclient.netty.request.NettyRequestSender - Using open Channel [id: 0x46cfd521, L:/127.0.0.1:55043 - R:localhost/127.0.0.1:53900] for POST '/session/6483da03530470f153e6b1d526c0aa6f/element'
16:25:12.338 [AsyncHttpClient-1-3] DEBUG org.asynchttpclient.netty.handler.HttpHandler - 

Request DefaultHttpRequest(decodeResult: success, version: HTTP/1.1)
POST /session/6483da03530470f153e6b1d526c0aa6f/element HTTP/1.1
User-Agent: selenium/4.1.2 (java windows)
Content-Length: 53
Content-Type: application/json; charset=utf-8
host: localhost:53900
accept: */*

Response DefaultHttpResponse(decodeResult: success, version: HTTP/1.1)
HTTP/1.1 400 Bad Request
Content-Type: application/json; charset=utf-8
cache-control: no-cache
content-length: 957

16:25:12.338 [AsyncHttpClient-1-3] DEBUG org.asynchttpclient.netty.channel.ChannelManager - Adding key: http://localhost:53900 for channel [id: 0x46cfd521, L:/127.0.0.1:55043 - R:localhost/127.0.0.1:53900]
16:25:12.340 [Forwarding findElement on session 6483da03530470f153e6b1d526c0aa6f to remote] DEBUG org.asynchttpclient.netty.request.NettyRequestSender - Using pooled Channel '[id: 0x46cfd521, L:/127.0.0.1:55043 - R:localhost/127.0.0.1:53900]' for 'POST' to 'http://localhost:53900/session/6483da03530470f153e6b1d526c0aa6f/element'
16:25:12.340 [Forwarding findElement on session 6483da03530470f153e6b1d526c0aa6f to remote] DEBUG org.asynchttpclient.netty.request.NettyRequestSender - Using open Channel [id: 0x46cfd521, L:/127.0.0.1:55043 - R:localhost/127.0.0.1:53900] for POST '/session/6483da03530470f153e6b1d526c0aa6f/element'
16:25:12.421 [AsyncHttpClient-1-3] DEBUG org.asynchttpclient.netty.handler.HttpHandler - 

Request DefaultHttpRequest(decodeResult: success, version: HTTP/1.1)
POST /session/6483da03530470f153e6b1d526c0aa6f/element HTTP/1.1
User-Agent: selenium/4.1.2 (java windows)
Content-Length: 63
Content-Type: application/json; charset=utf-8
host: localhost:53900
accept: */*

Response DefaultHttpResponse(decodeResult: success, version: HTTP/1.1)
HTTP/1.1 200 OK
Content-Type: application/json; charset=utf-8
cache-control: no-cache
content-length: 88

16:25:12.422 [AsyncHttpClient-1-3] DEBUG org.asynchttpclient.netty.channel.ChannelManager - Adding key: http://localhost:53900 for channel [id: 0x46cfd521, L:/127.0.0.1:55043 - R:localhost/127.0.0.1:53900]
16:25:12.427 [Forwarding isElementDisplayed on session 6483da03530470f153e6b1d526c0aa6f to remote] DEBUG org.asynchttpclient.netty.request.NettyRequestSender - Using pooled Channel '[id: 0x46cfd521, L:/127.0.0.1:55043 - R:localhost/127.0.0.1:53900]' for 'POST' to 'http://localhost:53900/session/6483da03530470f153e6b1d526c0aa6f/execute/sync'
16:25:12.427 [Forwarding isElementDisplayed on session 6483da03530470f153e6b1d526c0aa6f to remote] DEBUG org.asynchttpclient.netty.request.NettyRequestSender - Using open Channel [id: 0x46cfd521, L:/127.0.0.1:55043 - R:localhost/127.0.0.1:53900] for POST '/session/6483da03530470f153e6b1d526c0aa6f/execute/sync'
16:25:12.443 [AsyncHttpClient-1-3] DEBUG org.asynchttpclient.netty.handler.HttpHandler - 

Request DefaultHttpRequest(decodeResult: success, version: HTTP/1.1)
POST /session/6483da03530470f153e6b1d526c0aa6f/execute/sync HTTP/1.1
User-Agent: selenium/4.1.2 (java windows)
Content-Length: 48780
Content-Type: application/json; charset=utf-8
host: localhost:53900
accept: */*

Response DefaultHttpResponse(decodeResult: success, version: HTTP/1.1)
HTTP/1.1 200 OK
Content-Type: application/json; charset=utf-8
cache-control: no-cache
content-length: 14

16:25:12.444 [AsyncHttpClient-1-3] DEBUG org.asynchttpclient.netty.channel.ChannelManager - Adding key: http://localhost:53900 for channel [id: 0x46cfd521, L:/127.0.0.1:55043 - R:localhost/127.0.0.1:53900]
16:25:12.445 [Forwarding screenshot on session 6483da03530470f153e6b1d526c0aa6f to remote] DEBUG org.asynchttpclient.netty.request.NettyRequestSender - Using pooled Channel '[id: 0x46cfd521, L:/127.0.0.1:55043 - R:localhost/127.0.0.1:53900]' for 'GET' to 'http://localhost:53900/session/6483da03530470f153e6b1d526c0aa6f/screenshot'
16:25:12.445 [Forwarding screenshot on session 6483da03530470f153e6b1d526c0aa6f to remote] DEBUG org.asynchttpclient.netty.request.NettyRequestSender - Using open Channel [id: 0x46cfd521, L:/127.0.0.1:55043 - R:localhost/127.0.0.1:53900] for GET '/session/6483da03530470f153e6b1d526c0aa6f/screenshot'
16:25:12.585 [AsyncHttpClient-1-3] DEBUG org.asynchttpclient.netty.handler.HttpHandler - 

Request DefaultFullHttpRequest(decodeResult: success, version: HTTP/1.1, content: EmptyByteBufBE)
GET /session/6483da03530470f153e6b1d526c0aa6f/screenshot HTTP/1.1
User-Agent: selenium/4.1.2 (java windows)
Cache-Control: no-cache
Content-Type: application/json; charset=utf-8
host: localhost:53900
accept: */*

Response DefaultHttpResponse(decodeResult: success, version: HTTP/1.1)
HTTP/1.1 200 OK
Content-Type: application/json; charset=utf-8
cache-control: no-cache
content-length: 28948

16:25:12.585 [AsyncHttpClient-1-3] DEBUG org.asynchttpclient.netty.channel.ChannelManager - Adding key: http://localhost:53900 for channel [id: 0x46cfd521, L:/127.0.0.1:55043 - R:localhost/127.0.0.1:53900]
16:25:12.585 [main] DEBUG net.serenitybdd.core.photography.Darkroom - Send negative for processing for target\site\serenity\38e73d6ecf13cda6a5875b0ae3c8bd898ef8f03eeb0008f8235517ffc2277227.png
16:25:12.585 [main] DEBUG net.thucydides.core.steps.StepInterceptor - STEP DONE: errorMessageAppears
16:25:12.585 [Darkroom Processing Line] DEBUG net.serenitybdd.core.photography.DarkroomProcessingLine - Processing screenshot image in /var/screenshots/screenshot-14638810339751234543
16:25:12.585 [Darkroom Processing Line] DEBUG net.serenitybdd.core.photography.DarkroomProcessingLine - Saving screenshot to target\site\serenity\38e73d6ecf13cda6a5875b0ae3c8bd898ef8f03eeb0008f8235517ffc2277227.png
16:25:12.593 [main] DEBUG net.thucydides.core.steps.StepInterceptor - STARTING STEP: LoginStep.iGetThe - errorMessageEquals
16:25:12.593 [Forwarding setTimeout on session 6483da03530470f153e6b1d526c0aa6f to remote] DEBUG org.asynchttpclient.netty.request.NettyRequestSender - Using pooled Channel '[id: 0x46cfd521, L:/127.0.0.1:55043 - R:localhost/127.0.0.1:53900]' for 'POST' to 'http://localhost:53900/session/6483da03530470f153e6b1d526c0aa6f/timeouts'
16:25:12.593 [Forwarding setTimeout on session 6483da03530470f153e6b1d526c0aa6f to remote] DEBUG org.asynchttpclient.netty.request.NettyRequestSender - Using open Channel [id: 0x46cfd521, L:/127.0.0.1:55043 - R:localhost/127.0.0.1:53900] for POST '/session/6483da03530470f153e6b1d526c0aa6f/timeouts'
16:25:12.593 [AsyncHttpClient-1-3] DEBUG org.asynchttpclient.netty.handler.HttpHandler - 

Request DefaultHttpRequest(decodeResult: success, version: HTTP/1.1)
POST /session/6483da03530470f153e6b1d526c0aa6f/timeouts HTTP/1.1
User-Agent: selenium/4.1.2 (java windows)
Content-Length: 23
Content-Type: application/json; charset=utf-8
host: localhost:53900
accept: */*

Response DefaultHttpResponse(decodeResult: success, version: HTTP/1.1)
HTTP/1.1 200 OK
Content-Type: application/json; charset=utf-8
cache-control: no-cache
content-length: 14

16:25:12.593 [AsyncHttpClient-1-3] DEBUG org.asynchttpclient.netty.channel.ChannelManager - Adding key: http://localhost:53900 for channel [id: 0x46cfd521, L:/127.0.0.1:55043 - R:localhost/127.0.0.1:53900]
16:25:12.593 [Forwarding findElement on session 6483da03530470f153e6b1d526c0aa6f to remote] DEBUG org.asynchttpclient.netty.request.NettyRequestSender - Using pooled Channel '[id: 0x46cfd521, L:/127.0.0.1:55043 - R:localhost/127.0.0.1:53900]' for 'POST' to 'http://localhost:53900/session/6483da03530470f153e6b1d526c0aa6f/element'
16:25:12.593 [Forwarding findElement on session 6483da03530470f153e6b1d526c0aa6f to remote] DEBUG org.asynchttpclient.netty.request.NettyRequestSender - Using open Channel [id: 0x46cfd521, L:/127.0.0.1:55043 - R:localhost/127.0.0.1:53900] for POST '/session/6483da03530470f153e6b1d526c0aa6f/element'
16:25:12.601 [AsyncHttpClient-1-3] DEBUG org.asynchttpclient.netty.handler.HttpHandler - 

Request DefaultHttpRequest(decodeResult: success, version: HTTP/1.1)
POST /session/6483da03530470f153e6b1d526c0aa6f/element HTTP/1.1
User-Agent: selenium/4.1.2 (java windows)
Content-Length: 63
Content-Type: application/json; charset=utf-8
host: localhost:53900
accept: */*

Response DefaultHttpResponse(decodeResult: success, version: HTTP/1.1)
HTTP/1.1 200 OK
Content-Type: application/json; charset=utf-8
cache-control: no-cache
content-length: 88

16:25:12.601 [AsyncHttpClient-1-3] DEBUG org.asynchttpclient.netty.channel.ChannelManager - Adding key: http://localhost:53900 for channel [id: 0x46cfd521, L:/127.0.0.1:55043 - R:localhost/127.0.0.1:53900]
16:25:12.601 [Forwarding getElementText on session 6483da03530470f153e6b1d526c0aa6f to remote] DEBUG org.asynchttpclient.netty.request.NettyRequestSender - Using pooled Channel '[id: 0x46cfd521, L:/127.0.0.1:55043 - R:localhost/127.0.0.1:53900]' for 'GET' to 'http://localhost:53900/session/6483da03530470f153e6b1d526c0aa6f/element/6d3d24e8-78b4-4523-989b-8303688a049d/text'
16:25:12.601 [Forwarding getElementText on session 6483da03530470f153e6b1d526c0aa6f to remote] DEBUG org.asynchttpclient.netty.request.NettyRequestSender - Using open Channel [id: 0x46cfd521, L:/127.0.0.1:55043 - R:localhost/127.0.0.1:53900] for GET '/session/6483da03530470f153e6b1d526c0aa6f/element/6d3d24e8-78b4-4523-989b-8303688a049d/text'
16:25:12.615 [AsyncHttpClient-1-3] DEBUG org.asynchttpclient.netty.handler.HttpHandler - 

Request DefaultFullHttpRequest(decodeResult: success, version: HTTP/1.1, content: EmptyByteBufBE)
GET /session/6483da03530470f153e6b1d526c0aa6f/element/6d3d24e8-78b4-4523-989b-8303688a049d/text HTTP/1.1
User-Agent: selenium/4.1.2 (java windows)
Cache-Control: no-cache
Content-Type: application/json; charset=utf-8
host: localhost:53900
accept: */*

Response DefaultHttpResponse(decodeResult: success, version: HTTP/1.1)
HTTP/1.1 200 OK
Content-Type: application/json; charset=utf-8
cache-control: no-cache
content-length: 29

16:25:12.615 [AsyncHttpClient-1-3] DEBUG org.asynchttpclient.netty.channel.ChannelManager - Adding key: http://localhost:53900 for channel [id: 0x46cfd521, L:/127.0.0.1:55043 - R:localhost/127.0.0.1:53900]
16:25:12.626 [main] DEBUG net.thucydides.core.steps.StepInterceptor - STEP DONE: errorMessageEquals
  &amp#27;[32mThen &amp#27;[0m&amp#27;[32mI get the &amp#27;[0m&amp#27;[32m&amp#27;[1m"login page"&amp#27;[0m    &amp#27;[90m# Starter.StepDefinitions.LoginStep.iGetThe(java.lang.String)&amp#27;[0m
16:25:12.626 [AsyncHttpClient-1-5] DEBUG org.asynchttpclient.netty.handler.WebSocketHandler - Channel Closed: [id: 0x0edcb9e7, L:/127.0.0.1:55052 ! R:localhost/127.0.0.1:55044] with attribute NettyResponseFuture{currentRetry=5,
	isDone=1,
	isCancelled=0,
	asyncHandler=org.asynchttpclient.ws.WebSocketUpgradeHandler@1f93bcb2,
	nettyRequest=org.asynchttpclient.netty.request.NettyRequest@5ce010b3,
	future=java.util.concurrent.CompletableFuture@4486d3b0[Completed normally],
	uri=ws://localhost:55044/devtools/browser/fa10ddf7-594e-44ce-92ea-11b8512164dd,
	keepAlive=true,
	redirectCount=0,
	timeoutsHolder=null,
	inAuth=0,
	touch=1653038709206}
16:25:12.626 [AsyncHttpClient-1-5] DEBUG org.asynchttpclient.netty.channel.ChannelManager - Closing Channel [id: 0x0edcb9e7, L:/127.0.0.1:55052 ! R:localhost/127.0.0.1:55044] 
16:25:12.626 [Driver Command Executor] DEBUG org.asynchttpclient.netty.request.NettyRequestSender - Using pooled Channel '[id: 0x46cfd521, L:/127.0.0.1:55043 - R:localhost/127.0.0.1:53900]' for 'DELETE' to 'http://localhost:53900/session/6483da03530470f153e6b1d526c0aa6f'
16:25:12.626 [Driver Command Executor] DEBUG org.asynchttpclient.netty.request.NettyRequestSender - Using open Channel [id: 0x46cfd521, L:/127.0.0.1:55043 - R:localhost/127.0.0.1:53900] for DELETE '/session/6483da03530470f153e6b1d526c0aa6f'
16:25:12.717 [AsyncHttpClient-1-4] DEBUG org.asynchttpclient.netty.handler.HttpHandler - Unexpected I/O exception on channel [id: 0x62b31464, L:/127.0.0.1:55051 - R:localhost/127.0.0.1:55044]
java.net.SocketException: Connection reset
	at java.base/sun.nio.ch.SocketChannelImpl.throwConnectionReset(SocketChannelImpl.java:367)
	at java.base/sun.nio.ch.SocketChannelImpl.read(SocketChannelImpl.java:398)
	at io.netty.buffer.PooledByteBuf.setBytes(PooledByteBuf.java:258)
	at io.netty.buffer.AbstractByteBuf.writeBytes(AbstractByteBuf.java:1132)
	at io.netty.channel.socket.nio.NioSocketChannel.doReadBytes(NioSocketChannel.java:350)
	at io.netty.channel.nio.AbstractNioByteChannel$NioByteUnsafe.read(AbstractNioByteChannel.java:151)
	at io.netty.channel.nio.NioEventLoop.processSelectedKey(NioEventLoop.java:722)
	at io.netty.channel.nio.NioEventLoop.processSelectedKeysOptimized(NioEventLoop.java:658)
	at io.netty.channel.nio.NioEventLoop.processSelectedKeys(NioEventLoop.java:584)
	at io.netty.channel.nio.NioEventLoop.run(NioEventLoop.java:496)
	at io.netty.util.concurrent.SingleThreadEventExecutor$4.run(SingleThreadEventExecutor.java:986)
	at io.netty.util.internal.ThreadExecutorMap$2.run(ThreadExecutorMap.java:74)
	at io.netty.util.concurrent.FastThreadLocalRunnable.run(FastThreadLocalRunnable.java:30)
	at java.base/java.lang.Thread.run(Thread.java:832)
16:25:12.717 [AsyncHttpClient-1-4] DEBUG org.asynchttpclient.netty.channel.ChannelManager - Closing Channel [id: 0x62b31464, L:/127.0.0.1:55051 - R:localhost/127.0.0.1:55044] 
16:25:12.717 [AsyncHttpClient-1-4] DEBUG org.asynchttpclient.netty.handler.HttpHandler - Channel Closed: [id: 0x62b31464, L:/127.0.0.1:55051 ! R:localhost/127.0.0.1:55044] with attribute DISCARD
16:25:12.723 [AsyncHttpClient-1-3] DEBUG org.asynchttpclient.netty.handler.HttpHandler - 

Request DefaultFullHttpRequest(decodeResult: success, version: HTTP/1.1, content: EmptyByteBufBE)
DELETE /session/6483da03530470f153e6b1d526c0aa6f HTTP/1.1
User-Agent: selenium/4.1.2 (java windows)
Content-Type: application/json; charset=utf-8
host: localhost:53900
accept: */*

Response DefaultHttpResponse(decodeResult: success, version: HTTP/1.1)
HTTP/1.1 200 OK
Content-Type: application/json; charset=utf-8
cache-control: no-cache
content-length: 14

16:25:12.728 [AsyncHttpClient-1-3] DEBUG org.asynchttpclient.netty.channel.ChannelManager - Adding key: http://localhost:53900 for channel [id: 0x46cfd521, L:/127.0.0.1:55043 - R:localhost/127.0.0.1:53900]
16:25:12.797 [AsyncHttpClient-1-3] DEBUG org.asynchttpclient.netty.handler.HttpHandler - Channel Closed: [id: 0x46cfd521, L:/127.0.0.1:55043 ! R:localhost/127.0.0.1:53900] with attribute DISCARD
16:25:13.115 [AsyncHttpClient-1-1] DEBUG org.asynchttpclient.netty.channel.DefaultChannelPool - Entry count for : http://localhost:53900 : 1
16:25:13.115 [AsyncHttpClient-1-1] DEBUG org.asynchttpclient.netty.channel.DefaultChannelPool - Entry count for : http://localhost:55044 : 1
16:25:13.115 [AsyncHttpClient-1-1] DEBUG org.asynchttpclient.netty.channel.DefaultChannelPool - Adding Candidate expired Channel [id: 0x46cfd521, L:/127.0.0.1:55043 ! R:localhost/127.0.0.1:53900] isIdleTimeoutExpired=false isRemotelyClosed=true isTtlExpired=false
16:25:13.115 [AsyncHttpClient-1-1] DEBUG org.asynchttpclient.netty.channel.DefaultChannelPool - Closing Idle Channel [id: 0x46cfd521, L:/127.0.0.1:55043 ! R:localhost/127.0.0.1:53900]
16:25:13.115 [AsyncHttpClient-1-1] DEBUG org.asynchttpclient.netty.channel.DefaultChannelPool - Adding Candidate expired Channel [id: 0x62b31464, L:/127.0.0.1:55051 ! R:localhost/127.0.0.1:55044] isIdleTimeoutExpired=false isRemotelyClosed=true isTtlExpired=false
16:25:13.115 [AsyncHttpClient-1-1] DEBUG org.asynchttpclient.netty.channel.DefaultChannelPool - Closing Idle Channel [id: 0x62b31464, L:/127.0.0.1:55051 ! R:localhost/127.0.0.1:55044]
16:25:13.115 [AsyncHttpClient-1-1] DEBUG org.asynchttpclient.netty.channel.DefaultChannelPool - Closed 2 connections out of 2 in 0 ms
]]></system-out>
    <system-err><![CDATA[Starting ChromeDriver 101.0.4951.41 (93c720db8323b3ec10d056025ab95c23a31997c9-refs/branch-heads/4951@{#904}) on port 53900
Only local connections are allowed.
Please see https://chromedriver.chromium.org/security-considerations for suggestions on keeping ChromeDriver safe.
ChromeDriver was started successfully.
May 20, 2022 4:25:09 PM org.openqa.selenium.remote.ProtocolHandshake createSession
INFO: Detected dialect: W3C
May 20, 2022 4:25:09 PM org.openqa.selenium.devtools.CdpVersionFinder findNearestMatch
WARNING: Unable to find an exact match for CDP version 101, so returning the closest version found: 97
May 20, 2022 4:25:09 PM org.openqa.selenium.devtools.CdpVersionFinder findNearestMatch
INFO: Found CDP implementation for version 101 of 97
]]></system-err>
  </testcase>
  <testcase name="Login scenario #5" classname="Login" time="13.944">
    <system-out><![CDATA[
@Login
Scenario Outline: Login scenario &amp#27;[90m# src/test/resources/features/Login.feature:20&amp#27;[0m
16:25:13.328 [main] INFO io.cucumber.core.plugin.SerenityReporter - Running feature from file:///D:/data%20hakim/Mini%20Project%20Alterra/WebAlta/src/test/resources/features/Login.feature
16:25:13.348 [main] INFO net.serenitybdd.core.webdriver.driverproviders.ChromeDriverProvider - Using automatically driver download
16:25:13.481 [main] DEBUG io.github.bonigarcia.wdm.cache.ResolutionCache - Resolution chrome=101 in cache (valid until 17:18:55 20/05/2022 WIB)
16:25:13.484 [main] DEBUG io.github.bonigarcia.wdm.cache.ResolutionCache - Resolution chrome101=101.0.4951.41 in cache (valid until 21:21:16 20/05/2022 WIB)
16:25:13.484 [main] INFO io.github.bonigarcia.wdm.WebDriverManager - Using chromedriver 101.0.4951.41 (resolved driver for Chrome 101)
16:25:13.498 [main] DEBUG io.github.bonigarcia.wdm.WebDriverManager - Driver chromedriver 101.0.4951.41 found in cache
16:25:13.498 [main] INFO io.github.bonigarcia.wdm.WebDriverManager - Exporting webdriver.chrome.driver as C:\Users\hp pc\.cache\selenium\chromedriver\win32\101.0.4951.41\chromedriver.exe
16:25:13.602 [main] DEBUG net.serenitybdd.core.webdriver.driverproviders.ProvideNewDriver - Instantiating driver
16:25:13.602 [main] DEBUG net.serenitybdd.core.webdriver.driverproviders.ProvideNewDriver - Driver capabilities: Capabilities {acceptInsecureCerts: false, base.url: https://qa.alta.id/, browserName: chrome, chrome.driver: src/test/resources/webdrive..., driver: chrome, goog:chromeOptions: {args: [], extensions: []}}
16:25:14.147 [AsyncHttpClient-1-6] DEBUG org.asynchttpclient.netty.channel.NettyConnectListener - Using new Channel '[id: 0xf2fb319e, L:/127.0.0.1:55070 - R:localhost/127.0.0.1:55775]' for 'POST' to '/session'
16:25:14.878 [AsyncHttpClient-1-6] DEBUG org.asynchttpclient.netty.handler.HttpHandler - 

Request DefaultHttpRequest(decodeResult: success, version: HTTP/1.1)
POST /session HTTP/1.1
User-Agent: selenium/4.1.2 (java windows)
Content-Length: 605
Content-Type: application/json; charset=utf-8
host: localhost:55775
accept: */*

Response DefaultHttpResponse(decodeResult: success, version: HTTP/1.1)
HTTP/1.1 200 OK
Content-Type: application/json; charset=utf-8
cache-control: no-cache
content-length: 791

16:25:14.878 [AsyncHttpClient-1-6] DEBUG org.asynchttpclient.netty.channel.ChannelManager - Adding key: http://localhost:55775 for channel [id: 0xf2fb319e, L:/127.0.0.1:55070 - R:localhost/127.0.0.1:55775]
16:25:14.878 [AsyncHttpClient-1-7] DEBUG org.asynchttpclient.netty.channel.NettyConnectListener - Using new Channel '[id: 0x5c9df7f9, L:/127.0.0.1:55078 - R:localhost/127.0.0.1:55071]' for 'GET' to '/json/version'
16:25:14.878 [AsyncHttpClient-1-7] DEBUG org.asynchttpclient.netty.handler.HttpHandler - 

Request DefaultFullHttpRequest(decodeResult: success, version: HTTP/1.1, content: EmptyByteBufBE)
GET /json/version HTTP/1.1
User-Agent: selenium/4.1.2 (java windows)
host: localhost:55071
accept: */*

Response DefaultHttpResponse(decodeResult: success, version: HTTP/1.1)
HTTP/1.1 200 OK
Content-Type: application/json; charset=UTF-8
content-length: 427

16:25:14.878 [AsyncHttpClient-1-7] DEBUG org.asynchttpclient.netty.channel.ChannelManager - Adding key: http://localhost:55071 for channel [id: 0x5c9df7f9, L:/127.0.0.1:55078 - R:localhost/127.0.0.1:55071]
16:25:14.888 [AsyncHttpClient-1-8] DEBUG org.asynchttpclient.netty.channel.NettyConnectListener - Using new Channel '[id: 0xd9bc2766, L:/127.0.0.1:55079 - R:localhost/127.0.0.1:55071]' for 'GET' to '/devtools/browser/011e32d9-0489-4bab-b9ff-2fe0fe64f67e'
16:25:14.888 [AsyncHttpClient-1-8] DEBUG org.asynchttpclient.netty.handler.WebSocketHandler - 

Request DefaultFullHttpRequest(decodeResult: success, version: HTTP/1.1, content: EmptyByteBufBE)
GET /devtools/browser/011e32d9-0489-4bab-b9ff-2fe0fe64f67e HTTP/1.1
upgrade: websocket
connection: upgrade
sec-websocket-key: w21oKP49t8NP5avCN7n94A==
sec-websocket-version: 13
origin: http://localhost:55071
host: localhost:55071
accept: */*
user-agent: AHC/2.1

Response DefaultHttpResponse(decodeResult: success, version: HTTP/1.1)
HTTP/1.1 101 WebSocket Protocol Handshake
Upgrade: WebSocket
Connection: Upgrade
Sec-WebSocket-Accept: itpt1TnZ3fNwNT0R7KKHKu6C/AQ=

16:25:14.888 [Forwarding maximizeCurrentWindow on session 0960cade2a95e86397c22e3e134c1123 to remote] DEBUG org.asynchttpclient.netty.request.NettyRequestSender - Using pooled Channel '[id: 0xf2fb319e, L:/127.0.0.1:55070 - R:localhost/127.0.0.1:55775]' for 'POST' to 'http://localhost:55775/session/0960cade2a95e86397c22e3e134c1123/window/maximize'
16:25:14.888 [Forwarding maximizeCurrentWindow on session 0960cade2a95e86397c22e3e134c1123 to remote] DEBUG org.asynchttpclient.netty.request.NettyRequestSender - Using open Channel [id: 0xf2fb319e, L:/127.0.0.1:55070 - R:localhost/127.0.0.1:55775] for POST '/session/0960cade2a95e86397c22e3e134c1123/window/maximize'
16:25:15.026 [AsyncHttpClient-1-6] DEBUG org.asynchttpclient.netty.handler.HttpHandler - 

Request DefaultHttpRequest(decodeResult: success, version: HTTP/1.1)
POST /session/0960cade2a95e86397c22e3e134c1123/window/maximize HTTP/1.1
User-Agent: selenium/4.1.2 (java windows)
Content-Length: 3
Content-Type: application/json; charset=utf-8
host: localhost:55775
accept: */*

Response DefaultHttpResponse(decodeResult: success, version: HTTP/1.1)
HTTP/1.1 200 OK
Content-Type: application/json; charset=utf-8
cache-control: no-cache
content-length: 51

16:25:15.026 [AsyncHttpClient-1-6] DEBUG org.asynchttpclient.netty.channel.ChannelManager - Adding key: http://localhost:55775 for channel [id: 0xf2fb319e, L:/127.0.0.1:55070 - R:localhost/127.0.0.1:55775]
16:25:15.026 [Forwarding get on session 0960cade2a95e86397c22e3e134c1123 to remote] DEBUG org.asynchttpclient.netty.request.NettyRequestSender - Using pooled Channel '[id: 0xf2fb319e, L:/127.0.0.1:55070 - R:localhost/127.0.0.1:55775]' for 'POST' to 'http://localhost:55775/session/0960cade2a95e86397c22e3e134c1123/url'
16:25:15.026 [Forwarding get on session 0960cade2a95e86397c22e3e134c1123 to remote] DEBUG org.asynchttpclient.netty.request.NettyRequestSender - Using open Channel [id: 0xf2fb319e, L:/127.0.0.1:55070 - R:localhost/127.0.0.1:55775] for POST '/session/0960cade2a95e86397c22e3e134c1123/url'
16:25:15.316 [AsyncHttpClient-1-1] DEBUG org.asynchttpclient.netty.channel.DefaultChannelPool - Entry count for : http://localhost:55071 : 1
16:25:16.418 [AsyncHttpClient-1-1] DEBUG org.asynchttpclient.netty.channel.DefaultChannelPool - Entry count for : http://localhost:55071 : 1
16:25:17.517 [AsyncHttpClient-1-1] DEBUG org.asynchttpclient.netty.channel.DefaultChannelPool - Entry count for : http://localhost:55071 : 1
16:25:18.617 [AsyncHttpClient-1-1] DEBUG org.asynchttpclient.netty.channel.DefaultChannelPool - Entry count for : http://localhost:55071 : 1
16:25:19.715 [AsyncHttpClient-1-1] DEBUG org.asynchttpclient.netty.channel.DefaultChannelPool - Entry count for : http://localhost:55071 : 1
16:25:20.815 [AsyncHttpClient-1-1] DEBUG org.asynchttpclient.netty.channel.DefaultChannelPool - Entry count for : http://localhost:55071 : 1
16:25:21.915 [AsyncHttpClient-1-1] DEBUG org.asynchttpclient.netty.channel.DefaultChannelPool - Entry count for : http://localhost:55071 : 1
16:25:23.024 [AsyncHttpClient-1-1] DEBUG org.asynchttpclient.netty.channel.DefaultChannelPool - Entry count for : http://localhost:55071 : 1
16:25:24.116 [AsyncHttpClient-1-1] DEBUG org.asynchttpclient.netty.channel.DefaultChannelPool - Entry count for : http://localhost:55071 : 1
16:25:24.753 [AsyncHttpClient-1-6] DEBUG org.asynchttpclient.netty.handler.HttpHandler - 

Request DefaultHttpRequest(decodeResult: success, version: HTTP/1.1)
POST /session/0960cade2a95e86397c22e3e134c1123/url HTTP/1.1
User-Agent: selenium/4.1.2 (java windows)
Content-Length: 64
Content-Type: application/json; charset=utf-8
host: localhost:55775
accept: */*

Response DefaultHttpResponse(decodeResult: success, version: HTTP/1.1)
HTTP/1.1 200 OK
Content-Type: application/json; charset=utf-8
cache-control: no-cache
content-length: 14

16:25:24.753 [AsyncHttpClient-1-6] DEBUG org.asynchttpclient.netty.channel.ChannelManager - Adding key: http://localhost:55775 for channel [id: 0xf2fb319e, L:/127.0.0.1:55070 - R:localhost/127.0.0.1:55775]
16:25:24.756 [Forwarding setTimeout on session 0960cade2a95e86397c22e3e134c1123 to remote] DEBUG org.asynchttpclient.netty.request.NettyRequestSender - Using pooled Channel '[id: 0xf2fb319e, L:/127.0.0.1:55070 - R:localhost/127.0.0.1:55775]' for 'POST' to 'http://localhost:55775/session/0960cade2a95e86397c22e3e134c1123/timeouts'
16:25:24.756 [Forwarding setTimeout on session 0960cade2a95e86397c22e3e134c1123 to remote] DEBUG org.asynchttpclient.netty.request.NettyRequestSender - Using open Channel [id: 0xf2fb319e, L:/127.0.0.1:55070 - R:localhost/127.0.0.1:55775] for POST '/session/0960cade2a95e86397c22e3e134c1123/timeouts'
16:25:24.757 [AsyncHttpClient-1-6] DEBUG org.asynchttpclient.netty.handler.HttpHandler - 

Request DefaultHttpRequest(decodeResult: success, version: HTTP/1.1)
POST /session/0960cade2a95e86397c22e3e134c1123/timeouts HTTP/1.1
User-Agent: selenium/4.1.2 (java windows)
Content-Length: 23
Content-Type: application/json; charset=utf-8
host: localhost:55775
accept: */*

Response DefaultHttpResponse(decodeResult: success, version: HTTP/1.1)
HTTP/1.1 200 OK
Content-Type: application/json; charset=utf-8
cache-control: no-cache
content-length: 14

16:25:24.757 [AsyncHttpClient-1-6] DEBUG org.asynchttpclient.netty.channel.ChannelManager - Adding key: http://localhost:55775 for channel [id: 0xf2fb319e, L:/127.0.0.1:55070 - R:localhost/127.0.0.1:55775]
16:25:24.759 [Forwarding getCurrentUrl on session 0960cade2a95e86397c22e3e134c1123 to remote] DEBUG org.asynchttpclient.netty.request.NettyRequestSender - Using pooled Channel '[id: 0xf2fb319e, L:/127.0.0.1:55070 - R:localhost/127.0.0.1:55775]' for 'GET' to 'http://localhost:55775/session/0960cade2a95e86397c22e3e134c1123/url'
16:25:24.759 [Forwarding getCurrentUrl on session 0960cade2a95e86397c22e3e134c1123 to remote] DEBUG org.asynchttpclient.netty.request.NettyRequestSender - Using open Channel [id: 0xf2fb319e, L:/127.0.0.1:55070 - R:localhost/127.0.0.1:55775] for GET '/session/0960cade2a95e86397c22e3e134c1123/url'
16:25:24.764 [AsyncHttpClient-1-6] DEBUG org.asynchttpclient.netty.handler.HttpHandler - 

Request DefaultFullHttpRequest(decodeResult: success, version: HTTP/1.1, content: EmptyByteBufBE)
GET /session/0960cade2a95e86397c22e3e134c1123/url HTTP/1.1
User-Agent: selenium/4.1.2 (java windows)
Cache-Control: no-cache
Content-Type: application/json; charset=utf-8
host: localhost:55775
accept: */*

Response DefaultHttpResponse(decodeResult: success, version: HTTP/1.1)
HTTP/1.1 200 OK
Content-Type: application/json; charset=utf-8
cache-control: no-cache
content-length: 41

16:25:24.765 [AsyncHttpClient-1-6] DEBUG org.asynchttpclient.netty.channel.ChannelManager - Adding key: http://localhost:55775 for channel [id: 0xf2fb319e, L:/127.0.0.1:55070 - R:localhost/127.0.0.1:55775]
16:25:24.774 [Forwarding screenshot on session 0960cade2a95e86397c22e3e134c1123 to remote] DEBUG org.asynchttpclient.netty.request.NettyRequestSender - Using pooled Channel '[id: 0xf2fb319e, L:/127.0.0.1:55070 - R:localhost/127.0.0.1:55775]' for 'GET' to 'http://localhost:55775/session/0960cade2a95e86397c22e3e134c1123/screenshot'
16:25:24.774 [Forwarding screenshot on session 0960cade2a95e86397c22e3e134c1123 to remote] DEBUG org.asynchttpclient.netty.request.NettyRequestSender - Using open Channel [id: 0xf2fb319e, L:/127.0.0.1:55070 - R:localhost/127.0.0.1:55775] for GET '/session/0960cade2a95e86397c22e3e134c1123/screenshot'
16:25:24.955 [AsyncHttpClient-1-6] DEBUG org.asynchttpclient.netty.handler.HttpHandler - 

Request DefaultFullHttpRequest(decodeResult: success, version: HTTP/1.1, content: EmptyByteBufBE)
GET /session/0960cade2a95e86397c22e3e134c1123/screenshot HTTP/1.1
User-Agent: selenium/4.1.2 (java windows)
Cache-Control: no-cache
Content-Type: application/json; charset=utf-8
host: localhost:55775
accept: */*

Response DefaultHttpResponse(decodeResult: success, version: HTTP/1.1)
HTTP/1.1 200 OK
Content-Type: application/json; charset=utf-8
cache-control: no-cache
content-length: 24940

16:25:24.957 [AsyncHttpClient-1-6] DEBUG org.asynchttpclient.netty.channel.ChannelManager - Adding key: http://localhost:55775 for channel [id: 0xf2fb319e, L:/127.0.0.1:55070 - R:localhost/127.0.0.1:55775]
16:25:24.959 [main] DEBUG net.serenitybdd.core.photography.Darkroom - Send negative for processing for target\site\serenity\11023edac3681808080020daf60d8cb00148736924ac340653f27273a0570072.png
16:25:24.959 [main] DEBUG net.thucydides.core.steps.StepInterceptor - STARTING STEP: LoginStep.iAmOnTheLoginPage - validateOnLoginPage
16:25:24.961 [Forwarding findElement on session 0960cade2a95e86397c22e3e134c1123 to remote] DEBUG org.asynchttpclient.netty.request.NettyRequestSender - Using pooled Channel '[id: 0xf2fb319e, L:/127.0.0.1:55070 - R:localhost/127.0.0.1:55775]' for 'POST' to 'http://localhost:55775/session/0960cade2a95e86397c22e3e134c1123/element'
16:25:24.961 [Forwarding findElement on session 0960cade2a95e86397c22e3e134c1123 to remote] DEBUG org.asynchttpclient.netty.request.NettyRequestSender - Using open Channel [id: 0xf2fb319e, L:/127.0.0.1:55070 - R:localhost/127.0.0.1:55775] for POST '/session/0960cade2a95e86397c22e3e134c1123/element'
16:25:24.975 [AsyncHttpClient-1-6] DEBUG org.asynchttpclient.netty.handler.HttpHandler - 

Request DefaultHttpRequest(decodeResult: success, version: HTTP/1.1)
POST /session/0960cade2a95e86397c22e3e134c1123/element HTTP/1.1
User-Agent: selenium/4.1.2 (java windows)
Content-Length: 136
Content-Type: application/json; charset=utf-8
host: localhost:55775
accept: */*

Response DefaultHttpResponse(decodeResult: success, version: HTTP/1.1)
HTTP/1.1 200 OK
Content-Type: application/json; charset=utf-8
cache-control: no-cache
content-length: 88

16:25:24.975 [AsyncHttpClient-1-6] DEBUG org.asynchttpclient.netty.channel.ChannelManager - Adding key: http://localhost:55775 for channel [id: 0xf2fb319e, L:/127.0.0.1:55070 - R:localhost/127.0.0.1:55775]
16:25:24.983 [Forwarding isElementDisplayed on session 0960cade2a95e86397c22e3e134c1123 to remote] DEBUG org.asynchttpclient.netty.request.NettyRequestSender - Using pooled Channel '[id: 0xf2fb319e, L:/127.0.0.1:55070 - R:localhost/127.0.0.1:55775]' for 'POST' to 'http://localhost:55775/session/0960cade2a95e86397c22e3e134c1123/execute/sync'
16:25:24.983 [Forwarding isElementDisplayed on session 0960cade2a95e86397c22e3e134c1123 to remote] DEBUG org.asynchttpclient.netty.request.NettyRequestSender - Using open Channel [id: 0xf2fb319e, L:/127.0.0.1:55070 - R:localhost/127.0.0.1:55775] for POST '/session/0960cade2a95e86397c22e3e134c1123/execute/sync'
16:25:24.998 [AsyncHttpClient-1-6] DEBUG org.asynchttpclient.netty.handler.HttpHandler - 

Request DefaultHttpRequest(decodeResult: success, version: HTTP/1.1)
POST /session/0960cade2a95e86397c22e3e134c1123/execute/sync HTTP/1.1
User-Agent: selenium/4.1.2 (java windows)
Content-Length: 48780
Content-Type: application/json; charset=utf-8
host: localhost:55775
accept: */*

Response DefaultHttpResponse(decodeResult: success, version: HTTP/1.1)
HTTP/1.1 200 OK
Content-Type: application/json; charset=utf-8
cache-control: no-cache
content-length: 14

16:25:24.998 [AsyncHttpClient-1-6] DEBUG org.asynchttpclient.netty.channel.ChannelManager - Adding key: http://localhost:55775 for channel [id: 0xf2fb319e, L:/127.0.0.1:55070 - R:localhost/127.0.0.1:55775]
16:25:24.998 [main] DEBUG net.thucydides.core.steps.StepInterceptor - STEP DONE: validateOnLoginPage
  &amp#27;[32mGiven &amp#27;[0m&amp#27;[32mI am on the login page&amp#27;[0m   &amp#27;[90m# Starter.StepDefinitions.LoginStep.iAmOnTheLoginPage()&amp#27;[0m
16:25:25.015 [Forwarding screenshot on session 0960cade2a95e86397c22e3e134c1123 to remote] DEBUG org.asynchttpclient.netty.request.NettyRequestSender - Using pooled Channel '[id: 0xf2fb319e, L:/127.0.0.1:55070 - R:localhost/127.0.0.1:55775]' for 'GET' to 'http://localhost:55775/session/0960cade2a95e86397c22e3e134c1123/screenshot'
16:25:25.015 [Forwarding screenshot on session 0960cade2a95e86397c22e3e134c1123 to remote] DEBUG org.asynchttpclient.netty.request.NettyRequestSender - Using open Channel [id: 0xf2fb319e, L:/127.0.0.1:55070 - R:localhost/127.0.0.1:55775] for GET '/session/0960cade2a95e86397c22e3e134c1123/screenshot'
16:25:25.120 [AsyncHttpClient-1-6] DEBUG org.asynchttpclient.netty.handler.HttpHandler - 

Request DefaultFullHttpRequest(decodeResult: success, version: HTTP/1.1, content: EmptyByteBufBE)
GET /session/0960cade2a95e86397c22e3e134c1123/screenshot HTTP/1.1
User-Agent: selenium/4.1.2 (java windows)
Cache-Control: no-cache
Content-Type: application/json; charset=utf-8
host: localhost:55775
accept: */*

Response DefaultHttpResponse(decodeResult: success, version: HTTP/1.1)
HTTP/1.1 200 OK
Content-Type: application/json; charset=utf-8
cache-control: no-cache
content-length: 24940

16:25:25.120 [AsyncHttpClient-1-6] DEBUG org.asynchttpclient.netty.channel.ChannelManager - Adding key: http://localhost:55775 for channel [id: 0xf2fb319e, L:/127.0.0.1:55070 - R:localhost/127.0.0.1:55775]
16:25:25.120 [main] DEBUG net.serenitybdd.core.photography.Darkroom - Send negative for processing for target\site\serenity\11023edac3681808080020daf60d8cb00148736924ac340653f27273a0570072.png
16:25:25.144 [main] DEBUG net.thucydides.core.steps.StepInterceptor - STARTING STEP: LoginStep.iInputEmail - inputEmail
16:25:25.144 [Forwarding findElement on session 0960cade2a95e86397c22e3e134c1123 to remote] DEBUG org.asynchttpclient.netty.request.NettyRequestSender - Using pooled Channel '[id: 0xf2fb319e, L:/127.0.0.1:55070 - R:localhost/127.0.0.1:55775]' for 'POST' to 'http://localhost:55775/session/0960cade2a95e86397c22e3e134c1123/element'
16:25:25.144 [Forwarding findElement on session 0960cade2a95e86397c22e3e134c1123 to remote] DEBUG org.asynchttpclient.netty.request.NettyRequestSender - Using open Channel [id: 0xf2fb319e, L:/127.0.0.1:55070 - R:localhost/127.0.0.1:55775] for POST '/session/0960cade2a95e86397c22e3e134c1123/element'
16:25:25.160 [AsyncHttpClient-1-6] DEBUG org.asynchttpclient.netty.handler.HttpHandler - 

Request DefaultHttpRequest(decodeResult: success, version: HTTP/1.1)
POST /session/0960cade2a95e86397c22e3e134c1123/element HTTP/1.1
User-Agent: selenium/4.1.2 (java windows)
Content-Length: 91
Content-Type: application/json; charset=utf-8
host: localhost:55775
accept: */*

Response DefaultHttpResponse(decodeResult: success, version: HTTP/1.1)
HTTP/1.1 200 OK
Content-Type: application/json; charset=utf-8
cache-control: no-cache
content-length: 88

16:25:25.160 [AsyncHttpClient-1-6] DEBUG org.asynchttpclient.netty.channel.ChannelManager - Adding key: http://localhost:55775 for channel [id: 0xf2fb319e, L:/127.0.0.1:55070 - R:localhost/127.0.0.1:55775]
16:25:25.160 [Forwarding clearElement on session 0960cade2a95e86397c22e3e134c1123 to remote] DEBUG org.asynchttpclient.netty.request.NettyRequestSender - Using pooled Channel '[id: 0xf2fb319e, L:/127.0.0.1:55070 - R:localhost/127.0.0.1:55775]' for 'POST' to 'http://localhost:55775/session/0960cade2a95e86397c22e3e134c1123/element/415b45f0-140e-41ab-97cd-b6f91b902770/clear'
16:25:25.160 [Forwarding clearElement on session 0960cade2a95e86397c22e3e134c1123 to remote] DEBUG org.asynchttpclient.netty.request.NettyRequestSender - Using open Channel [id: 0xf2fb319e, L:/127.0.0.1:55070 - R:localhost/127.0.0.1:55775] for POST '/session/0960cade2a95e86397c22e3e134c1123/element/415b45f0-140e-41ab-97cd-b6f91b902770/clear'
16:25:25.193 [AsyncHttpClient-1-6] DEBUG org.asynchttpclient.netty.handler.HttpHandler - 

Request DefaultHttpRequest(decodeResult: success, version: HTTP/1.1)
POST /session/0960cade2a95e86397c22e3e134c1123/element/415b45f0-140e-41ab-97cd-b6f91b902770/clear HTTP/1.1
User-Agent: selenium/4.1.2 (java windows)
Content-Length: 50
Content-Type: application/json; charset=utf-8
host: localhost:55775
accept: */*

Response DefaultHttpResponse(decodeResult: success, version: HTTP/1.1)
HTTP/1.1 200 OK
Content-Type: application/json; charset=utf-8
cache-control: no-cache
content-length: 14

16:25:25.193 [AsyncHttpClient-1-6] DEBUG org.asynchttpclient.netty.channel.ChannelManager - Adding key: http://localhost:55775 for channel [id: 0xf2fb319e, L:/127.0.0.1:55070 - R:localhost/127.0.0.1:55775]
16:25:25.194 [Forwarding sendKeysToElement on session 0960cade2a95e86397c22e3e134c1123 to remote] DEBUG org.asynchttpclient.netty.request.NettyRequestSender - Using pooled Channel '[id: 0xf2fb319e, L:/127.0.0.1:55070 - R:localhost/127.0.0.1:55775]' for 'POST' to 'http://localhost:55775/session/0960cade2a95e86397c22e3e134c1123/element/415b45f0-140e-41ab-97cd-b6f91b902770/value'
16:25:25.194 [Forwarding sendKeysToElement on session 0960cade2a95e86397c22e3e134c1123 to remote] DEBUG org.asynchttpclient.netty.request.NettyRequestSender - Using open Channel [id: 0xf2fb319e, L:/127.0.0.1:55070 - R:localhost/127.0.0.1:55775] for POST '/session/0960cade2a95e86397c22e3e134c1123/element/415b45f0-140e-41ab-97cd-b6f91b902770/value'
16:25:25.215 [AsyncHttpClient-1-1] DEBUG org.asynchttpclient.netty.channel.DefaultChannelPool - Entry count for : http://localhost:55071 : 1
16:25:25.261 [AsyncHttpClient-1-6] DEBUG org.asynchttpclient.netty.handler.HttpHandler - 

Request DefaultHttpRequest(decodeResult: success, version: HTTP/1.1)
POST /session/0960cade2a95e86397c22e3e134c1123/element/415b45f0-140e-41ab-97cd-b6f91b902770/value HTTP/1.1
User-Agent: selenium/4.1.2 (java windows)
Content-Length: 91
Content-Type: application/json; charset=utf-8
host: localhost:55775
accept: */*

Response DefaultHttpResponse(decodeResult: success, version: HTTP/1.1)
HTTP/1.1 200 OK
Content-Type: application/json; charset=utf-8
cache-control: no-cache
content-length: 14

16:25:25.261 [AsyncHttpClient-1-6] DEBUG org.asynchttpclient.netty.channel.ChannelManager - Adding key: http://localhost:55775 for channel [id: 0xf2fb319e, L:/127.0.0.1:55070 - R:localhost/127.0.0.1:55775]
16:25:25.271 [Forwarding screenshot on session 0960cade2a95e86397c22e3e134c1123 to remote] DEBUG org.asynchttpclient.netty.request.NettyRequestSender - Using pooled Channel '[id: 0xf2fb319e, L:/127.0.0.1:55070 - R:localhost/127.0.0.1:55775]' for 'GET' to 'http://localhost:55775/session/0960cade2a95e86397c22e3e134c1123/screenshot'
16:25:25.271 [Forwarding screenshot on session 0960cade2a95e86397c22e3e134c1123 to remote] DEBUG org.asynchttpclient.netty.request.NettyRequestSender - Using open Channel [id: 0xf2fb319e, L:/127.0.0.1:55070 - R:localhost/127.0.0.1:55775] for GET '/session/0960cade2a95e86397c22e3e134c1123/screenshot'
16:25:25.419 [AsyncHttpClient-1-6] DEBUG org.asynchttpclient.netty.handler.HttpHandler - 

Request DefaultFullHttpRequest(decodeResult: success, version: HTTP/1.1, content: EmptyByteBufBE)
GET /session/0960cade2a95e86397c22e3e134c1123/screenshot HTTP/1.1
User-Agent: selenium/4.1.2 (java windows)
Cache-Control: no-cache
Content-Type: application/json; charset=utf-8
host: localhost:55775
accept: */*

Response DefaultHttpResponse(decodeResult: success, version: HTTP/1.1)
HTTP/1.1 200 OK
Content-Type: application/json; charset=utf-8
cache-control: no-cache
content-length: 25592

16:25:25.419 [AsyncHttpClient-1-6] DEBUG org.asynchttpclient.netty.channel.ChannelManager - Adding key: http://localhost:55775 for channel [id: 0xf2fb319e, L:/127.0.0.1:55070 - R:localhost/127.0.0.1:55775]
16:25:25.425 [main] DEBUG net.serenitybdd.core.photography.Darkroom - Send negative for processing for target\site\serenity\0fd9f0eac35202295a4fd844c67b44ad48eac5c1f7ac9b59188e18ba46d89ecf.png
16:25:25.425 [main] DEBUG net.thucydides.core.steps.StepInterceptor - STEP DONE: inputEmail
  &amp#27;[32mWhen &amp#27;[0m&amp#27;[32mI input &amp#27;[0m&amp#27;[32m&amp#27;[1m"a"&amp#27;[0m&amp#27;[32m email&amp#27;[0m         &amp#27;[90m# Starter.StepDefinitions.LoginStep.iInputEmail(java.lang.String)&amp#27;[0m
16:25:25.425 [Darkroom Processing Line] DEBUG net.serenitybdd.core.photography.DarkroomProcessingLine - Processing screenshot image in /var/screenshots/screenshot-1707765532551307226
16:25:25.425 [Darkroom Processing Line] DEBUG net.serenitybdd.core.photography.DarkroomProcessingLine - Saving screenshot to target\site\serenity\0fd9f0eac35202295a4fd844c67b44ad48eac5c1f7ac9b59188e18ba46d89ecf.png
16:25:25.444 [main] DEBUG net.thucydides.core.steps.StepInterceptor - STARTING STEP: LoginStep.iInputPassword - inputPassword
16:25:25.453 [Forwarding findElement on session 0960cade2a95e86397c22e3e134c1123 to remote] DEBUG org.asynchttpclient.netty.request.NettyRequestSender - Using pooled Channel '[id: 0xf2fb319e, L:/127.0.0.1:55070 - R:localhost/127.0.0.1:55775]' for 'POST' to 'http://localhost:55775/session/0960cade2a95e86397c22e3e134c1123/element'
16:25:25.453 [Forwarding findElement on session 0960cade2a95e86397c22e3e134c1123 to remote] DEBUG org.asynchttpclient.netty.request.NettyRequestSender - Using open Channel [id: 0xf2fb319e, L:/127.0.0.1:55070 - R:localhost/127.0.0.1:55775] for POST '/session/0960cade2a95e86397c22e3e134c1123/element'
16:25:25.462 [AsyncHttpClient-1-6] DEBUG org.asynchttpclient.netty.handler.HttpHandler - 

Request DefaultHttpRequest(decodeResult: success, version: HTTP/1.1)
POST /session/0960cade2a95e86397c22e3e134c1123/element HTTP/1.1
User-Agent: selenium/4.1.2 (java windows)
Content-Length: 94
Content-Type: application/json; charset=utf-8
host: localhost:55775
accept: */*

Response DefaultHttpResponse(decodeResult: success, version: HTTP/1.1)
HTTP/1.1 200 OK
Content-Type: application/json; charset=utf-8
cache-control: no-cache
content-length: 88

16:25:25.462 [AsyncHttpClient-1-6] DEBUG org.asynchttpclient.netty.channel.ChannelManager - Adding key: http://localhost:55775 for channel [id: 0xf2fb319e, L:/127.0.0.1:55070 - R:localhost/127.0.0.1:55775]
16:25:25.462 [Forwarding clearElement on session 0960cade2a95e86397c22e3e134c1123 to remote] DEBUG org.asynchttpclient.netty.request.NettyRequestSender - Using pooled Channel '[id: 0xf2fb319e, L:/127.0.0.1:55070 - R:localhost/127.0.0.1:55775]' for 'POST' to 'http://localhost:55775/session/0960cade2a95e86397c22e3e134c1123/element/30c188fe-5349-4b99-a8d0-0ed7e687e910/clear'
16:25:25.462 [Forwarding clearElement on session 0960cade2a95e86397c22e3e134c1123 to remote] DEBUG org.asynchttpclient.netty.request.NettyRequestSender - Using open Channel [id: 0xf2fb319e, L:/127.0.0.1:55070 - R:localhost/127.0.0.1:55775] for POST '/session/0960cade2a95e86397c22e3e134c1123/element/30c188fe-5349-4b99-a8d0-0ed7e687e910/clear'
16:25:25.494 [AsyncHttpClient-1-6] DEBUG org.asynchttpclient.netty.handler.HttpHandler - 

Request DefaultHttpRequest(decodeResult: success, version: HTTP/1.1)
POST /session/0960cade2a95e86397c22e3e134c1123/element/30c188fe-5349-4b99-a8d0-0ed7e687e910/clear HTTP/1.1
User-Agent: selenium/4.1.2 (java windows)
Content-Length: 50
Content-Type: application/json; charset=utf-8
host: localhost:55775
accept: */*

Response DefaultHttpResponse(decodeResult: success, version: HTTP/1.1)
HTTP/1.1 200 OK
Content-Type: application/json; charset=utf-8
cache-control: no-cache
content-length: 14

16:25:25.494 [AsyncHttpClient-1-6] DEBUG org.asynchttpclient.netty.channel.ChannelManager - Adding key: http://localhost:55775 for channel [id: 0xf2fb319e, L:/127.0.0.1:55070 - R:localhost/127.0.0.1:55775]
16:25:25.502 [Forwarding sendKeysToElement on session 0960cade2a95e86397c22e3e134c1123 to remote] DEBUG org.asynchttpclient.netty.request.NettyRequestSender - Using pooled Channel '[id: 0xf2fb319e, L:/127.0.0.1:55070 - R:localhost/127.0.0.1:55775]' for 'POST' to 'http://localhost:55775/session/0960cade2a95e86397c22e3e134c1123/element/30c188fe-5349-4b99-a8d0-0ed7e687e910/value'
16:25:25.502 [Forwarding sendKeysToElement on session 0960cade2a95e86397c22e3e134c1123 to remote] DEBUG org.asynchttpclient.netty.request.NettyRequestSender - Using open Channel [id: 0xf2fb319e, L:/127.0.0.1:55070 - R:localhost/127.0.0.1:55775] for POST '/session/0960cade2a95e86397c22e3e134c1123/element/30c188fe-5349-4b99-a8d0-0ed7e687e910/value'
16:25:25.562 [AsyncHttpClient-1-6] DEBUG org.asynchttpclient.netty.handler.HttpHandler - 

Request DefaultHttpRequest(decodeResult: success, version: HTTP/1.1)
POST /session/0960cade2a95e86397c22e3e134c1123/element/30c188fe-5349-4b99-a8d0-0ed7e687e910/value HTTP/1.1
User-Agent: selenium/4.1.2 (java windows)
Content-Length: 91
Content-Type: application/json; charset=utf-8
host: localhost:55775
accept: */*

Response DefaultHttpResponse(decodeResult: success, version: HTTP/1.1)
HTTP/1.1 200 OK
Content-Type: application/json; charset=utf-8
cache-control: no-cache
content-length: 14

16:25:25.563 [AsyncHttpClient-1-6] DEBUG org.asynchttpclient.netty.channel.ChannelManager - Adding key: http://localhost:55775 for channel [id: 0xf2fb319e, L:/127.0.0.1:55070 - R:localhost/127.0.0.1:55775]
16:25:25.575 [Forwarding screenshot on session 0960cade2a95e86397c22e3e134c1123 to remote] DEBUG org.asynchttpclient.netty.request.NettyRequestSender - Using pooled Channel '[id: 0xf2fb319e, L:/127.0.0.1:55070 - R:localhost/127.0.0.1:55775]' for 'GET' to 'http://localhost:55775/session/0960cade2a95e86397c22e3e134c1123/screenshot'
16:25:25.575 [Forwarding screenshot on session 0960cade2a95e86397c22e3e134c1123 to remote] DEBUG org.asynchttpclient.netty.request.NettyRequestSender - Using open Channel [id: 0xf2fb319e, L:/127.0.0.1:55070 - R:localhost/127.0.0.1:55775] for GET '/session/0960cade2a95e86397c22e3e134c1123/screenshot'
16:25:25.716 [AsyncHttpClient-1-6] DEBUG org.asynchttpclient.netty.handler.HttpHandler - 

Request DefaultFullHttpRequest(decodeResult: success, version: HTTP/1.1, content: EmptyByteBufBE)
GET /session/0960cade2a95e86397c22e3e134c1123/screenshot HTTP/1.1
User-Agent: selenium/4.1.2 (java windows)
Cache-Control: no-cache
Content-Type: application/json; charset=utf-8
host: localhost:55775
accept: */*

Response DefaultHttpResponse(decodeResult: success, version: HTTP/1.1)
HTTP/1.1 200 OK
Content-Type: application/json; charset=utf-8
cache-control: no-cache
content-length: 25452

16:25:25.716 [AsyncHttpClient-1-6] DEBUG org.asynchttpclient.netty.channel.ChannelManager - Adding key: http://localhost:55775 for channel [id: 0xf2fb319e, L:/127.0.0.1:55070 - R:localhost/127.0.0.1:55775]
16:25:25.716 [main] DEBUG net.serenitybdd.core.photography.Darkroom - Send negative for processing for target\site\serenity\853bfaa515d67ddb760e5dc222fee4752e36ec7830e6de4e7b522f630a63ff32.png
16:25:25.723 [main] DEBUG net.thucydides.core.steps.StepInterceptor - STEP DONE: inputPassword
  &amp#27;[32mAnd &amp#27;[0m&amp#27;[32mI input &amp#27;[0m&amp#27;[32m&amp#27;[1m"b"&amp#27;[0m&amp#27;[32m password&amp#27;[0m       &amp#27;[90m# Starter.StepDefinitions.LoginStep.iInputPassword(java.lang.String)&amp#27;[0m
16:25:25.724 [Darkroom Processing Line] DEBUG net.serenitybdd.core.photography.DarkroomProcessingLine - Processing screenshot image in /var/screenshots/screenshot-17832652118093153443
16:25:25.724 [Darkroom Processing Line] DEBUG net.serenitybdd.core.photography.DarkroomProcessingLine - Saving screenshot to target\site\serenity\853bfaa515d67ddb760e5dc222fee4752e36ec7830e6de4e7b522f630a63ff32.png
16:25:25.746 [main] DEBUG net.thucydides.core.steps.StepInterceptor - STARTING STEP: LoginStep.clickLoginButton - clickLoginButton
16:25:25.759 [Forwarding findElement on session 0960cade2a95e86397c22e3e134c1123 to remote] DEBUG org.asynchttpclient.netty.request.NettyRequestSender - Using pooled Channel '[id: 0xf2fb319e, L:/127.0.0.1:55070 - R:localhost/127.0.0.1:55775]' for 'POST' to 'http://localhost:55775/session/0960cade2a95e86397c22e3e134c1123/element'
16:25:25.759 [Forwarding findElement on session 0960cade2a95e86397c22e3e134c1123 to remote] DEBUG org.asynchttpclient.netty.request.NettyRequestSender - Using open Channel [id: 0xf2fb319e, L:/127.0.0.1:55070 - R:localhost/127.0.0.1:55775] for POST '/session/0960cade2a95e86397c22e3e134c1123/element'
16:25:25.770 [AsyncHttpClient-1-6] DEBUG org.asynchttpclient.netty.handler.HttpHandler - 

Request DefaultHttpRequest(decodeResult: success, version: HTTP/1.1)
POST /session/0960cade2a95e86397c22e3e134c1123/element HTTP/1.1
User-Agent: selenium/4.1.2 (java windows)
Content-Length: 136
Content-Type: application/json; charset=utf-8
host: localhost:55775
accept: */*

Response DefaultHttpResponse(decodeResult: success, version: HTTP/1.1)
HTTP/1.1 200 OK
Content-Type: application/json; charset=utf-8
cache-control: no-cache
content-length: 88

16:25:25.770 [AsyncHttpClient-1-6] DEBUG org.asynchttpclient.netty.channel.ChannelManager - Adding key: http://localhost:55775 for channel [id: 0xf2fb319e, L:/127.0.0.1:55070 - R:localhost/127.0.0.1:55775]
16:25:25.771 [Forwarding getElementTagName on session 0960cade2a95e86397c22e3e134c1123 to remote] DEBUG org.asynchttpclient.netty.request.NettyRequestSender - Using pooled Channel '[id: 0xf2fb319e, L:/127.0.0.1:55070 - R:localhost/127.0.0.1:55775]' for 'GET' to 'http://localhost:55775/session/0960cade2a95e86397c22e3e134c1123/element/7f1b38af-3800-472e-a4d8-ef7ebc6123cb/name'
16:25:25.771 [Forwarding getElementTagName on session 0960cade2a95e86397c22e3e134c1123 to remote] DEBUG org.asynchttpclient.netty.request.NettyRequestSender - Using open Channel [id: 0xf2fb319e, L:/127.0.0.1:55070 - R:localhost/127.0.0.1:55775] for GET '/session/0960cade2a95e86397c22e3e134c1123/element/7f1b38af-3800-472e-a4d8-ef7ebc6123cb/name'
16:25:25.779 [AsyncHttpClient-1-6] DEBUG org.asynchttpclient.netty.handler.HttpHandler - 

Request DefaultFullHttpRequest(decodeResult: success, version: HTTP/1.1, content: EmptyByteBufBE)
GET /session/0960cade2a95e86397c22e3e134c1123/element/7f1b38af-3800-472e-a4d8-ef7ebc6123cb/name HTTP/1.1
User-Agent: selenium/4.1.2 (java windows)
Cache-Control: no-cache
Content-Type: application/json; charset=utf-8
host: localhost:55775
accept: */*

Response DefaultHttpResponse(decodeResult: success, version: HTTP/1.1)
HTTP/1.1 200 OK
Content-Type: application/json; charset=utf-8
cache-control: no-cache
content-length: 18

16:25:25.779 [AsyncHttpClient-1-6] DEBUG org.asynchttpclient.netty.channel.ChannelManager - Adding key: http://localhost:55775 for channel [id: 0xf2fb319e, L:/127.0.0.1:55070 - R:localhost/127.0.0.1:55775]
16:25:25.779 [Forwarding getElementTagName on session 0960cade2a95e86397c22e3e134c1123 to remote] DEBUG org.asynchttpclient.netty.request.NettyRequestSender - Using pooled Channel '[id: 0xf2fb319e, L:/127.0.0.1:55070 - R:localhost/127.0.0.1:55775]' for 'GET' to 'http://localhost:55775/session/0960cade2a95e86397c22e3e134c1123/element/7f1b38af-3800-472e-a4d8-ef7ebc6123cb/name'
16:25:25.779 [Forwarding getElementTagName on session 0960cade2a95e86397c22e3e134c1123 to remote] DEBUG org.asynchttpclient.netty.request.NettyRequestSender - Using open Channel [id: 0xf2fb319e, L:/127.0.0.1:55070 - R:localhost/127.0.0.1:55775] for GET '/session/0960cade2a95e86397c22e3e134c1123/element/7f1b38af-3800-472e-a4d8-ef7ebc6123cb/name'
16:25:25.787 [AsyncHttpClient-1-6] DEBUG org.asynchttpclient.netty.handler.HttpHandler - 

Request DefaultFullHttpRequest(decodeResult: success, version: HTTP/1.1, content: EmptyByteBufBE)
GET /session/0960cade2a95e86397c22e3e134c1123/element/7f1b38af-3800-472e-a4d8-ef7ebc6123cb/name HTTP/1.1
User-Agent: selenium/4.1.2 (java windows)
Cache-Control: no-cache
Content-Type: application/json; charset=utf-8
host: localhost:55775
accept: */*

Response DefaultHttpResponse(decodeResult: success, version: HTTP/1.1)
HTTP/1.1 200 OK
Content-Type: application/json; charset=utf-8
cache-control: no-cache
content-length: 18

16:25:25.787 [AsyncHttpClient-1-6] DEBUG org.asynchttpclient.netty.channel.ChannelManager - Adding key: http://localhost:55775 for channel [id: 0xf2fb319e, L:/127.0.0.1:55070 - R:localhost/127.0.0.1:55775]
16:25:25.792 [Forwarding isElementEnabled on session 0960cade2a95e86397c22e3e134c1123 to remote] DEBUG org.asynchttpclient.netty.request.NettyRequestSender - Using pooled Channel '[id: 0xf2fb319e, L:/127.0.0.1:55070 - R:localhost/127.0.0.1:55775]' for 'GET' to 'http://localhost:55775/session/0960cade2a95e86397c22e3e134c1123/element/7f1b38af-3800-472e-a4d8-ef7ebc6123cb/enabled'
16:25:25.792 [Forwarding isElementEnabled on session 0960cade2a95e86397c22e3e134c1123 to remote] DEBUG org.asynchttpclient.netty.request.NettyRequestSender - Using open Channel [id: 0xf2fb319e, L:/127.0.0.1:55070 - R:localhost/127.0.0.1:55775] for GET '/session/0960cade2a95e86397c22e3e134c1123/element/7f1b38af-3800-472e-a4d8-ef7ebc6123cb/enabled'
16:25:25.803 [AsyncHttpClient-1-6] DEBUG org.asynchttpclient.netty.handler.HttpHandler - 

Request DefaultFullHttpRequest(decodeResult: success, version: HTTP/1.1, content: EmptyByteBufBE)
GET /session/0960cade2a95e86397c22e3e134c1123/element/7f1b38af-3800-472e-a4d8-ef7ebc6123cb/enabled HTTP/1.1
User-Agent: selenium/4.1.2 (java windows)
Cache-Control: no-cache
Content-Type: application/json; charset=utf-8
host: localhost:55775
accept: */*

Response DefaultHttpResponse(decodeResult: success, version: HTTP/1.1)
HTTP/1.1 200 OK
Content-Type: application/json; charset=utf-8
cache-control: no-cache
content-length: 14

16:25:25.803 [AsyncHttpClient-1-6] DEBUG org.asynchttpclient.netty.channel.ChannelManager - Adding key: http://localhost:55775 for channel [id: 0xf2fb319e, L:/127.0.0.1:55070 - R:localhost/127.0.0.1:55775]
16:25:25.803 [Forwarding isElementEnabled on session 0960cade2a95e86397c22e3e134c1123 to remote] DEBUG org.asynchttpclient.netty.request.NettyRequestSender - Using pooled Channel '[id: 0xf2fb319e, L:/127.0.0.1:55070 - R:localhost/127.0.0.1:55775]' for 'GET' to 'http://localhost:55775/session/0960cade2a95e86397c22e3e134c1123/element/7f1b38af-3800-472e-a4d8-ef7ebc6123cb/enabled'
16:25:25.803 [Forwarding isElementEnabled on session 0960cade2a95e86397c22e3e134c1123 to remote] DEBUG org.asynchttpclient.netty.request.NettyRequestSender - Using open Channel [id: 0xf2fb319e, L:/127.0.0.1:55070 - R:localhost/127.0.0.1:55775] for GET '/session/0960cade2a95e86397c22e3e134c1123/element/7f1b38af-3800-472e-a4d8-ef7ebc6123cb/enabled'
16:25:25.816 [AsyncHttpClient-1-6] DEBUG org.asynchttpclient.netty.handler.HttpHandler - 

Request DefaultFullHttpRequest(decodeResult: success, version: HTTP/1.1, content: EmptyByteBufBE)
GET /session/0960cade2a95e86397c22e3e134c1123/element/7f1b38af-3800-472e-a4d8-ef7ebc6123cb/enabled HTTP/1.1
User-Agent: selenium/4.1.2 (java windows)
Cache-Control: no-cache
Content-Type: application/json; charset=utf-8
host: localhost:55775
accept: */*

Response DefaultHttpResponse(decodeResult: success, version: HTTP/1.1)
HTTP/1.1 200 OK
Content-Type: application/json; charset=utf-8
cache-control: no-cache
content-length: 14

16:25:25.816 [AsyncHttpClient-1-6] DEBUG org.asynchttpclient.netty.channel.ChannelManager - Adding key: http://localhost:55775 for channel [id: 0xf2fb319e, L:/127.0.0.1:55070 - R:localhost/127.0.0.1:55775]
16:25:25.816 [Forwarding findElement on session 0960cade2a95e86397c22e3e134c1123 to remote] DEBUG org.asynchttpclient.netty.request.NettyRequestSender - Using pooled Channel '[id: 0xf2fb319e, L:/127.0.0.1:55070 - R:localhost/127.0.0.1:55775]' for 'POST' to 'http://localhost:55775/session/0960cade2a95e86397c22e3e134c1123/element'
16:25:25.816 [Forwarding findElement on session 0960cade2a95e86397c22e3e134c1123 to remote] DEBUG org.asynchttpclient.netty.request.NettyRequestSender - Using open Channel [id: 0xf2fb319e, L:/127.0.0.1:55070 - R:localhost/127.0.0.1:55775] for POST '/session/0960cade2a95e86397c22e3e134c1123/element'
16:25:25.827 [AsyncHttpClient-1-6] DEBUG org.asynchttpclient.netty.handler.HttpHandler - 

Request DefaultHttpRequest(decodeResult: success, version: HTTP/1.1)
POST /session/0960cade2a95e86397c22e3e134c1123/element HTTP/1.1
User-Agent: selenium/4.1.2 (java windows)
Content-Length: 136
Content-Type: application/json; charset=utf-8
host: localhost:55775
accept: */*

Response DefaultHttpResponse(decodeResult: success, version: HTTP/1.1)
HTTP/1.1 200 OK
Content-Type: application/json; charset=utf-8
cache-control: no-cache
content-length: 88

16:25:25.827 [AsyncHttpClient-1-6] DEBUG org.asynchttpclient.netty.channel.ChannelManager - Adding key: http://localhost:55775 for channel [id: 0xf2fb319e, L:/127.0.0.1:55070 - R:localhost/127.0.0.1:55775]
16:25:25.827 [Forwarding clickElement on session 0960cade2a95e86397c22e3e134c1123 to remote] DEBUG org.asynchttpclient.netty.request.NettyRequestSender - Using pooled Channel '[id: 0xf2fb319e, L:/127.0.0.1:55070 - R:localhost/127.0.0.1:55775]' for 'POST' to 'http://localhost:55775/session/0960cade2a95e86397c22e3e134c1123/element/7f1b38af-3800-472e-a4d8-ef7ebc6123cb/click'
16:25:25.827 [Forwarding clickElement on session 0960cade2a95e86397c22e3e134c1123 to remote] DEBUG org.asynchttpclient.netty.request.NettyRequestSender - Using open Channel [id: 0xf2fb319e, L:/127.0.0.1:55070 - R:localhost/127.0.0.1:55775] for POST '/session/0960cade2a95e86397c22e3e134c1123/element/7f1b38af-3800-472e-a4d8-ef7ebc6123cb/click'
16:25:25.877 [AsyncHttpClient-1-6] DEBUG org.asynchttpclient.netty.handler.HttpHandler - 

Request DefaultHttpRequest(decodeResult: success, version: HTTP/1.1)
POST /session/0960cade2a95e86397c22e3e134c1123/element/7f1b38af-3800-472e-a4d8-ef7ebc6123cb/click HTTP/1.1
User-Agent: selenium/4.1.2 (java windows)
Content-Length: 50
Content-Type: application/json; charset=utf-8
host: localhost:55775
accept: */*

Response DefaultHttpResponse(decodeResult: success, version: HTTP/1.1)
HTTP/1.1 200 OK
Content-Type: application/json; charset=utf-8
cache-control: no-cache
content-length: 14

16:25:25.877 [AsyncHttpClient-1-6] DEBUG org.asynchttpclient.netty.channel.ChannelManager - Adding key: http://localhost:55775 for channel [id: 0xf2fb319e, L:/127.0.0.1:55070 - R:localhost/127.0.0.1:55775]
16:25:25.879 [Forwarding screenshot on session 0960cade2a95e86397c22e3e134c1123 to remote] DEBUG org.asynchttpclient.netty.request.NettyRequestSender - Using pooled Channel '[id: 0xf2fb319e, L:/127.0.0.1:55070 - R:localhost/127.0.0.1:55775]' for 'GET' to 'http://localhost:55775/session/0960cade2a95e86397c22e3e134c1123/screenshot'
16:25:25.879 [Forwarding screenshot on session 0960cade2a95e86397c22e3e134c1123 to remote] DEBUG org.asynchttpclient.netty.request.NettyRequestSender - Using open Channel [id: 0xf2fb319e, L:/127.0.0.1:55070 - R:localhost/127.0.0.1:55775] for GET '/session/0960cade2a95e86397c22e3e134c1123/screenshot'
16:25:26.040 [AsyncHttpClient-1-6] DEBUG org.asynchttpclient.netty.handler.HttpHandler - 

Request DefaultFullHttpRequest(decodeResult: success, version: HTTP/1.1, content: EmptyByteBufBE)
GET /session/0960cade2a95e86397c22e3e134c1123/screenshot HTTP/1.1
User-Agent: selenium/4.1.2 (java windows)
Cache-Control: no-cache
Content-Type: application/json; charset=utf-8
host: localhost:55775
accept: */*

Response DefaultHttpResponse(decodeResult: success, version: HTTP/1.1)
HTTP/1.1 200 OK
Content-Type: application/json; charset=utf-8
cache-control: no-cache
content-length: 24932

16:25:26.042 [AsyncHttpClient-1-6] DEBUG org.asynchttpclient.netty.channel.ChannelManager - Adding key: http://localhost:55775 for channel [id: 0xf2fb319e, L:/127.0.0.1:55070 - R:localhost/127.0.0.1:55775]
16:25:26.045 [main] DEBUG net.serenitybdd.core.photography.Darkroom - Send negative for processing for target\site\serenity\9e20f2cf6245fddcd2c4087b160fb353ed6d04a706c09588a5f2b34217fcd092.png
16:25:26.045 [main] DEBUG net.thucydides.core.steps.StepInterceptor - STEP DONE: clickLoginButton
  &amp#27;[32mAnd &amp#27;[0m&amp#27;[32mclick login button&amp#27;[0m         &amp#27;[90m# Starter.StepDefinitions.LoginStep.clickLoginButton()&amp#27;[0m
16:25:26.045 [Darkroom Processing Line] DEBUG net.serenitybdd.core.photography.DarkroomProcessingLine - Processing screenshot image in /var/screenshots/screenshot-9513548753162601943
16:25:26.045 [Darkroom Processing Line] DEBUG net.serenitybdd.core.photography.DarkroomProcessingLine - Saving screenshot to target\site\serenity\9e20f2cf6245fddcd2c4087b160fb353ed6d04a706c09588a5f2b34217fcd092.png
16:25:26.064 [main] DEBUG net.thucydides.core.steps.StepInterceptor - STARTING STEP: LoginStep.iGetThe - errorMessageAppears
16:25:26.066 [Forwarding setTimeout on session 0960cade2a95e86397c22e3e134c1123 to remote] DEBUG org.asynchttpclient.netty.request.NettyRequestSender - Using pooled Channel '[id: 0xf2fb319e, L:/127.0.0.1:55070 - R:localhost/127.0.0.1:55775]' for 'POST' to 'http://localhost:55775/session/0960cade2a95e86397c22e3e134c1123/timeouts'
16:25:26.066 [Forwarding setTimeout on session 0960cade2a95e86397c22e3e134c1123 to remote] DEBUG org.asynchttpclient.netty.request.NettyRequestSender - Using open Channel [id: 0xf2fb319e, L:/127.0.0.1:55070 - R:localhost/127.0.0.1:55775] for POST '/session/0960cade2a95e86397c22e3e134c1123/timeouts'
16:25:26.067 [AsyncHttpClient-1-6] DEBUG org.asynchttpclient.netty.handler.HttpHandler - 

Request DefaultHttpRequest(decodeResult: success, version: HTTP/1.1)
POST /session/0960cade2a95e86397c22e3e134c1123/timeouts HTTP/1.1
User-Agent: selenium/4.1.2 (java windows)
Content-Length: 23
Content-Type: application/json; charset=utf-8
host: localhost:55775
accept: */*

Response DefaultHttpResponse(decodeResult: success, version: HTTP/1.1)
HTTP/1.1 200 OK
Content-Type: application/json; charset=utf-8
cache-control: no-cache
content-length: 14

16:25:26.068 [AsyncHttpClient-1-6] DEBUG org.asynchttpclient.netty.channel.ChannelManager - Adding key: http://localhost:55775 for channel [id: 0xf2fb319e, L:/127.0.0.1:55070 - R:localhost/127.0.0.1:55775]
16:25:26.074 [Forwarding findElement on session 0960cade2a95e86397c22e3e134c1123 to remote] DEBUG org.asynchttpclient.netty.request.NettyRequestSender - Using pooled Channel '[id: 0xf2fb319e, L:/127.0.0.1:55070 - R:localhost/127.0.0.1:55775]' for 'POST' to 'http://localhost:55775/session/0960cade2a95e86397c22e3e134c1123/element'
16:25:26.074 [Forwarding findElement on session 0960cade2a95e86397c22e3e134c1123 to remote] DEBUG org.asynchttpclient.netty.request.NettyRequestSender - Using open Channel [id: 0xf2fb319e, L:/127.0.0.1:55070 - R:localhost/127.0.0.1:55775] for POST '/session/0960cade2a95e86397c22e3e134c1123/element'
16:25:26.080 [AsyncHttpClient-1-6] DEBUG org.asynchttpclient.netty.handler.HttpHandler - 

Request DefaultHttpRequest(decodeResult: success, version: HTTP/1.1)
POST /session/0960cade2a95e86397c22e3e134c1123/element HTTP/1.1
User-Agent: selenium/4.1.2 (java windows)
Content-Length: 53
Content-Type: application/json; charset=utf-8
host: localhost:55775
accept: */*

Response DefaultHttpResponse(decodeResult: success, version: HTTP/1.1)
HTTP/1.1 400 Bad Request
Content-Type: application/json; charset=utf-8
cache-control: no-cache
content-length: 957

16:25:26.080 [AsyncHttpClient-1-6] DEBUG org.asynchttpclient.netty.channel.ChannelManager - Adding key: http://localhost:55775 for channel [id: 0xf2fb319e, L:/127.0.0.1:55070 - R:localhost/127.0.0.1:55775]
16:25:26.080 [Forwarding findElement on session 0960cade2a95e86397c22e3e134c1123 to remote] DEBUG org.asynchttpclient.netty.request.NettyRequestSender - Using pooled Channel '[id: 0xf2fb319e, L:/127.0.0.1:55070 - R:localhost/127.0.0.1:55775]' for 'POST' to 'http://localhost:55775/session/0960cade2a95e86397c22e3e134c1123/element'
16:25:26.080 [Forwarding findElement on session 0960cade2a95e86397c22e3e134c1123 to remote] DEBUG org.asynchttpclient.netty.request.NettyRequestSender - Using open Channel [id: 0xf2fb319e, L:/127.0.0.1:55070 - R:localhost/127.0.0.1:55775] for POST '/session/0960cade2a95e86397c22e3e134c1123/element'
16:25:26.095 [AsyncHttpClient-1-6] DEBUG org.asynchttpclient.netty.handler.HttpHandler - 

Request DefaultHttpRequest(decodeResult: success, version: HTTP/1.1)
POST /session/0960cade2a95e86397c22e3e134c1123/element HTTP/1.1
User-Agent: selenium/4.1.2 (java windows)
Content-Length: 63
Content-Type: application/json; charset=utf-8
host: localhost:55775
accept: */*

Response DefaultHttpResponse(decodeResult: success, version: HTTP/1.1)
HTTP/1.1 200 OK
Content-Type: application/json; charset=utf-8
cache-control: no-cache
content-length: 88

16:25:26.095 [AsyncHttpClient-1-6] DEBUG org.asynchttpclient.netty.channel.ChannelManager - Adding key: http://localhost:55775 for channel [id: 0xf2fb319e, L:/127.0.0.1:55070 - R:localhost/127.0.0.1:55775]
16:25:26.096 [Forwarding isElementDisplayed on session 0960cade2a95e86397c22e3e134c1123 to remote] DEBUG org.asynchttpclient.netty.request.NettyRequestSender - Using pooled Channel '[id: 0xf2fb319e, L:/127.0.0.1:55070 - R:localhost/127.0.0.1:55775]' for 'POST' to 'http://localhost:55775/session/0960cade2a95e86397c22e3e134c1123/execute/sync'
16:25:26.096 [Forwarding isElementDisplayed on session 0960cade2a95e86397c22e3e134c1123 to remote] DEBUG org.asynchttpclient.netty.request.NettyRequestSender - Using open Channel [id: 0xf2fb319e, L:/127.0.0.1:55070 - R:localhost/127.0.0.1:55775] for POST '/session/0960cade2a95e86397c22e3e134c1123/execute/sync'
16:25:26.124 [AsyncHttpClient-1-6] DEBUG org.asynchttpclient.netty.handler.HttpHandler - 

Request DefaultHttpRequest(decodeResult: success, version: HTTP/1.1)
POST /session/0960cade2a95e86397c22e3e134c1123/execute/sync HTTP/1.1
User-Agent: selenium/4.1.2 (java windows)
Content-Length: 48780
Content-Type: application/json; charset=utf-8
host: localhost:55775
accept: */*

Response DefaultHttpResponse(decodeResult: success, version: HTTP/1.1)
HTTP/1.1 200 OK
Content-Type: application/json; charset=utf-8
cache-control: no-cache
content-length: 14

16:25:26.126 [AsyncHttpClient-1-6] DEBUG org.asynchttpclient.netty.channel.ChannelManager - Adding key: http://localhost:55775 for channel [id: 0xf2fb319e, L:/127.0.0.1:55070 - R:localhost/127.0.0.1:55775]
16:25:26.127 [Forwarding screenshot on session 0960cade2a95e86397c22e3e134c1123 to remote] DEBUG org.asynchttpclient.netty.request.NettyRequestSender - Using pooled Channel '[id: 0xf2fb319e, L:/127.0.0.1:55070 - R:localhost/127.0.0.1:55775]' for 'GET' to 'http://localhost:55775/session/0960cade2a95e86397c22e3e134c1123/screenshot'
16:25:26.127 [Forwarding screenshot on session 0960cade2a95e86397c22e3e134c1123 to remote] DEBUG org.asynchttpclient.netty.request.NettyRequestSender - Using open Channel [id: 0xf2fb319e, L:/127.0.0.1:55070 - R:localhost/127.0.0.1:55775] for GET '/session/0960cade2a95e86397c22e3e134c1123/screenshot'
16:25:26.287 [AsyncHttpClient-1-6] DEBUG org.asynchttpclient.netty.handler.HttpHandler - 

Request DefaultFullHttpRequest(decodeResult: success, version: HTTP/1.1, content: EmptyByteBufBE)
GET /session/0960cade2a95e86397c22e3e134c1123/screenshot HTTP/1.1
User-Agent: selenium/4.1.2 (java windows)
Cache-Control: no-cache
Content-Type: application/json; charset=utf-8
host: localhost:55775
accept: */*

Response DefaultHttpResponse(decodeResult: success, version: HTTP/1.1)
HTTP/1.1 200 OK
Content-Type: application/json; charset=utf-8
cache-control: no-cache
content-length: 31104

16:25:26.287 [AsyncHttpClient-1-6] DEBUG org.asynchttpclient.netty.channel.ChannelManager - Adding key: http://localhost:55775 for channel [id: 0xf2fb319e, L:/127.0.0.1:55070 - R:localhost/127.0.0.1:55775]
16:25:26.291 [main] DEBUG net.serenitybdd.core.photography.Darkroom - Send negative for processing for target\site\serenity\79615b32e28cb77dc48e39ee81aa0d3d88b18f34a12c2f0bb031f92b5f20fc78.png
16:25:26.291 [main] DEBUG net.thucydides.core.steps.StepInterceptor - STEP DONE: errorMessageAppears
16:25:26.291 [Darkroom Processing Line] DEBUG net.serenitybdd.core.photography.DarkroomProcessingLine - Processing screenshot image in /var/screenshots/screenshot-18303758845326584751
16:25:26.292 [Darkroom Processing Line] DEBUG net.serenitybdd.core.photography.DarkroomProcessingLine - Saving screenshot to target\site\serenity\79615b32e28cb77dc48e39ee81aa0d3d88b18f34a12c2f0bb031f92b5f20fc78.png
16:25:26.297 [main] DEBUG net.thucydides.core.steps.StepInterceptor - STARTING STEP: LoginStep.iGetThe - errorMessageEquals
16:25:26.300 [Forwarding setTimeout on session 0960cade2a95e86397c22e3e134c1123 to remote] DEBUG org.asynchttpclient.netty.request.NettyRequestSender - Using pooled Channel '[id: 0xf2fb319e, L:/127.0.0.1:55070 - R:localhost/127.0.0.1:55775]' for 'POST' to 'http://localhost:55775/session/0960cade2a95e86397c22e3e134c1123/timeouts'
16:25:26.300 [Forwarding setTimeout on session 0960cade2a95e86397c22e3e134c1123 to remote] DEBUG org.asynchttpclient.netty.request.NettyRequestSender - Using open Channel [id: 0xf2fb319e, L:/127.0.0.1:55070 - R:localhost/127.0.0.1:55775] for POST '/session/0960cade2a95e86397c22e3e134c1123/timeouts'
16:25:26.300 [AsyncHttpClient-1-6] DEBUG org.asynchttpclient.netty.handler.HttpHandler - 

Request DefaultHttpRequest(decodeResult: success, version: HTTP/1.1)
POST /session/0960cade2a95e86397c22e3e134c1123/timeouts HTTP/1.1
User-Agent: selenium/4.1.2 (java windows)
Content-Length: 23
Content-Type: application/json; charset=utf-8
host: localhost:55775
accept: */*

Response DefaultHttpResponse(decodeResult: success, version: HTTP/1.1)
HTTP/1.1 200 OK
Content-Type: application/json; charset=utf-8
cache-control: no-cache
content-length: 14

16:25:26.300 [AsyncHttpClient-1-6] DEBUG org.asynchttpclient.netty.channel.ChannelManager - Adding key: http://localhost:55775 for channel [id: 0xf2fb319e, L:/127.0.0.1:55070 - R:localhost/127.0.0.1:55775]
16:25:26.305 [Forwarding findElement on session 0960cade2a95e86397c22e3e134c1123 to remote] DEBUG org.asynchttpclient.netty.request.NettyRequestSender - Using pooled Channel '[id: 0xf2fb319e, L:/127.0.0.1:55070 - R:localhost/127.0.0.1:55775]' for 'POST' to 'http://localhost:55775/session/0960cade2a95e86397c22e3e134c1123/element'
16:25:26.305 [Forwarding findElement on session 0960cade2a95e86397c22e3e134c1123 to remote] DEBUG org.asynchttpclient.netty.request.NettyRequestSender - Using open Channel [id: 0xf2fb319e, L:/127.0.0.1:55070 - R:localhost/127.0.0.1:55775] for POST '/session/0960cade2a95e86397c22e3e134c1123/element'
16:25:26.315 [AsyncHttpClient-1-6] DEBUG org.asynchttpclient.netty.handler.HttpHandler - 

Request DefaultHttpRequest(decodeResult: success, version: HTTP/1.1)
POST /session/0960cade2a95e86397c22e3e134c1123/element HTTP/1.1
User-Agent: selenium/4.1.2 (java windows)
Content-Length: 63
Content-Type: application/json; charset=utf-8
host: localhost:55775
accept: */*

Response DefaultHttpResponse(decodeResult: success, version: HTTP/1.1)
HTTP/1.1 200 OK
Content-Type: application/json; charset=utf-8
cache-control: no-cache
content-length: 88

16:25:26.315 [AsyncHttpClient-1-6] DEBUG org.asynchttpclient.netty.channel.ChannelManager - Adding key: http://localhost:55775 for channel [id: 0xf2fb319e, L:/127.0.0.1:55070 - R:localhost/127.0.0.1:55775]
16:25:26.317 [Forwarding getElementText on session 0960cade2a95e86397c22e3e134c1123 to remote] DEBUG org.asynchttpclient.netty.request.NettyRequestSender - Using pooled Channel '[id: 0xf2fb319e, L:/127.0.0.1:55070 - R:localhost/127.0.0.1:55775]' for 'GET' to 'http://localhost:55775/session/0960cade2a95e86397c22e3e134c1123/element/1417a821-1c43-432b-a236-5f29746b2234/text'
16:25:26.317 [Forwarding getElementText on session 0960cade2a95e86397c22e3e134c1123 to remote] DEBUG org.asynchttpclient.netty.request.NettyRequestSender - Using open Channel [id: 0xf2fb319e, L:/127.0.0.1:55070 - R:localhost/127.0.0.1:55775] for GET '/session/0960cade2a95e86397c22e3e134c1123/element/1417a821-1c43-432b-a236-5f29746b2234/text'
16:25:26.326 [AsyncHttpClient-1-1] DEBUG org.asynchttpclient.netty.channel.DefaultChannelPool - Entry count for : http://localhost:55071 : 1
16:25:26.335 [AsyncHttpClient-1-6] DEBUG org.asynchttpclient.netty.handler.HttpHandler - 

Request DefaultFullHttpRequest(decodeResult: success, version: HTTP/1.1, content: EmptyByteBufBE)
GET /session/0960cade2a95e86397c22e3e134c1123/element/1417a821-1c43-432b-a236-5f29746b2234/text HTTP/1.1
User-Agent: selenium/4.1.2 (java windows)
Cache-Control: no-cache
Content-Type: application/json; charset=utf-8
host: localhost:55775
accept: */*

Response DefaultHttpResponse(decodeResult: success, version: HTTP/1.1)
HTTP/1.1 200 OK
Content-Type: application/json; charset=utf-8
cache-control: no-cache
content-length: 40

16:25:26.335 [AsyncHttpClient-1-6] DEBUG org.asynchttpclient.netty.channel.ChannelManager - Adding key: http://localhost:55775 for channel [id: 0xf2fb319e, L:/127.0.0.1:55070 - R:localhost/127.0.0.1:55775]
16:25:26.343 [Forwarding screenshot on session 0960cade2a95e86397c22e3e134c1123 to remote] DEBUG org.asynchttpclient.netty.request.NettyRequestSender - Using pooled Channel '[id: 0xf2fb319e, L:/127.0.0.1:55070 - R:localhost/127.0.0.1:55775]' for 'GET' to 'http://localhost:55775/session/0960cade2a95e86397c22e3e134c1123/screenshot'
16:25:26.343 [Forwarding screenshot on session 0960cade2a95e86397c22e3e134c1123 to remote] DEBUG org.asynchttpclient.netty.request.NettyRequestSender - Using open Channel [id: 0xf2fb319e, L:/127.0.0.1:55070 - R:localhost/127.0.0.1:55775] for GET '/session/0960cade2a95e86397c22e3e134c1123/screenshot'
16:25:26.509 [AsyncHttpClient-1-6] DEBUG org.asynchttpclient.netty.handler.HttpHandler - 

Request DefaultFullHttpRequest(decodeResult: success, version: HTTP/1.1, content: EmptyByteBufBE)
GET /session/0960cade2a95e86397c22e3e134c1123/screenshot HTTP/1.1
User-Agent: selenium/4.1.2 (java windows)
Cache-Control: no-cache
Content-Type: application/json; charset=utf-8
host: localhost:55775
accept: */*

Response DefaultHttpResponse(decodeResult: success, version: HTTP/1.1)
HTTP/1.1 200 OK
Content-Type: application/json; charset=utf-8
cache-control: no-cache
content-length: 31160

16:25:26.509 [AsyncHttpClient-1-6] DEBUG org.asynchttpclient.netty.channel.ChannelManager - Adding key: http://localhost:55775 for channel [id: 0xf2fb319e, L:/127.0.0.1:55070 - R:localhost/127.0.0.1:55775]
16:25:26.512 [main] DEBUG net.serenitybdd.core.photography.Darkroom - Send negative for processing for target\site\serenity\7a6c7433a05f6c8a0ab0832e7f9e56ff78841997e263aed4b038468f9961cf1b.png
16:25:26.512 [main] DEBUG net.thucydides.core.steps.StepInterceptor - STEP DONE: errorMessageEquals
  &amp#27;[32mThen &amp#27;[0m&amp#27;[32mI get the &amp#27;[0m&amp#27;[32m&amp#27;[1m"login page"&amp#27;[0m    &amp#27;[90m# Starter.StepDefinitions.LoginStep.iGetThe(java.lang.String)&amp#27;[0m
16:25:26.513 [Darkroom Processing Line] DEBUG net.serenitybdd.core.photography.DarkroomProcessingLine - Processing screenshot image in /var/screenshots/screenshot-14111591339141442583
16:25:26.513 [Darkroom Processing Line] DEBUG net.serenitybdd.core.photography.DarkroomProcessingLine - Saving screenshot to target\site\serenity\7a6c7433a05f6c8a0ab0832e7f9e56ff78841997e263aed4b038468f9961cf1b.png
16:25:26.521 [AsyncHttpClient-1-8] DEBUG org.asynchttpclient.netty.handler.WebSocketHandler - Channel Closed: [id: 0xd9bc2766, L:/127.0.0.1:55079 ! R:localhost/127.0.0.1:55071] with attribute NettyResponseFuture{currentRetry=5,
	isDone=1,
	isCancelled=0,
	asyncHandler=org.asynchttpclient.ws.WebSocketUpgradeHandler@93dbbd4,
	nettyRequest=org.asynchttpclient.netty.request.NettyRequest@3910098f,
	future=java.util.concurrent.CompletableFuture@7115c881[Completed normally],
	uri=ws://localhost:55071/devtools/browser/011e32d9-0489-4bab-b9ff-2fe0fe64f67e,
	keepAlive=true,
	redirectCount=0,
	timeoutsHolder=null,
	inAuth=0,
	touch=1653038714888}
16:25:26.522 [AsyncHttpClient-1-8] DEBUG org.asynchttpclient.netty.channel.ChannelManager - Closing Channel [id: 0xd9bc2766, L:/127.0.0.1:55079 ! R:localhost/127.0.0.1:55071] 
16:25:26.523 [Driver Command Executor] DEBUG org.asynchttpclient.netty.request.NettyRequestSender - Using pooled Channel '[id: 0xf2fb319e, L:/127.0.0.1:55070 - R:localhost/127.0.0.1:55775]' for 'DELETE' to 'http://localhost:55775/session/0960cade2a95e86397c22e3e134c1123'
16:25:26.523 [Driver Command Executor] DEBUG org.asynchttpclient.netty.request.NettyRequestSender - Using open Channel [id: 0xf2fb319e, L:/127.0.0.1:55070 - R:localhost/127.0.0.1:55775] for DELETE '/session/0960cade2a95e86397c22e3e134c1123'
16:25:26.638 [AsyncHttpClient-1-7] DEBUG org.asynchttpclient.netty.handler.HttpHandler - Unexpected I/O exception on channel [id: 0x5c9df7f9, L:/127.0.0.1:55078 - R:localhost/127.0.0.1:55071]
java.net.SocketException: Connection reset
	at java.base/sun.nio.ch.SocketChannelImpl.throwConnectionReset(SocketChannelImpl.java:367)
	at java.base/sun.nio.ch.SocketChannelImpl.read(SocketChannelImpl.java:398)
	at io.netty.buffer.PooledByteBuf.setBytes(PooledByteBuf.java:258)
	at io.netty.buffer.AbstractByteBuf.writeBytes(AbstractByteBuf.java:1132)
	at io.netty.channel.socket.nio.NioSocketChannel.doReadBytes(NioSocketChannel.java:350)
	at io.netty.channel.nio.AbstractNioByteChannel$NioByteUnsafe.read(AbstractNioByteChannel.java:151)
	at io.netty.channel.nio.NioEventLoop.processSelectedKey(NioEventLoop.java:722)
	at io.netty.channel.nio.NioEventLoop.processSelectedKeysOptimized(NioEventLoop.java:658)
	at io.netty.channel.nio.NioEventLoop.processSelectedKeys(NioEventLoop.java:584)
	at io.netty.channel.nio.NioEventLoop.run(NioEventLoop.java:496)
	at io.netty.util.concurrent.SingleThreadEventExecutor$4.run(SingleThreadEventExecutor.java:986)
	at io.netty.util.internal.ThreadExecutorMap$2.run(ThreadExecutorMap.java:74)
	at io.netty.util.concurrent.FastThreadLocalRunnable.run(FastThreadLocalRunnable.java:30)
	at java.base/java.lang.Thread.run(Thread.java:832)
16:25:26.638 [AsyncHttpClient-1-7] DEBUG org.asynchttpclient.netty.channel.ChannelManager - Closing Channel [id: 0x5c9df7f9, L:/127.0.0.1:55078 - R:localhost/127.0.0.1:55071] 
16:25:26.638 [AsyncHttpClient-1-7] DEBUG org.asynchttpclient.netty.handler.HttpHandler - Channel Closed: [id: 0x5c9df7f9, L:/127.0.0.1:55078 ! R:localhost/127.0.0.1:55071] with attribute DISCARD
16:25:26.653 [AsyncHttpClient-1-6] DEBUG org.asynchttpclient.netty.handler.HttpHandler - 

Request DefaultFullHttpRequest(decodeResult: success, version: HTTP/1.1, content: EmptyByteBufBE)
DELETE /session/0960cade2a95e86397c22e3e134c1123 HTTP/1.1
User-Agent: selenium/4.1.2 (java windows)
Content-Type: application/json; charset=utf-8
host: localhost:55775
accept: */*

Response DefaultHttpResponse(decodeResult: success, version: HTTP/1.1)
HTTP/1.1 200 OK
Content-Type: application/json; charset=utf-8
cache-control: no-cache
content-length: 14

16:25:26.653 [AsyncHttpClient-1-6] DEBUG org.asynchttpclient.netty.channel.ChannelManager - Adding key: http://localhost:55775 for channel [id: 0xf2fb319e, L:/127.0.0.1:55070 - R:localhost/127.0.0.1:55775]
16:25:26.744 [AsyncHttpClient-1-6] DEBUG org.asynchttpclient.netty.handler.HttpHandler - Channel Closed: [id: 0xf2fb319e, L:/127.0.0.1:55070 ! R:localhost/127.0.0.1:55775] with attribute DISCARD
]]></system-out>
    <system-err><![CDATA[Starting ChromeDriver 101.0.4951.41 (93c720db8323b3ec10d056025ab95c23a31997c9-refs/branch-heads/4951@{#904}) on port 55775
Only local connections are allowed.
Please see https://chromedriver.chromium.org/security-considerations for suggestions on keeping ChromeDriver safe.
ChromeDriver was started successfully.
May 20, 2022 4:25:14 PM org.openqa.selenium.remote.ProtocolHandshake createSession
INFO: Detected dialect: W3C
May 20, 2022 4:25:14 PM org.openqa.selenium.devtools.CdpVersionFinder findNearestMatch
WARNING: Unable to find an exact match for CDP version 101, so returning the closest version found: 97
May 20, 2022 4:25:14 PM org.openqa.selenium.devtools.CdpVersionFinder findNearestMatch
INFO: Found CDP implementation for version 101 of 97
]]></system-err>
  </testcase>
  <testcase name="Success Logout" classname="Logout" time="5.662">
    <system-out><![CDATA[16:25:27.269 [main] INFO io.cucumber.core.plugin.SerenityReporter - Running feature from file:///D:/data%20hakim/Mini%20Project%20Alterra/WebAlta/src/test/resources/features/Logout.feature
16:25:27.272 [main] DEBUG net.thucydides.core.steps.StepEventBus - Test suite started for story net.thucydides.core.model.Story@7960de68
16:25:27.273 [main] INFO  - Test Suite Started: Logout

@Logout
Scenario Outline: Success Logout         &amp#27;[90m# src/test/resources/features/Logout.feature:18&amp#27;[0m
16:25:27.273 [main] INFO io.cucumber.core.plugin.SerenityReporter - Running feature from file:///D:/data%20hakim/Mini%20Project%20Alterra/WebAlta/src/test/resources/features/Logout.feature
16:25:27.273 [main] INFO  - 
  _____   ___   ___   _____     ___   _____     _     ___   _____   ___   ___  
 |_   _| | __| / __| |_   _|   / __| |_   _|   /_\   | _ \ |_   _| | __| |   \ 
   | |   | _|  \__ \   | |     \__ \   | |    / _ \  |   /   | |   | _|  | |) |
   |_|   |___| |___/   |_|     |___/   |_|   /_/ \_\ |_|_\   |_|   |___| |___/ 

Success Logout(logout;success-logout)
--------------------------------------------------------------------------------
16:25:27.294 [main] INFO net.serenitybdd.core.webdriver.driverproviders.ChromeDriverProvider - Using automatically driver download
16:25:27.415 [AsyncHttpClient-1-1] DEBUG org.asynchttpclient.netty.channel.DefaultChannelPool - Entry count for : http://localhost:55071 : 1
16:25:27.415 [AsyncHttpClient-1-1] DEBUG org.asynchttpclient.netty.channel.DefaultChannelPool - Entry count for : http://localhost:55775 : 1
16:25:27.415 [AsyncHttpClient-1-1] DEBUG org.asynchttpclient.netty.channel.DefaultChannelPool - Adding Candidate expired Channel [id: 0x5c9df7f9, L:/127.0.0.1:55078 ! R:localhost/127.0.0.1:55071] isIdleTimeoutExpired=false isRemotelyClosed=true isTtlExpired=false
16:25:27.415 [AsyncHttpClient-1-1] DEBUG org.asynchttpclient.netty.channel.DefaultChannelPool - Closing Idle Channel [id: 0x5c9df7f9, L:/127.0.0.1:55078 ! R:localhost/127.0.0.1:55071]
16:25:27.415 [AsyncHttpClient-1-1] DEBUG org.asynchttpclient.netty.channel.DefaultChannelPool - Adding Candidate expired Channel [id: 0xf2fb319e, L:/127.0.0.1:55070 ! R:localhost/127.0.0.1:55775] isIdleTimeoutExpired=false isRemotelyClosed=true isTtlExpired=false
16:25:27.415 [AsyncHttpClient-1-1] DEBUG org.asynchttpclient.netty.channel.DefaultChannelPool - Closing Idle Channel [id: 0xf2fb319e, L:/127.0.0.1:55070 ! R:localhost/127.0.0.1:55775]
16:25:27.415 [AsyncHttpClient-1-1] DEBUG org.asynchttpclient.netty.channel.DefaultChannelPool - Closed 2 connections out of 2 in 0 ms
16:25:27.441 [main] DEBUG io.github.bonigarcia.wdm.cache.ResolutionCache - Resolution chrome=101 in cache (valid until 17:18:55 20/05/2022 WIB)
16:25:27.460 [main] DEBUG io.github.bonigarcia.wdm.cache.ResolutionCache - Resolution chrome101=101.0.4951.41 in cache (valid until 21:21:16 20/05/2022 WIB)
16:25:27.465 [main] INFO io.github.bonigarcia.wdm.WebDriverManager - Using chromedriver 101.0.4951.41 (resolved driver for Chrome 101)
16:25:27.492 [main] DEBUG io.github.bonigarcia.wdm.WebDriverManager - Driver chromedriver 101.0.4951.41 found in cache
16:25:27.492 [main] INFO io.github.bonigarcia.wdm.WebDriverManager - Exporting webdriver.chrome.driver as C:\Users\hp pc\.cache\selenium\chromedriver\win32\101.0.4951.41\chromedriver.exe
16:25:27.590 [main] DEBUG net.serenitybdd.core.webdriver.driverproviders.ProvideNewDriver - Instantiating driver
16:25:27.590 [main] DEBUG net.serenitybdd.core.webdriver.driverproviders.ProvideNewDriver - Driver capabilities: Capabilities {acceptInsecureCerts: false, base.url: https://qa.alta.id/, browserName: chrome, chrome.driver: src/test/resources/webdrive..., driver: chrome, goog:chromeOptions: {args: [], extensions: []}}
16:25:28.157 [AsyncHttpClient-1-9] DEBUG org.asynchttpclient.netty.channel.NettyConnectListener - Using new Channel '[id: 0x2a7b8a76, L:/127.0.0.1:55096 - R:localhost/127.0.0.1:58883]' for 'POST' to '/session'
16:25:28.852 [AsyncHttpClient-1-9] DEBUG org.asynchttpclient.netty.handler.HttpHandler - 

Request DefaultHttpRequest(decodeResult: success, version: HTTP/1.1)
POST /session HTTP/1.1
User-Agent: selenium/4.1.2 (java windows)
Content-Length: 605
Content-Type: application/json; charset=utf-8
host: localhost:58883
accept: */*

Response DefaultHttpResponse(decodeResult: success, version: HTTP/1.1)
HTTP/1.1 200 OK
Content-Type: application/json; charset=utf-8
cache-control: no-cache
content-length: 789

16:25:28.852 [AsyncHttpClient-1-9] DEBUG org.asynchttpclient.netty.channel.ChannelManager - Adding key: http://localhost:58883 for channel [id: 0x2a7b8a76, L:/127.0.0.1:55096 - R:localhost/127.0.0.1:58883]
16:25:28.858 [AsyncHttpClient-1-2] DEBUG org.asynchttpclient.netty.channel.NettyConnectListener - Using new Channel '[id: 0x3a14feca, L:/127.0.0.1:55103 - R:localhost/127.0.0.1:55097]' for 'GET' to '/json/version'
16:25:28.858 [AsyncHttpClient-1-2] DEBUG org.asynchttpclient.netty.handler.HttpHandler - 

Request DefaultFullHttpRequest(decodeResult: success, version: HTTP/1.1, content: EmptyByteBufBE)
GET /json/version HTTP/1.1
User-Agent: selenium/4.1.2 (java windows)
host: localhost:55097
accept: */*

Response DefaultHttpResponse(decodeResult: success, version: HTTP/1.1)
HTTP/1.1 200 OK
Content-Type: application/json; charset=UTF-8
content-length: 427

16:25:28.859 [AsyncHttpClient-1-2] DEBUG org.asynchttpclient.netty.channel.ChannelManager - Adding key: http://localhost:55097 for channel [id: 0x3a14feca, L:/127.0.0.1:55103 - R:localhost/127.0.0.1:55097]
16:25:28.861 [AsyncHttpClient-1-3] DEBUG org.asynchttpclient.netty.channel.NettyConnectListener - Using new Channel '[id: 0xf34ab798, L:/127.0.0.1:55104 - R:localhost/127.0.0.1:55097]' for 'GET' to '/devtools/browser/0a219016-b4a7-4553-80fa-1befb0ad3bf3'
16:25:28.863 [AsyncHttpClient-1-3] DEBUG org.asynchttpclient.netty.handler.WebSocketHandler - 

Request DefaultFullHttpRequest(decodeResult: success, version: HTTP/1.1, content: EmptyByteBufBE)
GET /devtools/browser/0a219016-b4a7-4553-80fa-1befb0ad3bf3 HTTP/1.1
upgrade: websocket
connection: upgrade
sec-websocket-key: WwyR9GllsONR7wYz+xkdOw==
sec-websocket-version: 13
origin: http://localhost:55097
host: localhost:55097
accept: */*
user-agent: AHC/2.1

Response DefaultHttpResponse(decodeResult: success, version: HTTP/1.1)
HTTP/1.1 101 WebSocket Protocol Handshake
Upgrade: WebSocket
Connection: Upgrade
Sec-WebSocket-Accept: EhfrO0n5pNuGvSa+yTwPdcBpR2c=

16:25:28.866 [Forwarding maximizeCurrentWindow on session 63889a828566c43b5b5776baedaa0443 to remote] DEBUG org.asynchttpclient.netty.request.NettyRequestSender - Using pooled Channel '[id: 0x2a7b8a76, L:/127.0.0.1:55096 - R:localhost/127.0.0.1:58883]' for 'POST' to 'http://localhost:58883/session/63889a828566c43b5b5776baedaa0443/window/maximize'
16:25:28.866 [Forwarding maximizeCurrentWindow on session 63889a828566c43b5b5776baedaa0443 to remote] DEBUG org.asynchttpclient.netty.request.NettyRequestSender - Using open Channel [id: 0x2a7b8a76, L:/127.0.0.1:55096 - R:localhost/127.0.0.1:58883] for POST '/session/63889a828566c43b5b5776baedaa0443/window/maximize'
16:25:29.008 [AsyncHttpClient-1-9] DEBUG org.asynchttpclient.netty.handler.HttpHandler - 

Request DefaultHttpRequest(decodeResult: success, version: HTTP/1.1)
POST /session/63889a828566c43b5b5776baedaa0443/window/maximize HTTP/1.1
User-Agent: selenium/4.1.2 (java windows)
Content-Length: 3
Content-Type: application/json; charset=utf-8
host: localhost:58883
accept: */*

Response DefaultHttpResponse(decodeResult: success, version: HTTP/1.1)
HTTP/1.1 200 OK
Content-Type: application/json; charset=utf-8
cache-control: no-cache
content-length: 51

16:25:29.008 [AsyncHttpClient-1-9] DEBUG org.asynchttpclient.netty.channel.ChannelManager - Adding key: http://localhost:58883 for channel [id: 0x2a7b8a76, L:/127.0.0.1:55096 - R:localhost/127.0.0.1:58883]
16:25:29.008 [Forwarding get on session 63889a828566c43b5b5776baedaa0443 to remote] DEBUG org.asynchttpclient.netty.request.NettyRequestSender - Using pooled Channel '[id: 0x2a7b8a76, L:/127.0.0.1:55096 - R:localhost/127.0.0.1:58883]' for 'POST' to 'http://localhost:58883/session/63889a828566c43b5b5776baedaa0443/url'
16:25:29.008 [Forwarding get on session 63889a828566c43b5b5776baedaa0443 to remote] DEBUG org.asynchttpclient.netty.request.NettyRequestSender - Using open Channel [id: 0x2a7b8a76, L:/127.0.0.1:55096 - R:localhost/127.0.0.1:58883] for POST '/session/63889a828566c43b5b5776baedaa0443/url'
16:25:29.615 [AsyncHttpClient-1-1] DEBUG org.asynchttpclient.netty.channel.DefaultChannelPool - Entry count for : http://localhost:55097 : 1
16:25:29.821 [AsyncHttpClient-1-9] DEBUG org.asynchttpclient.netty.handler.HttpHandler - 

Request DefaultHttpRequest(decodeResult: success, version: HTTP/1.1)
POST /session/63889a828566c43b5b5776baedaa0443/url HTTP/1.1
User-Agent: selenium/4.1.2 (java windows)
Content-Length: 64
Content-Type: application/json; charset=utf-8
host: localhost:58883
accept: */*

Response DefaultHttpResponse(decodeResult: success, version: HTTP/1.1)
HTTP/1.1 200 OK
Content-Type: application/json; charset=utf-8
cache-control: no-cache
content-length: 14

16:25:29.821 [AsyncHttpClient-1-9] DEBUG org.asynchttpclient.netty.channel.ChannelManager - Adding key: http://localhost:58883 for channel [id: 0x2a7b8a76, L:/127.0.0.1:55096 - R:localhost/127.0.0.1:58883]
16:25:29.822 [Forwarding setTimeout on session 63889a828566c43b5b5776baedaa0443 to remote] DEBUG org.asynchttpclient.netty.request.NettyRequestSender - Using pooled Channel '[id: 0x2a7b8a76, L:/127.0.0.1:55096 - R:localhost/127.0.0.1:58883]' for 'POST' to 'http://localhost:58883/session/63889a828566c43b5b5776baedaa0443/timeouts'
16:25:29.822 [Forwarding setTimeout on session 63889a828566c43b5b5776baedaa0443 to remote] DEBUG org.asynchttpclient.netty.request.NettyRequestSender - Using open Channel [id: 0x2a7b8a76, L:/127.0.0.1:55096 - R:localhost/127.0.0.1:58883] for POST '/session/63889a828566c43b5b5776baedaa0443/timeouts'
16:25:29.828 [AsyncHttpClient-1-9] DEBUG org.asynchttpclient.netty.handler.HttpHandler - 

Request DefaultHttpRequest(decodeResult: success, version: HTTP/1.1)
POST /session/63889a828566c43b5b5776baedaa0443/timeouts HTTP/1.1
User-Agent: selenium/4.1.2 (java windows)
Content-Length: 23
Content-Type: application/json; charset=utf-8
host: localhost:58883
accept: */*

Response DefaultHttpResponse(decodeResult: success, version: HTTP/1.1)
HTTP/1.1 200 OK
Content-Type: application/json; charset=utf-8
cache-control: no-cache
content-length: 14

16:25:29.828 [AsyncHttpClient-1-9] DEBUG org.asynchttpclient.netty.channel.ChannelManager - Adding key: http://localhost:58883 for channel [id: 0x2a7b8a76, L:/127.0.0.1:55096 - R:localhost/127.0.0.1:58883]
16:25:29.828 [Forwarding getCurrentUrl on session 63889a828566c43b5b5776baedaa0443 to remote] DEBUG org.asynchttpclient.netty.request.NettyRequestSender - Using pooled Channel '[id: 0x2a7b8a76, L:/127.0.0.1:55096 - R:localhost/127.0.0.1:58883]' for 'GET' to 'http://localhost:58883/session/63889a828566c43b5b5776baedaa0443/url'
16:25:29.828 [Forwarding getCurrentUrl on session 63889a828566c43b5b5776baedaa0443 to remote] DEBUG org.asynchttpclient.netty.request.NettyRequestSender - Using open Channel [id: 0x2a7b8a76, L:/127.0.0.1:55096 - R:localhost/127.0.0.1:58883] for GET '/session/63889a828566c43b5b5776baedaa0443/url'
16:25:29.846 [AsyncHttpClient-1-9] DEBUG org.asynchttpclient.netty.handler.HttpHandler - 

Request DefaultFullHttpRequest(decodeResult: success, version: HTTP/1.1, content: EmptyByteBufBE)
GET /session/63889a828566c43b5b5776baedaa0443/url HTTP/1.1
User-Agent: selenium/4.1.2 (java windows)
Cache-Control: no-cache
Content-Type: application/json; charset=utf-8
host: localhost:58883
accept: */*

Response DefaultHttpResponse(decodeResult: success, version: HTTP/1.1)
HTTP/1.1 200 OK
Content-Type: application/json; charset=utf-8
cache-control: no-cache
content-length: 41

16:25:29.846 [AsyncHttpClient-1-9] DEBUG org.asynchttpclient.netty.channel.ChannelManager - Adding key: http://localhost:58883 for channel [id: 0x2a7b8a76, L:/127.0.0.1:55096 - R:localhost/127.0.0.1:58883]
16:25:29.853 [main] DEBUG net.serenitybdd.core.photography.Darkroom - Opening darkroom
16:25:29.853 [Forwarding screenshot on session 63889a828566c43b5b5776baedaa0443 to remote] DEBUG org.asynchttpclient.netty.request.NettyRequestSender - Using pooled Channel '[id: 0x2a7b8a76, L:/127.0.0.1:55096 - R:localhost/127.0.0.1:58883]' for 'GET' to 'http://localhost:58883/session/63889a828566c43b5b5776baedaa0443/screenshot'
16:25:29.853 [Forwarding screenshot on session 63889a828566c43b5b5776baedaa0443 to remote] DEBUG org.asynchttpclient.netty.request.NettyRequestSender - Using open Channel [id: 0x2a7b8a76, L:/127.0.0.1:55096 - R:localhost/127.0.0.1:58883] for GET '/session/63889a828566c43b5b5776baedaa0443/screenshot'
16:25:29.860 [Darkroom Processing Line] DEBUG net.serenitybdd.core.photography.DarkroomProcessingLine - Darkroom processing line starting up
16:25:30.067 [AsyncHttpClient-1-9] DEBUG org.asynchttpclient.netty.handler.HttpHandler - 

Request DefaultFullHttpRequest(decodeResult: success, version: HTTP/1.1, content: EmptyByteBufBE)
GET /session/63889a828566c43b5b5776baedaa0443/screenshot HTTP/1.1
User-Agent: selenium/4.1.2 (java windows)
Cache-Control: no-cache
Content-Type: application/json; charset=utf-8
host: localhost:58883
accept: */*

Response DefaultHttpResponse(decodeResult: success, version: HTTP/1.1)
HTTP/1.1 200 OK
Content-Type: application/json; charset=utf-8
cache-control: no-cache
content-length: 24940

16:25:30.068 [AsyncHttpClient-1-9] DEBUG org.asynchttpclient.netty.channel.ChannelManager - Adding key: http://localhost:58883 for channel [id: 0x2a7b8a76, L:/127.0.0.1:55096 - R:localhost/127.0.0.1:58883]
16:25:30.069 [main] DEBUG net.serenitybdd.core.photography.Darkroom - Send negative for processing for target\site\serenity\11023edac3681808080020daf60d8cb00148736924ac340653f27273a0570072.png
16:25:30.069 [main] DEBUG net.thucydides.core.steps.StepInterceptor - STARTING STEP: LogoutStep.iAmOnTheLoginPage - validateOnLoginPage
16:25:30.073 [Forwarding findElement on session 63889a828566c43b5b5776baedaa0443 to remote] DEBUG org.asynchttpclient.netty.request.NettyRequestSender - Using pooled Channel '[id: 0x2a7b8a76, L:/127.0.0.1:55096 - R:localhost/127.0.0.1:58883]' for 'POST' to 'http://localhost:58883/session/63889a828566c43b5b5776baedaa0443/element'
16:25:30.073 [Forwarding findElement on session 63889a828566c43b5b5776baedaa0443 to remote] DEBUG org.asynchttpclient.netty.request.NettyRequestSender - Using open Channel [id: 0x2a7b8a76, L:/127.0.0.1:55096 - R:localhost/127.0.0.1:58883] for POST '/session/63889a828566c43b5b5776baedaa0443/element'
16:25:30.083 [AsyncHttpClient-1-9] DEBUG org.asynchttpclient.netty.handler.HttpHandler - 

Request DefaultHttpRequest(decodeResult: success, version: HTTP/1.1)
POST /session/63889a828566c43b5b5776baedaa0443/element HTTP/1.1
User-Agent: selenium/4.1.2 (java windows)
Content-Length: 136
Content-Type: application/json; charset=utf-8
host: localhost:58883
accept: */*

Response DefaultHttpResponse(decodeResult: success, version: HTTP/1.1)
HTTP/1.1 200 OK
Content-Type: application/json; charset=utf-8
cache-control: no-cache
content-length: 88

16:25:30.083 [AsyncHttpClient-1-9] DEBUG org.asynchttpclient.netty.channel.ChannelManager - Adding key: http://localhost:58883 for channel [id: 0x2a7b8a76, L:/127.0.0.1:55096 - R:localhost/127.0.0.1:58883]
16:25:30.083 [Forwarding isElementDisplayed on session 63889a828566c43b5b5776baedaa0443 to remote] DEBUG org.asynchttpclient.netty.request.NettyRequestSender - Using pooled Channel '[id: 0x2a7b8a76, L:/127.0.0.1:55096 - R:localhost/127.0.0.1:58883]' for 'POST' to 'http://localhost:58883/session/63889a828566c43b5b5776baedaa0443/execute/sync'
16:25:30.083 [Forwarding isElementDisplayed on session 63889a828566c43b5b5776baedaa0443 to remote] DEBUG org.asynchttpclient.netty.request.NettyRequestSender - Using open Channel [id: 0x2a7b8a76, L:/127.0.0.1:55096 - R:localhost/127.0.0.1:58883] for POST '/session/63889a828566c43b5b5776baedaa0443/execute/sync'
16:25:30.090 [AsyncHttpClient-1-9] DEBUG org.asynchttpclient.netty.handler.HttpHandler - 

Request DefaultHttpRequest(decodeResult: success, version: HTTP/1.1)
POST /session/63889a828566c43b5b5776baedaa0443/execute/sync HTTP/1.1
User-Agent: selenium/4.1.2 (java windows)
Content-Length: 48780
Content-Type: application/json; charset=utf-8
host: localhost:58883
accept: */*

Response DefaultHttpResponse(decodeResult: success, version: HTTP/1.1)
HTTP/1.1 200 OK
Content-Type: application/json; charset=utf-8
cache-control: no-cache
content-length: 14

16:25:30.090 [AsyncHttpClient-1-9] DEBUG org.asynchttpclient.netty.channel.ChannelManager - Adding key: http://localhost:58883 for channel [id: 0x2a7b8a76, L:/127.0.0.1:55096 - R:localhost/127.0.0.1:58883]
16:25:30.099 [main] DEBUG net.thucydides.core.steps.StepInterceptor - STEP DONE: validateOnLoginPage
  &amp#27;[32mGiven &amp#27;[0m&amp#27;[32mI am login account page&amp#27;[0m          &amp#27;[90m# Starter.StepDefinitions.LogoutStep.iAmOnTheLoginPage()&amp#27;[0m
16:25:30.108 [main] DEBUG net.thucydides.core.steps.StepInterceptor - STARTING STEP: LogoutStep.iInputEmail - inputEmail
16:25:30.108 [Forwarding findElement on session 63889a828566c43b5b5776baedaa0443 to remote] DEBUG org.asynchttpclient.netty.request.NettyRequestSender - Using pooled Channel '[id: 0x2a7b8a76, L:/127.0.0.1:55096 - R:localhost/127.0.0.1:58883]' for 'POST' to 'http://localhost:58883/session/63889a828566c43b5b5776baedaa0443/element'
16:25:30.108 [Forwarding findElement on session 63889a828566c43b5b5776baedaa0443 to remote] DEBUG org.asynchttpclient.netty.request.NettyRequestSender - Using open Channel [id: 0x2a7b8a76, L:/127.0.0.1:55096 - R:localhost/127.0.0.1:58883] for POST '/session/63889a828566c43b5b5776baedaa0443/element'
16:25:30.120 [AsyncHttpClient-1-9] DEBUG org.asynchttpclient.netty.handler.HttpHandler - 

Request DefaultHttpRequest(decodeResult: success, version: HTTP/1.1)
POST /session/63889a828566c43b5b5776baedaa0443/element HTTP/1.1
User-Agent: selenium/4.1.2 (java windows)
Content-Length: 91
Content-Type: application/json; charset=utf-8
host: localhost:58883
accept: */*

Response DefaultHttpResponse(decodeResult: success, version: HTTP/1.1)
HTTP/1.1 200 OK
Content-Type: application/json; charset=utf-8
cache-control: no-cache
content-length: 88

16:25:30.120 [AsyncHttpClient-1-9] DEBUG org.asynchttpclient.netty.channel.ChannelManager - Adding key: http://localhost:58883 for channel [id: 0x2a7b8a76, L:/127.0.0.1:55096 - R:localhost/127.0.0.1:58883]
16:25:30.120 [Forwarding clearElement on session 63889a828566c43b5b5776baedaa0443 to remote] DEBUG org.asynchttpclient.netty.request.NettyRequestSender - Using pooled Channel '[id: 0x2a7b8a76, L:/127.0.0.1:55096 - R:localhost/127.0.0.1:58883]' for 'POST' to 'http://localhost:58883/session/63889a828566c43b5b5776baedaa0443/element/b88a1482-53b4-4b6c-afda-05cf41084941/clear'
16:25:30.120 [Forwarding clearElement on session 63889a828566c43b5b5776baedaa0443 to remote] DEBUG org.asynchttpclient.netty.request.NettyRequestSender - Using open Channel [id: 0x2a7b8a76, L:/127.0.0.1:55096 - R:localhost/127.0.0.1:58883] for POST '/session/63889a828566c43b5b5776baedaa0443/element/b88a1482-53b4-4b6c-afda-05cf41084941/clear'
16:25:30.156 [AsyncHttpClient-1-9] DEBUG org.asynchttpclient.netty.handler.HttpHandler - 

Request DefaultHttpRequest(decodeResult: success, version: HTTP/1.1)
POST /session/63889a828566c43b5b5776baedaa0443/element/b88a1482-53b4-4b6c-afda-05cf41084941/clear HTTP/1.1
User-Agent: selenium/4.1.2 (java windows)
Content-Length: 50
Content-Type: application/json; charset=utf-8
host: localhost:58883
accept: */*

Response DefaultHttpResponse(decodeResult: success, version: HTTP/1.1)
HTTP/1.1 200 OK
Content-Type: application/json; charset=utf-8
cache-control: no-cache
content-length: 14

16:25:30.156 [AsyncHttpClient-1-9] DEBUG org.asynchttpclient.netty.channel.ChannelManager - Adding key: http://localhost:58883 for channel [id: 0x2a7b8a76, L:/127.0.0.1:55096 - R:localhost/127.0.0.1:58883]
16:25:30.156 [Forwarding sendKeysToElement on session 63889a828566c43b5b5776baedaa0443 to remote] DEBUG org.asynchttpclient.netty.request.NettyRequestSender - Using pooled Channel '[id: 0x2a7b8a76, L:/127.0.0.1:55096 - R:localhost/127.0.0.1:58883]' for 'POST' to 'http://localhost:58883/session/63889a828566c43b5b5776baedaa0443/element/b88a1482-53b4-4b6c-afda-05cf41084941/value'
16:25:30.156 [Forwarding sendKeysToElement on session 63889a828566c43b5b5776baedaa0443 to remote] DEBUG org.asynchttpclient.netty.request.NettyRequestSender - Using open Channel [id: 0x2a7b8a76, L:/127.0.0.1:55096 - R:localhost/127.0.0.1:58883] for POST '/session/63889a828566c43b5b5776baedaa0443/element/b88a1482-53b4-4b6c-afda-05cf41084941/value'
16:25:30.313 [AsyncHttpClient-1-9] DEBUG org.asynchttpclient.netty.handler.HttpHandler - 

Request DefaultHttpRequest(decodeResult: success, version: HTTP/1.1)
POST /session/63889a828566c43b5b5776baedaa0443/element/b88a1482-53b4-4b6c-afda-05cf41084941/value HTTP/1.1
User-Agent: selenium/4.1.2 (java windows)
Content-Length: 261
Content-Type: application/json; charset=utf-8
host: localhost:58883
accept: */*

Response DefaultHttpResponse(decodeResult: success, version: HTTP/1.1)
HTTP/1.1 200 OK
Content-Type: application/json; charset=utf-8
cache-control: no-cache
content-length: 14

16:25:30.313 [AsyncHttpClient-1-9] DEBUG org.asynchttpclient.netty.channel.ChannelManager - Adding key: http://localhost:58883 for channel [id: 0x2a7b8a76, L:/127.0.0.1:55096 - R:localhost/127.0.0.1:58883]
16:25:30.315 [Forwarding screenshot on session 63889a828566c43b5b5776baedaa0443 to remote] DEBUG org.asynchttpclient.netty.request.NettyRequestSender - Using pooled Channel '[id: 0x2a7b8a76, L:/127.0.0.1:55096 - R:localhost/127.0.0.1:58883]' for 'GET' to 'http://localhost:58883/session/63889a828566c43b5b5776baedaa0443/screenshot'
16:25:30.315 [Forwarding screenshot on session 63889a828566c43b5b5776baedaa0443 to remote] DEBUG org.asynchttpclient.netty.request.NettyRequestSender - Using open Channel [id: 0x2a7b8a76, L:/127.0.0.1:55096 - R:localhost/127.0.0.1:58883] for GET '/session/63889a828566c43b5b5776baedaa0443/screenshot'
16:25:30.467 [AsyncHttpClient-1-9] DEBUG org.asynchttpclient.netty.handler.HttpHandler - 

Request DefaultFullHttpRequest(decodeResult: success, version: HTTP/1.1, content: EmptyByteBufBE)
GET /session/63889a828566c43b5b5776baedaa0443/screenshot HTTP/1.1
User-Agent: selenium/4.1.2 (java windows)
Cache-Control: no-cache
Content-Type: application/json; charset=utf-8
host: localhost:58883
accept: */*

Response DefaultHttpResponse(decodeResult: success, version: HTTP/1.1)
HTTP/1.1 200 OK
Content-Type: application/json; charset=utf-8
cache-control: no-cache
content-length: 29092

16:25:30.467 [AsyncHttpClient-1-9] DEBUG org.asynchttpclient.netty.channel.ChannelManager - Adding key: http://localhost:58883 for channel [id: 0x2a7b8a76, L:/127.0.0.1:55096 - R:localhost/127.0.0.1:58883]
16:25:30.467 [main] DEBUG net.serenitybdd.core.photography.Darkroom - Send negative for processing for target\site\serenity\c826c6906102ee59bb9ed3a181890168104c235bc4792eba07f3c8b5214a75bb.png
16:25:30.467 [main] DEBUG net.thucydides.core.steps.StepInterceptor - STEP DONE: inputEmail
16:25:30.467 [Darkroom Processing Line] DEBUG net.serenitybdd.core.photography.DarkroomProcessingLine - Processing screenshot image in /var/screenshots/screenshot-10358145259572151931
16:25:30.467 [Darkroom Processing Line] DEBUG net.serenitybdd.core.photography.DarkroomProcessingLine - Saving screenshot to target\site\serenity\c826c6906102ee59bb9ed3a181890168104c235bc4792eba07f3c8b5214a75bb.png
  &amp#27;[32mAnd &amp#27;[0m&amp#27;[32mI Input &amp#27;[0m&amp#27;[32m&amp#27;[1m"hakim001@gmail.com"&amp#27;[0m&amp#27;[32m email&amp#27;[0m &amp#27;[90m# Starter.StepDefinitions.LogoutStep.iInputEmail(java.lang.String)&amp#27;[0m
16:25:30.483 [main] DEBUG net.thucydides.core.steps.StepInterceptor - STARTING STEP: LogoutStep.iInputPassword - inputPassword
16:25:30.483 [Forwarding findElement on session 63889a828566c43b5b5776baedaa0443 to remote] DEBUG org.asynchttpclient.netty.request.NettyRequestSender - Using pooled Channel '[id: 0x2a7b8a76, L:/127.0.0.1:55096 - R:localhost/127.0.0.1:58883]' for 'POST' to 'http://localhost:58883/session/63889a828566c43b5b5776baedaa0443/element'
16:25:30.483 [Forwarding findElement on session 63889a828566c43b5b5776baedaa0443 to remote] DEBUG org.asynchttpclient.netty.request.NettyRequestSender - Using open Channel [id: 0x2a7b8a76, L:/127.0.0.1:55096 - R:localhost/127.0.0.1:58883] for POST '/session/63889a828566c43b5b5776baedaa0443/element'
16:25:30.497 [AsyncHttpClient-1-9] DEBUG org.asynchttpclient.netty.handler.HttpHandler - 

Request DefaultHttpRequest(decodeResult: success, version: HTTP/1.1)
POST /session/63889a828566c43b5b5776baedaa0443/element HTTP/1.1
User-Agent: selenium/4.1.2 (java windows)
Content-Length: 94
Content-Type: application/json; charset=utf-8
host: localhost:58883
accept: */*

Response DefaultHttpResponse(decodeResult: success, version: HTTP/1.1)
HTTP/1.1 200 OK
Content-Type: application/json; charset=utf-8
cache-control: no-cache
content-length: 88

16:25:30.497 [AsyncHttpClient-1-9] DEBUG org.asynchttpclient.netty.channel.ChannelManager - Adding key: http://localhost:58883 for channel [id: 0x2a7b8a76, L:/127.0.0.1:55096 - R:localhost/127.0.0.1:58883]
16:25:30.498 [Forwarding clearElement on session 63889a828566c43b5b5776baedaa0443 to remote] DEBUG org.asynchttpclient.netty.request.NettyRequestSender - Using pooled Channel '[id: 0x2a7b8a76, L:/127.0.0.1:55096 - R:localhost/127.0.0.1:58883]' for 'POST' to 'http://localhost:58883/session/63889a828566c43b5b5776baedaa0443/element/bf17b2ed-df28-4b65-8f9b-0cc61a38f2ce/clear'
16:25:30.498 [Forwarding clearElement on session 63889a828566c43b5b5776baedaa0443 to remote] DEBUG org.asynchttpclient.netty.request.NettyRequestSender - Using open Channel [id: 0x2a7b8a76, L:/127.0.0.1:55096 - R:localhost/127.0.0.1:58883] for POST '/session/63889a828566c43b5b5776baedaa0443/element/bf17b2ed-df28-4b65-8f9b-0cc61a38f2ce/clear'
16:25:30.527 [AsyncHttpClient-1-9] DEBUG org.asynchttpclient.netty.handler.HttpHandler - 

Request DefaultHttpRequest(decodeResult: success, version: HTTP/1.1)
POST /session/63889a828566c43b5b5776baedaa0443/element/bf17b2ed-df28-4b65-8f9b-0cc61a38f2ce/clear HTTP/1.1
User-Agent: selenium/4.1.2 (java windows)
Content-Length: 50
Content-Type: application/json; charset=utf-8
host: localhost:58883
accept: */*

Response DefaultHttpResponse(decodeResult: success, version: HTTP/1.1)
HTTP/1.1 200 OK
Content-Type: application/json; charset=utf-8
cache-control: no-cache
content-length: 14

16:25:30.527 [AsyncHttpClient-1-9] DEBUG org.asynchttpclient.netty.channel.ChannelManager - Adding key: http://localhost:58883 for channel [id: 0x2a7b8a76, L:/127.0.0.1:55096 - R:localhost/127.0.0.1:58883]
16:25:30.527 [Forwarding sendKeysToElement on session 63889a828566c43b5b5776baedaa0443 to remote] DEBUG org.asynchttpclient.netty.request.NettyRequestSender - Using pooled Channel '[id: 0x2a7b8a76, L:/127.0.0.1:55096 - R:localhost/127.0.0.1:58883]' for 'POST' to 'http://localhost:58883/session/63889a828566c43b5b5776baedaa0443/element/bf17b2ed-df28-4b65-8f9b-0cc61a38f2ce/value'
16:25:30.527 [Forwarding sendKeysToElement on session 63889a828566c43b5b5776baedaa0443 to remote] DEBUG org.asynchttpclient.netty.request.NettyRequestSender - Using open Channel [id: 0x2a7b8a76, L:/127.0.0.1:55096 - R:localhost/127.0.0.1:58883] for POST '/session/63889a828566c43b5b5776baedaa0443/element/bf17b2ed-df28-4b65-8f9b-0cc61a38f2ce/value'
16:25:30.601 [AsyncHttpClient-1-9] DEBUG org.asynchttpclient.netty.handler.HttpHandler - 

Request DefaultHttpRequest(decodeResult: success, version: HTTP/1.1)
POST /session/63889a828566c43b5b5776baedaa0443/element/bf17b2ed-df28-4b65-8f9b-0cc61a38f2ce/value HTTP/1.1
User-Agent: selenium/4.1.2 (java windows)
Content-Length: 161
Content-Type: application/json; charset=utf-8
host: localhost:58883
accept: */*

Response DefaultHttpResponse(decodeResult: success, version: HTTP/1.1)
HTTP/1.1 200 OK
Content-Type: application/json; charset=utf-8
cache-control: no-cache
content-length: 14

16:25:30.602 [AsyncHttpClient-1-9] DEBUG org.asynchttpclient.netty.channel.ChannelManager - Adding key: http://localhost:58883 for channel [id: 0x2a7b8a76, L:/127.0.0.1:55096 - R:localhost/127.0.0.1:58883]
16:25:30.611 [Forwarding screenshot on session 63889a828566c43b5b5776baedaa0443 to remote] DEBUG org.asynchttpclient.netty.request.NettyRequestSender - Using pooled Channel '[id: 0x2a7b8a76, L:/127.0.0.1:55096 - R:localhost/127.0.0.1:58883]' for 'GET' to 'http://localhost:58883/session/63889a828566c43b5b5776baedaa0443/screenshot'
16:25:30.611 [Forwarding screenshot on session 63889a828566c43b5b5776baedaa0443 to remote] DEBUG org.asynchttpclient.netty.request.NettyRequestSender - Using open Channel [id: 0x2a7b8a76, L:/127.0.0.1:55096 - R:localhost/127.0.0.1:58883] for GET '/session/63889a828566c43b5b5776baedaa0443/screenshot'
16:25:30.718 [AsyncHttpClient-1-1] DEBUG org.asynchttpclient.netty.channel.DefaultChannelPool - Entry count for : http://localhost:55097 : 1
16:25:30.759 [AsyncHttpClient-1-9] DEBUG org.asynchttpclient.netty.handler.HttpHandler - 

Request DefaultFullHttpRequest(decodeResult: success, version: HTTP/1.1, content: EmptyByteBufBE)
GET /session/63889a828566c43b5b5776baedaa0443/screenshot HTTP/1.1
User-Agent: selenium/4.1.2 (java windows)
Cache-Control: no-cache
Content-Type: application/json; charset=utf-8
host: localhost:58883
accept: */*

Response DefaultHttpResponse(decodeResult: success, version: HTTP/1.1)
HTTP/1.1 200 OK
Content-Type: application/json; charset=utf-8
cache-control: no-cache
content-length: 30776

16:25:30.759 [AsyncHttpClient-1-9] DEBUG org.asynchttpclient.netty.channel.ChannelManager - Adding key: http://localhost:58883 for channel [id: 0x2a7b8a76, L:/127.0.0.1:55096 - R:localhost/127.0.0.1:58883]
16:25:30.766 [main] DEBUG net.serenitybdd.core.photography.Darkroom - Send negative for processing for target\site\serenity\fe9f9279912c406f663debb34df33bfe7e6599be8d99bb773c0c2623809841bc.png
16:25:30.766 [main] DEBUG net.thucydides.core.steps.StepInterceptor - STEP DONE: inputPassword
  &amp#27;[32mAnd &amp#27;[0m&amp#27;[32mI Input &amp#27;[0m&amp#27;[32m&amp#27;[1m"Valid@01"&amp#27;[0m&amp#27;[32m password&amp#27;[0m        &amp#27;[90m# Starter.StepDefinitions.LogoutStep.iInputPassword(java.lang.String)&amp#27;[0m
16:25:30.767 [Darkroom Processing Line] DEBUG net.serenitybdd.core.photography.DarkroomProcessingLine - Processing screenshot image in /var/screenshots/screenshot-2430518338522693749
16:25:30.767 [Darkroom Processing Line] DEBUG net.serenitybdd.core.photography.DarkroomProcessingLine - Saving screenshot to target\site\serenity\fe9f9279912c406f663debb34df33bfe7e6599be8d99bb773c0c2623809841bc.png
16:25:30.780 [main] DEBUG net.thucydides.core.steps.StepInterceptor - STARTING STEP: LogoutStep.clickLoginButton - clickLoginButton
16:25:30.786 [Forwarding findElement on session 63889a828566c43b5b5776baedaa0443 to remote] DEBUG org.asynchttpclient.netty.request.NettyRequestSender - Using pooled Channel '[id: 0x2a7b8a76, L:/127.0.0.1:55096 - R:localhost/127.0.0.1:58883]' for 'POST' to 'http://localhost:58883/session/63889a828566c43b5b5776baedaa0443/element'
16:25:30.786 [Forwarding findElement on session 63889a828566c43b5b5776baedaa0443 to remote] DEBUG org.asynchttpclient.netty.request.NettyRequestSender - Using open Channel [id: 0x2a7b8a76, L:/127.0.0.1:55096 - R:localhost/127.0.0.1:58883] for POST '/session/63889a828566c43b5b5776baedaa0443/element'
16:25:30.792 [AsyncHttpClient-1-9] DEBUG org.asynchttpclient.netty.handler.HttpHandler - 

Request DefaultHttpRequest(decodeResult: success, version: HTTP/1.1)
POST /session/63889a828566c43b5b5776baedaa0443/element HTTP/1.1
User-Agent: selenium/4.1.2 (java windows)
Content-Length: 136
Content-Type: application/json; charset=utf-8
host: localhost:58883
accept: */*

Response DefaultHttpResponse(decodeResult: success, version: HTTP/1.1)
HTTP/1.1 200 OK
Content-Type: application/json; charset=utf-8
cache-control: no-cache
content-length: 88

16:25:30.792 [AsyncHttpClient-1-9] DEBUG org.asynchttpclient.netty.channel.ChannelManager - Adding key: http://localhost:58883 for channel [id: 0x2a7b8a76, L:/127.0.0.1:55096 - R:localhost/127.0.0.1:58883]
16:25:30.792 [Forwarding getElementTagName on session 63889a828566c43b5b5776baedaa0443 to remote] DEBUG org.asynchttpclient.netty.request.NettyRequestSender - Using pooled Channel '[id: 0x2a7b8a76, L:/127.0.0.1:55096 - R:localhost/127.0.0.1:58883]' for 'GET' to 'http://localhost:58883/session/63889a828566c43b5b5776baedaa0443/element/2d80ab9e-2329-46d5-909d-3a55071bba8f/name'
16:25:30.792 [Forwarding getElementTagName on session 63889a828566c43b5b5776baedaa0443 to remote] DEBUG org.asynchttpclient.netty.request.NettyRequestSender - Using open Channel [id: 0x2a7b8a76, L:/127.0.0.1:55096 - R:localhost/127.0.0.1:58883] for GET '/session/63889a828566c43b5b5776baedaa0443/element/2d80ab9e-2329-46d5-909d-3a55071bba8f/name'
16:25:30.803 [AsyncHttpClient-1-9] DEBUG org.asynchttpclient.netty.handler.HttpHandler - 

Request DefaultFullHttpRequest(decodeResult: success, version: HTTP/1.1, content: EmptyByteBufBE)
GET /session/63889a828566c43b5b5776baedaa0443/element/2d80ab9e-2329-46d5-909d-3a55071bba8f/name HTTP/1.1
User-Agent: selenium/4.1.2 (java windows)
Cache-Control: no-cache
Content-Type: application/json; charset=utf-8
host: localhost:58883
accept: */*

Response DefaultHttpResponse(decodeResult: success, version: HTTP/1.1)
HTTP/1.1 200 OK
Content-Type: application/json; charset=utf-8
cache-control: no-cache
content-length: 18

16:25:30.803 [AsyncHttpClient-1-9] DEBUG org.asynchttpclient.netty.channel.ChannelManager - Adding key: http://localhost:58883 for channel [id: 0x2a7b8a76, L:/127.0.0.1:55096 - R:localhost/127.0.0.1:58883]
16:25:30.805 [Forwarding getElementTagName on session 63889a828566c43b5b5776baedaa0443 to remote] DEBUG org.asynchttpclient.netty.request.NettyRequestSender - Using pooled Channel '[id: 0x2a7b8a76, L:/127.0.0.1:55096 - R:localhost/127.0.0.1:58883]' for 'GET' to 'http://localhost:58883/session/63889a828566c43b5b5776baedaa0443/element/2d80ab9e-2329-46d5-909d-3a55071bba8f/name'
16:25:30.805 [Forwarding getElementTagName on session 63889a828566c43b5b5776baedaa0443 to remote] DEBUG org.asynchttpclient.netty.request.NettyRequestSender - Using open Channel [id: 0x2a7b8a76, L:/127.0.0.1:55096 - R:localhost/127.0.0.1:58883] for GET '/session/63889a828566c43b5b5776baedaa0443/element/2d80ab9e-2329-46d5-909d-3a55071bba8f/name'
16:25:30.811 [AsyncHttpClient-1-9] DEBUG org.asynchttpclient.netty.handler.HttpHandler - 

Request DefaultFullHttpRequest(decodeResult: success, version: HTTP/1.1, content: EmptyByteBufBE)
GET /session/63889a828566c43b5b5776baedaa0443/element/2d80ab9e-2329-46d5-909d-3a55071bba8f/name HTTP/1.1
User-Agent: selenium/4.1.2 (java windows)
Cache-Control: no-cache
Content-Type: application/json; charset=utf-8
host: localhost:58883
accept: */*

Response DefaultHttpResponse(decodeResult: success, version: HTTP/1.1)
HTTP/1.1 200 OK
Content-Type: application/json; charset=utf-8
cache-control: no-cache
content-length: 18

16:25:30.811 [AsyncHttpClient-1-9] DEBUG org.asynchttpclient.netty.channel.ChannelManager - Adding key: http://localhost:58883 for channel [id: 0x2a7b8a76, L:/127.0.0.1:55096 - R:localhost/127.0.0.1:58883]
16:25:30.812 [Forwarding isElementEnabled on session 63889a828566c43b5b5776baedaa0443 to remote] DEBUG org.asynchttpclient.netty.request.NettyRequestSender - Using pooled Channel '[id: 0x2a7b8a76, L:/127.0.0.1:55096 - R:localhost/127.0.0.1:58883]' for 'GET' to 'http://localhost:58883/session/63889a828566c43b5b5776baedaa0443/element/2d80ab9e-2329-46d5-909d-3a55071bba8f/enabled'
16:25:30.812 [Forwarding isElementEnabled on session 63889a828566c43b5b5776baedaa0443 to remote] DEBUG org.asynchttpclient.netty.request.NettyRequestSender - Using open Channel [id: 0x2a7b8a76, L:/127.0.0.1:55096 - R:localhost/127.0.0.1:58883] for GET '/session/63889a828566c43b5b5776baedaa0443/element/2d80ab9e-2329-46d5-909d-3a55071bba8f/enabled'
16:25:30.844 [AsyncHttpClient-1-9] DEBUG org.asynchttpclient.netty.handler.HttpHandler - 

Request DefaultFullHttpRequest(decodeResult: success, version: HTTP/1.1, content: EmptyByteBufBE)
GET /session/63889a828566c43b5b5776baedaa0443/element/2d80ab9e-2329-46d5-909d-3a55071bba8f/enabled HTTP/1.1
User-Agent: selenium/4.1.2 (java windows)
Cache-Control: no-cache
Content-Type: application/json; charset=utf-8
host: localhost:58883
accept: */*

Response DefaultHttpResponse(decodeResult: success, version: HTTP/1.1)
HTTP/1.1 200 OK
Content-Type: application/json; charset=utf-8
cache-control: no-cache
content-length: 14

16:25:30.844 [AsyncHttpClient-1-9] DEBUG org.asynchttpclient.netty.channel.ChannelManager - Adding key: http://localhost:58883 for channel [id: 0x2a7b8a76, L:/127.0.0.1:55096 - R:localhost/127.0.0.1:58883]
16:25:30.846 [Forwarding isElementEnabled on session 63889a828566c43b5b5776baedaa0443 to remote] DEBUG org.asynchttpclient.netty.request.NettyRequestSender - Using pooled Channel '[id: 0x2a7b8a76, L:/127.0.0.1:55096 - R:localhost/127.0.0.1:58883]' for 'GET' to 'http://localhost:58883/session/63889a828566c43b5b5776baedaa0443/element/2d80ab9e-2329-46d5-909d-3a55071bba8f/enabled'
16:25:30.846 [Forwarding isElementEnabled on session 63889a828566c43b5b5776baedaa0443 to remote] DEBUG org.asynchttpclient.netty.request.NettyRequestSender - Using open Channel [id: 0x2a7b8a76, L:/127.0.0.1:55096 - R:localhost/127.0.0.1:58883] for GET '/session/63889a828566c43b5b5776baedaa0443/element/2d80ab9e-2329-46d5-909d-3a55071bba8f/enabled'
16:25:30.852 [AsyncHttpClient-1-9] DEBUG org.asynchttpclient.netty.handler.HttpHandler - 

Request DefaultFullHttpRequest(decodeResult: success, version: HTTP/1.1, content: EmptyByteBufBE)
GET /session/63889a828566c43b5b5776baedaa0443/element/2d80ab9e-2329-46d5-909d-3a55071bba8f/enabled HTTP/1.1
User-Agent: selenium/4.1.2 (java windows)
Cache-Control: no-cache
Content-Type: application/json; charset=utf-8
host: localhost:58883
accept: */*

Response DefaultHttpResponse(decodeResult: success, version: HTTP/1.1)
HTTP/1.1 200 OK
Content-Type: application/json; charset=utf-8
cache-control: no-cache
content-length: 14

16:25:30.852 [AsyncHttpClient-1-9] DEBUG org.asynchttpclient.netty.channel.ChannelManager - Adding key: http://localhost:58883 for channel [id: 0x2a7b8a76, L:/127.0.0.1:55096 - R:localhost/127.0.0.1:58883]
16:25:30.855 [Forwarding findElement on session 63889a828566c43b5b5776baedaa0443 to remote] DEBUG org.asynchttpclient.netty.request.NettyRequestSender - Using pooled Channel '[id: 0x2a7b8a76, L:/127.0.0.1:55096 - R:localhost/127.0.0.1:58883]' for 'POST' to 'http://localhost:58883/session/63889a828566c43b5b5776baedaa0443/element'
16:25:30.856 [Forwarding findElement on session 63889a828566c43b5b5776baedaa0443 to remote] DEBUG org.asynchttpclient.netty.request.NettyRequestSender - Using open Channel [id: 0x2a7b8a76, L:/127.0.0.1:55096 - R:localhost/127.0.0.1:58883] for POST '/session/63889a828566c43b5b5776baedaa0443/element'
16:25:30.865 [AsyncHttpClient-1-9] DEBUG org.asynchttpclient.netty.handler.HttpHandler - 

Request DefaultHttpRequest(decodeResult: success, version: HTTP/1.1)
POST /session/63889a828566c43b5b5776baedaa0443/element HTTP/1.1
User-Agent: selenium/4.1.2 (java windows)
Content-Length: 136
Content-Type: application/json; charset=utf-8
host: localhost:58883
accept: */*

Response DefaultHttpResponse(decodeResult: success, version: HTTP/1.1)
HTTP/1.1 200 OK
Content-Type: application/json; charset=utf-8
cache-control: no-cache
content-length: 88

16:25:30.865 [AsyncHttpClient-1-9] DEBUG org.asynchttpclient.netty.channel.ChannelManager - Adding key: http://localhost:58883 for channel [id: 0x2a7b8a76, L:/127.0.0.1:55096 - R:localhost/127.0.0.1:58883]
16:25:30.865 [Forwarding clickElement on session 63889a828566c43b5b5776baedaa0443 to remote] DEBUG org.asynchttpclient.netty.request.NettyRequestSender - Using pooled Channel '[id: 0x2a7b8a76, L:/127.0.0.1:55096 - R:localhost/127.0.0.1:58883]' for 'POST' to 'http://localhost:58883/session/63889a828566c43b5b5776baedaa0443/element/2d80ab9e-2329-46d5-909d-3a55071bba8f/click'
16:25:30.865 [Forwarding clickElement on session 63889a828566c43b5b5776baedaa0443 to remote] DEBUG org.asynchttpclient.netty.request.NettyRequestSender - Using open Channel [id: 0x2a7b8a76, L:/127.0.0.1:55096 - R:localhost/127.0.0.1:58883] for POST '/session/63889a828566c43b5b5776baedaa0443/element/2d80ab9e-2329-46d5-909d-3a55071bba8f/click'
16:25:30.914 [AsyncHttpClient-1-9] DEBUG org.asynchttpclient.netty.handler.HttpHandler - 

Request DefaultHttpRequest(decodeResult: success, version: HTTP/1.1)
POST /session/63889a828566c43b5b5776baedaa0443/element/2d80ab9e-2329-46d5-909d-3a55071bba8f/click HTTP/1.1
User-Agent: selenium/4.1.2 (java windows)
Content-Length: 50
Content-Type: application/json; charset=utf-8
host: localhost:58883
accept: */*

Response DefaultHttpResponse(decodeResult: success, version: HTTP/1.1)
HTTP/1.1 200 OK
Content-Type: application/json; charset=utf-8
cache-control: no-cache
content-length: 14

16:25:30.914 [AsyncHttpClient-1-9] DEBUG org.asynchttpclient.netty.channel.ChannelManager - Adding key: http://localhost:58883 for channel [id: 0x2a7b8a76, L:/127.0.0.1:55096 - R:localhost/127.0.0.1:58883]
16:25:30.915 [Forwarding screenshot on session 63889a828566c43b5b5776baedaa0443 to remote] DEBUG org.asynchttpclient.netty.request.NettyRequestSender - Using pooled Channel '[id: 0x2a7b8a76, L:/127.0.0.1:55096 - R:localhost/127.0.0.1:58883]' for 'GET' to 'http://localhost:58883/session/63889a828566c43b5b5776baedaa0443/screenshot'
16:25:30.915 [Forwarding screenshot on session 63889a828566c43b5b5776baedaa0443 to remote] DEBUG org.asynchttpclient.netty.request.NettyRequestSender - Using open Channel [id: 0x2a7b8a76, L:/127.0.0.1:55096 - R:localhost/127.0.0.1:58883] for GET '/session/63889a828566c43b5b5776baedaa0443/screenshot'
16:25:31.121 [AsyncHttpClient-1-9] DEBUG org.asynchttpclient.netty.handler.HttpHandler - 

Request DefaultFullHttpRequest(decodeResult: success, version: HTTP/1.1, content: EmptyByteBufBE)
GET /session/63889a828566c43b5b5776baedaa0443/screenshot HTTP/1.1
User-Agent: selenium/4.1.2 (java windows)
Cache-Control: no-cache
Content-Type: application/json; charset=utf-8
host: localhost:58883
accept: */*

Response DefaultHttpResponse(decodeResult: success, version: HTTP/1.1)
HTTP/1.1 200 OK
Content-Type: application/json; charset=utf-8
cache-control: no-cache
content-length: 30564

16:25:31.121 [AsyncHttpClient-1-9] DEBUG org.asynchttpclient.netty.channel.ChannelManager - Adding key: http://localhost:58883 for channel [id: 0x2a7b8a76, L:/127.0.0.1:55096 - R:localhost/127.0.0.1:58883]
16:25:31.123 [main] DEBUG net.serenitybdd.core.photography.Darkroom - Send negative for processing for target\site\serenity\030806f87173b5814cb51b288fb2dac110bc40243c711af5e614a27b39484fa3.png
16:25:31.123 [main] DEBUG net.thucydides.core.steps.StepInterceptor - STEP DONE: clickLoginButton
  &amp#27;[32mAnd &amp#27;[0m&amp#27;[32mI Click login button&amp#27;[0m               &amp#27;[90m# Starter.StepDefinitions.LogoutStep.clickLoginButton()&amp#27;[0m
16:25:31.123 [Darkroom Processing Line] DEBUG net.serenitybdd.core.photography.DarkroomProcessingLine - Processing screenshot image in /var/screenshots/screenshot-3430793321366834282
16:25:31.123 [Darkroom Processing Line] DEBUG net.serenitybdd.core.photography.DarkroomProcessingLine - Saving screenshot to target\site\serenity\030806f87173b5814cb51b288fb2dac110bc40243c711af5e614a27b39484fa3.png
16:25:31.140 [main] DEBUG net.thucydides.core.steps.StepInterceptor - STARTING STEP: LogoutStep.clickButtonAccount - clickButtonAccount
16:25:31.151 [Forwarding findElement on session 63889a828566c43b5b5776baedaa0443 to remote] DEBUG org.asynchttpclient.netty.request.NettyRequestSender - Using pooled Channel '[id: 0x2a7b8a76, L:/127.0.0.1:55096 - R:localhost/127.0.0.1:58883]' for 'POST' to 'http://localhost:58883/session/63889a828566c43b5b5776baedaa0443/element'
16:25:31.151 [Forwarding findElement on session 63889a828566c43b5b5776baedaa0443 to remote] DEBUG org.asynchttpclient.netty.request.NettyRequestSender - Using open Channel [id: 0x2a7b8a76, L:/127.0.0.1:55096 - R:localhost/127.0.0.1:58883] for POST '/session/63889a828566c43b5b5776baedaa0443/element'
16:25:31.196 [AsyncHttpClient-1-9] DEBUG org.asynchttpclient.netty.handler.HttpHandler - 

Request DefaultHttpRequest(decodeResult: success, version: HTTP/1.1)
POST /session/63889a828566c43b5b5776baedaa0443/element HTTP/1.1
User-Agent: selenium/4.1.2 (java windows)
Content-Length: 103
Content-Type: application/json; charset=utf-8
host: localhost:58883
accept: */*

Response DefaultHttpResponse(decodeResult: success, version: HTTP/1.1)
HTTP/1.1 200 OK
Content-Type: application/json; charset=utf-8
cache-control: no-cache
content-length: 88

16:25:31.197 [AsyncHttpClient-1-9] DEBUG org.asynchttpclient.netty.channel.ChannelManager - Adding key: http://localhost:58883 for channel [id: 0x2a7b8a76, L:/127.0.0.1:55096 - R:localhost/127.0.0.1:58883]
16:25:31.199 [Forwarding getElementTagName on session 63889a828566c43b5b5776baedaa0443 to remote] DEBUG org.asynchttpclient.netty.request.NettyRequestSender - Using pooled Channel '[id: 0x2a7b8a76, L:/127.0.0.1:55096 - R:localhost/127.0.0.1:58883]' for 'GET' to 'http://localhost:58883/session/63889a828566c43b5b5776baedaa0443/element/35bf9394-ec13-4693-87ce-0704883ce418/name'
16:25:31.199 [Forwarding getElementTagName on session 63889a828566c43b5b5776baedaa0443 to remote] DEBUG org.asynchttpclient.netty.request.NettyRequestSender - Using open Channel [id: 0x2a7b8a76, L:/127.0.0.1:55096 - R:localhost/127.0.0.1:58883] for GET '/session/63889a828566c43b5b5776baedaa0443/element/35bf9394-ec13-4693-87ce-0704883ce418/name'
16:25:31.202 [AsyncHttpClient-1-9] DEBUG org.asynchttpclient.netty.handler.HttpHandler - 

Request DefaultFullHttpRequest(decodeResult: success, version: HTTP/1.1, content: EmptyByteBufBE)
GET /session/63889a828566c43b5b5776baedaa0443/element/35bf9394-ec13-4693-87ce-0704883ce418/name HTTP/1.1
User-Agent: selenium/4.1.2 (java windows)
Cache-Control: no-cache
Content-Type: application/json; charset=utf-8
host: localhost:58883
accept: */*

Response DefaultHttpResponse(decodeResult: success, version: HTTP/1.1)
HTTP/1.1 200 OK
Content-Type: application/json; charset=utf-8
cache-control: no-cache
content-length: 13

16:25:31.202 [AsyncHttpClient-1-9] DEBUG org.asynchttpclient.netty.channel.ChannelManager - Adding key: http://localhost:58883 for channel [id: 0x2a7b8a76, L:/127.0.0.1:55096 - R:localhost/127.0.0.1:58883]
16:25:31.202 [Forwarding getElementTagName on session 63889a828566c43b5b5776baedaa0443 to remote] DEBUG org.asynchttpclient.netty.request.NettyRequestSender - Using pooled Channel '[id: 0x2a7b8a76, L:/127.0.0.1:55096 - R:localhost/127.0.0.1:58883]' for 'GET' to 'http://localhost:58883/session/63889a828566c43b5b5776baedaa0443/element/35bf9394-ec13-4693-87ce-0704883ce418/name'
16:25:31.202 [Forwarding getElementTagName on session 63889a828566c43b5b5776baedaa0443 to remote] DEBUG org.asynchttpclient.netty.request.NettyRequestSender - Using open Channel [id: 0x2a7b8a76, L:/127.0.0.1:55096 - R:localhost/127.0.0.1:58883] for GET '/session/63889a828566c43b5b5776baedaa0443/element/35bf9394-ec13-4693-87ce-0704883ce418/name'
16:25:31.209 [AsyncHttpClient-1-9] DEBUG org.asynchttpclient.netty.handler.HttpHandler - 

Request DefaultFullHttpRequest(decodeResult: success, version: HTTP/1.1, content: EmptyByteBufBE)
GET /session/63889a828566c43b5b5776baedaa0443/element/35bf9394-ec13-4693-87ce-0704883ce418/name HTTP/1.1
User-Agent: selenium/4.1.2 (java windows)
Cache-Control: no-cache
Content-Type: application/json; charset=utf-8
host: localhost:58883
accept: */*

Response DefaultHttpResponse(decodeResult: success, version: HTTP/1.1)
HTTP/1.1 200 OK
Content-Type: application/json; charset=utf-8
cache-control: no-cache
content-length: 13

16:25:31.209 [AsyncHttpClient-1-9] DEBUG org.asynchttpclient.netty.channel.ChannelManager - Adding key: http://localhost:58883 for channel [id: 0x2a7b8a76, L:/127.0.0.1:55096 - R:localhost/127.0.0.1:58883]
16:25:31.212 [Forwarding findElement on session 63889a828566c43b5b5776baedaa0443 to remote] DEBUG org.asynchttpclient.netty.request.NettyRequestSender - Using pooled Channel '[id: 0x2a7b8a76, L:/127.0.0.1:55096 - R:localhost/127.0.0.1:58883]' for 'POST' to 'http://localhost:58883/session/63889a828566c43b5b5776baedaa0443/element'
16:25:31.213 [Forwarding findElement on session 63889a828566c43b5b5776baedaa0443 to remote] DEBUG org.asynchttpclient.netty.request.NettyRequestSender - Using open Channel [id: 0x2a7b8a76, L:/127.0.0.1:55096 - R:localhost/127.0.0.1:58883] for POST '/session/63889a828566c43b5b5776baedaa0443/element'
16:25:31.221 [AsyncHttpClient-1-9] DEBUG org.asynchttpclient.netty.handler.HttpHandler - 

Request DefaultHttpRequest(decodeResult: success, version: HTTP/1.1)
POST /session/63889a828566c43b5b5776baedaa0443/element HTTP/1.1
User-Agent: selenium/4.1.2 (java windows)
Content-Length: 103
Content-Type: application/json; charset=utf-8
host: localhost:58883
accept: */*

Response DefaultHttpResponse(decodeResult: success, version: HTTP/1.1)
HTTP/1.1 200 OK
Content-Type: application/json; charset=utf-8
cache-control: no-cache
content-length: 88

16:25:31.221 [AsyncHttpClient-1-9] DEBUG org.asynchttpclient.netty.channel.ChannelManager - Adding key: http://localhost:58883 for channel [id: 0x2a7b8a76, L:/127.0.0.1:55096 - R:localhost/127.0.0.1:58883]
16:25:31.223 [Forwarding clickElement on session 63889a828566c43b5b5776baedaa0443 to remote] DEBUG org.asynchttpclient.netty.request.NettyRequestSender - Using pooled Channel '[id: 0x2a7b8a76, L:/127.0.0.1:55096 - R:localhost/127.0.0.1:58883]' for 'POST' to 'http://localhost:58883/session/63889a828566c43b5b5776baedaa0443/element/35bf9394-ec13-4693-87ce-0704883ce418/click'
16:25:31.223 [Forwarding clickElement on session 63889a828566c43b5b5776baedaa0443 to remote] DEBUG org.asynchttpclient.netty.request.NettyRequestSender - Using open Channel [id: 0x2a7b8a76, L:/127.0.0.1:55096 - R:localhost/127.0.0.1:58883] for POST '/session/63889a828566c43b5b5776baedaa0443/element/35bf9394-ec13-4693-87ce-0704883ce418/click'
16:25:31.297 [AsyncHttpClient-1-9] DEBUG org.asynchttpclient.netty.handler.HttpHandler - 

Request DefaultHttpRequest(decodeResult: success, version: HTTP/1.1)
POST /session/63889a828566c43b5b5776baedaa0443/element/35bf9394-ec13-4693-87ce-0704883ce418/click HTTP/1.1
User-Agent: selenium/4.1.2 (java windows)
Content-Length: 50
Content-Type: application/json; charset=utf-8
host: localhost:58883
accept: */*

Response DefaultHttpResponse(decodeResult: success, version: HTTP/1.1)
HTTP/1.1 200 OK
Content-Type: application/json; charset=utf-8
cache-control: no-cache
content-length: 14

16:25:31.298 [AsyncHttpClient-1-9] DEBUG org.asynchttpclient.netty.channel.ChannelManager - Adding key: http://localhost:58883 for channel [id: 0x2a7b8a76, L:/127.0.0.1:55096 - R:localhost/127.0.0.1:58883]
16:25:31.305 [Forwarding screenshot on session 63889a828566c43b5b5776baedaa0443 to remote] DEBUG org.asynchttpclient.netty.request.NettyRequestSender - Using pooled Channel '[id: 0x2a7b8a76, L:/127.0.0.1:55096 - R:localhost/127.0.0.1:58883]' for 'GET' to 'http://localhost:58883/session/63889a828566c43b5b5776baedaa0443/screenshot'
16:25:31.305 [Forwarding screenshot on session 63889a828566c43b5b5776baedaa0443 to remote] DEBUG org.asynchttpclient.netty.request.NettyRequestSender - Using open Channel [id: 0x2a7b8a76, L:/127.0.0.1:55096 - R:localhost/127.0.0.1:58883] for GET '/session/63889a828566c43b5b5776baedaa0443/screenshot'
16:25:31.571 [AsyncHttpClient-1-9] DEBUG org.asynchttpclient.netty.handler.HttpHandler - 

Request DefaultFullHttpRequest(decodeResult: success, version: HTTP/1.1, content: EmptyByteBufBE)
GET /session/63889a828566c43b5b5776baedaa0443/screenshot HTTP/1.1
User-Agent: selenium/4.1.2 (java windows)
Cache-Control: no-cache
Content-Type: application/json; charset=utf-8
host: localhost:58883
accept: */*

Response DefaultHttpResponse(decodeResult: success, version: HTTP/1.1)
HTTP/1.1 200 OK
Content-Type: application/json; charset=utf-8
cache-control: no-cache
content-length: 46972

16:25:31.575 [AsyncHttpClient-1-9] DEBUG org.asynchttpclient.netty.channel.ChannelManager - Adding key: http://localhost:58883 for channel [id: 0x2a7b8a76, L:/127.0.0.1:55096 - R:localhost/127.0.0.1:58883]
16:25:31.579 [main] DEBUG net.serenitybdd.core.photography.Darkroom - Send negative for processing for target\site\serenity\a10e4b0b0ebf20c3e85842965c42dd2228d373b5566786115a392bf96c71fbe3.png
16:25:31.579 [main] DEBUG net.thucydides.core.steps.StepInterceptor - STEP DONE: clickButtonAccount
  &amp#27;[32mWhen &amp#27;[0m&amp#27;[32mI Click button account&amp#27;[0m            &amp#27;[90m# Starter.StepDefinitions.LogoutStep.clickButtonAccount()&amp#27;[0m
16:25:31.579 [Darkroom Processing Line] DEBUG net.serenitybdd.core.photography.DarkroomProcessingLine - Processing screenshot image in /var/screenshots/screenshot-8836662948609064249
16:25:31.579 [Darkroom Processing Line] DEBUG net.serenitybdd.core.photography.DarkroomProcessingLine - Saving screenshot to target\site\serenity\a10e4b0b0ebf20c3e85842965c42dd2228d373b5566786115a392bf96c71fbe3.png
16:25:31.596 [main] DEBUG net.thucydides.core.steps.StepInterceptor - STARTING STEP: LogoutStep.iClickButtonLogout - clickButtonLogout
16:25:31.597 [Forwarding findElement on session 63889a828566c43b5b5776baedaa0443 to remote] DEBUG org.asynchttpclient.netty.request.NettyRequestSender - Using pooled Channel '[id: 0x2a7b8a76, L:/127.0.0.1:55096 - R:localhost/127.0.0.1:58883]' for 'POST' to 'http://localhost:58883/session/63889a828566c43b5b5776baedaa0443/element'
16:25:31.597 [Forwarding findElement on session 63889a828566c43b5b5776baedaa0443 to remote] DEBUG org.asynchttpclient.netty.request.NettyRequestSender - Using open Channel [id: 0x2a7b8a76, L:/127.0.0.1:55096 - R:localhost/127.0.0.1:58883] for POST '/session/63889a828566c43b5b5776baedaa0443/element'
16:25:31.612 [AsyncHttpClient-1-9] DEBUG org.asynchttpclient.netty.handler.HttpHandler - 

Request DefaultHttpRequest(decodeResult: success, version: HTTP/1.1)
POST /session/63889a828566c43b5b5776baedaa0443/element HTTP/1.1
User-Agent: selenium/4.1.2 (java windows)
Content-Length: 107
Content-Type: application/json; charset=utf-8
host: localhost:58883
accept: */*

Response DefaultHttpResponse(decodeResult: success, version: HTTP/1.1)
HTTP/1.1 200 OK
Content-Type: application/json; charset=utf-8
cache-control: no-cache
content-length: 88

16:25:31.612 [AsyncHttpClient-1-9] DEBUG org.asynchttpclient.netty.channel.ChannelManager - Adding key: http://localhost:58883 for channel [id: 0x2a7b8a76, L:/127.0.0.1:55096 - R:localhost/127.0.0.1:58883]
16:25:31.613 [Forwarding getElementTagName on session 63889a828566c43b5b5776baedaa0443 to remote] DEBUG org.asynchttpclient.netty.request.NettyRequestSender - Using pooled Channel '[id: 0x2a7b8a76, L:/127.0.0.1:55096 - R:localhost/127.0.0.1:58883]' for 'GET' to 'http://localhost:58883/session/63889a828566c43b5b5776baedaa0443/element/e499f2b1-aa18-46df-9408-770a70b62828/name'
16:25:31.613 [Forwarding getElementTagName on session 63889a828566c43b5b5776baedaa0443 to remote] DEBUG org.asynchttpclient.netty.request.NettyRequestSender - Using open Channel [id: 0x2a7b8a76, L:/127.0.0.1:55096 - R:localhost/127.0.0.1:58883] for GET '/session/63889a828566c43b5b5776baedaa0443/element/e499f2b1-aa18-46df-9408-770a70b62828/name'
16:25:31.618 [AsyncHttpClient-1-9] DEBUG org.asynchttpclient.netty.handler.HttpHandler - 

Request DefaultFullHttpRequest(decodeResult: success, version: HTTP/1.1, content: EmptyByteBufBE)
GET /session/63889a828566c43b5b5776baedaa0443/element/e499f2b1-aa18-46df-9408-770a70b62828/name HTTP/1.1
User-Agent: selenium/4.1.2 (java windows)
Cache-Control: no-cache
Content-Type: application/json; charset=utf-8
host: localhost:58883
accept: */*

Response DefaultHttpResponse(decodeResult: success, version: HTTP/1.1)
HTTP/1.1 200 OK
Content-Type: application/json; charset=utf-8
cache-control: no-cache
content-length: 13

16:25:31.618 [AsyncHttpClient-1-9] DEBUG org.asynchttpclient.netty.channel.ChannelManager - Adding key: http://localhost:58883 for channel [id: 0x2a7b8a76, L:/127.0.0.1:55096 - R:localhost/127.0.0.1:58883]
16:25:31.618 [Forwarding getElementTagName on session 63889a828566c43b5b5776baedaa0443 to remote] DEBUG org.asynchttpclient.netty.request.NettyRequestSender - Using pooled Channel '[id: 0x2a7b8a76, L:/127.0.0.1:55096 - R:localhost/127.0.0.1:58883]' for 'GET' to 'http://localhost:58883/session/63889a828566c43b5b5776baedaa0443/element/e499f2b1-aa18-46df-9408-770a70b62828/name'
16:25:31.618 [Forwarding getElementTagName on session 63889a828566c43b5b5776baedaa0443 to remote] DEBUG org.asynchttpclient.netty.request.NettyRequestSender - Using open Channel [id: 0x2a7b8a76, L:/127.0.0.1:55096 - R:localhost/127.0.0.1:58883] for GET '/session/63889a828566c43b5b5776baedaa0443/element/e499f2b1-aa18-46df-9408-770a70b62828/name'
16:25:31.623 [AsyncHttpClient-1-9] DEBUG org.asynchttpclient.netty.handler.HttpHandler - 

Request DefaultFullHttpRequest(decodeResult: success, version: HTTP/1.1, content: EmptyByteBufBE)
GET /session/63889a828566c43b5b5776baedaa0443/element/e499f2b1-aa18-46df-9408-770a70b62828/name HTTP/1.1
User-Agent: selenium/4.1.2 (java windows)
Cache-Control: no-cache
Content-Type: application/json; charset=utf-8
host: localhost:58883
accept: */*

Response DefaultHttpResponse(decodeResult: success, version: HTTP/1.1)
HTTP/1.1 200 OK
Content-Type: application/json; charset=utf-8
cache-control: no-cache
content-length: 13

16:25:31.623 [AsyncHttpClient-1-9] DEBUG org.asynchttpclient.netty.channel.ChannelManager - Adding key: http://localhost:58883 for channel [id: 0x2a7b8a76, L:/127.0.0.1:55096 - R:localhost/127.0.0.1:58883]
16:25:31.626 [Forwarding findElement on session 63889a828566c43b5b5776baedaa0443 to remote] DEBUG org.asynchttpclient.netty.request.NettyRequestSender - Using pooled Channel '[id: 0x2a7b8a76, L:/127.0.0.1:55096 - R:localhost/127.0.0.1:58883]' for 'POST' to 'http://localhost:58883/session/63889a828566c43b5b5776baedaa0443/element'
16:25:31.626 [Forwarding findElement on session 63889a828566c43b5b5776baedaa0443 to remote] DEBUG org.asynchttpclient.netty.request.NettyRequestSender - Using open Channel [id: 0x2a7b8a76, L:/127.0.0.1:55096 - R:localhost/127.0.0.1:58883] for POST '/session/63889a828566c43b5b5776baedaa0443/element'
16:25:31.635 [AsyncHttpClient-1-9] DEBUG org.asynchttpclient.netty.handler.HttpHandler - 

Request DefaultHttpRequest(decodeResult: success, version: HTTP/1.1)
POST /session/63889a828566c43b5b5776baedaa0443/element HTTP/1.1
User-Agent: selenium/4.1.2 (java windows)
Content-Length: 107
Content-Type: application/json; charset=utf-8
host: localhost:58883
accept: */*

Response DefaultHttpResponse(decodeResult: success, version: HTTP/1.1)
HTTP/1.1 200 OK
Content-Type: application/json; charset=utf-8
cache-control: no-cache
content-length: 88

16:25:31.635 [AsyncHttpClient-1-9] DEBUG org.asynchttpclient.netty.channel.ChannelManager - Adding key: http://localhost:58883 for channel [id: 0x2a7b8a76, L:/127.0.0.1:55096 - R:localhost/127.0.0.1:58883]
16:25:31.636 [Forwarding clickElement on session 63889a828566c43b5b5776baedaa0443 to remote] DEBUG org.asynchttpclient.netty.request.NettyRequestSender - Using pooled Channel '[id: 0x2a7b8a76, L:/127.0.0.1:55096 - R:localhost/127.0.0.1:58883]' for 'POST' to 'http://localhost:58883/session/63889a828566c43b5b5776baedaa0443/element/e499f2b1-aa18-46df-9408-770a70b62828/click'
16:25:31.636 [Forwarding clickElement on session 63889a828566c43b5b5776baedaa0443 to remote] DEBUG org.asynchttpclient.netty.request.NettyRequestSender - Using open Channel [id: 0x2a7b8a76, L:/127.0.0.1:55096 - R:localhost/127.0.0.1:58883] for POST '/session/63889a828566c43b5b5776baedaa0443/element/e499f2b1-aa18-46df-9408-770a70b62828/click'
16:25:31.730 [AsyncHttpClient-1-9] DEBUG org.asynchttpclient.netty.handler.HttpHandler - 

Request DefaultHttpRequest(decodeResult: success, version: HTTP/1.1)
POST /session/63889a828566c43b5b5776baedaa0443/element/e499f2b1-aa18-46df-9408-770a70b62828/click HTTP/1.1
User-Agent: selenium/4.1.2 (java windows)
Content-Length: 50
Content-Type: application/json; charset=utf-8
host: localhost:58883
accept: */*

Response DefaultHttpResponse(decodeResult: success, version: HTTP/1.1)
HTTP/1.1 200 OK
Content-Type: application/json; charset=utf-8
cache-control: no-cache
content-length: 14

16:25:31.730 [AsyncHttpClient-1-9] DEBUG org.asynchttpclient.netty.channel.ChannelManager - Adding key: http://localhost:58883 for channel [id: 0x2a7b8a76, L:/127.0.0.1:55096 - R:localhost/127.0.0.1:58883]
16:25:31.730 [Forwarding screenshot on session 63889a828566c43b5b5776baedaa0443 to remote] DEBUG org.asynchttpclient.netty.request.NettyRequestSender - Using pooled Channel '[id: 0x2a7b8a76, L:/127.0.0.1:55096 - R:localhost/127.0.0.1:58883]' for 'GET' to 'http://localhost:58883/session/63889a828566c43b5b5776baedaa0443/screenshot'
16:25:31.735 [Forwarding screenshot on session 63889a828566c43b5b5776baedaa0443 to remote] DEBUG org.asynchttpclient.netty.request.NettyRequestSender - Using open Channel [id: 0x2a7b8a76, L:/127.0.0.1:55096 - R:localhost/127.0.0.1:58883] for GET '/session/63889a828566c43b5b5776baedaa0443/screenshot'
16:25:31.816 [AsyncHttpClient-1-1] DEBUG org.asynchttpclient.netty.channel.DefaultChannelPool - Entry count for : http://localhost:55097 : 1
16:25:31.859 [AsyncHttpClient-1-9] DEBUG org.asynchttpclient.netty.handler.HttpHandler - 

Request DefaultFullHttpRequest(decodeResult: success, version: HTTP/1.1, content: EmptyByteBufBE)
GET /session/63889a828566c43b5b5776baedaa0443/screenshot HTTP/1.1
User-Agent: selenium/4.1.2 (java windows)
Cache-Control: no-cache
Content-Type: application/json; charset=utf-8
host: localhost:58883
accept: */*

Response DefaultHttpResponse(decodeResult: success, version: HTTP/1.1)
HTTP/1.1 200 OK
Content-Type: application/json; charset=utf-8
cache-control: no-cache
content-length: 24940

16:25:31.859 [AsyncHttpClient-1-9] DEBUG org.asynchttpclient.netty.channel.ChannelManager - Adding key: http://localhost:58883 for channel [id: 0x2a7b8a76, L:/127.0.0.1:55096 - R:localhost/127.0.0.1:58883]
16:25:31.859 [main] DEBUG net.serenitybdd.core.photography.Darkroom - Send negative for processing for target\site\serenity\11023edac3681808080020daf60d8cb00148736924ac340653f27273a0570072.png
16:25:31.859 [main] DEBUG net.thucydides.core.steps.StepInterceptor - STEP DONE: clickButtonLogout
  &amp#27;[32mAnd &amp#27;[0m&amp#27;[32mI choose button logout&amp#27;[0m             &amp#27;[90m# Starter.StepDefinitions.LogoutStep.iClickButtonLogout()&amp#27;[0m
16:25:31.859 [main] DEBUG net.thucydides.core.steps.StepInterceptor - STARTING STEP: LogoutStep.iGetSuccessLogout - headerAppears
16:25:31.859 [Forwarding findElement on session 63889a828566c43b5b5776baedaa0443 to remote] DEBUG org.asynchttpclient.netty.request.NettyRequestSender - Using pooled Channel '[id: 0x2a7b8a76, L:/127.0.0.1:55096 - R:localhost/127.0.0.1:58883]' for 'POST' to 'http://localhost:58883/session/63889a828566c43b5b5776baedaa0443/element'
16:25:31.859 [Forwarding findElement on session 63889a828566c43b5b5776baedaa0443 to remote] DEBUG org.asynchttpclient.netty.request.NettyRequestSender - Using open Channel [id: 0x2a7b8a76, L:/127.0.0.1:55096 - R:localhost/127.0.0.1:58883] for POST '/session/63889a828566c43b5b5776baedaa0443/element'
16:25:31.877 [AsyncHttpClient-1-9] DEBUG org.asynchttpclient.netty.handler.HttpHandler - 

Request DefaultHttpRequest(decodeResult: success, version: HTTP/1.1)
POST /session/63889a828566c43b5b5776baedaa0443/element HTTP/1.1
User-Agent: selenium/4.1.2 (java windows)
Content-Length: 70
Content-Type: application/json; charset=utf-8
host: localhost:58883
accept: */*

Response DefaultHttpResponse(decodeResult: success, version: HTTP/1.1)
HTTP/1.1 200 OK
Content-Type: application/json; charset=utf-8
cache-control: no-cache
content-length: 88

16:25:31.877 [AsyncHttpClient-1-9] DEBUG org.asynchttpclient.netty.channel.ChannelManager - Adding key: http://localhost:58883 for channel [id: 0x2a7b8a76, L:/127.0.0.1:55096 - R:localhost/127.0.0.1:58883]
16:25:31.883 [Forwarding isElementDisplayed on session 63889a828566c43b5b5776baedaa0443 to remote] DEBUG org.asynchttpclient.netty.request.NettyRequestSender - Using pooled Channel '[id: 0x2a7b8a76, L:/127.0.0.1:55096 - R:localhost/127.0.0.1:58883]' for 'POST' to 'http://localhost:58883/session/63889a828566c43b5b5776baedaa0443/execute/sync'
16:25:31.883 [Forwarding isElementDisplayed on session 63889a828566c43b5b5776baedaa0443 to remote] DEBUG org.asynchttpclient.netty.request.NettyRequestSender - Using open Channel [id: 0x2a7b8a76, L:/127.0.0.1:55096 - R:localhost/127.0.0.1:58883] for POST '/session/63889a828566c43b5b5776baedaa0443/execute/sync'
16:25:31.902 [AsyncHttpClient-1-9] DEBUG org.asynchttpclient.netty.handler.HttpHandler - 

Request DefaultHttpRequest(decodeResult: success, version: HTTP/1.1)
POST /session/63889a828566c43b5b5776baedaa0443/execute/sync HTTP/1.1
User-Agent: selenium/4.1.2 (java windows)
Content-Length: 48780
Content-Type: application/json; charset=utf-8
host: localhost:58883
accept: */*

Response DefaultHttpResponse(decodeResult: success, version: HTTP/1.1)
HTTP/1.1 200 OK
Content-Type: application/json; charset=utf-8
cache-control: no-cache
content-length: 14

16:25:31.902 [AsyncHttpClient-1-9] DEBUG org.asynchttpclient.netty.channel.ChannelManager - Adding key: http://localhost:58883 for channel [id: 0x2a7b8a76, L:/127.0.0.1:55096 - R:localhost/127.0.0.1:58883]
16:25:31.902 [main] DEBUG net.thucydides.core.steps.StepInterceptor - STEP DONE: headerAppears
16:25:31.902 [main] DEBUG net.thucydides.core.steps.StepInterceptor - STARTING STEP: LogoutStep.iGetSuccessLogout - headerTextEqual
16:25:31.911 [Forwarding findElement on session 63889a828566c43b5b5776baedaa0443 to remote] DEBUG org.asynchttpclient.netty.request.NettyRequestSender - Using pooled Channel '[id: 0x2a7b8a76, L:/127.0.0.1:55096 - R:localhost/127.0.0.1:58883]' for 'POST' to 'http://localhost:58883/session/63889a828566c43b5b5776baedaa0443/element'
16:25:31.911 [Forwarding findElement on session 63889a828566c43b5b5776baedaa0443 to remote] DEBUG org.asynchttpclient.netty.request.NettyRequestSender - Using open Channel [id: 0x2a7b8a76, L:/127.0.0.1:55096 - R:localhost/127.0.0.1:58883] for POST '/session/63889a828566c43b5b5776baedaa0443/element'
16:25:31.917 [AsyncHttpClient-1-9] DEBUG org.asynchttpclient.netty.handler.HttpHandler - 

Request DefaultHttpRequest(decodeResult: success, version: HTTP/1.1)
POST /session/63889a828566c43b5b5776baedaa0443/element HTTP/1.1
User-Agent: selenium/4.1.2 (java windows)
Content-Length: 70
Content-Type: application/json; charset=utf-8
host: localhost:58883
accept: */*

Response DefaultHttpResponse(decodeResult: success, version: HTTP/1.1)
HTTP/1.1 200 OK
Content-Type: application/json; charset=utf-8
cache-control: no-cache
content-length: 88

16:25:31.917 [AsyncHttpClient-1-9] DEBUG org.asynchttpclient.netty.channel.ChannelManager - Adding key: http://localhost:58883 for channel [id: 0x2a7b8a76, L:/127.0.0.1:55096 - R:localhost/127.0.0.1:58883]
16:25:31.917 [Forwarding getElementText on session 63889a828566c43b5b5776baedaa0443 to remote] DEBUG org.asynchttpclient.netty.request.NettyRequestSender - Using pooled Channel '[id: 0x2a7b8a76, L:/127.0.0.1:55096 - R:localhost/127.0.0.1:58883]' for 'GET' to 'http://localhost:58883/session/63889a828566c43b5b5776baedaa0443/element/8a052692-4328-45b2-a563-0f4526f4353b/text'
16:25:31.917 [Forwarding getElementText on session 63889a828566c43b5b5776baedaa0443 to remote] DEBUG org.asynchttpclient.netty.request.NettyRequestSender - Using open Channel [id: 0x2a7b8a76, L:/127.0.0.1:55096 - R:localhost/127.0.0.1:58883] for GET '/session/63889a828566c43b5b5776baedaa0443/element/8a052692-4328-45b2-a563-0f4526f4353b/text'
16:25:31.928 [AsyncHttpClient-1-9] DEBUG org.asynchttpclient.netty.handler.HttpHandler - 

Request DefaultFullHttpRequest(decodeResult: success, version: HTTP/1.1, content: EmptyByteBufBE)
GET /session/63889a828566c43b5b5776baedaa0443/element/8a052692-4328-45b2-a563-0f4526f4353b/text HTTP/1.1
User-Agent: selenium/4.1.2 (java windows)
Cache-Control: no-cache
Content-Type: application/json; charset=utf-8
host: localhost:58883
accept: */*

Response DefaultHttpResponse(decodeResult: success, version: HTTP/1.1)
HTTP/1.1 200 OK
Content-Type: application/json; charset=utf-8
cache-control: no-cache
content-length: 17

16:25:31.928 [AsyncHttpClient-1-9] DEBUG org.asynchttpclient.netty.channel.ChannelManager - Adding key: http://localhost:58883 for channel [id: 0x2a7b8a76, L:/127.0.0.1:55096 - R:localhost/127.0.0.1:58883]
16:25:31.928 [Forwarding screenshot on session 63889a828566c43b5b5776baedaa0443 to remote] DEBUG org.asynchttpclient.netty.request.NettyRequestSender - Using pooled Channel '[id: 0x2a7b8a76, L:/127.0.0.1:55096 - R:localhost/127.0.0.1:58883]' for 'GET' to 'http://localhost:58883/session/63889a828566c43b5b5776baedaa0443/screenshot'
16:25:31.928 [Forwarding screenshot on session 63889a828566c43b5b5776baedaa0443 to remote] DEBUG org.asynchttpclient.netty.request.NettyRequestSender - Using open Channel [id: 0x2a7b8a76, L:/127.0.0.1:55096 - R:localhost/127.0.0.1:58883] for GET '/session/63889a828566c43b5b5776baedaa0443/screenshot'
16:25:32.017 [AsyncHttpClient-1-9] DEBUG org.asynchttpclient.netty.handler.HttpHandler - 

Request DefaultFullHttpRequest(decodeResult: success, version: HTTP/1.1, content: EmptyByteBufBE)
GET /session/63889a828566c43b5b5776baedaa0443/screenshot HTTP/1.1
User-Agent: selenium/4.1.2 (java windows)
Cache-Control: no-cache
Content-Type: application/json; charset=utf-8
host: localhost:58883
accept: */*

Response DefaultHttpResponse(decodeResult: success, version: HTTP/1.1)
HTTP/1.1 200 OK
Content-Type: application/json; charset=utf-8
cache-control: no-cache
content-length: 24940

16:25:32.017 [AsyncHttpClient-1-9] DEBUG org.asynchttpclient.netty.channel.ChannelManager - Adding key: http://localhost:58883 for channel [id: 0x2a7b8a76, L:/127.0.0.1:55096 - R:localhost/127.0.0.1:58883]
16:25:32.020 [main] DEBUG net.serenitybdd.core.photography.Darkroom - Send negative for processing for target\site\serenity\11023edac3681808080020daf60d8cb00148736924ac340653f27273a0570072.png
16:25:32.020 [main] DEBUG net.thucydides.core.steps.StepInterceptor - STEP DONE: headerTextEqual
16:25:32.021 [main] DEBUG net.thucydides.core.steps.StepInterceptor - STARTING STEP: LogoutStep.iGetSuccessLogout - validateOnLoginPage
16:25:32.021 [Forwarding findElement on session 63889a828566c43b5b5776baedaa0443 to remote] DEBUG org.asynchttpclient.netty.request.NettyRequestSender - Using pooled Channel '[id: 0x2a7b8a76, L:/127.0.0.1:55096 - R:localhost/127.0.0.1:58883]' for 'POST' to 'http://localhost:58883/session/63889a828566c43b5b5776baedaa0443/element'
16:25:32.021 [Forwarding findElement on session 63889a828566c43b5b5776baedaa0443 to remote] DEBUG org.asynchttpclient.netty.request.NettyRequestSender - Using open Channel [id: 0x2a7b8a76, L:/127.0.0.1:55096 - R:localhost/127.0.0.1:58883] for POST '/session/63889a828566c43b5b5776baedaa0443/element'
16:25:32.030 [AsyncHttpClient-1-9] DEBUG org.asynchttpclient.netty.handler.HttpHandler - 

Request DefaultHttpRequest(decodeResult: success, version: HTTP/1.1)
POST /session/63889a828566c43b5b5776baedaa0443/element HTTP/1.1
User-Agent: selenium/4.1.2 (java windows)
Content-Length: 136
Content-Type: application/json; charset=utf-8
host: localhost:58883
accept: */*

Response DefaultHttpResponse(decodeResult: success, version: HTTP/1.1)
HTTP/1.1 200 OK
Content-Type: application/json; charset=utf-8
cache-control: no-cache
content-length: 88

16:25:32.030 [AsyncHttpClient-1-9] DEBUG org.asynchttpclient.netty.channel.ChannelManager - Adding key: http://localhost:58883 for channel [id: 0x2a7b8a76, L:/127.0.0.1:55096 - R:localhost/127.0.0.1:58883]
16:25:32.038 [Forwarding isElementDisplayed on session 63889a828566c43b5b5776baedaa0443 to remote] DEBUG org.asynchttpclient.netty.request.NettyRequestSender - Using pooled Channel '[id: 0x2a7b8a76, L:/127.0.0.1:55096 - R:localhost/127.0.0.1:58883]' for 'POST' to 'http://localhost:58883/session/63889a828566c43b5b5776baedaa0443/execute/sync'
16:25:32.038 [Forwarding isElementDisplayed on session 63889a828566c43b5b5776baedaa0443 to remote] DEBUG org.asynchttpclient.netty.request.NettyRequestSender - Using open Channel [id: 0x2a7b8a76, L:/127.0.0.1:55096 - R:localhost/127.0.0.1:58883] for POST '/session/63889a828566c43b5b5776baedaa0443/execute/sync'
16:25:32.045 [AsyncHttpClient-1-9] DEBUG org.asynchttpclient.netty.handler.HttpHandler - 

Request DefaultHttpRequest(decodeResult: success, version: HTTP/1.1)
POST /session/63889a828566c43b5b5776baedaa0443/execute/sync HTTP/1.1
User-Agent: selenium/4.1.2 (java windows)
Content-Length: 48780
Content-Type: application/json; charset=utf-8
host: localhost:58883
accept: */*

Response DefaultHttpResponse(decodeResult: success, version: HTTP/1.1)
HTTP/1.1 200 OK
Content-Type: application/json; charset=utf-8
cache-control: no-cache
content-length: 14

16:25:32.045 [AsyncHttpClient-1-9] DEBUG org.asynchttpclient.netty.channel.ChannelManager - Adding key: http://localhost:58883 for channel [id: 0x2a7b8a76, L:/127.0.0.1:55096 - R:localhost/127.0.0.1:58883]
16:25:32.056 [main] DEBUG net.thucydides.core.steps.StepInterceptor - STEP DONE: validateOnLoginPage
  &amp#27;[32mThen &amp#27;[0m&amp#27;[32mI get success logout&amp#27;[0m              &amp#27;[90m# Starter.StepDefinitions.LogoutStep.iGetSuccessLogout()&amp#27;[0m
16:25:32.064 [AsyncHttpClient-1-3] DEBUG org.asynchttpclient.netty.handler.WebSocketHandler - Channel Closed: [id: 0xf34ab798, L:/127.0.0.1:55104 ! R:localhost/127.0.0.1:55097] with attribute NettyResponseFuture{currentRetry=5,
	isDone=1,
	isCancelled=0,
	asyncHandler=org.asynchttpclient.ws.WebSocketUpgradeHandler@2c64a33e,
	nettyRequest=org.asynchttpclient.netty.request.NettyRequest@654320a2,
	future=java.util.concurrent.CompletableFuture@6ccddd73[Completed normally],
	uri=ws://localhost:55097/devtools/browser/0a219016-b4a7-4553-80fa-1befb0ad3bf3,
	keepAlive=true,
	redirectCount=0,
	timeoutsHolder=null,
	inAuth=0,
	touch=1653038728863}
16:25:32.067 [AsyncHttpClient-1-3] DEBUG org.asynchttpclient.netty.channel.ChannelManager - Closing Channel [id: 0xf34ab798, L:/127.0.0.1:55104 ! R:localhost/127.0.0.1:55097] 
16:25:32.076 [Driver Command Executor] DEBUG org.asynchttpclient.netty.request.NettyRequestSender - Using pooled Channel '[id: 0x2a7b8a76, L:/127.0.0.1:55096 - R:localhost/127.0.0.1:58883]' for 'DELETE' to 'http://localhost:58883/session/63889a828566c43b5b5776baedaa0443'
16:25:32.076 [Driver Command Executor] DEBUG org.asynchttpclient.netty.request.NettyRequestSender - Using open Channel [id: 0x2a7b8a76, L:/127.0.0.1:55096 - R:localhost/127.0.0.1:58883] for DELETE '/session/63889a828566c43b5b5776baedaa0443'
16:25:32.252 [AsyncHttpClient-1-2] DEBUG org.asynchttpclient.netty.handler.HttpHandler - Unexpected I/O exception on channel [id: 0x3a14feca, L:/127.0.0.1:55103 - R:localhost/127.0.0.1:55097]
java.net.SocketException: Connection reset
	at java.base/sun.nio.ch.SocketChannelImpl.throwConnectionReset(SocketChannelImpl.java:367)
	at java.base/sun.nio.ch.SocketChannelImpl.read(SocketChannelImpl.java:398)
	at io.netty.buffer.PooledByteBuf.setBytes(PooledByteBuf.java:258)
	at io.netty.buffer.AbstractByteBuf.writeBytes(AbstractByteBuf.java:1132)
	at io.netty.channel.socket.nio.NioSocketChannel.doReadBytes(NioSocketChannel.java:350)
	at io.netty.channel.nio.AbstractNioByteChannel$NioByteUnsafe.read(AbstractNioByteChannel.java:151)
	at io.netty.channel.nio.NioEventLoop.processSelectedKey(NioEventLoop.java:722)
	at io.netty.channel.nio.NioEventLoop.processSelectedKeysOptimized(NioEventLoop.java:658)
	at io.netty.channel.nio.NioEventLoop.processSelectedKeys(NioEventLoop.java:584)
	at io.netty.channel.nio.NioEventLoop.run(NioEventLoop.java:496)
	at io.netty.util.concurrent.SingleThreadEventExecutor$4.run(SingleThreadEventExecutor.java:986)
	at io.netty.util.internal.ThreadExecutorMap$2.run(ThreadExecutorMap.java:74)
	at io.netty.util.concurrent.FastThreadLocalRunnable.run(FastThreadLocalRunnable.java:30)
	at java.base/java.lang.Thread.run(Thread.java:832)
16:25:32.252 [AsyncHttpClient-1-2] DEBUG org.asynchttpclient.netty.channel.ChannelManager - Closing Channel [id: 0x3a14feca, L:/127.0.0.1:55103 - R:localhost/127.0.0.1:55097] 
16:25:32.252 [AsyncHttpClient-1-2] DEBUG org.asynchttpclient.netty.handler.HttpHandler - Channel Closed: [id: 0x3a14feca, L:/127.0.0.1:55103 ! R:localhost/127.0.0.1:55097] with attribute DISCARD
16:25:32.267 [AsyncHttpClient-1-9] DEBUG org.asynchttpclient.netty.handler.HttpHandler - 

Request DefaultFullHttpRequest(decodeResult: success, version: HTTP/1.1, content: EmptyByteBufBE)
DELETE /session/63889a828566c43b5b5776baedaa0443 HTTP/1.1
User-Agent: selenium/4.1.2 (java windows)
Content-Type: application/json; charset=utf-8
host: localhost:58883
accept: */*

Response DefaultHttpResponse(decodeResult: success, version: HTTP/1.1)
HTTP/1.1 200 OK
Content-Type: application/json; charset=utf-8
cache-control: no-cache
content-length: 14

16:25:32.267 [AsyncHttpClient-1-9] DEBUG org.asynchttpclient.netty.channel.ChannelManager - Adding key: http://localhost:58883 for channel [id: 0x2a7b8a76, L:/127.0.0.1:55096 - R:localhost/127.0.0.1:58883]
16:25:32.393 [AsyncHttpClient-1-9] DEBUG org.asynchttpclient.netty.handler.HttpHandler - Channel Closed: [id: 0x2a7b8a76, L:/127.0.0.1:55096 ! R:localhost/127.0.0.1:58883] with attribute DISCARD
16:25:32.918 [AsyncHttpClient-1-1] DEBUG org.asynchttpclient.netty.channel.DefaultChannelPool - Entry count for : http://localhost:58883 : 1
16:25:32.918 [AsyncHttpClient-1-1] DEBUG org.asynchttpclient.netty.channel.DefaultChannelPool - Entry count for : http://localhost:55097 : 1
16:25:32.918 [AsyncHttpClient-1-1] DEBUG org.asynchttpclient.netty.channel.DefaultChannelPool - Adding Candidate expired Channel [id: 0x2a7b8a76, L:/127.0.0.1:55096 ! R:localhost/127.0.0.1:58883] isIdleTimeoutExpired=false isRemotelyClosed=true isTtlExpired=false
16:25:32.918 [AsyncHttpClient-1-1] DEBUG org.asynchttpclient.netty.channel.DefaultChannelPool - Closing Idle Channel [id: 0x2a7b8a76, L:/127.0.0.1:55096 ! R:localhost/127.0.0.1:58883]
16:25:32.918 [AsyncHttpClient-1-1] DEBUG org.asynchttpclient.netty.channel.DefaultChannelPool - Adding Candidate expired Channel [id: 0x3a14feca, L:/127.0.0.1:55103 ! R:localhost/127.0.0.1:55097] isIdleTimeoutExpired=false isRemotelyClosed=true isTtlExpired=false
16:25:32.918 [AsyncHttpClient-1-1] DEBUG org.asynchttpclient.netty.channel.DefaultChannelPool - Closing Idle Channel [id: 0x3a14feca, L:/127.0.0.1:55103 ! R:localhost/127.0.0.1:55097]
16:25:32.918 [AsyncHttpClient-1-1] DEBUG org.asynchttpclient.netty.channel.DefaultChannelPool - Closed 2 connections out of 2 in 0 ms
16:25:32.935 [main] INFO  - 
  _____   ___   ___   _____     ___     _     ___   ___   ___   ___  
 |_   _| | __| / __| |_   _|   | _ \   /_\   / __| / __| | __| |   \ 
   | |   | _|  \__ \   | |     |  _/  / _ \  \__ \ \__ \ | _|  | |) |
   |_|   |___| |___/   |_|     |_|   /_/ \_\ |___/ |___/ |___| |___/ 

Success Logout
----------------------------------------------------------------------
]]></system-out>
    <system-err><![CDATA[Starting ChromeDriver 101.0.4951.41 (93c720db8323b3ec10d056025ab95c23a31997c9-refs/branch-heads/4951@{#904}) on port 58883
Only local connections are allowed.
Please see https://chromedriver.chromium.org/security-considerations for suggestions on keeping ChromeDriver safe.
ChromeDriver was started successfully.
May 20, 2022 4:25:28 PM org.openqa.selenium.remote.ProtocolHandshake createSession
INFO: Detected dialect: W3C
May 20, 2022 4:25:28 PM org.openqa.selenium.devtools.CdpVersionFinder findNearestMatch
WARNING: Unable to find an exact match for CDP version 101, so returning the closest version found: 97
May 20, 2022 4:25:28 PM org.openqa.selenium.devtools.CdpVersionFinder findNearestMatch
INFO: Found CDP implementation for version 101 of 97
]]></system-err>
  </testcase>
  <testcase name="Preparation Order" classname="Order" time="7.109">
    <system-out><![CDATA[16:25:32.935 [main] INFO io.cucumber.core.plugin.SerenityReporter - Running feature from file:///D:/data%20hakim/Mini%20Project%20Alterra/WebAlta/src/test/resources/features/Order.feature
16:25:32.939 [main] DEBUG net.thucydides.core.steps.StepEventBus - Test suite started for story net.thucydides.core.model.Story@cc4b76a8
16:25:32.939 [main] INFO  - Test Suite Started: Order

@Order
Scenario Template: Preparation Order     &amp#27;[90m# src/test/resources/features/Order.feature:16&amp#27;[0m
16:25:32.946 [main] INFO io.cucumber.core.plugin.SerenityReporter - Running feature from file:///D:/data%20hakim/Mini%20Project%20Alterra/WebAlta/src/test/resources/features/Order.feature
16:25:32.951 [main] INFO  - 
  _____   ___   ___   _____     ___   _____     _     ___   _____   ___   ___  
 |_   _| | __| / __| |_   _|   / __| |_   _|   /_\   | _ \ |_   _| | __| |   \ 
   | |   | _|  \__ \   | |     \__ \   | |    / _ \  |   /   | |   | _|  | |) |
   |_|   |___| |___/   |_|     |___/   |_|   /_/ \_\ |_|_\   |_|   |___| |___/ 

Preparation Order(order;preparation-order)
--------------------------------------------------------------------------------
16:25:33.130 [main] INFO net.serenitybdd.core.webdriver.driverproviders.ChromeDriverProvider - Using automatically driver download
16:25:33.243 [main] DEBUG io.github.bonigarcia.wdm.cache.ResolutionCache - Resolution chrome=101 in cache (valid until 17:18:55 20/05/2022 WIB)
16:25:33.243 [main] DEBUG io.github.bonigarcia.wdm.cache.ResolutionCache - Resolution chrome101=101.0.4951.41 in cache (valid until 21:21:16 20/05/2022 WIB)
16:25:33.243 [main] INFO io.github.bonigarcia.wdm.WebDriverManager - Using chromedriver 101.0.4951.41 (resolved driver for Chrome 101)
16:25:33.260 [main] DEBUG io.github.bonigarcia.wdm.WebDriverManager - Driver chromedriver 101.0.4951.41 found in cache
16:25:33.260 [main] INFO io.github.bonigarcia.wdm.WebDriverManager - Exporting webdriver.chrome.driver as C:\Users\hp pc\.cache\selenium\chromedriver\win32\101.0.4951.41\chromedriver.exe
16:25:33.338 [main] DEBUG net.serenitybdd.core.webdriver.driverproviders.ProvideNewDriver - Instantiating driver
16:25:33.338 [main] DEBUG net.serenitybdd.core.webdriver.driverproviders.ProvideNewDriver - Driver capabilities: Capabilities {acceptInsecureCerts: false, base.url: https://qa.alta.id/, browserName: chrome, chrome.driver: src/test/resources/webdrive..., driver: chrome, goog:chromeOptions: {args: [], extensions: []}}
16:25:33.880 [AsyncHttpClient-1-4] DEBUG org.asynchttpclient.netty.channel.NettyConnectListener - Using new Channel '[id: 0xbd260911, L:/127.0.0.1:55126 - R:localhost/127.0.0.1:57448]' for 'POST' to '/session'
16:25:34.568 [AsyncHttpClient-1-4] DEBUG org.asynchttpclient.netty.handler.HttpHandler - 

Request DefaultHttpRequest(decodeResult: success, version: HTTP/1.1)
POST /session HTTP/1.1
User-Agent: selenium/4.1.2 (java windows)
Content-Length: 605
Content-Type: application/json; charset=utf-8
host: localhost:57448
accept: */*

Response DefaultHttpResponse(decodeResult: success, version: HTTP/1.1)
HTTP/1.1 200 OK
Content-Type: application/json; charset=utf-8
cache-control: no-cache
content-length: 789

16:25:34.568 [AsyncHttpClient-1-4] DEBUG org.asynchttpclient.netty.channel.ChannelManager - Adding key: http://localhost:57448 for channel [id: 0xbd260911, L:/127.0.0.1:55126 - R:localhost/127.0.0.1:57448]
16:25:34.575 [AsyncHttpClient-1-5] DEBUG org.asynchttpclient.netty.channel.NettyConnectListener - Using new Channel '[id: 0x15724bfa, L:/127.0.0.1:55135 - R:localhost/127.0.0.1:55127]' for 'GET' to '/json/version'
16:25:34.575 [AsyncHttpClient-1-5] DEBUG org.asynchttpclient.netty.handler.HttpHandler - 

Request DefaultFullHttpRequest(decodeResult: success, version: HTTP/1.1, content: EmptyByteBufBE)
GET /json/version HTTP/1.1
User-Agent: selenium/4.1.2 (java windows)
host: localhost:55127
accept: */*

Response DefaultHttpResponse(decodeResult: success, version: HTTP/1.1)
HTTP/1.1 200 OK
Content-Type: application/json; charset=UTF-8
content-length: 427

16:25:34.575 [AsyncHttpClient-1-5] DEBUG org.asynchttpclient.netty.channel.ChannelManager - Adding key: http://localhost:55127 for channel [id: 0x15724bfa, L:/127.0.0.1:55135 - R:localhost/127.0.0.1:55127]
16:25:34.578 [AsyncHttpClient-1-6] DEBUG org.asynchttpclient.netty.channel.NettyConnectListener - Using new Channel '[id: 0xd21494eb, L:/127.0.0.1:55136 - R:localhost/127.0.0.1:55127]' for 'GET' to '/devtools/browser/23ed3a0d-052a-44ce-ad2d-61373585f0a2'
16:25:34.578 [AsyncHttpClient-1-6] DEBUG org.asynchttpclient.netty.handler.WebSocketHandler - 

Request DefaultFullHttpRequest(decodeResult: success, version: HTTP/1.1, content: EmptyByteBufBE)
GET /devtools/browser/23ed3a0d-052a-44ce-ad2d-61373585f0a2 HTTP/1.1
upgrade: websocket
connection: upgrade
sec-websocket-key: VcqNamDM/bbggw1W0U/SiA==
sec-websocket-version: 13
origin: http://localhost:55127
host: localhost:55127
accept: */*
user-agent: AHC/2.1

Response DefaultHttpResponse(decodeResult: success, version: HTTP/1.1)
HTTP/1.1 101 WebSocket Protocol Handshake
Upgrade: WebSocket
Connection: Upgrade
Sec-WebSocket-Accept: LI1/MGOGj2DHaLVDKvwCMvX4qLI=

16:25:34.586 [Forwarding maximizeCurrentWindow on session 8139c4e109ff1164797126f0f1eb75b9 to remote] DEBUG org.asynchttpclient.netty.request.NettyRequestSender - Using pooled Channel '[id: 0xbd260911, L:/127.0.0.1:55126 - R:localhost/127.0.0.1:57448]' for 'POST' to 'http://localhost:57448/session/8139c4e109ff1164797126f0f1eb75b9/window/maximize'
16:25:34.586 [Forwarding maximizeCurrentWindow on session 8139c4e109ff1164797126f0f1eb75b9 to remote] DEBUG org.asynchttpclient.netty.request.NettyRequestSender - Using open Channel [id: 0xbd260911, L:/127.0.0.1:55126 - R:localhost/127.0.0.1:57448] for POST '/session/8139c4e109ff1164797126f0f1eb75b9/window/maximize'
16:25:34.711 [AsyncHttpClient-1-4] DEBUG org.asynchttpclient.netty.handler.HttpHandler - 

Request DefaultHttpRequest(decodeResult: success, version: HTTP/1.1)
POST /session/8139c4e109ff1164797126f0f1eb75b9/window/maximize HTTP/1.1
User-Agent: selenium/4.1.2 (java windows)
Content-Length: 3
Content-Type: application/json; charset=utf-8
host: localhost:57448
accept: */*

Response DefaultHttpResponse(decodeResult: success, version: HTTP/1.1)
HTTP/1.1 200 OK
Content-Type: application/json; charset=utf-8
cache-control: no-cache
content-length: 51

16:25:34.711 [AsyncHttpClient-1-4] DEBUG org.asynchttpclient.netty.channel.ChannelManager - Adding key: http://localhost:57448 for channel [id: 0xbd260911, L:/127.0.0.1:55126 - R:localhost/127.0.0.1:57448]
16:25:34.711 [Forwarding get on session 8139c4e109ff1164797126f0f1eb75b9 to remote] DEBUG org.asynchttpclient.netty.request.NettyRequestSender - Using pooled Channel '[id: 0xbd260911, L:/127.0.0.1:55126 - R:localhost/127.0.0.1:57448]' for 'POST' to 'http://localhost:57448/session/8139c4e109ff1164797126f0f1eb75b9/url'
16:25:34.711 [Forwarding get on session 8139c4e109ff1164797126f0f1eb75b9 to remote] DEBUG org.asynchttpclient.netty.request.NettyRequestSender - Using open Channel [id: 0xbd260911, L:/127.0.0.1:55126 - R:localhost/127.0.0.1:57448] for POST '/session/8139c4e109ff1164797126f0f1eb75b9/url'
16:25:35.117 [AsyncHttpClient-1-1] DEBUG org.asynchttpclient.netty.channel.DefaultChannelPool - Entry count for : http://localhost:55127 : 1
16:25:35.416 [AsyncHttpClient-1-4] DEBUG org.asynchttpclient.netty.handler.HttpHandler - 

Request DefaultHttpRequest(decodeResult: success, version: HTTP/1.1)
POST /session/8139c4e109ff1164797126f0f1eb75b9/url HTTP/1.1
User-Agent: selenium/4.1.2 (java windows)
Content-Length: 64
Content-Type: application/json; charset=utf-8
host: localhost:57448
accept: */*

Response DefaultHttpResponse(decodeResult: success, version: HTTP/1.1)
HTTP/1.1 200 OK
Content-Type: application/json; charset=utf-8
cache-control: no-cache
content-length: 14

16:25:35.416 [AsyncHttpClient-1-4] DEBUG org.asynchttpclient.netty.channel.ChannelManager - Adding key: http://localhost:57448 for channel [id: 0xbd260911, L:/127.0.0.1:55126 - R:localhost/127.0.0.1:57448]
16:25:35.416 [Forwarding setTimeout on session 8139c4e109ff1164797126f0f1eb75b9 to remote] DEBUG org.asynchttpclient.netty.request.NettyRequestSender - Using pooled Channel '[id: 0xbd260911, L:/127.0.0.1:55126 - R:localhost/127.0.0.1:57448]' for 'POST' to 'http://localhost:57448/session/8139c4e109ff1164797126f0f1eb75b9/timeouts'
16:25:35.416 [Forwarding setTimeout on session 8139c4e109ff1164797126f0f1eb75b9 to remote] DEBUG org.asynchttpclient.netty.request.NettyRequestSender - Using open Channel [id: 0xbd260911, L:/127.0.0.1:55126 - R:localhost/127.0.0.1:57448] for POST '/session/8139c4e109ff1164797126f0f1eb75b9/timeouts'
16:25:35.416 [AsyncHttpClient-1-4] DEBUG org.asynchttpclient.netty.handler.HttpHandler - 

Request DefaultHttpRequest(decodeResult: success, version: HTTP/1.1)
POST /session/8139c4e109ff1164797126f0f1eb75b9/timeouts HTTP/1.1
User-Agent: selenium/4.1.2 (java windows)
Content-Length: 23
Content-Type: application/json; charset=utf-8
host: localhost:57448
accept: */*

Response DefaultHttpResponse(decodeResult: success, version: HTTP/1.1)
HTTP/1.1 200 OK
Content-Type: application/json; charset=utf-8
cache-control: no-cache
content-length: 14

16:25:35.416 [AsyncHttpClient-1-4] DEBUG org.asynchttpclient.netty.channel.ChannelManager - Adding key: http://localhost:57448 for channel [id: 0xbd260911, L:/127.0.0.1:55126 - R:localhost/127.0.0.1:57448]
16:25:35.424 [Forwarding getCurrentUrl on session 8139c4e109ff1164797126f0f1eb75b9 to remote] DEBUG org.asynchttpclient.netty.request.NettyRequestSender - Using pooled Channel '[id: 0xbd260911, L:/127.0.0.1:55126 - R:localhost/127.0.0.1:57448]' for 'GET' to 'http://localhost:57448/session/8139c4e109ff1164797126f0f1eb75b9/url'
16:25:35.424 [Forwarding getCurrentUrl on session 8139c4e109ff1164797126f0f1eb75b9 to remote] DEBUG org.asynchttpclient.netty.request.NettyRequestSender - Using open Channel [id: 0xbd260911, L:/127.0.0.1:55126 - R:localhost/127.0.0.1:57448] for GET '/session/8139c4e109ff1164797126f0f1eb75b9/url'
16:25:35.424 [AsyncHttpClient-1-4] DEBUG org.asynchttpclient.netty.handler.HttpHandler - 

Request DefaultFullHttpRequest(decodeResult: success, version: HTTP/1.1, content: EmptyByteBufBE)
GET /session/8139c4e109ff1164797126f0f1eb75b9/url HTTP/1.1
User-Agent: selenium/4.1.2 (java windows)
Cache-Control: no-cache
Content-Type: application/json; charset=utf-8
host: localhost:57448
accept: */*

Response DefaultHttpResponse(decodeResult: success, version: HTTP/1.1)
HTTP/1.1 200 OK
Content-Type: application/json; charset=utf-8
cache-control: no-cache
content-length: 41

16:25:35.424 [AsyncHttpClient-1-4] DEBUG org.asynchttpclient.netty.channel.ChannelManager - Adding key: http://localhost:57448 for channel [id: 0xbd260911, L:/127.0.0.1:55126 - R:localhost/127.0.0.1:57448]
16:25:35.435 [main] DEBUG net.serenitybdd.core.photography.Darkroom - Opening darkroom
16:25:35.435 [Darkroom Processing Line] DEBUG net.serenitybdd.core.photography.DarkroomProcessingLine - Darkroom processing line starting up
16:25:35.435 [Forwarding screenshot on session 8139c4e109ff1164797126f0f1eb75b9 to remote] DEBUG org.asynchttpclient.netty.request.NettyRequestSender - Using pooled Channel '[id: 0xbd260911, L:/127.0.0.1:55126 - R:localhost/127.0.0.1:57448]' for 'GET' to 'http://localhost:57448/session/8139c4e109ff1164797126f0f1eb75b9/screenshot'
16:25:35.435 [Forwarding screenshot on session 8139c4e109ff1164797126f0f1eb75b9 to remote] DEBUG org.asynchttpclient.netty.request.NettyRequestSender - Using open Channel [id: 0xbd260911, L:/127.0.0.1:55126 - R:localhost/127.0.0.1:57448] for GET '/session/8139c4e109ff1164797126f0f1eb75b9/screenshot'
16:25:35.593 [AsyncHttpClient-1-4] DEBUG org.asynchttpclient.netty.handler.HttpHandler - 

Request DefaultFullHttpRequest(decodeResult: success, version: HTTP/1.1, content: EmptyByteBufBE)
GET /session/8139c4e109ff1164797126f0f1eb75b9/screenshot HTTP/1.1
User-Agent: selenium/4.1.2 (java windows)
Cache-Control: no-cache
Content-Type: application/json; charset=utf-8
host: localhost:57448
accept: */*

Response DefaultHttpResponse(decodeResult: success, version: HTTP/1.1)
HTTP/1.1 200 OK
Content-Type: application/json; charset=utf-8
cache-control: no-cache
content-length: 24940

16:25:35.593 [AsyncHttpClient-1-4] DEBUG org.asynchttpclient.netty.channel.ChannelManager - Adding key: http://localhost:57448 for channel [id: 0xbd260911, L:/127.0.0.1:55126 - R:localhost/127.0.0.1:57448]
16:25:35.593 [main] DEBUG net.serenitybdd.core.photography.Darkroom - Send negative for processing for target\site\serenity\11023edac3681808080020daf60d8cb00148736924ac340653f27273a0570072.png
16:25:35.593 [main] DEBUG net.thucydides.core.steps.StepInterceptor - STARTING STEP: OrderStep.iAmOnTheLoginPage - validateOnLoginPage
16:25:35.600 [Forwarding findElement on session 8139c4e109ff1164797126f0f1eb75b9 to remote] DEBUG org.asynchttpclient.netty.request.NettyRequestSender - Using pooled Channel '[id: 0xbd260911, L:/127.0.0.1:55126 - R:localhost/127.0.0.1:57448]' for 'POST' to 'http://localhost:57448/session/8139c4e109ff1164797126f0f1eb75b9/element'
16:25:35.600 [Forwarding findElement on session 8139c4e109ff1164797126f0f1eb75b9 to remote] DEBUG org.asynchttpclient.netty.request.NettyRequestSender - Using open Channel [id: 0xbd260911, L:/127.0.0.1:55126 - R:localhost/127.0.0.1:57448] for POST '/session/8139c4e109ff1164797126f0f1eb75b9/element'
16:25:35.611 [AsyncHttpClient-1-4] DEBUG org.asynchttpclient.netty.handler.HttpHandler - 

Request DefaultHttpRequest(decodeResult: success, version: HTTP/1.1)
POST /session/8139c4e109ff1164797126f0f1eb75b9/element HTTP/1.1
User-Agent: selenium/4.1.2 (java windows)
Content-Length: 136
Content-Type: application/json; charset=utf-8
host: localhost:57448
accept: */*

Response DefaultHttpResponse(decodeResult: success, version: HTTP/1.1)
HTTP/1.1 200 OK
Content-Type: application/json; charset=utf-8
cache-control: no-cache
content-length: 88

16:25:35.611 [AsyncHttpClient-1-4] DEBUG org.asynchttpclient.netty.channel.ChannelManager - Adding key: http://localhost:57448 for channel [id: 0xbd260911, L:/127.0.0.1:55126 - R:localhost/127.0.0.1:57448]
16:25:35.614 [Forwarding isElementDisplayed on session 8139c4e109ff1164797126f0f1eb75b9 to remote] DEBUG org.asynchttpclient.netty.request.NettyRequestSender - Using pooled Channel '[id: 0xbd260911, L:/127.0.0.1:55126 - R:localhost/127.0.0.1:57448]' for 'POST' to 'http://localhost:57448/session/8139c4e109ff1164797126f0f1eb75b9/execute/sync'
16:25:35.614 [Forwarding isElementDisplayed on session 8139c4e109ff1164797126f0f1eb75b9 to remote] DEBUG org.asynchttpclient.netty.request.NettyRequestSender - Using open Channel [id: 0xbd260911, L:/127.0.0.1:55126 - R:localhost/127.0.0.1:57448] for POST '/session/8139c4e109ff1164797126f0f1eb75b9/execute/sync'
16:25:35.623 [AsyncHttpClient-1-4] DEBUG org.asynchttpclient.netty.handler.HttpHandler - 

Request DefaultHttpRequest(decodeResult: success, version: HTTP/1.1)
POST /session/8139c4e109ff1164797126f0f1eb75b9/execute/sync HTTP/1.1
User-Agent: selenium/4.1.2 (java windows)
Content-Length: 48780
Content-Type: application/json; charset=utf-8
host: localhost:57448
accept: */*

Response DefaultHttpResponse(decodeResult: success, version: HTTP/1.1)
HTTP/1.1 200 OK
Content-Type: application/json; charset=utf-8
cache-control: no-cache
content-length: 14

16:25:35.623 [AsyncHttpClient-1-4] DEBUG org.asynchttpclient.netty.channel.ChannelManager - Adding key: http://localhost:57448 for channel [id: 0xbd260911, L:/127.0.0.1:55126 - R:localhost/127.0.0.1:57448]
16:25:35.631 [main] DEBUG net.thucydides.core.steps.StepInterceptor - STEP DONE: validateOnLoginPage
  &amp#27;[32mGiven &amp#27;[0m&amp#27;[32mI am login account AltaShop&amp#27;[0m      &amp#27;[90m# Starter.StepDefinitions.OrderStep.iAmOnTheLoginPage()&amp#27;[0m
16:25:35.639 [main] DEBUG net.thucydides.core.steps.StepInterceptor - STARTING STEP: OrderStep.iInputEmail - inputEmail
16:25:35.647 [Forwarding findElement on session 8139c4e109ff1164797126f0f1eb75b9 to remote] DEBUG org.asynchttpclient.netty.request.NettyRequestSender - Using pooled Channel '[id: 0xbd260911, L:/127.0.0.1:55126 - R:localhost/127.0.0.1:57448]' for 'POST' to 'http://localhost:57448/session/8139c4e109ff1164797126f0f1eb75b9/element'
16:25:35.647 [Forwarding findElement on session 8139c4e109ff1164797126f0f1eb75b9 to remote] DEBUG org.asynchttpclient.netty.request.NettyRequestSender - Using open Channel [id: 0xbd260911, L:/127.0.0.1:55126 - R:localhost/127.0.0.1:57448] for POST '/session/8139c4e109ff1164797126f0f1eb75b9/element'
16:25:35.656 [AsyncHttpClient-1-4] DEBUG org.asynchttpclient.netty.handler.HttpHandler - 

Request DefaultHttpRequest(decodeResult: success, version: HTTP/1.1)
POST /session/8139c4e109ff1164797126f0f1eb75b9/element HTTP/1.1
User-Agent: selenium/4.1.2 (java windows)
Content-Length: 91
Content-Type: application/json; charset=utf-8
host: localhost:57448
accept: */*

Response DefaultHttpResponse(decodeResult: success, version: HTTP/1.1)
HTTP/1.1 200 OK
Content-Type: application/json; charset=utf-8
cache-control: no-cache
content-length: 88

16:25:35.656 [AsyncHttpClient-1-4] DEBUG org.asynchttpclient.netty.channel.ChannelManager - Adding key: http://localhost:57448 for channel [id: 0xbd260911, L:/127.0.0.1:55126 - R:localhost/127.0.0.1:57448]
16:25:35.656 [Forwarding clearElement on session 8139c4e109ff1164797126f0f1eb75b9 to remote] DEBUG org.asynchttpclient.netty.request.NettyRequestSender - Using pooled Channel '[id: 0xbd260911, L:/127.0.0.1:55126 - R:localhost/127.0.0.1:57448]' for 'POST' to 'http://localhost:57448/session/8139c4e109ff1164797126f0f1eb75b9/element/1687b553-af08-4d19-8809-8dbf9fa97436/clear'
16:25:35.656 [Forwarding clearElement on session 8139c4e109ff1164797126f0f1eb75b9 to remote] DEBUG org.asynchttpclient.netty.request.NettyRequestSender - Using open Channel [id: 0xbd260911, L:/127.0.0.1:55126 - R:localhost/127.0.0.1:57448] for POST '/session/8139c4e109ff1164797126f0f1eb75b9/element/1687b553-af08-4d19-8809-8dbf9fa97436/clear'
16:25:35.688 [AsyncHttpClient-1-4] DEBUG org.asynchttpclient.netty.handler.HttpHandler - 

Request DefaultHttpRequest(decodeResult: success, version: HTTP/1.1)
POST /session/8139c4e109ff1164797126f0f1eb75b9/element/1687b553-af08-4d19-8809-8dbf9fa97436/clear HTTP/1.1
User-Agent: selenium/4.1.2 (java windows)
Content-Length: 50
Content-Type: application/json; charset=utf-8
host: localhost:57448
accept: */*

Response DefaultHttpResponse(decodeResult: success, version: HTTP/1.1)
HTTP/1.1 200 OK
Content-Type: application/json; charset=utf-8
cache-control: no-cache
content-length: 14

16:25:35.688 [AsyncHttpClient-1-4] DEBUG org.asynchttpclient.netty.channel.ChannelManager - Adding key: http://localhost:57448 for channel [id: 0xbd260911, L:/127.0.0.1:55126 - R:localhost/127.0.0.1:57448]
16:25:35.688 [Forwarding sendKeysToElement on session 8139c4e109ff1164797126f0f1eb75b9 to remote] DEBUG org.asynchttpclient.netty.request.NettyRequestSender - Using pooled Channel '[id: 0xbd260911, L:/127.0.0.1:55126 - R:localhost/127.0.0.1:57448]' for 'POST' to 'http://localhost:57448/session/8139c4e109ff1164797126f0f1eb75b9/element/1687b553-af08-4d19-8809-8dbf9fa97436/value'
16:25:35.688 [Forwarding sendKeysToElement on session 8139c4e109ff1164797126f0f1eb75b9 to remote] DEBUG org.asynchttpclient.netty.request.NettyRequestSender - Using open Channel [id: 0xbd260911, L:/127.0.0.1:55126 - R:localhost/127.0.0.1:57448] for POST '/session/8139c4e109ff1164797126f0f1eb75b9/element/1687b553-af08-4d19-8809-8dbf9fa97436/value'
16:25:35.811 [AsyncHttpClient-1-4] DEBUG org.asynchttpclient.netty.handler.HttpHandler - 

Request DefaultHttpRequest(decodeResult: success, version: HTTP/1.1)
POST /session/8139c4e109ff1164797126f0f1eb75b9/element/1687b553-af08-4d19-8809-8dbf9fa97436/value HTTP/1.1
User-Agent: selenium/4.1.2 (java windows)
Content-Length: 261
Content-Type: application/json; charset=utf-8
host: localhost:57448
accept: */*

Response DefaultHttpResponse(decodeResult: success, version: HTTP/1.1)
HTTP/1.1 200 OK
Content-Type: application/json; charset=utf-8
cache-control: no-cache
content-length: 14

16:25:35.811 [AsyncHttpClient-1-4] DEBUG org.asynchttpclient.netty.channel.ChannelManager - Adding key: http://localhost:57448 for channel [id: 0xbd260911, L:/127.0.0.1:55126 - R:localhost/127.0.0.1:57448]
16:25:35.815 [Forwarding screenshot on session 8139c4e109ff1164797126f0f1eb75b9 to remote] DEBUG org.asynchttpclient.netty.request.NettyRequestSender - Using pooled Channel '[id: 0xbd260911, L:/127.0.0.1:55126 - R:localhost/127.0.0.1:57448]' for 'GET' to 'http://localhost:57448/session/8139c4e109ff1164797126f0f1eb75b9/screenshot'
16:25:35.815 [Forwarding screenshot on session 8139c4e109ff1164797126f0f1eb75b9 to remote] DEBUG org.asynchttpclient.netty.request.NettyRequestSender - Using open Channel [id: 0xbd260911, L:/127.0.0.1:55126 - R:localhost/127.0.0.1:57448] for GET '/session/8139c4e109ff1164797126f0f1eb75b9/screenshot'
16:25:35.990 [AsyncHttpClient-1-4] DEBUG org.asynchttpclient.netty.handler.HttpHandler - 

Request DefaultFullHttpRequest(decodeResult: success, version: HTTP/1.1, content: EmptyByteBufBE)
GET /session/8139c4e109ff1164797126f0f1eb75b9/screenshot HTTP/1.1
User-Agent: selenium/4.1.2 (java windows)
Cache-Control: no-cache
Content-Type: application/json; charset=utf-8
host: localhost:57448
accept: */*

Response DefaultHttpResponse(decodeResult: success, version: HTTP/1.1)
HTTP/1.1 200 OK
Content-Type: application/json; charset=utf-8
cache-control: no-cache
content-length: 29004

16:25:35.990 [AsyncHttpClient-1-4] DEBUG org.asynchttpclient.netty.channel.ChannelManager - Adding key: http://localhost:57448 for channel [id: 0xbd260911, L:/127.0.0.1:55126 - R:localhost/127.0.0.1:57448]
16:25:35.990 [main] DEBUG net.serenitybdd.core.photography.Darkroom - Send negative for processing for target\site\serenity\36150bc09022d54b2e03265f65b36dcdfb87306ee9a54fd03ae09182fb3a89cc.png
16:25:35.990 [main] DEBUG net.thucydides.core.steps.StepInterceptor - STEP DONE: inputEmail
  &amp#27;[32mAnd &amp#27;[0m&amp#27;[32mI enter &amp#27;[0m&amp#27;[32m&amp#27;[1m"hakim001@gmail.com"&amp#27;[0m&amp#27;[32m Email&amp#27;[0m &amp#27;[90m# Starter.StepDefinitions.OrderStep.iInputEmail(java.lang.String)&amp#27;[0m
16:25:35.990 [Darkroom Processing Line] DEBUG net.serenitybdd.core.photography.DarkroomProcessingLine - Processing screenshot image in /var/screenshots/screenshot-2607108961573254406
16:25:35.990 [Darkroom Processing Line] DEBUG net.serenitybdd.core.photography.DarkroomProcessingLine - Saving screenshot to target\site\serenity\36150bc09022d54b2e03265f65b36dcdfb87306ee9a54fd03ae09182fb3a89cc.png
16:25:36.003 [main] DEBUG net.thucydides.core.steps.StepInterceptor - STARTING STEP: OrderStep.iInputPassword - inputPassword
16:25:36.010 [Forwarding findElement on session 8139c4e109ff1164797126f0f1eb75b9 to remote] DEBUG org.asynchttpclient.netty.request.NettyRequestSender - Using pooled Channel '[id: 0xbd260911, L:/127.0.0.1:55126 - R:localhost/127.0.0.1:57448]' for 'POST' to 'http://localhost:57448/session/8139c4e109ff1164797126f0f1eb75b9/element'
16:25:36.010 [Forwarding findElement on session 8139c4e109ff1164797126f0f1eb75b9 to remote] DEBUG org.asynchttpclient.netty.request.NettyRequestSender - Using open Channel [id: 0xbd260911, L:/127.0.0.1:55126 - R:localhost/127.0.0.1:57448] for POST '/session/8139c4e109ff1164797126f0f1eb75b9/element'
16:25:36.025 [AsyncHttpClient-1-4] DEBUG org.asynchttpclient.netty.handler.HttpHandler - 

Request DefaultHttpRequest(decodeResult: success, version: HTTP/1.1)
POST /session/8139c4e109ff1164797126f0f1eb75b9/element HTTP/1.1
User-Agent: selenium/4.1.2 (java windows)
Content-Length: 94
Content-Type: application/json; charset=utf-8
host: localhost:57448
accept: */*

Response DefaultHttpResponse(decodeResult: success, version: HTTP/1.1)
HTTP/1.1 200 OK
Content-Type: application/json; charset=utf-8
cache-control: no-cache
content-length: 88

16:25:36.025 [AsyncHttpClient-1-4] DEBUG org.asynchttpclient.netty.channel.ChannelManager - Adding key: http://localhost:57448 for channel [id: 0xbd260911, L:/127.0.0.1:55126 - R:localhost/127.0.0.1:57448]
16:25:36.025 [Forwarding clearElement on session 8139c4e109ff1164797126f0f1eb75b9 to remote] DEBUG org.asynchttpclient.netty.request.NettyRequestSender - Using pooled Channel '[id: 0xbd260911, L:/127.0.0.1:55126 - R:localhost/127.0.0.1:57448]' for 'POST' to 'http://localhost:57448/session/8139c4e109ff1164797126f0f1eb75b9/element/935a65ad-d58f-48ec-b4f0-9fab2d53b36e/clear'
16:25:36.025 [Forwarding clearElement on session 8139c4e109ff1164797126f0f1eb75b9 to remote] DEBUG org.asynchttpclient.netty.request.NettyRequestSender - Using open Channel [id: 0xbd260911, L:/127.0.0.1:55126 - R:localhost/127.0.0.1:57448] for POST '/session/8139c4e109ff1164797126f0f1eb75b9/element/935a65ad-d58f-48ec-b4f0-9fab2d53b36e/clear'
16:25:36.050 [AsyncHttpClient-1-4] DEBUG org.asynchttpclient.netty.handler.HttpHandler - 

Request DefaultHttpRequest(decodeResult: success, version: HTTP/1.1)
POST /session/8139c4e109ff1164797126f0f1eb75b9/element/935a65ad-d58f-48ec-b4f0-9fab2d53b36e/clear HTTP/1.1
User-Agent: selenium/4.1.2 (java windows)
Content-Length: 50
Content-Type: application/json; charset=utf-8
host: localhost:57448
accept: */*

Response DefaultHttpResponse(decodeResult: success, version: HTTP/1.1)
HTTP/1.1 200 OK
Content-Type: application/json; charset=utf-8
cache-control: no-cache
content-length: 14

16:25:36.050 [AsyncHttpClient-1-4] DEBUG org.asynchttpclient.netty.channel.ChannelManager - Adding key: http://localhost:57448 for channel [id: 0xbd260911, L:/127.0.0.1:55126 - R:localhost/127.0.0.1:57448]
16:25:36.050 [Forwarding sendKeysToElement on session 8139c4e109ff1164797126f0f1eb75b9 to remote] DEBUG org.asynchttpclient.netty.request.NettyRequestSender - Using pooled Channel '[id: 0xbd260911, L:/127.0.0.1:55126 - R:localhost/127.0.0.1:57448]' for 'POST' to 'http://localhost:57448/session/8139c4e109ff1164797126f0f1eb75b9/element/935a65ad-d58f-48ec-b4f0-9fab2d53b36e/value'
16:25:36.050 [Forwarding sendKeysToElement on session 8139c4e109ff1164797126f0f1eb75b9 to remote] DEBUG org.asynchttpclient.netty.request.NettyRequestSender - Using open Channel [id: 0xbd260911, L:/127.0.0.1:55126 - R:localhost/127.0.0.1:57448] for POST '/session/8139c4e109ff1164797126f0f1eb75b9/element/935a65ad-d58f-48ec-b4f0-9fab2d53b36e/value'
16:25:36.121 [AsyncHttpClient-1-4] DEBUG org.asynchttpclient.netty.handler.HttpHandler - 

Request DefaultHttpRequest(decodeResult: success, version: HTTP/1.1)
POST /session/8139c4e109ff1164797126f0f1eb75b9/element/935a65ad-d58f-48ec-b4f0-9fab2d53b36e/value HTTP/1.1
User-Agent: selenium/4.1.2 (java windows)
Content-Length: 161
Content-Type: application/json; charset=utf-8
host: localhost:57448
accept: */*

Response DefaultHttpResponse(decodeResult: success, version: HTTP/1.1)
HTTP/1.1 200 OK
Content-Type: application/json; charset=utf-8
cache-control: no-cache
content-length: 14

16:25:36.121 [AsyncHttpClient-1-4] DEBUG org.asynchttpclient.netty.channel.ChannelManager - Adding key: http://localhost:57448 for channel [id: 0xbd260911, L:/127.0.0.1:55126 - R:localhost/127.0.0.1:57448]
16:25:36.128 [Forwarding screenshot on session 8139c4e109ff1164797126f0f1eb75b9 to remote] DEBUG org.asynchttpclient.netty.request.NettyRequestSender - Using pooled Channel '[id: 0xbd260911, L:/127.0.0.1:55126 - R:localhost/127.0.0.1:57448]' for 'GET' to 'http://localhost:57448/session/8139c4e109ff1164797126f0f1eb75b9/screenshot'
16:25:36.128 [Forwarding screenshot on session 8139c4e109ff1164797126f0f1eb75b9 to remote] DEBUG org.asynchttpclient.netty.request.NettyRequestSender - Using open Channel [id: 0xbd260911, L:/127.0.0.1:55126 - R:localhost/127.0.0.1:57448] for GET '/session/8139c4e109ff1164797126f0f1eb75b9/screenshot'
16:25:36.215 [AsyncHttpClient-1-1] DEBUG org.asynchttpclient.netty.channel.DefaultChannelPool - Entry count for : http://localhost:55127 : 1
16:25:36.291 [AsyncHttpClient-1-4] DEBUG org.asynchttpclient.netty.handler.HttpHandler - 

Request DefaultFullHttpRequest(decodeResult: success, version: HTTP/1.1, content: EmptyByteBufBE)
GET /session/8139c4e109ff1164797126f0f1eb75b9/screenshot HTTP/1.1
User-Agent: selenium/4.1.2 (java windows)
Cache-Control: no-cache
Content-Type: application/json; charset=utf-8
host: localhost:57448
accept: */*

Response DefaultHttpResponse(decodeResult: success, version: HTTP/1.1)
HTTP/1.1 200 OK
Content-Type: application/json; charset=utf-8
cache-control: no-cache
content-length: 30888

16:25:36.291 [AsyncHttpClient-1-4] DEBUG org.asynchttpclient.netty.channel.ChannelManager - Adding key: http://localhost:57448 for channel [id: 0xbd260911, L:/127.0.0.1:55126 - R:localhost/127.0.0.1:57448]
16:25:36.291 [main] DEBUG net.serenitybdd.core.photography.Darkroom - Send negative for processing for target\site\serenity\ae834e5e8d1fe4d1c238a9421ee4f2f90afa8a027b7f59189393fc9ac231becb.png
16:25:36.291 [main] DEBUG net.thucydides.core.steps.StepInterceptor - STEP DONE: inputPassword
  &amp#27;[32mAnd &amp#27;[0m&amp#27;[32mI enter &amp#27;[0m&amp#27;[32m&amp#27;[1m"Valid@01"&amp#27;[0m&amp#27;[32m Password&amp#27;[0m        &amp#27;[90m# Starter.StepDefinitions.OrderStep.iInputPassword(java.lang.String)&amp#27;[0m
16:25:36.291 [Darkroom Processing Line] DEBUG net.serenitybdd.core.photography.DarkroomProcessingLine - Processing screenshot image in /var/screenshots/screenshot-7394157073005232396
16:25:36.291 [Darkroom Processing Line] DEBUG net.serenitybdd.core.photography.DarkroomProcessingLine - Saving screenshot to target\site\serenity\ae834e5e8d1fe4d1c238a9421ee4f2f90afa8a027b7f59189393fc9ac231becb.png
16:25:36.298 [main] DEBUG net.thucydides.core.steps.StepInterceptor - STARTING STEP: OrderStep.clickLoginButton - clickLoginButton
16:25:36.309 [Forwarding findElement on session 8139c4e109ff1164797126f0f1eb75b9 to remote] DEBUG org.asynchttpclient.netty.request.NettyRequestSender - Using pooled Channel '[id: 0xbd260911, L:/127.0.0.1:55126 - R:localhost/127.0.0.1:57448]' for 'POST' to 'http://localhost:57448/session/8139c4e109ff1164797126f0f1eb75b9/element'
16:25:36.309 [Forwarding findElement on session 8139c4e109ff1164797126f0f1eb75b9 to remote] DEBUG org.asynchttpclient.netty.request.NettyRequestSender - Using open Channel [id: 0xbd260911, L:/127.0.0.1:55126 - R:localhost/127.0.0.1:57448] for POST '/session/8139c4e109ff1164797126f0f1eb75b9/element'
16:25:36.316 [AsyncHttpClient-1-4] DEBUG org.asynchttpclient.netty.handler.HttpHandler - 

Request DefaultHttpRequest(decodeResult: success, version: HTTP/1.1)
POST /session/8139c4e109ff1164797126f0f1eb75b9/element HTTP/1.1
User-Agent: selenium/4.1.2 (java windows)
Content-Length: 136
Content-Type: application/json; charset=utf-8
host: localhost:57448
accept: */*

Response DefaultHttpResponse(decodeResult: success, version: HTTP/1.1)
HTTP/1.1 200 OK
Content-Type: application/json; charset=utf-8
cache-control: no-cache
content-length: 88

16:25:36.316 [AsyncHttpClient-1-4] DEBUG org.asynchttpclient.netty.channel.ChannelManager - Adding key: http://localhost:57448 for channel [id: 0xbd260911, L:/127.0.0.1:55126 - R:localhost/127.0.0.1:57448]
16:25:36.319 [Forwarding getElementTagName on session 8139c4e109ff1164797126f0f1eb75b9 to remote] DEBUG org.asynchttpclient.netty.request.NettyRequestSender - Using pooled Channel '[id: 0xbd260911, L:/127.0.0.1:55126 - R:localhost/127.0.0.1:57448]' for 'GET' to 'http://localhost:57448/session/8139c4e109ff1164797126f0f1eb75b9/element/630c8155-12b0-4852-897d-9a816e0c0b46/name'
16:25:36.319 [Forwarding getElementTagName on session 8139c4e109ff1164797126f0f1eb75b9 to remote] DEBUG org.asynchttpclient.netty.request.NettyRequestSender - Using open Channel [id: 0xbd260911, L:/127.0.0.1:55126 - R:localhost/127.0.0.1:57448] for GET '/session/8139c4e109ff1164797126f0f1eb75b9/element/630c8155-12b0-4852-897d-9a816e0c0b46/name'
16:25:36.365 [AsyncHttpClient-1-4] DEBUG org.asynchttpclient.netty.handler.HttpHandler - 

Request DefaultFullHttpRequest(decodeResult: success, version: HTTP/1.1, content: EmptyByteBufBE)
GET /session/8139c4e109ff1164797126f0f1eb75b9/element/630c8155-12b0-4852-897d-9a816e0c0b46/name HTTP/1.1
User-Agent: selenium/4.1.2 (java windows)
Cache-Control: no-cache
Content-Type: application/json; charset=utf-8
host: localhost:57448
accept: */*

Response DefaultHttpResponse(decodeResult: success, version: HTTP/1.1)
HTTP/1.1 200 OK
Content-Type: application/json; charset=utf-8
cache-control: no-cache
content-length: 18

16:25:36.365 [AsyncHttpClient-1-4] DEBUG org.asynchttpclient.netty.channel.ChannelManager - Adding key: http://localhost:57448 for channel [id: 0xbd260911, L:/127.0.0.1:55126 - R:localhost/127.0.0.1:57448]
16:25:36.367 [Forwarding getElementTagName on session 8139c4e109ff1164797126f0f1eb75b9 to remote] DEBUG org.asynchttpclient.netty.request.NettyRequestSender - Using pooled Channel '[id: 0xbd260911, L:/127.0.0.1:55126 - R:localhost/127.0.0.1:57448]' for 'GET' to 'http://localhost:57448/session/8139c4e109ff1164797126f0f1eb75b9/element/630c8155-12b0-4852-897d-9a816e0c0b46/name'
16:25:36.367 [Forwarding getElementTagName on session 8139c4e109ff1164797126f0f1eb75b9 to remote] DEBUG org.asynchttpclient.netty.request.NettyRequestSender - Using open Channel [id: 0xbd260911, L:/127.0.0.1:55126 - R:localhost/127.0.0.1:57448] for GET '/session/8139c4e109ff1164797126f0f1eb75b9/element/630c8155-12b0-4852-897d-9a816e0c0b46/name'
16:25:36.395 [AsyncHttpClient-1-4] DEBUG org.asynchttpclient.netty.handler.HttpHandler - 

Request DefaultFullHttpRequest(decodeResult: success, version: HTTP/1.1, content: EmptyByteBufBE)
GET /session/8139c4e109ff1164797126f0f1eb75b9/element/630c8155-12b0-4852-897d-9a816e0c0b46/name HTTP/1.1
User-Agent: selenium/4.1.2 (java windows)
Cache-Control: no-cache
Content-Type: application/json; charset=utf-8
host: localhost:57448
accept: */*

Response DefaultHttpResponse(decodeResult: success, version: HTTP/1.1)
HTTP/1.1 200 OK
Content-Type: application/json; charset=utf-8
cache-control: no-cache
content-length: 18

16:25:36.395 [AsyncHttpClient-1-4] DEBUG org.asynchttpclient.netty.channel.ChannelManager - Adding key: http://localhost:57448 for channel [id: 0xbd260911, L:/127.0.0.1:55126 - R:localhost/127.0.0.1:57448]
16:25:36.396 [Forwarding isElementEnabled on session 8139c4e109ff1164797126f0f1eb75b9 to remote] DEBUG org.asynchttpclient.netty.request.NettyRequestSender - Using pooled Channel '[id: 0xbd260911, L:/127.0.0.1:55126 - R:localhost/127.0.0.1:57448]' for 'GET' to 'http://localhost:57448/session/8139c4e109ff1164797126f0f1eb75b9/element/630c8155-12b0-4852-897d-9a816e0c0b46/enabled'
16:25:36.396 [Forwarding isElementEnabled on session 8139c4e109ff1164797126f0f1eb75b9 to remote] DEBUG org.asynchttpclient.netty.request.NettyRequestSender - Using open Channel [id: 0xbd260911, L:/127.0.0.1:55126 - R:localhost/127.0.0.1:57448] for GET '/session/8139c4e109ff1164797126f0f1eb75b9/element/630c8155-12b0-4852-897d-9a816e0c0b46/enabled'
16:25:36.404 [AsyncHttpClient-1-4] DEBUG org.asynchttpclient.netty.handler.HttpHandler - 

Request DefaultFullHttpRequest(decodeResult: success, version: HTTP/1.1, content: EmptyByteBufBE)
GET /session/8139c4e109ff1164797126f0f1eb75b9/element/630c8155-12b0-4852-897d-9a816e0c0b46/enabled HTTP/1.1
User-Agent: selenium/4.1.2 (java windows)
Cache-Control: no-cache
Content-Type: application/json; charset=utf-8
host: localhost:57448
accept: */*

Response DefaultHttpResponse(decodeResult: success, version: HTTP/1.1)
HTTP/1.1 200 OK
Content-Type: application/json; charset=utf-8
cache-control: no-cache
content-length: 14

16:25:36.404 [AsyncHttpClient-1-4] DEBUG org.asynchttpclient.netty.channel.ChannelManager - Adding key: http://localhost:57448 for channel [id: 0xbd260911, L:/127.0.0.1:55126 - R:localhost/127.0.0.1:57448]
16:25:36.404 [Forwarding isElementEnabled on session 8139c4e109ff1164797126f0f1eb75b9 to remote] DEBUG org.asynchttpclient.netty.request.NettyRequestSender - Using pooled Channel '[id: 0xbd260911, L:/127.0.0.1:55126 - R:localhost/127.0.0.1:57448]' for 'GET' to 'http://localhost:57448/session/8139c4e109ff1164797126f0f1eb75b9/element/630c8155-12b0-4852-897d-9a816e0c0b46/enabled'
16:25:36.404 [Forwarding isElementEnabled on session 8139c4e109ff1164797126f0f1eb75b9 to remote] DEBUG org.asynchttpclient.netty.request.NettyRequestSender - Using open Channel [id: 0xbd260911, L:/127.0.0.1:55126 - R:localhost/127.0.0.1:57448] for GET '/session/8139c4e109ff1164797126f0f1eb75b9/element/630c8155-12b0-4852-897d-9a816e0c0b46/enabled'
16:25:36.413 [AsyncHttpClient-1-4] DEBUG org.asynchttpclient.netty.handler.HttpHandler - 

Request DefaultFullHttpRequest(decodeResult: success, version: HTTP/1.1, content: EmptyByteBufBE)
GET /session/8139c4e109ff1164797126f0f1eb75b9/element/630c8155-12b0-4852-897d-9a816e0c0b46/enabled HTTP/1.1
User-Agent: selenium/4.1.2 (java windows)
Cache-Control: no-cache
Content-Type: application/json; charset=utf-8
host: localhost:57448
accept: */*

Response DefaultHttpResponse(decodeResult: success, version: HTTP/1.1)
HTTP/1.1 200 OK
Content-Type: application/json; charset=utf-8
cache-control: no-cache
content-length: 14

16:25:36.413 [AsyncHttpClient-1-4] DEBUG org.asynchttpclient.netty.channel.ChannelManager - Adding key: http://localhost:57448 for channel [id: 0xbd260911, L:/127.0.0.1:55126 - R:localhost/127.0.0.1:57448]
16:25:36.415 [Forwarding findElement on session 8139c4e109ff1164797126f0f1eb75b9 to remote] DEBUG org.asynchttpclient.netty.request.NettyRequestSender - Using pooled Channel '[id: 0xbd260911, L:/127.0.0.1:55126 - R:localhost/127.0.0.1:57448]' for 'POST' to 'http://localhost:57448/session/8139c4e109ff1164797126f0f1eb75b9/element'
16:25:36.415 [Forwarding findElement on session 8139c4e109ff1164797126f0f1eb75b9 to remote] DEBUG org.asynchttpclient.netty.request.NettyRequestSender - Using open Channel [id: 0xbd260911, L:/127.0.0.1:55126 - R:localhost/127.0.0.1:57448] for POST '/session/8139c4e109ff1164797126f0f1eb75b9/element'
16:25:36.416 [AsyncHttpClient-1-4] DEBUG org.asynchttpclient.netty.handler.HttpHandler - 

Request DefaultHttpRequest(decodeResult: success, version: HTTP/1.1)
POST /session/8139c4e109ff1164797126f0f1eb75b9/element HTTP/1.1
User-Agent: selenium/4.1.2 (java windows)
Content-Length: 136
Content-Type: application/json; charset=utf-8
host: localhost:57448
accept: */*

Response DefaultHttpResponse(decodeResult: success, version: HTTP/1.1)
HTTP/1.1 200 OK
Content-Type: application/json; charset=utf-8
cache-control: no-cache
content-length: 88

16:25:36.416 [AsyncHttpClient-1-4] DEBUG org.asynchttpclient.netty.channel.ChannelManager - Adding key: http://localhost:57448 for channel [id: 0xbd260911, L:/127.0.0.1:55126 - R:localhost/127.0.0.1:57448]
16:25:36.424 [Forwarding clickElement on session 8139c4e109ff1164797126f0f1eb75b9 to remote] DEBUG org.asynchttpclient.netty.request.NettyRequestSender - Using pooled Channel '[id: 0xbd260911, L:/127.0.0.1:55126 - R:localhost/127.0.0.1:57448]' for 'POST' to 'http://localhost:57448/session/8139c4e109ff1164797126f0f1eb75b9/element/630c8155-12b0-4852-897d-9a816e0c0b46/click'
16:25:36.424 [Forwarding clickElement on session 8139c4e109ff1164797126f0f1eb75b9 to remote] DEBUG org.asynchttpclient.netty.request.NettyRequestSender - Using open Channel [id: 0xbd260911, L:/127.0.0.1:55126 - R:localhost/127.0.0.1:57448] for POST '/session/8139c4e109ff1164797126f0f1eb75b9/element/630c8155-12b0-4852-897d-9a816e0c0b46/click'
16:25:36.466 [AsyncHttpClient-1-4] DEBUG org.asynchttpclient.netty.handler.HttpHandler - 

Request DefaultHttpRequest(decodeResult: success, version: HTTP/1.1)
POST /session/8139c4e109ff1164797126f0f1eb75b9/element/630c8155-12b0-4852-897d-9a816e0c0b46/click HTTP/1.1
User-Agent: selenium/4.1.2 (java windows)
Content-Length: 50
Content-Type: application/json; charset=utf-8
host: localhost:57448
accept: */*

Response DefaultHttpResponse(decodeResult: success, version: HTTP/1.1)
HTTP/1.1 200 OK
Content-Type: application/json; charset=utf-8
cache-control: no-cache
content-length: 14

16:25:36.467 [AsyncHttpClient-1-4] DEBUG org.asynchttpclient.netty.channel.ChannelManager - Adding key: http://localhost:57448 for channel [id: 0xbd260911, L:/127.0.0.1:55126 - R:localhost/127.0.0.1:57448]
16:25:36.467 [Forwarding screenshot on session 8139c4e109ff1164797126f0f1eb75b9 to remote] DEBUG org.asynchttpclient.netty.request.NettyRequestSender - Using pooled Channel '[id: 0xbd260911, L:/127.0.0.1:55126 - R:localhost/127.0.0.1:57448]' for 'GET' to 'http://localhost:57448/session/8139c4e109ff1164797126f0f1eb75b9/screenshot'
16:25:36.467 [Forwarding screenshot on session 8139c4e109ff1164797126f0f1eb75b9 to remote] DEBUG org.asynchttpclient.netty.request.NettyRequestSender - Using open Channel [id: 0xbd260911, L:/127.0.0.1:55126 - R:localhost/127.0.0.1:57448] for GET '/session/8139c4e109ff1164797126f0f1eb75b9/screenshot'
16:25:36.696 [AsyncHttpClient-1-4] DEBUG org.asynchttpclient.netty.handler.HttpHandler - 

Request DefaultFullHttpRequest(decodeResult: success, version: HTTP/1.1, content: EmptyByteBufBE)
GET /session/8139c4e109ff1164797126f0f1eb75b9/screenshot HTTP/1.1
User-Agent: selenium/4.1.2 (java windows)
Cache-Control: no-cache
Content-Type: application/json; charset=utf-8
host: localhost:57448
accept: */*

Response DefaultHttpResponse(decodeResult: success, version: HTTP/1.1)
HTTP/1.1 200 OK
Content-Type: application/json; charset=utf-8
cache-control: no-cache
content-length: 30380

16:25:36.696 [AsyncHttpClient-1-4] DEBUG org.asynchttpclient.netty.channel.ChannelManager - Adding key: http://localhost:57448 for channel [id: 0xbd260911, L:/127.0.0.1:55126 - R:localhost/127.0.0.1:57448]
16:25:36.697 [main] DEBUG net.serenitybdd.core.photography.Darkroom - Send negative for processing for target\site\serenity\f95b172fcaacdb45bf979c68b2620a9b2ae4c36e242579d1d9a5d8a70a57ccab.png
16:25:36.697 [main] DEBUG net.thucydides.core.steps.StepInterceptor - STEP DONE: clickLoginButton
  &amp#27;[32mAnd &amp#27;[0m&amp#27;[32mI click login button&amp#27;[0m               &amp#27;[90m# Starter.StepDefinitions.OrderStep.clickLoginButton()&amp#27;[0m
16:25:36.697 [Darkroom Processing Line] DEBUG net.serenitybdd.core.photography.DarkroomProcessingLine - Processing screenshot image in /var/screenshots/screenshot-9431698442952661952
16:25:36.697 [Darkroom Processing Line] DEBUG net.serenitybdd.core.photography.DarkroomProcessingLine - Saving screenshot to target\site\serenity\f95b172fcaacdb45bf979c68b2620a9b2ae4c36e242579d1d9a5d8a70a57ccab.png
16:25:36.710 [main] DEBUG net.thucydides.core.steps.StepInterceptor - STARTING STEP: OrderStep.iClickButtonBuy - clickProductSatu
16:25:36.718 [Forwarding findElement on session 8139c4e109ff1164797126f0f1eb75b9 to remote] DEBUG org.asynchttpclient.netty.request.NettyRequestSender - Using pooled Channel '[id: 0xbd260911, L:/127.0.0.1:55126 - R:localhost/127.0.0.1:57448]' for 'POST' to 'http://localhost:57448/session/8139c4e109ff1164797126f0f1eb75b9/element'
16:25:36.718 [Forwarding findElement on session 8139c4e109ff1164797126f0f1eb75b9 to remote] DEBUG org.asynchttpclient.netty.request.NettyRequestSender - Using open Channel [id: 0xbd260911, L:/127.0.0.1:55126 - R:localhost/127.0.0.1:57448] for POST '/session/8139c4e109ff1164797126f0f1eb75b9/element'
16:25:37.317 [AsyncHttpClient-1-1] DEBUG org.asynchttpclient.netty.channel.DefaultChannelPool - Entry count for : http://localhost:55127 : 1
16:25:38.415 [AsyncHttpClient-1-1] DEBUG org.asynchttpclient.netty.channel.DefaultChannelPool - Entry count for : http://localhost:55127 : 1
16:25:38.708 [AsyncHttpClient-1-4] DEBUG org.asynchttpclient.netty.handler.HttpHandler - 

Request DefaultHttpRequest(decodeResult: success, version: HTTP/1.1)
POST /session/8139c4e109ff1164797126f0f1eb75b9/element HTTP/1.1
User-Agent: selenium/4.1.2 (java windows)
Content-Length: 122
Content-Type: application/json; charset=utf-8
host: localhost:57448
accept: */*

Response DefaultHttpResponse(decodeResult: success, version: HTTP/1.1)
HTTP/1.1 200 OK
Content-Type: application/json; charset=utf-8
cache-control: no-cache
content-length: 88

16:25:38.708 [AsyncHttpClient-1-4] DEBUG org.asynchttpclient.netty.channel.ChannelManager - Adding key: http://localhost:57448 for channel [id: 0xbd260911, L:/127.0.0.1:55126 - R:localhost/127.0.0.1:57448]
16:25:38.710 [Forwarding getElementTagName on session 8139c4e109ff1164797126f0f1eb75b9 to remote] DEBUG org.asynchttpclient.netty.request.NettyRequestSender - Using pooled Channel '[id: 0xbd260911, L:/127.0.0.1:55126 - R:localhost/127.0.0.1:57448]' for 'GET' to 'http://localhost:57448/session/8139c4e109ff1164797126f0f1eb75b9/element/c13ff855-6388-47d8-9542-e5f0dbf0b490/name'
16:25:38.710 [Forwarding getElementTagName on session 8139c4e109ff1164797126f0f1eb75b9 to remote] DEBUG org.asynchttpclient.netty.request.NettyRequestSender - Using open Channel [id: 0xbd260911, L:/127.0.0.1:55126 - R:localhost/127.0.0.1:57448] for GET '/session/8139c4e109ff1164797126f0f1eb75b9/element/c13ff855-6388-47d8-9542-e5f0dbf0b490/name'
16:25:38.715 [AsyncHttpClient-1-4] DEBUG org.asynchttpclient.netty.handler.HttpHandler - 

Request DefaultFullHttpRequest(decodeResult: success, version: HTTP/1.1, content: EmptyByteBufBE)
GET /session/8139c4e109ff1164797126f0f1eb75b9/element/c13ff855-6388-47d8-9542-e5f0dbf0b490/name HTTP/1.1
User-Agent: selenium/4.1.2 (java windows)
Cache-Control: no-cache
Content-Type: application/json; charset=utf-8
host: localhost:57448
accept: */*

Response DefaultHttpResponse(decodeResult: success, version: HTTP/1.1)
HTTP/1.1 200 OK
Content-Type: application/json; charset=utf-8
cache-control: no-cache
content-length: 16

16:25:38.715 [AsyncHttpClient-1-4] DEBUG org.asynchttpclient.netty.channel.ChannelManager - Adding key: http://localhost:57448 for channel [id: 0xbd260911, L:/127.0.0.1:55126 - R:localhost/127.0.0.1:57448]
16:25:38.715 [Forwarding getElementTagName on session 8139c4e109ff1164797126f0f1eb75b9 to remote] DEBUG org.asynchttpclient.netty.request.NettyRequestSender - Using pooled Channel '[id: 0xbd260911, L:/127.0.0.1:55126 - R:localhost/127.0.0.1:57448]' for 'GET' to 'http://localhost:57448/session/8139c4e109ff1164797126f0f1eb75b9/element/c13ff855-6388-47d8-9542-e5f0dbf0b490/name'
16:25:38.715 [Forwarding getElementTagName on session 8139c4e109ff1164797126f0f1eb75b9 to remote] DEBUG org.asynchttpclient.netty.request.NettyRequestSender - Using open Channel [id: 0xbd260911, L:/127.0.0.1:55126 - R:localhost/127.0.0.1:57448] for GET '/session/8139c4e109ff1164797126f0f1eb75b9/element/c13ff855-6388-47d8-9542-e5f0dbf0b490/name'
16:25:38.715 [AsyncHttpClient-1-4] DEBUG org.asynchttpclient.netty.handler.HttpHandler - 

Request DefaultFullHttpRequest(decodeResult: success, version: HTTP/1.1, content: EmptyByteBufBE)
GET /session/8139c4e109ff1164797126f0f1eb75b9/element/c13ff855-6388-47d8-9542-e5f0dbf0b490/name HTTP/1.1
User-Agent: selenium/4.1.2 (java windows)
Cache-Control: no-cache
Content-Type: application/json; charset=utf-8
host: localhost:57448
accept: */*

Response DefaultHttpResponse(decodeResult: success, version: HTTP/1.1)
HTTP/1.1 200 OK
Content-Type: application/json; charset=utf-8
cache-control: no-cache
content-length: 16

16:25:38.715 [AsyncHttpClient-1-4] DEBUG org.asynchttpclient.netty.channel.ChannelManager - Adding key: http://localhost:57448 for channel [id: 0xbd260911, L:/127.0.0.1:55126 - R:localhost/127.0.0.1:57448]
16:25:38.715 [Forwarding findElement on session 8139c4e109ff1164797126f0f1eb75b9 to remote] DEBUG org.asynchttpclient.netty.request.NettyRequestSender - Using pooled Channel '[id: 0xbd260911, L:/127.0.0.1:55126 - R:localhost/127.0.0.1:57448]' for 'POST' to 'http://localhost:57448/session/8139c4e109ff1164797126f0f1eb75b9/element'
16:25:38.715 [Forwarding findElement on session 8139c4e109ff1164797126f0f1eb75b9 to remote] DEBUG org.asynchttpclient.netty.request.NettyRequestSender - Using open Channel [id: 0xbd260911, L:/127.0.0.1:55126 - R:localhost/127.0.0.1:57448] for POST '/session/8139c4e109ff1164797126f0f1eb75b9/element'
16:25:38.731 [AsyncHttpClient-1-4] DEBUG org.asynchttpclient.netty.handler.HttpHandler - 

Request DefaultHttpRequest(decodeResult: success, version: HTTP/1.1)
POST /session/8139c4e109ff1164797126f0f1eb75b9/element HTTP/1.1
User-Agent: selenium/4.1.2 (java windows)
Content-Length: 122
Content-Type: application/json; charset=utf-8
host: localhost:57448
accept: */*

Response DefaultHttpResponse(decodeResult: success, version: HTTP/1.1)
HTTP/1.1 200 OK
Content-Type: application/json; charset=utf-8
cache-control: no-cache
content-length: 88

16:25:38.731 [AsyncHttpClient-1-4] DEBUG org.asynchttpclient.netty.channel.ChannelManager - Adding key: http://localhost:57448 for channel [id: 0xbd260911, L:/127.0.0.1:55126 - R:localhost/127.0.0.1:57448]
16:25:38.731 [Forwarding clickElement on session 8139c4e109ff1164797126f0f1eb75b9 to remote] DEBUG org.asynchttpclient.netty.request.NettyRequestSender - Using pooled Channel '[id: 0xbd260911, L:/127.0.0.1:55126 - R:localhost/127.0.0.1:57448]' for 'POST' to 'http://localhost:57448/session/8139c4e109ff1164797126f0f1eb75b9/element/c13ff855-6388-47d8-9542-e5f0dbf0b490/click'
16:25:38.731 [Forwarding clickElement on session 8139c4e109ff1164797126f0f1eb75b9 to remote] DEBUG org.asynchttpclient.netty.request.NettyRequestSender - Using open Channel [id: 0xbd260911, L:/127.0.0.1:55126 - R:localhost/127.0.0.1:57448] for POST '/session/8139c4e109ff1164797126f0f1eb75b9/element/c13ff855-6388-47d8-9542-e5f0dbf0b490/click'
16:25:38.786 [AsyncHttpClient-1-4] DEBUG org.asynchttpclient.netty.handler.HttpHandler - 

Request DefaultHttpRequest(decodeResult: success, version: HTTP/1.1)
POST /session/8139c4e109ff1164797126f0f1eb75b9/element/c13ff855-6388-47d8-9542-e5f0dbf0b490/click HTTP/1.1
User-Agent: selenium/4.1.2 (java windows)
Content-Length: 50
Content-Type: application/json; charset=utf-8
host: localhost:57448
accept: */*

Response DefaultHttpResponse(decodeResult: success, version: HTTP/1.1)
HTTP/1.1 200 OK
Content-Type: application/json; charset=utf-8
cache-control: no-cache
content-length: 14

16:25:38.786 [AsyncHttpClient-1-4] DEBUG org.asynchttpclient.netty.channel.ChannelManager - Adding key: http://localhost:57448 for channel [id: 0xbd260911, L:/127.0.0.1:55126 - R:localhost/127.0.0.1:57448]
16:25:38.790 [Forwarding screenshot on session 8139c4e109ff1164797126f0f1eb75b9 to remote] DEBUG org.asynchttpclient.netty.request.NettyRequestSender - Using pooled Channel '[id: 0xbd260911, L:/127.0.0.1:55126 - R:localhost/127.0.0.1:57448]' for 'GET' to 'http://localhost:57448/session/8139c4e109ff1164797126f0f1eb75b9/screenshot'
16:25:38.790 [Forwarding screenshot on session 8139c4e109ff1164797126f0f1eb75b9 to remote] DEBUG org.asynchttpclient.netty.request.NettyRequestSender - Using open Channel [id: 0xbd260911, L:/127.0.0.1:55126 - R:localhost/127.0.0.1:57448] for GET '/session/8139c4e109ff1164797126f0f1eb75b9/screenshot'
16:25:38.913 [AsyncHttpClient-1-4] DEBUG org.asynchttpclient.netty.handler.HttpHandler - 

Request DefaultFullHttpRequest(decodeResult: success, version: HTTP/1.1, content: EmptyByteBufBE)
GET /session/8139c4e109ff1164797126f0f1eb75b9/screenshot HTTP/1.1
User-Agent: selenium/4.1.2 (java windows)
Cache-Control: no-cache
Content-Type: application/json; charset=utf-8
host: localhost:57448
accept: */*

Response DefaultHttpResponse(decodeResult: success, version: HTTP/1.1)
HTTP/1.1 200 OK
Content-Type: application/json; charset=utf-8
cache-control: no-cache
content-length: 85684

16:25:38.913 [AsyncHttpClient-1-4] DEBUG org.asynchttpclient.netty.channel.ChannelManager - Adding key: http://localhost:57448 for channel [id: 0xbd260911, L:/127.0.0.1:55126 - R:localhost/127.0.0.1:57448]
16:25:38.913 [main] DEBUG net.serenitybdd.core.photography.Darkroom - Send negative for processing for target\site\serenity\7b1bdc5a88688da268ef6dea1a1e8dab3735c56e150e792c8d34c03b95cf04a6.png
16:25:38.921 [main] DEBUG net.thucydides.core.steps.StepInterceptor - STEP DONE: clickProductSatu
  &amp#27;[32mAnd &amp#27;[0m&amp#27;[32mI choose buy product&amp#27;[0m               &amp#27;[90m# Starter.StepDefinitions.OrderStep.iClickButtonBuy()&amp#27;[0m
16:25:38.921 [Darkroom Processing Line] DEBUG net.serenitybdd.core.photography.DarkroomProcessingLine - Processing screenshot image in /var/screenshots/screenshot-15933667549851549071
16:25:38.921 [Darkroom Processing Line] DEBUG net.serenitybdd.core.photography.DarkroomProcessingLine - Saving screenshot to target\site\serenity\7b1bdc5a88688da268ef6dea1a1e8dab3735c56e150e792c8d34c03b95cf04a6.png
16:25:38.933 [main] DEBUG net.thucydides.core.steps.StepInterceptor - STARTING STEP: OrderStep.clickButtonCart - clickButtonCart
16:25:38.933 [Forwarding findElement on session 8139c4e109ff1164797126f0f1eb75b9 to remote] DEBUG org.asynchttpclient.netty.request.NettyRequestSender - Using pooled Channel '[id: 0xbd260911, L:/127.0.0.1:55126 - R:localhost/127.0.0.1:57448]' for 'POST' to 'http://localhost:57448/session/8139c4e109ff1164797126f0f1eb75b9/element'
16:25:38.933 [Forwarding findElement on session 8139c4e109ff1164797126f0f1eb75b9 to remote] DEBUG org.asynchttpclient.netty.request.NettyRequestSender - Using open Channel [id: 0xbd260911, L:/127.0.0.1:55126 - R:localhost/127.0.0.1:57448] for POST '/session/8139c4e109ff1164797126f0f1eb75b9/element'
16:25:38.949 [AsyncHttpClient-1-4] DEBUG org.asynchttpclient.netty.handler.HttpHandler - 

Request DefaultHttpRequest(decodeResult: success, version: HTTP/1.1)
POST /session/8139c4e109ff1164797126f0f1eb75b9/element HTTP/1.1
User-Agent: selenium/4.1.2 (java windows)
Content-Length: 127
Content-Type: application/json; charset=utf-8
host: localhost:57448
accept: */*

Response DefaultHttpResponse(decodeResult: success, version: HTTP/1.1)
HTTP/1.1 200 OK
Content-Type: application/json; charset=utf-8
cache-control: no-cache
content-length: 88

16:25:38.949 [AsyncHttpClient-1-4] DEBUG org.asynchttpclient.netty.channel.ChannelManager - Adding key: http://localhost:57448 for channel [id: 0xbd260911, L:/127.0.0.1:55126 - R:localhost/127.0.0.1:57448]
16:25:38.949 [Forwarding getElementTagName on session 8139c4e109ff1164797126f0f1eb75b9 to remote] DEBUG org.asynchttpclient.netty.request.NettyRequestSender - Using pooled Channel '[id: 0xbd260911, L:/127.0.0.1:55126 - R:localhost/127.0.0.1:57448]' for 'GET' to 'http://localhost:57448/session/8139c4e109ff1164797126f0f1eb75b9/element/06037fb9-344f-4612-bb2d-5e1058849b59/name'
16:25:38.949 [Forwarding getElementTagName on session 8139c4e109ff1164797126f0f1eb75b9 to remote] DEBUG org.asynchttpclient.netty.request.NettyRequestSender - Using open Channel [id: 0xbd260911, L:/127.0.0.1:55126 - R:localhost/127.0.0.1:57448] for GET '/session/8139c4e109ff1164797126f0f1eb75b9/element/06037fb9-344f-4612-bb2d-5e1058849b59/name'
16:25:38.949 [AsyncHttpClient-1-4] DEBUG org.asynchttpclient.netty.handler.HttpHandler - 

Request DefaultFullHttpRequest(decodeResult: success, version: HTTP/1.1, content: EmptyByteBufBE)
GET /session/8139c4e109ff1164797126f0f1eb75b9/element/06037fb9-344f-4612-bb2d-5e1058849b59/name HTTP/1.1
User-Agent: selenium/4.1.2 (java windows)
Cache-Control: no-cache
Content-Type: application/json; charset=utf-8
host: localhost:57448
accept: */*

Response DefaultHttpResponse(decodeResult: success, version: HTTP/1.1)
HTTP/1.1 200 OK
Content-Type: application/json; charset=utf-8
cache-control: no-cache
content-length: 16

16:25:38.949 [AsyncHttpClient-1-4] DEBUG org.asynchttpclient.netty.channel.ChannelManager - Adding key: http://localhost:57448 for channel [id: 0xbd260911, L:/127.0.0.1:55126 - R:localhost/127.0.0.1:57448]
16:25:38.957 [Forwarding getElementTagName on session 8139c4e109ff1164797126f0f1eb75b9 to remote] DEBUG org.asynchttpclient.netty.request.NettyRequestSender - Using pooled Channel '[id: 0xbd260911, L:/127.0.0.1:55126 - R:localhost/127.0.0.1:57448]' for 'GET' to 'http://localhost:57448/session/8139c4e109ff1164797126f0f1eb75b9/element/06037fb9-344f-4612-bb2d-5e1058849b59/name'
16:25:38.957 [Forwarding getElementTagName on session 8139c4e109ff1164797126f0f1eb75b9 to remote] DEBUG org.asynchttpclient.netty.request.NettyRequestSender - Using open Channel [id: 0xbd260911, L:/127.0.0.1:55126 - R:localhost/127.0.0.1:57448] for GET '/session/8139c4e109ff1164797126f0f1eb75b9/element/06037fb9-344f-4612-bb2d-5e1058849b59/name'
16:25:38.958 [AsyncHttpClient-1-4] DEBUG org.asynchttpclient.netty.handler.HttpHandler - 

Request DefaultFullHttpRequest(decodeResult: success, version: HTTP/1.1, content: EmptyByteBufBE)
GET /session/8139c4e109ff1164797126f0f1eb75b9/element/06037fb9-344f-4612-bb2d-5e1058849b59/name HTTP/1.1
User-Agent: selenium/4.1.2 (java windows)
Cache-Control: no-cache
Content-Type: application/json; charset=utf-8
host: localhost:57448
accept: */*

Response DefaultHttpResponse(decodeResult: success, version: HTTP/1.1)
HTTP/1.1 200 OK
Content-Type: application/json; charset=utf-8
cache-control: no-cache
content-length: 16

16:25:38.958 [AsyncHttpClient-1-4] DEBUG org.asynchttpclient.netty.channel.ChannelManager - Adding key: http://localhost:57448 for channel [id: 0xbd260911, L:/127.0.0.1:55126 - R:localhost/127.0.0.1:57448]
16:25:38.958 [Forwarding findElement on session 8139c4e109ff1164797126f0f1eb75b9 to remote] DEBUG org.asynchttpclient.netty.request.NettyRequestSender - Using pooled Channel '[id: 0xbd260911, L:/127.0.0.1:55126 - R:localhost/127.0.0.1:57448]' for 'POST' to 'http://localhost:57448/session/8139c4e109ff1164797126f0f1eb75b9/element'
16:25:38.958 [Forwarding findElement on session 8139c4e109ff1164797126f0f1eb75b9 to remote] DEBUG org.asynchttpclient.netty.request.NettyRequestSender - Using open Channel [id: 0xbd260911, L:/127.0.0.1:55126 - R:localhost/127.0.0.1:57448] for POST '/session/8139c4e109ff1164797126f0f1eb75b9/element'
16:25:38.966 [AsyncHttpClient-1-4] DEBUG org.asynchttpclient.netty.handler.HttpHandler - 

Request DefaultHttpRequest(decodeResult: success, version: HTTP/1.1)
POST /session/8139c4e109ff1164797126f0f1eb75b9/element HTTP/1.1
User-Agent: selenium/4.1.2 (java windows)
Content-Length: 127
Content-Type: application/json; charset=utf-8
host: localhost:57448
accept: */*

Response DefaultHttpResponse(decodeResult: success, version: HTTP/1.1)
HTTP/1.1 200 OK
Content-Type: application/json; charset=utf-8
cache-control: no-cache
content-length: 88

16:25:38.966 [AsyncHttpClient-1-4] DEBUG org.asynchttpclient.netty.channel.ChannelManager - Adding key: http://localhost:57448 for channel [id: 0xbd260911, L:/127.0.0.1:55126 - R:localhost/127.0.0.1:57448]
16:25:38.966 [Forwarding clickElement on session 8139c4e109ff1164797126f0f1eb75b9 to remote] DEBUG org.asynchttpclient.netty.request.NettyRequestSender - Using pooled Channel '[id: 0xbd260911, L:/127.0.0.1:55126 - R:localhost/127.0.0.1:57448]' for 'POST' to 'http://localhost:57448/session/8139c4e109ff1164797126f0f1eb75b9/element/06037fb9-344f-4612-bb2d-5e1058849b59/click'
16:25:38.966 [Forwarding clickElement on session 8139c4e109ff1164797126f0f1eb75b9 to remote] DEBUG org.asynchttpclient.netty.request.NettyRequestSender - Using open Channel [id: 0xbd260911, L:/127.0.0.1:55126 - R:localhost/127.0.0.1:57448] for POST '/session/8139c4e109ff1164797126f0f1eb75b9/element/06037fb9-344f-4612-bb2d-5e1058849b59/click'
16:25:39.015 [AsyncHttpClient-1-4] DEBUG org.asynchttpclient.netty.handler.HttpHandler - 

Request DefaultHttpRequest(decodeResult: success, version: HTTP/1.1)
POST /session/8139c4e109ff1164797126f0f1eb75b9/element/06037fb9-344f-4612-bb2d-5e1058849b59/click HTTP/1.1
User-Agent: selenium/4.1.2 (java windows)
Content-Length: 50
Content-Type: application/json; charset=utf-8
host: localhost:57448
accept: */*

Response DefaultHttpResponse(decodeResult: success, version: HTTP/1.1)
HTTP/1.1 200 OK
Content-Type: application/json; charset=utf-8
cache-control: no-cache
content-length: 14

16:25:39.015 [AsyncHttpClient-1-4] DEBUG org.asynchttpclient.netty.channel.ChannelManager - Adding key: http://localhost:57448 for channel [id: 0xbd260911, L:/127.0.0.1:55126 - R:localhost/127.0.0.1:57448]
16:25:39.031 [Forwarding screenshot on session 8139c4e109ff1164797126f0f1eb75b9 to remote] DEBUG org.asynchttpclient.netty.request.NettyRequestSender - Using pooled Channel '[id: 0xbd260911, L:/127.0.0.1:55126 - R:localhost/127.0.0.1:57448]' for 'GET' to 'http://localhost:57448/session/8139c4e109ff1164797126f0f1eb75b9/screenshot'
16:25:39.031 [Forwarding screenshot on session 8139c4e109ff1164797126f0f1eb75b9 to remote] DEBUG org.asynchttpclient.netty.request.NettyRequestSender - Using open Channel [id: 0xbd260911, L:/127.0.0.1:55126 - R:localhost/127.0.0.1:57448] for GET '/session/8139c4e109ff1164797126f0f1eb75b9/screenshot'
16:25:39.294 [AsyncHttpClient-1-4] DEBUG org.asynchttpclient.netty.handler.HttpHandler - 

Request DefaultFullHttpRequest(decodeResult: success, version: HTTP/1.1, content: EmptyByteBufBE)
GET /session/8139c4e109ff1164797126f0f1eb75b9/screenshot HTTP/1.1
User-Agent: selenium/4.1.2 (java windows)
Cache-Control: no-cache
Content-Type: application/json; charset=utf-8
host: localhost:57448
accept: */*

Response DefaultHttpResponse(decodeResult: success, version: HTTP/1.1)
HTTP/1.1 200 OK
Content-Type: application/json; charset=utf-8
cache-control: no-cache
content-length: 33400

16:25:39.294 [AsyncHttpClient-1-4] DEBUG org.asynchttpclient.netty.channel.ChannelManager - Adding key: http://localhost:57448 for channel [id: 0xbd260911, L:/127.0.0.1:55126 - R:localhost/127.0.0.1:57448]
16:25:39.302 [main] DEBUG net.serenitybdd.core.photography.Darkroom - Send negative for processing for target\site\serenity\5e96ee8bd9572cdde38d078d7a97a8d0770ef17536b22f9f560fa69c133cbc43.png
16:25:39.302 [main] DEBUG net.thucydides.core.steps.StepInterceptor - STEP DONE: clickButtonCart
  &amp#27;[32mWhen &amp#27;[0m&amp#27;[32mI click button cart&amp#27;[0m               &amp#27;[90m# Starter.StepDefinitions.OrderStep.clickButtonCart()&amp#27;[0m
16:25:39.302 [Darkroom Processing Line] DEBUG net.serenitybdd.core.photography.DarkroomProcessingLine - Processing screenshot image in /var/screenshots/screenshot-12617144919766129434
16:25:39.302 [Darkroom Processing Line] DEBUG net.serenitybdd.core.photography.DarkroomProcessingLine - Saving screenshot to target\site\serenity\5e96ee8bd9572cdde38d078d7a97a8d0770ef17536b22f9f560fa69c133cbc43.png
16:25:39.317 [AsyncHttpClient-1-6] DEBUG org.asynchttpclient.netty.handler.WebSocketHandler - Channel Closed: [id: 0xd21494eb, L:/127.0.0.1:55136 ! R:localhost/127.0.0.1:55127] with attribute NettyResponseFuture{currentRetry=5,
	isDone=1,
	isCancelled=0,
	asyncHandler=org.asynchttpclient.ws.WebSocketUpgradeHandler@1f91432e,
	nettyRequest=org.asynchttpclient.netty.request.NettyRequest@79a01440,
	future=java.util.concurrent.CompletableFuture@5d0b7869[Completed normally],
	uri=ws://localhost:55127/devtools/browser/23ed3a0d-052a-44ce-ad2d-61373585f0a2,
	keepAlive=true,
	redirectCount=0,
	timeoutsHolder=null,
	inAuth=0,
	touch=1653038734578}
16:25:39.317 [AsyncHttpClient-1-6] DEBUG org.asynchttpclient.netty.channel.ChannelManager - Closing Channel [id: 0xd21494eb, L:/127.0.0.1:55136 ! R:localhost/127.0.0.1:55127] 
16:25:39.317 [Driver Command Executor] DEBUG org.asynchttpclient.netty.request.NettyRequestSender - Using pooled Channel '[id: 0xbd260911, L:/127.0.0.1:55126 - R:localhost/127.0.0.1:57448]' for 'DELETE' to 'http://localhost:57448/session/8139c4e109ff1164797126f0f1eb75b9'
16:25:39.317 [Driver Command Executor] DEBUG org.asynchttpclient.netty.request.NettyRequestSender - Using open Channel [id: 0xbd260911, L:/127.0.0.1:55126 - R:localhost/127.0.0.1:57448] for DELETE '/session/8139c4e109ff1164797126f0f1eb75b9'
16:25:39.434 [AsyncHttpClient-1-5] DEBUG org.asynchttpclient.netty.handler.HttpHandler - Unexpected I/O exception on channel [id: 0x15724bfa, L:/127.0.0.1:55135 - R:localhost/127.0.0.1:55127]
java.net.SocketException: Connection reset
	at java.base/sun.nio.ch.SocketChannelImpl.throwConnectionReset(SocketChannelImpl.java:367)
	at java.base/sun.nio.ch.SocketChannelImpl.read(SocketChannelImpl.java:398)
	at io.netty.buffer.PooledByteBuf.setBytes(PooledByteBuf.java:258)
	at io.netty.buffer.AbstractByteBuf.writeBytes(AbstractByteBuf.java:1132)
	at io.netty.channel.socket.nio.NioSocketChannel.doReadBytes(NioSocketChannel.java:350)
	at io.netty.channel.nio.AbstractNioByteChannel$NioByteUnsafe.read(AbstractNioByteChannel.java:151)
	at io.netty.channel.nio.NioEventLoop.processSelectedKey(NioEventLoop.java:722)
	at io.netty.channel.nio.NioEventLoop.processSelectedKeysOptimized(NioEventLoop.java:658)
	at io.netty.channel.nio.NioEventLoop.processSelectedKeys(NioEventLoop.java:584)
	at io.netty.channel.nio.NioEventLoop.run(NioEventLoop.java:496)
	at io.netty.util.concurrent.SingleThreadEventExecutor$4.run(SingleThreadEventExecutor.java:986)
	at io.netty.util.internal.ThreadExecutorMap$2.run(ThreadExecutorMap.java:74)
	at io.netty.util.concurrent.FastThreadLocalRunnable.run(FastThreadLocalRunnable.java:30)
	at java.base/java.lang.Thread.run(Thread.java:832)
16:25:39.434 [AsyncHttpClient-1-5] DEBUG org.asynchttpclient.netty.channel.ChannelManager - Closing Channel [id: 0x15724bfa, L:/127.0.0.1:55135 - R:localhost/127.0.0.1:55127] 
16:25:39.434 [AsyncHttpClient-1-5] DEBUG org.asynchttpclient.netty.handler.HttpHandler - Channel Closed: [id: 0x15724bfa, L:/127.0.0.1:55135 ! R:localhost/127.0.0.1:55127] with attribute DISCARD
16:25:39.442 [AsyncHttpClient-1-4] DEBUG org.asynchttpclient.netty.handler.HttpHandler - 

Request DefaultFullHttpRequest(decodeResult: success, version: HTTP/1.1, content: EmptyByteBufBE)
DELETE /session/8139c4e109ff1164797126f0f1eb75b9 HTTP/1.1
User-Agent: selenium/4.1.2 (java windows)
Content-Type: application/json; charset=utf-8
host: localhost:57448
accept: */*

Response DefaultHttpResponse(decodeResult: success, version: HTTP/1.1)
HTTP/1.1 200 OK
Content-Type: application/json; charset=utf-8
cache-control: no-cache
content-length: 14

16:25:39.442 [AsyncHttpClient-1-4] DEBUG org.asynchttpclient.netty.channel.ChannelManager - Adding key: http://localhost:57448 for channel [id: 0xbd260911, L:/127.0.0.1:55126 - R:localhost/127.0.0.1:57448]
16:25:39.514 [AsyncHttpClient-1-4] DEBUG org.asynchttpclient.netty.handler.HttpHandler - Channel Closed: [id: 0xbd260911, L:/127.0.0.1:55126 ! R:localhost/127.0.0.1:57448] with attribute DISCARD
16:25:39.524 [AsyncHttpClient-1-1] DEBUG org.asynchttpclient.netty.channel.DefaultChannelPool - Entry count for : http://localhost:57448 : 1
16:25:39.524 [AsyncHttpClient-1-1] DEBUG org.asynchttpclient.netty.channel.DefaultChannelPool - Entry count for : http://localhost:55127 : 1
16:25:39.524 [AsyncHttpClient-1-1] DEBUG org.asynchttpclient.netty.channel.DefaultChannelPool - Adding Candidate expired Channel [id: 0xbd260911, L:/127.0.0.1:55126 ! R:localhost/127.0.0.1:57448] isIdleTimeoutExpired=false isRemotelyClosed=true isTtlExpired=false
16:25:39.524 [AsyncHttpClient-1-1] DEBUG org.asynchttpclient.netty.channel.DefaultChannelPool - Closing Idle Channel [id: 0xbd260911, L:/127.0.0.1:55126 ! R:localhost/127.0.0.1:57448]
16:25:39.524 [AsyncHttpClient-1-1] DEBUG org.asynchttpclient.netty.channel.DefaultChannelPool - Adding Candidate expired Channel [id: 0x15724bfa, L:/127.0.0.1:55135 ! R:localhost/127.0.0.1:55127] isIdleTimeoutExpired=false isRemotelyClosed=true isTtlExpired=false
16:25:39.525 [AsyncHttpClient-1-1] DEBUG org.asynchttpclient.netty.channel.DefaultChannelPool - Closing Idle Channel [id: 0x15724bfa, L:/127.0.0.1:55135 ! R:localhost/127.0.0.1:55127]
16:25:39.525 [AsyncHttpClient-1-1] DEBUG org.asynchttpclient.netty.channel.DefaultChannelPool - Closed 2 connections out of 2 in 1 ms
16:25:40.049 [main] INFO  - 
  _____   ___   ___   _____     ___     _     ___   ___   ___   ___  
 |_   _| | __| / __| |_   _|   | _ \   /_\   / __| / __| | __| |   \ 
   | |   | _|  \__ \   | |     |  _/  / _ \  \__ \ \__ \ | _|  | |) |
   |_|   |___| |___/   |_|     |_|   /_/ \_\ |___/ |___/ |___| |___/ 

Preparation Order
----------------------------------------------------------------------
]]></system-out>
    <system-err><![CDATA[Starting ChromeDriver 101.0.4951.41 (93c720db8323b3ec10d056025ab95c23a31997c9-refs/branch-heads/4951@{#904}) on port 57448
Only local connections are allowed.
Please see https://chromedriver.chromium.org/security-considerations for suggestions on keeping ChromeDriver safe.
ChromeDriver was started successfully.
May 20, 2022 4:25:34 PM org.openqa.selenium.remote.ProtocolHandshake createSession
INFO: Detected dialect: W3C
May 20, 2022 4:25:34 PM org.openqa.selenium.devtools.CdpVersionFinder findNearestMatch
WARNING: Unable to find an exact match for CDP version 101, so returning the closest version found: 97
May 20, 2022 4:25:34 PM org.openqa.selenium.devtools.CdpVersionFinder findNearestMatch
INFO: Found CDP implementation for version 101 of 97
]]></system-err>
  </testcase>
  <testcase name="Add amount order Product" classname="Order" time="0.037">
    <system-out><![CDATA[
@Order
Scenario: Add amount order Product &amp#27;[90m# src/test/resources/features/Order.feature:19&amp#27;[0m
16:25:40.049 [main] INFO io.cucumber.core.plugin.SerenityReporter - Running feature from file:///D:/data%20hakim/Mini%20Project%20Alterra/WebAlta/src/test/resources/features/Order.feature
16:25:40.064 [main] INFO  - 
  _____   ___   ___   _____     ___   _____     _     ___   _____   ___   ___  
 |_   _| | __| / __| |_   _|   / __| |_   _|   /_\   | _ \ |_   _| | __| |   \ 
   | |   | _|  \__ \   | |     \__ \   | |    / _ \  |   /   | |   | _|  | |) |
   |_|   |___| |___/   |_|     |___/   |_|   /_/ \_\ |_|_\   |_|   |___| |___/ 

Add amount order Product(order;add-amount-order-product)
--------------------------------------------------------------------------------
16:25:40.086 [main] DEBUG net.thucydides.core.steps.StepInterceptor - STARTING STEP: OrderStep.iClickButtonPlus - clickAddQuantity
16:25:40.086 [main] DEBUG net.thucydides.core.steps.StepInterceptor - STEP DONE: clickAddQuantity
  &amp#27;[32mAnd &amp#27;[0m&amp#27;[32mI click button plus&amp#27;[0m          &amp#27;[90m# Starter.StepDefinitions.OrderStep.iClickButtonPlus()&amp#27;[0m
16:25:40.086 [main] DEBUG net.thucydides.core.steps.StepInterceptor - STARTING STEP: OrderStep.iGetAddAmountOrder - validateQuantity
16:25:40.086 [main] DEBUG net.thucydides.core.steps.StepInterceptor - STEP DONE: validateQuantity
  &amp#27;[32mThen &amp#27;[0m&amp#27;[32mI get add amount order&amp#27;[0m      &amp#27;[90m# Starter.StepDefinitions.OrderStep.iGetAddAmountOrder()&amp#27;[0m
16:25:40.086 [main] INFO  - 
  _____   ___   ___   _____     ___     _     ___   ___   ___   ___  
 |_   _| | __| / __| |_   _|   | _ \   /_\   / __| / __| | __| |   \ 
   | |   | _|  \__ \   | |     |  _/  / _ \  \__ \ \__ \ | _|  | |) |
   |_|   |___| |___/   |_|     |_|   /_/ \_\ |___/ |___/ |___| |___/ 

Add amount order Product
----------------------------------------------------------------------
]]></system-out>
  </testcase>
  <testcase name="Minus amount order Product" classname="Order" time="0.056">
    <system-out><![CDATA[
@Order
Scenario: Minus amount order Product &amp#27;[90m# src/test/resources/features/Order.feature:23&amp#27;[0m
16:25:40.101 [main] INFO io.cucumber.core.plugin.SerenityReporter - Running feature from file:///D:/data%20hakim/Mini%20Project%20Alterra/WebAlta/src/test/resources/features/Order.feature
16:25:40.101 [main] INFO  - 
  _____   ___   ___   _____     ___   _____     _     ___   _____   ___   ___  
 |_   _| | __| / __| |_   _|   / __| |_   _|   /_\   | _ \ |_   _| | __| |   \ 
   | |   | _|  \__ \   | |     \__ \   | |    / _ \  |   /   | |   | _|  | |) |
   |_|   |___| |___/   |_|     |___/   |_|   /_/ \_\ |_|_\   |_|   |___| |___/ 

Minus amount order Product(order;minus-amount-order-product)
--------------------------------------------------------------------------------
16:25:40.133 [main] DEBUG net.thucydides.core.steps.StepInterceptor - STARTING STEP: OrderStep.iClickButtonMinus - clickMinusQuantity
16:25:40.133 [main] DEBUG net.thucydides.core.steps.StepInterceptor - STEP DONE: clickMinusQuantity
16:25:40.133 [main] DEBUG net.thucydides.core.steps.StepInterceptor - STARTING STEP: OrderStep.iClickButtonMinus - emptyTextEqual
16:25:40.133 [main] DEBUG net.thucydides.core.steps.StepInterceptor - STEP DONE: emptyTextEqual
  &amp#27;[32mAnd &amp#27;[0m&amp#27;[32mI click button minus&amp#27;[0m           &amp#27;[90m# Starter.StepDefinitions.OrderStep.iClickButtonMinus()&amp#27;[0m
16:25:40.148 [main] DEBUG net.thucydides.core.steps.StepInterceptor - STARTING STEP: OrderStep.iGetMinusAmountOrder - validateQuantity
16:25:40.157 [main] DEBUG net.thucydides.core.steps.StepInterceptor - STEP DONE: validateQuantity
16:25:40.157 [main] DEBUG net.thucydides.core.steps.StepInterceptor - STARTING STEP: OrderStep.iGetMinusAmountOrder - amountTextEqual
16:25:40.157 [main] DEBUG net.thucydides.core.steps.StepInterceptor - STEP DONE: amountTextEqual
  &amp#27;[32mThen &amp#27;[0m&amp#27;[32mI get minus amount order&amp#27;[0m      &amp#27;[90m# Starter.StepDefinitions.OrderStep.iGetMinusAmountOrder()&amp#27;[0m
16:25:40.157 [main] INFO  - 
  _____   ___   ___   _____     ___     _     ___   ___   ___   ___  
 |_   _| | __| / __| |_   _|   | _ \   /_\   / __| / __| | __| |   \ 
   | |   | _|  \__ \   | |     |  _/  / _ \  \__ \ \__ \ | _|  | |) |
   |_|   |___| |___/   |_|     |_|   /_/ \_\ |___/ |___/ |___| |___/ 

Minus amount order Product
----------------------------------------------------------------------
]]></system-out>
  </testcase>
  <testcase name="See Product AltaShop" classname="Product" time="6.762">
    <system-out><![CDATA[16:25:40.157 [main] INFO io.cucumber.core.plugin.SerenityReporter - Running feature from file:///D:/data%20hakim/Mini%20Project%20Alterra/WebAlta/src/test/resources/features/Product.feature
16:25:40.166 [main] DEBUG net.thucydides.core.steps.StepEventBus - Test suite started for story net.thucydides.core.model.Story@fdbc81c8
16:25:40.166 [main] INFO  - Test Suite Started: Product

@Product
Scenario: See Product AltaShop        &amp#27;[90m# src/test/resources/features/Product.feature:7&amp#27;[0m
16:25:40.181 [main] INFO io.cucumber.core.plugin.SerenityReporter - Running feature from file:///D:/data%20hakim/Mini%20Project%20Alterra/WebAlta/src/test/resources/features/Product.feature
16:25:40.181 [main] INFO  - 
  _____   ___   ___   _____     ___   _____     _     ___   _____   ___   ___  
 |_   _| | __| / __| |_   _|   / __| |_   _|   /_\   | _ \ |_   _| | __| |   \ 
   | |   | _|  \__ \   | |     \__ \   | |    / _ \  |   /   | |   | _|  | |) |
   |_|   |___| |___/   |_|     |___/   |_|   /_/ \_\ |_|_\   |_|   |___| |___/ 

See Product AltaShop(product;see-product-altashop)
--------------------------------------------------------------------------------
16:25:40.321 [main] INFO net.serenitybdd.core.webdriver.driverproviders.ChromeDriverProvider - Using automatically driver download
16:25:40.437 [main] DEBUG io.github.bonigarcia.wdm.cache.ResolutionCache - Resolution chrome=101 in cache (valid until 17:18:55 20/05/2022 WIB)
16:25:40.437 [main] DEBUG io.github.bonigarcia.wdm.cache.ResolutionCache - Resolution chrome101=101.0.4951.41 in cache (valid until 21:21:16 20/05/2022 WIB)
16:25:40.453 [main] INFO io.github.bonigarcia.wdm.WebDriverManager - Using chromedriver 101.0.4951.41 (resolved driver for Chrome 101)
16:25:40.453 [main] DEBUG io.github.bonigarcia.wdm.WebDriverManager - Driver chromedriver 101.0.4951.41 found in cache
16:25:40.453 [main] INFO io.github.bonigarcia.wdm.WebDriverManager - Exporting webdriver.chrome.driver as C:\Users\hp pc\.cache\selenium\chromedriver\win32\101.0.4951.41\chromedriver.exe
16:25:40.558 [main] DEBUG net.serenitybdd.core.webdriver.driverproviders.ProvideNewDriver - Instantiating driver
16:25:40.558 [main] DEBUG net.serenitybdd.core.webdriver.driverproviders.ProvideNewDriver - Driver capabilities: Capabilities {acceptInsecureCerts: false, base.url: https://qa.alta.id/, browserName: chrome, chrome.driver: src/test/resources/webdrive..., driver: chrome, goog:chromeOptions: {args: [], extensions: []}}
16:25:41.094 [AsyncHttpClient-1-7] DEBUG org.asynchttpclient.netty.channel.NettyConnectListener - Using new Channel '[id: 0xb28d9e0c, L:/127.0.0.1:55162 - R:localhost/127.0.0.1:61511]' for 'POST' to '/session'
16:25:41.837 [AsyncHttpClient-1-7] DEBUG org.asynchttpclient.netty.handler.HttpHandler - 

Request DefaultHttpRequest(decodeResult: success, version: HTTP/1.1)
POST /session HTTP/1.1
User-Agent: selenium/4.1.2 (java windows)
Content-Length: 605
Content-Type: application/json; charset=utf-8
host: localhost:61511
accept: */*

Response DefaultHttpResponse(decodeResult: success, version: HTTP/1.1)
HTTP/1.1 200 OK
Content-Type: application/json; charset=utf-8
cache-control: no-cache
content-length: 791

16:25:41.837 [AsyncHttpClient-1-7] DEBUG org.asynchttpclient.netty.channel.ChannelManager - Adding key: http://localhost:61511 for channel [id: 0xb28d9e0c, L:/127.0.0.1:55162 - R:localhost/127.0.0.1:61511]
16:25:41.843 [AsyncHttpClient-1-8] DEBUG org.asynchttpclient.netty.channel.NettyConnectListener - Using new Channel '[id: 0xb4c82a29, L:/127.0.0.1:55169 - R:localhost/127.0.0.1:55163]' for 'GET' to '/json/version'
16:25:41.844 [AsyncHttpClient-1-8] DEBUG org.asynchttpclient.netty.handler.HttpHandler - 

Request DefaultFullHttpRequest(decodeResult: success, version: HTTP/1.1, content: EmptyByteBufBE)
GET /json/version HTTP/1.1
User-Agent: selenium/4.1.2 (java windows)
host: localhost:55163
accept: */*

Response DefaultHttpResponse(decodeResult: success, version: HTTP/1.1)
HTTP/1.1 200 OK
Content-Type: application/json; charset=UTF-8
content-length: 427

16:25:41.844 [AsyncHttpClient-1-8] DEBUG org.asynchttpclient.netty.channel.ChannelManager - Adding key: http://localhost:55163 for channel [id: 0xb4c82a29, L:/127.0.0.1:55169 - R:localhost/127.0.0.1:55163]
16:25:41.846 [AsyncHttpClient-1-9] DEBUG org.asynchttpclient.netty.channel.NettyConnectListener - Using new Channel '[id: 0x0eb628b8, L:/127.0.0.1:55170 - R:localhost/127.0.0.1:55163]' for 'GET' to '/devtools/browser/1c468743-e536-4989-ac44-d540b4cc5c56'
16:25:41.847 [AsyncHttpClient-1-9] DEBUG org.asynchttpclient.netty.handler.WebSocketHandler - 

Request DefaultFullHttpRequest(decodeResult: success, version: HTTP/1.1, content: EmptyByteBufBE)
GET /devtools/browser/1c468743-e536-4989-ac44-d540b4cc5c56 HTTP/1.1
upgrade: websocket
connection: upgrade
sec-websocket-key: cq8Y7i8GuW6GBgG8GNw8FA==
sec-websocket-version: 13
origin: http://localhost:55163
host: localhost:55163
accept: */*
user-agent: AHC/2.1

Response DefaultHttpResponse(decodeResult: success, version: HTTP/1.1)
HTTP/1.1 101 WebSocket Protocol Handshake
Upgrade: WebSocket
Connection: Upgrade
Sec-WebSocket-Accept: AocQvI7b49sOvZ/ODxgBy2Xip1E=

16:25:41.849 [Forwarding maximizeCurrentWindow on session fb898dcdc587f4206734768def4a6aa6 to remote] DEBUG org.asynchttpclient.netty.request.NettyRequestSender - Using pooled Channel '[id: 0xb28d9e0c, L:/127.0.0.1:55162 - R:localhost/127.0.0.1:61511]' for 'POST' to 'http://localhost:61511/session/fb898dcdc587f4206734768def4a6aa6/window/maximize'
16:25:41.849 [Forwarding maximizeCurrentWindow on session fb898dcdc587f4206734768def4a6aa6 to remote] DEBUG org.asynchttpclient.netty.request.NettyRequestSender - Using open Channel [id: 0xb28d9e0c, L:/127.0.0.1:55162 - R:localhost/127.0.0.1:61511] for POST '/session/fb898dcdc587f4206734768def4a6aa6/window/maximize'
16:25:41.966 [AsyncHttpClient-1-7] DEBUG org.asynchttpclient.netty.handler.HttpHandler - 

Request DefaultHttpRequest(decodeResult: success, version: HTTP/1.1)
POST /session/fb898dcdc587f4206734768def4a6aa6/window/maximize HTTP/1.1
User-Agent: selenium/4.1.2 (java windows)
Content-Length: 3
Content-Type: application/json; charset=utf-8
host: localhost:61511
accept: */*

Response DefaultHttpResponse(decodeResult: success, version: HTTP/1.1)
HTTP/1.1 200 OK
Content-Type: application/json; charset=utf-8
cache-control: no-cache
content-length: 51

16:25:41.966 [AsyncHttpClient-1-7] DEBUG org.asynchttpclient.netty.channel.ChannelManager - Adding key: http://localhost:61511 for channel [id: 0xb28d9e0c, L:/127.0.0.1:55162 - R:localhost/127.0.0.1:61511]
16:25:41.967 [Forwarding get on session fb898dcdc587f4206734768def4a6aa6 to remote] DEBUG org.asynchttpclient.netty.request.NettyRequestSender - Using pooled Channel '[id: 0xb28d9e0c, L:/127.0.0.1:55162 - R:localhost/127.0.0.1:61511]' for 'POST' to 'http://localhost:61511/session/fb898dcdc587f4206734768def4a6aa6/url'
16:25:41.967 [Forwarding get on session fb898dcdc587f4206734768def4a6aa6 to remote] DEBUG org.asynchttpclient.netty.request.NettyRequestSender - Using open Channel [id: 0xb28d9e0c, L:/127.0.0.1:55162 - R:localhost/127.0.0.1:61511] for POST '/session/fb898dcdc587f4206734768def4a6aa6/url'
16:25:42.749 [AsyncHttpClient-1-7] DEBUG org.asynchttpclient.netty.handler.HttpHandler - 

Request DefaultHttpRequest(decodeResult: success, version: HTTP/1.1)
POST /session/fb898dcdc587f4206734768def4a6aa6/url HTTP/1.1
User-Agent: selenium/4.1.2 (java windows)
Content-Length: 49
Content-Type: application/json; charset=utf-8
host: localhost:61511
accept: */*

Response DefaultHttpResponse(decodeResult: success, version: HTTP/1.1)
HTTP/1.1 200 OK
Content-Type: application/json; charset=utf-8
cache-control: no-cache
content-length: 14

16:25:42.749 [AsyncHttpClient-1-7] DEBUG org.asynchttpclient.netty.channel.ChannelManager - Adding key: http://localhost:61511 for channel [id: 0xb28d9e0c, L:/127.0.0.1:55162 - R:localhost/127.0.0.1:61511]
16:25:42.749 [Forwarding setTimeout on session fb898dcdc587f4206734768def4a6aa6 to remote] DEBUG org.asynchttpclient.netty.request.NettyRequestSender - Using pooled Channel '[id: 0xb28d9e0c, L:/127.0.0.1:55162 - R:localhost/127.0.0.1:61511]' for 'POST' to 'http://localhost:61511/session/fb898dcdc587f4206734768def4a6aa6/timeouts'
16:25:42.749 [Forwarding setTimeout on session fb898dcdc587f4206734768def4a6aa6 to remote] DEBUG org.asynchttpclient.netty.request.NettyRequestSender - Using open Channel [id: 0xb28d9e0c, L:/127.0.0.1:55162 - R:localhost/127.0.0.1:61511] for POST '/session/fb898dcdc587f4206734768def4a6aa6/timeouts'
16:25:42.749 [AsyncHttpClient-1-7] DEBUG org.asynchttpclient.netty.handler.HttpHandler - 

Request DefaultHttpRequest(decodeResult: success, version: HTTP/1.1)
POST /session/fb898dcdc587f4206734768def4a6aa6/timeouts HTTP/1.1
User-Agent: selenium/4.1.2 (java windows)
Content-Length: 23
Content-Type: application/json; charset=utf-8
host: localhost:61511
accept: */*

Response DefaultHttpResponse(decodeResult: success, version: HTTP/1.1)
HTTP/1.1 200 OK
Content-Type: application/json; charset=utf-8
cache-control: no-cache
content-length: 14

16:25:42.749 [AsyncHttpClient-1-7] DEBUG org.asynchttpclient.netty.channel.ChannelManager - Adding key: http://localhost:61511 for channel [id: 0xb28d9e0c, L:/127.0.0.1:55162 - R:localhost/127.0.0.1:61511]
16:25:42.749 [Forwarding getCurrentUrl on session fb898dcdc587f4206734768def4a6aa6 to remote] DEBUG org.asynchttpclient.netty.request.NettyRequestSender - Using pooled Channel '[id: 0xb28d9e0c, L:/127.0.0.1:55162 - R:localhost/127.0.0.1:61511]' for 'GET' to 'http://localhost:61511/session/fb898dcdc587f4206734768def4a6aa6/url'
16:25:42.749 [Forwarding getCurrentUrl on session fb898dcdc587f4206734768def4a6aa6 to remote] DEBUG org.asynchttpclient.netty.request.NettyRequestSender - Using open Channel [id: 0xb28d9e0c, L:/127.0.0.1:55162 - R:localhost/127.0.0.1:61511] for GET '/session/fb898dcdc587f4206734768def4a6aa6/url'
16:25:42.756 [AsyncHttpClient-1-7] DEBUG org.asynchttpclient.netty.handler.HttpHandler - 

Request DefaultFullHttpRequest(decodeResult: success, version: HTTP/1.1, content: EmptyByteBufBE)
GET /session/fb898dcdc587f4206734768def4a6aa6/url HTTP/1.1
User-Agent: selenium/4.1.2 (java windows)
Cache-Control: no-cache
Content-Type: application/json; charset=utf-8
host: localhost:61511
accept: */*

Response DefaultHttpResponse(decodeResult: success, version: HTTP/1.1)
HTTP/1.1 200 OK
Content-Type: application/json; charset=utf-8
cache-control: no-cache
content-length: 31

16:25:42.756 [AsyncHttpClient-1-7] DEBUG org.asynchttpclient.netty.channel.ChannelManager - Adding key: http://localhost:61511 for channel [id: 0xb28d9e0c, L:/127.0.0.1:55162 - R:localhost/127.0.0.1:61511]
16:25:42.764 [main] DEBUG net.serenitybdd.core.photography.Darkroom - Opening darkroom
16:25:42.764 [Darkroom Processing Line] DEBUG net.serenitybdd.core.photography.DarkroomProcessingLine - Darkroom processing line starting up
16:25:42.764 [Forwarding screenshot on session fb898dcdc587f4206734768def4a6aa6 to remote] DEBUG org.asynchttpclient.netty.request.NettyRequestSender - Using pooled Channel '[id: 0xb28d9e0c, L:/127.0.0.1:55162 - R:localhost/127.0.0.1:61511]' for 'GET' to 'http://localhost:61511/session/fb898dcdc587f4206734768def4a6aa6/screenshot'
16:25:42.764 [Forwarding screenshot on session fb898dcdc587f4206734768def4a6aa6 to remote] DEBUG org.asynchttpclient.netty.request.NettyRequestSender - Using open Channel [id: 0xb28d9e0c, L:/127.0.0.1:55162 - R:localhost/127.0.0.1:61511] for GET '/session/fb898dcdc587f4206734768def4a6aa6/screenshot'
16:25:42.841 [AsyncHttpClient-1-1] DEBUG org.asynchttpclient.netty.channel.DefaultChannelPool - Entry count for : http://localhost:55163 : 1
16:25:43.117 [AsyncHttpClient-1-7] DEBUG org.asynchttpclient.netty.handler.HttpHandler - 

Request DefaultFullHttpRequest(decodeResult: success, version: HTTP/1.1, content: EmptyByteBufBE)
GET /session/fb898dcdc587f4206734768def4a6aa6/screenshot HTTP/1.1
User-Agent: selenium/4.1.2 (java windows)
Cache-Control: no-cache
Content-Type: application/json; charset=utf-8
host: localhost:61511
accept: */*

Response DefaultHttpResponse(decodeResult: success, version: HTTP/1.1)
HTTP/1.1 200 OK
Content-Type: application/json; charset=utf-8
cache-control: no-cache
content-length: 37704

16:25:43.117 [AsyncHttpClient-1-7] DEBUG org.asynchttpclient.netty.channel.ChannelManager - Adding key: http://localhost:61511 for channel [id: 0xb28d9e0c, L:/127.0.0.1:55162 - R:localhost/127.0.0.1:61511]
16:25:43.117 [main] DEBUG net.serenitybdd.core.photography.Darkroom - Send negative for processing for target\site\serenity\32a40f3c69ef4c02d091bdbf1466ec70d40114e92690d7434594aa5b309b6043.png
16:25:43.117 [main] DEBUG net.thucydides.core.steps.StepInterceptor - STARTING STEP: ProductStep.iOnTheHomePage - validateOnHomePage
16:25:43.126 [Darkroom Processing Line] DEBUG net.serenitybdd.core.photography.DarkroomProcessingLine - Processing screenshot image in /var/screenshots/screenshot-607149910929646071
16:25:43.126 [Darkroom Processing Line] DEBUG net.serenitybdd.core.photography.DarkroomProcessingLine - Saving screenshot to target\site\serenity\32a40f3c69ef4c02d091bdbf1466ec70d40114e92690d7434594aa5b309b6043.png
16:25:43.128 [Forwarding findElement on session fb898dcdc587f4206734768def4a6aa6 to remote] DEBUG org.asynchttpclient.netty.request.NettyRequestSender - Using pooled Channel '[id: 0xb28d9e0c, L:/127.0.0.1:55162 - R:localhost/127.0.0.1:61511]' for 'POST' to 'http://localhost:61511/session/fb898dcdc587f4206734768def4a6aa6/element'
16:25:43.128 [Forwarding findElement on session fb898dcdc587f4206734768def4a6aa6 to remote] DEBUG org.asynchttpclient.netty.request.NettyRequestSender - Using open Channel [id: 0xb28d9e0c, L:/127.0.0.1:55162 - R:localhost/127.0.0.1:61511] for POST '/session/fb898dcdc587f4206734768def4a6aa6/element'
16:25:43.140 [AsyncHttpClient-1-7] DEBUG org.asynchttpclient.netty.handler.HttpHandler - 

Request DefaultHttpRequest(decodeResult: success, version: HTTP/1.1)
POST /session/fb898dcdc587f4206734768def4a6aa6/element HTTP/1.1
User-Agent: selenium/4.1.2 (java windows)
Content-Length: 127
Content-Type: application/json; charset=utf-8
host: localhost:61511
accept: */*

Response DefaultHttpResponse(decodeResult: success, version: HTTP/1.1)
HTTP/1.1 200 OK
Content-Type: application/json; charset=utf-8
cache-control: no-cache
content-length: 88

16:25:43.140 [AsyncHttpClient-1-7] DEBUG org.asynchttpclient.netty.channel.ChannelManager - Adding key: http://localhost:61511 for channel [id: 0xb28d9e0c, L:/127.0.0.1:55162 - R:localhost/127.0.0.1:61511]
16:25:43.145 [Forwarding isElementDisplayed on session fb898dcdc587f4206734768def4a6aa6 to remote] DEBUG org.asynchttpclient.netty.request.NettyRequestSender - Using pooled Channel '[id: 0xb28d9e0c, L:/127.0.0.1:55162 - R:localhost/127.0.0.1:61511]' for 'POST' to 'http://localhost:61511/session/fb898dcdc587f4206734768def4a6aa6/execute/sync'
16:25:43.145 [Forwarding isElementDisplayed on session fb898dcdc587f4206734768def4a6aa6 to remote] DEBUG org.asynchttpclient.netty.request.NettyRequestSender - Using open Channel [id: 0xb28d9e0c, L:/127.0.0.1:55162 - R:localhost/127.0.0.1:61511] for POST '/session/fb898dcdc587f4206734768def4a6aa6/execute/sync'
16:25:43.165 [AsyncHttpClient-1-7] DEBUG org.asynchttpclient.netty.handler.HttpHandler - 

Request DefaultHttpRequest(decodeResult: success, version: HTTP/1.1)
POST /session/fb898dcdc587f4206734768def4a6aa6/execute/sync HTTP/1.1
User-Agent: selenium/4.1.2 (java windows)
Content-Length: 48780
Content-Type: application/json; charset=utf-8
host: localhost:61511
accept: */*

Response DefaultHttpResponse(decodeResult: success, version: HTTP/1.1)
HTTP/1.1 200 OK
Content-Type: application/json; charset=utf-8
cache-control: no-cache
content-length: 14

16:25:43.165 [AsyncHttpClient-1-7] DEBUG org.asynchttpclient.netty.channel.ChannelManager - Adding key: http://localhost:61511 for channel [id: 0xb28d9e0c, L:/127.0.0.1:55162 - R:localhost/127.0.0.1:61511]
16:25:43.173 [Forwarding screenshot on session fb898dcdc587f4206734768def4a6aa6 to remote] DEBUG org.asynchttpclient.netty.request.NettyRequestSender - Using pooled Channel '[id: 0xb28d9e0c, L:/127.0.0.1:55162 - R:localhost/127.0.0.1:61511]' for 'GET' to 'http://localhost:61511/session/fb898dcdc587f4206734768def4a6aa6/screenshot'
16:25:43.173 [Forwarding screenshot on session fb898dcdc587f4206734768def4a6aa6 to remote] DEBUG org.asynchttpclient.netty.request.NettyRequestSender - Using open Channel [id: 0xb28d9e0c, L:/127.0.0.1:55162 - R:localhost/127.0.0.1:61511] for GET '/session/fb898dcdc587f4206734768def4a6aa6/screenshot'
16:25:43.958 [AsyncHttpClient-1-1] DEBUG org.asynchttpclient.netty.channel.DefaultChannelPool - Entry count for : http://localhost:55163 : 1
16:25:44.941 [AsyncHttpClient-1-7] DEBUG org.asynchttpclient.netty.handler.HttpHandler - 

Request DefaultFullHttpRequest(decodeResult: success, version: HTTP/1.1, content: EmptyByteBufBE)
GET /session/fb898dcdc587f4206734768def4a6aa6/screenshot HTTP/1.1
User-Agent: selenium/4.1.2 (java windows)
Cache-Control: no-cache
Content-Type: application/json; charset=utf-8
host: localhost:61511
accept: */*

Response DefaultHttpResponse(decodeResult: success, version: HTTP/1.1)
HTTP/1.1 200 OK
Content-Type: application/json; charset=utf-8
cache-control: no-cache
content-length: 36316

16:25:44.942 [AsyncHttpClient-1-7] DEBUG org.asynchttpclient.netty.channel.ChannelManager - Adding key: http://localhost:61511 for channel [id: 0xb28d9e0c, L:/127.0.0.1:55162 - R:localhost/127.0.0.1:61511]
16:25:44.944 [main] DEBUG net.serenitybdd.core.photography.Darkroom - Send negative for processing for target\site\serenity\cfb2f082fc9cd00b75e605cee3ce34b11b5f918310b961f5411bfaaef4ec2ecd.png
16:25:44.944 [main] DEBUG net.thucydides.core.steps.StepInterceptor - STEP DONE: validateOnHomePage
  &amp#27;[32mGiven &amp#27;[0m&amp#27;[32mI am on the HomePage AltaShop&amp#27;[0m &amp#27;[90m# Starter.StepDefinitions.ProductStep.iOnTheHomePage()&amp#27;[0m
16:25:44.944 [Darkroom Processing Line] DEBUG net.serenitybdd.core.photography.DarkroomProcessingLine - Processing screenshot image in /var/screenshots/screenshot-14539254061583197470
16:25:44.944 [Darkroom Processing Line] DEBUG net.serenitybdd.core.photography.DarkroomProcessingLine - Saving screenshot to target\site\serenity\cfb2f082fc9cd00b75e605cee3ce34b11b5f918310b961f5411bfaaef4ec2ecd.png
16:25:44.963 [main] DEBUG net.thucydides.core.steps.StepInterceptor - STARTING STEP: ProductStep.iSeeProduct - categoryAppears
16:25:44.964 [Forwarding findElement on session fb898dcdc587f4206734768def4a6aa6 to remote] DEBUG org.asynchttpclient.netty.request.NettyRequestSender - Using pooled Channel '[id: 0xb28d9e0c, L:/127.0.0.1:55162 - R:localhost/127.0.0.1:61511]' for 'POST' to 'http://localhost:61511/session/fb898dcdc587f4206734768def4a6aa6/element'
16:25:44.964 [Forwarding findElement on session fb898dcdc587f4206734768def4a6aa6 to remote] DEBUG org.asynchttpclient.netty.request.NettyRequestSender - Using open Channel [id: 0xb28d9e0c, L:/127.0.0.1:55162 - R:localhost/127.0.0.1:61511] for POST '/session/fb898dcdc587f4206734768def4a6aa6/element'
16:25:44.967 [AsyncHttpClient-1-7] DEBUG org.asynchttpclient.netty.handler.HttpHandler - 

Request DefaultHttpRequest(decodeResult: success, version: HTTP/1.1)
POST /session/fb898dcdc587f4206734768def4a6aa6/element HTTP/1.1
User-Agent: selenium/4.1.2 (java windows)
Content-Length: 57
Content-Type: application/json; charset=utf-8
host: localhost:61511
accept: */*

Response DefaultHttpResponse(decodeResult: success, version: HTTP/1.1)
HTTP/1.1 400 Bad Request
Content-Type: application/json; charset=utf-8
cache-control: no-cache
content-length: 957

16:25:44.967 [AsyncHttpClient-1-7] DEBUG org.asynchttpclient.netty.channel.ChannelManager - Adding key: http://localhost:61511 for channel [id: 0xb28d9e0c, L:/127.0.0.1:55162 - R:localhost/127.0.0.1:61511]
16:25:44.969 [Forwarding findElement on session fb898dcdc587f4206734768def4a6aa6 to remote] DEBUG org.asynchttpclient.netty.request.NettyRequestSender - Using pooled Channel '[id: 0xb28d9e0c, L:/127.0.0.1:55162 - R:localhost/127.0.0.1:61511]' for 'POST' to 'http://localhost:61511/session/fb898dcdc587f4206734768def4a6aa6/element'
16:25:44.969 [Forwarding findElement on session fb898dcdc587f4206734768def4a6aa6 to remote] DEBUG org.asynchttpclient.netty.request.NettyRequestSender - Using open Channel [id: 0xb28d9e0c, L:/127.0.0.1:55162 - R:localhost/127.0.0.1:61511] for POST '/session/fb898dcdc587f4206734768def4a6aa6/element'
16:25:44.980 [AsyncHttpClient-1-7] DEBUG org.asynchttpclient.netty.handler.HttpHandler - 

Request DefaultHttpRequest(decodeResult: success, version: HTTP/1.1)
POST /session/fb898dcdc587f4206734768def4a6aa6/element HTTP/1.1
User-Agent: selenium/4.1.2 (java windows)
Content-Length: 67
Content-Type: application/json; charset=utf-8
host: localhost:61511
accept: */*

Response DefaultHttpResponse(decodeResult: success, version: HTTP/1.1)
HTTP/1.1 200 OK
Content-Type: application/json; charset=utf-8
cache-control: no-cache
content-length: 88

16:25:44.980 [AsyncHttpClient-1-7] DEBUG org.asynchttpclient.netty.channel.ChannelManager - Adding key: http://localhost:61511 for channel [id: 0xb28d9e0c, L:/127.0.0.1:55162 - R:localhost/127.0.0.1:61511]
16:25:44.984 [Forwarding isElementDisplayed on session fb898dcdc587f4206734768def4a6aa6 to remote] DEBUG org.asynchttpclient.netty.request.NettyRequestSender - Using pooled Channel '[id: 0xb28d9e0c, L:/127.0.0.1:55162 - R:localhost/127.0.0.1:61511]' for 'POST' to 'http://localhost:61511/session/fb898dcdc587f4206734768def4a6aa6/execute/sync'
16:25:44.984 [Forwarding isElementDisplayed on session fb898dcdc587f4206734768def4a6aa6 to remote] DEBUG org.asynchttpclient.netty.request.NettyRequestSender - Using open Channel [id: 0xb28d9e0c, L:/127.0.0.1:55162 - R:localhost/127.0.0.1:61511] for POST '/session/fb898dcdc587f4206734768def4a6aa6/execute/sync'
16:25:44.998 [AsyncHttpClient-1-7] DEBUG org.asynchttpclient.netty.handler.HttpHandler - 

Request DefaultHttpRequest(decodeResult: success, version: HTTP/1.1)
POST /session/fb898dcdc587f4206734768def4a6aa6/execute/sync HTTP/1.1
User-Agent: selenium/4.1.2 (java windows)
Content-Length: 48780
Content-Type: application/json; charset=utf-8
host: localhost:61511
accept: */*

Response DefaultHttpResponse(decodeResult: success, version: HTTP/1.1)
HTTP/1.1 200 OK
Content-Type: application/json; charset=utf-8
cache-control: no-cache
content-length: 14

16:25:44.998 [AsyncHttpClient-1-7] DEBUG org.asynchttpclient.netty.channel.ChannelManager - Adding key: http://localhost:61511 for channel [id: 0xb28d9e0c, L:/127.0.0.1:55162 - R:localhost/127.0.0.1:61511]
16:25:45.002 [Forwarding screenshot on session fb898dcdc587f4206734768def4a6aa6 to remote] DEBUG org.asynchttpclient.netty.request.NettyRequestSender - Using pooled Channel '[id: 0xb28d9e0c, L:/127.0.0.1:55162 - R:localhost/127.0.0.1:61511]' for 'GET' to 'http://localhost:61511/session/fb898dcdc587f4206734768def4a6aa6/screenshot'
16:25:45.002 [Forwarding screenshot on session fb898dcdc587f4206734768def4a6aa6 to remote] DEBUG org.asynchttpclient.netty.request.NettyRequestSender - Using open Channel [id: 0xb28d9e0c, L:/127.0.0.1:55162 - R:localhost/127.0.0.1:61511] for GET '/session/fb898dcdc587f4206734768def4a6aa6/screenshot'
16:25:45.020 [AsyncHttpClient-1-1] DEBUG org.asynchttpclient.netty.channel.DefaultChannelPool - Entry count for : http://localhost:55163 : 1
16:25:45.113 [AsyncHttpClient-1-7] DEBUG org.asynchttpclient.netty.handler.HttpHandler - 

Request DefaultFullHttpRequest(decodeResult: success, version: HTTP/1.1, content: EmptyByteBufBE)
GET /session/fb898dcdc587f4206734768def4a6aa6/screenshot HTTP/1.1
User-Agent: selenium/4.1.2 (java windows)
Cache-Control: no-cache
Content-Type: application/json; charset=utf-8
host: localhost:61511
accept: */*

Response DefaultHttpResponse(decodeResult: success, version: HTTP/1.1)
HTTP/1.1 200 OK
Content-Type: application/json; charset=utf-8
cache-control: no-cache
content-length: 84424

16:25:45.113 [AsyncHttpClient-1-7] DEBUG org.asynchttpclient.netty.channel.ChannelManager - Adding key: http://localhost:61511 for channel [id: 0xb28d9e0c, L:/127.0.0.1:55162 - R:localhost/127.0.0.1:61511]
16:25:45.116 [main] DEBUG net.serenitybdd.core.photography.Darkroom - Send negative for processing for target\site\serenity\aa4e2bf0f7957f0abe62d5c7b5c6e855a23a9b9871218ddd3b9f82e82cdfacac.png
16:25:45.116 [main] DEBUG net.thucydides.core.steps.StepInterceptor - STEP DONE: categoryAppears
  &amp#27;[32mWhen &amp#27;[0m&amp#27;[32mI don't buy product&amp#27;[0m            &amp#27;[90m# Starter.StepDefinitions.ProductStep.iSeeProduct()&amp#27;[0m
16:25:45.116 [Darkroom Processing Line] DEBUG net.serenitybdd.core.photography.DarkroomProcessingLine - Processing screenshot image in /var/screenshots/screenshot-14041600472530469189
16:25:45.116 [Darkroom Processing Line] DEBUG net.serenitybdd.core.photography.DarkroomProcessingLine - Saving screenshot to target\site\serenity\aa4e2bf0f7957f0abe62d5c7b5c6e855a23a9b9871218ddd3b9f82e82cdfacac.png
16:25:45.138 [main] DEBUG net.thucydides.core.steps.StepInterceptor - STARTING STEP: OrderStep.clickButtonCart - clickButtonCart
16:25:45.145 [Forwarding findElement on session fb898dcdc587f4206734768def4a6aa6 to remote] DEBUG org.asynchttpclient.netty.request.NettyRequestSender - Using pooled Channel '[id: 0xb28d9e0c, L:/127.0.0.1:55162 - R:localhost/127.0.0.1:61511]' for 'POST' to 'http://localhost:61511/session/fb898dcdc587f4206734768def4a6aa6/element'
16:25:45.145 [Forwarding findElement on session fb898dcdc587f4206734768def4a6aa6 to remote] DEBUG org.asynchttpclient.netty.request.NettyRequestSender - Using open Channel [id: 0xb28d9e0c, L:/127.0.0.1:55162 - R:localhost/127.0.0.1:61511] for POST '/session/fb898dcdc587f4206734768def4a6aa6/element'
16:25:45.162 [AsyncHttpClient-1-7] DEBUG org.asynchttpclient.netty.handler.HttpHandler - 

Request DefaultHttpRequest(decodeResult: success, version: HTTP/1.1)
POST /session/fb898dcdc587f4206734768def4a6aa6/element HTTP/1.1
User-Agent: selenium/4.1.2 (java windows)
Content-Length: 127
Content-Type: application/json; charset=utf-8
host: localhost:61511
accept: */*

Response DefaultHttpResponse(decodeResult: success, version: HTTP/1.1)
HTTP/1.1 200 OK
Content-Type: application/json; charset=utf-8
cache-control: no-cache
content-length: 88

16:25:45.162 [AsyncHttpClient-1-7] DEBUG org.asynchttpclient.netty.channel.ChannelManager - Adding key: http://localhost:61511 for channel [id: 0xb28d9e0c, L:/127.0.0.1:55162 - R:localhost/127.0.0.1:61511]
16:25:45.163 [Forwarding getElementTagName on session fb898dcdc587f4206734768def4a6aa6 to remote] DEBUG org.asynchttpclient.netty.request.NettyRequestSender - Using pooled Channel '[id: 0xb28d9e0c, L:/127.0.0.1:55162 - R:localhost/127.0.0.1:61511]' for 'GET' to 'http://localhost:61511/session/fb898dcdc587f4206734768def4a6aa6/element/2823707c-93d4-47f7-ae8b-5e35903425ec/name'
16:25:45.163 [Forwarding getElementTagName on session fb898dcdc587f4206734768def4a6aa6 to remote] DEBUG org.asynchttpclient.netty.request.NettyRequestSender - Using open Channel [id: 0xb28d9e0c, L:/127.0.0.1:55162 - R:localhost/127.0.0.1:61511] for GET '/session/fb898dcdc587f4206734768def4a6aa6/element/2823707c-93d4-47f7-ae8b-5e35903425ec/name'
16:25:45.168 [AsyncHttpClient-1-7] DEBUG org.asynchttpclient.netty.handler.HttpHandler - 

Request DefaultFullHttpRequest(decodeResult: success, version: HTTP/1.1, content: EmptyByteBufBE)
GET /session/fb898dcdc587f4206734768def4a6aa6/element/2823707c-93d4-47f7-ae8b-5e35903425ec/name HTTP/1.1
User-Agent: selenium/4.1.2 (java windows)
Cache-Control: no-cache
Content-Type: application/json; charset=utf-8
host: localhost:61511
accept: */*

Response DefaultHttpResponse(decodeResult: success, version: HTTP/1.1)
HTTP/1.1 200 OK
Content-Type: application/json; charset=utf-8
cache-control: no-cache
content-length: 16

16:25:45.168 [AsyncHttpClient-1-7] DEBUG org.asynchttpclient.netty.channel.ChannelManager - Adding key: http://localhost:61511 for channel [id: 0xb28d9e0c, L:/127.0.0.1:55162 - R:localhost/127.0.0.1:61511]
16:25:45.169 [Forwarding getElementTagName on session fb898dcdc587f4206734768def4a6aa6 to remote] DEBUG org.asynchttpclient.netty.request.NettyRequestSender - Using pooled Channel '[id: 0xb28d9e0c, L:/127.0.0.1:55162 - R:localhost/127.0.0.1:61511]' for 'GET' to 'http://localhost:61511/session/fb898dcdc587f4206734768def4a6aa6/element/2823707c-93d4-47f7-ae8b-5e35903425ec/name'
16:25:45.169 [Forwarding getElementTagName on session fb898dcdc587f4206734768def4a6aa6 to remote] DEBUG org.asynchttpclient.netty.request.NettyRequestSender - Using open Channel [id: 0xb28d9e0c, L:/127.0.0.1:55162 - R:localhost/127.0.0.1:61511] for GET '/session/fb898dcdc587f4206734768def4a6aa6/element/2823707c-93d4-47f7-ae8b-5e35903425ec/name'
16:25:45.173 [AsyncHttpClient-1-7] DEBUG org.asynchttpclient.netty.handler.HttpHandler - 

Request DefaultFullHttpRequest(decodeResult: success, version: HTTP/1.1, content: EmptyByteBufBE)
GET /session/fb898dcdc587f4206734768def4a6aa6/element/2823707c-93d4-47f7-ae8b-5e35903425ec/name HTTP/1.1
User-Agent: selenium/4.1.2 (java windows)
Cache-Control: no-cache
Content-Type: application/json; charset=utf-8
host: localhost:61511
accept: */*

Response DefaultHttpResponse(decodeResult: success, version: HTTP/1.1)
HTTP/1.1 200 OK
Content-Type: application/json; charset=utf-8
cache-control: no-cache
content-length: 16

16:25:45.174 [AsyncHttpClient-1-7] DEBUG org.asynchttpclient.netty.channel.ChannelManager - Adding key: http://localhost:61511 for channel [id: 0xb28d9e0c, L:/127.0.0.1:55162 - R:localhost/127.0.0.1:61511]
16:25:45.175 [Forwarding findElement on session fb898dcdc587f4206734768def4a6aa6 to remote] DEBUG org.asynchttpclient.netty.request.NettyRequestSender - Using pooled Channel '[id: 0xb28d9e0c, L:/127.0.0.1:55162 - R:localhost/127.0.0.1:61511]' for 'POST' to 'http://localhost:61511/session/fb898dcdc587f4206734768def4a6aa6/element'
16:25:45.175 [Forwarding findElement on session fb898dcdc587f4206734768def4a6aa6 to remote] DEBUG org.asynchttpclient.netty.request.NettyRequestSender - Using open Channel [id: 0xb28d9e0c, L:/127.0.0.1:55162 - R:localhost/127.0.0.1:61511] for POST '/session/fb898dcdc587f4206734768def4a6aa6/element'
16:25:45.181 [AsyncHttpClient-1-7] DEBUG org.asynchttpclient.netty.handler.HttpHandler - 

Request DefaultHttpRequest(decodeResult: success, version: HTTP/1.1)
POST /session/fb898dcdc587f4206734768def4a6aa6/element HTTP/1.1
User-Agent: selenium/4.1.2 (java windows)
Content-Length: 127
Content-Type: application/json; charset=utf-8
host: localhost:61511
accept: */*

Response DefaultHttpResponse(decodeResult: success, version: HTTP/1.1)
HTTP/1.1 200 OK
Content-Type: application/json; charset=utf-8
cache-control: no-cache
content-length: 88

16:25:45.181 [AsyncHttpClient-1-7] DEBUG org.asynchttpclient.netty.channel.ChannelManager - Adding key: http://localhost:61511 for channel [id: 0xb28d9e0c, L:/127.0.0.1:55162 - R:localhost/127.0.0.1:61511]
16:25:45.189 [Forwarding clickElement on session fb898dcdc587f4206734768def4a6aa6 to remote] DEBUG org.asynchttpclient.netty.request.NettyRequestSender - Using pooled Channel '[id: 0xb28d9e0c, L:/127.0.0.1:55162 - R:localhost/127.0.0.1:61511]' for 'POST' to 'http://localhost:61511/session/fb898dcdc587f4206734768def4a6aa6/element/2823707c-93d4-47f7-ae8b-5e35903425ec/click'
16:25:45.190 [Forwarding clickElement on session fb898dcdc587f4206734768def4a6aa6 to remote] DEBUG org.asynchttpclient.netty.request.NettyRequestSender - Using open Channel [id: 0xb28d9e0c, L:/127.0.0.1:55162 - R:localhost/127.0.0.1:61511] for POST '/session/fb898dcdc587f4206734768def4a6aa6/element/2823707c-93d4-47f7-ae8b-5e35903425ec/click'
16:25:45.251 [AsyncHttpClient-1-7] DEBUG org.asynchttpclient.netty.handler.HttpHandler - 

Request DefaultHttpRequest(decodeResult: success, version: HTTP/1.1)
POST /session/fb898dcdc587f4206734768def4a6aa6/element/2823707c-93d4-47f7-ae8b-5e35903425ec/click HTTP/1.1
User-Agent: selenium/4.1.2 (java windows)
Content-Length: 50
Content-Type: application/json; charset=utf-8
host: localhost:61511
accept: */*

Response DefaultHttpResponse(decodeResult: success, version: HTTP/1.1)
HTTP/1.1 200 OK
Content-Type: application/json; charset=utf-8
cache-control: no-cache
content-length: 14

16:25:45.251 [AsyncHttpClient-1-7] DEBUG org.asynchttpclient.netty.channel.ChannelManager - Adding key: http://localhost:61511 for channel [id: 0xb28d9e0c, L:/127.0.0.1:55162 - R:localhost/127.0.0.1:61511]
16:25:45.268 [Forwarding screenshot on session fb898dcdc587f4206734768def4a6aa6 to remote] DEBUG org.asynchttpclient.netty.request.NettyRequestSender - Using pooled Channel '[id: 0xb28d9e0c, L:/127.0.0.1:55162 - R:localhost/127.0.0.1:61511]' for 'GET' to 'http://localhost:61511/session/fb898dcdc587f4206734768def4a6aa6/screenshot'
16:25:45.268 [Forwarding screenshot on session fb898dcdc587f4206734768def4a6aa6 to remote] DEBUG org.asynchttpclient.netty.request.NettyRequestSender - Using open Channel [id: 0xb28d9e0c, L:/127.0.0.1:55162 - R:localhost/127.0.0.1:61511] for GET '/session/fb898dcdc587f4206734768def4a6aa6/screenshot'
16:25:45.592 [AsyncHttpClient-1-7] DEBUG org.asynchttpclient.netty.handler.HttpHandler - 

Request DefaultFullHttpRequest(decodeResult: success, version: HTTP/1.1, content: EmptyByteBufBE)
GET /session/fb898dcdc587f4206734768def4a6aa6/screenshot HTTP/1.1
User-Agent: selenium/4.1.2 (java windows)
Cache-Control: no-cache
Content-Type: application/json; charset=utf-8
host: localhost:61511
accept: */*

Response DefaultHttpResponse(decodeResult: success, version: HTTP/1.1)
HTTP/1.1 200 OK
Content-Type: application/json; charset=utf-8
cache-control: no-cache
content-length: 18608

16:25:45.592 [AsyncHttpClient-1-7] DEBUG org.asynchttpclient.netty.channel.ChannelManager - Adding key: http://localhost:61511 for channel [id: 0xb28d9e0c, L:/127.0.0.1:55162 - R:localhost/127.0.0.1:61511]
16:25:45.593 [main] DEBUG net.serenitybdd.core.photography.Darkroom - Send negative for processing for target\site\serenity\f527c189d5a9bd27439a266e0d1fd26dca73373bd9d1a3fe568edeea67c09b79.png
16:25:45.593 [main] DEBUG net.thucydides.core.steps.StepInterceptor - STEP DONE: clickButtonCart
  &amp#27;[32mAnd &amp#27;[0m&amp#27;[32mI click button cart&amp#27;[0m             &amp#27;[90m# Starter.StepDefinitions.OrderStep.clickButtonCart()&amp#27;[0m
16:25:45.593 [Darkroom Processing Line] DEBUG net.serenitybdd.core.photography.DarkroomProcessingLine - Processing screenshot image in /var/screenshots/screenshot-10248825298105673345
16:25:45.593 [Darkroom Processing Line] DEBUG net.serenitybdd.core.photography.DarkroomProcessingLine - Saving screenshot to target\site\serenity\f527c189d5a9bd27439a266e0d1fd26dca73373bd9d1a3fe568edeea67c09b79.png
16:25:45.608 [main] DEBUG net.thucydides.core.steps.StepInterceptor - STARTING STEP: ProductStep.iGetEmptyCartProduct - validateEmptyProduct
16:25:45.608 [Forwarding findElement on session fb898dcdc587f4206734768def4a6aa6 to remote] DEBUG org.asynchttpclient.netty.request.NettyRequestSender - Using pooled Channel '[id: 0xb28d9e0c, L:/127.0.0.1:55162 - R:localhost/127.0.0.1:61511]' for 'POST' to 'http://localhost:61511/session/fb898dcdc587f4206734768def4a6aa6/element'
16:25:45.608 [Forwarding findElement on session fb898dcdc587f4206734768def4a6aa6 to remote] DEBUG org.asynchttpclient.netty.request.NettyRequestSender - Using open Channel [id: 0xb28d9e0c, L:/127.0.0.1:55162 - R:localhost/127.0.0.1:61511] for POST '/session/fb898dcdc587f4206734768def4a6aa6/element'
16:25:45.631 [AsyncHttpClient-1-7] DEBUG org.asynchttpclient.netty.handler.HttpHandler - 

Request DefaultHttpRequest(decodeResult: success, version: HTTP/1.1)
POST /session/fb898dcdc587f4206734768def4a6aa6/element HTTP/1.1
User-Agent: selenium/4.1.2 (java windows)
Content-Length: 71
Content-Type: application/json; charset=utf-8
host: localhost:61511
accept: */*

Response DefaultHttpResponse(decodeResult: success, version: HTTP/1.1)
HTTP/1.1 200 OK
Content-Type: application/json; charset=utf-8
cache-control: no-cache
content-length: 88

16:25:45.631 [AsyncHttpClient-1-7] DEBUG org.asynchttpclient.netty.channel.ChannelManager - Adding key: http://localhost:61511 for channel [id: 0xb28d9e0c, L:/127.0.0.1:55162 - R:localhost/127.0.0.1:61511]
16:25:45.631 [Forwarding isElementDisplayed on session fb898dcdc587f4206734768def4a6aa6 to remote] DEBUG org.asynchttpclient.netty.request.NettyRequestSender - Using pooled Channel '[id: 0xb28d9e0c, L:/127.0.0.1:55162 - R:localhost/127.0.0.1:61511]' for 'POST' to 'http://localhost:61511/session/fb898dcdc587f4206734768def4a6aa6/execute/sync'
16:25:45.631 [Forwarding isElementDisplayed on session fb898dcdc587f4206734768def4a6aa6 to remote] DEBUG org.asynchttpclient.netty.request.NettyRequestSender - Using open Channel [id: 0xb28d9e0c, L:/127.0.0.1:55162 - R:localhost/127.0.0.1:61511] for POST '/session/fb898dcdc587f4206734768def4a6aa6/execute/sync'
16:25:45.714 [AsyncHttpClient-1-7] DEBUG org.asynchttpclient.netty.handler.HttpHandler - 

Request DefaultHttpRequest(decodeResult: success, version: HTTP/1.1)
POST /session/fb898dcdc587f4206734768def4a6aa6/execute/sync HTTP/1.1
User-Agent: selenium/4.1.2 (java windows)
Content-Length: 48780
Content-Type: application/json; charset=utf-8
host: localhost:61511
accept: */*

Response DefaultHttpResponse(decodeResult: success, version: HTTP/1.1)
HTTP/1.1 200 OK
Content-Type: application/json; charset=utf-8
cache-control: no-cache
content-length: 15

16:25:45.714 [AsyncHttpClient-1-7] DEBUG org.asynchttpclient.netty.channel.ChannelManager - Adding key: http://localhost:61511 for channel [id: 0xb28d9e0c, L:/127.0.0.1:55162 - R:localhost/127.0.0.1:61511]
16:25:45.716 [Forwarding screenshot on session fb898dcdc587f4206734768def4a6aa6 to remote] DEBUG org.asynchttpclient.netty.request.NettyRequestSender - Using pooled Channel '[id: 0xb28d9e0c, L:/127.0.0.1:55162 - R:localhost/127.0.0.1:61511]' for 'GET' to 'http://localhost:61511/session/fb898dcdc587f4206734768def4a6aa6/screenshot'
16:25:45.716 [Forwarding screenshot on session fb898dcdc587f4206734768def4a6aa6 to remote] DEBUG org.asynchttpclient.netty.request.NettyRequestSender - Using open Channel [id: 0xb28d9e0c, L:/127.0.0.1:55162 - R:localhost/127.0.0.1:61511] for GET '/session/fb898dcdc587f4206734768def4a6aa6/screenshot'
16:25:45.940 [AsyncHttpClient-1-7] DEBUG org.asynchttpclient.netty.handler.HttpHandler - 

Request DefaultFullHttpRequest(decodeResult: success, version: HTTP/1.1, content: EmptyByteBufBE)
GET /session/fb898dcdc587f4206734768def4a6aa6/screenshot HTTP/1.1
User-Agent: selenium/4.1.2 (java windows)
Cache-Control: no-cache
Content-Type: application/json; charset=utf-8
host: localhost:61511
accept: */*

Response DefaultHttpResponse(decodeResult: success, version: HTTP/1.1)
HTTP/1.1 200 OK
Content-Type: application/json; charset=utf-8
cache-control: no-cache
content-length: 18412

16:25:45.940 [AsyncHttpClient-1-7] DEBUG org.asynchttpclient.netty.channel.ChannelManager - Adding key: http://localhost:61511 for channel [id: 0xb28d9e0c, L:/127.0.0.1:55162 - R:localhost/127.0.0.1:61511]
16:25:45.940 [main] DEBUG net.serenitybdd.core.photography.Darkroom - Send negative for processing for target\site\serenity\970baf19fdc0df935e169abf0ff0a3a76b81c8b2081fd940c60ae0158b5cac5d.png
16:25:45.940 [main] DEBUG net.thucydides.core.steps.StepInterceptor - STEP DONE: validateEmptyProduct
16:25:45.940 [Darkroom Processing Line] DEBUG net.serenitybdd.core.photography.DarkroomProcessingLine - Processing screenshot image in /var/screenshots/screenshot-18038123523093686349
16:25:45.940 [Darkroom Processing Line] DEBUG net.serenitybdd.core.photography.DarkroomProcessingLine - Saving screenshot to target\site\serenity\970baf19fdc0df935e169abf0ff0a3a76b81c8b2081fd940c60ae0158b5cac5d.png
16:25:45.944 [main] DEBUG net.thucydides.core.steps.StepInterceptor - STARTING STEP: ProductStep.iGetEmptyCartProduct - emptyTextEqual
16:25:45.944 [Forwarding setTimeout on session fb898dcdc587f4206734768def4a6aa6 to remote] DEBUG org.asynchttpclient.netty.request.NettyRequestSender - Using pooled Channel '[id: 0xb28d9e0c, L:/127.0.0.1:55162 - R:localhost/127.0.0.1:61511]' for 'POST' to 'http://localhost:61511/session/fb898dcdc587f4206734768def4a6aa6/timeouts'
16:25:45.944 [Forwarding setTimeout on session fb898dcdc587f4206734768def4a6aa6 to remote] DEBUG org.asynchttpclient.netty.request.NettyRequestSender - Using open Channel [id: 0xb28d9e0c, L:/127.0.0.1:55162 - R:localhost/127.0.0.1:61511] for POST '/session/fb898dcdc587f4206734768def4a6aa6/timeouts'
16:25:45.961 [AsyncHttpClient-1-7] DEBUG org.asynchttpclient.netty.handler.HttpHandler - 

Request DefaultHttpRequest(decodeResult: success, version: HTTP/1.1)
POST /session/fb898dcdc587f4206734768def4a6aa6/timeouts HTTP/1.1
User-Agent: selenium/4.1.2 (java windows)
Content-Length: 23
Content-Type: application/json; charset=utf-8
host: localhost:61511
accept: */*

Response DefaultHttpResponse(decodeResult: success, version: HTTP/1.1)
HTTP/1.1 200 OK
Content-Type: application/json; charset=utf-8
cache-control: no-cache
content-length: 14

16:25:45.961 [AsyncHttpClient-1-7] DEBUG org.asynchttpclient.netty.channel.ChannelManager - Adding key: http://localhost:61511 for channel [id: 0xb28d9e0c, L:/127.0.0.1:55162 - R:localhost/127.0.0.1:61511]
16:25:45.963 [Forwarding findElement on session fb898dcdc587f4206734768def4a6aa6 to remote] DEBUG org.asynchttpclient.netty.request.NettyRequestSender - Using pooled Channel '[id: 0xb28d9e0c, L:/127.0.0.1:55162 - R:localhost/127.0.0.1:61511]' for 'POST' to 'http://localhost:61511/session/fb898dcdc587f4206734768def4a6aa6/element'
16:25:45.963 [Forwarding findElement on session fb898dcdc587f4206734768def4a6aa6 to remote] DEBUG org.asynchttpclient.netty.request.NettyRequestSender - Using open Channel [id: 0xb28d9e0c, L:/127.0.0.1:55162 - R:localhost/127.0.0.1:61511] for POST '/session/fb898dcdc587f4206734768def4a6aa6/element'
16:25:45.971 [AsyncHttpClient-1-7] DEBUG org.asynchttpclient.netty.handler.HttpHandler - 

Request DefaultHttpRequest(decodeResult: success, version: HTTP/1.1)
POST /session/fb898dcdc587f4206734768def4a6aa6/element HTTP/1.1
User-Agent: selenium/4.1.2 (java windows)
Content-Length: 71
Content-Type: application/json; charset=utf-8
host: localhost:61511
accept: */*

Response DefaultHttpResponse(decodeResult: success, version: HTTP/1.1)
HTTP/1.1 200 OK
Content-Type: application/json; charset=utf-8
cache-control: no-cache
content-length: 88

16:25:45.971 [AsyncHttpClient-1-7] DEBUG org.asynchttpclient.netty.channel.ChannelManager - Adding key: http://localhost:61511 for channel [id: 0xb28d9e0c, L:/127.0.0.1:55162 - R:localhost/127.0.0.1:61511]
16:25:45.972 [Forwarding getElementText on session fb898dcdc587f4206734768def4a6aa6 to remote] DEBUG org.asynchttpclient.netty.request.NettyRequestSender - Using pooled Channel '[id: 0xb28d9e0c, L:/127.0.0.1:55162 - R:localhost/127.0.0.1:61511]' for 'GET' to 'http://localhost:61511/session/fb898dcdc587f4206734768def4a6aa6/element/73e1e602-e5f7-4dbd-8d58-e66c801cc8f8/text'
16:25:45.972 [Forwarding getElementText on session fb898dcdc587f4206734768def4a6aa6 to remote] DEBUG org.asynchttpclient.netty.request.NettyRequestSender - Using open Channel [id: 0xb28d9e0c, L:/127.0.0.1:55162 - R:localhost/127.0.0.1:61511] for GET '/session/fb898dcdc587f4206734768def4a6aa6/element/73e1e602-e5f7-4dbd-8d58-e66c801cc8f8/text'
16:25:45.986 [AsyncHttpClient-1-7] DEBUG org.asynchttpclient.netty.handler.HttpHandler - 

Request DefaultFullHttpRequest(decodeResult: success, version: HTTP/1.1, content: EmptyByteBufBE)
GET /session/fb898dcdc587f4206734768def4a6aa6/element/73e1e602-e5f7-4dbd-8d58-e66c801cc8f8/text HTTP/1.1
User-Agent: selenium/4.1.2 (java windows)
Cache-Control: no-cache
Content-Type: application/json; charset=utf-8
host: localhost:61511
accept: */*

Response DefaultHttpResponse(decodeResult: success, version: HTTP/1.1)
HTTP/1.1 200 OK
Content-Type: application/json; charset=utf-8
cache-control: no-cache
content-length: 12

16:25:45.986 [AsyncHttpClient-1-7] DEBUG org.asynchttpclient.netty.channel.ChannelManager - Adding key: http://localhost:61511 for channel [id: 0xb28d9e0c, L:/127.0.0.1:55162 - R:localhost/127.0.0.1:61511]
16:25:45.991 [Forwarding screenshot on session fb898dcdc587f4206734768def4a6aa6 to remote] DEBUG org.asynchttpclient.netty.request.NettyRequestSender - Using pooled Channel '[id: 0xb28d9e0c, L:/127.0.0.1:55162 - R:localhost/127.0.0.1:61511]' for 'GET' to 'http://localhost:61511/session/fb898dcdc587f4206734768def4a6aa6/screenshot'
16:25:45.991 [Forwarding screenshot on session fb898dcdc587f4206734768def4a6aa6 to remote] DEBUG org.asynchttpclient.netty.request.NettyRequestSender - Using open Channel [id: 0xb28d9e0c, L:/127.0.0.1:55162 - R:localhost/127.0.0.1:61511] for GET '/session/fb898dcdc587f4206734768def4a6aa6/screenshot'
16:25:46.084 [AsyncHttpClient-1-7] DEBUG org.asynchttpclient.netty.handler.HttpHandler - 

Request DefaultFullHttpRequest(decodeResult: success, version: HTTP/1.1, content: EmptyByteBufBE)
GET /session/fb898dcdc587f4206734768def4a6aa6/screenshot HTTP/1.1
User-Agent: selenium/4.1.2 (java windows)
Cache-Control: no-cache
Content-Type: application/json; charset=utf-8
host: localhost:61511
accept: */*

Response DefaultHttpResponse(decodeResult: success, version: HTTP/1.1)
HTTP/1.1 200 OK
Content-Type: application/json; charset=utf-8
cache-control: no-cache
content-length: 18412

16:25:46.084 [AsyncHttpClient-1-7] DEBUG org.asynchttpclient.netty.channel.ChannelManager - Adding key: http://localhost:61511 for channel [id: 0xb28d9e0c, L:/127.0.0.1:55162 - R:localhost/127.0.0.1:61511]
16:25:46.084 [main] DEBUG net.serenitybdd.core.photography.Darkroom - Send negative for processing for target\site\serenity\970baf19fdc0df935e169abf0ff0a3a76b81c8b2081fd940c60ae0158b5cac5d.png
16:25:46.084 [main] DEBUG net.thucydides.core.steps.StepInterceptor - STEP DONE: emptyTextEqual
  &amp#27;[32mThen &amp#27;[0m&amp#27;[32mI get empty cart product&amp#27;[0m       &amp#27;[90m# Starter.StepDefinitions.ProductStep.iGetEmptyCartProduct()&amp#27;[0m
16:25:46.090 [main] INFO  - 
  _____   ___   ___   _____     ___     _     ___   ___   ___   ___  
 |_   _| | __| / __| |_   _|   | _ \   /_\   / __| / __| | __| |   \ 
   | |   | _|  \__ \   | |     |  _/  / _ \  \__ \ \__ \ | _|  | |) |
   |_|   |___| |___/   |_|     |_|   /_/ \_\ |___/ |___/ |___| |___/ 

See Product AltaShop
----------------------------------------------------------------------
16:25:46.092 [AsyncHttpClient-1-9] DEBUG org.asynchttpclient.netty.handler.WebSocketHandler - Channel Closed: [id: 0x0eb628b8, L:/127.0.0.1:55170 ! R:localhost/127.0.0.1:55163] with attribute NettyResponseFuture{currentRetry=5,
	isDone=1,
	isCancelled=0,
	asyncHandler=org.asynchttpclient.ws.WebSocketUpgradeHandler@24802235,
	nettyRequest=org.asynchttpclient.netty.request.NettyRequest@3ed06fce,
	future=java.util.concurrent.CompletableFuture@2ae05418[Completed normally],
	uri=ws://localhost:55163/devtools/browser/1c468743-e536-4989-ac44-d540b4cc5c56,
	keepAlive=true,
	redirectCount=0,
	timeoutsHolder=null,
	inAuth=0,
	touch=1653038741848}
16:25:46.092 [AsyncHttpClient-1-9] DEBUG org.asynchttpclient.netty.channel.ChannelManager - Closing Channel [id: 0x0eb628b8, L:/127.0.0.1:55170 ! R:localhost/127.0.0.1:55163] 
16:25:46.093 [Driver Command Executor] DEBUG org.asynchttpclient.netty.request.NettyRequestSender - Using pooled Channel '[id: 0xb28d9e0c, L:/127.0.0.1:55162 - R:localhost/127.0.0.1:61511]' for 'DELETE' to 'http://localhost:61511/session/fb898dcdc587f4206734768def4a6aa6'
16:25:46.093 [Driver Command Executor] DEBUG org.asynchttpclient.netty.request.NettyRequestSender - Using open Channel [id: 0xb28d9e0c, L:/127.0.0.1:55162 - R:localhost/127.0.0.1:61511] for DELETE '/session/fb898dcdc587f4206734768def4a6aa6'
16:25:46.118 [AsyncHttpClient-1-1] DEBUG org.asynchttpclient.netty.channel.DefaultChannelPool - Entry count for : http://localhost:55163 : 1
16:25:46.248 [AsyncHttpClient-1-8] DEBUG org.asynchttpclient.netty.handler.HttpHandler - Unexpected I/O exception on channel [id: 0xb4c82a29, L:/127.0.0.1:55169 - R:localhost/127.0.0.1:55163]
java.net.SocketException: Connection reset
	at java.base/sun.nio.ch.SocketChannelImpl.throwConnectionReset(SocketChannelImpl.java:367)
	at java.base/sun.nio.ch.SocketChannelImpl.read(SocketChannelImpl.java:398)
	at io.netty.buffer.PooledByteBuf.setBytes(PooledByteBuf.java:258)
	at io.netty.buffer.AbstractByteBuf.writeBytes(AbstractByteBuf.java:1132)
	at io.netty.channel.socket.nio.NioSocketChannel.doReadBytes(NioSocketChannel.java:350)
	at io.netty.channel.nio.AbstractNioByteChannel$NioByteUnsafe.read(AbstractNioByteChannel.java:151)
	at io.netty.channel.nio.NioEventLoop.processSelectedKey(NioEventLoop.java:722)
	at io.netty.channel.nio.NioEventLoop.processSelectedKeysOptimized(NioEventLoop.java:658)
	at io.netty.channel.nio.NioEventLoop.processSelectedKeys(NioEventLoop.java:584)
	at io.netty.channel.nio.NioEventLoop.run(NioEventLoop.java:496)
	at io.netty.util.concurrent.SingleThreadEventExecutor$4.run(SingleThreadEventExecutor.java:986)
	at io.netty.util.internal.ThreadExecutorMap$2.run(ThreadExecutorMap.java:74)
	at io.netty.util.concurrent.FastThreadLocalRunnable.run(FastThreadLocalRunnable.java:30)
	at java.base/java.lang.Thread.run(Thread.java:832)
16:25:46.249 [AsyncHttpClient-1-8] DEBUG org.asynchttpclient.netty.channel.ChannelManager - Closing Channel [id: 0xb4c82a29, L:/127.0.0.1:55169 - R:localhost/127.0.0.1:55163] 
16:25:46.249 [AsyncHttpClient-1-8] DEBUG org.asynchttpclient.netty.handler.HttpHandler - Channel Closed: [id: 0xb4c82a29, L:/127.0.0.1:55169 ! R:localhost/127.0.0.1:55163] with attribute DISCARD
16:25:46.259 [AsyncHttpClient-1-7] DEBUG org.asynchttpclient.netty.handler.HttpHandler - 

Request DefaultFullHttpRequest(decodeResult: success, version: HTTP/1.1, content: EmptyByteBufBE)
DELETE /session/fb898dcdc587f4206734768def4a6aa6 HTTP/1.1
User-Agent: selenium/4.1.2 (java windows)
Content-Type: application/json; charset=utf-8
host: localhost:61511
accept: */*

Response DefaultHttpResponse(decodeResult: success, version: HTTP/1.1)
HTTP/1.1 200 OK
Content-Type: application/json; charset=utf-8
cache-control: no-cache
content-length: 14

16:25:46.259 [AsyncHttpClient-1-7] DEBUG org.asynchttpclient.netty.channel.ChannelManager - Adding key: http://localhost:61511 for channel [id: 0xb28d9e0c, L:/127.0.0.1:55162 - R:localhost/127.0.0.1:61511]
16:25:46.411 [AsyncHttpClient-1-7] DEBUG org.asynchttpclient.netty.handler.HttpHandler - Channel Closed: [id: 0xb28d9e0c, L:/127.0.0.1:55162 ! R:localhost/127.0.0.1:61511] with attribute DISCARD
]]></system-out>
    <system-err><![CDATA[Starting ChromeDriver 101.0.4951.41 (93c720db8323b3ec10d056025ab95c23a31997c9-refs/branch-heads/4951@{#904}) on port 61511
Only local connections are allowed.
Please see https://chromedriver.chromium.org/security-considerations for suggestions on keeping ChromeDriver safe.
ChromeDriver was started successfully.
May 20, 2022 4:25:41 PM org.openqa.selenium.remote.ProtocolHandshake createSession
INFO: Detected dialect: W3C
May 20, 2022 4:25:41 PM org.openqa.selenium.devtools.CdpVersionFinder findNearestMatch
WARNING: Unable to find an exact match for CDP version 101, so returning the closest version found: 97
May 20, 2022 4:25:41 PM org.openqa.selenium.devtools.CdpVersionFinder findNearestMatch
INFO: Found CDP implementation for version 101 of 97
]]></system-err>
  </testcase>
  <testcase name="Buying Product AltaShop" classname="Product" time="7.436">
    <system-out><![CDATA[
@Product
Scenario: Buying Product AltaShop     &amp#27;[90m# src/test/resources/features/Product.feature:13&amp#27;[0m
16:25:46.934 [main] INFO io.cucumber.core.plugin.SerenityReporter - Running feature from file:///D:/data%20hakim/Mini%20Project%20Alterra/WebAlta/src/test/resources/features/Product.feature
16:25:46.937 [main] INFO  - 
  _____   ___   ___   _____     ___   _____     _     ___   _____   ___   ___  
 |_   _| | __| / __| |_   _|   / __| |_   _|   /_\   | _ \ |_   _| | __| |   \ 
   | |   | _|  \__ \   | |     \__ \   | |    / _ \  |   /   | |   | _|  | |) |
   |_|   |___| |___/   |_|     |___/   |_|   /_/ \_\ |_|_\   |_|   |___| |___/ 

Buying Product AltaShop(product;buying-product-altashop)
--------------------------------------------------------------------------------
16:25:46.945 [main] INFO net.serenitybdd.core.webdriver.driverproviders.ChromeDriverProvider - Using automatically driver download
16:25:47.093 [main] DEBUG io.github.bonigarcia.wdm.cache.ResolutionCache - Resolution chrome=101 in cache (valid until 17:18:55 20/05/2022 WIB)
16:25:47.093 [main] DEBUG io.github.bonigarcia.wdm.cache.ResolutionCache - Resolution chrome101=101.0.4951.41 in cache (valid until 21:21:16 20/05/2022 WIB)
16:25:47.093 [main] INFO io.github.bonigarcia.wdm.WebDriverManager - Using chromedriver 101.0.4951.41 (resolved driver for Chrome 101)
16:25:47.113 [main] DEBUG io.github.bonigarcia.wdm.WebDriverManager - Driver chromedriver 101.0.4951.41 found in cache
16:25:47.113 [main] INFO io.github.bonigarcia.wdm.WebDriverManager - Exporting webdriver.chrome.driver as C:\Users\hp pc\.cache\selenium\chromedriver\win32\101.0.4951.41\chromedriver.exe
16:25:47.198 [main] DEBUG net.serenitybdd.core.webdriver.driverproviders.ProvideNewDriver - Instantiating driver
16:25:47.198 [main] DEBUG net.serenitybdd.core.webdriver.driverproviders.ProvideNewDriver - Driver capabilities: Capabilities {acceptInsecureCerts: false, base.url: https://qa.alta.id/, browserName: chrome, chrome.driver: src/test/resources/webdrive..., driver: chrome, goog:chromeOptions: {args: [], extensions: []}}
16:25:47.230 [AsyncHttpClient-1-1] DEBUG org.asynchttpclient.netty.channel.DefaultChannelPool - Entry count for : http://localhost:55163 : 1
16:25:47.230 [AsyncHttpClient-1-1] DEBUG org.asynchttpclient.netty.channel.DefaultChannelPool - Entry count for : http://localhost:61511 : 1
16:25:47.230 [AsyncHttpClient-1-1] DEBUG org.asynchttpclient.netty.channel.DefaultChannelPool - Adding Candidate expired Channel [id: 0xb4c82a29, L:/127.0.0.1:55169 ! R:localhost/127.0.0.1:55163] isIdleTimeoutExpired=false isRemotelyClosed=true isTtlExpired=false
16:25:47.230 [AsyncHttpClient-1-1] DEBUG org.asynchttpclient.netty.channel.DefaultChannelPool - Closing Idle Channel [id: 0xb4c82a29, L:/127.0.0.1:55169 ! R:localhost/127.0.0.1:55163]
16:25:47.231 [AsyncHttpClient-1-1] DEBUG org.asynchttpclient.netty.channel.DefaultChannelPool - Adding Candidate expired Channel [id: 0xb28d9e0c, L:/127.0.0.1:55162 ! R:localhost/127.0.0.1:61511] isIdleTimeoutExpired=false isRemotelyClosed=true isTtlExpired=false
16:25:47.231 [AsyncHttpClient-1-1] DEBUG org.asynchttpclient.netty.channel.DefaultChannelPool - Closing Idle Channel [id: 0xb28d9e0c, L:/127.0.0.1:55162 ! R:localhost/127.0.0.1:61511]
16:25:47.231 [AsyncHttpClient-1-1] DEBUG org.asynchttpclient.netty.channel.DefaultChannelPool - Closed 2 connections out of 2 in 1 ms
16:25:47.742 [AsyncHttpClient-1-2] DEBUG org.asynchttpclient.netty.channel.NettyConnectListener - Using new Channel '[id: 0x8f359bf3, L:/127.0.0.1:55189 - R:localhost/127.0.0.1:59315]' for 'POST' to '/session'
16:25:48.611 [AsyncHttpClient-1-2] DEBUG org.asynchttpclient.netty.handler.HttpHandler - 

Request DefaultHttpRequest(decodeResult: success, version: HTTP/1.1)
POST /session HTTP/1.1
User-Agent: selenium/4.1.2 (java windows)
Content-Length: 605
Content-Type: application/json; charset=utf-8
host: localhost:59315
accept: */*

Response DefaultHttpResponse(decodeResult: success, version: HTTP/1.1)
HTTP/1.1 200 OK
Content-Type: application/json; charset=utf-8
cache-control: no-cache
content-length: 790

16:25:48.611 [AsyncHttpClient-1-2] DEBUG org.asynchttpclient.netty.channel.ChannelManager - Adding key: http://localhost:59315 for channel [id: 0x8f359bf3, L:/127.0.0.1:55189 - R:localhost/127.0.0.1:59315]
16:25:48.616 [AsyncHttpClient-1-3] DEBUG org.asynchttpclient.netty.channel.NettyConnectListener - Using new Channel '[id: 0xfac039ee, L:/127.0.0.1:55196 - R:localhost/127.0.0.1:55190]' for 'GET' to '/json/version'
16:25:48.617 [AsyncHttpClient-1-3] DEBUG org.asynchttpclient.netty.handler.HttpHandler - 

Request DefaultFullHttpRequest(decodeResult: success, version: HTTP/1.1, content: EmptyByteBufBE)
GET /json/version HTTP/1.1
User-Agent: selenium/4.1.2 (java windows)
host: localhost:55190
accept: */*

Response DefaultHttpResponse(decodeResult: success, version: HTTP/1.1)
HTTP/1.1 200 OK
Content-Type: application/json; charset=UTF-8
content-length: 427

16:25:48.617 [AsyncHttpClient-1-3] DEBUG org.asynchttpclient.netty.channel.ChannelManager - Adding key: http://localhost:55190 for channel [id: 0xfac039ee, L:/127.0.0.1:55196 - R:localhost/127.0.0.1:55190]
16:25:48.619 [AsyncHttpClient-1-4] DEBUG org.asynchttpclient.netty.channel.NettyConnectListener - Using new Channel '[id: 0x5614ad6e, L:/127.0.0.1:55197 - R:localhost/127.0.0.1:55190]' for 'GET' to '/devtools/browser/f7f43a60-e75e-4f67-b483-b6d89ad9657f'
16:25:48.620 [AsyncHttpClient-1-4] DEBUG org.asynchttpclient.netty.handler.WebSocketHandler - 

Request DefaultFullHttpRequest(decodeResult: success, version: HTTP/1.1, content: EmptyByteBufBE)
GET /devtools/browser/f7f43a60-e75e-4f67-b483-b6d89ad9657f HTTP/1.1
upgrade: websocket
connection: upgrade
sec-websocket-key: jJUbGBY12aV7x8BbX96dfw==
sec-websocket-version: 13
origin: http://localhost:55190
host: localhost:55190
accept: */*
user-agent: AHC/2.1

Response DefaultHttpResponse(decodeResult: success, version: HTTP/1.1)
HTTP/1.1 101 WebSocket Protocol Handshake
Upgrade: WebSocket
Connection: Upgrade
Sec-WebSocket-Accept: mcvQEhuR/aKxZneauJAD5q71nHg=

16:25:48.624 [Forwarding maximizeCurrentWindow on session e800193ebffaae3ec25f7b169fe941af to remote] DEBUG org.asynchttpclient.netty.request.NettyRequestSender - Using pooled Channel '[id: 0x8f359bf3, L:/127.0.0.1:55189 - R:localhost/127.0.0.1:59315]' for 'POST' to 'http://localhost:59315/session/e800193ebffaae3ec25f7b169fe941af/window/maximize'
16:25:48.624 [Forwarding maximizeCurrentWindow on session e800193ebffaae3ec25f7b169fe941af to remote] DEBUG org.asynchttpclient.netty.request.NettyRequestSender - Using open Channel [id: 0x8f359bf3, L:/127.0.0.1:55189 - R:localhost/127.0.0.1:59315] for POST '/session/e800193ebffaae3ec25f7b169fe941af/window/maximize'
16:25:48.750 [AsyncHttpClient-1-2] DEBUG org.asynchttpclient.netty.handler.HttpHandler - 

Request DefaultHttpRequest(decodeResult: success, version: HTTP/1.1)
POST /session/e800193ebffaae3ec25f7b169fe941af/window/maximize HTTP/1.1
User-Agent: selenium/4.1.2 (java windows)
Content-Length: 3
Content-Type: application/json; charset=utf-8
host: localhost:59315
accept: */*

Response DefaultHttpResponse(decodeResult: success, version: HTTP/1.1)
HTTP/1.1 200 OK
Content-Type: application/json; charset=utf-8
cache-control: no-cache
content-length: 51

16:25:48.750 [AsyncHttpClient-1-2] DEBUG org.asynchttpclient.netty.channel.ChannelManager - Adding key: http://localhost:59315 for channel [id: 0x8f359bf3, L:/127.0.0.1:55189 - R:localhost/127.0.0.1:59315]
16:25:48.751 [Forwarding get on session e800193ebffaae3ec25f7b169fe941af to remote] DEBUG org.asynchttpclient.netty.request.NettyRequestSender - Using pooled Channel '[id: 0x8f359bf3, L:/127.0.0.1:55189 - R:localhost/127.0.0.1:59315]' for 'POST' to 'http://localhost:59315/session/e800193ebffaae3ec25f7b169fe941af/url'
16:25:48.751 [Forwarding get on session e800193ebffaae3ec25f7b169fe941af to remote] DEBUG org.asynchttpclient.netty.request.NettyRequestSender - Using open Channel [id: 0x8f359bf3, L:/127.0.0.1:55189 - R:localhost/127.0.0.1:59315] for POST '/session/e800193ebffaae3ec25f7b169fe941af/url'
16:25:49.415 [AsyncHttpClient-1-1] DEBUG org.asynchttpclient.netty.channel.DefaultChannelPool - Entry count for : http://localhost:55190 : 1
16:25:49.654 [AsyncHttpClient-1-2] DEBUG org.asynchttpclient.netty.handler.HttpHandler - 

Request DefaultHttpRequest(decodeResult: success, version: HTTP/1.1)
POST /session/e800193ebffaae3ec25f7b169fe941af/url HTTP/1.1
User-Agent: selenium/4.1.2 (java windows)
Content-Length: 49
Content-Type: application/json; charset=utf-8
host: localhost:59315
accept: */*

Response DefaultHttpResponse(decodeResult: success, version: HTTP/1.1)
HTTP/1.1 200 OK
Content-Type: application/json; charset=utf-8
cache-control: no-cache
content-length: 14

16:25:49.654 [AsyncHttpClient-1-2] DEBUG org.asynchttpclient.netty.channel.ChannelManager - Adding key: http://localhost:59315 for channel [id: 0x8f359bf3, L:/127.0.0.1:55189 - R:localhost/127.0.0.1:59315]
16:25:49.657 [Forwarding setTimeout on session e800193ebffaae3ec25f7b169fe941af to remote] DEBUG org.asynchttpclient.netty.request.NettyRequestSender - Using pooled Channel '[id: 0x8f359bf3, L:/127.0.0.1:55189 - R:localhost/127.0.0.1:59315]' for 'POST' to 'http://localhost:59315/session/e800193ebffaae3ec25f7b169fe941af/timeouts'
16:25:49.657 [Forwarding setTimeout on session e800193ebffaae3ec25f7b169fe941af to remote] DEBUG org.asynchttpclient.netty.request.NettyRequestSender - Using open Channel [id: 0x8f359bf3, L:/127.0.0.1:55189 - R:localhost/127.0.0.1:59315] for POST '/session/e800193ebffaae3ec25f7b169fe941af/timeouts'
16:25:49.661 [AsyncHttpClient-1-2] DEBUG org.asynchttpclient.netty.handler.HttpHandler - 

Request DefaultHttpRequest(decodeResult: success, version: HTTP/1.1)
POST /session/e800193ebffaae3ec25f7b169fe941af/timeouts HTTP/1.1
User-Agent: selenium/4.1.2 (java windows)
Content-Length: 23
Content-Type: application/json; charset=utf-8
host: localhost:59315
accept: */*

Response DefaultHttpResponse(decodeResult: success, version: HTTP/1.1)
HTTP/1.1 200 OK
Content-Type: application/json; charset=utf-8
cache-control: no-cache
content-length: 14

16:25:49.662 [AsyncHttpClient-1-2] DEBUG org.asynchttpclient.netty.channel.ChannelManager - Adding key: http://localhost:59315 for channel [id: 0x8f359bf3, L:/127.0.0.1:55189 - R:localhost/127.0.0.1:59315]
16:25:49.666 [Forwarding getCurrentUrl on session e800193ebffaae3ec25f7b169fe941af to remote] DEBUG org.asynchttpclient.netty.request.NettyRequestSender - Using pooled Channel '[id: 0x8f359bf3, L:/127.0.0.1:55189 - R:localhost/127.0.0.1:59315]' for 'GET' to 'http://localhost:59315/session/e800193ebffaae3ec25f7b169fe941af/url'
16:25:49.666 [Forwarding getCurrentUrl on session e800193ebffaae3ec25f7b169fe941af to remote] DEBUG org.asynchttpclient.netty.request.NettyRequestSender - Using open Channel [id: 0x8f359bf3, L:/127.0.0.1:55189 - R:localhost/127.0.0.1:59315] for GET '/session/e800193ebffaae3ec25f7b169fe941af/url'
16:25:49.748 [AsyncHttpClient-1-2] DEBUG org.asynchttpclient.netty.handler.HttpHandler - 

Request DefaultFullHttpRequest(decodeResult: success, version: HTTP/1.1, content: EmptyByteBufBE)
GET /session/e800193ebffaae3ec25f7b169fe941af/url HTTP/1.1
User-Agent: selenium/4.1.2 (java windows)
Cache-Control: no-cache
Content-Type: application/json; charset=utf-8
host: localhost:59315
accept: */*

Response DefaultHttpResponse(decodeResult: success, version: HTTP/1.1)
HTTP/1.1 200 OK
Content-Type: application/json; charset=utf-8
cache-control: no-cache
content-length: 31

16:25:49.748 [AsyncHttpClient-1-2] DEBUG org.asynchttpclient.netty.channel.ChannelManager - Adding key: http://localhost:59315 for channel [id: 0x8f359bf3, L:/127.0.0.1:55189 - R:localhost/127.0.0.1:59315]
16:25:49.758 [Forwarding screenshot on session e800193ebffaae3ec25f7b169fe941af to remote] DEBUG org.asynchttpclient.netty.request.NettyRequestSender - Using pooled Channel '[id: 0x8f359bf3, L:/127.0.0.1:55189 - R:localhost/127.0.0.1:59315]' for 'GET' to 'http://localhost:59315/session/e800193ebffaae3ec25f7b169fe941af/screenshot'
16:25:49.758 [Forwarding screenshot on session e800193ebffaae3ec25f7b169fe941af to remote] DEBUG org.asynchttpclient.netty.request.NettyRequestSender - Using open Channel [id: 0x8f359bf3, L:/127.0.0.1:55189 - R:localhost/127.0.0.1:59315] for GET '/session/e800193ebffaae3ec25f7b169fe941af/screenshot'
16:25:50.095 [AsyncHttpClient-1-2] DEBUG org.asynchttpclient.netty.handler.HttpHandler - 

Request DefaultFullHttpRequest(decodeResult: success, version: HTTP/1.1, content: EmptyByteBufBE)
GET /session/e800193ebffaae3ec25f7b169fe941af/screenshot HTTP/1.1
User-Agent: selenium/4.1.2 (java windows)
Cache-Control: no-cache
Content-Type: application/json; charset=utf-8
host: localhost:59315
accept: */*

Response DefaultHttpResponse(decodeResult: success, version: HTTP/1.1)
HTTP/1.1 200 OK
Content-Type: application/json; charset=utf-8
cache-control: no-cache
content-length: 37340

16:25:50.096 [AsyncHttpClient-1-2] DEBUG org.asynchttpclient.netty.channel.ChannelManager - Adding key: http://localhost:59315 for channel [id: 0x8f359bf3, L:/127.0.0.1:55189 - R:localhost/127.0.0.1:59315]
16:25:50.098 [main] DEBUG net.serenitybdd.core.photography.Darkroom - Send negative for processing for target\site\serenity\f65db95e2e26deafad547559bcabf5ebd1d161fef0f31d7a7762fb2d65717107.png
16:25:50.098 [main] DEBUG net.thucydides.core.steps.StepInterceptor - STARTING STEP: ProductStep.iOnTheHomePage - validateOnHomePage
16:25:50.099 [Darkroom Processing Line] DEBUG net.serenitybdd.core.photography.DarkroomProcessingLine - Processing screenshot image in /var/screenshots/screenshot-17810081585127379356
16:25:50.099 [Darkroom Processing Line] DEBUG net.serenitybdd.core.photography.DarkroomProcessingLine - Saving screenshot to target\site\serenity\f65db95e2e26deafad547559bcabf5ebd1d161fef0f31d7a7762fb2d65717107.png
16:25:50.100 [Forwarding findElement on session e800193ebffaae3ec25f7b169fe941af to remote] DEBUG org.asynchttpclient.netty.request.NettyRequestSender - Using pooled Channel '[id: 0x8f359bf3, L:/127.0.0.1:55189 - R:localhost/127.0.0.1:59315]' for 'POST' to 'http://localhost:59315/session/e800193ebffaae3ec25f7b169fe941af/element'
16:25:50.100 [Forwarding findElement on session e800193ebffaae3ec25f7b169fe941af to remote] DEBUG org.asynchttpclient.netty.request.NettyRequestSender - Using open Channel [id: 0x8f359bf3, L:/127.0.0.1:55189 - R:localhost/127.0.0.1:59315] for POST '/session/e800193ebffaae3ec25f7b169fe941af/element'
16:25:50.518 [AsyncHttpClient-1-1] DEBUG org.asynchttpclient.netty.channel.DefaultChannelPool - Entry count for : http://localhost:55190 : 1
16:25:51.615 [AsyncHttpClient-1-1] DEBUG org.asynchttpclient.netty.channel.DefaultChannelPool - Entry count for : http://localhost:55190 : 1
16:25:51.990 [AsyncHttpClient-1-2] DEBUG org.asynchttpclient.netty.handler.HttpHandler - 

Request DefaultHttpRequest(decodeResult: success, version: HTTP/1.1)
POST /session/e800193ebffaae3ec25f7b169fe941af/element HTTP/1.1
User-Agent: selenium/4.1.2 (java windows)
Content-Length: 127
Content-Type: application/json; charset=utf-8
host: localhost:59315
accept: */*

Response DefaultHttpResponse(decodeResult: success, version: HTTP/1.1)
HTTP/1.1 200 OK
Content-Type: application/json; charset=utf-8
cache-control: no-cache
content-length: 88

16:25:51.990 [AsyncHttpClient-1-2] DEBUG org.asynchttpclient.netty.channel.ChannelManager - Adding key: http://localhost:59315 for channel [id: 0x8f359bf3, L:/127.0.0.1:55189 - R:localhost/127.0.0.1:59315]
16:25:51.990 [Forwarding isElementDisplayed on session e800193ebffaae3ec25f7b169fe941af to remote] DEBUG org.asynchttpclient.netty.request.NettyRequestSender - Using pooled Channel '[id: 0x8f359bf3, L:/127.0.0.1:55189 - R:localhost/127.0.0.1:59315]' for 'POST' to 'http://localhost:59315/session/e800193ebffaae3ec25f7b169fe941af/execute/sync'
16:25:51.990 [Forwarding isElementDisplayed on session e800193ebffaae3ec25f7b169fe941af to remote] DEBUG org.asynchttpclient.netty.request.NettyRequestSender - Using open Channel [id: 0x8f359bf3, L:/127.0.0.1:55189 - R:localhost/127.0.0.1:59315] for POST '/session/e800193ebffaae3ec25f7b169fe941af/execute/sync'
16:25:52.002 [AsyncHttpClient-1-2] DEBUG org.asynchttpclient.netty.handler.HttpHandler - 

Request DefaultHttpRequest(decodeResult: success, version: HTTP/1.1)
POST /session/e800193ebffaae3ec25f7b169fe941af/execute/sync HTTP/1.1
User-Agent: selenium/4.1.2 (java windows)
Content-Length: 48780
Content-Type: application/json; charset=utf-8
host: localhost:59315
accept: */*

Response DefaultHttpResponse(decodeResult: success, version: HTTP/1.1)
HTTP/1.1 200 OK
Content-Type: application/json; charset=utf-8
cache-control: no-cache
content-length: 14

16:25:52.002 [AsyncHttpClient-1-2] DEBUG org.asynchttpclient.netty.channel.ChannelManager - Adding key: http://localhost:59315 for channel [id: 0x8f359bf3, L:/127.0.0.1:55189 - R:localhost/127.0.0.1:59315]
16:25:52.002 [Forwarding screenshot on session e800193ebffaae3ec25f7b169fe941af to remote] DEBUG org.asynchttpclient.netty.request.NettyRequestSender - Using pooled Channel '[id: 0x8f359bf3, L:/127.0.0.1:55189 - R:localhost/127.0.0.1:59315]' for 'GET' to 'http://localhost:59315/session/e800193ebffaae3ec25f7b169fe941af/screenshot'
16:25:52.002 [Forwarding screenshot on session e800193ebffaae3ec25f7b169fe941af to remote] DEBUG org.asynchttpclient.netty.request.NettyRequestSender - Using open Channel [id: 0x8f359bf3, L:/127.0.0.1:55189 - R:localhost/127.0.0.1:59315] for GET '/session/e800193ebffaae3ec25f7b169fe941af/screenshot'
16:25:52.110 [AsyncHttpClient-1-2] DEBUG org.asynchttpclient.netty.handler.HttpHandler - 

Request DefaultFullHttpRequest(decodeResult: success, version: HTTP/1.1, content: EmptyByteBufBE)
GET /session/e800193ebffaae3ec25f7b169fe941af/screenshot HTTP/1.1
User-Agent: selenium/4.1.2 (java windows)
Cache-Control: no-cache
Content-Type: application/json; charset=utf-8
host: localhost:59315
accept: */*

Response DefaultHttpResponse(decodeResult: success, version: HTTP/1.1)
HTTP/1.1 200 OK
Content-Type: application/json; charset=utf-8
cache-control: no-cache
content-length: 84424

16:25:52.110 [AsyncHttpClient-1-2] DEBUG org.asynchttpclient.netty.channel.ChannelManager - Adding key: http://localhost:59315 for channel [id: 0x8f359bf3, L:/127.0.0.1:55189 - R:localhost/127.0.0.1:59315]
16:25:52.110 [main] DEBUG net.serenitybdd.core.photography.Darkroom - Send negative for processing for target\site\serenity\aa4e2bf0f7957f0abe62d5c7b5c6e855a23a9b9871218ddd3b9f82e82cdfacac.png
16:25:52.110 [main] DEBUG net.thucydides.core.steps.StepInterceptor - STEP DONE: validateOnHomePage
  &amp#27;[32mGiven &amp#27;[0m&amp#27;[32mI am on the HomePage AltaShop&amp#27;[0m &amp#27;[90m# Starter.StepDefinitions.ProductStep.iOnTheHomePage()&amp#27;[0m
16:25:52.126 [main] DEBUG net.thucydides.core.steps.StepInterceptor - STARTING STEP: ProductStep.iClickButtonBuy - clickProductSatu
16:25:52.126 [Forwarding findElement on session e800193ebffaae3ec25f7b169fe941af to remote] DEBUG org.asynchttpclient.netty.request.NettyRequestSender - Using pooled Channel '[id: 0x8f359bf3, L:/127.0.0.1:55189 - R:localhost/127.0.0.1:59315]' for 'POST' to 'http://localhost:59315/session/e800193ebffaae3ec25f7b169fe941af/element'
16:25:52.126 [Forwarding findElement on session e800193ebffaae3ec25f7b169fe941af to remote] DEBUG org.asynchttpclient.netty.request.NettyRequestSender - Using open Channel [id: 0x8f359bf3, L:/127.0.0.1:55189 - R:localhost/127.0.0.1:59315] for POST '/session/e800193ebffaae3ec25f7b169fe941af/element'
16:25:52.149 [AsyncHttpClient-1-2] DEBUG org.asynchttpclient.netty.handler.HttpHandler - 

Request DefaultHttpRequest(decodeResult: success, version: HTTP/1.1)
POST /session/e800193ebffaae3ec25f7b169fe941af/element HTTP/1.1
User-Agent: selenium/4.1.2 (java windows)
Content-Length: 122
Content-Type: application/json; charset=utf-8
host: localhost:59315
accept: */*

Response DefaultHttpResponse(decodeResult: success, version: HTTP/1.1)
HTTP/1.1 200 OK
Content-Type: application/json; charset=utf-8
cache-control: no-cache
content-length: 88

16:25:52.149 [AsyncHttpClient-1-2] DEBUG org.asynchttpclient.netty.channel.ChannelManager - Adding key: http://localhost:59315 for channel [id: 0x8f359bf3, L:/127.0.0.1:55189 - R:localhost/127.0.0.1:59315]
16:25:52.153 [Forwarding getElementTagName on session e800193ebffaae3ec25f7b169fe941af to remote] DEBUG org.asynchttpclient.netty.request.NettyRequestSender - Using pooled Channel '[id: 0x8f359bf3, L:/127.0.0.1:55189 - R:localhost/127.0.0.1:59315]' for 'GET' to 'http://localhost:59315/session/e800193ebffaae3ec25f7b169fe941af/element/f770242d-fd37-46c0-9599-2a46f71c3fec/name'
16:25:52.153 [Forwarding getElementTagName on session e800193ebffaae3ec25f7b169fe941af to remote] DEBUG org.asynchttpclient.netty.request.NettyRequestSender - Using open Channel [id: 0x8f359bf3, L:/127.0.0.1:55189 - R:localhost/127.0.0.1:59315] for GET '/session/e800193ebffaae3ec25f7b169fe941af/element/f770242d-fd37-46c0-9599-2a46f71c3fec/name'
16:25:52.157 [AsyncHttpClient-1-2] DEBUG org.asynchttpclient.netty.handler.HttpHandler - 

Request DefaultFullHttpRequest(decodeResult: success, version: HTTP/1.1, content: EmptyByteBufBE)
GET /session/e800193ebffaae3ec25f7b169fe941af/element/f770242d-fd37-46c0-9599-2a46f71c3fec/name HTTP/1.1
User-Agent: selenium/4.1.2 (java windows)
Cache-Control: no-cache
Content-Type: application/json; charset=utf-8
host: localhost:59315
accept: */*

Response DefaultHttpResponse(decodeResult: success, version: HTTP/1.1)
HTTP/1.1 200 OK
Content-Type: application/json; charset=utf-8
cache-control: no-cache
content-length: 16

16:25:52.157 [AsyncHttpClient-1-2] DEBUG org.asynchttpclient.netty.channel.ChannelManager - Adding key: http://localhost:59315 for channel [id: 0x8f359bf3, L:/127.0.0.1:55189 - R:localhost/127.0.0.1:59315]
16:25:52.158 [Forwarding getElementTagName on session e800193ebffaae3ec25f7b169fe941af to remote] DEBUG org.asynchttpclient.netty.request.NettyRequestSender - Using pooled Channel '[id: 0x8f359bf3, L:/127.0.0.1:55189 - R:localhost/127.0.0.1:59315]' for 'GET' to 'http://localhost:59315/session/e800193ebffaae3ec25f7b169fe941af/element/f770242d-fd37-46c0-9599-2a46f71c3fec/name'
16:25:52.158 [Forwarding getElementTagName on session e800193ebffaae3ec25f7b169fe941af to remote] DEBUG org.asynchttpclient.netty.request.NettyRequestSender - Using open Channel [id: 0x8f359bf3, L:/127.0.0.1:55189 - R:localhost/127.0.0.1:59315] for GET '/session/e800193ebffaae3ec25f7b169fe941af/element/f770242d-fd37-46c0-9599-2a46f71c3fec/name'
16:25:52.161 [AsyncHttpClient-1-2] DEBUG org.asynchttpclient.netty.handler.HttpHandler - 

Request DefaultFullHttpRequest(decodeResult: success, version: HTTP/1.1, content: EmptyByteBufBE)
GET /session/e800193ebffaae3ec25f7b169fe941af/element/f770242d-fd37-46c0-9599-2a46f71c3fec/name HTTP/1.1
User-Agent: selenium/4.1.2 (java windows)
Cache-Control: no-cache
Content-Type: application/json; charset=utf-8
host: localhost:59315
accept: */*

Response DefaultHttpResponse(decodeResult: success, version: HTTP/1.1)
HTTP/1.1 200 OK
Content-Type: application/json; charset=utf-8
cache-control: no-cache
content-length: 16

16:25:52.161 [AsyncHttpClient-1-2] DEBUG org.asynchttpclient.netty.channel.ChannelManager - Adding key: http://localhost:59315 for channel [id: 0x8f359bf3, L:/127.0.0.1:55189 - R:localhost/127.0.0.1:59315]
16:25:52.161 [Forwarding findElement on session e800193ebffaae3ec25f7b169fe941af to remote] DEBUG org.asynchttpclient.netty.request.NettyRequestSender - Using pooled Channel '[id: 0x8f359bf3, L:/127.0.0.1:55189 - R:localhost/127.0.0.1:59315]' for 'POST' to 'http://localhost:59315/session/e800193ebffaae3ec25f7b169fe941af/element'
16:25:52.161 [Forwarding findElement on session e800193ebffaae3ec25f7b169fe941af to remote] DEBUG org.asynchttpclient.netty.request.NettyRequestSender - Using open Channel [id: 0x8f359bf3, L:/127.0.0.1:55189 - R:localhost/127.0.0.1:59315] for POST '/session/e800193ebffaae3ec25f7b169fe941af/element'
16:25:52.172 [AsyncHttpClient-1-2] DEBUG org.asynchttpclient.netty.handler.HttpHandler - 

Request DefaultHttpRequest(decodeResult: success, version: HTTP/1.1)
POST /session/e800193ebffaae3ec25f7b169fe941af/element HTTP/1.1
User-Agent: selenium/4.1.2 (java windows)
Content-Length: 122
Content-Type: application/json; charset=utf-8
host: localhost:59315
accept: */*

Response DefaultHttpResponse(decodeResult: success, version: HTTP/1.1)
HTTP/1.1 200 OK
Content-Type: application/json; charset=utf-8
cache-control: no-cache
content-length: 88

16:25:52.172 [AsyncHttpClient-1-2] DEBUG org.asynchttpclient.netty.channel.ChannelManager - Adding key: http://localhost:59315 for channel [id: 0x8f359bf3, L:/127.0.0.1:55189 - R:localhost/127.0.0.1:59315]
16:25:52.172 [Forwarding clickElement on session e800193ebffaae3ec25f7b169fe941af to remote] DEBUG org.asynchttpclient.netty.request.NettyRequestSender - Using pooled Channel '[id: 0x8f359bf3, L:/127.0.0.1:55189 - R:localhost/127.0.0.1:59315]' for 'POST' to 'http://localhost:59315/session/e800193ebffaae3ec25f7b169fe941af/element/f770242d-fd37-46c0-9599-2a46f71c3fec/click'
16:25:52.172 [Forwarding clickElement on session e800193ebffaae3ec25f7b169fe941af to remote] DEBUG org.asynchttpclient.netty.request.NettyRequestSender - Using open Channel [id: 0x8f359bf3, L:/127.0.0.1:55189 - R:localhost/127.0.0.1:59315] for POST '/session/e800193ebffaae3ec25f7b169fe941af/element/f770242d-fd37-46c0-9599-2a46f71c3fec/click'
16:25:52.250 [AsyncHttpClient-1-2] DEBUG org.asynchttpclient.netty.handler.HttpHandler - 

Request DefaultHttpRequest(decodeResult: success, version: HTTP/1.1)
POST /session/e800193ebffaae3ec25f7b169fe941af/element/f770242d-fd37-46c0-9599-2a46f71c3fec/click HTTP/1.1
User-Agent: selenium/4.1.2 (java windows)
Content-Length: 50
Content-Type: application/json; charset=utf-8
host: localhost:59315
accept: */*

Response DefaultHttpResponse(decodeResult: success, version: HTTP/1.1)
HTTP/1.1 200 OK
Content-Type: application/json; charset=utf-8
cache-control: no-cache
content-length: 14

16:25:52.250 [AsyncHttpClient-1-2] DEBUG org.asynchttpclient.netty.channel.ChannelManager - Adding key: http://localhost:59315 for channel [id: 0x8f359bf3, L:/127.0.0.1:55189 - R:localhost/127.0.0.1:59315]
16:25:52.250 [Forwarding screenshot on session e800193ebffaae3ec25f7b169fe941af to remote] DEBUG org.asynchttpclient.netty.request.NettyRequestSender - Using pooled Channel '[id: 0x8f359bf3, L:/127.0.0.1:55189 - R:localhost/127.0.0.1:59315]' for 'GET' to 'http://localhost:59315/session/e800193ebffaae3ec25f7b169fe941af/screenshot'
16:25:52.250 [Forwarding screenshot on session e800193ebffaae3ec25f7b169fe941af to remote] DEBUG org.asynchttpclient.netty.request.NettyRequestSender - Using open Channel [id: 0x8f359bf3, L:/127.0.0.1:55189 - R:localhost/127.0.0.1:59315] for GET '/session/e800193ebffaae3ec25f7b169fe941af/screenshot'
16:25:52.401 [AsyncHttpClient-1-2] DEBUG org.asynchttpclient.netty.handler.HttpHandler - 

Request DefaultFullHttpRequest(decodeResult: success, version: HTTP/1.1, content: EmptyByteBufBE)
GET /session/e800193ebffaae3ec25f7b169fe941af/screenshot HTTP/1.1
User-Agent: selenium/4.1.2 (java windows)
Cache-Control: no-cache
Content-Type: application/json; charset=utf-8
host: localhost:59315
accept: */*

Response DefaultHttpResponse(decodeResult: success, version: HTTP/1.1)
HTTP/1.1 200 OK
Content-Type: application/json; charset=utf-8
cache-control: no-cache
content-length: 85736

16:25:52.407 [AsyncHttpClient-1-2] DEBUG org.asynchttpclient.netty.channel.ChannelManager - Adding key: http://localhost:59315 for channel [id: 0x8f359bf3, L:/127.0.0.1:55189 - R:localhost/127.0.0.1:59315]
16:25:52.410 [main] DEBUG net.serenitybdd.core.photography.Darkroom - Send negative for processing for target\site\serenity\84de4a49cbfdc2e9ab184d6b3a6f7d4cad630fbfeb044e5547b927f4075fbee5.png
16:25:52.410 [main] DEBUG net.thucydides.core.steps.StepInterceptor - STEP DONE: clickProductSatu
16:25:52.410 [Darkroom Processing Line] DEBUG net.serenitybdd.core.photography.DarkroomProcessingLine - Processing screenshot image in /var/screenshots/screenshot-8152883265810700624
16:25:52.410 [Darkroom Processing Line] DEBUG net.serenitybdd.core.photography.DarkroomProcessingLine - Saving screenshot to target\site\serenity\84de4a49cbfdc2e9ab184d6b3a6f7d4cad630fbfeb044e5547b927f4075fbee5.png
16:25:52.415 [main] DEBUG net.thucydides.core.steps.StepInterceptor - STARTING STEP: ProductStep.iClickButtonBuy - clickProductDua
16:25:52.415 [Forwarding findElement on session e800193ebffaae3ec25f7b169fe941af to remote] DEBUG org.asynchttpclient.netty.request.NettyRequestSender - Using pooled Channel '[id: 0x8f359bf3, L:/127.0.0.1:55189 - R:localhost/127.0.0.1:59315]' for 'POST' to 'http://localhost:59315/session/e800193ebffaae3ec25f7b169fe941af/element'
16:25:52.415 [Forwarding findElement on session e800193ebffaae3ec25f7b169fe941af to remote] DEBUG org.asynchttpclient.netty.request.NettyRequestSender - Using open Channel [id: 0x8f359bf3, L:/127.0.0.1:55189 - R:localhost/127.0.0.1:59315] for POST '/session/e800193ebffaae3ec25f7b169fe941af/element'
16:25:52.440 [AsyncHttpClient-1-2] DEBUG org.asynchttpclient.netty.handler.HttpHandler - 

Request DefaultHttpRequest(decodeResult: success, version: HTTP/1.1)
POST /session/e800193ebffaae3ec25f7b169fe941af/element HTTP/1.1
User-Agent: selenium/4.1.2 (java windows)
Content-Length: 122
Content-Type: application/json; charset=utf-8
host: localhost:59315
accept: */*

Response DefaultHttpResponse(decodeResult: success, version: HTTP/1.1)
HTTP/1.1 200 OK
Content-Type: application/json; charset=utf-8
cache-control: no-cache
content-length: 88

16:25:52.440 [AsyncHttpClient-1-2] DEBUG org.asynchttpclient.netty.channel.ChannelManager - Adding key: http://localhost:59315 for channel [id: 0x8f359bf3, L:/127.0.0.1:55189 - R:localhost/127.0.0.1:59315]
16:25:52.441 [Forwarding getElementTagName on session e800193ebffaae3ec25f7b169fe941af to remote] DEBUG org.asynchttpclient.netty.request.NettyRequestSender - Using pooled Channel '[id: 0x8f359bf3, L:/127.0.0.1:55189 - R:localhost/127.0.0.1:59315]' for 'GET' to 'http://localhost:59315/session/e800193ebffaae3ec25f7b169fe941af/element/cc260888-044b-4e29-a048-53e80d5b6ed9/name'
16:25:52.441 [Forwarding getElementTagName on session e800193ebffaae3ec25f7b169fe941af to remote] DEBUG org.asynchttpclient.netty.request.NettyRequestSender - Using open Channel [id: 0x8f359bf3, L:/127.0.0.1:55189 - R:localhost/127.0.0.1:59315] for GET '/session/e800193ebffaae3ec25f7b169fe941af/element/cc260888-044b-4e29-a048-53e80d5b6ed9/name'
16:25:52.467 [AsyncHttpClient-1-2] DEBUG org.asynchttpclient.netty.handler.HttpHandler - 

Request DefaultFullHttpRequest(decodeResult: success, version: HTTP/1.1, content: EmptyByteBufBE)
GET /session/e800193ebffaae3ec25f7b169fe941af/element/cc260888-044b-4e29-a048-53e80d5b6ed9/name HTTP/1.1
User-Agent: selenium/4.1.2 (java windows)
Cache-Control: no-cache
Content-Type: application/json; charset=utf-8
host: localhost:59315
accept: */*

Response DefaultHttpResponse(decodeResult: success, version: HTTP/1.1)
HTTP/1.1 200 OK
Content-Type: application/json; charset=utf-8
cache-control: no-cache
content-length: 16

16:25:52.467 [AsyncHttpClient-1-2] DEBUG org.asynchttpclient.netty.channel.ChannelManager - Adding key: http://localhost:59315 for channel [id: 0x8f359bf3, L:/127.0.0.1:55189 - R:localhost/127.0.0.1:59315]
16:25:52.467 [Forwarding getElementTagName on session e800193ebffaae3ec25f7b169fe941af to remote] DEBUG org.asynchttpclient.netty.request.NettyRequestSender - Using pooled Channel '[id: 0x8f359bf3, L:/127.0.0.1:55189 - R:localhost/127.0.0.1:59315]' for 'GET' to 'http://localhost:59315/session/e800193ebffaae3ec25f7b169fe941af/element/cc260888-044b-4e29-a048-53e80d5b6ed9/name'
16:25:52.467 [Forwarding getElementTagName on session e800193ebffaae3ec25f7b169fe941af to remote] DEBUG org.asynchttpclient.netty.request.NettyRequestSender - Using open Channel [id: 0x8f359bf3, L:/127.0.0.1:55189 - R:localhost/127.0.0.1:59315] for GET '/session/e800193ebffaae3ec25f7b169fe941af/element/cc260888-044b-4e29-a048-53e80d5b6ed9/name'
16:25:52.471 [AsyncHttpClient-1-2] DEBUG org.asynchttpclient.netty.handler.HttpHandler - 

Request DefaultFullHttpRequest(decodeResult: success, version: HTTP/1.1, content: EmptyByteBufBE)
GET /session/e800193ebffaae3ec25f7b169fe941af/element/cc260888-044b-4e29-a048-53e80d5b6ed9/name HTTP/1.1
User-Agent: selenium/4.1.2 (java windows)
Cache-Control: no-cache
Content-Type: application/json; charset=utf-8
host: localhost:59315
accept: */*

Response DefaultHttpResponse(decodeResult: success, version: HTTP/1.1)
HTTP/1.1 200 OK
Content-Type: application/json; charset=utf-8
cache-control: no-cache
content-length: 16

16:25:52.472 [AsyncHttpClient-1-2] DEBUG org.asynchttpclient.netty.channel.ChannelManager - Adding key: http://localhost:59315 for channel [id: 0x8f359bf3, L:/127.0.0.1:55189 - R:localhost/127.0.0.1:59315]
16:25:52.485 [Forwarding findElement on session e800193ebffaae3ec25f7b169fe941af to remote] DEBUG org.asynchttpclient.netty.request.NettyRequestSender - Using pooled Channel '[id: 0x8f359bf3, L:/127.0.0.1:55189 - R:localhost/127.0.0.1:59315]' for 'POST' to 'http://localhost:59315/session/e800193ebffaae3ec25f7b169fe941af/element'
16:25:52.485 [Forwarding findElement on session e800193ebffaae3ec25f7b169fe941af to remote] DEBUG org.asynchttpclient.netty.request.NettyRequestSender - Using open Channel [id: 0x8f359bf3, L:/127.0.0.1:55189 - R:localhost/127.0.0.1:59315] for POST '/session/e800193ebffaae3ec25f7b169fe941af/element'
16:25:52.508 [AsyncHttpClient-1-2] DEBUG org.asynchttpclient.netty.handler.HttpHandler - 

Request DefaultHttpRequest(decodeResult: success, version: HTTP/1.1)
POST /session/e800193ebffaae3ec25f7b169fe941af/element HTTP/1.1
User-Agent: selenium/4.1.2 (java windows)
Content-Length: 122
Content-Type: application/json; charset=utf-8
host: localhost:59315
accept: */*

Response DefaultHttpResponse(decodeResult: success, version: HTTP/1.1)
HTTP/1.1 200 OK
Content-Type: application/json; charset=utf-8
cache-control: no-cache
content-length: 88

16:25:52.508 [AsyncHttpClient-1-2] DEBUG org.asynchttpclient.netty.channel.ChannelManager - Adding key: http://localhost:59315 for channel [id: 0x8f359bf3, L:/127.0.0.1:55189 - R:localhost/127.0.0.1:59315]
16:25:52.509 [Forwarding clickElement on session e800193ebffaae3ec25f7b169fe941af to remote] DEBUG org.asynchttpclient.netty.request.NettyRequestSender - Using pooled Channel '[id: 0x8f359bf3, L:/127.0.0.1:55189 - R:localhost/127.0.0.1:59315]' for 'POST' to 'http://localhost:59315/session/e800193ebffaae3ec25f7b169fe941af/element/cc260888-044b-4e29-a048-53e80d5b6ed9/click'
16:25:52.509 [Forwarding clickElement on session e800193ebffaae3ec25f7b169fe941af to remote] DEBUG org.asynchttpclient.netty.request.NettyRequestSender - Using open Channel [id: 0x8f359bf3, L:/127.0.0.1:55189 - R:localhost/127.0.0.1:59315] for POST '/session/e800193ebffaae3ec25f7b169fe941af/element/cc260888-044b-4e29-a048-53e80d5b6ed9/click'
16:25:52.641 [AsyncHttpClient-1-2] DEBUG org.asynchttpclient.netty.handler.HttpHandler - 

Request DefaultHttpRequest(decodeResult: success, version: HTTP/1.1)
POST /session/e800193ebffaae3ec25f7b169fe941af/element/cc260888-044b-4e29-a048-53e80d5b6ed9/click HTTP/1.1
User-Agent: selenium/4.1.2 (java windows)
Content-Length: 50
Content-Type: application/json; charset=utf-8
host: localhost:59315
accept: */*

Response DefaultHttpResponse(decodeResult: success, version: HTTP/1.1)
HTTP/1.1 200 OK
Content-Type: application/json; charset=utf-8
cache-control: no-cache
content-length: 14

16:25:52.642 [AsyncHttpClient-1-2] DEBUG org.asynchttpclient.netty.channel.ChannelManager - Adding key: http://localhost:59315 for channel [id: 0x8f359bf3, L:/127.0.0.1:55189 - R:localhost/127.0.0.1:59315]
16:25:52.642 [Forwarding screenshot on session e800193ebffaae3ec25f7b169fe941af to remote] DEBUG org.asynchttpclient.netty.request.NettyRequestSender - Using pooled Channel '[id: 0x8f359bf3, L:/127.0.0.1:55189 - R:localhost/127.0.0.1:59315]' for 'GET' to 'http://localhost:59315/session/e800193ebffaae3ec25f7b169fe941af/screenshot'
16:25:52.642 [Forwarding screenshot on session e800193ebffaae3ec25f7b169fe941af to remote] DEBUG org.asynchttpclient.netty.request.NettyRequestSender - Using open Channel [id: 0x8f359bf3, L:/127.0.0.1:55189 - R:localhost/127.0.0.1:59315] for GET '/session/e800193ebffaae3ec25f7b169fe941af/screenshot'
16:25:52.716 [AsyncHttpClient-1-1] DEBUG org.asynchttpclient.netty.channel.DefaultChannelPool - Entry count for : http://localhost:55190 : 1
16:25:52.816 [AsyncHttpClient-1-2] DEBUG org.asynchttpclient.netty.handler.HttpHandler - 

Request DefaultFullHttpRequest(decodeResult: success, version: HTTP/1.1, content: EmptyByteBufBE)
GET /session/e800193ebffaae3ec25f7b169fe941af/screenshot HTTP/1.1
User-Agent: selenium/4.1.2 (java windows)
Cache-Control: no-cache
Content-Type: application/json; charset=utf-8
host: localhost:59315
accept: */*

Response DefaultHttpResponse(decodeResult: success, version: HTTP/1.1)
HTTP/1.1 200 OK
Content-Type: application/json; charset=utf-8
cache-control: no-cache
content-length: 86332

16:25:52.816 [AsyncHttpClient-1-2] DEBUG org.asynchttpclient.netty.channel.ChannelManager - Adding key: http://localhost:59315 for channel [id: 0x8f359bf3, L:/127.0.0.1:55189 - R:localhost/127.0.0.1:59315]
16:25:52.816 [main] DEBUG net.serenitybdd.core.photography.Darkroom - Send negative for processing for target\site\serenity\0bb6aa674a70bc11dc2a061ffc7e454c43730a2a2c7a1d914bf04f8919e79100.png
16:25:52.816 [main] DEBUG net.thucydides.core.steps.StepInterceptor - STEP DONE: clickProductDua
  &amp#27;[32mWhen &amp#27;[0m&amp#27;[32mI click button buy product&amp#27;[0m     &amp#27;[90m# Starter.StepDefinitions.ProductStep.iClickButtonBuy()&amp#27;[0m
16:25:52.816 [Darkroom Processing Line] DEBUG net.serenitybdd.core.photography.DarkroomProcessingLine - Processing screenshot image in /var/screenshots/screenshot-15065171009539940827
16:25:52.816 [Darkroom Processing Line] DEBUG net.serenitybdd.core.photography.DarkroomProcessingLine - Saving screenshot to target\site\serenity\0bb6aa674a70bc11dc2a061ffc7e454c43730a2a2c7a1d914bf04f8919e79100.png
16:25:52.844 [main] DEBUG net.thucydides.core.steps.StepInterceptor - STARTING STEP: OrderStep.clickButtonCart - clickButtonCart
16:25:52.844 [Forwarding findElement on session e800193ebffaae3ec25f7b169fe941af to remote] DEBUG org.asynchttpclient.netty.request.NettyRequestSender - Using pooled Channel '[id: 0x8f359bf3, L:/127.0.0.1:55189 - R:localhost/127.0.0.1:59315]' for 'POST' to 'http://localhost:59315/session/e800193ebffaae3ec25f7b169fe941af/element'
16:25:52.844 [Forwarding findElement on session e800193ebffaae3ec25f7b169fe941af to remote] DEBUG org.asynchttpclient.netty.request.NettyRequestSender - Using open Channel [id: 0x8f359bf3, L:/127.0.0.1:55189 - R:localhost/127.0.0.1:59315] for POST '/session/e800193ebffaae3ec25f7b169fe941af/element'
16:25:52.870 [AsyncHttpClient-1-2] DEBUG org.asynchttpclient.netty.handler.HttpHandler - 

Request DefaultHttpRequest(decodeResult: success, version: HTTP/1.1)
POST /session/e800193ebffaae3ec25f7b169fe941af/element HTTP/1.1
User-Agent: selenium/4.1.2 (java windows)
Content-Length: 127
Content-Type: application/json; charset=utf-8
host: localhost:59315
accept: */*

Response DefaultHttpResponse(decodeResult: success, version: HTTP/1.1)
HTTP/1.1 200 OK
Content-Type: application/json; charset=utf-8
cache-control: no-cache
content-length: 88

16:25:52.870 [AsyncHttpClient-1-2] DEBUG org.asynchttpclient.netty.channel.ChannelManager - Adding key: http://localhost:59315 for channel [id: 0x8f359bf3, L:/127.0.0.1:55189 - R:localhost/127.0.0.1:59315]
16:25:52.870 [Forwarding getElementTagName on session e800193ebffaae3ec25f7b169fe941af to remote] DEBUG org.asynchttpclient.netty.request.NettyRequestSender - Using pooled Channel '[id: 0x8f359bf3, L:/127.0.0.1:55189 - R:localhost/127.0.0.1:59315]' for 'GET' to 'http://localhost:59315/session/e800193ebffaae3ec25f7b169fe941af/element/ff25585a-25ee-4ef9-aee6-acc79c109ab5/name'
16:25:52.870 [Forwarding getElementTagName on session e800193ebffaae3ec25f7b169fe941af to remote] DEBUG org.asynchttpclient.netty.request.NettyRequestSender - Using open Channel [id: 0x8f359bf3, L:/127.0.0.1:55189 - R:localhost/127.0.0.1:59315] for GET '/session/e800193ebffaae3ec25f7b169fe941af/element/ff25585a-25ee-4ef9-aee6-acc79c109ab5/name'
16:25:52.879 [AsyncHttpClient-1-2] DEBUG org.asynchttpclient.netty.handler.HttpHandler - 

Request DefaultFullHttpRequest(decodeResult: success, version: HTTP/1.1, content: EmptyByteBufBE)
GET /session/e800193ebffaae3ec25f7b169fe941af/element/ff25585a-25ee-4ef9-aee6-acc79c109ab5/name HTTP/1.1
User-Agent: selenium/4.1.2 (java windows)
Cache-Control: no-cache
Content-Type: application/json; charset=utf-8
host: localhost:59315
accept: */*

Response DefaultHttpResponse(decodeResult: success, version: HTTP/1.1)
HTTP/1.1 200 OK
Content-Type: application/json; charset=utf-8
cache-control: no-cache
content-length: 16

16:25:52.879 [AsyncHttpClient-1-2] DEBUG org.asynchttpclient.netty.channel.ChannelManager - Adding key: http://localhost:59315 for channel [id: 0x8f359bf3, L:/127.0.0.1:55189 - R:localhost/127.0.0.1:59315]
16:25:52.879 [Forwarding getElementTagName on session e800193ebffaae3ec25f7b169fe941af to remote] DEBUG org.asynchttpclient.netty.request.NettyRequestSender - Using pooled Channel '[id: 0x8f359bf3, L:/127.0.0.1:55189 - R:localhost/127.0.0.1:59315]' for 'GET' to 'http://localhost:59315/session/e800193ebffaae3ec25f7b169fe941af/element/ff25585a-25ee-4ef9-aee6-acc79c109ab5/name'
16:25:52.879 [Forwarding getElementTagName on session e800193ebffaae3ec25f7b169fe941af to remote] DEBUG org.asynchttpclient.netty.request.NettyRequestSender - Using open Channel [id: 0x8f359bf3, L:/127.0.0.1:55189 - R:localhost/127.0.0.1:59315] for GET '/session/e800193ebffaae3ec25f7b169fe941af/element/ff25585a-25ee-4ef9-aee6-acc79c109ab5/name'
16:25:52.886 [AsyncHttpClient-1-2] DEBUG org.asynchttpclient.netty.handler.HttpHandler - 

Request DefaultFullHttpRequest(decodeResult: success, version: HTTP/1.1, content: EmptyByteBufBE)
GET /session/e800193ebffaae3ec25f7b169fe941af/element/ff25585a-25ee-4ef9-aee6-acc79c109ab5/name HTTP/1.1
User-Agent: selenium/4.1.2 (java windows)
Cache-Control: no-cache
Content-Type: application/json; charset=utf-8
host: localhost:59315
accept: */*

Response DefaultHttpResponse(decodeResult: success, version: HTTP/1.1)
HTTP/1.1 200 OK
Content-Type: application/json; charset=utf-8
cache-control: no-cache
content-length: 16

16:25:52.886 [AsyncHttpClient-1-2] DEBUG org.asynchttpclient.netty.channel.ChannelManager - Adding key: http://localhost:59315 for channel [id: 0x8f359bf3, L:/127.0.0.1:55189 - R:localhost/127.0.0.1:59315]
16:25:52.890 [Forwarding findElement on session e800193ebffaae3ec25f7b169fe941af to remote] DEBUG org.asynchttpclient.netty.request.NettyRequestSender - Using pooled Channel '[id: 0x8f359bf3, L:/127.0.0.1:55189 - R:localhost/127.0.0.1:59315]' for 'POST' to 'http://localhost:59315/session/e800193ebffaae3ec25f7b169fe941af/element'
16:25:52.890 [Forwarding findElement on session e800193ebffaae3ec25f7b169fe941af to remote] DEBUG org.asynchttpclient.netty.request.NettyRequestSender - Using open Channel [id: 0x8f359bf3, L:/127.0.0.1:55189 - R:localhost/127.0.0.1:59315] for POST '/session/e800193ebffaae3ec25f7b169fe941af/element'
16:25:52.898 [AsyncHttpClient-1-2] DEBUG org.asynchttpclient.netty.handler.HttpHandler - 

Request DefaultHttpRequest(decodeResult: success, version: HTTP/1.1)
POST /session/e800193ebffaae3ec25f7b169fe941af/element HTTP/1.1
User-Agent: selenium/4.1.2 (java windows)
Content-Length: 127
Content-Type: application/json; charset=utf-8
host: localhost:59315
accept: */*

Response DefaultHttpResponse(decodeResult: success, version: HTTP/1.1)
HTTP/1.1 200 OK
Content-Type: application/json; charset=utf-8
cache-control: no-cache
content-length: 88

16:25:52.898 [AsyncHttpClient-1-2] DEBUG org.asynchttpclient.netty.channel.ChannelManager - Adding key: http://localhost:59315 for channel [id: 0x8f359bf3, L:/127.0.0.1:55189 - R:localhost/127.0.0.1:59315]
16:25:52.898 [Forwarding clickElement on session e800193ebffaae3ec25f7b169fe941af to remote] DEBUG org.asynchttpclient.netty.request.NettyRequestSender - Using pooled Channel '[id: 0x8f359bf3, L:/127.0.0.1:55189 - R:localhost/127.0.0.1:59315]' for 'POST' to 'http://localhost:59315/session/e800193ebffaae3ec25f7b169fe941af/element/ff25585a-25ee-4ef9-aee6-acc79c109ab5/click'
16:25:52.898 [Forwarding clickElement on session e800193ebffaae3ec25f7b169fe941af to remote] DEBUG org.asynchttpclient.netty.request.NettyRequestSender - Using open Channel [id: 0x8f359bf3, L:/127.0.0.1:55189 - R:localhost/127.0.0.1:59315] for POST '/session/e800193ebffaae3ec25f7b169fe941af/element/ff25585a-25ee-4ef9-aee6-acc79c109ab5/click'
16:25:52.952 [AsyncHttpClient-1-2] DEBUG org.asynchttpclient.netty.handler.HttpHandler - 

Request DefaultHttpRequest(decodeResult: success, version: HTTP/1.1)
POST /session/e800193ebffaae3ec25f7b169fe941af/element/ff25585a-25ee-4ef9-aee6-acc79c109ab5/click HTTP/1.1
User-Agent: selenium/4.1.2 (java windows)
Content-Length: 50
Content-Type: application/json; charset=utf-8
host: localhost:59315
accept: */*

Response DefaultHttpResponse(decodeResult: success, version: HTTP/1.1)
HTTP/1.1 200 OK
Content-Type: application/json; charset=utf-8
cache-control: no-cache
content-length: 14

16:25:52.953 [AsyncHttpClient-1-2] DEBUG org.asynchttpclient.netty.channel.ChannelManager - Adding key: http://localhost:59315 for channel [id: 0x8f359bf3, L:/127.0.0.1:55189 - R:localhost/127.0.0.1:59315]
16:25:52.961 [Forwarding screenshot on session e800193ebffaae3ec25f7b169fe941af to remote] DEBUG org.asynchttpclient.netty.request.NettyRequestSender - Using pooled Channel '[id: 0x8f359bf3, L:/127.0.0.1:55189 - R:localhost/127.0.0.1:59315]' for 'GET' to 'http://localhost:59315/session/e800193ebffaae3ec25f7b169fe941af/screenshot'
16:25:52.961 [Forwarding screenshot on session e800193ebffaae3ec25f7b169fe941af to remote] DEBUG org.asynchttpclient.netty.request.NettyRequestSender - Using open Channel [id: 0x8f359bf3, L:/127.0.0.1:55189 - R:localhost/127.0.0.1:59315] for GET '/session/e800193ebffaae3ec25f7b169fe941af/screenshot'
16:25:53.268 [AsyncHttpClient-1-2] DEBUG org.asynchttpclient.netty.handler.HttpHandler - 

Request DefaultFullHttpRequest(decodeResult: success, version: HTTP/1.1, content: EmptyByteBufBE)
GET /session/e800193ebffaae3ec25f7b169fe941af/screenshot HTTP/1.1
User-Agent: selenium/4.1.2 (java windows)
Cache-Control: no-cache
Content-Type: application/json; charset=utf-8
host: localhost:59315
accept: */*

Response DefaultHttpResponse(decodeResult: success, version: HTTP/1.1)
HTTP/1.1 200 OK
Content-Type: application/json; charset=utf-8
cache-control: no-cache
content-length: 41376

16:25:53.268 [AsyncHttpClient-1-2] DEBUG org.asynchttpclient.netty.channel.ChannelManager - Adding key: http://localhost:59315 for channel [id: 0x8f359bf3, L:/127.0.0.1:55189 - R:localhost/127.0.0.1:59315]
16:25:53.268 [main] DEBUG net.serenitybdd.core.photography.Darkroom - Send negative for processing for target\site\serenity\eee17737e459f5eb438814178e0c57986344c4799e1a9f3bf1a2c814701ee5ee.png
16:25:53.268 [main] DEBUG net.thucydides.core.steps.StepInterceptor - STEP DONE: clickButtonCart
  &amp#27;[32mAnd &amp#27;[0m&amp#27;[32mI click button cart&amp#27;[0m             &amp#27;[90m# Starter.StepDefinitions.OrderStep.clickButtonCart()&amp#27;[0m
16:25:53.268 [Darkroom Processing Line] DEBUG net.serenitybdd.core.photography.DarkroomProcessingLine - Processing screenshot image in /var/screenshots/screenshot-14976182813542544185
16:25:53.268 [Darkroom Processing Line] DEBUG net.serenitybdd.core.photography.DarkroomProcessingLine - Saving screenshot to target\site\serenity\eee17737e459f5eb438814178e0c57986344c4799e1a9f3bf1a2c814701ee5ee.png
16:25:53.276 [main] DEBUG net.thucydides.core.steps.StepInterceptor - STARTING STEP: ProductStep.iGetPurchaseProduct - validateAmountProduct
16:25:53.284 [Forwarding findElement on session e800193ebffaae3ec25f7b169fe941af to remote] DEBUG org.asynchttpclient.netty.request.NettyRequestSender - Using pooled Channel '[id: 0x8f359bf3, L:/127.0.0.1:55189 - R:localhost/127.0.0.1:59315]' for 'POST' to 'http://localhost:59315/session/e800193ebffaae3ec25f7b169fe941af/element'
16:25:53.284 [Forwarding findElement on session e800193ebffaae3ec25f7b169fe941af to remote] DEBUG org.asynchttpclient.netty.request.NettyRequestSender - Using open Channel [id: 0x8f359bf3, L:/127.0.0.1:55189 - R:localhost/127.0.0.1:59315] for POST '/session/e800193ebffaae3ec25f7b169fe941af/element'
16:25:53.290 [AsyncHttpClient-1-2] DEBUG org.asynchttpclient.netty.handler.HttpHandler - 

Request DefaultHttpRequest(decodeResult: success, version: HTTP/1.1)
POST /session/e800193ebffaae3ec25f7b169fe941af/element HTTP/1.1
User-Agent: selenium/4.1.2 (java windows)
Content-Length: 71
Content-Type: application/json; charset=utf-8
host: localhost:59315
accept: */*

Response DefaultHttpResponse(decodeResult: success, version: HTTP/1.1)
HTTP/1.1 200 OK
Content-Type: application/json; charset=utf-8
cache-control: no-cache
content-length: 88

16:25:53.290 [AsyncHttpClient-1-2] DEBUG org.asynchttpclient.netty.channel.ChannelManager - Adding key: http://localhost:59315 for channel [id: 0x8f359bf3, L:/127.0.0.1:55189 - R:localhost/127.0.0.1:59315]
16:25:53.299 [Forwarding isElementDisplayed on session e800193ebffaae3ec25f7b169fe941af to remote] DEBUG org.asynchttpclient.netty.request.NettyRequestSender - Using pooled Channel '[id: 0x8f359bf3, L:/127.0.0.1:55189 - R:localhost/127.0.0.1:59315]' for 'POST' to 'http://localhost:59315/session/e800193ebffaae3ec25f7b169fe941af/execute/sync'
16:25:53.299 [Forwarding isElementDisplayed on session e800193ebffaae3ec25f7b169fe941af to remote] DEBUG org.asynchttpclient.netty.request.NettyRequestSender - Using open Channel [id: 0x8f359bf3, L:/127.0.0.1:55189 - R:localhost/127.0.0.1:59315] for POST '/session/e800193ebffaae3ec25f7b169fe941af/execute/sync'
16:25:53.308 [AsyncHttpClient-1-2] DEBUG org.asynchttpclient.netty.handler.HttpHandler - 

Request DefaultHttpRequest(decodeResult: success, version: HTTP/1.1)
POST /session/e800193ebffaae3ec25f7b169fe941af/execute/sync HTTP/1.1
User-Agent: selenium/4.1.2 (java windows)
Content-Length: 48780
Content-Type: application/json; charset=utf-8
host: localhost:59315
accept: */*

Response DefaultHttpResponse(decodeResult: success, version: HTTP/1.1)
HTTP/1.1 200 OK
Content-Type: application/json; charset=utf-8
cache-control: no-cache
content-length: 14

16:25:53.308 [AsyncHttpClient-1-2] DEBUG org.asynchttpclient.netty.channel.ChannelManager - Adding key: http://localhost:59315 for channel [id: 0x8f359bf3, L:/127.0.0.1:55189 - R:localhost/127.0.0.1:59315]
16:25:53.316 [main] DEBUG net.thucydides.core.steps.StepInterceptor - STEP DONE: validateAmountProduct
16:25:53.316 [main] DEBUG net.thucydides.core.steps.StepInterceptor - STARTING STEP: ProductStep.iGetPurchaseProduct - amountTextEqual
16:25:53.323 [Forwarding setTimeout on session e800193ebffaae3ec25f7b169fe941af to remote] DEBUG org.asynchttpclient.netty.request.NettyRequestSender - Using pooled Channel '[id: 0x8f359bf3, L:/127.0.0.1:55189 - R:localhost/127.0.0.1:59315]' for 'POST' to 'http://localhost:59315/session/e800193ebffaae3ec25f7b169fe941af/timeouts'
16:25:53.323 [Forwarding setTimeout on session e800193ebffaae3ec25f7b169fe941af to remote] DEBUG org.asynchttpclient.netty.request.NettyRequestSender - Using open Channel [id: 0x8f359bf3, L:/127.0.0.1:55189 - R:localhost/127.0.0.1:59315] for POST '/session/e800193ebffaae3ec25f7b169fe941af/timeouts'
16:25:53.326 [AsyncHttpClient-1-2] DEBUG org.asynchttpclient.netty.handler.HttpHandler - 

Request DefaultHttpRequest(decodeResult: success, version: HTTP/1.1)
POST /session/e800193ebffaae3ec25f7b169fe941af/timeouts HTTP/1.1
User-Agent: selenium/4.1.2 (java windows)
Content-Length: 23
Content-Type: application/json; charset=utf-8
host: localhost:59315
accept: */*

Response DefaultHttpResponse(decodeResult: success, version: HTTP/1.1)
HTTP/1.1 200 OK
Content-Type: application/json; charset=utf-8
cache-control: no-cache
content-length: 14

16:25:53.326 [AsyncHttpClient-1-2] DEBUG org.asynchttpclient.netty.channel.ChannelManager - Adding key: http://localhost:59315 for channel [id: 0x8f359bf3, L:/127.0.0.1:55189 - R:localhost/127.0.0.1:59315]
16:25:53.326 [Forwarding findElement on session e800193ebffaae3ec25f7b169fe941af to remote] DEBUG org.asynchttpclient.netty.request.NettyRequestSender - Using pooled Channel '[id: 0x8f359bf3, L:/127.0.0.1:55189 - R:localhost/127.0.0.1:59315]' for 'POST' to 'http://localhost:59315/session/e800193ebffaae3ec25f7b169fe941af/element'
16:25:53.326 [Forwarding findElement on session e800193ebffaae3ec25f7b169fe941af to remote] DEBUG org.asynchttpclient.netty.request.NettyRequestSender - Using open Channel [id: 0x8f359bf3, L:/127.0.0.1:55189 - R:localhost/127.0.0.1:59315] for POST '/session/e800193ebffaae3ec25f7b169fe941af/element'
16:25:53.333 [AsyncHttpClient-1-2] DEBUG org.asynchttpclient.netty.handler.HttpHandler - 

Request DefaultHttpRequest(decodeResult: success, version: HTTP/1.1)
POST /session/e800193ebffaae3ec25f7b169fe941af/element HTTP/1.1
User-Agent: selenium/4.1.2 (java windows)
Content-Length: 71
Content-Type: application/json; charset=utf-8
host: localhost:59315
accept: */*

Response DefaultHttpResponse(decodeResult: success, version: HTTP/1.1)
HTTP/1.1 200 OK
Content-Type: application/json; charset=utf-8
cache-control: no-cache
content-length: 88

16:25:53.333 [AsyncHttpClient-1-2] DEBUG org.asynchttpclient.netty.channel.ChannelManager - Adding key: http://localhost:59315 for channel [id: 0x8f359bf3, L:/127.0.0.1:55189 - R:localhost/127.0.0.1:59315]
16:25:53.333 [Forwarding getElementText on session e800193ebffaae3ec25f7b169fe941af to remote] DEBUG org.asynchttpclient.netty.request.NettyRequestSender - Using pooled Channel '[id: 0x8f359bf3, L:/127.0.0.1:55189 - R:localhost/127.0.0.1:59315]' for 'GET' to 'http://localhost:59315/session/e800193ebffaae3ec25f7b169fe941af/element/50b13132-ad0e-4824-b3d6-bdbdbf27ce54/text'
16:25:53.333 [Forwarding getElementText on session e800193ebffaae3ec25f7b169fe941af to remote] DEBUG org.asynchttpclient.netty.request.NettyRequestSender - Using open Channel [id: 0x8f359bf3, L:/127.0.0.1:55189 - R:localhost/127.0.0.1:59315] for GET '/session/e800193ebffaae3ec25f7b169fe941af/element/50b13132-ad0e-4824-b3d6-bdbdbf27ce54/text'
16:25:53.346 [AsyncHttpClient-1-2] DEBUG org.asynchttpclient.netty.handler.HttpHandler - 

Request DefaultFullHttpRequest(decodeResult: success, version: HTTP/1.1, content: EmptyByteBufBE)
GET /session/e800193ebffaae3ec25f7b169fe941af/element/50b13132-ad0e-4824-b3d6-bdbdbf27ce54/text HTTP/1.1
User-Agent: selenium/4.1.2 (java windows)
Cache-Control: no-cache
Content-Type: application/json; charset=utf-8
host: localhost:59315
accept: */*

Response DefaultHttpResponse(decodeResult: success, version: HTTP/1.1)
HTTP/1.1 200 OK
Content-Type: application/json; charset=utf-8
cache-control: no-cache
content-length: 13

16:25:53.346 [AsyncHttpClient-1-2] DEBUG org.asynchttpclient.netty.channel.ChannelManager - Adding key: http://localhost:59315 for channel [id: 0x8f359bf3, L:/127.0.0.1:55189 - R:localhost/127.0.0.1:59315]
16:25:53.346 [Forwarding screenshot on session e800193ebffaae3ec25f7b169fe941af to remote] DEBUG org.asynchttpclient.netty.request.NettyRequestSender - Using pooled Channel '[id: 0x8f359bf3, L:/127.0.0.1:55189 - R:localhost/127.0.0.1:59315]' for 'GET' to 'http://localhost:59315/session/e800193ebffaae3ec25f7b169fe941af/screenshot'
16:25:53.346 [Forwarding screenshot on session e800193ebffaae3ec25f7b169fe941af to remote] DEBUG org.asynchttpclient.netty.request.NettyRequestSender - Using open Channel [id: 0x8f359bf3, L:/127.0.0.1:55189 - R:localhost/127.0.0.1:59315] for GET '/session/e800193ebffaae3ec25f7b169fe941af/screenshot'
16:25:53.519 [AsyncHttpClient-1-2] DEBUG org.asynchttpclient.netty.handler.HttpHandler - 

Request DefaultFullHttpRequest(decodeResult: success, version: HTTP/1.1, content: EmptyByteBufBE)
GET /session/e800193ebffaae3ec25f7b169fe941af/screenshot HTTP/1.1
User-Agent: selenium/4.1.2 (java windows)
Cache-Control: no-cache
Content-Type: application/json; charset=utf-8
host: localhost:59315
accept: */*

Response DefaultHttpResponse(decodeResult: success, version: HTTP/1.1)
HTTP/1.1 200 OK
Content-Type: application/json; charset=utf-8
cache-control: no-cache
content-length: 41148

16:25:53.519 [AsyncHttpClient-1-2] DEBUG org.asynchttpclient.netty.channel.ChannelManager - Adding key: http://localhost:59315 for channel [id: 0x8f359bf3, L:/127.0.0.1:55189 - R:localhost/127.0.0.1:59315]
16:25:53.524 [main] DEBUG net.serenitybdd.core.photography.Darkroom - Send negative for processing for target\site\serenity\3a481d90fc20f8575443f86cd4edb5295e878395e5132e218c685a0fa4ae62b0.png
16:25:53.524 [main] DEBUG net.thucydides.core.steps.StepInterceptor - STEP DONE: amountTextEqual
  &amp#27;[32mThen &amp#27;[0m&amp#27;[32mI get purchase amount product&amp#27;[0m  &amp#27;[90m# Starter.StepDefinitions.ProductStep.iGetPurchaseProduct()&amp#27;[0m
16:25:53.525 [Darkroom Processing Line] DEBUG net.serenitybdd.core.photography.DarkroomProcessingLine - Processing screenshot image in /var/screenshots/screenshot-7813644840227191035
16:25:53.525 [Darkroom Processing Line] DEBUG net.serenitybdd.core.photography.DarkroomProcessingLine - Saving screenshot to target\site\serenity\3a481d90fc20f8575443f86cd4edb5295e878395e5132e218c685a0fa4ae62b0.png
16:25:53.530 [main] INFO  - 
  _____   ___   ___   _____     ___     _     ___   ___   ___   ___  
 |_   _| | __| / __| |_   _|   | _ \   /_\   / __| / __| | __| |   \ 
   | |   | _|  \__ \   | |     |  _/  / _ \  \__ \ \__ \ | _|  | |) |
   |_|   |___| |___/   |_|     |_|   /_/ \_\ |___/ |___/ |___| |___/ 

Buying Product AltaShop
----------------------------------------------------------------------
16:25:53.531 [AsyncHttpClient-1-4] DEBUG org.asynchttpclient.netty.handler.WebSocketHandler - Channel Closed: [id: 0x5614ad6e, L:/127.0.0.1:55197 ! R:localhost/127.0.0.1:55190] with attribute NettyResponseFuture{currentRetry=5,
	isDone=1,
	isCancelled=0,
	asyncHandler=org.asynchttpclient.ws.WebSocketUpgradeHandler@7de8582a,
	nettyRequest=org.asynchttpclient.netty.request.NettyRequest@1de55ecb,
	future=java.util.concurrent.CompletableFuture@76278550[Completed normally],
	uri=ws://localhost:55190/devtools/browser/f7f43a60-e75e-4f67-b483-b6d89ad9657f,
	keepAlive=true,
	redirectCount=0,
	timeoutsHolder=null,
	inAuth=0,
	touch=1653038748620}
16:25:53.531 [AsyncHttpClient-1-4] DEBUG org.asynchttpclient.netty.channel.ChannelManager - Closing Channel [id: 0x5614ad6e, L:/127.0.0.1:55197 ! R:localhost/127.0.0.1:55190] 
16:25:53.531 [Driver Command Executor] DEBUG org.asynchttpclient.netty.request.NettyRequestSender - Using pooled Channel '[id: 0x8f359bf3, L:/127.0.0.1:55189 - R:localhost/127.0.0.1:59315]' for 'DELETE' to 'http://localhost:59315/session/e800193ebffaae3ec25f7b169fe941af'
16:25:53.531 [Driver Command Executor] DEBUG org.asynchttpclient.netty.request.NettyRequestSender - Using open Channel [id: 0x8f359bf3, L:/127.0.0.1:55189 - R:localhost/127.0.0.1:59315] for DELETE '/session/e800193ebffaae3ec25f7b169fe941af'
16:25:53.663 [AsyncHttpClient-1-3] DEBUG org.asynchttpclient.netty.handler.HttpHandler - Unexpected I/O exception on channel [id: 0xfac039ee, L:/127.0.0.1:55196 - R:localhost/127.0.0.1:55190]
java.net.SocketException: Connection reset
	at java.base/sun.nio.ch.SocketChannelImpl.throwConnectionReset(SocketChannelImpl.java:367)
	at java.base/sun.nio.ch.SocketChannelImpl.read(SocketChannelImpl.java:398)
	at io.netty.buffer.PooledByteBuf.setBytes(PooledByteBuf.java:258)
	at io.netty.buffer.AbstractByteBuf.writeBytes(AbstractByteBuf.java:1132)
	at io.netty.channel.socket.nio.NioSocketChannel.doReadBytes(NioSocketChannel.java:350)
	at io.netty.channel.nio.AbstractNioByteChannel$NioByteUnsafe.read(AbstractNioByteChannel.java:151)
	at io.netty.channel.nio.NioEventLoop.processSelectedKey(NioEventLoop.java:722)
	at io.netty.channel.nio.NioEventLoop.processSelectedKeysOptimized(NioEventLoop.java:658)
	at io.netty.channel.nio.NioEventLoop.processSelectedKeys(NioEventLoop.java:584)
	at io.netty.channel.nio.NioEventLoop.run(NioEventLoop.java:496)
	at io.netty.util.concurrent.SingleThreadEventExecutor$4.run(SingleThreadEventExecutor.java:986)
	at io.netty.util.internal.ThreadExecutorMap$2.run(ThreadExecutorMap.java:74)
	at io.netty.util.concurrent.FastThreadLocalRunnable.run(FastThreadLocalRunnable.java:30)
	at java.base/java.lang.Thread.run(Thread.java:832)
16:25:53.663 [AsyncHttpClient-1-3] DEBUG org.asynchttpclient.netty.channel.ChannelManager - Closing Channel [id: 0xfac039ee, L:/127.0.0.1:55196 - R:localhost/127.0.0.1:55190] 
16:25:53.663 [AsyncHttpClient-1-3] DEBUG org.asynchttpclient.netty.handler.HttpHandler - Channel Closed: [id: 0xfac039ee, L:/127.0.0.1:55196 ! R:localhost/127.0.0.1:55190] with attribute DISCARD
16:25:53.684 [AsyncHttpClient-1-2] DEBUG org.asynchttpclient.netty.handler.HttpHandler - 

Request DefaultFullHttpRequest(decodeResult: success, version: HTTP/1.1, content: EmptyByteBufBE)
DELETE /session/e800193ebffaae3ec25f7b169fe941af HTTP/1.1
User-Agent: selenium/4.1.2 (java windows)
Content-Type: application/json; charset=utf-8
host: localhost:59315
accept: */*

Response DefaultHttpResponse(decodeResult: success, version: HTTP/1.1)
HTTP/1.1 200 OK
Content-Type: application/json; charset=utf-8
cache-control: no-cache
content-length: 14

16:25:53.684 [AsyncHttpClient-1-2] DEBUG org.asynchttpclient.netty.channel.ChannelManager - Adding key: http://localhost:59315 for channel [id: 0x8f359bf3, L:/127.0.0.1:55189 - R:localhost/127.0.0.1:59315]
16:25:53.821 [AsyncHttpClient-1-1] DEBUG org.asynchttpclient.netty.channel.DefaultChannelPool - Entry count for : http://localhost:59315 : 1
16:25:53.822 [AsyncHttpClient-1-1] DEBUG org.asynchttpclient.netty.channel.DefaultChannelPool - Entry count for : http://localhost:55190 : 1
16:25:53.822 [AsyncHttpClient-1-1] DEBUG org.asynchttpclient.netty.channel.DefaultChannelPool - Adding Candidate expired Channel [id: 0xfac039ee, L:/127.0.0.1:55196 ! R:localhost/127.0.0.1:55190] isIdleTimeoutExpired=false isRemotelyClosed=true isTtlExpired=false
16:25:53.822 [AsyncHttpClient-1-1] DEBUG org.asynchttpclient.netty.channel.DefaultChannelPool - Closing Idle Channel [id: 0xfac039ee, L:/127.0.0.1:55196 ! R:localhost/127.0.0.1:55190]
16:25:53.822 [AsyncHttpClient-1-1] DEBUG org.asynchttpclient.netty.channel.DefaultChannelPool - Closed 1 connections out of 2 in 0 ms
16:25:53.840 [AsyncHttpClient-1-2] DEBUG org.asynchttpclient.netty.handler.HttpHandler - Channel Closed: [id: 0x8f359bf3, L:/127.0.0.1:55189 ! R:localhost/127.0.0.1:59315] with attribute DISCARD
]]></system-out>
    <system-err><![CDATA[Starting ChromeDriver 101.0.4951.41 (93c720db8323b3ec10d056025ab95c23a31997c9-refs/branch-heads/4951@{#904}) on port 59315
Only local connections are allowed.
Please see https://chromedriver.chromium.org/security-considerations for suggestions on keeping ChromeDriver safe.
ChromeDriver was started successfully.
May 20, 2022 4:25:48 PM org.openqa.selenium.remote.ProtocolHandshake createSession
INFO: Detected dialect: W3C
May 20, 2022 4:25:48 PM org.openqa.selenium.devtools.CdpVersionFinder findNearestMatch
WARNING: Unable to find an exact match for CDP version 101, so returning the closest version found: 97
May 20, 2022 4:25:48 PM org.openqa.selenium.devtools.CdpVersionFinder findNearestMatch
INFO: Found CDP implementation for version 101 of 97
]]></system-err>
  </testcase>
  <testcase name="Rating Product AltaShop" classname="Product" time="5.867">
    <system-out><![CDATA[
@Product
Scenario: Rating Product AltaShop     &amp#27;[90m# src/test/resources/features/Product.feature:19&amp#27;[0m
16:25:54.371 [main] INFO io.cucumber.core.plugin.SerenityReporter - Running feature from file:///D:/data%20hakim/Mini%20Project%20Alterra/WebAlta/src/test/resources/features/Product.feature
16:25:54.373 [main] INFO  - 
  _____   ___   ___   _____     ___   _____     _     ___   _____   ___   ___  
 |_   _| | __| / __| |_   _|   / __| |_   _|   /_\   | _ \ |_   _| | __| |   \ 
   | |   | _|  \__ \   | |     \__ \   | |    / _ \  |   /   | |   | _|  | |) |
   |_|   |___| |___/   |_|     |___/   |_|   /_/ \_\ |_|_\   |_|   |___| |___/ 

Rating Product AltaShop(product;rating-product-altashop)
--------------------------------------------------------------------------------
16:25:54.390 [main] INFO net.serenitybdd.core.webdriver.driverproviders.ChromeDriverProvider - Using automatically driver download
16:25:54.542 [main] DEBUG io.github.bonigarcia.wdm.cache.ResolutionCache - Resolution chrome=101 in cache (valid until 17:18:55 20/05/2022 WIB)
16:25:54.542 [main] DEBUG io.github.bonigarcia.wdm.cache.ResolutionCache - Resolution chrome101=101.0.4951.41 in cache (valid until 21:21:16 20/05/2022 WIB)
16:25:54.542 [main] INFO io.github.bonigarcia.wdm.WebDriverManager - Using chromedriver 101.0.4951.41 (resolved driver for Chrome 101)
16:25:54.558 [main] DEBUG io.github.bonigarcia.wdm.WebDriverManager - Driver chromedriver 101.0.4951.41 found in cache
16:25:54.558 [main] INFO io.github.bonigarcia.wdm.WebDriverManager - Exporting webdriver.chrome.driver as C:\Users\hp pc\.cache\selenium\chromedriver\win32\101.0.4951.41\chromedriver.exe
16:25:54.671 [main] DEBUG net.serenitybdd.core.webdriver.driverproviders.ProvideNewDriver - Instantiating driver
16:25:54.671 [main] DEBUG net.serenitybdd.core.webdriver.driverproviders.ProvideNewDriver - Driver capabilities: Capabilities {acceptInsecureCerts: false, base.url: https://qa.alta.id/, browserName: chrome, chrome.driver: src/test/resources/webdrive..., driver: chrome, goog:chromeOptions: {args: [], extensions: []}}
16:25:54.919 [AsyncHttpClient-1-1] DEBUG org.asynchttpclient.netty.channel.DefaultChannelPool - Entry count for : http://localhost:59315 : 1
16:25:54.919 [AsyncHttpClient-1-1] DEBUG org.asynchttpclient.netty.channel.DefaultChannelPool - Adding Candidate expired Channel [id: 0x8f359bf3, L:/127.0.0.1:55189 ! R:localhost/127.0.0.1:59315] isIdleTimeoutExpired=false isRemotelyClosed=true isTtlExpired=false
16:25:54.919 [AsyncHttpClient-1-1] DEBUG org.asynchttpclient.netty.channel.DefaultChannelPool - Closing Idle Channel [id: 0x8f359bf3, L:/127.0.0.1:55189 ! R:localhost/127.0.0.1:59315]
16:25:54.919 [AsyncHttpClient-1-1] DEBUG org.asynchttpclient.netty.channel.DefaultChannelPool - Closed 1 connections out of 1 in 0 ms
16:25:55.225 [AsyncHttpClient-1-5] DEBUG org.asynchttpclient.netty.channel.NettyConnectListener - Using new Channel '[id: 0x08cebd73, L:/127.0.0.1:55215 - R:localhost/127.0.0.1:51809]' for 'POST' to '/session'
16:25:55.962 [AsyncHttpClient-1-5] DEBUG org.asynchttpclient.netty.handler.HttpHandler - 

Request DefaultHttpRequest(decodeResult: success, version: HTTP/1.1)
POST /session HTTP/1.1
User-Agent: selenium/4.1.2 (java windows)
Content-Length: 605
Content-Type: application/json; charset=utf-8
host: localhost:51809
accept: */*

Response DefaultHttpResponse(decodeResult: success, version: HTTP/1.1)
HTTP/1.1 200 OK
Content-Type: application/json; charset=utf-8
cache-control: no-cache
content-length: 791

16:25:55.962 [AsyncHttpClient-1-5] DEBUG org.asynchttpclient.netty.channel.ChannelManager - Adding key: http://localhost:51809 for channel [id: 0x08cebd73, L:/127.0.0.1:55215 - R:localhost/127.0.0.1:51809]
16:25:55.969 [AsyncHttpClient-1-6] DEBUG org.asynchttpclient.netty.channel.NettyConnectListener - Using new Channel '[id: 0x2bb30aeb, L:/127.0.0.1:55222 - R:localhost/127.0.0.1:55216]' for 'GET' to '/json/version'
16:25:55.969 [AsyncHttpClient-1-6] DEBUG org.asynchttpclient.netty.handler.HttpHandler - 

Request DefaultFullHttpRequest(decodeResult: success, version: HTTP/1.1, content: EmptyByteBufBE)
GET /json/version HTTP/1.1
User-Agent: selenium/4.1.2 (java windows)
host: localhost:55216
accept: */*

Response DefaultHttpResponse(decodeResult: success, version: HTTP/1.1)
HTTP/1.1 200 OK
Content-Type: application/json; charset=UTF-8
content-length: 427

16:25:55.969 [AsyncHttpClient-1-6] DEBUG org.asynchttpclient.netty.channel.ChannelManager - Adding key: http://localhost:55216 for channel [id: 0x2bb30aeb, L:/127.0.0.1:55222 - R:localhost/127.0.0.1:55216]
16:25:55.973 [AsyncHttpClient-1-7] DEBUG org.asynchttpclient.netty.channel.NettyConnectListener - Using new Channel '[id: 0x756da33a, L:/127.0.0.1:55223 - R:localhost/127.0.0.1:55216]' for 'GET' to '/devtools/browser/9993d4d1-e88f-4186-90a6-e6d19d310505'
16:25:55.973 [AsyncHttpClient-1-7] DEBUG org.asynchttpclient.netty.handler.WebSocketHandler - 

Request DefaultFullHttpRequest(decodeResult: success, version: HTTP/1.1, content: EmptyByteBufBE)
GET /devtools/browser/9993d4d1-e88f-4186-90a6-e6d19d310505 HTTP/1.1
upgrade: websocket
connection: upgrade
sec-websocket-key: 3EgG6Uu5OLNgwFIYbXu8qw==
sec-websocket-version: 13
origin: http://localhost:55216
host: localhost:55216
accept: */*
user-agent: AHC/2.1

Response DefaultHttpResponse(decodeResult: success, version: HTTP/1.1)
HTTP/1.1 101 WebSocket Protocol Handshake
Upgrade: WebSocket
Connection: Upgrade
Sec-WebSocket-Accept: wQdpgAOKSk7TPYdgn6/QK8wswtA=

16:25:55.973 [Forwarding maximizeCurrentWindow on session 8c9e5babaf846ad45f26b58b7062d739 to remote] DEBUG org.asynchttpclient.netty.request.NettyRequestSender - Using pooled Channel '[id: 0x08cebd73, L:/127.0.0.1:55215 - R:localhost/127.0.0.1:51809]' for 'POST' to 'http://localhost:51809/session/8c9e5babaf846ad45f26b58b7062d739/window/maximize'
16:25:55.973 [Forwarding maximizeCurrentWindow on session 8c9e5babaf846ad45f26b58b7062d739 to remote] DEBUG org.asynchttpclient.netty.request.NettyRequestSender - Using open Channel [id: 0x08cebd73, L:/127.0.0.1:55215 - R:localhost/127.0.0.1:51809] for POST '/session/8c9e5babaf846ad45f26b58b7062d739/window/maximize'
16:25:56.022 [AsyncHttpClient-1-1] DEBUG org.asynchttpclient.netty.channel.DefaultChannelPool - Entry count for : http://localhost:55216 : 1
16:25:56.092 [AsyncHttpClient-1-5] DEBUG org.asynchttpclient.netty.handler.HttpHandler - 

Request DefaultHttpRequest(decodeResult: success, version: HTTP/1.1)
POST /session/8c9e5babaf846ad45f26b58b7062d739/window/maximize HTTP/1.1
User-Agent: selenium/4.1.2 (java windows)
Content-Length: 3
Content-Type: application/json; charset=utf-8
host: localhost:51809
accept: */*

Response DefaultHttpResponse(decodeResult: success, version: HTTP/1.1)
HTTP/1.1 200 OK
Content-Type: application/json; charset=utf-8
cache-control: no-cache
content-length: 51

16:25:56.092 [AsyncHttpClient-1-5] DEBUG org.asynchttpclient.netty.channel.ChannelManager - Adding key: http://localhost:51809 for channel [id: 0x08cebd73, L:/127.0.0.1:55215 - R:localhost/127.0.0.1:51809]
16:25:56.093 [Forwarding get on session 8c9e5babaf846ad45f26b58b7062d739 to remote] DEBUG org.asynchttpclient.netty.request.NettyRequestSender - Using pooled Channel '[id: 0x08cebd73, L:/127.0.0.1:55215 - R:localhost/127.0.0.1:51809]' for 'POST' to 'http://localhost:51809/session/8c9e5babaf846ad45f26b58b7062d739/url'
16:25:56.093 [Forwarding get on session 8c9e5babaf846ad45f26b58b7062d739 to remote] DEBUG org.asynchttpclient.netty.request.NettyRequestSender - Using open Channel [id: 0x08cebd73, L:/127.0.0.1:55215 - R:localhost/127.0.0.1:51809] for POST '/session/8c9e5babaf846ad45f26b58b7062d739/url'
16:25:56.846 [AsyncHttpClient-1-5] DEBUG org.asynchttpclient.netty.handler.HttpHandler - 

Request DefaultHttpRequest(decodeResult: success, version: HTTP/1.1)
POST /session/8c9e5babaf846ad45f26b58b7062d739/url HTTP/1.1
User-Agent: selenium/4.1.2 (java windows)
Content-Length: 49
Content-Type: application/json; charset=utf-8
host: localhost:51809
accept: */*

Response DefaultHttpResponse(decodeResult: success, version: HTTP/1.1)
HTTP/1.1 200 OK
Content-Type: application/json; charset=utf-8
cache-control: no-cache
content-length: 14

16:25:56.846 [AsyncHttpClient-1-5] DEBUG org.asynchttpclient.netty.channel.ChannelManager - Adding key: http://localhost:51809 for channel [id: 0x08cebd73, L:/127.0.0.1:55215 - R:localhost/127.0.0.1:51809]
16:25:56.847 [Forwarding setTimeout on session 8c9e5babaf846ad45f26b58b7062d739 to remote] DEBUG org.asynchttpclient.netty.request.NettyRequestSender - Using pooled Channel '[id: 0x08cebd73, L:/127.0.0.1:55215 - R:localhost/127.0.0.1:51809]' for 'POST' to 'http://localhost:51809/session/8c9e5babaf846ad45f26b58b7062d739/timeouts'
16:25:56.847 [Forwarding setTimeout on session 8c9e5babaf846ad45f26b58b7062d739 to remote] DEBUG org.asynchttpclient.netty.request.NettyRequestSender - Using open Channel [id: 0x08cebd73, L:/127.0.0.1:55215 - R:localhost/127.0.0.1:51809] for POST '/session/8c9e5babaf846ad45f26b58b7062d739/timeouts'
16:25:56.849 [AsyncHttpClient-1-5] DEBUG org.asynchttpclient.netty.handler.HttpHandler - 

Request DefaultHttpRequest(decodeResult: success, version: HTTP/1.1)
POST /session/8c9e5babaf846ad45f26b58b7062d739/timeouts HTTP/1.1
User-Agent: selenium/4.1.2 (java windows)
Content-Length: 23
Content-Type: application/json; charset=utf-8
host: localhost:51809
accept: */*

Response DefaultHttpResponse(decodeResult: success, version: HTTP/1.1)
HTTP/1.1 200 OK
Content-Type: application/json; charset=utf-8
cache-control: no-cache
content-length: 14

16:25:56.850 [AsyncHttpClient-1-5] DEBUG org.asynchttpclient.netty.channel.ChannelManager - Adding key: http://localhost:51809 for channel [id: 0x08cebd73, L:/127.0.0.1:55215 - R:localhost/127.0.0.1:51809]
16:25:56.853 [Forwarding getCurrentUrl on session 8c9e5babaf846ad45f26b58b7062d739 to remote] DEBUG org.asynchttpclient.netty.request.NettyRequestSender - Using pooled Channel '[id: 0x08cebd73, L:/127.0.0.1:55215 - R:localhost/127.0.0.1:51809]' for 'GET' to 'http://localhost:51809/session/8c9e5babaf846ad45f26b58b7062d739/url'
16:25:56.853 [Forwarding getCurrentUrl on session 8c9e5babaf846ad45f26b58b7062d739 to remote] DEBUG org.asynchttpclient.netty.request.NettyRequestSender - Using open Channel [id: 0x08cebd73, L:/127.0.0.1:55215 - R:localhost/127.0.0.1:51809] for GET '/session/8c9e5babaf846ad45f26b58b7062d739/url'
16:25:56.860 [AsyncHttpClient-1-5] DEBUG org.asynchttpclient.netty.handler.HttpHandler - 

Request DefaultFullHttpRequest(decodeResult: success, version: HTTP/1.1, content: EmptyByteBufBE)
GET /session/8c9e5babaf846ad45f26b58b7062d739/url HTTP/1.1
User-Agent: selenium/4.1.2 (java windows)
Cache-Control: no-cache
Content-Type: application/json; charset=utf-8
host: localhost:51809
accept: */*

Response DefaultHttpResponse(decodeResult: success, version: HTTP/1.1)
HTTP/1.1 200 OK
Content-Type: application/json; charset=utf-8
cache-control: no-cache
content-length: 31

16:25:56.861 [AsyncHttpClient-1-5] DEBUG org.asynchttpclient.netty.channel.ChannelManager - Adding key: http://localhost:51809 for channel [id: 0x08cebd73, L:/127.0.0.1:55215 - R:localhost/127.0.0.1:51809]
16:25:56.864 [Forwarding screenshot on session 8c9e5babaf846ad45f26b58b7062d739 to remote] DEBUG org.asynchttpclient.netty.request.NettyRequestSender - Using pooled Channel '[id: 0x08cebd73, L:/127.0.0.1:55215 - R:localhost/127.0.0.1:51809]' for 'GET' to 'http://localhost:51809/session/8c9e5babaf846ad45f26b58b7062d739/screenshot'
16:25:56.864 [Forwarding screenshot on session 8c9e5babaf846ad45f26b58b7062d739 to remote] DEBUG org.asynchttpclient.netty.request.NettyRequestSender - Using open Channel [id: 0x08cebd73, L:/127.0.0.1:55215 - R:localhost/127.0.0.1:51809] for GET '/session/8c9e5babaf846ad45f26b58b7062d739/screenshot'
16:25:57.125 [AsyncHttpClient-1-1] DEBUG org.asynchttpclient.netty.channel.DefaultChannelPool - Entry count for : http://localhost:55216 : 1
16:25:57.247 [AsyncHttpClient-1-5] DEBUG org.asynchttpclient.netty.handler.HttpHandler - 

Request DefaultFullHttpRequest(decodeResult: success, version: HTTP/1.1, content: EmptyByteBufBE)
GET /session/8c9e5babaf846ad45f26b58b7062d739/screenshot HTTP/1.1
User-Agent: selenium/4.1.2 (java windows)
Cache-Control: no-cache
Content-Type: application/json; charset=utf-8
host: localhost:51809
accept: */*

Response DefaultHttpResponse(decodeResult: success, version: HTTP/1.1)
HTTP/1.1 200 OK
Content-Type: application/json; charset=utf-8
cache-control: no-cache
content-length: 38272

16:25:57.247 [AsyncHttpClient-1-5] DEBUG org.asynchttpclient.netty.channel.ChannelManager - Adding key: http://localhost:51809 for channel [id: 0x08cebd73, L:/127.0.0.1:55215 - R:localhost/127.0.0.1:51809]
16:25:57.247 [main] DEBUG net.serenitybdd.core.photography.Darkroom - Send negative for processing for target\site\serenity\460934fc40d72a140a3d025159b460e1f5b37508c657f325d38cee32cd9c46ce.png
16:25:57.247 [main] DEBUG net.thucydides.core.steps.StepInterceptor - STARTING STEP: ProductStep.iOnTheHomePage - validateOnHomePage
16:25:57.247 [Darkroom Processing Line] DEBUG net.serenitybdd.core.photography.DarkroomProcessingLine - Processing screenshot image in /var/screenshots/screenshot-13395930754077714610
16:25:57.247 [Darkroom Processing Line] DEBUG net.serenitybdd.core.photography.DarkroomProcessingLine - Saving screenshot to target\site\serenity\460934fc40d72a140a3d025159b460e1f5b37508c657f325d38cee32cd9c46ce.png
16:25:57.257 [Forwarding findElement on session 8c9e5babaf846ad45f26b58b7062d739 to remote] DEBUG org.asynchttpclient.netty.request.NettyRequestSender - Using pooled Channel '[id: 0x08cebd73, L:/127.0.0.1:55215 - R:localhost/127.0.0.1:51809]' for 'POST' to 'http://localhost:51809/session/8c9e5babaf846ad45f26b58b7062d739/element'
16:25:57.257 [Forwarding findElement on session 8c9e5babaf846ad45f26b58b7062d739 to remote] DEBUG org.asynchttpclient.netty.request.NettyRequestSender - Using open Channel [id: 0x08cebd73, L:/127.0.0.1:55215 - R:localhost/127.0.0.1:51809] for POST '/session/8c9e5babaf846ad45f26b58b7062d739/element'
16:25:57.272 [AsyncHttpClient-1-5] DEBUG org.asynchttpclient.netty.handler.HttpHandler - 

Request DefaultHttpRequest(decodeResult: success, version: HTTP/1.1)
POST /session/8c9e5babaf846ad45f26b58b7062d739/element HTTP/1.1
User-Agent: selenium/4.1.2 (java windows)
Content-Length: 127
Content-Type: application/json; charset=utf-8
host: localhost:51809
accept: */*

Response DefaultHttpResponse(decodeResult: success, version: HTTP/1.1)
HTTP/1.1 200 OK
Content-Type: application/json; charset=utf-8
cache-control: no-cache
content-length: 88

16:25:57.272 [AsyncHttpClient-1-5] DEBUG org.asynchttpclient.netty.channel.ChannelManager - Adding key: http://localhost:51809 for channel [id: 0x08cebd73, L:/127.0.0.1:55215 - R:localhost/127.0.0.1:51809]
16:25:57.275 [Forwarding isElementDisplayed on session 8c9e5babaf846ad45f26b58b7062d739 to remote] DEBUG org.asynchttpclient.netty.request.NettyRequestSender - Using pooled Channel '[id: 0x08cebd73, L:/127.0.0.1:55215 - R:localhost/127.0.0.1:51809]' for 'POST' to 'http://localhost:51809/session/8c9e5babaf846ad45f26b58b7062d739/execute/sync'
16:25:57.277 [Forwarding isElementDisplayed on session 8c9e5babaf846ad45f26b58b7062d739 to remote] DEBUG org.asynchttpclient.netty.request.NettyRequestSender - Using open Channel [id: 0x08cebd73, L:/127.0.0.1:55215 - R:localhost/127.0.0.1:51809] for POST '/session/8c9e5babaf846ad45f26b58b7062d739/execute/sync'
16:25:58.223 [AsyncHttpClient-1-1] DEBUG org.asynchttpclient.netty.channel.DefaultChannelPool - Entry count for : http://localhost:55216 : 1
16:25:58.611 [AsyncHttpClient-1-5] DEBUG org.asynchttpclient.netty.handler.HttpHandler - 

Request DefaultHttpRequest(decodeResult: success, version: HTTP/1.1)
POST /session/8c9e5babaf846ad45f26b58b7062d739/execute/sync HTTP/1.1
User-Agent: selenium/4.1.2 (java windows)
Content-Length: 48780
Content-Type: application/json; charset=utf-8
host: localhost:51809
accept: */*

Response DefaultHttpResponse(decodeResult: success, version: HTTP/1.1)
HTTP/1.1 200 OK
Content-Type: application/json; charset=utf-8
cache-control: no-cache
content-length: 14

16:25:58.611 [AsyncHttpClient-1-5] DEBUG org.asynchttpclient.netty.channel.ChannelManager - Adding key: http://localhost:51809 for channel [id: 0x08cebd73, L:/127.0.0.1:55215 - R:localhost/127.0.0.1:51809]
16:25:58.619 [Forwarding screenshot on session 8c9e5babaf846ad45f26b58b7062d739 to remote] DEBUG org.asynchttpclient.netty.request.NettyRequestSender - Using pooled Channel '[id: 0x08cebd73, L:/127.0.0.1:55215 - R:localhost/127.0.0.1:51809]' for 'GET' to 'http://localhost:51809/session/8c9e5babaf846ad45f26b58b7062d739/screenshot'
16:25:58.619 [Forwarding screenshot on session 8c9e5babaf846ad45f26b58b7062d739 to remote] DEBUG org.asynchttpclient.netty.request.NettyRequestSender - Using open Channel [id: 0x08cebd73, L:/127.0.0.1:55215 - R:localhost/127.0.0.1:51809] for GET '/session/8c9e5babaf846ad45f26b58b7062d739/screenshot'
16:25:58.758 [AsyncHttpClient-1-5] DEBUG org.asynchttpclient.netty.handler.HttpHandler - 

Request DefaultFullHttpRequest(decodeResult: success, version: HTTP/1.1, content: EmptyByteBufBE)
GET /session/8c9e5babaf846ad45f26b58b7062d739/screenshot HTTP/1.1
User-Agent: selenium/4.1.2 (java windows)
Cache-Control: no-cache
Content-Type: application/json; charset=utf-8
host: localhost:51809
accept: */*

Response DefaultHttpResponse(decodeResult: success, version: HTTP/1.1)
HTTP/1.1 200 OK
Content-Type: application/json; charset=utf-8
cache-control: no-cache
content-length: 84424

16:25:58.758 [AsyncHttpClient-1-5] DEBUG org.asynchttpclient.netty.channel.ChannelManager - Adding key: http://localhost:51809 for channel [id: 0x08cebd73, L:/127.0.0.1:55215 - R:localhost/127.0.0.1:51809]
16:25:58.758 [main] DEBUG net.serenitybdd.core.photography.Darkroom - Send negative for processing for target\site\serenity\aa4e2bf0f7957f0abe62d5c7b5c6e855a23a9b9871218ddd3b9f82e82cdfacac.png
16:25:58.758 [main] DEBUG net.thucydides.core.steps.StepInterceptor - STEP DONE: validateOnHomePage
  &amp#27;[32mGiven &amp#27;[0m&amp#27;[32mI am on the HomePage AltaShop&amp#27;[0m &amp#27;[90m# Starter.StepDefinitions.ProductStep.iOnTheHomePage()&amp#27;[0m
16:25:58.774 [main] DEBUG net.thucydides.core.steps.StepInterceptor - STARTING STEP: ProductStep.iClickButtonDetailProduct - clickDetailProduct
16:25:58.774 [Forwarding findElement on session 8c9e5babaf846ad45f26b58b7062d739 to remote] DEBUG org.asynchttpclient.netty.request.NettyRequestSender - Using pooled Channel '[id: 0x08cebd73, L:/127.0.0.1:55215 - R:localhost/127.0.0.1:51809]' for 'POST' to 'http://localhost:51809/session/8c9e5babaf846ad45f26b58b7062d739/element'
16:25:58.774 [Forwarding findElement on session 8c9e5babaf846ad45f26b58b7062d739 to remote] DEBUG org.asynchttpclient.netty.request.NettyRequestSender - Using open Channel [id: 0x08cebd73, L:/127.0.0.1:55215 - R:localhost/127.0.0.1:51809] for POST '/session/8c9e5babaf846ad45f26b58b7062d739/element'
16:25:58.790 [AsyncHttpClient-1-5] DEBUG org.asynchttpclient.netty.handler.HttpHandler - 

Request DefaultHttpRequest(decodeResult: success, version: HTTP/1.1)
POST /session/8c9e5babaf846ad45f26b58b7062d739/element HTTP/1.1
User-Agent: selenium/4.1.2 (java windows)
Content-Length: 113
Content-Type: application/json; charset=utf-8
host: localhost:51809
accept: */*

Response DefaultHttpResponse(decodeResult: success, version: HTTP/1.1)
HTTP/1.1 200 OK
Content-Type: application/json; charset=utf-8
cache-control: no-cache
content-length: 88

16:25:58.790 [AsyncHttpClient-1-5] DEBUG org.asynchttpclient.netty.channel.ChannelManager - Adding key: http://localhost:51809 for channel [id: 0x08cebd73, L:/127.0.0.1:55215 - R:localhost/127.0.0.1:51809]
16:25:58.790 [Forwarding getElementTagName on session 8c9e5babaf846ad45f26b58b7062d739 to remote] DEBUG org.asynchttpclient.netty.request.NettyRequestSender - Using pooled Channel '[id: 0x08cebd73, L:/127.0.0.1:55215 - R:localhost/127.0.0.1:51809]' for 'GET' to 'http://localhost:51809/session/8c9e5babaf846ad45f26b58b7062d739/element/83cfb817-8a79-471a-948d-77dc5957bfa9/name'
16:25:58.790 [Forwarding getElementTagName on session 8c9e5babaf846ad45f26b58b7062d739 to remote] DEBUG org.asynchttpclient.netty.request.NettyRequestSender - Using open Channel [id: 0x08cebd73, L:/127.0.0.1:55215 - R:localhost/127.0.0.1:51809] for GET '/session/8c9e5babaf846ad45f26b58b7062d739/element/83cfb817-8a79-471a-948d-77dc5957bfa9/name'
16:25:58.790 [AsyncHttpClient-1-5] DEBUG org.asynchttpclient.netty.handler.HttpHandler - 

Request DefaultFullHttpRequest(decodeResult: success, version: HTTP/1.1, content: EmptyByteBufBE)
GET /session/8c9e5babaf846ad45f26b58b7062d739/element/83cfb817-8a79-471a-948d-77dc5957bfa9/name HTTP/1.1
User-Agent: selenium/4.1.2 (java windows)
Cache-Control: no-cache
Content-Type: application/json; charset=utf-8
host: localhost:51809
accept: */*

Response DefaultHttpResponse(decodeResult: success, version: HTTP/1.1)
HTTP/1.1 200 OK
Content-Type: application/json; charset=utf-8
cache-control: no-cache
content-length: 16

16:25:58.790 [AsyncHttpClient-1-5] DEBUG org.asynchttpclient.netty.channel.ChannelManager - Adding key: http://localhost:51809 for channel [id: 0x08cebd73, L:/127.0.0.1:55215 - R:localhost/127.0.0.1:51809]
16:25:58.790 [Forwarding getElementTagName on session 8c9e5babaf846ad45f26b58b7062d739 to remote] DEBUG org.asynchttpclient.netty.request.NettyRequestSender - Using pooled Channel '[id: 0x08cebd73, L:/127.0.0.1:55215 - R:localhost/127.0.0.1:51809]' for 'GET' to 'http://localhost:51809/session/8c9e5babaf846ad45f26b58b7062d739/element/83cfb817-8a79-471a-948d-77dc5957bfa9/name'
16:25:58.790 [Forwarding getElementTagName on session 8c9e5babaf846ad45f26b58b7062d739 to remote] DEBUG org.asynchttpclient.netty.request.NettyRequestSender - Using open Channel [id: 0x08cebd73, L:/127.0.0.1:55215 - R:localhost/127.0.0.1:51809] for GET '/session/8c9e5babaf846ad45f26b58b7062d739/element/83cfb817-8a79-471a-948d-77dc5957bfa9/name'
16:25:58.790 [AsyncHttpClient-1-5] DEBUG org.asynchttpclient.netty.handler.HttpHandler - 

Request DefaultFullHttpRequest(decodeResult: success, version: HTTP/1.1, content: EmptyByteBufBE)
GET /session/8c9e5babaf846ad45f26b58b7062d739/element/83cfb817-8a79-471a-948d-77dc5957bfa9/name HTTP/1.1
User-Agent: selenium/4.1.2 (java windows)
Cache-Control: no-cache
Content-Type: application/json; charset=utf-8
host: localhost:51809
accept: */*

Response DefaultHttpResponse(decodeResult: success, version: HTTP/1.1)
HTTP/1.1 200 OK
Content-Type: application/json; charset=utf-8
cache-control: no-cache
content-length: 16

16:25:58.790 [AsyncHttpClient-1-5] DEBUG org.asynchttpclient.netty.channel.ChannelManager - Adding key: http://localhost:51809 for channel [id: 0x08cebd73, L:/127.0.0.1:55215 - R:localhost/127.0.0.1:51809]
16:25:58.790 [Forwarding findElement on session 8c9e5babaf846ad45f26b58b7062d739 to remote] DEBUG org.asynchttpclient.netty.request.NettyRequestSender - Using pooled Channel '[id: 0x08cebd73, L:/127.0.0.1:55215 - R:localhost/127.0.0.1:51809]' for 'POST' to 'http://localhost:51809/session/8c9e5babaf846ad45f26b58b7062d739/element'
16:25:58.790 [Forwarding findElement on session 8c9e5babaf846ad45f26b58b7062d739 to remote] DEBUG org.asynchttpclient.netty.request.NettyRequestSender - Using open Channel [id: 0x08cebd73, L:/127.0.0.1:55215 - R:localhost/127.0.0.1:51809] for POST '/session/8c9e5babaf846ad45f26b58b7062d739/element'
16:25:58.807 [AsyncHttpClient-1-5] DEBUG org.asynchttpclient.netty.handler.HttpHandler - 

Request DefaultHttpRequest(decodeResult: success, version: HTTP/1.1)
POST /session/8c9e5babaf846ad45f26b58b7062d739/element HTTP/1.1
User-Agent: selenium/4.1.2 (java windows)
Content-Length: 113
Content-Type: application/json; charset=utf-8
host: localhost:51809
accept: */*

Response DefaultHttpResponse(decodeResult: success, version: HTTP/1.1)
HTTP/1.1 200 OK
Content-Type: application/json; charset=utf-8
cache-control: no-cache
content-length: 88

16:25:58.807 [AsyncHttpClient-1-5] DEBUG org.asynchttpclient.netty.channel.ChannelManager - Adding key: http://localhost:51809 for channel [id: 0x08cebd73, L:/127.0.0.1:55215 - R:localhost/127.0.0.1:51809]
16:25:58.807 [Forwarding clickElement on session 8c9e5babaf846ad45f26b58b7062d739 to remote] DEBUG org.asynchttpclient.netty.request.NettyRequestSender - Using pooled Channel '[id: 0x08cebd73, L:/127.0.0.1:55215 - R:localhost/127.0.0.1:51809]' for 'POST' to 'http://localhost:51809/session/8c9e5babaf846ad45f26b58b7062d739/element/83cfb817-8a79-471a-948d-77dc5957bfa9/click'
16:25:58.807 [Forwarding clickElement on session 8c9e5babaf846ad45f26b58b7062d739 to remote] DEBUG org.asynchttpclient.netty.request.NettyRequestSender - Using open Channel [id: 0x08cebd73, L:/127.0.0.1:55215 - R:localhost/127.0.0.1:51809] for POST '/session/8c9e5babaf846ad45f26b58b7062d739/element/83cfb817-8a79-471a-948d-77dc5957bfa9/click'
16:25:58.875 [AsyncHttpClient-1-5] DEBUG org.asynchttpclient.netty.handler.HttpHandler - 

Request DefaultHttpRequest(decodeResult: success, version: HTTP/1.1)
POST /session/8c9e5babaf846ad45f26b58b7062d739/element/83cfb817-8a79-471a-948d-77dc5957bfa9/click HTTP/1.1
User-Agent: selenium/4.1.2 (java windows)
Content-Length: 50
Content-Type: application/json; charset=utf-8
host: localhost:51809
accept: */*

Response DefaultHttpResponse(decodeResult: success, version: HTTP/1.1)
HTTP/1.1 200 OK
Content-Type: application/json; charset=utf-8
cache-control: no-cache
content-length: 14

16:25:58.875 [AsyncHttpClient-1-5] DEBUG org.asynchttpclient.netty.channel.ChannelManager - Adding key: http://localhost:51809 for channel [id: 0x08cebd73, L:/127.0.0.1:55215 - R:localhost/127.0.0.1:51809]
16:25:58.876 [Forwarding screenshot on session 8c9e5babaf846ad45f26b58b7062d739 to remote] DEBUG org.asynchttpclient.netty.request.NettyRequestSender - Using pooled Channel '[id: 0x08cebd73, L:/127.0.0.1:55215 - R:localhost/127.0.0.1:51809]' for 'GET' to 'http://localhost:51809/session/8c9e5babaf846ad45f26b58b7062d739/screenshot'
16:25:58.876 [Forwarding screenshot on session 8c9e5babaf846ad45f26b58b7062d739 to remote] DEBUG org.asynchttpclient.netty.request.NettyRequestSender - Using open Channel [id: 0x08cebd73, L:/127.0.0.1:55215 - R:localhost/127.0.0.1:51809] for GET '/session/8c9e5babaf846ad45f26b58b7062d739/screenshot'
16:25:59.144 [AsyncHttpClient-1-5] DEBUG org.asynchttpclient.netty.handler.HttpHandler - 

Request DefaultFullHttpRequest(decodeResult: success, version: HTTP/1.1, content: EmptyByteBufBE)
GET /session/8c9e5babaf846ad45f26b58b7062d739/screenshot HTTP/1.1
User-Agent: selenium/4.1.2 (java windows)
Cache-Control: no-cache
Content-Type: application/json; charset=utf-8
host: localhost:51809
accept: */*

Response DefaultHttpResponse(decodeResult: success, version: HTTP/1.1)
HTTP/1.1 200 OK
Content-Type: application/json; charset=utf-8
cache-control: no-cache
content-length: 14576

16:25:59.144 [AsyncHttpClient-1-5] DEBUG org.asynchttpclient.netty.channel.ChannelManager - Adding key: http://localhost:51809 for channel [id: 0x08cebd73, L:/127.0.0.1:55215 - R:localhost/127.0.0.1:51809]
16:25:59.144 [main] DEBUG net.serenitybdd.core.photography.Darkroom - Send negative for processing for target\site\serenity\97dce290ae6e72d3a23ea5111e6695116285db57bb701d4a14b865a90ecd9b90.png
16:25:59.144 [main] DEBUG net.thucydides.core.steps.StepInterceptor - STEP DONE: clickDetailProduct
  &amp#27;[32mWhen &amp#27;[0m&amp#27;[32mI click button detail product&amp#27;[0m  &amp#27;[90m# Starter.StepDefinitions.ProductStep.iClickButtonDetailProduct()&amp#27;[0m
16:25:59.144 [Darkroom Processing Line] DEBUG net.serenitybdd.core.photography.DarkroomProcessingLine - Processing screenshot image in /var/screenshots/screenshot-4137546715047990414
16:25:59.144 [Darkroom Processing Line] DEBUG net.serenitybdd.core.photography.DarkroomProcessingLine - Saving screenshot to target\site\serenity\97dce290ae6e72d3a23ea5111e6695116285db57bb701d4a14b865a90ecd9b90.png
16:25:59.157 [main] DEBUG net.thucydides.core.steps.StepInterceptor - STARTING STEP: ProductStep.iGetDetailRatingProduct - validateRatingProduct
16:25:59.157 [Forwarding findElement on session 8c9e5babaf846ad45f26b58b7062d739 to remote] DEBUG org.asynchttpclient.netty.request.NettyRequestSender - Using pooled Channel '[id: 0x08cebd73, L:/127.0.0.1:55215 - R:localhost/127.0.0.1:51809]' for 'POST' to 'http://localhost:51809/session/8c9e5babaf846ad45f26b58b7062d739/element'
16:25:59.157 [Forwarding findElement on session 8c9e5babaf846ad45f26b58b7062d739 to remote] DEBUG org.asynchttpclient.netty.request.NettyRequestSender - Using open Channel [id: 0x08cebd73, L:/127.0.0.1:55215 - R:localhost/127.0.0.1:51809] for POST '/session/8c9e5babaf846ad45f26b58b7062d739/element'
16:25:59.238 [AsyncHttpClient-1-5] DEBUG org.asynchttpclient.netty.handler.HttpHandler - 

Request DefaultHttpRequest(decodeResult: success, version: HTTP/1.1)
POST /session/8c9e5babaf846ad45f26b58b7062d739/element HTTP/1.1
User-Agent: selenium/4.1.2 (java windows)
Content-Length: 106
Content-Type: application/json; charset=utf-8
host: localhost:51809
accept: */*

Response DefaultHttpResponse(decodeResult: success, version: HTTP/1.1)
HTTP/1.1 200 OK
Content-Type: application/json; charset=utf-8
cache-control: no-cache
content-length: 88

16:25:59.238 [AsyncHttpClient-1-5] DEBUG org.asynchttpclient.netty.channel.ChannelManager - Adding key: http://localhost:51809 for channel [id: 0x08cebd73, L:/127.0.0.1:55215 - R:localhost/127.0.0.1:51809]
16:25:59.242 [Forwarding isElementDisplayed on session 8c9e5babaf846ad45f26b58b7062d739 to remote] DEBUG org.asynchttpclient.netty.request.NettyRequestSender - Using pooled Channel '[id: 0x08cebd73, L:/127.0.0.1:55215 - R:localhost/127.0.0.1:51809]' for 'POST' to 'http://localhost:51809/session/8c9e5babaf846ad45f26b58b7062d739/execute/sync'
16:25:59.243 [Forwarding isElementDisplayed on session 8c9e5babaf846ad45f26b58b7062d739 to remote] DEBUG org.asynchttpclient.netty.request.NettyRequestSender - Using open Channel [id: 0x08cebd73, L:/127.0.0.1:55215 - R:localhost/127.0.0.1:51809] for POST '/session/8c9e5babaf846ad45f26b58b7062d739/execute/sync'
16:25:59.269 [AsyncHttpClient-1-5] DEBUG org.asynchttpclient.netty.handler.HttpHandler - 

Request DefaultHttpRequest(decodeResult: success, version: HTTP/1.1)
POST /session/8c9e5babaf846ad45f26b58b7062d739/execute/sync HTTP/1.1
User-Agent: selenium/4.1.2 (java windows)
Content-Length: 48780
Content-Type: application/json; charset=utf-8
host: localhost:51809
accept: */*

Response DefaultHttpResponse(decodeResult: success, version: HTTP/1.1)
HTTP/1.1 200 OK
Content-Type: application/json; charset=utf-8
cache-control: no-cache
content-length: 14

16:25:59.269 [AsyncHttpClient-1-5] DEBUG org.asynchttpclient.netty.channel.ChannelManager - Adding key: http://localhost:51809 for channel [id: 0x08cebd73, L:/127.0.0.1:55215 - R:localhost/127.0.0.1:51809]
16:25:59.273 [Forwarding screenshot on session 8c9e5babaf846ad45f26b58b7062d739 to remote] DEBUG org.asynchttpclient.netty.request.NettyRequestSender - Using pooled Channel '[id: 0x08cebd73, L:/127.0.0.1:55215 - R:localhost/127.0.0.1:51809]' for 'GET' to 'http://localhost:51809/session/8c9e5babaf846ad45f26b58b7062d739/screenshot'
16:25:59.273 [Forwarding screenshot on session 8c9e5babaf846ad45f26b58b7062d739 to remote] DEBUG org.asynchttpclient.netty.request.NettyRequestSender - Using open Channel [id: 0x08cebd73, L:/127.0.0.1:55215 - R:localhost/127.0.0.1:51809] for GET '/session/8c9e5babaf846ad45f26b58b7062d739/screenshot'
16:25:59.319 [AsyncHttpClient-1-1] DEBUG org.asynchttpclient.netty.channel.DefaultChannelPool - Entry count for : http://localhost:55216 : 1
16:25:59.382 [AsyncHttpClient-1-5] DEBUG org.asynchttpclient.netty.handler.HttpHandler - 

Request DefaultFullHttpRequest(decodeResult: success, version: HTTP/1.1, content: EmptyByteBufBE)
GET /session/8c9e5babaf846ad45f26b58b7062d739/screenshot HTTP/1.1
User-Agent: selenium/4.1.2 (java windows)
Cache-Control: no-cache
Content-Type: application/json; charset=utf-8
host: localhost:51809
accept: */*

Response DefaultHttpResponse(decodeResult: success, version: HTTP/1.1)
HTTP/1.1 200 OK
Content-Type: application/json; charset=utf-8
cache-control: no-cache
content-length: 28916

16:25:59.382 [AsyncHttpClient-1-5] DEBUG org.asynchttpclient.netty.channel.ChannelManager - Adding key: http://localhost:51809 for channel [id: 0x08cebd73, L:/127.0.0.1:55215 - R:localhost/127.0.0.1:51809]
16:25:59.382 [main] DEBUG net.serenitybdd.core.photography.Darkroom - Send negative for processing for target\site\serenity\a94b74ec3f14044a90bbbad67d9f90445b7d249304618fb523d2c16eb43c071f.png
16:25:59.382 [main] DEBUG net.thucydides.core.steps.StepInterceptor - STEP DONE: validateRatingProduct
16:25:59.382 [Darkroom Processing Line] DEBUG net.serenitybdd.core.photography.DarkroomProcessingLine - Processing screenshot image in /var/screenshots/screenshot-17719028116135905899
16:25:59.382 [Darkroom Processing Line] DEBUG net.serenitybdd.core.photography.DarkroomProcessingLine - Saving screenshot to target\site\serenity\a94b74ec3f14044a90bbbad67d9f90445b7d249304618fb523d2c16eb43c071f.png
16:25:59.386 [main] DEBUG net.thucydides.core.steps.StepInterceptor - STARTING STEP: ProductStep.iGetDetailRatingProduct - qualityRatingProduct
16:25:59.386 [Forwarding setTimeout on session 8c9e5babaf846ad45f26b58b7062d739 to remote] DEBUG org.asynchttpclient.netty.request.NettyRequestSender - Using pooled Channel '[id: 0x08cebd73, L:/127.0.0.1:55215 - R:localhost/127.0.0.1:51809]' for 'POST' to 'http://localhost:51809/session/8c9e5babaf846ad45f26b58b7062d739/timeouts'
16:25:59.386 [Forwarding setTimeout on session 8c9e5babaf846ad45f26b58b7062d739 to remote] DEBUG org.asynchttpclient.netty.request.NettyRequestSender - Using open Channel [id: 0x08cebd73, L:/127.0.0.1:55215 - R:localhost/127.0.0.1:51809] for POST '/session/8c9e5babaf846ad45f26b58b7062d739/timeouts'
16:25:59.386 [AsyncHttpClient-1-5] DEBUG org.asynchttpclient.netty.handler.HttpHandler - 

Request DefaultHttpRequest(decodeResult: success, version: HTTP/1.1)
POST /session/8c9e5babaf846ad45f26b58b7062d739/timeouts HTTP/1.1
User-Agent: selenium/4.1.2 (java windows)
Content-Length: 23
Content-Type: application/json; charset=utf-8
host: localhost:51809
accept: */*

Response DefaultHttpResponse(decodeResult: success, version: HTTP/1.1)
HTTP/1.1 200 OK
Content-Type: application/json; charset=utf-8
cache-control: no-cache
content-length: 14

16:25:59.386 [AsyncHttpClient-1-5] DEBUG org.asynchttpclient.netty.channel.ChannelManager - Adding key: http://localhost:51809 for channel [id: 0x08cebd73, L:/127.0.0.1:55215 - R:localhost/127.0.0.1:51809]
16:25:59.386 [main] DEBUG net.thucydides.core.steps.StepInterceptor - STEP DONE: qualityRatingProduct
  &amp#27;[32mThen &amp#27;[0m&amp#27;[32mI get detail rating product&amp#27;[0m    &amp#27;[90m# Starter.StepDefinitions.ProductStep.iGetDetailRatingProduct()&amp#27;[0m
16:25:59.386 [main] INFO  - 
  _____   ___   ___   _____     ___     _     ___   ___   ___   ___  
 |_   _| | __| / __| |_   _|   | _ \   /_\   / __| / __| | __| |   \ 
   | |   | _|  \__ \   | |     |  _/  / _ \  \__ \ \__ \ | _|  | |) |
   |_|   |___| |___/   |_|     |_|   /_/ \_\ |___/ |___/ |___| |___/ 

Rating Product AltaShop
----------------------------------------------------------------------
16:25:59.399 [AsyncHttpClient-1-7] DEBUG org.asynchttpclient.netty.handler.WebSocketHandler - Channel Closed: [id: 0x756da33a, L:/127.0.0.1:55223 ! R:localhost/127.0.0.1:55216] with attribute NettyResponseFuture{currentRetry=5,
	isDone=1,
	isCancelled=0,
	asyncHandler=org.asynchttpclient.ws.WebSocketUpgradeHandler@72c99c6d,
	nettyRequest=org.asynchttpclient.netty.request.NettyRequest@521d7c6,
	future=java.util.concurrent.CompletableFuture@22b3149e[Completed normally],
	uri=ws://localhost:55216/devtools/browser/9993d4d1-e88f-4186-90a6-e6d19d310505,
	keepAlive=true,
	redirectCount=0,
	timeoutsHolder=null,
	inAuth=0,
	touch=1653038755973}
16:25:59.399 [AsyncHttpClient-1-7] DEBUG org.asynchttpclient.netty.channel.ChannelManager - Closing Channel [id: 0x756da33a, L:/127.0.0.1:55223 ! R:localhost/127.0.0.1:55216] 
16:25:59.400 [Driver Command Executor] DEBUG org.asynchttpclient.netty.request.NettyRequestSender - Using pooled Channel '[id: 0x08cebd73, L:/127.0.0.1:55215 - R:localhost/127.0.0.1:51809]' for 'DELETE' to 'http://localhost:51809/session/8c9e5babaf846ad45f26b58b7062d739'
16:25:59.400 [Driver Command Executor] DEBUG org.asynchttpclient.netty.request.NettyRequestSender - Using open Channel [id: 0x08cebd73, L:/127.0.0.1:55215 - R:localhost/127.0.0.1:51809] for DELETE '/session/8c9e5babaf846ad45f26b58b7062d739'
16:25:59.575 [AsyncHttpClient-1-6] DEBUG org.asynchttpclient.netty.handler.HttpHandler - Unexpected I/O exception on channel [id: 0x2bb30aeb, L:/127.0.0.1:55222 - R:localhost/127.0.0.1:55216]
java.net.SocketException: Connection reset
	at java.base/sun.nio.ch.SocketChannelImpl.throwConnectionReset(SocketChannelImpl.java:367)
	at java.base/sun.nio.ch.SocketChannelImpl.read(SocketChannelImpl.java:398)
	at io.netty.buffer.PooledByteBuf.setBytes(PooledByteBuf.java:258)
	at io.netty.buffer.AbstractByteBuf.writeBytes(AbstractByteBuf.java:1132)
	at io.netty.channel.socket.nio.NioSocketChannel.doReadBytes(NioSocketChannel.java:350)
	at io.netty.channel.nio.AbstractNioByteChannel$NioByteUnsafe.read(AbstractNioByteChannel.java:151)
	at io.netty.channel.nio.NioEventLoop.processSelectedKey(NioEventLoop.java:722)
	at io.netty.channel.nio.NioEventLoop.processSelectedKeysOptimized(NioEventLoop.java:658)
	at io.netty.channel.nio.NioEventLoop.processSelectedKeys(NioEventLoop.java:584)
	at io.netty.channel.nio.NioEventLoop.run(NioEventLoop.java:496)
	at io.netty.util.concurrent.SingleThreadEventExecutor$4.run(SingleThreadEventExecutor.java:986)
	at io.netty.util.internal.ThreadExecutorMap$2.run(ThreadExecutorMap.java:74)
	at io.netty.util.concurrent.FastThreadLocalRunnable.run(FastThreadLocalRunnable.java:30)
	at java.base/java.lang.Thread.run(Thread.java:832)
16:25:59.576 [AsyncHttpClient-1-6] DEBUG org.asynchttpclient.netty.channel.ChannelManager - Closing Channel [id: 0x2bb30aeb, L:/127.0.0.1:55222 - R:localhost/127.0.0.1:55216] 
16:25:59.576 [AsyncHttpClient-1-6] DEBUG org.asynchttpclient.netty.handler.HttpHandler - Channel Closed: [id: 0x2bb30aeb, L:/127.0.0.1:55222 ! R:localhost/127.0.0.1:55216] with attribute DISCARD
16:25:59.587 [AsyncHttpClient-1-5] DEBUG org.asynchttpclient.netty.handler.HttpHandler - 

Request DefaultFullHttpRequest(decodeResult: success, version: HTTP/1.1, content: EmptyByteBufBE)
DELETE /session/8c9e5babaf846ad45f26b58b7062d739 HTTP/1.1
User-Agent: selenium/4.1.2 (java windows)
Content-Type: application/json; charset=utf-8
host: localhost:51809
accept: */*

Response DefaultHttpResponse(decodeResult: success, version: HTTP/1.1)
HTTP/1.1 200 OK
Content-Type: application/json; charset=utf-8
cache-control: no-cache
content-length: 14

16:25:59.587 [AsyncHttpClient-1-5] DEBUG org.asynchttpclient.netty.channel.ChannelManager - Adding key: http://localhost:51809 for channel [id: 0x08cebd73, L:/127.0.0.1:55215 - R:localhost/127.0.0.1:51809]
16:25:59.708 [AsyncHttpClient-1-5] DEBUG org.asynchttpclient.netty.handler.HttpHandler - Channel Closed: [id: 0x08cebd73, L:/127.0.0.1:55215 ! R:localhost/127.0.0.1:51809] with attribute DISCARD
]]></system-out>
    <system-err><![CDATA[Starting ChromeDriver 101.0.4951.41 (93c720db8323b3ec10d056025ab95c23a31997c9-refs/branch-heads/4951@{#904}) on port 51809
Only local connections are allowed.
Please see https://chromedriver.chromium.org/security-considerations for suggestions on keeping ChromeDriver safe.
ChromeDriver was started successfully.
May 20, 2022 4:25:55 PM org.openqa.selenium.remote.ProtocolHandshake createSession
INFO: Detected dialect: W3C
May 20, 2022 4:25:55 PM org.openqa.selenium.devtools.CdpVersionFinder findNearestMatch
WARNING: Unable to find an exact match for CDP version 101, so returning the closest version found: 97
May 20, 2022 4:25:55 PM org.openqa.selenium.devtools.CdpVersionFinder findNearestMatch
INFO: Found CDP implementation for version 101 of 97
]]></system-err>
  </testcase>
  <testcase name="Register scenario #1" classname="Register" time="5.799">
    <system-out><![CDATA[16:26:00.232 [main] INFO io.cucumber.core.plugin.SerenityReporter - Running feature from file:///D:/data%20hakim/Mini%20Project%20Alterra/WebAlta/src/test/resources/features/Register.feature
16:26:00.235 [main] DEBUG net.thucydides.core.steps.StepEventBus - Test suite started for story net.thucydides.core.model.Story@30e75088
16:26:00.235 [main] INFO  - Test Suite Started: Register

@Register
Scenario Outline: Register scenario &amp#27;[90m# src/test/resources/features/Register.feature:17&amp#27;[0m
16:26:00.235 [main] INFO io.cucumber.core.plugin.SerenityReporter - Running feature from file:///D:/data%20hakim/Mini%20Project%20Alterra/WebAlta/src/test/resources/features/Register.feature
16:26:00.246 [main] INFO  - 
  _____   ___   ___   _____     ___   _____     _     ___   _____   ___   ___  
 |_   _| | __| / __| |_   _|   / __| |_   _|   /_\   | _ \ |_   _| | __| |   \ 
   | |   | _|  \__ \   | |     \__ \   | |    / _ \  |   /   | |   | _|  | |) |
   |_|   |___| |___/   |_|     |___/   |_|   /_/ \_\ |_|_\   |_|   |___| |___/ 

Register scenario(register;register-scenario)
--------------------------------------------------------------------------------
16:26:00.373 [main] INFO net.serenitybdd.core.webdriver.driverproviders.ChromeDriverProvider - Using automatically driver download
16:26:00.417 [AsyncHttpClient-1-1] DEBUG org.asynchttpclient.netty.channel.DefaultChannelPool - Entry count for : http://localhost:55216 : 1
16:26:00.417 [AsyncHttpClient-1-1] DEBUG org.asynchttpclient.netty.channel.DefaultChannelPool - Entry count for : http://localhost:51809 : 1
16:26:00.417 [AsyncHttpClient-1-1] DEBUG org.asynchttpclient.netty.channel.DefaultChannelPool - Adding Candidate expired Channel [id: 0x2bb30aeb, L:/127.0.0.1:55222 ! R:localhost/127.0.0.1:55216] isIdleTimeoutExpired=false isRemotelyClosed=true isTtlExpired=false
16:26:00.417 [AsyncHttpClient-1-1] DEBUG org.asynchttpclient.netty.channel.DefaultChannelPool - Closing Idle Channel [id: 0x2bb30aeb, L:/127.0.0.1:55222 ! R:localhost/127.0.0.1:55216]
16:26:00.417 [AsyncHttpClient-1-1] DEBUG org.asynchttpclient.netty.channel.DefaultChannelPool - Adding Candidate expired Channel [id: 0x08cebd73, L:/127.0.0.1:55215 ! R:localhost/127.0.0.1:51809] isIdleTimeoutExpired=false isRemotelyClosed=true isTtlExpired=false
16:26:00.417 [AsyncHttpClient-1-1] DEBUG org.asynchttpclient.netty.channel.DefaultChannelPool - Closing Idle Channel [id: 0x08cebd73, L:/127.0.0.1:55215 ! R:localhost/127.0.0.1:51809]
16:26:00.417 [AsyncHttpClient-1-1] DEBUG org.asynchttpclient.netty.channel.DefaultChannelPool - Closed 2 connections out of 2 in 0 ms
16:26:00.485 [main] DEBUG io.github.bonigarcia.wdm.cache.ResolutionCache - Resolution chrome=101 in cache (valid until 17:18:55 20/05/2022 WIB)
16:26:00.485 [main] DEBUG io.github.bonigarcia.wdm.cache.ResolutionCache - Resolution chrome101=101.0.4951.41 in cache (valid until 21:21:16 20/05/2022 WIB)
16:26:00.485 [main] INFO io.github.bonigarcia.wdm.WebDriverManager - Using chromedriver 101.0.4951.41 (resolved driver for Chrome 101)
16:26:00.505 [main] DEBUG io.github.bonigarcia.wdm.WebDriverManager - Driver chromedriver 101.0.4951.41 found in cache
16:26:00.505 [main] INFO io.github.bonigarcia.wdm.WebDriverManager - Exporting webdriver.chrome.driver as C:\Users\hp pc\.cache\selenium\chromedriver\win32\101.0.4951.41\chromedriver.exe
16:26:00.624 [main] DEBUG net.serenitybdd.core.webdriver.driverproviders.ProvideNewDriver - Instantiating driver
16:26:00.624 [main] DEBUG net.serenitybdd.core.webdriver.driverproviders.ProvideNewDriver - Driver capabilities: Capabilities {acceptInsecureCerts: false, base.url: https://qa.alta.id/, browserName: chrome, chrome.driver: src/test/resources/webdrive..., driver: chrome, goog:chromeOptions: {args: [], extensions: []}}
16:26:01.154 [AsyncHttpClient-1-8] DEBUG org.asynchttpclient.netty.channel.NettyConnectListener - Using new Channel '[id: 0x9d58809e, L:/127.0.0.1:55241 - R:localhost/127.0.0.1:55781]' for 'POST' to '/session'
16:26:01.937 [AsyncHttpClient-1-8] DEBUG org.asynchttpclient.netty.handler.HttpHandler - 

Request DefaultHttpRequest(decodeResult: success, version: HTTP/1.1)
POST /session HTTP/1.1
User-Agent: selenium/4.1.2 (java windows)
Content-Length: 605
Content-Type: application/json; charset=utf-8
host: localhost:55781
accept: */*

Response DefaultHttpResponse(decodeResult: success, version: HTTP/1.1)
HTTP/1.1 200 OK
Content-Type: application/json; charset=utf-8
cache-control: no-cache
content-length: 791

16:26:01.937 [AsyncHttpClient-1-8] DEBUG org.asynchttpclient.netty.channel.ChannelManager - Adding key: http://localhost:55781 for channel [id: 0x9d58809e, L:/127.0.0.1:55241 - R:localhost/127.0.0.1:55781]
16:26:01.944 [AsyncHttpClient-1-9] DEBUG org.asynchttpclient.netty.channel.NettyConnectListener - Using new Channel '[id: 0x0f272051, L:/127.0.0.1:55248 - R:localhost/127.0.0.1:55242]' for 'GET' to '/json/version'
16:26:01.944 [AsyncHttpClient-1-9] DEBUG org.asynchttpclient.netty.handler.HttpHandler - 

Request DefaultFullHttpRequest(decodeResult: success, version: HTTP/1.1, content: EmptyByteBufBE)
GET /json/version HTTP/1.1
User-Agent: selenium/4.1.2 (java windows)
host: localhost:55242
accept: */*

Response DefaultHttpResponse(decodeResult: success, version: HTTP/1.1)
HTTP/1.1 200 OK
Content-Type: application/json; charset=UTF-8
content-length: 427

16:26:01.944 [AsyncHttpClient-1-9] DEBUG org.asynchttpclient.netty.channel.ChannelManager - Adding key: http://localhost:55242 for channel [id: 0x0f272051, L:/127.0.0.1:55248 - R:localhost/127.0.0.1:55242]
16:26:01.946 [AsyncHttpClient-1-2] DEBUG org.asynchttpclient.netty.channel.NettyConnectListener - Using new Channel '[id: 0x1def122c, L:/127.0.0.1:55249 - R:localhost/127.0.0.1:55242]' for 'GET' to '/devtools/browser/b57f37a3-ca6f-4129-a44e-5378ae0f06c5'
16:26:01.947 [AsyncHttpClient-1-2] DEBUG org.asynchttpclient.netty.handler.WebSocketHandler - 

Request DefaultFullHttpRequest(decodeResult: success, version: HTTP/1.1, content: EmptyByteBufBE)
GET /devtools/browser/b57f37a3-ca6f-4129-a44e-5378ae0f06c5 HTTP/1.1
upgrade: websocket
connection: upgrade
sec-websocket-key: IadIY7TpXPZQxu1fU91OtA==
sec-websocket-version: 13
origin: http://localhost:55242
host: localhost:55242
accept: */*
user-agent: AHC/2.1

Response DefaultHttpResponse(decodeResult: success, version: HTTP/1.1)
HTTP/1.1 101 WebSocket Protocol Handshake
Upgrade: WebSocket
Connection: Upgrade
Sec-WebSocket-Accept: OSXgRgwkk1cIIQZ95XCdsrLIxkY=

16:26:01.947 [Forwarding maximizeCurrentWindow on session c7184d14ecc00db22ae574c2b766538f to remote] DEBUG org.asynchttpclient.netty.request.NettyRequestSender - Using pooled Channel '[id: 0x9d58809e, L:/127.0.0.1:55241 - R:localhost/127.0.0.1:55781]' for 'POST' to 'http://localhost:55781/session/c7184d14ecc00db22ae574c2b766538f/window/maximize'
16:26:01.947 [Forwarding maximizeCurrentWindow on session c7184d14ecc00db22ae574c2b766538f to remote] DEBUG org.asynchttpclient.netty.request.NettyRequestSender - Using open Channel [id: 0x9d58809e, L:/127.0.0.1:55241 - R:localhost/127.0.0.1:55781] for POST '/session/c7184d14ecc00db22ae574c2b766538f/window/maximize'
16:26:02.075 [AsyncHttpClient-1-8] DEBUG org.asynchttpclient.netty.handler.HttpHandler - 

Request DefaultHttpRequest(decodeResult: success, version: HTTP/1.1)
POST /session/c7184d14ecc00db22ae574c2b766538f/window/maximize HTTP/1.1
User-Agent: selenium/4.1.2 (java windows)
Content-Length: 3
Content-Type: application/json; charset=utf-8
host: localhost:55781
accept: */*

Response DefaultHttpResponse(decodeResult: success, version: HTTP/1.1)
HTTP/1.1 200 OK
Content-Type: application/json; charset=utf-8
cache-control: no-cache
content-length: 51

16:26:02.075 [AsyncHttpClient-1-8] DEBUG org.asynchttpclient.netty.channel.ChannelManager - Adding key: http://localhost:55781 for channel [id: 0x9d58809e, L:/127.0.0.1:55241 - R:localhost/127.0.0.1:55781]
16:26:02.076 [Forwarding get on session c7184d14ecc00db22ae574c2b766538f to remote] DEBUG org.asynchttpclient.netty.request.NettyRequestSender - Using pooled Channel '[id: 0x9d58809e, L:/127.0.0.1:55241 - R:localhost/127.0.0.1:55781]' for 'POST' to 'http://localhost:55781/session/c7184d14ecc00db22ae574c2b766538f/url'
16:26:02.076 [Forwarding get on session c7184d14ecc00db22ae574c2b766538f to remote] DEBUG org.asynchttpclient.netty.request.NettyRequestSender - Using open Channel [id: 0x9d58809e, L:/127.0.0.1:55241 - R:localhost/127.0.0.1:55781] for POST '/session/c7184d14ecc00db22ae574c2b766538f/url'
16:26:02.617 [AsyncHttpClient-1-1] DEBUG org.asynchttpclient.netty.channel.DefaultChannelPool - Entry count for : http://localhost:55242 : 1
16:26:02.936 [AsyncHttpClient-1-8] DEBUG org.asynchttpclient.netty.handler.HttpHandler - 

Request DefaultHttpRequest(decodeResult: success, version: HTTP/1.1)
POST /session/c7184d14ecc00db22ae574c2b766538f/url HTTP/1.1
User-Agent: selenium/4.1.2 (java windows)
Content-Length: 67
Content-Type: application/json; charset=utf-8
host: localhost:55781
accept: */*

Response DefaultHttpResponse(decodeResult: success, version: HTTP/1.1)
HTTP/1.1 200 OK
Content-Type: application/json; charset=utf-8
cache-control: no-cache
content-length: 14

16:26:02.936 [AsyncHttpClient-1-8] DEBUG org.asynchttpclient.netty.channel.ChannelManager - Adding key: http://localhost:55781 for channel [id: 0x9d58809e, L:/127.0.0.1:55241 - R:localhost/127.0.0.1:55781]
16:26:02.936 [Forwarding setTimeout on session c7184d14ecc00db22ae574c2b766538f to remote] DEBUG org.asynchttpclient.netty.request.NettyRequestSender - Using pooled Channel '[id: 0x9d58809e, L:/127.0.0.1:55241 - R:localhost/127.0.0.1:55781]' for 'POST' to 'http://localhost:55781/session/c7184d14ecc00db22ae574c2b766538f/timeouts'
16:26:02.936 [Forwarding setTimeout on session c7184d14ecc00db22ae574c2b766538f to remote] DEBUG org.asynchttpclient.netty.request.NettyRequestSender - Using open Channel [id: 0x9d58809e, L:/127.0.0.1:55241 - R:localhost/127.0.0.1:55781] for POST '/session/c7184d14ecc00db22ae574c2b766538f/timeouts'
16:26:02.938 [AsyncHttpClient-1-8] DEBUG org.asynchttpclient.netty.handler.HttpHandler - 

Request DefaultHttpRequest(decodeResult: success, version: HTTP/1.1)
POST /session/c7184d14ecc00db22ae574c2b766538f/timeouts HTTP/1.1
User-Agent: selenium/4.1.2 (java windows)
Content-Length: 23
Content-Type: application/json; charset=utf-8
host: localhost:55781
accept: */*

Response DefaultHttpResponse(decodeResult: success, version: HTTP/1.1)
HTTP/1.1 200 OK
Content-Type: application/json; charset=utf-8
cache-control: no-cache
content-length: 14

16:26:02.939 [AsyncHttpClient-1-8] DEBUG org.asynchttpclient.netty.channel.ChannelManager - Adding key: http://localhost:55781 for channel [id: 0x9d58809e, L:/127.0.0.1:55241 - R:localhost/127.0.0.1:55781]
16:26:02.939 [Forwarding getCurrentUrl on session c7184d14ecc00db22ae574c2b766538f to remote] DEBUG org.asynchttpclient.netty.request.NettyRequestSender - Using pooled Channel '[id: 0x9d58809e, L:/127.0.0.1:55241 - R:localhost/127.0.0.1:55781]' for 'GET' to 'http://localhost:55781/session/c7184d14ecc00db22ae574c2b766538f/url'
16:26:02.939 [Forwarding getCurrentUrl on session c7184d14ecc00db22ae574c2b766538f to remote] DEBUG org.asynchttpclient.netty.request.NettyRequestSender - Using open Channel [id: 0x9d58809e, L:/127.0.0.1:55241 - R:localhost/127.0.0.1:55781] for GET '/session/c7184d14ecc00db22ae574c2b766538f/url'
16:26:02.946 [AsyncHttpClient-1-8] DEBUG org.asynchttpclient.netty.handler.HttpHandler - 

Request DefaultFullHttpRequest(decodeResult: success, version: HTTP/1.1, content: EmptyByteBufBE)
GET /session/c7184d14ecc00db22ae574c2b766538f/url HTTP/1.1
User-Agent: selenium/4.1.2 (java windows)
Cache-Control: no-cache
Content-Type: application/json; charset=utf-8
host: localhost:55781
accept: */*

Response DefaultHttpResponse(decodeResult: success, version: HTTP/1.1)
HTTP/1.1 200 OK
Content-Type: application/json; charset=utf-8
cache-control: no-cache
content-length: 44

16:26:02.946 [AsyncHttpClient-1-8] DEBUG org.asynchttpclient.netty.channel.ChannelManager - Adding key: http://localhost:55781 for channel [id: 0x9d58809e, L:/127.0.0.1:55241 - R:localhost/127.0.0.1:55781]
16:26:02.946 [main] DEBUG net.serenitybdd.core.photography.Darkroom - Opening darkroom
16:26:02.946 [Forwarding screenshot on session c7184d14ecc00db22ae574c2b766538f to remote] DEBUG org.asynchttpclient.netty.request.NettyRequestSender - Using pooled Channel '[id: 0x9d58809e, L:/127.0.0.1:55241 - R:localhost/127.0.0.1:55781]' for 'GET' to 'http://localhost:55781/session/c7184d14ecc00db22ae574c2b766538f/screenshot'
16:26:02.946 [Forwarding screenshot on session c7184d14ecc00db22ae574c2b766538f to remote] DEBUG org.asynchttpclient.netty.request.NettyRequestSender - Using open Channel [id: 0x9d58809e, L:/127.0.0.1:55241 - R:localhost/127.0.0.1:55781] for GET '/session/c7184d14ecc00db22ae574c2b766538f/screenshot'
16:26:02.960 [Darkroom Processing Line] DEBUG net.serenitybdd.core.photography.DarkroomProcessingLine - Darkroom processing line starting up
16:26:03.106 [AsyncHttpClient-1-8] DEBUG org.asynchttpclient.netty.handler.HttpHandler - 

Request DefaultFullHttpRequest(decodeResult: success, version: HTTP/1.1, content: EmptyByteBufBE)
GET /session/c7184d14ecc00db22ae574c2b766538f/screenshot HTTP/1.1
User-Agent: selenium/4.1.2 (java windows)
Cache-Control: no-cache
Content-Type: application/json; charset=utf-8
host: localhost:55781
accept: */*

Response DefaultHttpResponse(decodeResult: success, version: HTTP/1.1)
HTTP/1.1 200 OK
Content-Type: application/json; charset=utf-8
cache-control: no-cache
content-length: 29612

16:26:03.106 [AsyncHttpClient-1-8] DEBUG org.asynchttpclient.netty.channel.ChannelManager - Adding key: http://localhost:55781 for channel [id: 0x9d58809e, L:/127.0.0.1:55241 - R:localhost/127.0.0.1:55781]
16:26:03.106 [main] DEBUG net.serenitybdd.core.photography.Darkroom - Send negative for processing for target\site\serenity\fbcccbfc142cbf792a2bfdff1d2e9f24344bbc61d767f43922554c6ad0002405.png
16:26:03.106 [main] DEBUG net.thucydides.core.steps.StepInterceptor - STARTING STEP: RegisterStep.iAmOnTheRegisterPage - validateOnRegisterPage
16:26:03.106 [Darkroom Processing Line] DEBUG net.serenitybdd.core.photography.DarkroomProcessingLine - Processing screenshot image in /var/screenshots/screenshot-18385874586487086737
16:26:03.106 [Darkroom Processing Line] DEBUG net.serenitybdd.core.photography.DarkroomProcessingLine - Saving screenshot to target\site\serenity\fbcccbfc142cbf792a2bfdff1d2e9f24344bbc61d767f43922554c6ad0002405.png
16:26:03.115 [Forwarding findElement on session c7184d14ecc00db22ae574c2b766538f to remote] DEBUG org.asynchttpclient.netty.request.NettyRequestSender - Using pooled Channel '[id: 0x9d58809e, L:/127.0.0.1:55241 - R:localhost/127.0.0.1:55781]' for 'POST' to 'http://localhost:55781/session/c7184d14ecc00db22ae574c2b766538f/element'
16:26:03.115 [Forwarding findElement on session c7184d14ecc00db22ae574c2b766538f to remote] DEBUG org.asynchttpclient.netty.request.NettyRequestSender - Using open Channel [id: 0x9d58809e, L:/127.0.0.1:55241 - R:localhost/127.0.0.1:55781] for POST '/session/c7184d14ecc00db22ae574c2b766538f/element'
16:26:03.116 [AsyncHttpClient-1-8] DEBUG org.asynchttpclient.netty.handler.HttpHandler - 

Request DefaultHttpRequest(decodeResult: success, version: HTTP/1.1)
POST /session/c7184d14ecc00db22ae574c2b766538f/element HTTP/1.1
User-Agent: selenium/4.1.2 (java windows)
Content-Length: 164
Content-Type: application/json; charset=utf-8
host: localhost:55781
accept: */*

Response DefaultHttpResponse(decodeResult: success, version: HTTP/1.1)
HTTP/1.1 200 OK
Content-Type: application/json; charset=utf-8
cache-control: no-cache
content-length: 88

16:26:03.116 [AsyncHttpClient-1-8] DEBUG org.asynchttpclient.netty.channel.ChannelManager - Adding key: http://localhost:55781 for channel [id: 0x9d58809e, L:/127.0.0.1:55241 - R:localhost/127.0.0.1:55781]
16:26:03.116 [Forwarding isElementDisplayed on session c7184d14ecc00db22ae574c2b766538f to remote] DEBUG org.asynchttpclient.netty.request.NettyRequestSender - Using pooled Channel '[id: 0x9d58809e, L:/127.0.0.1:55241 - R:localhost/127.0.0.1:55781]' for 'POST' to 'http://localhost:55781/session/c7184d14ecc00db22ae574c2b766538f/execute/sync'
16:26:03.116 [Forwarding isElementDisplayed on session c7184d14ecc00db22ae574c2b766538f to remote] DEBUG org.asynchttpclient.netty.request.NettyRequestSender - Using open Channel [id: 0x9d58809e, L:/127.0.0.1:55241 - R:localhost/127.0.0.1:55781] for POST '/session/c7184d14ecc00db22ae574c2b766538f/execute/sync'
16:26:03.143 [AsyncHttpClient-1-8] DEBUG org.asynchttpclient.netty.handler.HttpHandler - 

Request DefaultHttpRequest(decodeResult: success, version: HTTP/1.1)
POST /session/c7184d14ecc00db22ae574c2b766538f/execute/sync HTTP/1.1
User-Agent: selenium/4.1.2 (java windows)
Content-Length: 48780
Content-Type: application/json; charset=utf-8
host: localhost:55781
accept: */*

Response DefaultHttpResponse(decodeResult: success, version: HTTP/1.1)
HTTP/1.1 200 OK
Content-Type: application/json; charset=utf-8
cache-control: no-cache
content-length: 14

16:26:03.143 [AsyncHttpClient-1-8] DEBUG org.asynchttpclient.netty.channel.ChannelManager - Adding key: http://localhost:55781 for channel [id: 0x9d58809e, L:/127.0.0.1:55241 - R:localhost/127.0.0.1:55781]
16:26:03.147 [main] DEBUG net.thucydides.core.steps.StepInterceptor - STEP DONE: validateOnRegisterPage
  &amp#27;[32mGiven &amp#27;[0m&amp#27;[32mI am on the register page&amp#27;[0m   &amp#27;[90m# Starter.StepDefinitions.RegisterStep.iAmOnTheRegisterPage()&amp#27;[0m
16:26:03.155 [main] DEBUG net.thucydides.core.steps.StepInterceptor - STARTING STEP: RegisterStep.iInputFullName - inputFullName
16:26:03.155 [Forwarding findElement on session c7184d14ecc00db22ae574c2b766538f to remote] DEBUG org.asynchttpclient.netty.request.NettyRequestSender - Using pooled Channel '[id: 0x9d58809e, L:/127.0.0.1:55241 - R:localhost/127.0.0.1:55781]' for 'POST' to 'http://localhost:55781/session/c7184d14ecc00db22ae574c2b766538f/element'
16:26:03.155 [Forwarding findElement on session c7184d14ecc00db22ae574c2b766538f to remote] DEBUG org.asynchttpclient.netty.request.NettyRequestSender - Using open Channel [id: 0x9d58809e, L:/127.0.0.1:55241 - R:localhost/127.0.0.1:55781] for POST '/session/c7184d14ecc00db22ae574c2b766538f/element'
16:26:03.170 [AsyncHttpClient-1-8] DEBUG org.asynchttpclient.netty.handler.HttpHandler - 

Request DefaultHttpRequest(decodeResult: success, version: HTTP/1.1)
POST /session/c7184d14ecc00db22ae574c2b766538f/element HTTP/1.1
User-Agent: selenium/4.1.2 (java windows)
Content-Length: 98
Content-Type: application/json; charset=utf-8
host: localhost:55781
accept: */*

Response DefaultHttpResponse(decodeResult: success, version: HTTP/1.1)
HTTP/1.1 200 OK
Content-Type: application/json; charset=utf-8
cache-control: no-cache
content-length: 88

16:26:03.170 [AsyncHttpClient-1-8] DEBUG org.asynchttpclient.netty.channel.ChannelManager - Adding key: http://localhost:55781 for channel [id: 0x9d58809e, L:/127.0.0.1:55241 - R:localhost/127.0.0.1:55781]
16:26:03.172 [Forwarding clearElement on session c7184d14ecc00db22ae574c2b766538f to remote] DEBUG org.asynchttpclient.netty.request.NettyRequestSender - Using pooled Channel '[id: 0x9d58809e, L:/127.0.0.1:55241 - R:localhost/127.0.0.1:55781]' for 'POST' to 'http://localhost:55781/session/c7184d14ecc00db22ae574c2b766538f/element/8ecd75f3-f4ba-4121-85ac-78852b63edc1/clear'
16:26:03.172 [Forwarding clearElement on session c7184d14ecc00db22ae574c2b766538f to remote] DEBUG org.asynchttpclient.netty.request.NettyRequestSender - Using open Channel [id: 0x9d58809e, L:/127.0.0.1:55241 - R:localhost/127.0.0.1:55781] for POST '/session/c7184d14ecc00db22ae574c2b766538f/element/8ecd75f3-f4ba-4121-85ac-78852b63edc1/clear'
16:26:03.209 [AsyncHttpClient-1-8] DEBUG org.asynchttpclient.netty.handler.HttpHandler - 

Request DefaultHttpRequest(decodeResult: success, version: HTTP/1.1)
POST /session/c7184d14ecc00db22ae574c2b766538f/element/8ecd75f3-f4ba-4121-85ac-78852b63edc1/clear HTTP/1.1
User-Agent: selenium/4.1.2 (java windows)
Content-Length: 50
Content-Type: application/json; charset=utf-8
host: localhost:55781
accept: */*

Response DefaultHttpResponse(decodeResult: success, version: HTTP/1.1)
HTTP/1.1 200 OK
Content-Type: application/json; charset=utf-8
cache-control: no-cache
content-length: 14

16:26:03.209 [AsyncHttpClient-1-8] DEBUG org.asynchttpclient.netty.channel.ChannelManager - Adding key: http://localhost:55781 for channel [id: 0x9d58809e, L:/127.0.0.1:55241 - R:localhost/127.0.0.1:55781]
16:26:03.210 [Forwarding sendKeysToElement on session c7184d14ecc00db22ae574c2b766538f to remote] DEBUG org.asynchttpclient.netty.request.NettyRequestSender - Using pooled Channel '[id: 0x9d58809e, L:/127.0.0.1:55241 - R:localhost/127.0.0.1:55781]' for 'POST' to 'http://localhost:55781/session/c7184d14ecc00db22ae574c2b766538f/element/8ecd75f3-f4ba-4121-85ac-78852b63edc1/value'
16:26:03.210 [Forwarding sendKeysToElement on session c7184d14ecc00db22ae574c2b766538f to remote] DEBUG org.asynchttpclient.netty.request.NettyRequestSender - Using open Channel [id: 0x9d58809e, L:/127.0.0.1:55241 - R:localhost/127.0.0.1:55781] for POST '/session/c7184d14ecc00db22ae574c2b766538f/element/8ecd75f3-f4ba-4121-85ac-78852b63edc1/value'
16:26:03.299 [AsyncHttpClient-1-8] DEBUG org.asynchttpclient.netty.handler.HttpHandler - 

Request DefaultHttpRequest(decodeResult: success, version: HTTP/1.1)
POST /session/c7184d14ecc00db22ae574c2b766538f/element/8ecd75f3-f4ba-4121-85ac-78852b63edc1/value HTTP/1.1
User-Agent: selenium/4.1.2 (java windows)
Content-Length: 151
Content-Type: application/json; charset=utf-8
host: localhost:55781
accept: */*

Response DefaultHttpResponse(decodeResult: success, version: HTTP/1.1)
HTTP/1.1 200 OK
Content-Type: application/json; charset=utf-8
cache-control: no-cache
content-length: 14

16:26:03.299 [AsyncHttpClient-1-8] DEBUG org.asynchttpclient.netty.channel.ChannelManager - Adding key: http://localhost:55781 for channel [id: 0x9d58809e, L:/127.0.0.1:55241 - R:localhost/127.0.0.1:55781]
16:26:03.307 [Forwarding screenshot on session c7184d14ecc00db22ae574c2b766538f to remote] DEBUG org.asynchttpclient.netty.request.NettyRequestSender - Using pooled Channel '[id: 0x9d58809e, L:/127.0.0.1:55241 - R:localhost/127.0.0.1:55781]' for 'GET' to 'http://localhost:55781/session/c7184d14ecc00db22ae574c2b766538f/screenshot'
16:26:03.307 [Forwarding screenshot on session c7184d14ecc00db22ae574c2b766538f to remote] DEBUG org.asynchttpclient.netty.request.NettyRequestSender - Using open Channel [id: 0x9d58809e, L:/127.0.0.1:55241 - R:localhost/127.0.0.1:55781] for GET '/session/c7184d14ecc00db22ae574c2b766538f/screenshot'
16:26:03.475 [AsyncHttpClient-1-8] DEBUG org.asynchttpclient.netty.handler.HttpHandler - 

Request DefaultFullHttpRequest(decodeResult: success, version: HTTP/1.1, content: EmptyByteBufBE)
GET /session/c7184d14ecc00db22ae574c2b766538f/screenshot HTTP/1.1
User-Agent: selenium/4.1.2 (java windows)
Cache-Control: no-cache
Content-Type: application/json; charset=utf-8
host: localhost:55781
accept: */*

Response DefaultHttpResponse(decodeResult: success, version: HTTP/1.1)
HTTP/1.1 200 OK
Content-Type: application/json; charset=utf-8
cache-control: no-cache
content-length: 30856

16:26:03.475 [AsyncHttpClient-1-8] DEBUG org.asynchttpclient.netty.channel.ChannelManager - Adding key: http://localhost:55781 for channel [id: 0x9d58809e, L:/127.0.0.1:55241 - R:localhost/127.0.0.1:55781]
16:26:03.475 [main] DEBUG net.serenitybdd.core.photography.Darkroom - Send negative for processing for target\site\serenity\bac936d2ce90c8cf3266887503f25f7278ff35bc68b761fea9b613ced8196bcb.png
16:26:03.475 [main] DEBUG net.thucydides.core.steps.StepInterceptor - STEP DONE: inputFullName
  &amp#27;[32mWhen &amp#27;[0m&amp#27;[32mI input &amp#27;[0m&amp#27;[32m&amp#27;[1m"Hakim01"&amp#27;[0m&amp#27;[32m fullName&amp#27;[0m   &amp#27;[90m# Starter.StepDefinitions.RegisterStep.iInputFullName(java.lang.String)&amp#27;[0m
16:26:03.475 [Darkroom Processing Line] DEBUG net.serenitybdd.core.photography.DarkroomProcessingLine - Processing screenshot image in /var/screenshots/screenshot-8101329228610310734
16:26:03.475 [Darkroom Processing Line] DEBUG net.serenitybdd.core.photography.DarkroomProcessingLine - Saving screenshot to target\site\serenity\bac936d2ce90c8cf3266887503f25f7278ff35bc68b761fea9b613ced8196bcb.png
16:26:03.491 [main] DEBUG net.thucydides.core.steps.StepInterceptor - STARTING STEP: RegisterStep.iInputEmail - inputEmail
16:26:03.491 [Forwarding findElement on session c7184d14ecc00db22ae574c2b766538f to remote] DEBUG org.asynchttpclient.netty.request.NettyRequestSender - Using pooled Channel '[id: 0x9d58809e, L:/127.0.0.1:55241 - R:localhost/127.0.0.1:55781]' for 'POST' to 'http://localhost:55781/session/c7184d14ecc00db22ae574c2b766538f/element'
16:26:03.491 [Forwarding findElement on session c7184d14ecc00db22ae574c2b766538f to remote] DEBUG org.asynchttpclient.netty.request.NettyRequestSender - Using open Channel [id: 0x9d58809e, L:/127.0.0.1:55241 - R:localhost/127.0.0.1:55781] for POST '/session/c7184d14ecc00db22ae574c2b766538f/element'
16:26:03.511 [AsyncHttpClient-1-8] DEBUG org.asynchttpclient.netty.handler.HttpHandler - 

Request DefaultHttpRequest(decodeResult: success, version: HTTP/1.1)
POST /session/c7184d14ecc00db22ae574c2b766538f/element HTTP/1.1
User-Agent: selenium/4.1.2 (java windows)
Content-Length: 91
Content-Type: application/json; charset=utf-8
host: localhost:55781
accept: */*

Response DefaultHttpResponse(decodeResult: success, version: HTTP/1.1)
HTTP/1.1 200 OK
Content-Type: application/json; charset=utf-8
cache-control: no-cache
content-length: 88

16:26:03.511 [AsyncHttpClient-1-8] DEBUG org.asynchttpclient.netty.channel.ChannelManager - Adding key: http://localhost:55781 for channel [id: 0x9d58809e, L:/127.0.0.1:55241 - R:localhost/127.0.0.1:55781]
16:26:03.511 [Forwarding clearElement on session c7184d14ecc00db22ae574c2b766538f to remote] DEBUG org.asynchttpclient.netty.request.NettyRequestSender - Using pooled Channel '[id: 0x9d58809e, L:/127.0.0.1:55241 - R:localhost/127.0.0.1:55781]' for 'POST' to 'http://localhost:55781/session/c7184d14ecc00db22ae574c2b766538f/element/759bc332-370d-442b-959f-b37d529911fb/clear'
16:26:03.511 [Forwarding clearElement on session c7184d14ecc00db22ae574c2b766538f to remote] DEBUG org.asynchttpclient.netty.request.NettyRequestSender - Using open Channel [id: 0x9d58809e, L:/127.0.0.1:55241 - R:localhost/127.0.0.1:55781] for POST '/session/c7184d14ecc00db22ae574c2b766538f/element/759bc332-370d-442b-959f-b37d529911fb/clear'
16:26:03.539 [AsyncHttpClient-1-8] DEBUG org.asynchttpclient.netty.handler.HttpHandler - 

Request DefaultHttpRequest(decodeResult: success, version: HTTP/1.1)
POST /session/c7184d14ecc00db22ae574c2b766538f/element/759bc332-370d-442b-959f-b37d529911fb/clear HTTP/1.1
User-Agent: selenium/4.1.2 (java windows)
Content-Length: 50
Content-Type: application/json; charset=utf-8
host: localhost:55781
accept: */*

Response DefaultHttpResponse(decodeResult: success, version: HTTP/1.1)
HTTP/1.1 200 OK
Content-Type: application/json; charset=utf-8
cache-control: no-cache
content-length: 14

16:26:03.539 [AsyncHttpClient-1-8] DEBUG org.asynchttpclient.netty.channel.ChannelManager - Adding key: http://localhost:55781 for channel [id: 0x9d58809e, L:/127.0.0.1:55241 - R:localhost/127.0.0.1:55781]
16:26:03.540 [Forwarding sendKeysToElement on session c7184d14ecc00db22ae574c2b766538f to remote] DEBUG org.asynchttpclient.netty.request.NettyRequestSender - Using pooled Channel '[id: 0x9d58809e, L:/127.0.0.1:55241 - R:localhost/127.0.0.1:55781]' for 'POST' to 'http://localhost:55781/session/c7184d14ecc00db22ae574c2b766538f/element/759bc332-370d-442b-959f-b37d529911fb/value'
16:26:03.540 [Forwarding sendKeysToElement on session c7184d14ecc00db22ae574c2b766538f to remote] DEBUG org.asynchttpclient.netty.request.NettyRequestSender - Using open Channel [id: 0x9d58809e, L:/127.0.0.1:55241 - R:localhost/127.0.0.1:55781] for POST '/session/c7184d14ecc00db22ae574c2b766538f/element/759bc332-370d-442b-959f-b37d529911fb/value'
16:26:03.722 [AsyncHttpClient-1-1] DEBUG org.asynchttpclient.netty.channel.DefaultChannelPool - Entry count for : http://localhost:55242 : 1
16:26:03.724 [AsyncHttpClient-1-8] DEBUG org.asynchttpclient.netty.handler.HttpHandler - 

Request DefaultHttpRequest(decodeResult: success, version: HTTP/1.1)
POST /session/c7184d14ecc00db22ae574c2b766538f/element/759bc332-370d-442b-959f-b37d529911fb/value HTTP/1.1
User-Agent: selenium/4.1.2 (java windows)
Content-Length: 341
Content-Type: application/json; charset=utf-8
host: localhost:55781
accept: */*

Response DefaultHttpResponse(decodeResult: success, version: HTTP/1.1)
HTTP/1.1 200 OK
Content-Type: application/json; charset=utf-8
cache-control: no-cache
content-length: 14

16:26:03.724 [AsyncHttpClient-1-8] DEBUG org.asynchttpclient.netty.channel.ChannelManager - Adding key: http://localhost:55781 for channel [id: 0x9d58809e, L:/127.0.0.1:55241 - R:localhost/127.0.0.1:55781]
16:26:03.727 [Forwarding screenshot on session c7184d14ecc00db22ae574c2b766538f to remote] DEBUG org.asynchttpclient.netty.request.NettyRequestSender - Using pooled Channel '[id: 0x9d58809e, L:/127.0.0.1:55241 - R:localhost/127.0.0.1:55781]' for 'GET' to 'http://localhost:55781/session/c7184d14ecc00db22ae574c2b766538f/screenshot'
16:26:03.727 [Forwarding screenshot on session c7184d14ecc00db22ae574c2b766538f to remote] DEBUG org.asynchttpclient.netty.request.NettyRequestSender - Using open Channel [id: 0x9d58809e, L:/127.0.0.1:55241 - R:localhost/127.0.0.1:55781] for GET '/session/c7184d14ecc00db22ae574c2b766538f/screenshot'
16:26:03.910 [AsyncHttpClient-1-8] DEBUG org.asynchttpclient.netty.handler.HttpHandler - 

Request DefaultFullHttpRequest(decodeResult: success, version: HTTP/1.1, content: EmptyByteBufBE)
GET /session/c7184d14ecc00db22ae574c2b766538f/screenshot HTTP/1.1
User-Agent: selenium/4.1.2 (java windows)
Cache-Control: no-cache
Content-Type: application/json; charset=utf-8
host: localhost:55781
accept: */*

Response DefaultHttpResponse(decodeResult: success, version: HTTP/1.1)
HTTP/1.1 200 OK
Content-Type: application/json; charset=utf-8
cache-control: no-cache
content-length: 36800

16:26:03.910 [AsyncHttpClient-1-8] DEBUG org.asynchttpclient.netty.channel.ChannelManager - Adding key: http://localhost:55781 for channel [id: 0x9d58809e, L:/127.0.0.1:55241 - R:localhost/127.0.0.1:55781]
16:26:03.910 [main] DEBUG net.serenitybdd.core.photography.Darkroom - Send negative for processing for target\site\serenity\54b1d4b24f61ba7f9e4bdf68c3449d353c95be84f2e7aed6862e75d88c923cbf.png
16:26:03.910 [Darkroom Processing Line] DEBUG net.serenitybdd.core.photography.DarkroomProcessingLine - Processing screenshot image in /var/screenshots/screenshot-11488972788434653255
16:26:03.910 [Darkroom Processing Line] DEBUG net.serenitybdd.core.photography.DarkroomProcessingLine - Saving screenshot to target\site\serenity\54b1d4b24f61ba7f9e4bdf68c3449d353c95be84f2e7aed6862e75d88c923cbf.png
16:26:03.910 [main] DEBUG net.thucydides.core.steps.StepInterceptor - STEP DONE: inputEmail
  &amp#27;[32mAnd &amp#27;[0m&amp#27;[32mI input &amp#27;[0m&amp#27;[32m&amp#27;[1m"New"&amp#27;[0m&amp#27;[32m Email&amp#27;[0m           &amp#27;[90m# Starter.StepDefinitions.RegisterStep.iInputEmail(java.lang.String)&amp#27;[0m
16:26:03.930 [main] DEBUG net.thucydides.core.steps.StepInterceptor - STARTING STEP: RegisterStep.iInputPassword - inputPassword
16:26:03.930 [Forwarding findElement on session c7184d14ecc00db22ae574c2b766538f to remote] DEBUG org.asynchttpclient.netty.request.NettyRequestSender - Using pooled Channel '[id: 0x9d58809e, L:/127.0.0.1:55241 - R:localhost/127.0.0.1:55781]' for 'POST' to 'http://localhost:55781/session/c7184d14ecc00db22ae574c2b766538f/element'
16:26:03.930 [Forwarding findElement on session c7184d14ecc00db22ae574c2b766538f to remote] DEBUG org.asynchttpclient.netty.request.NettyRequestSender - Using open Channel [id: 0x9d58809e, L:/127.0.0.1:55241 - R:localhost/127.0.0.1:55781] for POST '/session/c7184d14ecc00db22ae574c2b766538f/element'
16:26:03.966 [AsyncHttpClient-1-8] DEBUG org.asynchttpclient.netty.handler.HttpHandler - 

Request DefaultHttpRequest(decodeResult: success, version: HTTP/1.1)
POST /session/c7184d14ecc00db22ae574c2b766538f/element HTTP/1.1
User-Agent: selenium/4.1.2 (java windows)
Content-Length: 94
Content-Type: application/json; charset=utf-8
host: localhost:55781
accept: */*

Response DefaultHttpResponse(decodeResult: success, version: HTTP/1.1)
HTTP/1.1 200 OK
Content-Type: application/json; charset=utf-8
cache-control: no-cache
content-length: 88

16:26:03.966 [AsyncHttpClient-1-8] DEBUG org.asynchttpclient.netty.channel.ChannelManager - Adding key: http://localhost:55781 for channel [id: 0x9d58809e, L:/127.0.0.1:55241 - R:localhost/127.0.0.1:55781]
16:26:03.978 [Forwarding clearElement on session c7184d14ecc00db22ae574c2b766538f to remote] DEBUG org.asynchttpclient.netty.request.NettyRequestSender - Using pooled Channel '[id: 0x9d58809e, L:/127.0.0.1:55241 - R:localhost/127.0.0.1:55781]' for 'POST' to 'http://localhost:55781/session/c7184d14ecc00db22ae574c2b766538f/element/16d2e9dc-aedf-48e5-9720-40b5db974584/clear'
16:26:03.978 [Forwarding clearElement on session c7184d14ecc00db22ae574c2b766538f to remote] DEBUG org.asynchttpclient.netty.request.NettyRequestSender - Using open Channel [id: 0x9d58809e, L:/127.0.0.1:55241 - R:localhost/127.0.0.1:55781] for POST '/session/c7184d14ecc00db22ae574c2b766538f/element/16d2e9dc-aedf-48e5-9720-40b5db974584/clear'
16:26:04.023 [AsyncHttpClient-1-8] DEBUG org.asynchttpclient.netty.handler.HttpHandler - 

Request DefaultHttpRequest(decodeResult: success, version: HTTP/1.1)
POST /session/c7184d14ecc00db22ae574c2b766538f/element/16d2e9dc-aedf-48e5-9720-40b5db974584/clear HTTP/1.1
User-Agent: selenium/4.1.2 (java windows)
Content-Length: 50
Content-Type: application/json; charset=utf-8
host: localhost:55781
accept: */*

Response DefaultHttpResponse(decodeResult: success, version: HTTP/1.1)
HTTP/1.1 200 OK
Content-Type: application/json; charset=utf-8
cache-control: no-cache
content-length: 14

16:26:04.023 [AsyncHttpClient-1-8] DEBUG org.asynchttpclient.netty.channel.ChannelManager - Adding key: http://localhost:55781 for channel [id: 0x9d58809e, L:/127.0.0.1:55241 - R:localhost/127.0.0.1:55781]
16:26:04.024 [Forwarding sendKeysToElement on session c7184d14ecc00db22ae574c2b766538f to remote] DEBUG org.asynchttpclient.netty.request.NettyRequestSender - Using pooled Channel '[id: 0x9d58809e, L:/127.0.0.1:55241 - R:localhost/127.0.0.1:55781]' for 'POST' to 'http://localhost:55781/session/c7184d14ecc00db22ae574c2b766538f/element/16d2e9dc-aedf-48e5-9720-40b5db974584/value'
16:26:04.024 [Forwarding sendKeysToElement on session c7184d14ecc00db22ae574c2b766538f to remote] DEBUG org.asynchttpclient.netty.request.NettyRequestSender - Using open Channel [id: 0x9d58809e, L:/127.0.0.1:55241 - R:localhost/127.0.0.1:55781] for POST '/session/c7184d14ecc00db22ae574c2b766538f/element/16d2e9dc-aedf-48e5-9720-40b5db974584/value'
16:26:04.114 [AsyncHttpClient-1-8] DEBUG org.asynchttpclient.netty.handler.HttpHandler - 

Request DefaultHttpRequest(decodeResult: success, version: HTTP/1.1)
POST /session/c7184d14ecc00db22ae574c2b766538f/element/16d2e9dc-aedf-48e5-9720-40b5db974584/value HTTP/1.1
User-Agent: selenium/4.1.2 (java windows)
Content-Length: 161
Content-Type: application/json; charset=utf-8
host: localhost:55781
accept: */*

Response DefaultHttpResponse(decodeResult: success, version: HTTP/1.1)
HTTP/1.1 200 OK
Content-Type: application/json; charset=utf-8
cache-control: no-cache
content-length: 14

16:26:04.114 [AsyncHttpClient-1-8] DEBUG org.asynchttpclient.netty.channel.ChannelManager - Adding key: http://localhost:55781 for channel [id: 0x9d58809e, L:/127.0.0.1:55241 - R:localhost/127.0.0.1:55781]
16:26:04.117 [Forwarding screenshot on session c7184d14ecc00db22ae574c2b766538f to remote] DEBUG org.asynchttpclient.netty.request.NettyRequestSender - Using pooled Channel '[id: 0x9d58809e, L:/127.0.0.1:55241 - R:localhost/127.0.0.1:55781]' for 'GET' to 'http://localhost:55781/session/c7184d14ecc00db22ae574c2b766538f/screenshot'
16:26:04.117 [Forwarding screenshot on session c7184d14ecc00db22ae574c2b766538f to remote] DEBUG org.asynchttpclient.netty.request.NettyRequestSender - Using open Channel [id: 0x9d58809e, L:/127.0.0.1:55241 - R:localhost/127.0.0.1:55781] for GET '/session/c7184d14ecc00db22ae574c2b766538f/screenshot'
16:26:04.259 [AsyncHttpClient-1-8] DEBUG org.asynchttpclient.netty.handler.HttpHandler - 

Request DefaultFullHttpRequest(decodeResult: success, version: HTTP/1.1, content: EmptyByteBufBE)
GET /session/c7184d14ecc00db22ae574c2b766538f/screenshot HTTP/1.1
User-Agent: selenium/4.1.2 (java windows)
Cache-Control: no-cache
Content-Type: application/json; charset=utf-8
host: localhost:55781
accept: */*

Response DefaultHttpResponse(decodeResult: success, version: HTTP/1.1)
HTTP/1.1 200 OK
Content-Type: application/json; charset=utf-8
cache-control: no-cache
content-length: 38592

16:26:04.259 [AsyncHttpClient-1-8] DEBUG org.asynchttpclient.netty.channel.ChannelManager - Adding key: http://localhost:55781 for channel [id: 0x9d58809e, L:/127.0.0.1:55241 - R:localhost/127.0.0.1:55781]
16:26:04.259 [main] DEBUG net.serenitybdd.core.photography.Darkroom - Send negative for processing for target\site\serenity\1cc0cb75dced01706681e3d6f437c50097d6ccac4e8683c32e8aa7df96d045e1.png
16:26:04.259 [main] DEBUG net.thucydides.core.steps.StepInterceptor - STEP DONE: inputPassword
  &amp#27;[32mAnd &amp#27;[0m&amp#27;[32mI input &amp#27;[0m&amp#27;[32m&amp#27;[1m"Valid@01"&amp#27;[0m&amp#27;[32m Password&amp#27;[0m   &amp#27;[90m# Starter.StepDefinitions.RegisterStep.iInputPassword(java.lang.String)&amp#27;[0m
16:26:04.267 [Darkroom Processing Line] DEBUG net.serenitybdd.core.photography.DarkroomProcessingLine - Processing screenshot image in /var/screenshots/screenshot-7908752437102991597
16:26:04.267 [Darkroom Processing Line] DEBUG net.serenitybdd.core.photography.DarkroomProcessingLine - Saving screenshot to target\site\serenity\1cc0cb75dced01706681e3d6f437c50097d6ccac4e8683c32e8aa7df96d045e1.png
16:26:04.273 [main] DEBUG net.thucydides.core.steps.StepInterceptor - STARTING STEP: RegisterStep.clickRegisterButton - scrollTo
16:26:04.273 [Forwarding findElement on session c7184d14ecc00db22ae574c2b766538f to remote] DEBUG org.asynchttpclient.netty.request.NettyRequestSender - Using pooled Channel '[id: 0x9d58809e, L:/127.0.0.1:55241 - R:localhost/127.0.0.1:55781]' for 'POST' to 'http://localhost:55781/session/c7184d14ecc00db22ae574c2b766538f/element'
16:26:04.273 [Forwarding findElement on session c7184d14ecc00db22ae574c2b766538f to remote] DEBUG org.asynchttpclient.netty.request.NettyRequestSender - Using open Channel [id: 0x9d58809e, L:/127.0.0.1:55241 - R:localhost/127.0.0.1:55781] for POST '/session/c7184d14ecc00db22ae574c2b766538f/element'
16:26:04.288 [AsyncHttpClient-1-8] DEBUG org.asynchttpclient.netty.handler.HttpHandler - 

Request DefaultHttpRequest(decodeResult: success, version: HTTP/1.1)
POST /session/c7184d14ecc00db22ae574c2b766538f/element HTTP/1.1
User-Agent: selenium/4.1.2 (java windows)
Content-Length: 73
Content-Type: application/json; charset=utf-8
host: localhost:55781
accept: */*

Response DefaultHttpResponse(decodeResult: success, version: HTTP/1.1)
HTTP/1.1 200 OK
Content-Type: application/json; charset=utf-8
cache-control: no-cache
content-length: 88

16:26:04.288 [AsyncHttpClient-1-8] DEBUG org.asynchttpclient.netty.channel.ChannelManager - Adding key: http://localhost:55781 for channel [id: 0x9d58809e, L:/127.0.0.1:55241 - R:localhost/127.0.0.1:55781]
16:26:04.290 [Forwarding actions on session c7184d14ecc00db22ae574c2b766538f to remote] DEBUG org.asynchttpclient.netty.request.NettyRequestSender - Using pooled Channel '[id: 0x9d58809e, L:/127.0.0.1:55241 - R:localhost/127.0.0.1:55781]' for 'POST' to 'http://localhost:55781/session/c7184d14ecc00db22ae574c2b766538f/actions'
16:26:04.290 [Forwarding actions on session c7184d14ecc00db22ae574c2b766538f to remote] DEBUG org.asynchttpclient.netty.request.NettyRequestSender - Using open Channel [id: 0x9d58809e, L:/127.0.0.1:55241 - R:localhost/127.0.0.1:55781] for POST '/session/c7184d14ecc00db22ae574c2b766538f/actions'
16:26:04.416 [AsyncHttpClient-1-8] DEBUG org.asynchttpclient.netty.handler.HttpHandler - 

Request DefaultHttpRequest(decodeResult: success, version: HTTP/1.1)
POST /session/c7184d14ecc00db22ae574c2b766538f/actions HTTP/1.1
User-Agent: selenium/4.1.2 (java windows)
Content-Length: 480
Content-Type: application/json; charset=utf-8
host: localhost:55781
accept: */*

Response DefaultHttpResponse(decodeResult: success, version: HTTP/1.1)
HTTP/1.1 200 OK
Content-Type: application/json; charset=utf-8
cache-control: no-cache
content-length: 14

16:26:04.416 [AsyncHttpClient-1-8] DEBUG org.asynchttpclient.netty.channel.ChannelManager - Adding key: http://localhost:55781 for channel [id: 0x9d58809e, L:/127.0.0.1:55241 - R:localhost/127.0.0.1:55781]
16:26:04.423 [Forwarding screenshot on session c7184d14ecc00db22ae574c2b766538f to remote] DEBUG org.asynchttpclient.netty.request.NettyRequestSender - Using pooled Channel '[id: 0x9d58809e, L:/127.0.0.1:55241 - R:localhost/127.0.0.1:55781]' for 'GET' to 'http://localhost:55781/session/c7184d14ecc00db22ae574c2b766538f/screenshot'
16:26:04.423 [Forwarding screenshot on session c7184d14ecc00db22ae574c2b766538f to remote] DEBUG org.asynchttpclient.netty.request.NettyRequestSender - Using open Channel [id: 0x9d58809e, L:/127.0.0.1:55241 - R:localhost/127.0.0.1:55781] for GET '/session/c7184d14ecc00db22ae574c2b766538f/screenshot'
16:26:04.591 [AsyncHttpClient-1-8] DEBUG org.asynchttpclient.netty.handler.HttpHandler - 

Request DefaultFullHttpRequest(decodeResult: success, version: HTTP/1.1, content: EmptyByteBufBE)
GET /session/c7184d14ecc00db22ae574c2b766538f/screenshot HTTP/1.1
User-Agent: selenium/4.1.2 (java windows)
Cache-Control: no-cache
Content-Type: application/json; charset=utf-8
host: localhost:55781
accept: */*

Response DefaultHttpResponse(decodeResult: success, version: HTTP/1.1)
HTTP/1.1 200 OK
Content-Type: application/json; charset=utf-8
cache-control: no-cache
content-length: 37816

16:26:04.591 [AsyncHttpClient-1-8] DEBUG org.asynchttpclient.netty.channel.ChannelManager - Adding key: http://localhost:55781 for channel [id: 0x9d58809e, L:/127.0.0.1:55241 - R:localhost/127.0.0.1:55781]
16:26:04.591 [main] DEBUG net.serenitybdd.core.photography.Darkroom - Send negative for processing for target\site\serenity\dccaea43c106371f66ee40d526ca8660ade52a50f54d1f8e41b2f498677373f4.png
16:26:04.591 [main] DEBUG net.thucydides.core.steps.StepInterceptor - STEP DONE: scrollTo
16:26:04.591 [Darkroom Processing Line] DEBUG net.serenitybdd.core.photography.DarkroomProcessingLine - Processing screenshot image in /var/screenshots/screenshot-2174520624903848623
16:26:04.591 [Darkroom Processing Line] DEBUG net.serenitybdd.core.photography.DarkroomProcessingLine - Saving screenshot to target\site\serenity\dccaea43c106371f66ee40d526ca8660ade52a50f54d1f8e41b2f498677373f4.png
16:26:04.600 [main] DEBUG net.thucydides.core.steps.StepInterceptor - STARTING STEP: RegisterStep.clickRegisterButton - clickRegisterButton
16:26:04.600 [Forwarding findElement on session c7184d14ecc00db22ae574c2b766538f to remote] DEBUG org.asynchttpclient.netty.request.NettyRequestSender - Using pooled Channel '[id: 0x9d58809e, L:/127.0.0.1:55241 - R:localhost/127.0.0.1:55781]' for 'POST' to 'http://localhost:55781/session/c7184d14ecc00db22ae574c2b766538f/element'
16:26:04.600 [Forwarding findElement on session c7184d14ecc00db22ae574c2b766538f to remote] DEBUG org.asynchttpclient.netty.request.NettyRequestSender - Using open Channel [id: 0x9d58809e, L:/127.0.0.1:55241 - R:localhost/127.0.0.1:55781] for POST '/session/c7184d14ecc00db22ae574c2b766538f/element'
16:26:04.607 [AsyncHttpClient-1-8] DEBUG org.asynchttpclient.netty.handler.HttpHandler - 

Request DefaultHttpRequest(decodeResult: success, version: HTTP/1.1)
POST /session/c7184d14ecc00db22ae574c2b766538f/element HTTP/1.1
User-Agent: selenium/4.1.2 (java windows)
Content-Length: 164
Content-Type: application/json; charset=utf-8
host: localhost:55781
accept: */*

Response DefaultHttpResponse(decodeResult: success, version: HTTP/1.1)
HTTP/1.1 200 OK
Content-Type: application/json; charset=utf-8
cache-control: no-cache
content-length: 88

16:26:04.607 [AsyncHttpClient-1-8] DEBUG org.asynchttpclient.netty.channel.ChannelManager - Adding key: http://localhost:55781 for channel [id: 0x9d58809e, L:/127.0.0.1:55241 - R:localhost/127.0.0.1:55781]
16:26:04.614 [Forwarding getElementTagName on session c7184d14ecc00db22ae574c2b766538f to remote] DEBUG org.asynchttpclient.netty.request.NettyRequestSender - Using pooled Channel '[id: 0x9d58809e, L:/127.0.0.1:55241 - R:localhost/127.0.0.1:55781]' for 'GET' to 'http://localhost:55781/session/c7184d14ecc00db22ae574c2b766538f/element/aaa0237b-f17d-446d-9d45-db8e5783c7d1/name'
16:26:04.614 [Forwarding getElementTagName on session c7184d14ecc00db22ae574c2b766538f to remote] DEBUG org.asynchttpclient.netty.request.NettyRequestSender - Using open Channel [id: 0x9d58809e, L:/127.0.0.1:55241 - R:localhost/127.0.0.1:55781] for GET '/session/c7184d14ecc00db22ae574c2b766538f/element/aaa0237b-f17d-446d-9d45-db8e5783c7d1/name'
16:26:04.618 [AsyncHttpClient-1-8] DEBUG org.asynchttpclient.netty.handler.HttpHandler - 

Request DefaultFullHttpRequest(decodeResult: success, version: HTTP/1.1, content: EmptyByteBufBE)
GET /session/c7184d14ecc00db22ae574c2b766538f/element/aaa0237b-f17d-446d-9d45-db8e5783c7d1/name HTTP/1.1
User-Agent: selenium/4.1.2 (java windows)
Cache-Control: no-cache
Content-Type: application/json; charset=utf-8
host: localhost:55781
accept: */*

Response DefaultHttpResponse(decodeResult: success, version: HTTP/1.1)
HTTP/1.1 200 OK
Content-Type: application/json; charset=utf-8
cache-control: no-cache
content-length: 16

16:26:04.619 [AsyncHttpClient-1-8] DEBUG org.asynchttpclient.netty.channel.ChannelManager - Adding key: http://localhost:55781 for channel [id: 0x9d58809e, L:/127.0.0.1:55241 - R:localhost/127.0.0.1:55781]
16:26:04.619 [Forwarding getElementTagName on session c7184d14ecc00db22ae574c2b766538f to remote] DEBUG org.asynchttpclient.netty.request.NettyRequestSender - Using pooled Channel '[id: 0x9d58809e, L:/127.0.0.1:55241 - R:localhost/127.0.0.1:55781]' for 'GET' to 'http://localhost:55781/session/c7184d14ecc00db22ae574c2b766538f/element/aaa0237b-f17d-446d-9d45-db8e5783c7d1/name'
16:26:04.619 [Forwarding getElementTagName on session c7184d14ecc00db22ae574c2b766538f to remote] DEBUG org.asynchttpclient.netty.request.NettyRequestSender - Using open Channel [id: 0x9d58809e, L:/127.0.0.1:55241 - R:localhost/127.0.0.1:55781] for GET '/session/c7184d14ecc00db22ae574c2b766538f/element/aaa0237b-f17d-446d-9d45-db8e5783c7d1/name'
16:26:04.624 [AsyncHttpClient-1-8] DEBUG org.asynchttpclient.netty.handler.HttpHandler - 

Request DefaultFullHttpRequest(decodeResult: success, version: HTTP/1.1, content: EmptyByteBufBE)
GET /session/c7184d14ecc00db22ae574c2b766538f/element/aaa0237b-f17d-446d-9d45-db8e5783c7d1/name HTTP/1.1
User-Agent: selenium/4.1.2 (java windows)
Cache-Control: no-cache
Content-Type: application/json; charset=utf-8
host: localhost:55781
accept: */*

Response DefaultHttpResponse(decodeResult: success, version: HTTP/1.1)
HTTP/1.1 200 OK
Content-Type: application/json; charset=utf-8
cache-control: no-cache
content-length: 16

16:26:04.624 [AsyncHttpClient-1-8] DEBUG org.asynchttpclient.netty.channel.ChannelManager - Adding key: http://localhost:55781 for channel [id: 0x9d58809e, L:/127.0.0.1:55241 - R:localhost/127.0.0.1:55781]
16:26:04.624 [Forwarding findElement on session c7184d14ecc00db22ae574c2b766538f to remote] DEBUG org.asynchttpclient.netty.request.NettyRequestSender - Using pooled Channel '[id: 0x9d58809e, L:/127.0.0.1:55241 - R:localhost/127.0.0.1:55781]' for 'POST' to 'http://localhost:55781/session/c7184d14ecc00db22ae574c2b766538f/element'
16:26:04.624 [Forwarding findElement on session c7184d14ecc00db22ae574c2b766538f to remote] DEBUG org.asynchttpclient.netty.request.NettyRequestSender - Using open Channel [id: 0x9d58809e, L:/127.0.0.1:55241 - R:localhost/127.0.0.1:55781] for POST '/session/c7184d14ecc00db22ae574c2b766538f/element'
16:26:04.626 [AsyncHttpClient-1-8] DEBUG org.asynchttpclient.netty.handler.HttpHandler - 

Request DefaultHttpRequest(decodeResult: success, version: HTTP/1.1)
POST /session/c7184d14ecc00db22ae574c2b766538f/element HTTP/1.1
User-Agent: selenium/4.1.2 (java windows)
Content-Length: 164
Content-Type: application/json; charset=utf-8
host: localhost:55781
accept: */*

Response DefaultHttpResponse(decodeResult: success, version: HTTP/1.1)
HTTP/1.1 200 OK
Content-Type: application/json; charset=utf-8
cache-control: no-cache
content-length: 88

16:26:04.626 [AsyncHttpClient-1-8] DEBUG org.asynchttpclient.netty.channel.ChannelManager - Adding key: http://localhost:55781 for channel [id: 0x9d58809e, L:/127.0.0.1:55241 - R:localhost/127.0.0.1:55781]
16:26:04.626 [Forwarding clickElement on session c7184d14ecc00db22ae574c2b766538f to remote] DEBUG org.asynchttpclient.netty.request.NettyRequestSender - Using pooled Channel '[id: 0x9d58809e, L:/127.0.0.1:55241 - R:localhost/127.0.0.1:55781]' for 'POST' to 'http://localhost:55781/session/c7184d14ecc00db22ae574c2b766538f/element/aaa0237b-f17d-446d-9d45-db8e5783c7d1/click'
16:26:04.626 [Forwarding clickElement on session c7184d14ecc00db22ae574c2b766538f to remote] DEBUG org.asynchttpclient.netty.request.NettyRequestSender - Using open Channel [id: 0x9d58809e, L:/127.0.0.1:55241 - R:localhost/127.0.0.1:55781] for POST '/session/c7184d14ecc00db22ae574c2b766538f/element/aaa0237b-f17d-446d-9d45-db8e5783c7d1/click'
16:26:04.676 [AsyncHttpClient-1-8] DEBUG org.asynchttpclient.netty.handler.HttpHandler - 

Request DefaultHttpRequest(decodeResult: success, version: HTTP/1.1)
POST /session/c7184d14ecc00db22ae574c2b766538f/element/aaa0237b-f17d-446d-9d45-db8e5783c7d1/click HTTP/1.1
User-Agent: selenium/4.1.2 (java windows)
Content-Length: 50
Content-Type: application/json; charset=utf-8
host: localhost:55781
accept: */*

Response DefaultHttpResponse(decodeResult: success, version: HTTP/1.1)
HTTP/1.1 200 OK
Content-Type: application/json; charset=utf-8
cache-control: no-cache
content-length: 14

16:26:04.676 [AsyncHttpClient-1-8] DEBUG org.asynchttpclient.netty.channel.ChannelManager - Adding key: http://localhost:55781 for channel [id: 0x9d58809e, L:/127.0.0.1:55241 - R:localhost/127.0.0.1:55781]
16:26:04.679 [Forwarding screenshot on session c7184d14ecc00db22ae574c2b766538f to remote] DEBUG org.asynchttpclient.netty.request.NettyRequestSender - Using pooled Channel '[id: 0x9d58809e, L:/127.0.0.1:55241 - R:localhost/127.0.0.1:55781]' for 'GET' to 'http://localhost:55781/session/c7184d14ecc00db22ae574c2b766538f/screenshot'
16:26:04.679 [Forwarding screenshot on session c7184d14ecc00db22ae574c2b766538f to remote] DEBUG org.asynchttpclient.netty.request.NettyRequestSender - Using open Channel [id: 0x9d58809e, L:/127.0.0.1:55241 - R:localhost/127.0.0.1:55781] for GET '/session/c7184d14ecc00db22ae574c2b766538f/screenshot'
16:26:04.806 [AsyncHttpClient-1-8] DEBUG org.asynchttpclient.netty.handler.HttpHandler - 

Request DefaultFullHttpRequest(decodeResult: success, version: HTTP/1.1, content: EmptyByteBufBE)
GET /session/c7184d14ecc00db22ae574c2b766538f/screenshot HTTP/1.1
User-Agent: selenium/4.1.2 (java windows)
Cache-Control: no-cache
Content-Type: application/json; charset=utf-8
host: localhost:55781
accept: */*

Response DefaultHttpResponse(decodeResult: success, version: HTTP/1.1)
HTTP/1.1 200 OK
Content-Type: application/json; charset=utf-8
cache-control: no-cache
content-length: 38156

16:26:04.806 [AsyncHttpClient-1-8] DEBUG org.asynchttpclient.netty.channel.ChannelManager - Adding key: http://localhost:55781 for channel [id: 0x9d58809e, L:/127.0.0.1:55241 - R:localhost/127.0.0.1:55781]
16:26:04.809 [main] DEBUG net.serenitybdd.core.photography.Darkroom - Send negative for processing for target\site\serenity\9573bdb567879ff4b4874b1aeb7756984270785c580282ed9cf359c998d80046.png
16:26:04.809 [main] DEBUG net.thucydides.core.steps.StepInterceptor - STEP DONE: clickRegisterButton
  &amp#27;[32mAnd &amp#27;[0m&amp#27;[32mclick register button&amp#27;[0m         &amp#27;[90m# Starter.StepDefinitions.RegisterStep.clickRegisterButton()&amp#27;[0m
16:26:04.809 [Darkroom Processing Line] DEBUG net.serenitybdd.core.photography.DarkroomProcessingLine - Processing screenshot image in /var/screenshots/screenshot-10575487804120769108
16:26:04.809 [Darkroom Processing Line] DEBUG net.serenitybdd.core.photography.DarkroomProcessingLine - Saving screenshot to target\site\serenity\9573bdb567879ff4b4874b1aeb7756984270785c580282ed9cf359c998d80046.png
16:26:04.817 [AsyncHttpClient-1-1] DEBUG org.asynchttpclient.netty.channel.DefaultChannelPool - Entry count for : http://localhost:55781 : 1
16:26:04.817 [AsyncHttpClient-1-1] DEBUG org.asynchttpclient.netty.channel.DefaultChannelPool - Entry count for : http://localhost:55242 : 1
16:26:04.823 [main] DEBUG net.thucydides.core.steps.StepInterceptor - STARTING STEP: RegisterStep.iGetThe - headerAppears
16:26:04.824 [Forwarding findElement on session c7184d14ecc00db22ae574c2b766538f to remote] DEBUG org.asynchttpclient.netty.request.NettyRequestSender - Using pooled Channel '[id: 0x9d58809e, L:/127.0.0.1:55241 - R:localhost/127.0.0.1:55781]' for 'POST' to 'http://localhost:55781/session/c7184d14ecc00db22ae574c2b766538f/element'
16:26:04.824 [Forwarding findElement on session c7184d14ecc00db22ae574c2b766538f to remote] DEBUG org.asynchttpclient.netty.request.NettyRequestSender - Using open Channel [id: 0x9d58809e, L:/127.0.0.1:55241 - R:localhost/127.0.0.1:55781] for POST '/session/c7184d14ecc00db22ae574c2b766538f/element'
16:26:04.955 [AsyncHttpClient-1-8] DEBUG org.asynchttpclient.netty.handler.HttpHandler - 

Request DefaultHttpRequest(decodeResult: success, version: HTTP/1.1)
POST /session/c7184d14ecc00db22ae574c2b766538f/element HTTP/1.1
User-Agent: selenium/4.1.2 (java windows)
Content-Length: 70
Content-Type: application/json; charset=utf-8
host: localhost:55781
accept: */*

Response DefaultHttpResponse(decodeResult: success, version: HTTP/1.1)
HTTP/1.1 200 OK
Content-Type: application/json; charset=utf-8
cache-control: no-cache
content-length: 88

16:26:04.955 [AsyncHttpClient-1-8] DEBUG org.asynchttpclient.netty.channel.ChannelManager - Adding key: http://localhost:55781 for channel [id: 0x9d58809e, L:/127.0.0.1:55241 - R:localhost/127.0.0.1:55781]
16:26:04.955 [Forwarding isElementDisplayed on session c7184d14ecc00db22ae574c2b766538f to remote] DEBUG org.asynchttpclient.netty.request.NettyRequestSender - Using pooled Channel '[id: 0x9d58809e, L:/127.0.0.1:55241 - R:localhost/127.0.0.1:55781]' for 'POST' to 'http://localhost:55781/session/c7184d14ecc00db22ae574c2b766538f/execute/sync'
16:26:04.955 [Forwarding isElementDisplayed on session c7184d14ecc00db22ae574c2b766538f to remote] DEBUG org.asynchttpclient.netty.request.NettyRequestSender - Using open Channel [id: 0x9d58809e, L:/127.0.0.1:55241 - R:localhost/127.0.0.1:55781] for POST '/session/c7184d14ecc00db22ae574c2b766538f/execute/sync'
16:26:04.978 [AsyncHttpClient-1-8] DEBUG org.asynchttpclient.netty.handler.HttpHandler - 

Request DefaultHttpRequest(decodeResult: success, version: HTTP/1.1)
POST /session/c7184d14ecc00db22ae574c2b766538f/execute/sync HTTP/1.1
User-Agent: selenium/4.1.2 (java windows)
Content-Length: 48780
Content-Type: application/json; charset=utf-8
host: localhost:55781
accept: */*

Response DefaultHttpResponse(decodeResult: success, version: HTTP/1.1)
HTTP/1.1 200 OK
Content-Type: application/json; charset=utf-8
cache-control: no-cache
content-length: 14

16:26:04.978 [AsyncHttpClient-1-8] DEBUG org.asynchttpclient.netty.channel.ChannelManager - Adding key: http://localhost:55781 for channel [id: 0x9d58809e, L:/127.0.0.1:55241 - R:localhost/127.0.0.1:55781]
16:26:04.986 [Forwarding screenshot on session c7184d14ecc00db22ae574c2b766538f to remote] DEBUG org.asynchttpclient.netty.request.NettyRequestSender - Using pooled Channel '[id: 0x9d58809e, L:/127.0.0.1:55241 - R:localhost/127.0.0.1:55781]' for 'GET' to 'http://localhost:55781/session/c7184d14ecc00db22ae574c2b766538f/screenshot'
16:26:04.986 [Forwarding screenshot on session c7184d14ecc00db22ae574c2b766538f to remote] DEBUG org.asynchttpclient.netty.request.NettyRequestSender - Using open Channel [id: 0x9d58809e, L:/127.0.0.1:55241 - R:localhost/127.0.0.1:55781] for GET '/session/c7184d14ecc00db22ae574c2b766538f/screenshot'
16:26:05.104 [AsyncHttpClient-1-8] DEBUG org.asynchttpclient.netty.handler.HttpHandler - 

Request DefaultFullHttpRequest(decodeResult: success, version: HTTP/1.1, content: EmptyByteBufBE)
GET /session/c7184d14ecc00db22ae574c2b766538f/screenshot HTTP/1.1
User-Agent: selenium/4.1.2 (java windows)
Cache-Control: no-cache
Content-Type: application/json; charset=utf-8
host: localhost:55781
accept: */*

Response DefaultHttpResponse(decodeResult: success, version: HTTP/1.1)
HTTP/1.1 200 OK
Content-Type: application/json; charset=utf-8
cache-control: no-cache
content-length: 24940

16:26:05.105 [AsyncHttpClient-1-8] DEBUG org.asynchttpclient.netty.channel.ChannelManager - Adding key: http://localhost:55781 for channel [id: 0x9d58809e, L:/127.0.0.1:55241 - R:localhost/127.0.0.1:55781]
16:26:05.106 [main] DEBUG net.serenitybdd.core.photography.Darkroom - Send negative for processing for target\site\serenity\11023edac3681808080020daf60d8cb00148736924ac340653f27273a0570072.png
16:26:05.106 [main] DEBUG net.thucydides.core.steps.StepInterceptor - STEP DONE: headerAppears
16:26:05.111 [main] DEBUG net.thucydides.core.steps.StepInterceptor - STARTING STEP: RegisterStep.iGetThe - headerTextEqual
16:26:05.111 [Forwarding findElement on session c7184d14ecc00db22ae574c2b766538f to remote] DEBUG org.asynchttpclient.netty.request.NettyRequestSender - Using pooled Channel '[id: 0x9d58809e, L:/127.0.0.1:55241 - R:localhost/127.0.0.1:55781]' for 'POST' to 'http://localhost:55781/session/c7184d14ecc00db22ae574c2b766538f/element'
16:26:05.111 [Forwarding findElement on session c7184d14ecc00db22ae574c2b766538f to remote] DEBUG org.asynchttpclient.netty.request.NettyRequestSender - Using open Channel [id: 0x9d58809e, L:/127.0.0.1:55241 - R:localhost/127.0.0.1:55781] for POST '/session/c7184d14ecc00db22ae574c2b766538f/element'
16:26:05.126 [AsyncHttpClient-1-8] DEBUG org.asynchttpclient.netty.handler.HttpHandler - 

Request DefaultHttpRequest(decodeResult: success, version: HTTP/1.1)
POST /session/c7184d14ecc00db22ae574c2b766538f/element HTTP/1.1
User-Agent: selenium/4.1.2 (java windows)
Content-Length: 70
Content-Type: application/json; charset=utf-8
host: localhost:55781
accept: */*

Response DefaultHttpResponse(decodeResult: success, version: HTTP/1.1)
HTTP/1.1 200 OK
Content-Type: application/json; charset=utf-8
cache-control: no-cache
content-length: 88

16:26:05.126 [AsyncHttpClient-1-8] DEBUG org.asynchttpclient.netty.channel.ChannelManager - Adding key: http://localhost:55781 for channel [id: 0x9d58809e, L:/127.0.0.1:55241 - R:localhost/127.0.0.1:55781]
16:26:05.131 [Forwarding getElementText on session c7184d14ecc00db22ae574c2b766538f to remote] DEBUG org.asynchttpclient.netty.request.NettyRequestSender - Using pooled Channel '[id: 0x9d58809e, L:/127.0.0.1:55241 - R:localhost/127.0.0.1:55781]' for 'GET' to 'http://localhost:55781/session/c7184d14ecc00db22ae574c2b766538f/element/f51d0412-4437-4f36-bec9-a1df33490e12/text'
16:26:05.131 [Forwarding getElementText on session c7184d14ecc00db22ae574c2b766538f to remote] DEBUG org.asynchttpclient.netty.request.NettyRequestSender - Using open Channel [id: 0x9d58809e, L:/127.0.0.1:55241 - R:localhost/127.0.0.1:55781] for GET '/session/c7184d14ecc00db22ae574c2b766538f/element/f51d0412-4437-4f36-bec9-a1df33490e12/text'
16:26:05.147 [AsyncHttpClient-1-8] DEBUG org.asynchttpclient.netty.handler.HttpHandler - 

Request DefaultFullHttpRequest(decodeResult: success, version: HTTP/1.1, content: EmptyByteBufBE)
GET /session/c7184d14ecc00db22ae574c2b766538f/element/f51d0412-4437-4f36-bec9-a1df33490e12/text HTTP/1.1
User-Agent: selenium/4.1.2 (java windows)
Cache-Control: no-cache
Content-Type: application/json; charset=utf-8
host: localhost:55781
accept: */*

Response DefaultHttpResponse(decodeResult: success, version: HTTP/1.1)
HTTP/1.1 200 OK
Content-Type: application/json; charset=utf-8
cache-control: no-cache
content-length: 17

16:26:05.147 [AsyncHttpClient-1-8] DEBUG org.asynchttpclient.netty.channel.ChannelManager - Adding key: http://localhost:55781 for channel [id: 0x9d58809e, L:/127.0.0.1:55241 - R:localhost/127.0.0.1:55781]
16:26:05.148 [main] DEBUG net.thucydides.core.steps.StepInterceptor - STEP DONE: headerTextEqual
  &amp#27;[32mThen &amp#27;[0m&amp#27;[32mI Get the &amp#27;[0m&amp#27;[32m&amp#27;[1m"login page"&amp#27;[0m       &amp#27;[90m# Starter.StepDefinitions.RegisterStep.iGetThe(java.lang.String)&amp#27;[0m
16:26:05.158 [Forwarding screenshot on session c7184d14ecc00db22ae574c2b766538f to remote] DEBUG org.asynchttpclient.netty.request.NettyRequestSender - Using pooled Channel '[id: 0x9d58809e, L:/127.0.0.1:55241 - R:localhost/127.0.0.1:55781]' for 'GET' to 'http://localhost:55781/session/c7184d14ecc00db22ae574c2b766538f/screenshot'
16:26:05.158 [Forwarding screenshot on session c7184d14ecc00db22ae574c2b766538f to remote] DEBUG org.asynchttpclient.netty.request.NettyRequestSender - Using open Channel [id: 0x9d58809e, L:/127.0.0.1:55241 - R:localhost/127.0.0.1:55781] for GET '/session/c7184d14ecc00db22ae574c2b766538f/screenshot'
16:26:05.238 [AsyncHttpClient-1-8] DEBUG org.asynchttpclient.netty.handler.HttpHandler - 

Request DefaultFullHttpRequest(decodeResult: success, version: HTTP/1.1, content: EmptyByteBufBE)
GET /session/c7184d14ecc00db22ae574c2b766538f/screenshot HTTP/1.1
User-Agent: selenium/4.1.2 (java windows)
Cache-Control: no-cache
Content-Type: application/json; charset=utf-8
host: localhost:55781
accept: */*

Response DefaultHttpResponse(decodeResult: success, version: HTTP/1.1)
HTTP/1.1 200 OK
Content-Type: application/json; charset=utf-8
cache-control: no-cache
content-length: 24940

16:26:05.238 [AsyncHttpClient-1-8] DEBUG org.asynchttpclient.netty.channel.ChannelManager - Adding key: http://localhost:55781 for channel [id: 0x9d58809e, L:/127.0.0.1:55241 - R:localhost/127.0.0.1:55781]
16:26:05.238 [main] DEBUG net.serenitybdd.core.photography.Darkroom - Send negative for processing for target\site\serenity\11023edac3681808080020daf60d8cb00148736924ac340653f27273a0570072.png
16:26:05.254 [AsyncHttpClient-1-2] DEBUG org.asynchttpclient.netty.handler.WebSocketHandler - Channel Closed: [id: 0x1def122c, L:/127.0.0.1:55249 ! R:localhost/127.0.0.1:55242] with attribute NettyResponseFuture{currentRetry=5,
	isDone=1,
	isCancelled=0,
	asyncHandler=org.asynchttpclient.ws.WebSocketUpgradeHandler@378d9fe,
	nettyRequest=org.asynchttpclient.netty.request.NettyRequest@597ac801,
	future=java.util.concurrent.CompletableFuture@57f0c74f[Completed normally],
	uri=ws://localhost:55242/devtools/browser/b57f37a3-ca6f-4129-a44e-5378ae0f06c5,
	keepAlive=true,
	redirectCount=0,
	timeoutsHolder=null,
	inAuth=0,
	touch=1653038761947}
16:26:05.254 [AsyncHttpClient-1-2] DEBUG org.asynchttpclient.netty.channel.ChannelManager - Closing Channel [id: 0x1def122c, L:/127.0.0.1:55249 ! R:localhost/127.0.0.1:55242] 
16:26:05.255 [Driver Command Executor] DEBUG org.asynchttpclient.netty.request.NettyRequestSender - Using pooled Channel '[id: 0x9d58809e, L:/127.0.0.1:55241 - R:localhost/127.0.0.1:55781]' for 'DELETE' to 'http://localhost:55781/session/c7184d14ecc00db22ae574c2b766538f'
16:26:05.255 [Driver Command Executor] DEBUG org.asynchttpclient.netty.request.NettyRequestSender - Using open Channel [id: 0x9d58809e, L:/127.0.0.1:55241 - R:localhost/127.0.0.1:55781] for DELETE '/session/c7184d14ecc00db22ae574c2b766538f'
16:26:05.361 [AsyncHttpClient-1-9] DEBUG org.asynchttpclient.netty.handler.HttpHandler - Unexpected I/O exception on channel [id: 0x0f272051, L:/127.0.0.1:55248 - R:localhost/127.0.0.1:55242]
java.net.SocketException: Connection reset
	at java.base/sun.nio.ch.SocketChannelImpl.throwConnectionReset(SocketChannelImpl.java:367)
	at java.base/sun.nio.ch.SocketChannelImpl.read(SocketChannelImpl.java:398)
	at io.netty.buffer.PooledByteBuf.setBytes(PooledByteBuf.java:258)
	at io.netty.buffer.AbstractByteBuf.writeBytes(AbstractByteBuf.java:1132)
	at io.netty.channel.socket.nio.NioSocketChannel.doReadBytes(NioSocketChannel.java:350)
	at io.netty.channel.nio.AbstractNioByteChannel$NioByteUnsafe.read(AbstractNioByteChannel.java:151)
	at io.netty.channel.nio.NioEventLoop.processSelectedKey(NioEventLoop.java:722)
	at io.netty.channel.nio.NioEventLoop.processSelectedKeysOptimized(NioEventLoop.java:658)
	at io.netty.channel.nio.NioEventLoop.processSelectedKeys(NioEventLoop.java:584)
	at io.netty.channel.nio.NioEventLoop.run(NioEventLoop.java:496)
	at io.netty.util.concurrent.SingleThreadEventExecutor$4.run(SingleThreadEventExecutor.java:986)
	at io.netty.util.internal.ThreadExecutorMap$2.run(ThreadExecutorMap.java:74)
	at io.netty.util.concurrent.FastThreadLocalRunnable.run(FastThreadLocalRunnable.java:30)
	at java.base/java.lang.Thread.run(Thread.java:832)
16:26:05.361 [AsyncHttpClient-1-9] DEBUG org.asynchttpclient.netty.channel.ChannelManager - Closing Channel [id: 0x0f272051, L:/127.0.0.1:55248 - R:localhost/127.0.0.1:55242] 
16:26:05.361 [AsyncHttpClient-1-9] DEBUG org.asynchttpclient.netty.handler.HttpHandler - Channel Closed: [id: 0x0f272051, L:/127.0.0.1:55248 ! R:localhost/127.0.0.1:55242] with attribute DISCARD
16:26:05.382 [AsyncHttpClient-1-8] DEBUG org.asynchttpclient.netty.handler.HttpHandler - 

Request DefaultFullHttpRequest(decodeResult: success, version: HTTP/1.1, content: EmptyByteBufBE)
DELETE /session/c7184d14ecc00db22ae574c2b766538f HTTP/1.1
User-Agent: selenium/4.1.2 (java windows)
Content-Type: application/json; charset=utf-8
host: localhost:55781
accept: */*

Response DefaultHttpResponse(decodeResult: success, version: HTTP/1.1)
HTTP/1.1 200 OK
Content-Type: application/json; charset=utf-8
cache-control: no-cache
content-length: 14

16:26:05.386 [AsyncHttpClient-1-8] DEBUG org.asynchttpclient.netty.channel.ChannelManager - Adding key: http://localhost:55781 for channel [id: 0x9d58809e, L:/127.0.0.1:55241 - R:localhost/127.0.0.1:55781]
16:26:05.508 [AsyncHttpClient-1-8] DEBUG org.asynchttpclient.netty.handler.HttpHandler - Channel Closed: [id: 0x9d58809e, L:/127.0.0.1:55241 ! R:localhost/127.0.0.1:55781] with attribute DISCARD
16:26:05.915 [AsyncHttpClient-1-1] DEBUG org.asynchttpclient.netty.channel.DefaultChannelPool - Entry count for : http://localhost:55781 : 1
16:26:05.915 [AsyncHttpClient-1-1] DEBUG org.asynchttpclient.netty.channel.DefaultChannelPool - Entry count for : http://localhost:55242 : 1
16:26:05.915 [AsyncHttpClient-1-1] DEBUG org.asynchttpclient.netty.channel.DefaultChannelPool - Adding Candidate expired Channel [id: 0x9d58809e, L:/127.0.0.1:55241 ! R:localhost/127.0.0.1:55781] isIdleTimeoutExpired=false isRemotelyClosed=true isTtlExpired=false
16:26:05.915 [AsyncHttpClient-1-1] DEBUG org.asynchttpclient.netty.channel.DefaultChannelPool - Closing Idle Channel [id: 0x9d58809e, L:/127.0.0.1:55241 ! R:localhost/127.0.0.1:55781]
16:26:05.915 [AsyncHttpClient-1-1] DEBUG org.asynchttpclient.netty.channel.DefaultChannelPool - Adding Candidate expired Channel [id: 0x0f272051, L:/127.0.0.1:55248 ! R:localhost/127.0.0.1:55242] isIdleTimeoutExpired=false isRemotelyClosed=true isTtlExpired=false
16:26:05.915 [AsyncHttpClient-1-1] DEBUG org.asynchttpclient.netty.channel.DefaultChannelPool - Closing Idle Channel [id: 0x0f272051, L:/127.0.0.1:55248 ! R:localhost/127.0.0.1:55242]
16:26:05.915 [AsyncHttpClient-1-1] DEBUG org.asynchttpclient.netty.channel.DefaultChannelPool - Closed 2 connections out of 2 in 0 ms
16:26:06.034 [main] INFO  - 
  _____   ___   ___   _____     ___     _     ___   ___   ___   ___  
 |_   _| | __| / __| |_   _|   | _ \   /_\   / __| / __| | __| |   \ 
   | |   | _|  \__ \   | |     |  _/  / _ \  \__ \ \__ \ | _|  | |) |
   |_|   |___| |___/   |_|     |_|   /_/ \_\ |___/ |___/ |___| |___/ 

Register scenario
----------------------------------------------------------------------
]]></system-out>
    <system-err><![CDATA[Starting ChromeDriver 101.0.4951.41 (93c720db8323b3ec10d056025ab95c23a31997c9-refs/branch-heads/4951@{#904}) on port 55781
Only local connections are allowed.
Please see https://chromedriver.chromium.org/security-considerations for suggestions on keeping ChromeDriver safe.
ChromeDriver was started successfully.
May 20, 2022 4:26:01 PM org.openqa.selenium.remote.ProtocolHandshake createSession
INFO: Detected dialect: W3C
May 20, 2022 4:26:01 PM org.openqa.selenium.devtools.CdpVersionFinder findNearestMatch
WARNING: Unable to find an exact match for CDP version 101, so returning the closest version found: 97
May 20, 2022 4:26:01 PM org.openqa.selenium.devtools.CdpVersionFinder findNearestMatch
INFO: Found CDP implementation for version 101 of 97
]]></system-err>
  </testcase>
  <testcase name="Register scenario #2" classname="Register" time="6.147">
    <system-out><![CDATA[
@Register
Scenario Outline: Register scenario      &amp#27;[90m# src/test/resources/features/Register.feature:18&amp#27;[0m
16:26:06.041 [main] INFO io.cucumber.core.plugin.SerenityReporter - Running feature from file:///D:/data%20hakim/Mini%20Project%20Alterra/WebAlta/src/test/resources/features/Register.feature
16:26:06.059 [main] INFO net.serenitybdd.core.webdriver.driverproviders.ChromeDriverProvider - Using automatically driver download
16:26:06.184 [main] DEBUG io.github.bonigarcia.wdm.cache.ResolutionCache - Resolution chrome=101 in cache (valid until 17:18:55 20/05/2022 WIB)
16:26:06.189 [main] DEBUG io.github.bonigarcia.wdm.cache.ResolutionCache - Resolution chrome101=101.0.4951.41 in cache (valid until 21:21:16 20/05/2022 WIB)
16:26:06.193 [main] INFO io.github.bonigarcia.wdm.WebDriverManager - Using chromedriver 101.0.4951.41 (resolved driver for Chrome 101)
16:26:06.209 [main] DEBUG io.github.bonigarcia.wdm.WebDriverManager - Driver chromedriver 101.0.4951.41 found in cache
16:26:06.209 [main] INFO io.github.bonigarcia.wdm.WebDriverManager - Exporting webdriver.chrome.driver as C:\Users\hp pc\.cache\selenium\chromedriver\win32\101.0.4951.41\chromedriver.exe
16:26:07.001 [main] DEBUG net.serenitybdd.core.webdriver.driverproviders.ProvideNewDriver - Instantiating driver
16:26:07.001 [main] DEBUG net.serenitybdd.core.webdriver.driverproviders.ProvideNewDriver - Driver capabilities: Capabilities {acceptInsecureCerts: false, base.url: https://qa.alta.id/, browserName: chrome, chrome.driver: src/test/resources/webdrive..., driver: chrome, goog:chromeOptions: {args: [], extensions: []}}
16:26:07.540 [AsyncHttpClient-1-3] DEBUG org.asynchttpclient.netty.channel.NettyConnectListener - Using new Channel '[id: 0xed2e15ce, L:/127.0.0.1:55266 - R:localhost/127.0.0.1:56164]' for 'POST' to '/session'
16:26:08.356 [AsyncHttpClient-1-3] DEBUG org.asynchttpclient.netty.handler.HttpHandler - 

Request DefaultHttpRequest(decodeResult: success, version: HTTP/1.1)
POST /session HTTP/1.1
User-Agent: selenium/4.1.2 (java windows)
Content-Length: 605
Content-Type: application/json; charset=utf-8
host: localhost:56164
accept: */*

Response DefaultHttpResponse(decodeResult: success, version: HTTP/1.1)
HTTP/1.1 200 OK
Content-Type: application/json; charset=utf-8
cache-control: no-cache
content-length: 790

16:26:08.356 [AsyncHttpClient-1-3] DEBUG org.asynchttpclient.netty.channel.ChannelManager - Adding key: http://localhost:56164 for channel [id: 0xed2e15ce, L:/127.0.0.1:55266 - R:localhost/127.0.0.1:56164]
16:26:08.361 [AsyncHttpClient-1-4] DEBUG org.asynchttpclient.netty.channel.NettyConnectListener - Using new Channel '[id: 0xc8bd3f6d, L:/127.0.0.1:55273 - R:localhost/127.0.0.1:55267]' for 'GET' to '/json/version'
16:26:08.362 [AsyncHttpClient-1-4] DEBUG org.asynchttpclient.netty.handler.HttpHandler - 

Request DefaultFullHttpRequest(decodeResult: success, version: HTTP/1.1, content: EmptyByteBufBE)
GET /json/version HTTP/1.1
User-Agent: selenium/4.1.2 (java windows)
host: localhost:55267
accept: */*

Response DefaultHttpResponse(decodeResult: success, version: HTTP/1.1)
HTTP/1.1 200 OK
Content-Type: application/json; charset=UTF-8
content-length: 427

16:26:08.362 [AsyncHttpClient-1-4] DEBUG org.asynchttpclient.netty.channel.ChannelManager - Adding key: http://localhost:55267 for channel [id: 0xc8bd3f6d, L:/127.0.0.1:55273 - R:localhost/127.0.0.1:55267]
16:26:08.362 [AsyncHttpClient-1-5] DEBUG org.asynchttpclient.netty.channel.NettyConnectListener - Using new Channel '[id: 0x51be60c1, L:/127.0.0.1:55274 - R:localhost/127.0.0.1:55267]' for 'GET' to '/devtools/browser/da4c34d5-10f2-41fd-8950-60d8c3f7fd37'
16:26:08.364 [AsyncHttpClient-1-5] DEBUG org.asynchttpclient.netty.handler.WebSocketHandler - 

Request DefaultFullHttpRequest(decodeResult: success, version: HTTP/1.1, content: EmptyByteBufBE)
GET /devtools/browser/da4c34d5-10f2-41fd-8950-60d8c3f7fd37 HTTP/1.1
upgrade: websocket
connection: upgrade
sec-websocket-key: sXdBNADBJoCPd+wUTmHeDw==
sec-websocket-version: 13
origin: http://localhost:55267
host: localhost:55267
accept: */*
user-agent: AHC/2.1

Response DefaultHttpResponse(decodeResult: success, version: HTTP/1.1)
HTTP/1.1 101 WebSocket Protocol Handshake
Upgrade: WebSocket
Connection: Upgrade
Sec-WebSocket-Accept: YX0TIKlJF8v9o70QqXw7pngmzhA=

16:26:08.365 [Forwarding maximizeCurrentWindow on session f0c3cfe4eb3eb5b39df06fa577878e45 to remote] DEBUG org.asynchttpclient.netty.request.NettyRequestSender - Using pooled Channel '[id: 0xed2e15ce, L:/127.0.0.1:55266 - R:localhost/127.0.0.1:56164]' for 'POST' to 'http://localhost:56164/session/f0c3cfe4eb3eb5b39df06fa577878e45/window/maximize'
16:26:08.365 [Forwarding maximizeCurrentWindow on session f0c3cfe4eb3eb5b39df06fa577878e45 to remote] DEBUG org.asynchttpclient.netty.request.NettyRequestSender - Using open Channel [id: 0xed2e15ce, L:/127.0.0.1:55266 - R:localhost/127.0.0.1:56164] for POST '/session/f0c3cfe4eb3eb5b39df06fa577878e45/window/maximize'
16:26:08.490 [AsyncHttpClient-1-3] DEBUG org.asynchttpclient.netty.handler.HttpHandler - 

Request DefaultHttpRequest(decodeResult: success, version: HTTP/1.1)
POST /session/f0c3cfe4eb3eb5b39df06fa577878e45/window/maximize HTTP/1.1
User-Agent: selenium/4.1.2 (java windows)
Content-Length: 3
Content-Type: application/json; charset=utf-8
host: localhost:56164
accept: */*

Response DefaultHttpResponse(decodeResult: success, version: HTTP/1.1)
HTTP/1.1 200 OK
Content-Type: application/json; charset=utf-8
cache-control: no-cache
content-length: 51

16:26:08.490 [AsyncHttpClient-1-3] DEBUG org.asynchttpclient.netty.channel.ChannelManager - Adding key: http://localhost:56164 for channel [id: 0xed2e15ce, L:/127.0.0.1:55266 - R:localhost/127.0.0.1:56164]
16:26:08.492 [Forwarding get on session f0c3cfe4eb3eb5b39df06fa577878e45 to remote] DEBUG org.asynchttpclient.netty.request.NettyRequestSender - Using pooled Channel '[id: 0xed2e15ce, L:/127.0.0.1:55266 - R:localhost/127.0.0.1:56164]' for 'POST' to 'http://localhost:56164/session/f0c3cfe4eb3eb5b39df06fa577878e45/url'
16:26:08.492 [Forwarding get on session f0c3cfe4eb3eb5b39df06fa577878e45 to remote] DEBUG org.asynchttpclient.netty.request.NettyRequestSender - Using open Channel [id: 0xed2e15ce, L:/127.0.0.1:55266 - R:localhost/127.0.0.1:56164] for POST '/session/f0c3cfe4eb3eb5b39df06fa577878e45/url'
16:26:09.221 [AsyncHttpClient-1-1] DEBUG org.asynchttpclient.netty.channel.DefaultChannelPool - Entry count for : http://localhost:55267 : 1
16:26:09.311 [AsyncHttpClient-1-3] DEBUG org.asynchttpclient.netty.handler.HttpHandler - 

Request DefaultHttpRequest(decodeResult: success, version: HTTP/1.1)
POST /session/f0c3cfe4eb3eb5b39df06fa577878e45/url HTTP/1.1
User-Agent: selenium/4.1.2 (java windows)
Content-Length: 67
Content-Type: application/json; charset=utf-8
host: localhost:56164
accept: */*

Response DefaultHttpResponse(decodeResult: success, version: HTTP/1.1)
HTTP/1.1 200 OK
Content-Type: application/json; charset=utf-8
cache-control: no-cache
content-length: 14

16:26:09.311 [AsyncHttpClient-1-3] DEBUG org.asynchttpclient.netty.channel.ChannelManager - Adding key: http://localhost:56164 for channel [id: 0xed2e15ce, L:/127.0.0.1:55266 - R:localhost/127.0.0.1:56164]
16:26:09.311 [Forwarding setTimeout on session f0c3cfe4eb3eb5b39df06fa577878e45 to remote] DEBUG org.asynchttpclient.netty.request.NettyRequestSender - Using pooled Channel '[id: 0xed2e15ce, L:/127.0.0.1:55266 - R:localhost/127.0.0.1:56164]' for 'POST' to 'http://localhost:56164/session/f0c3cfe4eb3eb5b39df06fa577878e45/timeouts'
16:26:09.311 [Forwarding setTimeout on session f0c3cfe4eb3eb5b39df06fa577878e45 to remote] DEBUG org.asynchttpclient.netty.request.NettyRequestSender - Using open Channel [id: 0xed2e15ce, L:/127.0.0.1:55266 - R:localhost/127.0.0.1:56164] for POST '/session/f0c3cfe4eb3eb5b39df06fa577878e45/timeouts'
16:26:09.311 [AsyncHttpClient-1-3] DEBUG org.asynchttpclient.netty.handler.HttpHandler - 

Request DefaultHttpRequest(decodeResult: success, version: HTTP/1.1)
POST /session/f0c3cfe4eb3eb5b39df06fa577878e45/timeouts HTTP/1.1
User-Agent: selenium/4.1.2 (java windows)
Content-Length: 23
Content-Type: application/json; charset=utf-8
host: localhost:56164
accept: */*

Response DefaultHttpResponse(decodeResult: success, version: HTTP/1.1)
HTTP/1.1 200 OK
Content-Type: application/json; charset=utf-8
cache-control: no-cache
content-length: 14

16:26:09.311 [AsyncHttpClient-1-3] DEBUG org.asynchttpclient.netty.channel.ChannelManager - Adding key: http://localhost:56164 for channel [id: 0xed2e15ce, L:/127.0.0.1:55266 - R:localhost/127.0.0.1:56164]
16:26:09.314 [Forwarding getCurrentUrl on session f0c3cfe4eb3eb5b39df06fa577878e45 to remote] DEBUG org.asynchttpclient.netty.request.NettyRequestSender - Using pooled Channel '[id: 0xed2e15ce, L:/127.0.0.1:55266 - R:localhost/127.0.0.1:56164]' for 'GET' to 'http://localhost:56164/session/f0c3cfe4eb3eb5b39df06fa577878e45/url'
16:26:09.314 [Forwarding getCurrentUrl on session f0c3cfe4eb3eb5b39df06fa577878e45 to remote] DEBUG org.asynchttpclient.netty.request.NettyRequestSender - Using open Channel [id: 0xed2e15ce, L:/127.0.0.1:55266 - R:localhost/127.0.0.1:56164] for GET '/session/f0c3cfe4eb3eb5b39df06fa577878e45/url'
16:26:09.318 [AsyncHttpClient-1-3] DEBUG org.asynchttpclient.netty.handler.HttpHandler - 

Request DefaultFullHttpRequest(decodeResult: success, version: HTTP/1.1, content: EmptyByteBufBE)
GET /session/f0c3cfe4eb3eb5b39df06fa577878e45/url HTTP/1.1
User-Agent: selenium/4.1.2 (java windows)
Cache-Control: no-cache
Content-Type: application/json; charset=utf-8
host: localhost:56164
accept: */*

Response DefaultHttpResponse(decodeResult: success, version: HTTP/1.1)
HTTP/1.1 200 OK
Content-Type: application/json; charset=utf-8
cache-control: no-cache
content-length: 44

16:26:09.318 [AsyncHttpClient-1-3] DEBUG org.asynchttpclient.netty.channel.ChannelManager - Adding key: http://localhost:56164 for channel [id: 0xed2e15ce, L:/127.0.0.1:55266 - R:localhost/127.0.0.1:56164]
16:26:09.322 [Forwarding screenshot on session f0c3cfe4eb3eb5b39df06fa577878e45 to remote] DEBUG org.asynchttpclient.netty.request.NettyRequestSender - Using pooled Channel '[id: 0xed2e15ce, L:/127.0.0.1:55266 - R:localhost/127.0.0.1:56164]' for 'GET' to 'http://localhost:56164/session/f0c3cfe4eb3eb5b39df06fa577878e45/screenshot'
16:26:09.322 [Forwarding screenshot on session f0c3cfe4eb3eb5b39df06fa577878e45 to remote] DEBUG org.asynchttpclient.netty.request.NettyRequestSender - Using open Channel [id: 0xed2e15ce, L:/127.0.0.1:55266 - R:localhost/127.0.0.1:56164] for GET '/session/f0c3cfe4eb3eb5b39df06fa577878e45/screenshot'
16:26:09.572 [AsyncHttpClient-1-3] DEBUG org.asynchttpclient.netty.handler.HttpHandler - 

Request DefaultFullHttpRequest(decodeResult: success, version: HTTP/1.1, content: EmptyByteBufBE)
GET /session/f0c3cfe4eb3eb5b39df06fa577878e45/screenshot HTTP/1.1
User-Agent: selenium/4.1.2 (java windows)
Cache-Control: no-cache
Content-Type: application/json; charset=utf-8
host: localhost:56164
accept: */*

Response DefaultHttpResponse(decodeResult: success, version: HTTP/1.1)
HTTP/1.1 200 OK
Content-Type: application/json; charset=utf-8
cache-control: no-cache
content-length: 29612

16:26:09.573 [AsyncHttpClient-1-3] DEBUG org.asynchttpclient.netty.channel.ChannelManager - Adding key: http://localhost:56164 for channel [id: 0xed2e15ce, L:/127.0.0.1:55266 - R:localhost/127.0.0.1:56164]
16:26:09.575 [main] DEBUG net.serenitybdd.core.photography.Darkroom - Send negative for processing for target\site\serenity\fbcccbfc142cbf792a2bfdff1d2e9f24344bbc61d767f43922554c6ad0002405.png
16:26:09.576 [main] DEBUG net.thucydides.core.steps.StepInterceptor - STARTING STEP: RegisterStep.iAmOnTheRegisterPage - validateOnRegisterPage
16:26:09.577 [Forwarding findElement on session f0c3cfe4eb3eb5b39df06fa577878e45 to remote] DEBUG org.asynchttpclient.netty.request.NettyRequestSender - Using pooled Channel '[id: 0xed2e15ce, L:/127.0.0.1:55266 - R:localhost/127.0.0.1:56164]' for 'POST' to 'http://localhost:56164/session/f0c3cfe4eb3eb5b39df06fa577878e45/element'
16:26:09.577 [Forwarding findElement on session f0c3cfe4eb3eb5b39df06fa577878e45 to remote] DEBUG org.asynchttpclient.netty.request.NettyRequestSender - Using open Channel [id: 0xed2e15ce, L:/127.0.0.1:55266 - R:localhost/127.0.0.1:56164] for POST '/session/f0c3cfe4eb3eb5b39df06fa577878e45/element'
16:26:09.588 [AsyncHttpClient-1-3] DEBUG org.asynchttpclient.netty.handler.HttpHandler - 

Request DefaultHttpRequest(decodeResult: success, version: HTTP/1.1)
POST /session/f0c3cfe4eb3eb5b39df06fa577878e45/element HTTP/1.1
User-Agent: selenium/4.1.2 (java windows)
Content-Length: 164
Content-Type: application/json; charset=utf-8
host: localhost:56164
accept: */*

Response DefaultHttpResponse(decodeResult: success, version: HTTP/1.1)
HTTP/1.1 200 OK
Content-Type: application/json; charset=utf-8
cache-control: no-cache
content-length: 88

16:26:09.588 [AsyncHttpClient-1-3] DEBUG org.asynchttpclient.netty.channel.ChannelManager - Adding key: http://localhost:56164 for channel [id: 0xed2e15ce, L:/127.0.0.1:55266 - R:localhost/127.0.0.1:56164]
16:26:09.588 [Forwarding isElementDisplayed on session f0c3cfe4eb3eb5b39df06fa577878e45 to remote] DEBUG org.asynchttpclient.netty.request.NettyRequestSender - Using pooled Channel '[id: 0xed2e15ce, L:/127.0.0.1:55266 - R:localhost/127.0.0.1:56164]' for 'POST' to 'http://localhost:56164/session/f0c3cfe4eb3eb5b39df06fa577878e45/execute/sync'
16:26:09.588 [Forwarding isElementDisplayed on session f0c3cfe4eb3eb5b39df06fa577878e45 to remote] DEBUG org.asynchttpclient.netty.request.NettyRequestSender - Using open Channel [id: 0xed2e15ce, L:/127.0.0.1:55266 - R:localhost/127.0.0.1:56164] for POST '/session/f0c3cfe4eb3eb5b39df06fa577878e45/execute/sync'
16:26:09.609 [AsyncHttpClient-1-3] DEBUG org.asynchttpclient.netty.handler.HttpHandler - 

Request DefaultHttpRequest(decodeResult: success, version: HTTP/1.1)
POST /session/f0c3cfe4eb3eb5b39df06fa577878e45/execute/sync HTTP/1.1
User-Agent: selenium/4.1.2 (java windows)
Content-Length: 48780
Content-Type: application/json; charset=utf-8
host: localhost:56164
accept: */*

Response DefaultHttpResponse(decodeResult: success, version: HTTP/1.1)
HTTP/1.1 200 OK
Content-Type: application/json; charset=utf-8
cache-control: no-cache
content-length: 14

16:26:09.609 [AsyncHttpClient-1-3] DEBUG org.asynchttpclient.netty.channel.ChannelManager - Adding key: http://localhost:56164 for channel [id: 0xed2e15ce, L:/127.0.0.1:55266 - R:localhost/127.0.0.1:56164]
16:26:09.609 [main] DEBUG net.thucydides.core.steps.StepInterceptor - STEP DONE: validateOnRegisterPage
  &amp#27;[32mGiven &amp#27;[0m&amp#27;[32mI am on the register page&amp#27;[0m        &amp#27;[90m# Starter.StepDefinitions.RegisterStep.iAmOnTheRegisterPage()&amp#27;[0m
16:26:09.609 [main] DEBUG net.thucydides.core.steps.StepInterceptor - STARTING STEP: RegisterStep.iInputFullName - inputFullName
16:26:09.609 [Forwarding findElement on session f0c3cfe4eb3eb5b39df06fa577878e45 to remote] DEBUG org.asynchttpclient.netty.request.NettyRequestSender - Using pooled Channel '[id: 0xed2e15ce, L:/127.0.0.1:55266 - R:localhost/127.0.0.1:56164]' for 'POST' to 'http://localhost:56164/session/f0c3cfe4eb3eb5b39df06fa577878e45/element'
16:26:09.609 [Forwarding findElement on session f0c3cfe4eb3eb5b39df06fa577878e45 to remote] DEBUG org.asynchttpclient.netty.request.NettyRequestSender - Using open Channel [id: 0xed2e15ce, L:/127.0.0.1:55266 - R:localhost/127.0.0.1:56164] for POST '/session/f0c3cfe4eb3eb5b39df06fa577878e45/element'
16:26:09.635 [AsyncHttpClient-1-3] DEBUG org.asynchttpclient.netty.handler.HttpHandler - 

Request DefaultHttpRequest(decodeResult: success, version: HTTP/1.1)
POST /session/f0c3cfe4eb3eb5b39df06fa577878e45/element HTTP/1.1
User-Agent: selenium/4.1.2 (java windows)
Content-Length: 98
Content-Type: application/json; charset=utf-8
host: localhost:56164
accept: */*

Response DefaultHttpResponse(decodeResult: success, version: HTTP/1.1)
HTTP/1.1 200 OK
Content-Type: application/json; charset=utf-8
cache-control: no-cache
content-length: 88

16:26:09.636 [AsyncHttpClient-1-3] DEBUG org.asynchttpclient.netty.channel.ChannelManager - Adding key: http://localhost:56164 for channel [id: 0xed2e15ce, L:/127.0.0.1:55266 - R:localhost/127.0.0.1:56164]
16:26:09.637 [Forwarding clearElement on session f0c3cfe4eb3eb5b39df06fa577878e45 to remote] DEBUG org.asynchttpclient.netty.request.NettyRequestSender - Using pooled Channel '[id: 0xed2e15ce, L:/127.0.0.1:55266 - R:localhost/127.0.0.1:56164]' for 'POST' to 'http://localhost:56164/session/f0c3cfe4eb3eb5b39df06fa577878e45/element/184ca4dc-9a5c-4ae7-b17c-cee81c5cef36/clear'
16:26:09.637 [Forwarding clearElement on session f0c3cfe4eb3eb5b39df06fa577878e45 to remote] DEBUG org.asynchttpclient.netty.request.NettyRequestSender - Using open Channel [id: 0xed2e15ce, L:/127.0.0.1:55266 - R:localhost/127.0.0.1:56164] for POST '/session/f0c3cfe4eb3eb5b39df06fa577878e45/element/184ca4dc-9a5c-4ae7-b17c-cee81c5cef36/clear'
16:26:09.667 [AsyncHttpClient-1-3] DEBUG org.asynchttpclient.netty.handler.HttpHandler - 

Request DefaultHttpRequest(decodeResult: success, version: HTTP/1.1)
POST /session/f0c3cfe4eb3eb5b39df06fa577878e45/element/184ca4dc-9a5c-4ae7-b17c-cee81c5cef36/clear HTTP/1.1
User-Agent: selenium/4.1.2 (java windows)
Content-Length: 50
Content-Type: application/json; charset=utf-8
host: localhost:56164
accept: */*

Response DefaultHttpResponse(decodeResult: success, version: HTTP/1.1)
HTTP/1.1 200 OK
Content-Type: application/json; charset=utf-8
cache-control: no-cache
content-length: 14

16:26:09.667 [AsyncHttpClient-1-3] DEBUG org.asynchttpclient.netty.channel.ChannelManager - Adding key: http://localhost:56164 for channel [id: 0xed2e15ce, L:/127.0.0.1:55266 - R:localhost/127.0.0.1:56164]
16:26:09.667 [Forwarding sendKeysToElement on session f0c3cfe4eb3eb5b39df06fa577878e45 to remote] DEBUG org.asynchttpclient.netty.request.NettyRequestSender - Using pooled Channel '[id: 0xed2e15ce, L:/127.0.0.1:55266 - R:localhost/127.0.0.1:56164]' for 'POST' to 'http://localhost:56164/session/f0c3cfe4eb3eb5b39df06fa577878e45/element/184ca4dc-9a5c-4ae7-b17c-cee81c5cef36/value'
16:26:09.667 [Forwarding sendKeysToElement on session f0c3cfe4eb3eb5b39df06fa577878e45 to remote] DEBUG org.asynchttpclient.netty.request.NettyRequestSender - Using open Channel [id: 0xed2e15ce, L:/127.0.0.1:55266 - R:localhost/127.0.0.1:56164] for POST '/session/f0c3cfe4eb3eb5b39df06fa577878e45/element/184ca4dc-9a5c-4ae7-b17c-cee81c5cef36/value'
16:26:09.767 [AsyncHttpClient-1-3] DEBUG org.asynchttpclient.netty.handler.HttpHandler - 

Request DefaultHttpRequest(decodeResult: success, version: HTTP/1.1)
POST /session/f0c3cfe4eb3eb5b39df06fa577878e45/element/184ca4dc-9a5c-4ae7-b17c-cee81c5cef36/value HTTP/1.1
User-Agent: selenium/4.1.2 (java windows)
Content-Length: 151
Content-Type: application/json; charset=utf-8
host: localhost:56164
accept: */*

Response DefaultHttpResponse(decodeResult: success, version: HTTP/1.1)
HTTP/1.1 200 OK
Content-Type: application/json; charset=utf-8
cache-control: no-cache
content-length: 14

16:26:09.767 [AsyncHttpClient-1-3] DEBUG org.asynchttpclient.netty.channel.ChannelManager - Adding key: http://localhost:56164 for channel [id: 0xed2e15ce, L:/127.0.0.1:55266 - R:localhost/127.0.0.1:56164]
16:26:09.771 [Forwarding screenshot on session f0c3cfe4eb3eb5b39df06fa577878e45 to remote] DEBUG org.asynchttpclient.netty.request.NettyRequestSender - Using pooled Channel '[id: 0xed2e15ce, L:/127.0.0.1:55266 - R:localhost/127.0.0.1:56164]' for 'GET' to 'http://localhost:56164/session/f0c3cfe4eb3eb5b39df06fa577878e45/screenshot'
16:26:09.771 [Forwarding screenshot on session f0c3cfe4eb3eb5b39df06fa577878e45 to remote] DEBUG org.asynchttpclient.netty.request.NettyRequestSender - Using open Channel [id: 0xed2e15ce, L:/127.0.0.1:55266 - R:localhost/127.0.0.1:56164] for GET '/session/f0c3cfe4eb3eb5b39df06fa577878e45/screenshot'
16:26:09.955 [AsyncHttpClient-1-3] DEBUG org.asynchttpclient.netty.handler.HttpHandler - 

Request DefaultFullHttpRequest(decodeResult: success, version: HTTP/1.1, content: EmptyByteBufBE)
GET /session/f0c3cfe4eb3eb5b39df06fa577878e45/screenshot HTTP/1.1
User-Agent: selenium/4.1.2 (java windows)
Cache-Control: no-cache
Content-Type: application/json; charset=utf-8
host: localhost:56164
accept: */*

Response DefaultHttpResponse(decodeResult: success, version: HTTP/1.1)
HTTP/1.1 200 OK
Content-Type: application/json; charset=utf-8
cache-control: no-cache
content-length: 31104

16:26:09.955 [AsyncHttpClient-1-3] DEBUG org.asynchttpclient.netty.channel.ChannelManager - Adding key: http://localhost:56164 for channel [id: 0xed2e15ce, L:/127.0.0.1:55266 - R:localhost/127.0.0.1:56164]
16:26:09.958 [main] DEBUG net.serenitybdd.core.photography.Darkroom - Send negative for processing for target\site\serenity\7ef17fe842332e126de81dc8dfa40dec7fb36144dedbfe617aab91ee0f7b0e23.png
16:26:09.958 [main] DEBUG net.thucydides.core.steps.StepInterceptor - STEP DONE: inputFullName
16:26:09.958 [Darkroom Processing Line] DEBUG net.serenitybdd.core.photography.DarkroomProcessingLine - Processing screenshot image in /var/screenshots/screenshot-17897728695069954325
  &amp#27;[32mWhen &amp#27;[0m&amp#27;[32mI input &amp#27;[0m&amp#27;[32m&amp#27;[1m"Hakim01"&amp#27;[0m&amp#27;[32m fullName&amp#27;[0m        &amp#27;[90m# Starter.StepDefinitions.RegisterStep.iInputFullName(java.lang.String)&amp#27;[0m
16:26:09.958 [Darkroom Processing Line] DEBUG net.serenitybdd.core.photography.DarkroomProcessingLine - Saving screenshot to target\site\serenity\7ef17fe842332e126de81dc8dfa40dec7fb36144dedbfe617aab91ee0f7b0e23.png
16:26:09.967 [main] DEBUG net.thucydides.core.steps.StepInterceptor - STARTING STEP: RegisterStep.iInputEmail - inputEmail
16:26:09.972 [Forwarding findElement on session f0c3cfe4eb3eb5b39df06fa577878e45 to remote] DEBUG org.asynchttpclient.netty.request.NettyRequestSender - Using pooled Channel '[id: 0xed2e15ce, L:/127.0.0.1:55266 - R:localhost/127.0.0.1:56164]' for 'POST' to 'http://localhost:56164/session/f0c3cfe4eb3eb5b39df06fa577878e45/element'
16:26:09.972 [Forwarding findElement on session f0c3cfe4eb3eb5b39df06fa577878e45 to remote] DEBUG org.asynchttpclient.netty.request.NettyRequestSender - Using open Channel [id: 0xed2e15ce, L:/127.0.0.1:55266 - R:localhost/127.0.0.1:56164] for POST '/session/f0c3cfe4eb3eb5b39df06fa577878e45/element'
16:26:09.974 [AsyncHttpClient-1-3] DEBUG org.asynchttpclient.netty.handler.HttpHandler - 

Request DefaultHttpRequest(decodeResult: success, version: HTTP/1.1)
POST /session/f0c3cfe4eb3eb5b39df06fa577878e45/element HTTP/1.1
User-Agent: selenium/4.1.2 (java windows)
Content-Length: 91
Content-Type: application/json; charset=utf-8
host: localhost:56164
accept: */*

Response DefaultHttpResponse(decodeResult: success, version: HTTP/1.1)
HTTP/1.1 200 OK
Content-Type: application/json; charset=utf-8
cache-control: no-cache
content-length: 88

16:26:09.974 [AsyncHttpClient-1-3] DEBUG org.asynchttpclient.netty.channel.ChannelManager - Adding key: http://localhost:56164 for channel [id: 0xed2e15ce, L:/127.0.0.1:55266 - R:localhost/127.0.0.1:56164]
16:26:09.983 [Forwarding clearElement on session f0c3cfe4eb3eb5b39df06fa577878e45 to remote] DEBUG org.asynchttpclient.netty.request.NettyRequestSender - Using pooled Channel '[id: 0xed2e15ce, L:/127.0.0.1:55266 - R:localhost/127.0.0.1:56164]' for 'POST' to 'http://localhost:56164/session/f0c3cfe4eb3eb5b39df06fa577878e45/element/5ed806e0-71a5-4d67-aa35-1e9008a35c4b/clear'
16:26:09.983 [Forwarding clearElement on session f0c3cfe4eb3eb5b39df06fa577878e45 to remote] DEBUG org.asynchttpclient.netty.request.NettyRequestSender - Using open Channel [id: 0xed2e15ce, L:/127.0.0.1:55266 - R:localhost/127.0.0.1:56164] for POST '/session/f0c3cfe4eb3eb5b39df06fa577878e45/element/5ed806e0-71a5-4d67-aa35-1e9008a35c4b/clear'
16:26:10.015 [AsyncHttpClient-1-3] DEBUG org.asynchttpclient.netty.handler.HttpHandler - 

Request DefaultHttpRequest(decodeResult: success, version: HTTP/1.1)
POST /session/f0c3cfe4eb3eb5b39df06fa577878e45/element/5ed806e0-71a5-4d67-aa35-1e9008a35c4b/clear HTTP/1.1
User-Agent: selenium/4.1.2 (java windows)
Content-Length: 50
Content-Type: application/json; charset=utf-8
host: localhost:56164
accept: */*

Response DefaultHttpResponse(decodeResult: success, version: HTTP/1.1)
HTTP/1.1 200 OK
Content-Type: application/json; charset=utf-8
cache-control: no-cache
content-length: 14

16:26:10.015 [AsyncHttpClient-1-3] DEBUG org.asynchttpclient.netty.channel.ChannelManager - Adding key: http://localhost:56164 for channel [id: 0xed2e15ce, L:/127.0.0.1:55266 - R:localhost/127.0.0.1:56164]
16:26:10.015 [Forwarding sendKeysToElement on session f0c3cfe4eb3eb5b39df06fa577878e45 to remote] DEBUG org.asynchttpclient.netty.request.NettyRequestSender - Using pooled Channel '[id: 0xed2e15ce, L:/127.0.0.1:55266 - R:localhost/127.0.0.1:56164]' for 'POST' to 'http://localhost:56164/session/f0c3cfe4eb3eb5b39df06fa577878e45/element/5ed806e0-71a5-4d67-aa35-1e9008a35c4b/value'
16:26:10.015 [Forwarding sendKeysToElement on session f0c3cfe4eb3eb5b39df06fa577878e45 to remote] DEBUG org.asynchttpclient.netty.request.NettyRequestSender - Using open Channel [id: 0xed2e15ce, L:/127.0.0.1:55266 - R:localhost/127.0.0.1:56164] for POST '/session/f0c3cfe4eb3eb5b39df06fa577878e45/element/5ed806e0-71a5-4d67-aa35-1e9008a35c4b/value'
16:26:10.146 [AsyncHttpClient-1-3] DEBUG org.asynchttpclient.netty.handler.HttpHandler - 

Request DefaultHttpRequest(decodeResult: success, version: HTTP/1.1)
POST /session/f0c3cfe4eb3eb5b39df06fa577878e45/element/5ed806e0-71a5-4d67-aa35-1e9008a35c4b/value HTTP/1.1
User-Agent: selenium/4.1.2 (java windows)
Content-Length: 261
Content-Type: application/json; charset=utf-8
host: localhost:56164
accept: */*

Response DefaultHttpResponse(decodeResult: success, version: HTTP/1.1)
HTTP/1.1 200 OK
Content-Type: application/json; charset=utf-8
cache-control: no-cache
content-length: 14

16:26:10.146 [AsyncHttpClient-1-3] DEBUG org.asynchttpclient.netty.channel.ChannelManager - Adding key: http://localhost:56164 for channel [id: 0xed2e15ce, L:/127.0.0.1:55266 - R:localhost/127.0.0.1:56164]
16:26:10.146 [Forwarding screenshot on session f0c3cfe4eb3eb5b39df06fa577878e45 to remote] DEBUG org.asynchttpclient.netty.request.NettyRequestSender - Using pooled Channel '[id: 0xed2e15ce, L:/127.0.0.1:55266 - R:localhost/127.0.0.1:56164]' for 'GET' to 'http://localhost:56164/session/f0c3cfe4eb3eb5b39df06fa577878e45/screenshot'
16:26:10.146 [Forwarding screenshot on session f0c3cfe4eb3eb5b39df06fa577878e45 to remote] DEBUG org.asynchttpclient.netty.request.NettyRequestSender - Using open Channel [id: 0xed2e15ce, L:/127.0.0.1:55266 - R:localhost/127.0.0.1:56164] for GET '/session/f0c3cfe4eb3eb5b39df06fa577878e45/screenshot'
16:26:10.297 [AsyncHttpClient-1-3] DEBUG org.asynchttpclient.netty.handler.HttpHandler - 

Request DefaultFullHttpRequest(decodeResult: success, version: HTTP/1.1, content: EmptyByteBufBE)
GET /session/f0c3cfe4eb3eb5b39df06fa577878e45/screenshot HTTP/1.1
User-Agent: selenium/4.1.2 (java windows)
Cache-Control: no-cache
Content-Type: application/json; charset=utf-8
host: localhost:56164
accept: */*

Response DefaultHttpResponse(decodeResult: success, version: HTTP/1.1)
HTTP/1.1 200 OK
Content-Type: application/json; charset=utf-8
cache-control: no-cache
content-length: 34068

16:26:10.297 [AsyncHttpClient-1-3] DEBUG org.asynchttpclient.netty.channel.ChannelManager - Adding key: http://localhost:56164 for channel [id: 0xed2e15ce, L:/127.0.0.1:55266 - R:localhost/127.0.0.1:56164]
16:26:10.297 [main] DEBUG net.serenitybdd.core.photography.Darkroom - Send negative for processing for target\site\serenity\bc603d8adf43252544708e7316936ed8084a4f0e563db2ae36ece11511150864.png
16:26:10.297 [main] DEBUG net.thucydides.core.steps.StepInterceptor - STEP DONE: inputEmail
  &amp#27;[32mAnd &amp#27;[0m&amp#27;[32mI input &amp#27;[0m&amp#27;[32m&amp#27;[1m"hakim001@gmail.com"&amp#27;[0m&amp#27;[32m Email&amp#27;[0m &amp#27;[90m# Starter.StepDefinitions.RegisterStep.iInputEmail(java.lang.String)&amp#27;[0m
16:26:10.297 [Darkroom Processing Line] DEBUG net.serenitybdd.core.photography.DarkroomProcessingLine - Processing screenshot image in /var/screenshots/screenshot-7993630396210148807
16:26:10.297 [Darkroom Processing Line] DEBUG net.serenitybdd.core.photography.DarkroomProcessingLine - Saving screenshot to target\site\serenity\bc603d8adf43252544708e7316936ed8084a4f0e563db2ae36ece11511150864.png
16:26:10.317 [AsyncHttpClient-1-1] DEBUG org.asynchttpclient.netty.channel.DefaultChannelPool - Entry count for : http://localhost:56164 : 1
16:26:10.317 [AsyncHttpClient-1-1] DEBUG org.asynchttpclient.netty.channel.DefaultChannelPool - Entry count for : http://localhost:55267 : 1
16:26:10.322 [main] DEBUG net.thucydides.core.steps.StepInterceptor - STARTING STEP: RegisterStep.iInputPassword - inputPassword
16:26:10.324 [Forwarding findElement on session f0c3cfe4eb3eb5b39df06fa577878e45 to remote] DEBUG org.asynchttpclient.netty.request.NettyRequestSender - Using pooled Channel '[id: 0xed2e15ce, L:/127.0.0.1:55266 - R:localhost/127.0.0.1:56164]' for 'POST' to 'http://localhost:56164/session/f0c3cfe4eb3eb5b39df06fa577878e45/element'
16:26:10.325 [Forwarding findElement on session f0c3cfe4eb3eb5b39df06fa577878e45 to remote] DEBUG org.asynchttpclient.netty.request.NettyRequestSender - Using open Channel [id: 0xed2e15ce, L:/127.0.0.1:55266 - R:localhost/127.0.0.1:56164] for POST '/session/f0c3cfe4eb3eb5b39df06fa577878e45/element'
16:26:10.330 [AsyncHttpClient-1-3] DEBUG org.asynchttpclient.netty.handler.HttpHandler - 

Request DefaultHttpRequest(decodeResult: success, version: HTTP/1.1)
POST /session/f0c3cfe4eb3eb5b39df06fa577878e45/element HTTP/1.1
User-Agent: selenium/4.1.2 (java windows)
Content-Length: 94
Content-Type: application/json; charset=utf-8
host: localhost:56164
accept: */*

Response DefaultHttpResponse(decodeResult: success, version: HTTP/1.1)
HTTP/1.1 200 OK
Content-Type: application/json; charset=utf-8
cache-control: no-cache
content-length: 88

16:26:10.330 [AsyncHttpClient-1-3] DEBUG org.asynchttpclient.netty.channel.ChannelManager - Adding key: http://localhost:56164 for channel [id: 0xed2e15ce, L:/127.0.0.1:55266 - R:localhost/127.0.0.1:56164]
16:26:10.336 [Forwarding clearElement on session f0c3cfe4eb3eb5b39df06fa577878e45 to remote] DEBUG org.asynchttpclient.netty.request.NettyRequestSender - Using pooled Channel '[id: 0xed2e15ce, L:/127.0.0.1:55266 - R:localhost/127.0.0.1:56164]' for 'POST' to 'http://localhost:56164/session/f0c3cfe4eb3eb5b39df06fa577878e45/element/3002d116-6e7c-47ce-b196-c3037ac56e04/clear'
16:26:10.336 [Forwarding clearElement on session f0c3cfe4eb3eb5b39df06fa577878e45 to remote] DEBUG org.asynchttpclient.netty.request.NettyRequestSender - Using open Channel [id: 0xed2e15ce, L:/127.0.0.1:55266 - R:localhost/127.0.0.1:56164] for POST '/session/f0c3cfe4eb3eb5b39df06fa577878e45/element/3002d116-6e7c-47ce-b196-c3037ac56e04/clear'
16:26:10.379 [AsyncHttpClient-1-3] DEBUG org.asynchttpclient.netty.handler.HttpHandler - 

Request DefaultHttpRequest(decodeResult: success, version: HTTP/1.1)
POST /session/f0c3cfe4eb3eb5b39df06fa577878e45/element/3002d116-6e7c-47ce-b196-c3037ac56e04/clear HTTP/1.1
User-Agent: selenium/4.1.2 (java windows)
Content-Length: 50
Content-Type: application/json; charset=utf-8
host: localhost:56164
accept: */*

Response DefaultHttpResponse(decodeResult: success, version: HTTP/1.1)
HTTP/1.1 200 OK
Content-Type: application/json; charset=utf-8
cache-control: no-cache
content-length: 14

16:26:10.379 [AsyncHttpClient-1-3] DEBUG org.asynchttpclient.netty.channel.ChannelManager - Adding key: http://localhost:56164 for channel [id: 0xed2e15ce, L:/127.0.0.1:55266 - R:localhost/127.0.0.1:56164]
16:26:10.381 [Forwarding sendKeysToElement on session f0c3cfe4eb3eb5b39df06fa577878e45 to remote] DEBUG org.asynchttpclient.netty.request.NettyRequestSender - Using pooled Channel '[id: 0xed2e15ce, L:/127.0.0.1:55266 - R:localhost/127.0.0.1:56164]' for 'POST' to 'http://localhost:56164/session/f0c3cfe4eb3eb5b39df06fa577878e45/element/3002d116-6e7c-47ce-b196-c3037ac56e04/value'
16:26:10.381 [Forwarding sendKeysToElement on session f0c3cfe4eb3eb5b39df06fa577878e45 to remote] DEBUG org.asynchttpclient.netty.request.NettyRequestSender - Using open Channel [id: 0xed2e15ce, L:/127.0.0.1:55266 - R:localhost/127.0.0.1:56164] for POST '/session/f0c3cfe4eb3eb5b39df06fa577878e45/element/3002d116-6e7c-47ce-b196-c3037ac56e04/value'
16:26:10.428 [AsyncHttpClient-1-3] DEBUG org.asynchttpclient.netty.handler.HttpHandler - 

Request DefaultHttpRequest(decodeResult: success, version: HTTP/1.1)
POST /session/f0c3cfe4eb3eb5b39df06fa577878e45/element/3002d116-6e7c-47ce-b196-c3037ac56e04/value HTTP/1.1
User-Agent: selenium/4.1.2 (java windows)
Content-Length: 82
Content-Type: application/json; charset=utf-8
host: localhost:56164
accept: */*

Response DefaultHttpResponse(decodeResult: success, version: HTTP/1.1)
HTTP/1.1 200 OK
Content-Type: application/json; charset=utf-8
cache-control: no-cache
content-length: 14

16:26:10.428 [AsyncHttpClient-1-3] DEBUG org.asynchttpclient.netty.channel.ChannelManager - Adding key: http://localhost:56164 for channel [id: 0xed2e15ce, L:/127.0.0.1:55266 - R:localhost/127.0.0.1:56164]
16:26:10.428 [Forwarding screenshot on session f0c3cfe4eb3eb5b39df06fa577878e45 to remote] DEBUG org.asynchttpclient.netty.request.NettyRequestSender - Using pooled Channel '[id: 0xed2e15ce, L:/127.0.0.1:55266 - R:localhost/127.0.0.1:56164]' for 'GET' to 'http://localhost:56164/session/f0c3cfe4eb3eb5b39df06fa577878e45/screenshot'
16:26:10.428 [Forwarding screenshot on session f0c3cfe4eb3eb5b39df06fa577878e45 to remote] DEBUG org.asynchttpclient.netty.request.NettyRequestSender - Using open Channel [id: 0xed2e15ce, L:/127.0.0.1:55266 - R:localhost/127.0.0.1:56164] for GET '/session/f0c3cfe4eb3eb5b39df06fa577878e45/screenshot'
16:26:10.589 [AsyncHttpClient-1-3] DEBUG org.asynchttpclient.netty.handler.HttpHandler - 

Request DefaultFullHttpRequest(decodeResult: success, version: HTTP/1.1, content: EmptyByteBufBE)
GET /session/f0c3cfe4eb3eb5b39df06fa577878e45/screenshot HTTP/1.1
User-Agent: selenium/4.1.2 (java windows)
Cache-Control: no-cache
Content-Type: application/json; charset=utf-8
host: localhost:56164
accept: */*

Response DefaultHttpResponse(decodeResult: success, version: HTTP/1.1)
HTTP/1.1 200 OK
Content-Type: application/json; charset=utf-8
cache-control: no-cache
content-length: 33568

16:26:10.589 [AsyncHttpClient-1-3] DEBUG org.asynchttpclient.netty.channel.ChannelManager - Adding key: http://localhost:56164 for channel [id: 0xed2e15ce, L:/127.0.0.1:55266 - R:localhost/127.0.0.1:56164]
16:26:10.591 [main] DEBUG net.serenitybdd.core.photography.Darkroom - Send negative for processing for target\site\serenity\404f11a17aead3744429ccd94ad169d22c8097ef2fe04c1698606ce105b28291.png
16:26:10.591 [main] DEBUG net.thucydides.core.steps.StepInterceptor - STEP DONE: inputPassword
16:26:10.591 [Darkroom Processing Line] DEBUG net.serenitybdd.core.photography.DarkroomProcessingLine - Processing screenshot image in /var/screenshots/screenshot-11580538573224781851
16:26:10.591 [Darkroom Processing Line] DEBUG net.serenitybdd.core.photography.DarkroomProcessingLine - Saving screenshot to target\site\serenity\404f11a17aead3744429ccd94ad169d22c8097ef2fe04c1698606ce105b28291.png
  &amp#27;[32mAnd &amp#27;[0m&amp#27;[32mI input &amp#27;[0m&amp#27;[32m&amp#27;[1m""&amp#27;[0m&amp#27;[32m Password&amp#27;[0m                &amp#27;[90m# Starter.StepDefinitions.RegisterStep.iInputPassword(java.lang.String)&amp#27;[0m
16:26:10.607 [main] DEBUG net.thucydides.core.steps.StepInterceptor - STARTING STEP: RegisterStep.clickRegisterButton - scrollTo
16:26:10.608 [Forwarding findElement on session f0c3cfe4eb3eb5b39df06fa577878e45 to remote] DEBUG org.asynchttpclient.netty.request.NettyRequestSender - Using pooled Channel '[id: 0xed2e15ce, L:/127.0.0.1:55266 - R:localhost/127.0.0.1:56164]' for 'POST' to 'http://localhost:56164/session/f0c3cfe4eb3eb5b39df06fa577878e45/element'
16:26:10.608 [Forwarding findElement on session f0c3cfe4eb3eb5b39df06fa577878e45 to remote] DEBUG org.asynchttpclient.netty.request.NettyRequestSender - Using open Channel [id: 0xed2e15ce, L:/127.0.0.1:55266 - R:localhost/127.0.0.1:56164] for POST '/session/f0c3cfe4eb3eb5b39df06fa577878e45/element'
16:26:10.626 [AsyncHttpClient-1-3] DEBUG org.asynchttpclient.netty.handler.HttpHandler - 

Request DefaultHttpRequest(decodeResult: success, version: HTTP/1.1)
POST /session/f0c3cfe4eb3eb5b39df06fa577878e45/element HTTP/1.1
User-Agent: selenium/4.1.2 (java windows)
Content-Length: 73
Content-Type: application/json; charset=utf-8
host: localhost:56164
accept: */*

Response DefaultHttpResponse(decodeResult: success, version: HTTP/1.1)
HTTP/1.1 200 OK
Content-Type: application/json; charset=utf-8
cache-control: no-cache
content-length: 88

16:26:10.626 [AsyncHttpClient-1-3] DEBUG org.asynchttpclient.netty.channel.ChannelManager - Adding key: http://localhost:56164 for channel [id: 0xed2e15ce, L:/127.0.0.1:55266 - R:localhost/127.0.0.1:56164]
16:26:10.626 [Forwarding actions on session f0c3cfe4eb3eb5b39df06fa577878e45 to remote] DEBUG org.asynchttpclient.netty.request.NettyRequestSender - Using pooled Channel '[id: 0xed2e15ce, L:/127.0.0.1:55266 - R:localhost/127.0.0.1:56164]' for 'POST' to 'http://localhost:56164/session/f0c3cfe4eb3eb5b39df06fa577878e45/actions'
16:26:10.626 [Forwarding actions on session f0c3cfe4eb3eb5b39df06fa577878e45 to remote] DEBUG org.asynchttpclient.netty.request.NettyRequestSender - Using open Channel [id: 0xed2e15ce, L:/127.0.0.1:55266 - R:localhost/127.0.0.1:56164] for POST '/session/f0c3cfe4eb3eb5b39df06fa577878e45/actions'
16:26:10.747 [AsyncHttpClient-1-3] DEBUG org.asynchttpclient.netty.handler.HttpHandler - 

Request DefaultHttpRequest(decodeResult: success, version: HTTP/1.1)
POST /session/f0c3cfe4eb3eb5b39df06fa577878e45/actions HTTP/1.1
User-Agent: selenium/4.1.2 (java windows)
Content-Length: 480
Content-Type: application/json; charset=utf-8
host: localhost:56164
accept: */*

Response DefaultHttpResponse(decodeResult: success, version: HTTP/1.1)
HTTP/1.1 200 OK
Content-Type: application/json; charset=utf-8
cache-control: no-cache
content-length: 14

16:26:10.747 [AsyncHttpClient-1-3] DEBUG org.asynchttpclient.netty.channel.ChannelManager - Adding key: http://localhost:56164 for channel [id: 0xed2e15ce, L:/127.0.0.1:55266 - R:localhost/127.0.0.1:56164]
16:26:10.747 [Forwarding screenshot on session f0c3cfe4eb3eb5b39df06fa577878e45 to remote] DEBUG org.asynchttpclient.netty.request.NettyRequestSender - Using pooled Channel '[id: 0xed2e15ce, L:/127.0.0.1:55266 - R:localhost/127.0.0.1:56164]' for 'GET' to 'http://localhost:56164/session/f0c3cfe4eb3eb5b39df06fa577878e45/screenshot'
16:26:10.747 [Forwarding screenshot on session f0c3cfe4eb3eb5b39df06fa577878e45 to remote] DEBUG org.asynchttpclient.netty.request.NettyRequestSender - Using open Channel [id: 0xed2e15ce, L:/127.0.0.1:55266 - R:localhost/127.0.0.1:56164] for GET '/session/f0c3cfe4eb3eb5b39df06fa577878e45/screenshot'
16:26:10.931 [AsyncHttpClient-1-3] DEBUG org.asynchttpclient.netty.handler.HttpHandler - 

Request DefaultFullHttpRequest(decodeResult: success, version: HTTP/1.1, content: EmptyByteBufBE)
GET /session/f0c3cfe4eb3eb5b39df06fa577878e45/screenshot HTTP/1.1
User-Agent: selenium/4.1.2 (java windows)
Cache-Control: no-cache
Content-Type: application/json; charset=utf-8
host: localhost:56164
accept: */*

Response DefaultHttpResponse(decodeResult: success, version: HTTP/1.1)
HTTP/1.1 200 OK
Content-Type: application/json; charset=utf-8
cache-control: no-cache
content-length: 32600

16:26:10.931 [AsyncHttpClient-1-3] DEBUG org.asynchttpclient.netty.channel.ChannelManager - Adding key: http://localhost:56164 for channel [id: 0xed2e15ce, L:/127.0.0.1:55266 - R:localhost/127.0.0.1:56164]
16:26:10.931 [main] DEBUG net.serenitybdd.core.photography.Darkroom - Send negative for processing for target\site\serenity\927e0a4eda2a440bfb3401c5bae105293ff8daa5c5331864ac94186acae838b3.png
16:26:10.931 [main] DEBUG net.thucydides.core.steps.StepInterceptor - STEP DONE: scrollTo
16:26:10.931 [Darkroom Processing Line] DEBUG net.serenitybdd.core.photography.DarkroomProcessingLine - Processing screenshot image in /var/screenshots/screenshot-6676117272520099639
16:26:10.931 [Darkroom Processing Line] DEBUG net.serenitybdd.core.photography.DarkroomProcessingLine - Saving screenshot to target\site\serenity\927e0a4eda2a440bfb3401c5bae105293ff8daa5c5331864ac94186acae838b3.png
16:26:10.935 [main] DEBUG net.thucydides.core.steps.StepInterceptor - STARTING STEP: RegisterStep.clickRegisterButton - clickRegisterButton
16:26:10.940 [Forwarding findElement on session f0c3cfe4eb3eb5b39df06fa577878e45 to remote] DEBUG org.asynchttpclient.netty.request.NettyRequestSender - Using pooled Channel '[id: 0xed2e15ce, L:/127.0.0.1:55266 - R:localhost/127.0.0.1:56164]' for 'POST' to 'http://localhost:56164/session/f0c3cfe4eb3eb5b39df06fa577878e45/element'
16:26:10.940 [Forwarding findElement on session f0c3cfe4eb3eb5b39df06fa577878e45 to remote] DEBUG org.asynchttpclient.netty.request.NettyRequestSender - Using open Channel [id: 0xed2e15ce, L:/127.0.0.1:55266 - R:localhost/127.0.0.1:56164] for POST '/session/f0c3cfe4eb3eb5b39df06fa577878e45/element'
16:26:10.940 [AsyncHttpClient-1-3] DEBUG org.asynchttpclient.netty.handler.HttpHandler - 

Request DefaultHttpRequest(decodeResult: success, version: HTTP/1.1)
POST /session/f0c3cfe4eb3eb5b39df06fa577878e45/element HTTP/1.1
User-Agent: selenium/4.1.2 (java windows)
Content-Length: 164
Content-Type: application/json; charset=utf-8
host: localhost:56164
accept: */*

Response DefaultHttpResponse(decodeResult: success, version: HTTP/1.1)
HTTP/1.1 200 OK
Content-Type: application/json; charset=utf-8
cache-control: no-cache
content-length: 88

16:26:10.940 [AsyncHttpClient-1-3] DEBUG org.asynchttpclient.netty.channel.ChannelManager - Adding key: http://localhost:56164 for channel [id: 0xed2e15ce, L:/127.0.0.1:55266 - R:localhost/127.0.0.1:56164]
16:26:10.940 [Forwarding getElementTagName on session f0c3cfe4eb3eb5b39df06fa577878e45 to remote] DEBUG org.asynchttpclient.netty.request.NettyRequestSender - Using pooled Channel '[id: 0xed2e15ce, L:/127.0.0.1:55266 - R:localhost/127.0.0.1:56164]' for 'GET' to 'http://localhost:56164/session/f0c3cfe4eb3eb5b39df06fa577878e45/element/c94339be-c681-4338-8c9a-b1f697a6e3b3/name'
16:26:10.940 [Forwarding getElementTagName on session f0c3cfe4eb3eb5b39df06fa577878e45 to remote] DEBUG org.asynchttpclient.netty.request.NettyRequestSender - Using open Channel [id: 0xed2e15ce, L:/127.0.0.1:55266 - R:localhost/127.0.0.1:56164] for GET '/session/f0c3cfe4eb3eb5b39df06fa577878e45/element/c94339be-c681-4338-8c9a-b1f697a6e3b3/name'
16:26:10.949 [AsyncHttpClient-1-3] DEBUG org.asynchttpclient.netty.handler.HttpHandler - 

Request DefaultFullHttpRequest(decodeResult: success, version: HTTP/1.1, content: EmptyByteBufBE)
GET /session/f0c3cfe4eb3eb5b39df06fa577878e45/element/c94339be-c681-4338-8c9a-b1f697a6e3b3/name HTTP/1.1
User-Agent: selenium/4.1.2 (java windows)
Cache-Control: no-cache
Content-Type: application/json; charset=utf-8
host: localhost:56164
accept: */*

Response DefaultHttpResponse(decodeResult: success, version: HTTP/1.1)
HTTP/1.1 200 OK
Content-Type: application/json; charset=utf-8
cache-control: no-cache
content-length: 16

16:26:10.949 [AsyncHttpClient-1-3] DEBUG org.asynchttpclient.netty.channel.ChannelManager - Adding key: http://localhost:56164 for channel [id: 0xed2e15ce, L:/127.0.0.1:55266 - R:localhost/127.0.0.1:56164]
16:26:10.949 [Forwarding getElementTagName on session f0c3cfe4eb3eb5b39df06fa577878e45 to remote] DEBUG org.asynchttpclient.netty.request.NettyRequestSender - Using pooled Channel '[id: 0xed2e15ce, L:/127.0.0.1:55266 - R:localhost/127.0.0.1:56164]' for 'GET' to 'http://localhost:56164/session/f0c3cfe4eb3eb5b39df06fa577878e45/element/c94339be-c681-4338-8c9a-b1f697a6e3b3/name'
16:26:10.949 [Forwarding getElementTagName on session f0c3cfe4eb3eb5b39df06fa577878e45 to remote] DEBUG org.asynchttpclient.netty.request.NettyRequestSender - Using open Channel [id: 0xed2e15ce, L:/127.0.0.1:55266 - R:localhost/127.0.0.1:56164] for GET '/session/f0c3cfe4eb3eb5b39df06fa577878e45/element/c94339be-c681-4338-8c9a-b1f697a6e3b3/name'
16:26:10.956 [AsyncHttpClient-1-3] DEBUG org.asynchttpclient.netty.handler.HttpHandler - 

Request DefaultFullHttpRequest(decodeResult: success, version: HTTP/1.1, content: EmptyByteBufBE)
GET /session/f0c3cfe4eb3eb5b39df06fa577878e45/element/c94339be-c681-4338-8c9a-b1f697a6e3b3/name HTTP/1.1
User-Agent: selenium/4.1.2 (java windows)
Cache-Control: no-cache
Content-Type: application/json; charset=utf-8
host: localhost:56164
accept: */*

Response DefaultHttpResponse(decodeResult: success, version: HTTP/1.1)
HTTP/1.1 200 OK
Content-Type: application/json; charset=utf-8
cache-control: no-cache
content-length: 16

16:26:10.956 [AsyncHttpClient-1-3] DEBUG org.asynchttpclient.netty.channel.ChannelManager - Adding key: http://localhost:56164 for channel [id: 0xed2e15ce, L:/127.0.0.1:55266 - R:localhost/127.0.0.1:56164]
16:26:10.956 [Forwarding findElement on session f0c3cfe4eb3eb5b39df06fa577878e45 to remote] DEBUG org.asynchttpclient.netty.request.NettyRequestSender - Using pooled Channel '[id: 0xed2e15ce, L:/127.0.0.1:55266 - R:localhost/127.0.0.1:56164]' for 'POST' to 'http://localhost:56164/session/f0c3cfe4eb3eb5b39df06fa577878e45/element'
16:26:10.956 [Forwarding findElement on session f0c3cfe4eb3eb5b39df06fa577878e45 to remote] DEBUG org.asynchttpclient.netty.request.NettyRequestSender - Using open Channel [id: 0xed2e15ce, L:/127.0.0.1:55266 - R:localhost/127.0.0.1:56164] for POST '/session/f0c3cfe4eb3eb5b39df06fa577878e45/element'
16:26:10.964 [AsyncHttpClient-1-3] DEBUG org.asynchttpclient.netty.handler.HttpHandler - 

Request DefaultHttpRequest(decodeResult: success, version: HTTP/1.1)
POST /session/f0c3cfe4eb3eb5b39df06fa577878e45/element HTTP/1.1
User-Agent: selenium/4.1.2 (java windows)
Content-Length: 164
Content-Type: application/json; charset=utf-8
host: localhost:56164
accept: */*

Response DefaultHttpResponse(decodeResult: success, version: HTTP/1.1)
HTTP/1.1 200 OK
Content-Type: application/json; charset=utf-8
cache-control: no-cache
content-length: 88

16:26:10.964 [AsyncHttpClient-1-3] DEBUG org.asynchttpclient.netty.channel.ChannelManager - Adding key: http://localhost:56164 for channel [id: 0xed2e15ce, L:/127.0.0.1:55266 - R:localhost/127.0.0.1:56164]
16:26:10.964 [Forwarding clickElement on session f0c3cfe4eb3eb5b39df06fa577878e45 to remote] DEBUG org.asynchttpclient.netty.request.NettyRequestSender - Using pooled Channel '[id: 0xed2e15ce, L:/127.0.0.1:55266 - R:localhost/127.0.0.1:56164]' for 'POST' to 'http://localhost:56164/session/f0c3cfe4eb3eb5b39df06fa577878e45/element/c94339be-c681-4338-8c9a-b1f697a6e3b3/click'
16:26:10.964 [Forwarding clickElement on session f0c3cfe4eb3eb5b39df06fa577878e45 to remote] DEBUG org.asynchttpclient.netty.request.NettyRequestSender - Using open Channel [id: 0xed2e15ce, L:/127.0.0.1:55266 - R:localhost/127.0.0.1:56164] for POST '/session/f0c3cfe4eb3eb5b39df06fa577878e45/element/c94339be-c681-4338-8c9a-b1f697a6e3b3/click'
16:26:11.008 [AsyncHttpClient-1-3] DEBUG org.asynchttpclient.netty.handler.HttpHandler - 

Request DefaultHttpRequest(decodeResult: success, version: HTTP/1.1)
POST /session/f0c3cfe4eb3eb5b39df06fa577878e45/element/c94339be-c681-4338-8c9a-b1f697a6e3b3/click HTTP/1.1
User-Agent: selenium/4.1.2 (java windows)
Content-Length: 50
Content-Type: application/json; charset=utf-8
host: localhost:56164
accept: */*

Response DefaultHttpResponse(decodeResult: success, version: HTTP/1.1)
HTTP/1.1 200 OK
Content-Type: application/json; charset=utf-8
cache-control: no-cache
content-length: 14

16:26:11.008 [AsyncHttpClient-1-3] DEBUG org.asynchttpclient.netty.channel.ChannelManager - Adding key: http://localhost:56164 for channel [id: 0xed2e15ce, L:/127.0.0.1:55266 - R:localhost/127.0.0.1:56164]
16:26:11.009 [Forwarding screenshot on session f0c3cfe4eb3eb5b39df06fa577878e45 to remote] DEBUG org.asynchttpclient.netty.request.NettyRequestSender - Using pooled Channel '[id: 0xed2e15ce, L:/127.0.0.1:55266 - R:localhost/127.0.0.1:56164]' for 'GET' to 'http://localhost:56164/session/f0c3cfe4eb3eb5b39df06fa577878e45/screenshot'
16:26:11.009 [Forwarding screenshot on session f0c3cfe4eb3eb5b39df06fa577878e45 to remote] DEBUG org.asynchttpclient.netty.request.NettyRequestSender - Using open Channel [id: 0xed2e15ce, L:/127.0.0.1:55266 - R:localhost/127.0.0.1:56164] for GET '/session/f0c3cfe4eb3eb5b39df06fa577878e45/screenshot'
16:26:11.127 [AsyncHttpClient-1-3] DEBUG org.asynchttpclient.netty.handler.HttpHandler - 

Request DefaultFullHttpRequest(decodeResult: success, version: HTTP/1.1, content: EmptyByteBufBE)
GET /session/f0c3cfe4eb3eb5b39df06fa577878e45/screenshot HTTP/1.1
User-Agent: selenium/4.1.2 (java windows)
Cache-Control: no-cache
Content-Type: application/json; charset=utf-8
host: localhost:56164
accept: */*

Response DefaultHttpResponse(decodeResult: success, version: HTTP/1.1)
HTTP/1.1 200 OK
Content-Type: application/json; charset=utf-8
cache-control: no-cache
content-length: 33572

16:26:11.128 [AsyncHttpClient-1-3] DEBUG org.asynchttpclient.netty.channel.ChannelManager - Adding key: http://localhost:56164 for channel [id: 0xed2e15ce, L:/127.0.0.1:55266 - R:localhost/127.0.0.1:56164]
16:26:11.129 [main] DEBUG net.serenitybdd.core.photography.Darkroom - Send negative for processing for target\site\serenity\b0897d9554aa5ee582f02b16a1ba69b4aa936fac11fd941f53fe860bd72defe5.png
16:26:11.129 [main] DEBUG net.thucydides.core.steps.StepInterceptor - STEP DONE: clickRegisterButton
  &amp#27;[32mAnd &amp#27;[0m&amp#27;[32mclick register button&amp#27;[0m              &amp#27;[90m# Starter.StepDefinitions.RegisterStep.clickRegisterButton()&amp#27;[0m
16:26:11.129 [Darkroom Processing Line] DEBUG net.serenitybdd.core.photography.DarkroomProcessingLine - Processing screenshot image in /var/screenshots/screenshot-10150337770333283519
16:26:11.129 [Darkroom Processing Line] DEBUG net.serenitybdd.core.photography.DarkroomProcessingLine - Saving screenshot to target\site\serenity\b0897d9554aa5ee582f02b16a1ba69b4aa936fac11fd941f53fe860bd72defe5.png
16:26:11.145 [main] DEBUG net.thucydides.core.steps.StepInterceptor - STARTING STEP: RegisterStep.iGetThe - errorFieldAlert
16:26:11.145 [Forwarding setTimeout on session f0c3cfe4eb3eb5b39df06fa577878e45 to remote] DEBUG org.asynchttpclient.netty.request.NettyRequestSender - Using pooled Channel '[id: 0xed2e15ce, L:/127.0.0.1:55266 - R:localhost/127.0.0.1:56164]' for 'POST' to 'http://localhost:56164/session/f0c3cfe4eb3eb5b39df06fa577878e45/timeouts'
16:26:11.145 [Forwarding setTimeout on session f0c3cfe4eb3eb5b39df06fa577878e45 to remote] DEBUG org.asynchttpclient.netty.request.NettyRequestSender - Using open Channel [id: 0xed2e15ce, L:/127.0.0.1:55266 - R:localhost/127.0.0.1:56164] for POST '/session/f0c3cfe4eb3eb5b39df06fa577878e45/timeouts'
16:26:11.150 [AsyncHttpClient-1-3] DEBUG org.asynchttpclient.netty.handler.HttpHandler - 

Request DefaultHttpRequest(decodeResult: success, version: HTTP/1.1)
POST /session/f0c3cfe4eb3eb5b39df06fa577878e45/timeouts HTTP/1.1
User-Agent: selenium/4.1.2 (java windows)
Content-Length: 23
Content-Type: application/json; charset=utf-8
host: localhost:56164
accept: */*

Response DefaultHttpResponse(decodeResult: success, version: HTTP/1.1)
HTTP/1.1 200 OK
Content-Type: application/json; charset=utf-8
cache-control: no-cache
content-length: 14

16:26:11.150 [AsyncHttpClient-1-3] DEBUG org.asynchttpclient.netty.channel.ChannelManager - Adding key: http://localhost:56164 for channel [id: 0xed2e15ce, L:/127.0.0.1:55266 - R:localhost/127.0.0.1:56164]
16:26:11.151 [Forwarding findElement on session f0c3cfe4eb3eb5b39df06fa577878e45 to remote] DEBUG org.asynchttpclient.netty.request.NettyRequestSender - Using pooled Channel '[id: 0xed2e15ce, L:/127.0.0.1:55266 - R:localhost/127.0.0.1:56164]' for 'POST' to 'http://localhost:56164/session/f0c3cfe4eb3eb5b39df06fa577878e45/element'
16:26:11.151 [Forwarding findElement on session f0c3cfe4eb3eb5b39df06fa577878e45 to remote] DEBUG org.asynchttpclient.netty.request.NettyRequestSender - Using open Channel [id: 0xed2e15ce, L:/127.0.0.1:55266 - R:localhost/127.0.0.1:56164] for POST '/session/f0c3cfe4eb3eb5b39df06fa577878e45/element'
16:26:11.159 [AsyncHttpClient-1-3] DEBUG org.asynchttpclient.netty.handler.HttpHandler - 

Request DefaultHttpRequest(decodeResult: success, version: HTTP/1.1)
POST /session/f0c3cfe4eb3eb5b39df06fa577878e45/element HTTP/1.1
User-Agent: selenium/4.1.2 (java windows)
Content-Length: 53
Content-Type: application/json; charset=utf-8
host: localhost:56164
accept: */*

Response DefaultHttpResponse(decodeResult: success, version: HTTP/1.1)
HTTP/1.1 400 Bad Request
Content-Type: application/json; charset=utf-8
cache-control: no-cache
content-length: 957

16:26:11.159 [AsyncHttpClient-1-3] DEBUG org.asynchttpclient.netty.channel.ChannelManager - Adding key: http://localhost:56164 for channel [id: 0xed2e15ce, L:/127.0.0.1:55266 - R:localhost/127.0.0.1:56164]
16:26:11.160 [Forwarding findElement on session f0c3cfe4eb3eb5b39df06fa577878e45 to remote] DEBUG org.asynchttpclient.netty.request.NettyRequestSender - Using pooled Channel '[id: 0xed2e15ce, L:/127.0.0.1:55266 - R:localhost/127.0.0.1:56164]' for 'POST' to 'http://localhost:56164/session/f0c3cfe4eb3eb5b39df06fa577878e45/element'
16:26:11.160 [Forwarding findElement on session f0c3cfe4eb3eb5b39df06fa577878e45 to remote] DEBUG org.asynchttpclient.netty.request.NettyRequestSender - Using open Channel [id: 0xed2e15ce, L:/127.0.0.1:55266 - R:localhost/127.0.0.1:56164] for POST '/session/f0c3cfe4eb3eb5b39df06fa577878e45/element'
16:26:11.232 [AsyncHttpClient-1-3] DEBUG org.asynchttpclient.netty.handler.HttpHandler - 

Request DefaultHttpRequest(decodeResult: success, version: HTTP/1.1)
POST /session/f0c3cfe4eb3eb5b39df06fa577878e45/element HTTP/1.1
User-Agent: selenium/4.1.2 (java windows)
Content-Length: 63
Content-Type: application/json; charset=utf-8
host: localhost:56164
accept: */*

Response DefaultHttpResponse(decodeResult: success, version: HTTP/1.1)
HTTP/1.1 200 OK
Content-Type: application/json; charset=utf-8
cache-control: no-cache
content-length: 88

16:26:11.232 [AsyncHttpClient-1-3] DEBUG org.asynchttpclient.netty.channel.ChannelManager - Adding key: http://localhost:56164 for channel [id: 0xed2e15ce, L:/127.0.0.1:55266 - R:localhost/127.0.0.1:56164]
16:26:11.232 [Forwarding isElementSelected on session f0c3cfe4eb3eb5b39df06fa577878e45 to remote] DEBUG org.asynchttpclient.netty.request.NettyRequestSender - Using pooled Channel '[id: 0xed2e15ce, L:/127.0.0.1:55266 - R:localhost/127.0.0.1:56164]' for 'GET' to 'http://localhost:56164/session/f0c3cfe4eb3eb5b39df06fa577878e45/element/392e598e-b72d-4fe9-a4a2-88ae0c8ca1fd/selected'
16:26:11.232 [Forwarding isElementSelected on session f0c3cfe4eb3eb5b39df06fa577878e45 to remote] DEBUG org.asynchttpclient.netty.request.NettyRequestSender - Using open Channel [id: 0xed2e15ce, L:/127.0.0.1:55266 - R:localhost/127.0.0.1:56164] for GET '/session/f0c3cfe4eb3eb5b39df06fa577878e45/element/392e598e-b72d-4fe9-a4a2-88ae0c8ca1fd/selected'
16:26:11.250 [AsyncHttpClient-1-3] DEBUG org.asynchttpclient.netty.handler.HttpHandler - 

Request DefaultFullHttpRequest(decodeResult: success, version: HTTP/1.1, content: EmptyByteBufBE)
GET /session/f0c3cfe4eb3eb5b39df06fa577878e45/element/392e598e-b72d-4fe9-a4a2-88ae0c8ca1fd/selected HTTP/1.1
User-Agent: selenium/4.1.2 (java windows)
Cache-Control: no-cache
Content-Type: application/json; charset=utf-8
host: localhost:56164
accept: */*

Response DefaultHttpResponse(decodeResult: success, version: HTTP/1.1)
HTTP/1.1 200 OK
Content-Type: application/json; charset=utf-8
cache-control: no-cache
content-length: 15

16:26:11.250 [AsyncHttpClient-1-3] DEBUG org.asynchttpclient.netty.channel.ChannelManager - Adding key: http://localhost:56164 for channel [id: 0xed2e15ce, L:/127.0.0.1:55266 - R:localhost/127.0.0.1:56164]
16:26:11.250 [Forwarding screenshot on session f0c3cfe4eb3eb5b39df06fa577878e45 to remote] DEBUG org.asynchttpclient.netty.request.NettyRequestSender - Using pooled Channel '[id: 0xed2e15ce, L:/127.0.0.1:55266 - R:localhost/127.0.0.1:56164]' for 'GET' to 'http://localhost:56164/session/f0c3cfe4eb3eb5b39df06fa577878e45/screenshot'
16:26:11.250 [Forwarding screenshot on session f0c3cfe4eb3eb5b39df06fa577878e45 to remote] DEBUG org.asynchttpclient.netty.request.NettyRequestSender - Using open Channel [id: 0xed2e15ce, L:/127.0.0.1:55266 - R:localhost/127.0.0.1:56164] for GET '/session/f0c3cfe4eb3eb5b39df06fa577878e45/screenshot'
16:26:11.423 [AsyncHttpClient-1-1] DEBUG org.asynchttpclient.netty.channel.DefaultChannelPool - Entry count for : http://localhost:55267 : 1
16:26:11.468 [AsyncHttpClient-1-3] DEBUG org.asynchttpclient.netty.handler.HttpHandler - 

Request DefaultFullHttpRequest(decodeResult: success, version: HTTP/1.1, content: EmptyByteBufBE)
GET /session/f0c3cfe4eb3eb5b39df06fa577878e45/screenshot HTTP/1.1
User-Agent: selenium/4.1.2 (java windows)
Cache-Control: no-cache
Content-Type: application/json; charset=utf-8
host: localhost:56164
accept: */*

Response DefaultHttpResponse(decodeResult: success, version: HTTP/1.1)
HTTP/1.1 200 OK
Content-Type: application/json; charset=utf-8
cache-control: no-cache
content-length: 35188

16:26:11.468 [AsyncHttpClient-1-3] DEBUG org.asynchttpclient.netty.channel.ChannelManager - Adding key: http://localhost:56164 for channel [id: 0xed2e15ce, L:/127.0.0.1:55266 - R:localhost/127.0.0.1:56164]
16:26:11.472 [main] DEBUG net.serenitybdd.core.photography.Darkroom - Send negative for processing for target\site\serenity\9901a82cd98097bbce62ce0b3998f84cd540416955ae31d24e17b977899156be.png
16:26:11.472 [main] DEBUG net.thucydides.core.steps.StepInterceptor - STEP DONE: errorFieldAlert
16:26:11.473 [Darkroom Processing Line] DEBUG net.serenitybdd.core.photography.DarkroomProcessingLine - Processing screenshot image in /var/screenshots/screenshot-17488949272583550000
16:26:11.473 [Darkroom Processing Line] DEBUG net.serenitybdd.core.photography.DarkroomProcessingLine - Saving screenshot to target\site\serenity\9901a82cd98097bbce62ce0b3998f84cd540416955ae31d24e17b977899156be.png
16:26:11.475 [main] DEBUG net.thucydides.core.steps.StepInterceptor - STARTING STEP: RegisterStep.iGetThe - errorMessageAppears
16:26:11.475 [Forwarding setTimeout on session f0c3cfe4eb3eb5b39df06fa577878e45 to remote] DEBUG org.asynchttpclient.netty.request.NettyRequestSender - Using pooled Channel '[id: 0xed2e15ce, L:/127.0.0.1:55266 - R:localhost/127.0.0.1:56164]' for 'POST' to 'http://localhost:56164/session/f0c3cfe4eb3eb5b39df06fa577878e45/timeouts'
16:26:11.475 [Forwarding setTimeout on session f0c3cfe4eb3eb5b39df06fa577878e45 to remote] DEBUG org.asynchttpclient.netty.request.NettyRequestSender - Using open Channel [id: 0xed2e15ce, L:/127.0.0.1:55266 - R:localhost/127.0.0.1:56164] for POST '/session/f0c3cfe4eb3eb5b39df06fa577878e45/timeouts'
16:26:11.475 [AsyncHttpClient-1-3] DEBUG org.asynchttpclient.netty.handler.HttpHandler - 

Request DefaultHttpRequest(decodeResult: success, version: HTTP/1.1)
POST /session/f0c3cfe4eb3eb5b39df06fa577878e45/timeouts HTTP/1.1
User-Agent: selenium/4.1.2 (java windows)
Content-Length: 23
Content-Type: application/json; charset=utf-8
host: localhost:56164
accept: */*

Response DefaultHttpResponse(decodeResult: success, version: HTTP/1.1)
HTTP/1.1 200 OK
Content-Type: application/json; charset=utf-8
cache-control: no-cache
content-length: 14

16:26:11.475 [AsyncHttpClient-1-3] DEBUG org.asynchttpclient.netty.channel.ChannelManager - Adding key: http://localhost:56164 for channel [id: 0xed2e15ce, L:/127.0.0.1:55266 - R:localhost/127.0.0.1:56164]
16:26:11.475 [Forwarding findElement on session f0c3cfe4eb3eb5b39df06fa577878e45 to remote] DEBUG org.asynchttpclient.netty.request.NettyRequestSender - Using pooled Channel '[id: 0xed2e15ce, L:/127.0.0.1:55266 - R:localhost/127.0.0.1:56164]' for 'POST' to 'http://localhost:56164/session/f0c3cfe4eb3eb5b39df06fa577878e45/element'
16:26:11.475 [Forwarding findElement on session f0c3cfe4eb3eb5b39df06fa577878e45 to remote] DEBUG org.asynchttpclient.netty.request.NettyRequestSender - Using open Channel [id: 0xed2e15ce, L:/127.0.0.1:55266 - R:localhost/127.0.0.1:56164] for POST '/session/f0c3cfe4eb3eb5b39df06fa577878e45/element'
16:26:11.484 [AsyncHttpClient-1-3] DEBUG org.asynchttpclient.netty.handler.HttpHandler - 

Request DefaultHttpRequest(decodeResult: success, version: HTTP/1.1)
POST /session/f0c3cfe4eb3eb5b39df06fa577878e45/element HTTP/1.1
User-Agent: selenium/4.1.2 (java windows)
Content-Length: 63
Content-Type: application/json; charset=utf-8
host: localhost:56164
accept: */*

Response DefaultHttpResponse(decodeResult: success, version: HTTP/1.1)
HTTP/1.1 200 OK
Content-Type: application/json; charset=utf-8
cache-control: no-cache
content-length: 88

16:26:11.484 [AsyncHttpClient-1-3] DEBUG org.asynchttpclient.netty.channel.ChannelManager - Adding key: http://localhost:56164 for channel [id: 0xed2e15ce, L:/127.0.0.1:55266 - R:localhost/127.0.0.1:56164]
16:26:11.493 [Forwarding isElementDisplayed on session f0c3cfe4eb3eb5b39df06fa577878e45 to remote] DEBUG org.asynchttpclient.netty.request.NettyRequestSender - Using pooled Channel '[id: 0xed2e15ce, L:/127.0.0.1:55266 - R:localhost/127.0.0.1:56164]' for 'POST' to 'http://localhost:56164/session/f0c3cfe4eb3eb5b39df06fa577878e45/execute/sync'
16:26:11.493 [Forwarding isElementDisplayed on session f0c3cfe4eb3eb5b39df06fa577878e45 to remote] DEBUG org.asynchttpclient.netty.request.NettyRequestSender - Using open Channel [id: 0xed2e15ce, L:/127.0.0.1:55266 - R:localhost/127.0.0.1:56164] for POST '/session/f0c3cfe4eb3eb5b39df06fa577878e45/execute/sync'
16:26:11.501 [AsyncHttpClient-1-3] DEBUG org.asynchttpclient.netty.handler.HttpHandler - 

Request DefaultHttpRequest(decodeResult: success, version: HTTP/1.1)
POST /session/f0c3cfe4eb3eb5b39df06fa577878e45/execute/sync HTTP/1.1
User-Agent: selenium/4.1.2 (java windows)
Content-Length: 48780
Content-Type: application/json; charset=utf-8
host: localhost:56164
accept: */*

Response DefaultHttpResponse(decodeResult: success, version: HTTP/1.1)
HTTP/1.1 200 OK
Content-Type: application/json; charset=utf-8
cache-control: no-cache
content-length: 14

16:26:11.501 [AsyncHttpClient-1-3] DEBUG org.asynchttpclient.netty.channel.ChannelManager - Adding key: http://localhost:56164 for channel [id: 0xed2e15ce, L:/127.0.0.1:55266 - R:localhost/127.0.0.1:56164]
16:26:11.508 [main] DEBUG net.thucydides.core.steps.StepInterceptor - STEP DONE: errorMessageAppears
  &amp#27;[32mThen &amp#27;[0m&amp#27;[32mI Get the &amp#27;[0m&amp#27;[32m&amp#27;[1m"register page"&amp#27;[0m         &amp#27;[90m# Starter.StepDefinitions.RegisterStep.iGetThe(java.lang.String)&amp#27;[0m
16:26:11.516 [AsyncHttpClient-1-5] DEBUG org.asynchttpclient.netty.handler.WebSocketHandler - Channel Closed: [id: 0x51be60c1, L:/127.0.0.1:55274 ! R:localhost/127.0.0.1:55267] with attribute NettyResponseFuture{currentRetry=5,
	isDone=1,
	isCancelled=0,
	asyncHandler=org.asynchttpclient.ws.WebSocketUpgradeHandler@35d83098,
	nettyRequest=org.asynchttpclient.netty.request.NettyRequest@373961c3,
	future=java.util.concurrent.CompletableFuture@18b3b65e[Completed normally],
	uri=ws://localhost:55267/devtools/browser/da4c34d5-10f2-41fd-8950-60d8c3f7fd37,
	keepAlive=true,
	redirectCount=0,
	timeoutsHolder=null,
	inAuth=0,
	touch=1653038768364}
16:26:11.516 [AsyncHttpClient-1-5] DEBUG org.asynchttpclient.netty.channel.ChannelManager - Closing Channel [id: 0x51be60c1, L:/127.0.0.1:55274 ! R:localhost/127.0.0.1:55267] 
16:26:11.516 [Driver Command Executor] DEBUG org.asynchttpclient.netty.request.NettyRequestSender - Using pooled Channel '[id: 0xed2e15ce, L:/127.0.0.1:55266 - R:localhost/127.0.0.1:56164]' for 'DELETE' to 'http://localhost:56164/session/f0c3cfe4eb3eb5b39df06fa577878e45'
16:26:11.516 [Driver Command Executor] DEBUG org.asynchttpclient.netty.request.NettyRequestSender - Using open Channel [id: 0xed2e15ce, L:/127.0.0.1:55266 - R:localhost/127.0.0.1:56164] for DELETE '/session/f0c3cfe4eb3eb5b39df06fa577878e45'
16:26:11.584 [AsyncHttpClient-1-4] DEBUG org.asynchttpclient.netty.handler.HttpHandler - Unexpected I/O exception on channel [id: 0xc8bd3f6d, L:/127.0.0.1:55273 - R:localhost/127.0.0.1:55267]
java.net.SocketException: Connection reset
	at java.base/sun.nio.ch.SocketChannelImpl.throwConnectionReset(SocketChannelImpl.java:367)
	at java.base/sun.nio.ch.SocketChannelImpl.read(SocketChannelImpl.java:398)
	at io.netty.buffer.PooledByteBuf.setBytes(PooledByteBuf.java:258)
	at io.netty.buffer.AbstractByteBuf.writeBytes(AbstractByteBuf.java:1132)
	at io.netty.channel.socket.nio.NioSocketChannel.doReadBytes(NioSocketChannel.java:350)
	at io.netty.channel.nio.AbstractNioByteChannel$NioByteUnsafe.read(AbstractNioByteChannel.java:151)
	at io.netty.channel.nio.NioEventLoop.processSelectedKey(NioEventLoop.java:722)
	at io.netty.channel.nio.NioEventLoop.processSelectedKeysOptimized(NioEventLoop.java:658)
	at io.netty.channel.nio.NioEventLoop.processSelectedKeys(NioEventLoop.java:584)
	at io.netty.channel.nio.NioEventLoop.run(NioEventLoop.java:496)
	at io.netty.util.concurrent.SingleThreadEventExecutor$4.run(SingleThreadEventExecutor.java:986)
	at io.netty.util.internal.ThreadExecutorMap$2.run(ThreadExecutorMap.java:74)
	at io.netty.util.concurrent.FastThreadLocalRunnable.run(FastThreadLocalRunnable.java:30)
	at java.base/java.lang.Thread.run(Thread.java:832)
16:26:11.584 [AsyncHttpClient-1-4] DEBUG org.asynchttpclient.netty.channel.ChannelManager - Closing Channel [id: 0xc8bd3f6d, L:/127.0.0.1:55273 - R:localhost/127.0.0.1:55267] 
16:26:11.584 [AsyncHttpClient-1-4] DEBUG org.asynchttpclient.netty.handler.HttpHandler - Channel Closed: [id: 0xc8bd3f6d, L:/127.0.0.1:55273 ! R:localhost/127.0.0.1:55267] with attribute DISCARD
16:26:11.595 [AsyncHttpClient-1-3] DEBUG org.asynchttpclient.netty.handler.HttpHandler - 

Request DefaultFullHttpRequest(decodeResult: success, version: HTTP/1.1, content: EmptyByteBufBE)
DELETE /session/f0c3cfe4eb3eb5b39df06fa577878e45 HTTP/1.1
User-Agent: selenium/4.1.2 (java windows)
Content-Type: application/json; charset=utf-8
host: localhost:56164
accept: */*

Response DefaultHttpResponse(decodeResult: success, version: HTTP/1.1)
HTTP/1.1 200 OK
Content-Type: application/json; charset=utf-8
cache-control: no-cache
content-length: 14

16:26:11.595 [AsyncHttpClient-1-3] DEBUG org.asynchttpclient.netty.channel.ChannelManager - Adding key: http://localhost:56164 for channel [id: 0xed2e15ce, L:/127.0.0.1:55266 - R:localhost/127.0.0.1:56164]
16:26:11.653 [AsyncHttpClient-1-3] DEBUG org.asynchttpclient.netty.handler.HttpHandler - Channel Closed: [id: 0xed2e15ce, L:/127.0.0.1:55266 ! R:localhost/127.0.0.1:56164] with attribute DISCARD
16:26:12.181 [main] INFO  - 
  _____   ___   ___   _____     ___     _     ___   ___   ___   ___  
 |_   _| | __| / __| |_   _|   | _ \   /_\   / __| / __| | __| |   \ 
   | |   | _|  \__ \   | |     |  _/  / _ \  \__ \ \__ \ | _|  | |) |
   |_|   |___| |___/   |_|     |_|   /_/ \_\ |___/ |___/ |___| |___/ 

Register scenario
----------------------------------------------------------------------
]]></system-out>
    <system-err><![CDATA[Starting ChromeDriver 101.0.4951.41 (93c720db8323b3ec10d056025ab95c23a31997c9-refs/branch-heads/4951@{#904}) on port 56164
Only local connections are allowed.
Please see https://chromedriver.chromium.org/security-considerations for suggestions on keeping ChromeDriver safe.
ChromeDriver was started successfully.
May 20, 2022 4:26:08 PM org.openqa.selenium.remote.ProtocolHandshake createSession
INFO: Detected dialect: W3C
May 20, 2022 4:26:08 PM org.openqa.selenium.devtools.CdpVersionFinder findNearestMatch
WARNING: Unable to find an exact match for CDP version 101, so returning the closest version found: 97
May 20, 2022 4:26:08 PM org.openqa.selenium.devtools.CdpVersionFinder findNearestMatch
INFO: Found CDP implementation for version 101 of 97
]]></system-err>
  </testcase>
  <testcase name="Register scenario #3" classname="Register" time="5.942">
    <system-out><![CDATA[
@Register
Scenario Outline: Register scenario      &amp#27;[90m# src/test/resources/features/Register.feature:19&amp#27;[0m
16:26:12.196 [main] INFO io.cucumber.core.plugin.SerenityReporter - Running feature from file:///D:/data%20hakim/Mini%20Project%20Alterra/WebAlta/src/test/resources/features/Register.feature
16:26:12.228 [main] INFO net.serenitybdd.core.webdriver.driverproviders.ChromeDriverProvider - Using automatically driver download
16:26:12.353 [main] DEBUG io.github.bonigarcia.wdm.cache.ResolutionCache - Resolution chrome=101 in cache (valid until 17:18:55 20/05/2022 WIB)
16:26:12.353 [main] DEBUG io.github.bonigarcia.wdm.cache.ResolutionCache - Resolution chrome101=101.0.4951.41 in cache (valid until 21:21:16 20/05/2022 WIB)
16:26:12.369 [main] INFO io.github.bonigarcia.wdm.WebDriverManager - Using chromedriver 101.0.4951.41 (resolved driver for Chrome 101)
16:26:12.369 [main] DEBUG io.github.bonigarcia.wdm.WebDriverManager - Driver chromedriver 101.0.4951.41 found in cache
16:26:12.369 [main] INFO io.github.bonigarcia.wdm.WebDriverManager - Exporting webdriver.chrome.driver as C:\Users\hp pc\.cache\selenium\chromedriver\win32\101.0.4951.41\chromedriver.exe
16:26:12.447 [main] DEBUG net.serenitybdd.core.webdriver.driverproviders.ProvideNewDriver - Instantiating driver
16:26:12.447 [main] DEBUG net.serenitybdd.core.webdriver.driverproviders.ProvideNewDriver - Driver capabilities: Capabilities {acceptInsecureCerts: false, base.url: https://qa.alta.id/, browserName: chrome, chrome.driver: src/test/resources/webdrive..., driver: chrome, goog:chromeOptions: {args: [], extensions: []}}
16:26:12.515 [AsyncHttpClient-1-1] DEBUG org.asynchttpclient.netty.channel.DefaultChannelPool - Entry count for : http://localhost:56164 : 1
16:26:12.515 [AsyncHttpClient-1-1] DEBUG org.asynchttpclient.netty.channel.DefaultChannelPool - Entry count for : http://localhost:55267 : 1
16:26:12.515 [AsyncHttpClient-1-1] DEBUG org.asynchttpclient.netty.channel.DefaultChannelPool - Adding Candidate expired Channel [id: 0xed2e15ce, L:/127.0.0.1:55266 ! R:localhost/127.0.0.1:56164] isIdleTimeoutExpired=false isRemotelyClosed=true isTtlExpired=false
16:26:12.515 [AsyncHttpClient-1-1] DEBUG org.asynchttpclient.netty.channel.DefaultChannelPool - Closing Idle Channel [id: 0xed2e15ce, L:/127.0.0.1:55266 ! R:localhost/127.0.0.1:56164]
16:26:12.515 [AsyncHttpClient-1-1] DEBUG org.asynchttpclient.netty.channel.DefaultChannelPool - Adding Candidate expired Channel [id: 0xc8bd3f6d, L:/127.0.0.1:55273 ! R:localhost/127.0.0.1:55267] isIdleTimeoutExpired=false isRemotelyClosed=true isTtlExpired=false
16:26:12.515 [AsyncHttpClient-1-1] DEBUG org.asynchttpclient.netty.channel.DefaultChannelPool - Closing Idle Channel [id: 0xc8bd3f6d, L:/127.0.0.1:55273 ! R:localhost/127.0.0.1:55267]
16:26:12.516 [AsyncHttpClient-1-1] DEBUG org.asynchttpclient.netty.channel.DefaultChannelPool - Closed 2 connections out of 2 in 1 ms
16:26:12.989 [AsyncHttpClient-1-6] DEBUG org.asynchttpclient.netty.channel.NettyConnectListener - Using new Channel '[id: 0x4934b508, L:/127.0.0.1:55291 - R:localhost/127.0.0.1:55885]' for 'POST' to '/session'
16:26:13.769 [AsyncHttpClient-1-6] DEBUG org.asynchttpclient.netty.handler.HttpHandler - 

Request DefaultHttpRequest(decodeResult: success, version: HTTP/1.1)
POST /session HTTP/1.1
User-Agent: selenium/4.1.2 (java windows)
Content-Length: 605
Content-Type: application/json; charset=utf-8
host: localhost:55885
accept: */*

Response DefaultHttpResponse(decodeResult: success, version: HTTP/1.1)
HTTP/1.1 200 OK
Content-Type: application/json; charset=utf-8
cache-control: no-cache
content-length: 790

16:26:13.769 [AsyncHttpClient-1-6] DEBUG org.asynchttpclient.netty.channel.ChannelManager - Adding key: http://localhost:55885 for channel [id: 0x4934b508, L:/127.0.0.1:55291 - R:localhost/127.0.0.1:55885]
16:26:13.778 [AsyncHttpClient-1-7] DEBUG org.asynchttpclient.netty.channel.NettyConnectListener - Using new Channel '[id: 0xf19f4e09, L:/127.0.0.1:55298 - R:localhost/127.0.0.1:55292]' for 'GET' to '/json/version'
16:26:13.778 [AsyncHttpClient-1-7] DEBUG org.asynchttpclient.netty.handler.HttpHandler - 

Request DefaultFullHttpRequest(decodeResult: success, version: HTTP/1.1, content: EmptyByteBufBE)
GET /json/version HTTP/1.1
User-Agent: selenium/4.1.2 (java windows)
host: localhost:55292
accept: */*

Response DefaultHttpResponse(decodeResult: success, version: HTTP/1.1)
HTTP/1.1 200 OK
Content-Type: application/json; charset=UTF-8
content-length: 427

16:26:13.778 [AsyncHttpClient-1-7] DEBUG org.asynchttpclient.netty.channel.ChannelManager - Adding key: http://localhost:55292 for channel [id: 0xf19f4e09, L:/127.0.0.1:55298 - R:localhost/127.0.0.1:55292]
16:26:13.780 [AsyncHttpClient-1-8] DEBUG org.asynchttpclient.netty.channel.NettyConnectListener - Using new Channel '[id: 0x1790ad55, L:/127.0.0.1:55299 - R:localhost/127.0.0.1:55292]' for 'GET' to '/devtools/browser/72d5ae18-1323-40c1-8dd2-11578c904c90'
16:26:13.781 [AsyncHttpClient-1-8] DEBUG org.asynchttpclient.netty.handler.WebSocketHandler - 

Request DefaultFullHttpRequest(decodeResult: success, version: HTTP/1.1, content: EmptyByteBufBE)
GET /devtools/browser/72d5ae18-1323-40c1-8dd2-11578c904c90 HTTP/1.1
upgrade: websocket
connection: upgrade
sec-websocket-key: 3skgWRC3FvdGXUV1g7fcIg==
sec-websocket-version: 13
origin: http://localhost:55292
host: localhost:55292
accept: */*
user-agent: AHC/2.1

Response DefaultHttpResponse(decodeResult: success, version: HTTP/1.1)
HTTP/1.1 101 WebSocket Protocol Handshake
Upgrade: WebSocket
Connection: Upgrade
Sec-WebSocket-Accept: 4aKvtwBgRhpiviZHr6C99R4uVQ4=

16:26:13.784 [Forwarding maximizeCurrentWindow on session 54a895787703154c1e102f7cea60a775 to remote] DEBUG org.asynchttpclient.netty.request.NettyRequestSender - Using pooled Channel '[id: 0x4934b508, L:/127.0.0.1:55291 - R:localhost/127.0.0.1:55885]' for 'POST' to 'http://localhost:55885/session/54a895787703154c1e102f7cea60a775/window/maximize'
16:26:13.784 [Forwarding maximizeCurrentWindow on session 54a895787703154c1e102f7cea60a775 to remote] DEBUG org.asynchttpclient.netty.request.NettyRequestSender - Using open Channel [id: 0x4934b508, L:/127.0.0.1:55291 - R:localhost/127.0.0.1:55885] for POST '/session/54a895787703154c1e102f7cea60a775/window/maximize'
16:26:13.897 [AsyncHttpClient-1-6] DEBUG org.asynchttpclient.netty.handler.HttpHandler - 

Request DefaultHttpRequest(decodeResult: success, version: HTTP/1.1)
POST /session/54a895787703154c1e102f7cea60a775/window/maximize HTTP/1.1
User-Agent: selenium/4.1.2 (java windows)
Content-Length: 3
Content-Type: application/json; charset=utf-8
host: localhost:55885
accept: */*

Response DefaultHttpResponse(decodeResult: success, version: HTTP/1.1)
HTTP/1.1 200 OK
Content-Type: application/json; charset=utf-8
cache-control: no-cache
content-length: 51

16:26:13.897 [AsyncHttpClient-1-6] DEBUG org.asynchttpclient.netty.channel.ChannelManager - Adding key: http://localhost:55885 for channel [id: 0x4934b508, L:/127.0.0.1:55291 - R:localhost/127.0.0.1:55885]
16:26:13.899 [Forwarding get on session 54a895787703154c1e102f7cea60a775 to remote] DEBUG org.asynchttpclient.netty.request.NettyRequestSender - Using pooled Channel '[id: 0x4934b508, L:/127.0.0.1:55291 - R:localhost/127.0.0.1:55885]' for 'POST' to 'http://localhost:55885/session/54a895787703154c1e102f7cea60a775/url'
16:26:13.899 [Forwarding get on session 54a895787703154c1e102f7cea60a775 to remote] DEBUG org.asynchttpclient.netty.request.NettyRequestSender - Using open Channel [id: 0x4934b508, L:/127.0.0.1:55291 - R:localhost/127.0.0.1:55885] for POST '/session/54a895787703154c1e102f7cea60a775/url'
16:26:14.728 [AsyncHttpClient-1-1] DEBUG org.asynchttpclient.netty.channel.DefaultChannelPool - Entry count for : http://localhost:55292 : 1
16:26:15.041 [AsyncHttpClient-1-6] DEBUG org.asynchttpclient.netty.handler.HttpHandler - 

Request DefaultHttpRequest(decodeResult: success, version: HTTP/1.1)
POST /session/54a895787703154c1e102f7cea60a775/url HTTP/1.1
User-Agent: selenium/4.1.2 (java windows)
Content-Length: 67
Content-Type: application/json; charset=utf-8
host: localhost:55885
accept: */*

Response DefaultHttpResponse(decodeResult: success, version: HTTP/1.1)
HTTP/1.1 200 OK
Content-Type: application/json; charset=utf-8
cache-control: no-cache
content-length: 14

16:26:15.041 [AsyncHttpClient-1-6] DEBUG org.asynchttpclient.netty.channel.ChannelManager - Adding key: http://localhost:55885 for channel [id: 0x4934b508, L:/127.0.0.1:55291 - R:localhost/127.0.0.1:55885]
16:26:15.043 [Forwarding setTimeout on session 54a895787703154c1e102f7cea60a775 to remote] DEBUG org.asynchttpclient.netty.request.NettyRequestSender - Using pooled Channel '[id: 0x4934b508, L:/127.0.0.1:55291 - R:localhost/127.0.0.1:55885]' for 'POST' to 'http://localhost:55885/session/54a895787703154c1e102f7cea60a775/timeouts'
16:26:15.043 [Forwarding setTimeout on session 54a895787703154c1e102f7cea60a775 to remote] DEBUG org.asynchttpclient.netty.request.NettyRequestSender - Using open Channel [id: 0x4934b508, L:/127.0.0.1:55291 - R:localhost/127.0.0.1:55885] for POST '/session/54a895787703154c1e102f7cea60a775/timeouts'
16:26:15.044 [AsyncHttpClient-1-6] DEBUG org.asynchttpclient.netty.handler.HttpHandler - 

Request DefaultHttpRequest(decodeResult: success, version: HTTP/1.1)
POST /session/54a895787703154c1e102f7cea60a775/timeouts HTTP/1.1
User-Agent: selenium/4.1.2 (java windows)
Content-Length: 23
Content-Type: application/json; charset=utf-8
host: localhost:55885
accept: */*

Response DefaultHttpResponse(decodeResult: success, version: HTTP/1.1)
HTTP/1.1 200 OK
Content-Type: application/json; charset=utf-8
cache-control: no-cache
content-length: 14

16:26:15.044 [AsyncHttpClient-1-6] DEBUG org.asynchttpclient.netty.channel.ChannelManager - Adding key: http://localhost:55885 for channel [id: 0x4934b508, L:/127.0.0.1:55291 - R:localhost/127.0.0.1:55885]
16:26:15.048 [Forwarding getCurrentUrl on session 54a895787703154c1e102f7cea60a775 to remote] DEBUG org.asynchttpclient.netty.request.NettyRequestSender - Using pooled Channel '[id: 0x4934b508, L:/127.0.0.1:55291 - R:localhost/127.0.0.1:55885]' for 'GET' to 'http://localhost:55885/session/54a895787703154c1e102f7cea60a775/url'
16:26:15.048 [Forwarding getCurrentUrl on session 54a895787703154c1e102f7cea60a775 to remote] DEBUG org.asynchttpclient.netty.request.NettyRequestSender - Using open Channel [id: 0x4934b508, L:/127.0.0.1:55291 - R:localhost/127.0.0.1:55885] for GET '/session/54a895787703154c1e102f7cea60a775/url'
16:26:15.053 [AsyncHttpClient-1-6] DEBUG org.asynchttpclient.netty.handler.HttpHandler - 

Request DefaultFullHttpRequest(decodeResult: success, version: HTTP/1.1, content: EmptyByteBufBE)
GET /session/54a895787703154c1e102f7cea60a775/url HTTP/1.1
User-Agent: selenium/4.1.2 (java windows)
Cache-Control: no-cache
Content-Type: application/json; charset=utf-8
host: localhost:55885
accept: */*

Response DefaultHttpResponse(decodeResult: success, version: HTTP/1.1)
HTTP/1.1 200 OK
Content-Type: application/json; charset=utf-8
cache-control: no-cache
content-length: 44

16:26:15.053 [AsyncHttpClient-1-6] DEBUG org.asynchttpclient.netty.channel.ChannelManager - Adding key: http://localhost:55885 for channel [id: 0x4934b508, L:/127.0.0.1:55291 - R:localhost/127.0.0.1:55885]
16:26:15.061 [Forwarding screenshot on session 54a895787703154c1e102f7cea60a775 to remote] DEBUG org.asynchttpclient.netty.request.NettyRequestSender - Using pooled Channel '[id: 0x4934b508, L:/127.0.0.1:55291 - R:localhost/127.0.0.1:55885]' for 'GET' to 'http://localhost:55885/session/54a895787703154c1e102f7cea60a775/screenshot'
16:26:15.061 [Forwarding screenshot on session 54a895787703154c1e102f7cea60a775 to remote] DEBUG org.asynchttpclient.netty.request.NettyRequestSender - Using open Channel [id: 0x4934b508, L:/127.0.0.1:55291 - R:localhost/127.0.0.1:55885] for GET '/session/54a895787703154c1e102f7cea60a775/screenshot'
16:26:15.210 [AsyncHttpClient-1-6] DEBUG org.asynchttpclient.netty.handler.HttpHandler - 

Request DefaultFullHttpRequest(decodeResult: success, version: HTTP/1.1, content: EmptyByteBufBE)
GET /session/54a895787703154c1e102f7cea60a775/screenshot HTTP/1.1
User-Agent: selenium/4.1.2 (java windows)
Cache-Control: no-cache
Content-Type: application/json; charset=utf-8
host: localhost:55885
accept: */*

Response DefaultHttpResponse(decodeResult: success, version: HTTP/1.1)
HTTP/1.1 200 OK
Content-Type: application/json; charset=utf-8
cache-control: no-cache
content-length: 29612

16:26:15.210 [AsyncHttpClient-1-6] DEBUG org.asynchttpclient.netty.channel.ChannelManager - Adding key: http://localhost:55885 for channel [id: 0x4934b508, L:/127.0.0.1:55291 - R:localhost/127.0.0.1:55885]
16:26:15.210 [main] DEBUG net.serenitybdd.core.photography.Darkroom - Send negative for processing for target\site\serenity\fbcccbfc142cbf792a2bfdff1d2e9f24344bbc61d767f43922554c6ad0002405.png
16:26:15.210 [main] DEBUG net.thucydides.core.steps.StepInterceptor - STARTING STEP: RegisterStep.iAmOnTheRegisterPage - validateOnRegisterPage
16:26:15.210 [Forwarding findElement on session 54a895787703154c1e102f7cea60a775 to remote] DEBUG org.asynchttpclient.netty.request.NettyRequestSender - Using pooled Channel '[id: 0x4934b508, L:/127.0.0.1:55291 - R:localhost/127.0.0.1:55885]' for 'POST' to 'http://localhost:55885/session/54a895787703154c1e102f7cea60a775/element'
16:26:15.210 [Forwarding findElement on session 54a895787703154c1e102f7cea60a775 to remote] DEBUG org.asynchttpclient.netty.request.NettyRequestSender - Using open Channel [id: 0x4934b508, L:/127.0.0.1:55291 - R:localhost/127.0.0.1:55885] for POST '/session/54a895787703154c1e102f7cea60a775/element'
16:26:15.226 [AsyncHttpClient-1-6] DEBUG org.asynchttpclient.netty.handler.HttpHandler - 

Request DefaultHttpRequest(decodeResult: success, version: HTTP/1.1)
POST /session/54a895787703154c1e102f7cea60a775/element HTTP/1.1
User-Agent: selenium/4.1.2 (java windows)
Content-Length: 164
Content-Type: application/json; charset=utf-8
host: localhost:55885
accept: */*

Response DefaultHttpResponse(decodeResult: success, version: HTTP/1.1)
HTTP/1.1 200 OK
Content-Type: application/json; charset=utf-8
cache-control: no-cache
content-length: 88

16:26:15.226 [AsyncHttpClient-1-6] DEBUG org.asynchttpclient.netty.channel.ChannelManager - Adding key: http://localhost:55885 for channel [id: 0x4934b508, L:/127.0.0.1:55291 - R:localhost/127.0.0.1:55885]
16:26:15.244 [Forwarding isElementDisplayed on session 54a895787703154c1e102f7cea60a775 to remote] DEBUG org.asynchttpclient.netty.request.NettyRequestSender - Using pooled Channel '[id: 0x4934b508, L:/127.0.0.1:55291 - R:localhost/127.0.0.1:55885]' for 'POST' to 'http://localhost:55885/session/54a895787703154c1e102f7cea60a775/execute/sync'
16:26:15.244 [Forwarding isElementDisplayed on session 54a895787703154c1e102f7cea60a775 to remote] DEBUG org.asynchttpclient.netty.request.NettyRequestSender - Using open Channel [id: 0x4934b508, L:/127.0.0.1:55291 - R:localhost/127.0.0.1:55885] for POST '/session/54a895787703154c1e102f7cea60a775/execute/sync'
16:26:15.262 [AsyncHttpClient-1-6] DEBUG org.asynchttpclient.netty.handler.HttpHandler - 

Request DefaultHttpRequest(decodeResult: success, version: HTTP/1.1)
POST /session/54a895787703154c1e102f7cea60a775/execute/sync HTTP/1.1
User-Agent: selenium/4.1.2 (java windows)
Content-Length: 48780
Content-Type: application/json; charset=utf-8
host: localhost:55885
accept: */*

Response DefaultHttpResponse(decodeResult: success, version: HTTP/1.1)
HTTP/1.1 200 OK
Content-Type: application/json; charset=utf-8
cache-control: no-cache
content-length: 14

16:26:15.262 [AsyncHttpClient-1-6] DEBUG org.asynchttpclient.netty.channel.ChannelManager - Adding key: http://localhost:55885 for channel [id: 0x4934b508, L:/127.0.0.1:55291 - R:localhost/127.0.0.1:55885]
16:26:15.263 [Forwarding screenshot on session 54a895787703154c1e102f7cea60a775 to remote] DEBUG org.asynchttpclient.netty.request.NettyRequestSender - Using pooled Channel '[id: 0x4934b508, L:/127.0.0.1:55291 - R:localhost/127.0.0.1:55885]' for 'GET' to 'http://localhost:55885/session/54a895787703154c1e102f7cea60a775/screenshot'
16:26:15.263 [Forwarding screenshot on session 54a895787703154c1e102f7cea60a775 to remote] DEBUG org.asynchttpclient.netty.request.NettyRequestSender - Using open Channel [id: 0x4934b508, L:/127.0.0.1:55291 - R:localhost/127.0.0.1:55885] for GET '/session/54a895787703154c1e102f7cea60a775/screenshot'
16:26:15.356 [AsyncHttpClient-1-6] DEBUG org.asynchttpclient.netty.handler.HttpHandler - 

Request DefaultFullHttpRequest(decodeResult: success, version: HTTP/1.1, content: EmptyByteBufBE)
GET /session/54a895787703154c1e102f7cea60a775/screenshot HTTP/1.1
User-Agent: selenium/4.1.2 (java windows)
Cache-Control: no-cache
Content-Type: application/json; charset=utf-8
host: localhost:55885
accept: */*

Response DefaultHttpResponse(decodeResult: success, version: HTTP/1.1)
HTTP/1.1 200 OK
Content-Type: application/json; charset=utf-8
cache-control: no-cache
content-length: 29612

16:26:15.356 [AsyncHttpClient-1-6] DEBUG org.asynchttpclient.netty.channel.ChannelManager - Adding key: http://localhost:55885 for channel [id: 0x4934b508, L:/127.0.0.1:55291 - R:localhost/127.0.0.1:55885]
16:26:15.356 [main] DEBUG net.serenitybdd.core.photography.Darkroom - Send negative for processing for target\site\serenity\fbcccbfc142cbf792a2bfdff1d2e9f24344bbc61d767f43922554c6ad0002405.png
16:26:15.356 [main] DEBUG net.thucydides.core.steps.StepInterceptor - STEP DONE: validateOnRegisterPage
  &amp#27;[32mGiven &amp#27;[0m&amp#27;[32mI am on the register page&amp#27;[0m        &amp#27;[90m# Starter.StepDefinitions.RegisterStep.iAmOnTheRegisterPage()&amp#27;[0m
16:26:15.372 [main] DEBUG net.thucydides.core.steps.StepInterceptor - STARTING STEP: RegisterStep.iInputFullName - inputFullName
16:26:15.372 [Forwarding findElement on session 54a895787703154c1e102f7cea60a775 to remote] DEBUG org.asynchttpclient.netty.request.NettyRequestSender - Using pooled Channel '[id: 0x4934b508, L:/127.0.0.1:55291 - R:localhost/127.0.0.1:55885]' for 'POST' to 'http://localhost:55885/session/54a895787703154c1e102f7cea60a775/element'
16:26:15.372 [Forwarding findElement on session 54a895787703154c1e102f7cea60a775 to remote] DEBUG org.asynchttpclient.netty.request.NettyRequestSender - Using open Channel [id: 0x4934b508, L:/127.0.0.1:55291 - R:localhost/127.0.0.1:55885] for POST '/session/54a895787703154c1e102f7cea60a775/element'
16:26:15.390 [AsyncHttpClient-1-6] DEBUG org.asynchttpclient.netty.handler.HttpHandler - 

Request DefaultHttpRequest(decodeResult: success, version: HTTP/1.1)
POST /session/54a895787703154c1e102f7cea60a775/element HTTP/1.1
User-Agent: selenium/4.1.2 (java windows)
Content-Length: 98
Content-Type: application/json; charset=utf-8
host: localhost:55885
accept: */*

Response DefaultHttpResponse(decodeResult: success, version: HTTP/1.1)
HTTP/1.1 200 OK
Content-Type: application/json; charset=utf-8
cache-control: no-cache
content-length: 88

16:26:15.390 [AsyncHttpClient-1-6] DEBUG org.asynchttpclient.netty.channel.ChannelManager - Adding key: http://localhost:55885 for channel [id: 0x4934b508, L:/127.0.0.1:55291 - R:localhost/127.0.0.1:55885]
16:26:15.390 [Forwarding clearElement on session 54a895787703154c1e102f7cea60a775 to remote] DEBUG org.asynchttpclient.netty.request.NettyRequestSender - Using pooled Channel '[id: 0x4934b508, L:/127.0.0.1:55291 - R:localhost/127.0.0.1:55885]' for 'POST' to 'http://localhost:55885/session/54a895787703154c1e102f7cea60a775/element/ef4cffd7-9855-41f8-81bb-fb9217cb48e3/clear'
16:26:15.390 [Forwarding clearElement on session 54a895787703154c1e102f7cea60a775 to remote] DEBUG org.asynchttpclient.netty.request.NettyRequestSender - Using open Channel [id: 0x4934b508, L:/127.0.0.1:55291 - R:localhost/127.0.0.1:55885] for POST '/session/54a895787703154c1e102f7cea60a775/element/ef4cffd7-9855-41f8-81bb-fb9217cb48e3/clear'
16:26:15.412 [AsyncHttpClient-1-6] DEBUG org.asynchttpclient.netty.handler.HttpHandler - 

Request DefaultHttpRequest(decodeResult: success, version: HTTP/1.1)
POST /session/54a895787703154c1e102f7cea60a775/element/ef4cffd7-9855-41f8-81bb-fb9217cb48e3/clear HTTP/1.1
User-Agent: selenium/4.1.2 (java windows)
Content-Length: 50
Content-Type: application/json; charset=utf-8
host: localhost:55885
accept: */*

Response DefaultHttpResponse(decodeResult: success, version: HTTP/1.1)
HTTP/1.1 200 OK
Content-Type: application/json; charset=utf-8
cache-control: no-cache
content-length: 14

16:26:15.412 [AsyncHttpClient-1-6] DEBUG org.asynchttpclient.netty.channel.ChannelManager - Adding key: http://localhost:55885 for channel [id: 0x4934b508, L:/127.0.0.1:55291 - R:localhost/127.0.0.1:55885]
16:26:15.412 [Forwarding sendKeysToElement on session 54a895787703154c1e102f7cea60a775 to remote] DEBUG org.asynchttpclient.netty.request.NettyRequestSender - Using pooled Channel '[id: 0x4934b508, L:/127.0.0.1:55291 - R:localhost/127.0.0.1:55885]' for 'POST' to 'http://localhost:55885/session/54a895787703154c1e102f7cea60a775/element/ef4cffd7-9855-41f8-81bb-fb9217cb48e3/value'
16:26:15.412 [Forwarding sendKeysToElement on session 54a895787703154c1e102f7cea60a775 to remote] DEBUG org.asynchttpclient.netty.request.NettyRequestSender - Using open Channel [id: 0x4934b508, L:/127.0.0.1:55291 - R:localhost/127.0.0.1:55885] for POST '/session/54a895787703154c1e102f7cea60a775/element/ef4cffd7-9855-41f8-81bb-fb9217cb48e3/value'
16:26:15.459 [AsyncHttpClient-1-6] DEBUG org.asynchttpclient.netty.handler.HttpHandler - 

Request DefaultHttpRequest(decodeResult: success, version: HTTP/1.1)
POST /session/54a895787703154c1e102f7cea60a775/element/ef4cffd7-9855-41f8-81bb-fb9217cb48e3/value HTTP/1.1
User-Agent: selenium/4.1.2 (java windows)
Content-Length: 82
Content-Type: application/json; charset=utf-8
host: localhost:55885
accept: */*

Response DefaultHttpResponse(decodeResult: success, version: HTTP/1.1)
HTTP/1.1 200 OK
Content-Type: application/json; charset=utf-8
cache-control: no-cache
content-length: 14

16:26:15.459 [AsyncHttpClient-1-6] DEBUG org.asynchttpclient.netty.channel.ChannelManager - Adding key: http://localhost:55885 for channel [id: 0x4934b508, L:/127.0.0.1:55291 - R:localhost/127.0.0.1:55885]
16:26:15.464 [Forwarding screenshot on session 54a895787703154c1e102f7cea60a775 to remote] DEBUG org.asynchttpclient.netty.request.NettyRequestSender - Using pooled Channel '[id: 0x4934b508, L:/127.0.0.1:55291 - R:localhost/127.0.0.1:55885]' for 'GET' to 'http://localhost:55885/session/54a895787703154c1e102f7cea60a775/screenshot'
16:26:15.464 [Forwarding screenshot on session 54a895787703154c1e102f7cea60a775 to remote] DEBUG org.asynchttpclient.netty.request.NettyRequestSender - Using open Channel [id: 0x4934b508, L:/127.0.0.1:55291 - R:localhost/127.0.0.1:55885] for GET '/session/54a895787703154c1e102f7cea60a775/screenshot'
16:26:15.588 [AsyncHttpClient-1-6] DEBUG org.asynchttpclient.netty.handler.HttpHandler - 

Request DefaultFullHttpRequest(decodeResult: success, version: HTTP/1.1, content: EmptyByteBufBE)
GET /session/54a895787703154c1e102f7cea60a775/screenshot HTTP/1.1
User-Agent: selenium/4.1.2 (java windows)
Cache-Control: no-cache
Content-Type: application/json; charset=utf-8
host: localhost:55885
accept: */*

Response DefaultHttpResponse(decodeResult: success, version: HTTP/1.1)
HTTP/1.1 200 OK
Content-Type: application/json; charset=utf-8
cache-control: no-cache
content-length: 29716

16:26:15.588 [AsyncHttpClient-1-6] DEBUG org.asynchttpclient.netty.channel.ChannelManager - Adding key: http://localhost:55885 for channel [id: 0x4934b508, L:/127.0.0.1:55291 - R:localhost/127.0.0.1:55885]
16:26:15.590 [main] DEBUG net.serenitybdd.core.photography.Darkroom - Send negative for processing for target\site\serenity\678b8443de240aea50524622cc73b98403ff14977ec9c8acb281a171e9d5093d.png
16:26:15.591 [main] DEBUG net.thucydides.core.steps.StepInterceptor - STEP DONE: inputFullName
16:26:15.591 [Darkroom Processing Line] DEBUG net.serenitybdd.core.photography.DarkroomProcessingLine - Processing screenshot image in /var/screenshots/screenshot-16097558774310248020
16:26:15.591 [Darkroom Processing Line] DEBUG net.serenitybdd.core.photography.DarkroomProcessingLine - Saving screenshot to target\site\serenity\678b8443de240aea50524622cc73b98403ff14977ec9c8acb281a171e9d5093d.png
  &amp#27;[32mWhen &amp#27;[0m&amp#27;[32mI input &amp#27;[0m&amp#27;[32m&amp#27;[1m""&amp#27;[0m&amp#27;[32m fullName&amp#27;[0m               &amp#27;[90m# Starter.StepDefinitions.RegisterStep.iInputFullName(java.lang.String)&amp#27;[0m
16:26:15.600 [main] DEBUG net.thucydides.core.steps.StepInterceptor - STARTING STEP: RegisterStep.iInputEmail - inputEmail
16:26:15.600 [Forwarding findElement on session 54a895787703154c1e102f7cea60a775 to remote] DEBUG org.asynchttpclient.netty.request.NettyRequestSender - Using pooled Channel '[id: 0x4934b508, L:/127.0.0.1:55291 - R:localhost/127.0.0.1:55885]' for 'POST' to 'http://localhost:55885/session/54a895787703154c1e102f7cea60a775/element'
16:26:15.600 [Forwarding findElement on session 54a895787703154c1e102f7cea60a775 to remote] DEBUG org.asynchttpclient.netty.request.NettyRequestSender - Using open Channel [id: 0x4934b508, L:/127.0.0.1:55291 - R:localhost/127.0.0.1:55885] for POST '/session/54a895787703154c1e102f7cea60a775/element'
16:26:15.608 [AsyncHttpClient-1-6] DEBUG org.asynchttpclient.netty.handler.HttpHandler - 

Request DefaultHttpRequest(decodeResult: success, version: HTTP/1.1)
POST /session/54a895787703154c1e102f7cea60a775/element HTTP/1.1
User-Agent: selenium/4.1.2 (java windows)
Content-Length: 91
Content-Type: application/json; charset=utf-8
host: localhost:55885
accept: */*

Response DefaultHttpResponse(decodeResult: success, version: HTTP/1.1)
HTTP/1.1 200 OK
Content-Type: application/json; charset=utf-8
cache-control: no-cache
content-length: 88

16:26:15.608 [AsyncHttpClient-1-6] DEBUG org.asynchttpclient.netty.channel.ChannelManager - Adding key: http://localhost:55885 for channel [id: 0x4934b508, L:/127.0.0.1:55291 - R:localhost/127.0.0.1:55885]
16:26:15.616 [Forwarding clearElement on session 54a895787703154c1e102f7cea60a775 to remote] DEBUG org.asynchttpclient.netty.request.NettyRequestSender - Using pooled Channel '[id: 0x4934b508, L:/127.0.0.1:55291 - R:localhost/127.0.0.1:55885]' for 'POST' to 'http://localhost:55885/session/54a895787703154c1e102f7cea60a775/element/1de34afb-9302-4d0c-9b4a-64ffa16556e5/clear'
16:26:15.616 [Forwarding clearElement on session 54a895787703154c1e102f7cea60a775 to remote] DEBUG org.asynchttpclient.netty.request.NettyRequestSender - Using open Channel [id: 0x4934b508, L:/127.0.0.1:55291 - R:localhost/127.0.0.1:55885] for POST '/session/54a895787703154c1e102f7cea60a775/element/1de34afb-9302-4d0c-9b4a-64ffa16556e5/clear'
16:26:15.641 [AsyncHttpClient-1-6] DEBUG org.asynchttpclient.netty.handler.HttpHandler - 

Request DefaultHttpRequest(decodeResult: success, version: HTTP/1.1)
POST /session/54a895787703154c1e102f7cea60a775/element/1de34afb-9302-4d0c-9b4a-64ffa16556e5/clear HTTP/1.1
User-Agent: selenium/4.1.2 (java windows)
Content-Length: 50
Content-Type: application/json; charset=utf-8
host: localhost:55885
accept: */*

Response DefaultHttpResponse(decodeResult: success, version: HTTP/1.1)
HTTP/1.1 200 OK
Content-Type: application/json; charset=utf-8
cache-control: no-cache
content-length: 14

16:26:15.641 [AsyncHttpClient-1-6] DEBUG org.asynchttpclient.netty.channel.ChannelManager - Adding key: http://localhost:55885 for channel [id: 0x4934b508, L:/127.0.0.1:55291 - R:localhost/127.0.0.1:55885]
16:26:15.649 [Forwarding sendKeysToElement on session 54a895787703154c1e102f7cea60a775 to remote] DEBUG org.asynchttpclient.netty.request.NettyRequestSender - Using pooled Channel '[id: 0x4934b508, L:/127.0.0.1:55291 - R:localhost/127.0.0.1:55885]' for 'POST' to 'http://localhost:55885/session/54a895787703154c1e102f7cea60a775/element/1de34afb-9302-4d0c-9b4a-64ffa16556e5/value'
16:26:15.649 [Forwarding sendKeysToElement on session 54a895787703154c1e102f7cea60a775 to remote] DEBUG org.asynchttpclient.netty.request.NettyRequestSender - Using open Channel [id: 0x4934b508, L:/127.0.0.1:55291 - R:localhost/127.0.0.1:55885] for POST '/session/54a895787703154c1e102f7cea60a775/element/1de34afb-9302-4d0c-9b4a-64ffa16556e5/value'
16:26:15.802 [AsyncHttpClient-1-6] DEBUG org.asynchttpclient.netty.handler.HttpHandler - 

Request DefaultHttpRequest(decodeResult: success, version: HTTP/1.1)
POST /session/54a895787703154c1e102f7cea60a775/element/1de34afb-9302-4d0c-9b4a-64ffa16556e5/value HTTP/1.1
User-Agent: selenium/4.1.2 (java windows)
Content-Length: 261
Content-Type: application/json; charset=utf-8
host: localhost:55885
accept: */*

Response DefaultHttpResponse(decodeResult: success, version: HTTP/1.1)
HTTP/1.1 200 OK
Content-Type: application/json; charset=utf-8
cache-control: no-cache
content-length: 14

16:26:15.802 [AsyncHttpClient-1-6] DEBUG org.asynchttpclient.netty.channel.ChannelManager - Adding key: http://localhost:55885 for channel [id: 0x4934b508, L:/127.0.0.1:55291 - R:localhost/127.0.0.1:55885]
16:26:15.809 [Forwarding screenshot on session 54a895787703154c1e102f7cea60a775 to remote] DEBUG org.asynchttpclient.netty.request.NettyRequestSender - Using pooled Channel '[id: 0x4934b508, L:/127.0.0.1:55291 - R:localhost/127.0.0.1:55885]' for 'GET' to 'http://localhost:55885/session/54a895787703154c1e102f7cea60a775/screenshot'
16:26:15.809 [Forwarding screenshot on session 54a895787703154c1e102f7cea60a775 to remote] DEBUG org.asynchttpclient.netty.request.NettyRequestSender - Using open Channel [id: 0x4934b508, L:/127.0.0.1:55291 - R:localhost/127.0.0.1:55885] for GET '/session/54a895787703154c1e102f7cea60a775/screenshot'
16:26:15.827 [AsyncHttpClient-1-1] DEBUG org.asynchttpclient.netty.channel.DefaultChannelPool - Entry count for : http://localhost:55292 : 1
16:26:15.964 [AsyncHttpClient-1-6] DEBUG org.asynchttpclient.netty.handler.HttpHandler - 

Request DefaultFullHttpRequest(decodeResult: success, version: HTTP/1.1, content: EmptyByteBufBE)
GET /session/54a895787703154c1e102f7cea60a775/screenshot HTTP/1.1
User-Agent: selenium/4.1.2 (java windows)
Cache-Control: no-cache
Content-Type: application/json; charset=utf-8
host: localhost:55885
accept: */*

Response DefaultHttpResponse(decodeResult: success, version: HTTP/1.1)
HTTP/1.1 200 OK
Content-Type: application/json; charset=utf-8
cache-control: no-cache
content-length: 34632

16:26:15.964 [AsyncHttpClient-1-6] DEBUG org.asynchttpclient.netty.channel.ChannelManager - Adding key: http://localhost:55885 for channel [id: 0x4934b508, L:/127.0.0.1:55291 - R:localhost/127.0.0.1:55885]
16:26:15.964 [main] DEBUG net.serenitybdd.core.photography.Darkroom - Send negative for processing for target\site\serenity\97fb337949d8593ddab7562582f5e87d656dc2b180a15bfe48633603a7eb430f.png
16:26:15.964 [main] DEBUG net.thucydides.core.steps.StepInterceptor - STEP DONE: inputEmail
  &amp#27;[32mAnd &amp#27;[0m&amp#27;[32mI input &amp#27;[0m&amp#27;[32m&amp#27;[1m"hakim001@gmail.com"&amp#27;[0m&amp#27;[32m Email&amp#27;[0m &amp#27;[90m# Starter.StepDefinitions.RegisterStep.iInputEmail(java.lang.String)&amp#27;[0m
16:26:15.964 [Darkroom Processing Line] DEBUG net.serenitybdd.core.photography.DarkroomProcessingLine - Processing screenshot image in /var/screenshots/screenshot-16052217974884271610
16:26:15.964 [Darkroom Processing Line] DEBUG net.serenitybdd.core.photography.DarkroomProcessingLine - Saving screenshot to target\site\serenity\97fb337949d8593ddab7562582f5e87d656dc2b180a15bfe48633603a7eb430f.png
16:26:15.974 [main] DEBUG net.thucydides.core.steps.StepInterceptor - STARTING STEP: RegisterStep.iInputPassword - inputPassword
16:26:15.974 [Forwarding findElement on session 54a895787703154c1e102f7cea60a775 to remote] DEBUG org.asynchttpclient.netty.request.NettyRequestSender - Using pooled Channel '[id: 0x4934b508, L:/127.0.0.1:55291 - R:localhost/127.0.0.1:55885]' for 'POST' to 'http://localhost:55885/session/54a895787703154c1e102f7cea60a775/element'
16:26:15.974 [Forwarding findElement on session 54a895787703154c1e102f7cea60a775 to remote] DEBUG org.asynchttpclient.netty.request.NettyRequestSender - Using open Channel [id: 0x4934b508, L:/127.0.0.1:55291 - R:localhost/127.0.0.1:55885] for POST '/session/54a895787703154c1e102f7cea60a775/element'
16:26:15.991 [AsyncHttpClient-1-6] DEBUG org.asynchttpclient.netty.handler.HttpHandler - 

Request DefaultHttpRequest(decodeResult: success, version: HTTP/1.1)
POST /session/54a895787703154c1e102f7cea60a775/element HTTP/1.1
User-Agent: selenium/4.1.2 (java windows)
Content-Length: 94
Content-Type: application/json; charset=utf-8
host: localhost:55885
accept: */*

Response DefaultHttpResponse(decodeResult: success, version: HTTP/1.1)
HTTP/1.1 200 OK
Content-Type: application/json; charset=utf-8
cache-control: no-cache
content-length: 88

16:26:15.991 [AsyncHttpClient-1-6] DEBUG org.asynchttpclient.netty.channel.ChannelManager - Adding key: http://localhost:55885 for channel [id: 0x4934b508, L:/127.0.0.1:55291 - R:localhost/127.0.0.1:55885]
16:26:15.991 [Forwarding clearElement on session 54a895787703154c1e102f7cea60a775 to remote] DEBUG org.asynchttpclient.netty.request.NettyRequestSender - Using pooled Channel '[id: 0x4934b508, L:/127.0.0.1:55291 - R:localhost/127.0.0.1:55885]' for 'POST' to 'http://localhost:55885/session/54a895787703154c1e102f7cea60a775/element/b5f44c2f-f031-4919-a330-16b9c030ff00/clear'
16:26:15.991 [Forwarding clearElement on session 54a895787703154c1e102f7cea60a775 to remote] DEBUG org.asynchttpclient.netty.request.NettyRequestSender - Using open Channel [id: 0x4934b508, L:/127.0.0.1:55291 - R:localhost/127.0.0.1:55885] for POST '/session/54a895787703154c1e102f7cea60a775/element/b5f44c2f-f031-4919-a330-16b9c030ff00/clear'
16:26:16.018 [AsyncHttpClient-1-6] DEBUG org.asynchttpclient.netty.handler.HttpHandler - 

Request DefaultHttpRequest(decodeResult: success, version: HTTP/1.1)
POST /session/54a895787703154c1e102f7cea60a775/element/b5f44c2f-f031-4919-a330-16b9c030ff00/clear HTTP/1.1
User-Agent: selenium/4.1.2 (java windows)
Content-Length: 50
Content-Type: application/json; charset=utf-8
host: localhost:55885
accept: */*

Response DefaultHttpResponse(decodeResult: success, version: HTTP/1.1)
HTTP/1.1 200 OK
Content-Type: application/json; charset=utf-8
cache-control: no-cache
content-length: 14

16:26:16.018 [AsyncHttpClient-1-6] DEBUG org.asynchttpclient.netty.channel.ChannelManager - Adding key: http://localhost:55885 for channel [id: 0x4934b508, L:/127.0.0.1:55291 - R:localhost/127.0.0.1:55885]
16:26:16.018 [Forwarding sendKeysToElement on session 54a895787703154c1e102f7cea60a775 to remote] DEBUG org.asynchttpclient.netty.request.NettyRequestSender - Using pooled Channel '[id: 0x4934b508, L:/127.0.0.1:55291 - R:localhost/127.0.0.1:55885]' for 'POST' to 'http://localhost:55885/session/54a895787703154c1e102f7cea60a775/element/b5f44c2f-f031-4919-a330-16b9c030ff00/value'
16:26:16.018 [Forwarding sendKeysToElement on session 54a895787703154c1e102f7cea60a775 to remote] DEBUG org.asynchttpclient.netty.request.NettyRequestSender - Using open Channel [id: 0x4934b508, L:/127.0.0.1:55291 - R:localhost/127.0.0.1:55885] for POST '/session/54a895787703154c1e102f7cea60a775/element/b5f44c2f-f031-4919-a330-16b9c030ff00/value'
16:26:16.094 [AsyncHttpClient-1-6] DEBUG org.asynchttpclient.netty.handler.HttpHandler - 

Request DefaultHttpRequest(decodeResult: success, version: HTTP/1.1)
POST /session/54a895787703154c1e102f7cea60a775/element/b5f44c2f-f031-4919-a330-16b9c030ff00/value HTTP/1.1
User-Agent: selenium/4.1.2 (java windows)
Content-Length: 161
Content-Type: application/json; charset=utf-8
host: localhost:55885
accept: */*

Response DefaultHttpResponse(decodeResult: success, version: HTTP/1.1)
HTTP/1.1 200 OK
Content-Type: application/json; charset=utf-8
cache-control: no-cache
content-length: 14

16:26:16.094 [AsyncHttpClient-1-6] DEBUG org.asynchttpclient.netty.channel.ChannelManager - Adding key: http://localhost:55885 for channel [id: 0x4934b508, L:/127.0.0.1:55291 - R:localhost/127.0.0.1:55885]
16:26:16.096 [Forwarding screenshot on session 54a895787703154c1e102f7cea60a775 to remote] DEBUG org.asynchttpclient.netty.request.NettyRequestSender - Using pooled Channel '[id: 0x4934b508, L:/127.0.0.1:55291 - R:localhost/127.0.0.1:55885]' for 'GET' to 'http://localhost:55885/session/54a895787703154c1e102f7cea60a775/screenshot'
16:26:16.096 [Forwarding screenshot on session 54a895787703154c1e102f7cea60a775 to remote] DEBUG org.asynchttpclient.netty.request.NettyRequestSender - Using open Channel [id: 0x4934b508, L:/127.0.0.1:55291 - R:localhost/127.0.0.1:55885] for GET '/session/54a895787703154c1e102f7cea60a775/screenshot'
16:26:16.289 [AsyncHttpClient-1-6] DEBUG org.asynchttpclient.netty.handler.HttpHandler - 

Request DefaultFullHttpRequest(decodeResult: success, version: HTTP/1.1, content: EmptyByteBufBE)
GET /session/54a895787703154c1e102f7cea60a775/screenshot HTTP/1.1
User-Agent: selenium/4.1.2 (java windows)
Cache-Control: no-cache
Content-Type: application/json; charset=utf-8
host: localhost:55885
accept: */*

Response DefaultHttpResponse(decodeResult: success, version: HTTP/1.1)
HTTP/1.1 200 OK
Content-Type: application/json; charset=utf-8
cache-control: no-cache
content-length: 35600

16:26:16.289 [AsyncHttpClient-1-6] DEBUG org.asynchttpclient.netty.channel.ChannelManager - Adding key: http://localhost:55885 for channel [id: 0x4934b508, L:/127.0.0.1:55291 - R:localhost/127.0.0.1:55885]
16:26:16.289 [main] DEBUG net.serenitybdd.core.photography.Darkroom - Send negative for processing for target\site\serenity\8df0c3ce24c6b55fbff6b2f5da2773545f401d97fa91f6a462ea2563dabaa1e8.png
16:26:16.289 [main] DEBUG net.thucydides.core.steps.StepInterceptor - STEP DONE: inputPassword
  &amp#27;[32mAnd &amp#27;[0m&amp#27;[32mI input &amp#27;[0m&amp#27;[32m&amp#27;[1m"Valid@01"&amp#27;[0m&amp#27;[32m Password&amp#27;[0m        &amp#27;[90m# Starter.StepDefinitions.RegisterStep.iInputPassword(java.lang.String)&amp#27;[0m
16:26:16.289 [Darkroom Processing Line] DEBUG net.serenitybdd.core.photography.DarkroomProcessingLine - Processing screenshot image in /var/screenshots/screenshot-12214875993170894969
16:26:16.289 [Darkroom Processing Line] DEBUG net.serenitybdd.core.photography.DarkroomProcessingLine - Saving screenshot to target\site\serenity\8df0c3ce24c6b55fbff6b2f5da2773545f401d97fa91f6a462ea2563dabaa1e8.png
16:26:16.301 [main] DEBUG net.thucydides.core.steps.StepInterceptor - STARTING STEP: RegisterStep.clickRegisterButton - scrollTo
16:26:16.301 [Forwarding findElement on session 54a895787703154c1e102f7cea60a775 to remote] DEBUG org.asynchttpclient.netty.request.NettyRequestSender - Using pooled Channel '[id: 0x4934b508, L:/127.0.0.1:55291 - R:localhost/127.0.0.1:55885]' for 'POST' to 'http://localhost:55885/session/54a895787703154c1e102f7cea60a775/element'
16:26:16.301 [Forwarding findElement on session 54a895787703154c1e102f7cea60a775 to remote] DEBUG org.asynchttpclient.netty.request.NettyRequestSender - Using open Channel [id: 0x4934b508, L:/127.0.0.1:55291 - R:localhost/127.0.0.1:55885] for POST '/session/54a895787703154c1e102f7cea60a775/element'
16:26:16.309 [AsyncHttpClient-1-6] DEBUG org.asynchttpclient.netty.handler.HttpHandler - 

Request DefaultHttpRequest(decodeResult: success, version: HTTP/1.1)
POST /session/54a895787703154c1e102f7cea60a775/element HTTP/1.1
User-Agent: selenium/4.1.2 (java windows)
Content-Length: 73
Content-Type: application/json; charset=utf-8
host: localhost:55885
accept: */*

Response DefaultHttpResponse(decodeResult: success, version: HTTP/1.1)
HTTP/1.1 200 OK
Content-Type: application/json; charset=utf-8
cache-control: no-cache
content-length: 88

16:26:16.309 [AsyncHttpClient-1-6] DEBUG org.asynchttpclient.netty.channel.ChannelManager - Adding key: http://localhost:55885 for channel [id: 0x4934b508, L:/127.0.0.1:55291 - R:localhost/127.0.0.1:55885]
16:26:16.319 [Forwarding actions on session 54a895787703154c1e102f7cea60a775 to remote] DEBUG org.asynchttpclient.netty.request.NettyRequestSender - Using pooled Channel '[id: 0x4934b508, L:/127.0.0.1:55291 - R:localhost/127.0.0.1:55885]' for 'POST' to 'http://localhost:55885/session/54a895787703154c1e102f7cea60a775/actions'
16:26:16.319 [Forwarding actions on session 54a895787703154c1e102f7cea60a775 to remote] DEBUG org.asynchttpclient.netty.request.NettyRequestSender - Using open Channel [id: 0x4934b508, L:/127.0.0.1:55291 - R:localhost/127.0.0.1:55885] for POST '/session/54a895787703154c1e102f7cea60a775/actions'
16:26:16.448 [AsyncHttpClient-1-6] DEBUG org.asynchttpclient.netty.handler.HttpHandler - 

Request DefaultHttpRequest(decodeResult: success, version: HTTP/1.1)
POST /session/54a895787703154c1e102f7cea60a775/actions HTTP/1.1
User-Agent: selenium/4.1.2 (java windows)
Content-Length: 480
Content-Type: application/json; charset=utf-8
host: localhost:55885
accept: */*

Response DefaultHttpResponse(decodeResult: success, version: HTTP/1.1)
HTTP/1.1 200 OK
Content-Type: application/json; charset=utf-8
cache-control: no-cache
content-length: 14

16:26:16.448 [AsyncHttpClient-1-6] DEBUG org.asynchttpclient.netty.channel.ChannelManager - Adding key: http://localhost:55885 for channel [id: 0x4934b508, L:/127.0.0.1:55291 - R:localhost/127.0.0.1:55885]
16:26:16.448 [Forwarding screenshot on session 54a895787703154c1e102f7cea60a775 to remote] DEBUG org.asynchttpclient.netty.request.NettyRequestSender - Using pooled Channel '[id: 0x4934b508, L:/127.0.0.1:55291 - R:localhost/127.0.0.1:55885]' for 'GET' to 'http://localhost:55885/session/54a895787703154c1e102f7cea60a775/screenshot'
16:26:16.448 [Forwarding screenshot on session 54a895787703154c1e102f7cea60a775 to remote] DEBUG org.asynchttpclient.netty.request.NettyRequestSender - Using open Channel [id: 0x4934b508, L:/127.0.0.1:55291 - R:localhost/127.0.0.1:55885] for GET '/session/54a895787703154c1e102f7cea60a775/screenshot'
16:26:16.621 [AsyncHttpClient-1-6] DEBUG org.asynchttpclient.netty.handler.HttpHandler - 

Request DefaultFullHttpRequest(decodeResult: success, version: HTTP/1.1, content: EmptyByteBufBE)
GET /session/54a895787703154c1e102f7cea60a775/screenshot HTTP/1.1
User-Agent: selenium/4.1.2 (java windows)
Cache-Control: no-cache
Content-Type: application/json; charset=utf-8
host: localhost:55885
accept: */*

Response DefaultHttpResponse(decodeResult: success, version: HTTP/1.1)
HTTP/1.1 200 OK
Content-Type: application/json; charset=utf-8
cache-control: no-cache
content-length: 34764

16:26:16.621 [AsyncHttpClient-1-6] DEBUG org.asynchttpclient.netty.channel.ChannelManager - Adding key: http://localhost:55885 for channel [id: 0x4934b508, L:/127.0.0.1:55291 - R:localhost/127.0.0.1:55885]
16:26:16.621 [main] DEBUG net.serenitybdd.core.photography.Darkroom - Send negative for processing for target\site\serenity\960dac3730fe56ba475ba39231f182e88f62345c45c6231bc384638d47759fa4.png
16:26:16.621 [main] DEBUG net.thucydides.core.steps.StepInterceptor - STEP DONE: scrollTo
16:26:16.621 [Darkroom Processing Line] DEBUG net.serenitybdd.core.photography.DarkroomProcessingLine - Processing screenshot image in /var/screenshots/screenshot-5944139798464207739
16:26:16.621 [Darkroom Processing Line] DEBUG net.serenitybdd.core.photography.DarkroomProcessingLine - Saving screenshot to target\site\serenity\960dac3730fe56ba475ba39231f182e88f62345c45c6231bc384638d47759fa4.png
16:26:16.628 [main] DEBUG net.thucydides.core.steps.StepInterceptor - STARTING STEP: RegisterStep.clickRegisterButton - clickRegisterButton
16:26:16.628 [Forwarding findElement on session 54a895787703154c1e102f7cea60a775 to remote] DEBUG org.asynchttpclient.netty.request.NettyRequestSender - Using pooled Channel '[id: 0x4934b508, L:/127.0.0.1:55291 - R:localhost/127.0.0.1:55885]' for 'POST' to 'http://localhost:55885/session/54a895787703154c1e102f7cea60a775/element'
16:26:16.628 [Forwarding findElement on session 54a895787703154c1e102f7cea60a775 to remote] DEBUG org.asynchttpclient.netty.request.NettyRequestSender - Using open Channel [id: 0x4934b508, L:/127.0.0.1:55291 - R:localhost/127.0.0.1:55885] for POST '/session/54a895787703154c1e102f7cea60a775/element'
16:26:16.638 [AsyncHttpClient-1-6] DEBUG org.asynchttpclient.netty.handler.HttpHandler - 

Request DefaultHttpRequest(decodeResult: success, version: HTTP/1.1)
POST /session/54a895787703154c1e102f7cea60a775/element HTTP/1.1
User-Agent: selenium/4.1.2 (java windows)
Content-Length: 164
Content-Type: application/json; charset=utf-8
host: localhost:55885
accept: */*

Response DefaultHttpResponse(decodeResult: success, version: HTTP/1.1)
HTTP/1.1 200 OK
Content-Type: application/json; charset=utf-8
cache-control: no-cache
content-length: 88

16:26:16.638 [AsyncHttpClient-1-6] DEBUG org.asynchttpclient.netty.channel.ChannelManager - Adding key: http://localhost:55885 for channel [id: 0x4934b508, L:/127.0.0.1:55291 - R:localhost/127.0.0.1:55885]
16:26:16.639 [Forwarding getElementTagName on session 54a895787703154c1e102f7cea60a775 to remote] DEBUG org.asynchttpclient.netty.request.NettyRequestSender - Using pooled Channel '[id: 0x4934b508, L:/127.0.0.1:55291 - R:localhost/127.0.0.1:55885]' for 'GET' to 'http://localhost:55885/session/54a895787703154c1e102f7cea60a775/element/70719bc1-5948-4d66-9cae-8cd8a5e3fbd8/name'
16:26:16.639 [Forwarding getElementTagName on session 54a895787703154c1e102f7cea60a775 to remote] DEBUG org.asynchttpclient.netty.request.NettyRequestSender - Using open Channel [id: 0x4934b508, L:/127.0.0.1:55291 - R:localhost/127.0.0.1:55885] for GET '/session/54a895787703154c1e102f7cea60a775/element/70719bc1-5948-4d66-9cae-8cd8a5e3fbd8/name'
16:26:16.640 [AsyncHttpClient-1-6] DEBUG org.asynchttpclient.netty.handler.HttpHandler - 

Request DefaultFullHttpRequest(decodeResult: success, version: HTTP/1.1, content: EmptyByteBufBE)
GET /session/54a895787703154c1e102f7cea60a775/element/70719bc1-5948-4d66-9cae-8cd8a5e3fbd8/name HTTP/1.1
User-Agent: selenium/4.1.2 (java windows)
Cache-Control: no-cache
Content-Type: application/json; charset=utf-8
host: localhost:55885
accept: */*

Response DefaultHttpResponse(decodeResult: success, version: HTTP/1.1)
HTTP/1.1 200 OK
Content-Type: application/json; charset=utf-8
cache-control: no-cache
content-length: 16

16:26:16.640 [AsyncHttpClient-1-6] DEBUG org.asynchttpclient.netty.channel.ChannelManager - Adding key: http://localhost:55885 for channel [id: 0x4934b508, L:/127.0.0.1:55291 - R:localhost/127.0.0.1:55885]
16:26:16.640 [Forwarding getElementTagName on session 54a895787703154c1e102f7cea60a775 to remote] DEBUG org.asynchttpclient.netty.request.NettyRequestSender - Using pooled Channel '[id: 0x4934b508, L:/127.0.0.1:55291 - R:localhost/127.0.0.1:55885]' for 'GET' to 'http://localhost:55885/session/54a895787703154c1e102f7cea60a775/element/70719bc1-5948-4d66-9cae-8cd8a5e3fbd8/name'
16:26:16.640 [Forwarding getElementTagName on session 54a895787703154c1e102f7cea60a775 to remote] DEBUG org.asynchttpclient.netty.request.NettyRequestSender - Using open Channel [id: 0x4934b508, L:/127.0.0.1:55291 - R:localhost/127.0.0.1:55885] for GET '/session/54a895787703154c1e102f7cea60a775/element/70719bc1-5948-4d66-9cae-8cd8a5e3fbd8/name'
16:26:16.648 [AsyncHttpClient-1-6] DEBUG org.asynchttpclient.netty.handler.HttpHandler - 

Request DefaultFullHttpRequest(decodeResult: success, version: HTTP/1.1, content: EmptyByteBufBE)
GET /session/54a895787703154c1e102f7cea60a775/element/70719bc1-5948-4d66-9cae-8cd8a5e3fbd8/name HTTP/1.1
User-Agent: selenium/4.1.2 (java windows)
Cache-Control: no-cache
Content-Type: application/json; charset=utf-8
host: localhost:55885
accept: */*

Response DefaultHttpResponse(decodeResult: success, version: HTTP/1.1)
HTTP/1.1 200 OK
Content-Type: application/json; charset=utf-8
cache-control: no-cache
content-length: 16

16:26:16.648 [AsyncHttpClient-1-6] DEBUG org.asynchttpclient.netty.channel.ChannelManager - Adding key: http://localhost:55885 for channel [id: 0x4934b508, L:/127.0.0.1:55291 - R:localhost/127.0.0.1:55885]
16:26:16.648 [Forwarding findElement on session 54a895787703154c1e102f7cea60a775 to remote] DEBUG org.asynchttpclient.netty.request.NettyRequestSender - Using pooled Channel '[id: 0x4934b508, L:/127.0.0.1:55291 - R:localhost/127.0.0.1:55885]' for 'POST' to 'http://localhost:55885/session/54a895787703154c1e102f7cea60a775/element'
16:26:16.648 [Forwarding findElement on session 54a895787703154c1e102f7cea60a775 to remote] DEBUG org.asynchttpclient.netty.request.NettyRequestSender - Using open Channel [id: 0x4934b508, L:/127.0.0.1:55291 - R:localhost/127.0.0.1:55885] for POST '/session/54a895787703154c1e102f7cea60a775/element'
16:26:16.655 [AsyncHttpClient-1-6] DEBUG org.asynchttpclient.netty.handler.HttpHandler - 

Request DefaultHttpRequest(decodeResult: success, version: HTTP/1.1)
POST /session/54a895787703154c1e102f7cea60a775/element HTTP/1.1
User-Agent: selenium/4.1.2 (java windows)
Content-Length: 164
Content-Type: application/json; charset=utf-8
host: localhost:55885
accept: */*

Response DefaultHttpResponse(decodeResult: success, version: HTTP/1.1)
HTTP/1.1 200 OK
Content-Type: application/json; charset=utf-8
cache-control: no-cache
content-length: 88

16:26:16.655 [AsyncHttpClient-1-6] DEBUG org.asynchttpclient.netty.channel.ChannelManager - Adding key: http://localhost:55885 for channel [id: 0x4934b508, L:/127.0.0.1:55291 - R:localhost/127.0.0.1:55885]
16:26:16.655 [Forwarding clickElement on session 54a895787703154c1e102f7cea60a775 to remote] DEBUG org.asynchttpclient.netty.request.NettyRequestSender - Using pooled Channel '[id: 0x4934b508, L:/127.0.0.1:55291 - R:localhost/127.0.0.1:55885]' for 'POST' to 'http://localhost:55885/session/54a895787703154c1e102f7cea60a775/element/70719bc1-5948-4d66-9cae-8cd8a5e3fbd8/click'
16:26:16.655 [Forwarding clickElement on session 54a895787703154c1e102f7cea60a775 to remote] DEBUG org.asynchttpclient.netty.request.NettyRequestSender - Using open Channel [id: 0x4934b508, L:/127.0.0.1:55291 - R:localhost/127.0.0.1:55885] for POST '/session/54a895787703154c1e102f7cea60a775/element/70719bc1-5948-4d66-9cae-8cd8a5e3fbd8/click'
16:26:16.699 [AsyncHttpClient-1-6] DEBUG org.asynchttpclient.netty.handler.HttpHandler - 

Request DefaultHttpRequest(decodeResult: success, version: HTTP/1.1)
POST /session/54a895787703154c1e102f7cea60a775/element/70719bc1-5948-4d66-9cae-8cd8a5e3fbd8/click HTTP/1.1
User-Agent: selenium/4.1.2 (java windows)
Content-Length: 50
Content-Type: application/json; charset=utf-8
host: localhost:55885
accept: */*

Response DefaultHttpResponse(decodeResult: success, version: HTTP/1.1)
HTTP/1.1 200 OK
Content-Type: application/json; charset=utf-8
cache-control: no-cache
content-length: 14

16:26:16.699 [AsyncHttpClient-1-6] DEBUG org.asynchttpclient.netty.channel.ChannelManager - Adding key: http://localhost:55885 for channel [id: 0x4934b508, L:/127.0.0.1:55291 - R:localhost/127.0.0.1:55885]
16:26:16.706 [Forwarding screenshot on session 54a895787703154c1e102f7cea60a775 to remote] DEBUG org.asynchttpclient.netty.request.NettyRequestSender - Using pooled Channel '[id: 0x4934b508, L:/127.0.0.1:55291 - R:localhost/127.0.0.1:55885]' for 'GET' to 'http://localhost:55885/session/54a895787703154c1e102f7cea60a775/screenshot'
16:26:16.706 [Forwarding screenshot on session 54a895787703154c1e102f7cea60a775 to remote] DEBUG org.asynchttpclient.netty.request.NettyRequestSender - Using open Channel [id: 0x4934b508, L:/127.0.0.1:55291 - R:localhost/127.0.0.1:55885] for GET '/session/54a895787703154c1e102f7cea60a775/screenshot'
16:26:16.857 [AsyncHttpClient-1-6] DEBUG org.asynchttpclient.netty.handler.HttpHandler - 

Request DefaultFullHttpRequest(decodeResult: success, version: HTTP/1.1, content: EmptyByteBufBE)
GET /session/54a895787703154c1e102f7cea60a775/screenshot HTTP/1.1
User-Agent: selenium/4.1.2 (java windows)
Cache-Control: no-cache
Content-Type: application/json; charset=utf-8
host: localhost:55885
accept: */*

Response DefaultHttpResponse(decodeResult: success, version: HTTP/1.1)
HTTP/1.1 200 OK
Content-Type: application/json; charset=utf-8
cache-control: no-cache
content-length: 35016

16:26:16.857 [AsyncHttpClient-1-6] DEBUG org.asynchttpclient.netty.channel.ChannelManager - Adding key: http://localhost:55885 for channel [id: 0x4934b508, L:/127.0.0.1:55291 - R:localhost/127.0.0.1:55885]
16:26:16.857 [main] DEBUG net.serenitybdd.core.photography.Darkroom - Send negative for processing for target\site\serenity\2de680b9cd2662d5e5b2a669946b82abeac2faff3125ae66e91b548e55bfdd22.png
16:26:16.857 [main] DEBUG net.thucydides.core.steps.StepInterceptor - STEP DONE: clickRegisterButton
  &amp#27;[32mAnd &amp#27;[0m&amp#27;[32mclick register button&amp#27;[0m              &amp#27;[90m# Starter.StepDefinitions.RegisterStep.clickRegisterButton()&amp#27;[0m
16:26:16.857 [Darkroom Processing Line] DEBUG net.serenitybdd.core.photography.DarkroomProcessingLine - Processing screenshot image in /var/screenshots/screenshot-2603214465982135681
16:26:16.857 [Darkroom Processing Line] DEBUG net.serenitybdd.core.photography.DarkroomProcessingLine - Saving screenshot to target\site\serenity\2de680b9cd2662d5e5b2a669946b82abeac2faff3125ae66e91b548e55bfdd22.png
16:26:16.864 [main] DEBUG net.thucydides.core.steps.StepInterceptor - STARTING STEP: RegisterStep.iGetThe - errorFieldAlert
16:26:16.872 [Forwarding setTimeout on session 54a895787703154c1e102f7cea60a775 to remote] DEBUG org.asynchttpclient.netty.request.NettyRequestSender - Using pooled Channel '[id: 0x4934b508, L:/127.0.0.1:55291 - R:localhost/127.0.0.1:55885]' for 'POST' to 'http://localhost:55885/session/54a895787703154c1e102f7cea60a775/timeouts'
16:26:16.872 [Forwarding setTimeout on session 54a895787703154c1e102f7cea60a775 to remote] DEBUG org.asynchttpclient.netty.request.NettyRequestSender - Using open Channel [id: 0x4934b508, L:/127.0.0.1:55291 - R:localhost/127.0.0.1:55885] for POST '/session/54a895787703154c1e102f7cea60a775/timeouts'
16:26:16.875 [AsyncHttpClient-1-6] DEBUG org.asynchttpclient.netty.handler.HttpHandler - 

Request DefaultHttpRequest(decodeResult: success, version: HTTP/1.1)
POST /session/54a895787703154c1e102f7cea60a775/timeouts HTTP/1.1
User-Agent: selenium/4.1.2 (java windows)
Content-Length: 23
Content-Type: application/json; charset=utf-8
host: localhost:55885
accept: */*

Response DefaultHttpResponse(decodeResult: success, version: HTTP/1.1)
HTTP/1.1 200 OK
Content-Type: application/json; charset=utf-8
cache-control: no-cache
content-length: 14

16:26:16.875 [AsyncHttpClient-1-6] DEBUG org.asynchttpclient.netty.channel.ChannelManager - Adding key: http://localhost:55885 for channel [id: 0x4934b508, L:/127.0.0.1:55291 - R:localhost/127.0.0.1:55885]
16:26:16.875 [Forwarding findElement on session 54a895787703154c1e102f7cea60a775 to remote] DEBUG org.asynchttpclient.netty.request.NettyRequestSender - Using pooled Channel '[id: 0x4934b508, L:/127.0.0.1:55291 - R:localhost/127.0.0.1:55885]' for 'POST' to 'http://localhost:55885/session/54a895787703154c1e102f7cea60a775/element'
16:26:16.875 [Forwarding findElement on session 54a895787703154c1e102f7cea60a775 to remote] DEBUG org.asynchttpclient.netty.request.NettyRequestSender - Using open Channel [id: 0x4934b508, L:/127.0.0.1:55291 - R:localhost/127.0.0.1:55885] for POST '/session/54a895787703154c1e102f7cea60a775/element'
16:26:16.884 [AsyncHttpClient-1-6] DEBUG org.asynchttpclient.netty.handler.HttpHandler - 

Request DefaultHttpRequest(decodeResult: success, version: HTTP/1.1)
POST /session/54a895787703154c1e102f7cea60a775/element HTTP/1.1
User-Agent: selenium/4.1.2 (java windows)
Content-Length: 53
Content-Type: application/json; charset=utf-8
host: localhost:55885
accept: */*

Response DefaultHttpResponse(decodeResult: success, version: HTTP/1.1)
HTTP/1.1 400 Bad Request
Content-Type: application/json; charset=utf-8
cache-control: no-cache
content-length: 957

16:26:16.884 [AsyncHttpClient-1-6] DEBUG org.asynchttpclient.netty.channel.ChannelManager - Adding key: http://localhost:55885 for channel [id: 0x4934b508, L:/127.0.0.1:55291 - R:localhost/127.0.0.1:55885]
16:26:16.884 [Forwarding findElement on session 54a895787703154c1e102f7cea60a775 to remote] DEBUG org.asynchttpclient.netty.request.NettyRequestSender - Using pooled Channel '[id: 0x4934b508, L:/127.0.0.1:55291 - R:localhost/127.0.0.1:55885]' for 'POST' to 'http://localhost:55885/session/54a895787703154c1e102f7cea60a775/element'
16:26:16.884 [Forwarding findElement on session 54a895787703154c1e102f7cea60a775 to remote] DEBUG org.asynchttpclient.netty.request.NettyRequestSender - Using open Channel [id: 0x4934b508, L:/127.0.0.1:55291 - R:localhost/127.0.0.1:55885] for POST '/session/54a895787703154c1e102f7cea60a775/element'
16:26:16.907 [AsyncHttpClient-1-6] DEBUG org.asynchttpclient.netty.handler.HttpHandler - 

Request DefaultHttpRequest(decodeResult: success, version: HTTP/1.1)
POST /session/54a895787703154c1e102f7cea60a775/element HTTP/1.1
User-Agent: selenium/4.1.2 (java windows)
Content-Length: 63
Content-Type: application/json; charset=utf-8
host: localhost:55885
accept: */*

Response DefaultHttpResponse(decodeResult: success, version: HTTP/1.1)
HTTP/1.1 200 OK
Content-Type: application/json; charset=utf-8
cache-control: no-cache
content-length: 88

16:26:16.907 [AsyncHttpClient-1-6] DEBUG org.asynchttpclient.netty.channel.ChannelManager - Adding key: http://localhost:55885 for channel [id: 0x4934b508, L:/127.0.0.1:55291 - R:localhost/127.0.0.1:55885]
16:26:16.908 [Forwarding isElementSelected on session 54a895787703154c1e102f7cea60a775 to remote] DEBUG org.asynchttpclient.netty.request.NettyRequestSender - Using pooled Channel '[id: 0x4934b508, L:/127.0.0.1:55291 - R:localhost/127.0.0.1:55885]' for 'GET' to 'http://localhost:55885/session/54a895787703154c1e102f7cea60a775/element/cfd51ac2-a3d5-4f42-afd9-79157955993f/selected'
16:26:16.908 [Forwarding isElementSelected on session 54a895787703154c1e102f7cea60a775 to remote] DEBUG org.asynchttpclient.netty.request.NettyRequestSender - Using open Channel [id: 0x4934b508, L:/127.0.0.1:55291 - R:localhost/127.0.0.1:55885] for GET '/session/54a895787703154c1e102f7cea60a775/element/cfd51ac2-a3d5-4f42-afd9-79157955993f/selected'
16:26:16.915 [AsyncHttpClient-1-1] DEBUG org.asynchttpclient.netty.channel.DefaultChannelPool - Entry count for : http://localhost:55292 : 1
16:26:16.915 [AsyncHttpClient-1-6] DEBUG org.asynchttpclient.netty.handler.HttpHandler - 

Request DefaultFullHttpRequest(decodeResult: success, version: HTTP/1.1, content: EmptyByteBufBE)
GET /session/54a895787703154c1e102f7cea60a775/element/cfd51ac2-a3d5-4f42-afd9-79157955993f/selected HTTP/1.1
User-Agent: selenium/4.1.2 (java windows)
Cache-Control: no-cache
Content-Type: application/json; charset=utf-8
host: localhost:55885
accept: */*

Response DefaultHttpResponse(decodeResult: success, version: HTTP/1.1)
HTTP/1.1 200 OK
Content-Type: application/json; charset=utf-8
cache-control: no-cache
content-length: 15

16:26:16.915 [AsyncHttpClient-1-6] DEBUG org.asynchttpclient.netty.channel.ChannelManager - Adding key: http://localhost:55885 for channel [id: 0x4934b508, L:/127.0.0.1:55291 - R:localhost/127.0.0.1:55885]
16:26:16.922 [Forwarding screenshot on session 54a895787703154c1e102f7cea60a775 to remote] DEBUG org.asynchttpclient.netty.request.NettyRequestSender - Using pooled Channel '[id: 0x4934b508, L:/127.0.0.1:55291 - R:localhost/127.0.0.1:55885]' for 'GET' to 'http://localhost:55885/session/54a895787703154c1e102f7cea60a775/screenshot'
16:26:16.922 [Forwarding screenshot on session 54a895787703154c1e102f7cea60a775 to remote] DEBUG org.asynchttpclient.netty.request.NettyRequestSender - Using open Channel [id: 0x4934b508, L:/127.0.0.1:55291 - R:localhost/127.0.0.1:55885] for GET '/session/54a895787703154c1e102f7cea60a775/screenshot'
16:26:17.115 [AsyncHttpClient-1-6] DEBUG org.asynchttpclient.netty.handler.HttpHandler - 

Request DefaultFullHttpRequest(decodeResult: success, version: HTTP/1.1, content: EmptyByteBufBE)
GET /session/54a895787703154c1e102f7cea60a775/screenshot HTTP/1.1
User-Agent: selenium/4.1.2 (java windows)
Cache-Control: no-cache
Content-Type: application/json; charset=utf-8
host: localhost:55885
accept: */*

Response DefaultHttpResponse(decodeResult: success, version: HTTP/1.1)
HTTP/1.1 200 OK
Content-Type: application/json; charset=utf-8
cache-control: no-cache
content-length: 36444

16:26:17.115 [AsyncHttpClient-1-6] DEBUG org.asynchttpclient.netty.channel.ChannelManager - Adding key: http://localhost:55885 for channel [id: 0x4934b508, L:/127.0.0.1:55291 - R:localhost/127.0.0.1:55885]
16:26:17.115 [main] DEBUG net.serenitybdd.core.photography.Darkroom - Send negative for processing for target\site\serenity\76568bc9b9dc6e6899e81d835125e0bd168c75ba9c6a9f2150e82536743aee08.png
16:26:17.115 [main] DEBUG net.thucydides.core.steps.StepInterceptor - STEP DONE: errorFieldAlert
16:26:17.115 [Darkroom Processing Line] DEBUG net.serenitybdd.core.photography.DarkroomProcessingLine - Processing screenshot image in /var/screenshots/screenshot-8756614479621631385
16:26:17.115 [Darkroom Processing Line] DEBUG net.serenitybdd.core.photography.DarkroomProcessingLine - Saving screenshot to target\site\serenity\76568bc9b9dc6e6899e81d835125e0bd168c75ba9c6a9f2150e82536743aee08.png
16:26:17.124 [main] DEBUG net.thucydides.core.steps.StepInterceptor - STARTING STEP: RegisterStep.iGetThe - errorMessageAppears
16:26:17.124 [Forwarding setTimeout on session 54a895787703154c1e102f7cea60a775 to remote] DEBUG org.asynchttpclient.netty.request.NettyRequestSender - Using pooled Channel '[id: 0x4934b508, L:/127.0.0.1:55291 - R:localhost/127.0.0.1:55885]' for 'POST' to 'http://localhost:55885/session/54a895787703154c1e102f7cea60a775/timeouts'
16:26:17.124 [Forwarding setTimeout on session 54a895787703154c1e102f7cea60a775 to remote] DEBUG org.asynchttpclient.netty.request.NettyRequestSender - Using open Channel [id: 0x4934b508, L:/127.0.0.1:55291 - R:localhost/127.0.0.1:55885] for POST '/session/54a895787703154c1e102f7cea60a775/timeouts'
16:26:17.128 [AsyncHttpClient-1-6] DEBUG org.asynchttpclient.netty.handler.HttpHandler - 

Request DefaultHttpRequest(decodeResult: success, version: HTTP/1.1)
POST /session/54a895787703154c1e102f7cea60a775/timeouts HTTP/1.1
User-Agent: selenium/4.1.2 (java windows)
Content-Length: 23
Content-Type: application/json; charset=utf-8
host: localhost:55885
accept: */*

Response DefaultHttpResponse(decodeResult: success, version: HTTP/1.1)
HTTP/1.1 200 OK
Content-Type: application/json; charset=utf-8
cache-control: no-cache
content-length: 14

16:26:17.128 [AsyncHttpClient-1-6] DEBUG org.asynchttpclient.netty.channel.ChannelManager - Adding key: http://localhost:55885 for channel [id: 0x4934b508, L:/127.0.0.1:55291 - R:localhost/127.0.0.1:55885]
16:26:17.128 [Forwarding findElement on session 54a895787703154c1e102f7cea60a775 to remote] DEBUG org.asynchttpclient.netty.request.NettyRequestSender - Using pooled Channel '[id: 0x4934b508, L:/127.0.0.1:55291 - R:localhost/127.0.0.1:55885]' for 'POST' to 'http://localhost:55885/session/54a895787703154c1e102f7cea60a775/element'
16:26:17.128 [Forwarding findElement on session 54a895787703154c1e102f7cea60a775 to remote] DEBUG org.asynchttpclient.netty.request.NettyRequestSender - Using open Channel [id: 0x4934b508, L:/127.0.0.1:55291 - R:localhost/127.0.0.1:55885] for POST '/session/54a895787703154c1e102f7cea60a775/element'
16:26:17.145 [AsyncHttpClient-1-6] DEBUG org.asynchttpclient.netty.handler.HttpHandler - 

Request DefaultHttpRequest(decodeResult: success, version: HTTP/1.1)
POST /session/54a895787703154c1e102f7cea60a775/element HTTP/1.1
User-Agent: selenium/4.1.2 (java windows)
Content-Length: 63
Content-Type: application/json; charset=utf-8
host: localhost:55885
accept: */*

Response DefaultHttpResponse(decodeResult: success, version: HTTP/1.1)
HTTP/1.1 200 OK
Content-Type: application/json; charset=utf-8
cache-control: no-cache
content-length: 88

16:26:17.145 [AsyncHttpClient-1-6] DEBUG org.asynchttpclient.netty.channel.ChannelManager - Adding key: http://localhost:55885 for channel [id: 0x4934b508, L:/127.0.0.1:55291 - R:localhost/127.0.0.1:55885]
16:26:17.146 [Forwarding isElementDisplayed on session 54a895787703154c1e102f7cea60a775 to remote] DEBUG org.asynchttpclient.netty.request.NettyRequestSender - Using pooled Channel '[id: 0x4934b508, L:/127.0.0.1:55291 - R:localhost/127.0.0.1:55885]' for 'POST' to 'http://localhost:55885/session/54a895787703154c1e102f7cea60a775/execute/sync'
16:26:17.146 [Forwarding isElementDisplayed on session 54a895787703154c1e102f7cea60a775 to remote] DEBUG org.asynchttpclient.netty.request.NettyRequestSender - Using open Channel [id: 0x4934b508, L:/127.0.0.1:55291 - R:localhost/127.0.0.1:55885] for POST '/session/54a895787703154c1e102f7cea60a775/execute/sync'
16:26:17.158 [AsyncHttpClient-1-6] DEBUG org.asynchttpclient.netty.handler.HttpHandler - 

Request DefaultHttpRequest(decodeResult: success, version: HTTP/1.1)
POST /session/54a895787703154c1e102f7cea60a775/execute/sync HTTP/1.1
User-Agent: selenium/4.1.2 (java windows)
Content-Length: 48780
Content-Type: application/json; charset=utf-8
host: localhost:55885
accept: */*

Response DefaultHttpResponse(decodeResult: success, version: HTTP/1.1)
HTTP/1.1 200 OK
Content-Type: application/json; charset=utf-8
cache-control: no-cache
content-length: 14

16:26:17.158 [AsyncHttpClient-1-6] DEBUG org.asynchttpclient.netty.channel.ChannelManager - Adding key: http://localhost:55885 for channel [id: 0x4934b508, L:/127.0.0.1:55291 - R:localhost/127.0.0.1:55885]
16:26:17.166 [Forwarding screenshot on session 54a895787703154c1e102f7cea60a775 to remote] DEBUG org.asynchttpclient.netty.request.NettyRequestSender - Using pooled Channel '[id: 0x4934b508, L:/127.0.0.1:55291 - R:localhost/127.0.0.1:55885]' for 'GET' to 'http://localhost:55885/session/54a895787703154c1e102f7cea60a775/screenshot'
16:26:17.166 [Forwarding screenshot on session 54a895787703154c1e102f7cea60a775 to remote] DEBUG org.asynchttpclient.netty.request.NettyRequestSender - Using open Channel [id: 0x4934b508, L:/127.0.0.1:55291 - R:localhost/127.0.0.1:55885] for GET '/session/54a895787703154c1e102f7cea60a775/screenshot'
16:26:17.347 [AsyncHttpClient-1-6] DEBUG org.asynchttpclient.netty.handler.HttpHandler - 

Request DefaultFullHttpRequest(decodeResult: success, version: HTTP/1.1, content: EmptyByteBufBE)
GET /session/54a895787703154c1e102f7cea60a775/screenshot HTTP/1.1
User-Agent: selenium/4.1.2 (java windows)
Cache-Control: no-cache
Content-Type: application/json; charset=utf-8
host: localhost:55885
accept: */*

Response DefaultHttpResponse(decodeResult: success, version: HTTP/1.1)
HTTP/1.1 200 OK
Content-Type: application/json; charset=utf-8
cache-control: no-cache
content-length: 36552

16:26:17.347 [AsyncHttpClient-1-6] DEBUG org.asynchttpclient.netty.channel.ChannelManager - Adding key: http://localhost:55885 for channel [id: 0x4934b508, L:/127.0.0.1:55291 - R:localhost/127.0.0.1:55885]
16:26:17.347 [main] DEBUG net.serenitybdd.core.photography.Darkroom - Send negative for processing for target\site\serenity\486a664f0ce0825ad6737accf321e10c9348d1c9368cb39e4a2e401b2b23c7ff.png
16:26:17.347 [main] DEBUG net.thucydides.core.steps.StepInterceptor - STEP DONE: errorMessageAppears
  &amp#27;[32mThen &amp#27;[0m&amp#27;[32mI Get the &amp#27;[0m&amp#27;[32m&amp#27;[1m"register page"&amp#27;[0m         &amp#27;[90m# Starter.StepDefinitions.RegisterStep.iGetThe(java.lang.String)&amp#27;[0m
16:26:17.347 [Darkroom Processing Line] DEBUG net.serenitybdd.core.photography.DarkroomProcessingLine - Processing screenshot image in /var/screenshots/screenshot-9599004524952530369
16:26:17.347 [Darkroom Processing Line] DEBUG net.serenitybdd.core.photography.DarkroomProcessingLine - Saving screenshot to target\site\serenity\486a664f0ce0825ad6737accf321e10c9348d1c9368cb39e4a2e401b2b23c7ff.png
16:26:17.352 [AsyncHttpClient-1-8] DEBUG org.asynchttpclient.netty.handler.WebSocketHandler - Channel Closed: [id: 0x1790ad55, L:/127.0.0.1:55299 ! R:localhost/127.0.0.1:55292] with attribute NettyResponseFuture{currentRetry=5,
	isDone=1,
	isCancelled=0,
	asyncHandler=org.asynchttpclient.ws.WebSocketUpgradeHandler@6883ea6b,
	nettyRequest=org.asynchttpclient.netty.request.NettyRequest@4787b506,
	future=java.util.concurrent.CompletableFuture@1481aeb5[Completed normally],
	uri=ws://localhost:55292/devtools/browser/72d5ae18-1323-40c1-8dd2-11578c904c90,
	keepAlive=true,
	redirectCount=0,
	timeoutsHolder=null,
	inAuth=0,
	touch=1653038773781}
16:26:17.352 [AsyncHttpClient-1-8] DEBUG org.asynchttpclient.netty.channel.ChannelManager - Closing Channel [id: 0x1790ad55, L:/127.0.0.1:55299 ! R:localhost/127.0.0.1:55292] 
16:26:17.352 [Driver Command Executor] DEBUG org.asynchttpclient.netty.request.NettyRequestSender - Using pooled Channel '[id: 0x4934b508, L:/127.0.0.1:55291 - R:localhost/127.0.0.1:55885]' for 'DELETE' to 'http://localhost:55885/session/54a895787703154c1e102f7cea60a775'
16:26:17.352 [Driver Command Executor] DEBUG org.asynchttpclient.netty.request.NettyRequestSender - Using open Channel [id: 0x4934b508, L:/127.0.0.1:55291 - R:localhost/127.0.0.1:55885] for DELETE '/session/54a895787703154c1e102f7cea60a775'
16:26:17.446 [AsyncHttpClient-1-7] DEBUG org.asynchttpclient.netty.handler.HttpHandler - Unexpected I/O exception on channel [id: 0xf19f4e09, L:/127.0.0.1:55298 - R:localhost/127.0.0.1:55292]
java.net.SocketException: Connection reset
	at java.base/sun.nio.ch.SocketChannelImpl.throwConnectionReset(SocketChannelImpl.java:367)
	at java.base/sun.nio.ch.SocketChannelImpl.read(SocketChannelImpl.java:398)
	at io.netty.buffer.PooledByteBuf.setBytes(PooledByteBuf.java:258)
	at io.netty.buffer.AbstractByteBuf.writeBytes(AbstractByteBuf.java:1132)
	at io.netty.channel.socket.nio.NioSocketChannel.doReadBytes(NioSocketChannel.java:350)
	at io.netty.channel.nio.AbstractNioByteChannel$NioByteUnsafe.read(AbstractNioByteChannel.java:151)
	at io.netty.channel.nio.NioEventLoop.processSelectedKey(NioEventLoop.java:722)
	at io.netty.channel.nio.NioEventLoop.processSelectedKeysOptimized(NioEventLoop.java:658)
	at io.netty.channel.nio.NioEventLoop.processSelectedKeys(NioEventLoop.java:584)
	at io.netty.channel.nio.NioEventLoop.run(NioEventLoop.java:496)
	at io.netty.util.concurrent.SingleThreadEventExecutor$4.run(SingleThreadEventExecutor.java:986)
	at io.netty.util.internal.ThreadExecutorMap$2.run(ThreadExecutorMap.java:74)
	at io.netty.util.concurrent.FastThreadLocalRunnable.run(FastThreadLocalRunnable.java:30)
	at java.base/java.lang.Thread.run(Thread.java:832)
16:26:17.446 [AsyncHttpClient-1-7] DEBUG org.asynchttpclient.netty.channel.ChannelManager - Closing Channel [id: 0xf19f4e09, L:/127.0.0.1:55298 - R:localhost/127.0.0.1:55292] 
16:26:17.446 [AsyncHttpClient-1-7] DEBUG org.asynchttpclient.netty.handler.HttpHandler - Channel Closed: [id: 0xf19f4e09, L:/127.0.0.1:55298 ! R:localhost/127.0.0.1:55292] with attribute DISCARD
16:26:17.459 [AsyncHttpClient-1-6] DEBUG org.asynchttpclient.netty.handler.HttpHandler - 

Request DefaultFullHttpRequest(decodeResult: success, version: HTTP/1.1, content: EmptyByteBufBE)
DELETE /session/54a895787703154c1e102f7cea60a775 HTTP/1.1
User-Agent: selenium/4.1.2 (java windows)
Content-Type: application/json; charset=utf-8
host: localhost:55885
accept: */*

Response DefaultHttpResponse(decodeResult: success, version: HTTP/1.1)
HTTP/1.1 200 OK
Content-Type: application/json; charset=utf-8
cache-control: no-cache
content-length: 14

16:26:17.460 [AsyncHttpClient-1-6] DEBUG org.asynchttpclient.netty.channel.ChannelManager - Adding key: http://localhost:55885 for channel [id: 0x4934b508, L:/127.0.0.1:55291 - R:localhost/127.0.0.1:55885]
16:26:17.608 [AsyncHttpClient-1-6] DEBUG org.asynchttpclient.netty.handler.HttpHandler - Channel Closed: [id: 0x4934b508, L:/127.0.0.1:55291 ! R:localhost/127.0.0.1:55885] with attribute DISCARD
16:26:18.030 [AsyncHttpClient-1-1] DEBUG org.asynchttpclient.netty.channel.DefaultChannelPool - Entry count for : http://localhost:55292 : 1
16:26:18.030 [AsyncHttpClient-1-1] DEBUG org.asynchttpclient.netty.channel.DefaultChannelPool - Entry count for : http://localhost:55885 : 1
16:26:18.030 [AsyncHttpClient-1-1] DEBUG org.asynchttpclient.netty.channel.DefaultChannelPool - Adding Candidate expired Channel [id: 0xf19f4e09, L:/127.0.0.1:55298 ! R:localhost/127.0.0.1:55292] isIdleTimeoutExpired=false isRemotelyClosed=true isTtlExpired=false
16:26:18.030 [AsyncHttpClient-1-1] DEBUG org.asynchttpclient.netty.channel.DefaultChannelPool - Closing Idle Channel [id: 0xf19f4e09, L:/127.0.0.1:55298 ! R:localhost/127.0.0.1:55292]
16:26:18.030 [AsyncHttpClient-1-1] DEBUG org.asynchttpclient.netty.channel.DefaultChannelPool - Adding Candidate expired Channel [id: 0x4934b508, L:/127.0.0.1:55291 ! R:localhost/127.0.0.1:55885] isIdleTimeoutExpired=false isRemotelyClosed=true isTtlExpired=false
16:26:18.030 [AsyncHttpClient-1-1] DEBUG org.asynchttpclient.netty.channel.DefaultChannelPool - Closing Idle Channel [id: 0x4934b508, L:/127.0.0.1:55291 ! R:localhost/127.0.0.1:55885]
16:26:18.030 [AsyncHttpClient-1-1] DEBUG org.asynchttpclient.netty.channel.DefaultChannelPool - Closed 2 connections out of 2 in 0 ms
]]></system-out>
    <system-err><![CDATA[Starting ChromeDriver 101.0.4951.41 (93c720db8323b3ec10d056025ab95c23a31997c9-refs/branch-heads/4951@{#904}) on port 55885
Only local connections are allowed.
Please see https://chromedriver.chromium.org/security-considerations for suggestions on keeping ChromeDriver safe.
ChromeDriver was started successfully.
May 20, 2022 4:26:13 PM org.openqa.selenium.remote.ProtocolHandshake createSession
INFO: Detected dialect: W3C
May 20, 2022 4:26:13 PM org.openqa.selenium.devtools.CdpVersionFinder findNearestMatch
WARNING: Unable to find an exact match for CDP version 101, so returning the closest version found: 97
May 20, 2022 4:26:13 PM org.openqa.selenium.devtools.CdpVersionFinder findNearestMatch
INFO: Found CDP implementation for version 101 of 97
]]></system-err>
  </testcase>
  <testcase name="Register scenario #4" classname="Register" time="6.092">
    <system-out><![CDATA[
@Register
Scenario Outline: Register scenario &amp#27;[90m# src/test/resources/features/Register.feature:20&amp#27;[0m
16:26:18.123 [main] INFO io.cucumber.core.plugin.SerenityReporter - Running feature from file:///D:/data%20hakim/Mini%20Project%20Alterra/WebAlta/src/test/resources/features/Register.feature
16:26:18.154 [main] INFO net.serenitybdd.core.webdriver.driverproviders.ChromeDriverProvider - Using automatically driver download
16:26:18.264 [main] DEBUG io.github.bonigarcia.wdm.cache.ResolutionCache - Resolution chrome=101 in cache (valid until 17:18:55 20/05/2022 WIB)
16:26:18.264 [main] DEBUG io.github.bonigarcia.wdm.cache.ResolutionCache - Resolution chrome101=101.0.4951.41 in cache (valid until 21:21:16 20/05/2022 WIB)
16:26:18.280 [main] INFO io.github.bonigarcia.wdm.WebDriverManager - Using chromedriver 101.0.4951.41 (resolved driver for Chrome 101)
16:26:18.280 [main] DEBUG io.github.bonigarcia.wdm.WebDriverManager - Driver chromedriver 101.0.4951.41 found in cache
16:26:18.280 [main] INFO io.github.bonigarcia.wdm.WebDriverManager - Exporting webdriver.chrome.driver as C:\Users\hp pc\.cache\selenium\chromedriver\win32\101.0.4951.41\chromedriver.exe
16:26:18.755 [main] DEBUG net.serenitybdd.core.webdriver.driverproviders.ProvideNewDriver - Instantiating driver
16:26:18.755 [main] DEBUG net.serenitybdd.core.webdriver.driverproviders.ProvideNewDriver - Driver capabilities: Capabilities {acceptInsecureCerts: false, base.url: https://qa.alta.id/, browserName: chrome, chrome.driver: src/test/resources/webdrive..., driver: chrome, goog:chromeOptions: {args: [], extensions: []}}
16:26:19.837 [AsyncHttpClient-1-9] DEBUG org.asynchttpclient.netty.channel.NettyConnectListener - Using new Channel '[id: 0xcc51213d, L:/127.0.0.1:55317 - R:localhost/127.0.0.1:56242]' for 'POST' to '/session'
16:26:20.427 [AsyncHttpClient-1-9] DEBUG org.asynchttpclient.netty.handler.HttpHandler - 

Request DefaultHttpRequest(decodeResult: success, version: HTTP/1.1)
POST /session HTTP/1.1
User-Agent: selenium/4.1.2 (java windows)
Content-Length: 605
Content-Type: application/json; charset=utf-8
host: localhost:56242
accept: */*

Response DefaultHttpResponse(decodeResult: success, version: HTTP/1.1)
HTTP/1.1 200 OK
Content-Type: application/json; charset=utf-8
cache-control: no-cache
content-length: 790

16:26:20.427 [AsyncHttpClient-1-9] DEBUG org.asynchttpclient.netty.channel.ChannelManager - Adding key: http://localhost:56242 for channel [id: 0xcc51213d, L:/127.0.0.1:55317 - R:localhost/127.0.0.1:56242]
16:26:20.437 [AsyncHttpClient-1-2] DEBUG org.asynchttpclient.netty.channel.NettyConnectListener - Using new Channel '[id: 0x8799758a, L:/127.0.0.1:55324 - R:localhost/127.0.0.1:55318]' for 'GET' to '/json/version'
16:26:20.439 [AsyncHttpClient-1-2] DEBUG org.asynchttpclient.netty.handler.HttpHandler - 

Request DefaultFullHttpRequest(decodeResult: success, version: HTTP/1.1, content: EmptyByteBufBE)
GET /json/version HTTP/1.1
User-Agent: selenium/4.1.2 (java windows)
host: localhost:55318
accept: */*

Response DefaultHttpResponse(decodeResult: success, version: HTTP/1.1)
HTTP/1.1 200 OK
Content-Type: application/json; charset=UTF-8
content-length: 427

16:26:20.439 [AsyncHttpClient-1-2] DEBUG org.asynchttpclient.netty.channel.ChannelManager - Adding key: http://localhost:55318 for channel [id: 0x8799758a, L:/127.0.0.1:55324 - R:localhost/127.0.0.1:55318]
16:26:20.445 [AsyncHttpClient-1-3] DEBUG org.asynchttpclient.netty.channel.NettyConnectListener - Using new Channel '[id: 0xf3cb8888, L:/127.0.0.1:55325 - R:localhost/127.0.0.1:55318]' for 'GET' to '/devtools/browser/94ac23ca-3019-4321-bce2-5475bb64550c'
16:26:20.445 [AsyncHttpClient-1-3] DEBUG org.asynchttpclient.netty.handler.WebSocketHandler - 

Request DefaultFullHttpRequest(decodeResult: success, version: HTTP/1.1, content: EmptyByteBufBE)
GET /devtools/browser/94ac23ca-3019-4321-bce2-5475bb64550c HTTP/1.1
upgrade: websocket
connection: upgrade
sec-websocket-key: PA1z59U/45MNEnKr1SXE+g==
sec-websocket-version: 13
origin: http://localhost:55318
host: localhost:55318
accept: */*
user-agent: AHC/2.1

Response DefaultHttpResponse(decodeResult: success, version: HTTP/1.1)
HTTP/1.1 101 WebSocket Protocol Handshake
Upgrade: WebSocket
Connection: Upgrade
Sec-WebSocket-Accept: 06f6S+sgaIlAn/GrIU7u1fL4Abo=

16:26:20.448 [Forwarding maximizeCurrentWindow on session b3ad9296345b8df9c305f15fed2d7d43 to remote] DEBUG org.asynchttpclient.netty.request.NettyRequestSender - Using pooled Channel '[id: 0xcc51213d, L:/127.0.0.1:55317 - R:localhost/127.0.0.1:56242]' for 'POST' to 'http://localhost:56242/session/b3ad9296345b8df9c305f15fed2d7d43/window/maximize'
16:26:20.448 [Forwarding maximizeCurrentWindow on session b3ad9296345b8df9c305f15fed2d7d43 to remote] DEBUG org.asynchttpclient.netty.request.NettyRequestSender - Using open Channel [id: 0xcc51213d, L:/127.0.0.1:55317 - R:localhost/127.0.0.1:56242] for POST '/session/b3ad9296345b8df9c305f15fed2d7d43/window/maximize'
16:26:20.565 [AsyncHttpClient-1-9] DEBUG org.asynchttpclient.netty.handler.HttpHandler - 

Request DefaultHttpRequest(decodeResult: success, version: HTTP/1.1)
POST /session/b3ad9296345b8df9c305f15fed2d7d43/window/maximize HTTP/1.1
User-Agent: selenium/4.1.2 (java windows)
Content-Length: 3
Content-Type: application/json; charset=utf-8
host: localhost:56242
accept: */*

Response DefaultHttpResponse(decodeResult: success, version: HTTP/1.1)
HTTP/1.1 200 OK
Content-Type: application/json; charset=utf-8
cache-control: no-cache
content-length: 51

16:26:20.565 [AsyncHttpClient-1-9] DEBUG org.asynchttpclient.netty.channel.ChannelManager - Adding key: http://localhost:56242 for channel [id: 0xcc51213d, L:/127.0.0.1:55317 - R:localhost/127.0.0.1:56242]
16:26:20.566 [Forwarding get on session b3ad9296345b8df9c305f15fed2d7d43 to remote] DEBUG org.asynchttpclient.netty.request.NettyRequestSender - Using pooled Channel '[id: 0xcc51213d, L:/127.0.0.1:55317 - R:localhost/127.0.0.1:56242]' for 'POST' to 'http://localhost:56242/session/b3ad9296345b8df9c305f15fed2d7d43/url'
16:26:20.566 [Forwarding get on session b3ad9296345b8df9c305f15fed2d7d43 to remote] DEBUG org.asynchttpclient.netty.request.NettyRequestSender - Using open Channel [id: 0xcc51213d, L:/127.0.0.1:55317 - R:localhost/127.0.0.1:56242] for POST '/session/b3ad9296345b8df9c305f15fed2d7d43/url'
16:26:21.315 [AsyncHttpClient-1-1] DEBUG org.asynchttpclient.netty.channel.DefaultChannelPool - Entry count for : http://localhost:55318 : 1
16:26:21.594 [AsyncHttpClient-1-9] DEBUG org.asynchttpclient.netty.handler.HttpHandler - 

Request DefaultHttpRequest(decodeResult: success, version: HTTP/1.1)
POST /session/b3ad9296345b8df9c305f15fed2d7d43/url HTTP/1.1
User-Agent: selenium/4.1.2 (java windows)
Content-Length: 67
Content-Type: application/json; charset=utf-8
host: localhost:56242
accept: */*

Response DefaultHttpResponse(decodeResult: success, version: HTTP/1.1)
HTTP/1.1 200 OK
Content-Type: application/json; charset=utf-8
cache-control: no-cache
content-length: 14

16:26:21.594 [AsyncHttpClient-1-9] DEBUG org.asynchttpclient.netty.channel.ChannelManager - Adding key: http://localhost:56242 for channel [id: 0xcc51213d, L:/127.0.0.1:55317 - R:localhost/127.0.0.1:56242]
16:26:21.594 [Forwarding setTimeout on session b3ad9296345b8df9c305f15fed2d7d43 to remote] DEBUG org.asynchttpclient.netty.request.NettyRequestSender - Using pooled Channel '[id: 0xcc51213d, L:/127.0.0.1:55317 - R:localhost/127.0.0.1:56242]' for 'POST' to 'http://localhost:56242/session/b3ad9296345b8df9c305f15fed2d7d43/timeouts'
16:26:21.594 [Forwarding setTimeout on session b3ad9296345b8df9c305f15fed2d7d43 to remote] DEBUG org.asynchttpclient.netty.request.NettyRequestSender - Using open Channel [id: 0xcc51213d, L:/127.0.0.1:55317 - R:localhost/127.0.0.1:56242] for POST '/session/b3ad9296345b8df9c305f15fed2d7d43/timeouts'
16:26:21.594 [AsyncHttpClient-1-9] DEBUG org.asynchttpclient.netty.handler.HttpHandler - 

Request DefaultHttpRequest(decodeResult: success, version: HTTP/1.1)
POST /session/b3ad9296345b8df9c305f15fed2d7d43/timeouts HTTP/1.1
User-Agent: selenium/4.1.2 (java windows)
Content-Length: 23
Content-Type: application/json; charset=utf-8
host: localhost:56242
accept: */*

Response DefaultHttpResponse(decodeResult: success, version: HTTP/1.1)
HTTP/1.1 200 OK
Content-Type: application/json; charset=utf-8
cache-control: no-cache
content-length: 14

16:26:21.594 [AsyncHttpClient-1-9] DEBUG org.asynchttpclient.netty.channel.ChannelManager - Adding key: http://localhost:56242 for channel [id: 0xcc51213d, L:/127.0.0.1:55317 - R:localhost/127.0.0.1:56242]
16:26:21.594 [Forwarding getCurrentUrl on session b3ad9296345b8df9c305f15fed2d7d43 to remote] DEBUG org.asynchttpclient.netty.request.NettyRequestSender - Using pooled Channel '[id: 0xcc51213d, L:/127.0.0.1:55317 - R:localhost/127.0.0.1:56242]' for 'GET' to 'http://localhost:56242/session/b3ad9296345b8df9c305f15fed2d7d43/url'
16:26:21.594 [Forwarding getCurrentUrl on session b3ad9296345b8df9c305f15fed2d7d43 to remote] DEBUG org.asynchttpclient.netty.request.NettyRequestSender - Using open Channel [id: 0xcc51213d, L:/127.0.0.1:55317 - R:localhost/127.0.0.1:56242] for GET '/session/b3ad9296345b8df9c305f15fed2d7d43/url'
16:26:21.594 [AsyncHttpClient-1-9] DEBUG org.asynchttpclient.netty.handler.HttpHandler - 

Request DefaultFullHttpRequest(decodeResult: success, version: HTTP/1.1, content: EmptyByteBufBE)
GET /session/b3ad9296345b8df9c305f15fed2d7d43/url HTTP/1.1
User-Agent: selenium/4.1.2 (java windows)
Cache-Control: no-cache
Content-Type: application/json; charset=utf-8
host: localhost:56242
accept: */*

Response DefaultHttpResponse(decodeResult: success, version: HTTP/1.1)
HTTP/1.1 200 OK
Content-Type: application/json; charset=utf-8
cache-control: no-cache
content-length: 44

16:26:21.594 [AsyncHttpClient-1-9] DEBUG org.asynchttpclient.netty.channel.ChannelManager - Adding key: http://localhost:56242 for channel [id: 0xcc51213d, L:/127.0.0.1:55317 - R:localhost/127.0.0.1:56242]
16:26:21.602 [Forwarding screenshot on session b3ad9296345b8df9c305f15fed2d7d43 to remote] DEBUG org.asynchttpclient.netty.request.NettyRequestSender - Using pooled Channel '[id: 0xcc51213d, L:/127.0.0.1:55317 - R:localhost/127.0.0.1:56242]' for 'GET' to 'http://localhost:56242/session/b3ad9296345b8df9c305f15fed2d7d43/screenshot'
16:26:21.602 [Forwarding screenshot on session b3ad9296345b8df9c305f15fed2d7d43 to remote] DEBUG org.asynchttpclient.netty.request.NettyRequestSender - Using open Channel [id: 0xcc51213d, L:/127.0.0.1:55317 - R:localhost/127.0.0.1:56242] for GET '/session/b3ad9296345b8df9c305f15fed2d7d43/screenshot'
16:26:21.727 [AsyncHttpClient-1-9] DEBUG org.asynchttpclient.netty.handler.HttpHandler - 

Request DefaultFullHttpRequest(decodeResult: success, version: HTTP/1.1, content: EmptyByteBufBE)
GET /session/b3ad9296345b8df9c305f15fed2d7d43/screenshot HTTP/1.1
User-Agent: selenium/4.1.2 (java windows)
Cache-Control: no-cache
Content-Type: application/json; charset=utf-8
host: localhost:56242
accept: */*

Response DefaultHttpResponse(decodeResult: success, version: HTTP/1.1)
HTTP/1.1 200 OK
Content-Type: application/json; charset=utf-8
cache-control: no-cache
content-length: 29612

16:26:21.727 [AsyncHttpClient-1-9] DEBUG org.asynchttpclient.netty.channel.ChannelManager - Adding key: http://localhost:56242 for channel [id: 0xcc51213d, L:/127.0.0.1:55317 - R:localhost/127.0.0.1:56242]
16:26:21.727 [main] DEBUG net.serenitybdd.core.photography.Darkroom - Send negative for processing for target\site\serenity\fbcccbfc142cbf792a2bfdff1d2e9f24344bbc61d767f43922554c6ad0002405.png
16:26:21.727 [main] DEBUG net.thucydides.core.steps.StepInterceptor - STARTING STEP: RegisterStep.iAmOnTheRegisterPage - validateOnRegisterPage
16:26:21.743 [Forwarding findElement on session b3ad9296345b8df9c305f15fed2d7d43 to remote] DEBUG org.asynchttpclient.netty.request.NettyRequestSender - Using pooled Channel '[id: 0xcc51213d, L:/127.0.0.1:55317 - R:localhost/127.0.0.1:56242]' for 'POST' to 'http://localhost:56242/session/b3ad9296345b8df9c305f15fed2d7d43/element'
16:26:21.743 [Forwarding findElement on session b3ad9296345b8df9c305f15fed2d7d43 to remote] DEBUG org.asynchttpclient.netty.request.NettyRequestSender - Using open Channel [id: 0xcc51213d, L:/127.0.0.1:55317 - R:localhost/127.0.0.1:56242] for POST '/session/b3ad9296345b8df9c305f15fed2d7d43/element'
16:26:21.743 [AsyncHttpClient-1-9] DEBUG org.asynchttpclient.netty.handler.HttpHandler - 

Request DefaultHttpRequest(decodeResult: success, version: HTTP/1.1)
POST /session/b3ad9296345b8df9c305f15fed2d7d43/element HTTP/1.1
User-Agent: selenium/4.1.2 (java windows)
Content-Length: 164
Content-Type: application/json; charset=utf-8
host: localhost:56242
accept: */*

Response DefaultHttpResponse(decodeResult: success, version: HTTP/1.1)
HTTP/1.1 200 OK
Content-Type: application/json; charset=utf-8
cache-control: no-cache
content-length: 88

16:26:21.743 [AsyncHttpClient-1-9] DEBUG org.asynchttpclient.netty.channel.ChannelManager - Adding key: http://localhost:56242 for channel [id: 0xcc51213d, L:/127.0.0.1:55317 - R:localhost/127.0.0.1:56242]
16:26:21.743 [Forwarding isElementDisplayed on session b3ad9296345b8df9c305f15fed2d7d43 to remote] DEBUG org.asynchttpclient.netty.request.NettyRequestSender - Using pooled Channel '[id: 0xcc51213d, L:/127.0.0.1:55317 - R:localhost/127.0.0.1:56242]' for 'POST' to 'http://localhost:56242/session/b3ad9296345b8df9c305f15fed2d7d43/execute/sync'
16:26:21.743 [Forwarding isElementDisplayed on session b3ad9296345b8df9c305f15fed2d7d43 to remote] DEBUG org.asynchttpclient.netty.request.NettyRequestSender - Using open Channel [id: 0xcc51213d, L:/127.0.0.1:55317 - R:localhost/127.0.0.1:56242] for POST '/session/b3ad9296345b8df9c305f15fed2d7d43/execute/sync'
16:26:21.759 [AsyncHttpClient-1-9] DEBUG org.asynchttpclient.netty.handler.HttpHandler - 

Request DefaultHttpRequest(decodeResult: success, version: HTTP/1.1)
POST /session/b3ad9296345b8df9c305f15fed2d7d43/execute/sync HTTP/1.1
User-Agent: selenium/4.1.2 (java windows)
Content-Length: 48780
Content-Type: application/json; charset=utf-8
host: localhost:56242
accept: */*

Response DefaultHttpResponse(decodeResult: success, version: HTTP/1.1)
HTTP/1.1 200 OK
Content-Type: application/json; charset=utf-8
cache-control: no-cache
content-length: 14

16:26:21.759 [AsyncHttpClient-1-9] DEBUG org.asynchttpclient.netty.channel.ChannelManager - Adding key: http://localhost:56242 for channel [id: 0xcc51213d, L:/127.0.0.1:55317 - R:localhost/127.0.0.1:56242]
16:26:21.759 [main] DEBUG net.thucydides.core.steps.StepInterceptor - STEP DONE: validateOnRegisterPage
  &amp#27;[32mGiven &amp#27;[0m&amp#27;[32mI am on the register page&amp#27;[0m   &amp#27;[90m# Starter.StepDefinitions.RegisterStep.iAmOnTheRegisterPage()&amp#27;[0m
16:26:21.774 [main] DEBUG net.thucydides.core.steps.StepInterceptor - STARTING STEP: RegisterStep.iInputFullName - inputFullName
16:26:21.774 [Forwarding findElement on session b3ad9296345b8df9c305f15fed2d7d43 to remote] DEBUG org.asynchttpclient.netty.request.NettyRequestSender - Using pooled Channel '[id: 0xcc51213d, L:/127.0.0.1:55317 - R:localhost/127.0.0.1:56242]' for 'POST' to 'http://localhost:56242/session/b3ad9296345b8df9c305f15fed2d7d43/element'
16:26:21.774 [Forwarding findElement on session b3ad9296345b8df9c305f15fed2d7d43 to remote] DEBUG org.asynchttpclient.netty.request.NettyRequestSender - Using open Channel [id: 0xcc51213d, L:/127.0.0.1:55317 - R:localhost/127.0.0.1:56242] for POST '/session/b3ad9296345b8df9c305f15fed2d7d43/element'
16:26:21.774 [AsyncHttpClient-1-9] DEBUG org.asynchttpclient.netty.handler.HttpHandler - 

Request DefaultHttpRequest(decodeResult: success, version: HTTP/1.1)
POST /session/b3ad9296345b8df9c305f15fed2d7d43/element HTTP/1.1
User-Agent: selenium/4.1.2 (java windows)
Content-Length: 98
Content-Type: application/json; charset=utf-8
host: localhost:56242
accept: */*

Response DefaultHttpResponse(decodeResult: success, version: HTTP/1.1)
HTTP/1.1 200 OK
Content-Type: application/json; charset=utf-8
cache-control: no-cache
content-length: 88

16:26:21.774 [AsyncHttpClient-1-9] DEBUG org.asynchttpclient.netty.channel.ChannelManager - Adding key: http://localhost:56242 for channel [id: 0xcc51213d, L:/127.0.0.1:55317 - R:localhost/127.0.0.1:56242]
16:26:21.790 [Forwarding clearElement on session b3ad9296345b8df9c305f15fed2d7d43 to remote] DEBUG org.asynchttpclient.netty.request.NettyRequestSender - Using pooled Channel '[id: 0xcc51213d, L:/127.0.0.1:55317 - R:localhost/127.0.0.1:56242]' for 'POST' to 'http://localhost:56242/session/b3ad9296345b8df9c305f15fed2d7d43/element/1e7a406d-6776-40d0-967a-0bd9a6faa4a3/clear'
16:26:21.790 [Forwarding clearElement on session b3ad9296345b8df9c305f15fed2d7d43 to remote] DEBUG org.asynchttpclient.netty.request.NettyRequestSender - Using open Channel [id: 0xcc51213d, L:/127.0.0.1:55317 - R:localhost/127.0.0.1:56242] for POST '/session/b3ad9296345b8df9c305f15fed2d7d43/element/1e7a406d-6776-40d0-967a-0bd9a6faa4a3/clear'
16:26:21.812 [AsyncHttpClient-1-9] DEBUG org.asynchttpclient.netty.handler.HttpHandler - 

Request DefaultHttpRequest(decodeResult: success, version: HTTP/1.1)
POST /session/b3ad9296345b8df9c305f15fed2d7d43/element/1e7a406d-6776-40d0-967a-0bd9a6faa4a3/clear HTTP/1.1
User-Agent: selenium/4.1.2 (java windows)
Content-Length: 50
Content-Type: application/json; charset=utf-8
host: localhost:56242
accept: */*

Response DefaultHttpResponse(decodeResult: success, version: HTTP/1.1)
HTTP/1.1 200 OK
Content-Type: application/json; charset=utf-8
cache-control: no-cache
content-length: 14

16:26:21.812 [AsyncHttpClient-1-9] DEBUG org.asynchttpclient.netty.channel.ChannelManager - Adding key: http://localhost:56242 for channel [id: 0xcc51213d, L:/127.0.0.1:55317 - R:localhost/127.0.0.1:56242]
16:26:21.812 [Forwarding sendKeysToElement on session b3ad9296345b8df9c305f15fed2d7d43 to remote] DEBUG org.asynchttpclient.netty.request.NettyRequestSender - Using pooled Channel '[id: 0xcc51213d, L:/127.0.0.1:55317 - R:localhost/127.0.0.1:56242]' for 'POST' to 'http://localhost:56242/session/b3ad9296345b8df9c305f15fed2d7d43/element/1e7a406d-6776-40d0-967a-0bd9a6faa4a3/value'
16:26:21.812 [Forwarding sendKeysToElement on session b3ad9296345b8df9c305f15fed2d7d43 to remote] DEBUG org.asynchttpclient.netty.request.NettyRequestSender - Using open Channel [id: 0xcc51213d, L:/127.0.0.1:55317 - R:localhost/127.0.0.1:56242] for POST '/session/b3ad9296345b8df9c305f15fed2d7d43/element/1e7a406d-6776-40d0-967a-0bd9a6faa4a3/value'
16:26:21.886 [AsyncHttpClient-1-9] DEBUG org.asynchttpclient.netty.handler.HttpHandler - 

Request DefaultHttpRequest(decodeResult: success, version: HTTP/1.1)
POST /session/b3ad9296345b8df9c305f15fed2d7d43/element/1e7a406d-6776-40d0-967a-0bd9a6faa4a3/value HTTP/1.1
User-Agent: selenium/4.1.2 (java windows)
Content-Length: 151
Content-Type: application/json; charset=utf-8
host: localhost:56242
accept: */*

Response DefaultHttpResponse(decodeResult: success, version: HTTP/1.1)
HTTP/1.1 200 OK
Content-Type: application/json; charset=utf-8
cache-control: no-cache
content-length: 14

16:26:21.886 [AsyncHttpClient-1-9] DEBUG org.asynchttpclient.netty.channel.ChannelManager - Adding key: http://localhost:56242 for channel [id: 0xcc51213d, L:/127.0.0.1:55317 - R:localhost/127.0.0.1:56242]
16:26:21.893 [Forwarding screenshot on session b3ad9296345b8df9c305f15fed2d7d43 to remote] DEBUG org.asynchttpclient.netty.request.NettyRequestSender - Using pooled Channel '[id: 0xcc51213d, L:/127.0.0.1:55317 - R:localhost/127.0.0.1:56242]' for 'GET' to 'http://localhost:56242/session/b3ad9296345b8df9c305f15fed2d7d43/screenshot'
16:26:21.893 [Forwarding screenshot on session b3ad9296345b8df9c305f15fed2d7d43 to remote] DEBUG org.asynchttpclient.netty.request.NettyRequestSender - Using open Channel [id: 0xcc51213d, L:/127.0.0.1:55317 - R:localhost/127.0.0.1:56242] for GET '/session/b3ad9296345b8df9c305f15fed2d7d43/screenshot'
16:26:22.047 [AsyncHttpClient-1-9] DEBUG org.asynchttpclient.netty.handler.HttpHandler - 

Request DefaultFullHttpRequest(decodeResult: success, version: HTTP/1.1, content: EmptyByteBufBE)
GET /session/b3ad9296345b8df9c305f15fed2d7d43/screenshot HTTP/1.1
User-Agent: selenium/4.1.2 (java windows)
Cache-Control: no-cache
Content-Type: application/json; charset=utf-8
host: localhost:56242
accept: */*

Response DefaultHttpResponse(decodeResult: success, version: HTTP/1.1)
HTTP/1.1 200 OK
Content-Type: application/json; charset=utf-8
cache-control: no-cache
content-length: 31220

16:26:22.047 [AsyncHttpClient-1-9] DEBUG org.asynchttpclient.netty.channel.ChannelManager - Adding key: http://localhost:56242 for channel [id: 0xcc51213d, L:/127.0.0.1:55317 - R:localhost/127.0.0.1:56242]
16:26:22.055 [main] DEBUG net.serenitybdd.core.photography.Darkroom - Send negative for processing for target\site\serenity\e8e809fc7f8d7c429dca2f2ff86c15796de73567965a2eb086d2ca5d1035021b.png
16:26:22.055 [main] DEBUG net.thucydides.core.steps.StepInterceptor - STEP DONE: inputFullName
  &amp#27;[32mWhen &amp#27;[0m&amp#27;[32mI input &amp#27;[0m&amp#27;[32m&amp#27;[1m"Hakim01"&amp#27;[0m&amp#27;[32m fullName&amp#27;[0m   &amp#27;[90m# Starter.StepDefinitions.RegisterStep.iInputFullName(java.lang.String)&amp#27;[0m
16:26:22.055 [Darkroom Processing Line] DEBUG net.serenitybdd.core.photography.DarkroomProcessingLine - Processing screenshot image in /var/screenshots/screenshot-4563175343137060129
16:26:22.055 [Darkroom Processing Line] DEBUG net.serenitybdd.core.photography.DarkroomProcessingLine - Saving screenshot to target\site\serenity\e8e809fc7f8d7c429dca2f2ff86c15796de73567965a2eb086d2ca5d1035021b.png
16:26:22.058 [main] DEBUG net.thucydides.core.steps.StepInterceptor - STARTING STEP: RegisterStep.iInputEmail - inputEmail
16:26:22.066 [Forwarding findElement on session b3ad9296345b8df9c305f15fed2d7d43 to remote] DEBUG org.asynchttpclient.netty.request.NettyRequestSender - Using pooled Channel '[id: 0xcc51213d, L:/127.0.0.1:55317 - R:localhost/127.0.0.1:56242]' for 'POST' to 'http://localhost:56242/session/b3ad9296345b8df9c305f15fed2d7d43/element'
16:26:22.066 [Forwarding findElement on session b3ad9296345b8df9c305f15fed2d7d43 to remote] DEBUG org.asynchttpclient.netty.request.NettyRequestSender - Using open Channel [id: 0xcc51213d, L:/127.0.0.1:55317 - R:localhost/127.0.0.1:56242] for POST '/session/b3ad9296345b8df9c305f15fed2d7d43/element'
16:26:22.074 [AsyncHttpClient-1-9] DEBUG org.asynchttpclient.netty.handler.HttpHandler - 

Request DefaultHttpRequest(decodeResult: success, version: HTTP/1.1)
POST /session/b3ad9296345b8df9c305f15fed2d7d43/element HTTP/1.1
User-Agent: selenium/4.1.2 (java windows)
Content-Length: 91
Content-Type: application/json; charset=utf-8
host: localhost:56242
accept: */*

Response DefaultHttpResponse(decodeResult: success, version: HTTP/1.1)
HTTP/1.1 200 OK
Content-Type: application/json; charset=utf-8
cache-control: no-cache
content-length: 88

16:26:22.074 [AsyncHttpClient-1-9] DEBUG org.asynchttpclient.netty.channel.ChannelManager - Adding key: http://localhost:56242 for channel [id: 0xcc51213d, L:/127.0.0.1:55317 - R:localhost/127.0.0.1:56242]
16:26:22.074 [Forwarding clearElement on session b3ad9296345b8df9c305f15fed2d7d43 to remote] DEBUG org.asynchttpclient.netty.request.NettyRequestSender - Using pooled Channel '[id: 0xcc51213d, L:/127.0.0.1:55317 - R:localhost/127.0.0.1:56242]' for 'POST' to 'http://localhost:56242/session/b3ad9296345b8df9c305f15fed2d7d43/element/117921d2-96b9-4f61-a419-aec76c5616fe/clear'
16:26:22.074 [Forwarding clearElement on session b3ad9296345b8df9c305f15fed2d7d43 to remote] DEBUG org.asynchttpclient.netty.request.NettyRequestSender - Using open Channel [id: 0xcc51213d, L:/127.0.0.1:55317 - R:localhost/127.0.0.1:56242] for POST '/session/b3ad9296345b8df9c305f15fed2d7d43/element/117921d2-96b9-4f61-a419-aec76c5616fe/clear'
16:26:22.106 [AsyncHttpClient-1-9] DEBUG org.asynchttpclient.netty.handler.HttpHandler - 

Request DefaultHttpRequest(decodeResult: success, version: HTTP/1.1)
POST /session/b3ad9296345b8df9c305f15fed2d7d43/element/117921d2-96b9-4f61-a419-aec76c5616fe/clear HTTP/1.1
User-Agent: selenium/4.1.2 (java windows)
Content-Length: 50
Content-Type: application/json; charset=utf-8
host: localhost:56242
accept: */*

Response DefaultHttpResponse(decodeResult: success, version: HTTP/1.1)
HTTP/1.1 200 OK
Content-Type: application/json; charset=utf-8
cache-control: no-cache
content-length: 14

16:26:22.106 [AsyncHttpClient-1-9] DEBUG org.asynchttpclient.netty.channel.ChannelManager - Adding key: http://localhost:56242 for channel [id: 0xcc51213d, L:/127.0.0.1:55317 - R:localhost/127.0.0.1:56242]
16:26:22.106 [Forwarding sendKeysToElement on session b3ad9296345b8df9c305f15fed2d7d43 to remote] DEBUG org.asynchttpclient.netty.request.NettyRequestSender - Using pooled Channel '[id: 0xcc51213d, L:/127.0.0.1:55317 - R:localhost/127.0.0.1:56242]' for 'POST' to 'http://localhost:56242/session/b3ad9296345b8df9c305f15fed2d7d43/element/117921d2-96b9-4f61-a419-aec76c5616fe/value'
16:26:22.106 [Forwarding sendKeysToElement on session b3ad9296345b8df9c305f15fed2d7d43 to remote] DEBUG org.asynchttpclient.netty.request.NettyRequestSender - Using open Channel [id: 0xcc51213d, L:/127.0.0.1:55317 - R:localhost/127.0.0.1:56242] for POST '/session/b3ad9296345b8df9c305f15fed2d7d43/element/117921d2-96b9-4f61-a419-aec76c5616fe/value'
16:26:22.141 [AsyncHttpClient-1-9] DEBUG org.asynchttpclient.netty.handler.HttpHandler - 

Request DefaultHttpRequest(decodeResult: success, version: HTTP/1.1)
POST /session/b3ad9296345b8df9c305f15fed2d7d43/element/117921d2-96b9-4f61-a419-aec76c5616fe/value HTTP/1.1
User-Agent: selenium/4.1.2 (java windows)
Content-Length: 82
Content-Type: application/json; charset=utf-8
host: localhost:56242
accept: */*

Response DefaultHttpResponse(decodeResult: success, version: HTTP/1.1)
HTTP/1.1 200 OK
Content-Type: application/json; charset=utf-8
cache-control: no-cache
content-length: 14

16:26:22.141 [AsyncHttpClient-1-9] DEBUG org.asynchttpclient.netty.channel.ChannelManager - Adding key: http://localhost:56242 for channel [id: 0xcc51213d, L:/127.0.0.1:55317 - R:localhost/127.0.0.1:56242]
16:26:22.141 [Forwarding screenshot on session b3ad9296345b8df9c305f15fed2d7d43 to remote] DEBUG org.asynchttpclient.netty.request.NettyRequestSender - Using pooled Channel '[id: 0xcc51213d, L:/127.0.0.1:55317 - R:localhost/127.0.0.1:56242]' for 'GET' to 'http://localhost:56242/session/b3ad9296345b8df9c305f15fed2d7d43/screenshot'
16:26:22.141 [Forwarding screenshot on session b3ad9296345b8df9c305f15fed2d7d43 to remote] DEBUG org.asynchttpclient.netty.request.NettyRequestSender - Using open Channel [id: 0xcc51213d, L:/127.0.0.1:55317 - R:localhost/127.0.0.1:56242] for GET '/session/b3ad9296345b8df9c305f15fed2d7d43/screenshot'
16:26:22.290 [AsyncHttpClient-1-9] DEBUG org.asynchttpclient.netty.handler.HttpHandler - 

Request DefaultFullHttpRequest(decodeResult: success, version: HTTP/1.1, content: EmptyByteBufBE)
GET /session/b3ad9296345b8df9c305f15fed2d7d43/screenshot HTTP/1.1
User-Agent: selenium/4.1.2 (java windows)
Cache-Control: no-cache
Content-Type: application/json; charset=utf-8
host: localhost:56242
accept: */*

Response DefaultHttpResponse(decodeResult: success, version: HTTP/1.1)
HTTP/1.1 200 OK
Content-Type: application/json; charset=utf-8
cache-control: no-cache
content-length: 30492

16:26:22.290 [AsyncHttpClient-1-9] DEBUG org.asynchttpclient.netty.channel.ChannelManager - Adding key: http://localhost:56242 for channel [id: 0xcc51213d, L:/127.0.0.1:55317 - R:localhost/127.0.0.1:56242]
16:26:22.290 [main] DEBUG net.serenitybdd.core.photography.Darkroom - Send negative for processing for target\site\serenity\ecdb8d9c01856d0a545a0f70eee323d9fe26eb16f903777618648de7d9560caa.png
16:26:22.298 [main] DEBUG net.thucydides.core.steps.StepInterceptor - STEP DONE: inputEmail
  &amp#27;[32mAnd &amp#27;[0m&amp#27;[32mI input &amp#27;[0m&amp#27;[32m&amp#27;[1m""&amp#27;[0m&amp#27;[32m Email&amp#27;[0m              &amp#27;[90m# Starter.StepDefinitions.RegisterStep.iInputEmail(java.lang.String)&amp#27;[0m
16:26:22.298 [Darkroom Processing Line] DEBUG net.serenitybdd.core.photography.DarkroomProcessingLine - Processing screenshot image in /var/screenshots/screenshot-16396518892714466510
16:26:22.298 [Darkroom Processing Line] DEBUG net.serenitybdd.core.photography.DarkroomProcessingLine - Saving screenshot to target\site\serenity\ecdb8d9c01856d0a545a0f70eee323d9fe26eb16f903777618648de7d9560caa.png
16:26:22.307 [main] DEBUG net.thucydides.core.steps.StepInterceptor - STARTING STEP: RegisterStep.iInputPassword - inputPassword
16:26:22.307 [Forwarding findElement on session b3ad9296345b8df9c305f15fed2d7d43 to remote] DEBUG org.asynchttpclient.netty.request.NettyRequestSender - Using pooled Channel '[id: 0xcc51213d, L:/127.0.0.1:55317 - R:localhost/127.0.0.1:56242]' for 'POST' to 'http://localhost:56242/session/b3ad9296345b8df9c305f15fed2d7d43/element'
16:26:22.307 [Forwarding findElement on session b3ad9296345b8df9c305f15fed2d7d43 to remote] DEBUG org.asynchttpclient.netty.request.NettyRequestSender - Using open Channel [id: 0xcc51213d, L:/127.0.0.1:55317 - R:localhost/127.0.0.1:56242] for POST '/session/b3ad9296345b8df9c305f15fed2d7d43/element'
16:26:22.315 [AsyncHttpClient-1-9] DEBUG org.asynchttpclient.netty.handler.HttpHandler - 

Request DefaultHttpRequest(decodeResult: success, version: HTTP/1.1)
POST /session/b3ad9296345b8df9c305f15fed2d7d43/element HTTP/1.1
User-Agent: selenium/4.1.2 (java windows)
Content-Length: 94
Content-Type: application/json; charset=utf-8
host: localhost:56242
accept: */*

Response DefaultHttpResponse(decodeResult: success, version: HTTP/1.1)
HTTP/1.1 200 OK
Content-Type: application/json; charset=utf-8
cache-control: no-cache
content-length: 88

16:26:22.315 [AsyncHttpClient-1-9] DEBUG org.asynchttpclient.netty.channel.ChannelManager - Adding key: http://localhost:56242 for channel [id: 0xcc51213d, L:/127.0.0.1:55317 - R:localhost/127.0.0.1:56242]
16:26:22.323 [Forwarding clearElement on session b3ad9296345b8df9c305f15fed2d7d43 to remote] DEBUG org.asynchttpclient.netty.request.NettyRequestSender - Using pooled Channel '[id: 0xcc51213d, L:/127.0.0.1:55317 - R:localhost/127.0.0.1:56242]' for 'POST' to 'http://localhost:56242/session/b3ad9296345b8df9c305f15fed2d7d43/element/38de0f2d-e612-4832-9040-589954aaf19c/clear'
16:26:22.323 [Forwarding clearElement on session b3ad9296345b8df9c305f15fed2d7d43 to remote] DEBUG org.asynchttpclient.netty.request.NettyRequestSender - Using open Channel [id: 0xcc51213d, L:/127.0.0.1:55317 - R:localhost/127.0.0.1:56242] for POST '/session/b3ad9296345b8df9c305f15fed2d7d43/element/38de0f2d-e612-4832-9040-589954aaf19c/clear'
16:26:22.350 [AsyncHttpClient-1-9] DEBUG org.asynchttpclient.netty.handler.HttpHandler - 

Request DefaultHttpRequest(decodeResult: success, version: HTTP/1.1)
POST /session/b3ad9296345b8df9c305f15fed2d7d43/element/38de0f2d-e612-4832-9040-589954aaf19c/clear HTTP/1.1
User-Agent: selenium/4.1.2 (java windows)
Content-Length: 50
Content-Type: application/json; charset=utf-8
host: localhost:56242
accept: */*

Response DefaultHttpResponse(decodeResult: success, version: HTTP/1.1)
HTTP/1.1 200 OK
Content-Type: application/json; charset=utf-8
cache-control: no-cache
content-length: 14

16:26:22.350 [AsyncHttpClient-1-9] DEBUG org.asynchttpclient.netty.channel.ChannelManager - Adding key: http://localhost:56242 for channel [id: 0xcc51213d, L:/127.0.0.1:55317 - R:localhost/127.0.0.1:56242]
16:26:22.350 [Forwarding sendKeysToElement on session b3ad9296345b8df9c305f15fed2d7d43 to remote] DEBUG org.asynchttpclient.netty.request.NettyRequestSender - Using pooled Channel '[id: 0xcc51213d, L:/127.0.0.1:55317 - R:localhost/127.0.0.1:56242]' for 'POST' to 'http://localhost:56242/session/b3ad9296345b8df9c305f15fed2d7d43/element/38de0f2d-e612-4832-9040-589954aaf19c/value'
16:26:22.350 [Forwarding sendKeysToElement on session b3ad9296345b8df9c305f15fed2d7d43 to remote] DEBUG org.asynchttpclient.netty.request.NettyRequestSender - Using open Channel [id: 0xcc51213d, L:/127.0.0.1:55317 - R:localhost/127.0.0.1:56242] for POST '/session/b3ad9296345b8df9c305f15fed2d7d43/element/38de0f2d-e612-4832-9040-589954aaf19c/value'
16:26:22.421 [AsyncHttpClient-1-1] DEBUG org.asynchttpclient.netty.channel.DefaultChannelPool - Entry count for : http://localhost:55318 : 1
16:26:22.430 [AsyncHttpClient-1-9] DEBUG org.asynchttpclient.netty.handler.HttpHandler - 

Request DefaultHttpRequest(decodeResult: success, version: HTTP/1.1)
POST /session/b3ad9296345b8df9c305f15fed2d7d43/element/38de0f2d-e612-4832-9040-589954aaf19c/value HTTP/1.1
User-Agent: selenium/4.1.2 (java windows)
Content-Length: 161
Content-Type: application/json; charset=utf-8
host: localhost:56242
accept: */*

Response DefaultHttpResponse(decodeResult: success, version: HTTP/1.1)
HTTP/1.1 200 OK
Content-Type: application/json; charset=utf-8
cache-control: no-cache
content-length: 14

16:26:22.430 [AsyncHttpClient-1-9] DEBUG org.asynchttpclient.netty.channel.ChannelManager - Adding key: http://localhost:56242 for channel [id: 0xcc51213d, L:/127.0.0.1:55317 - R:localhost/127.0.0.1:56242]
16:26:22.438 [Forwarding screenshot on session b3ad9296345b8df9c305f15fed2d7d43 to remote] DEBUG org.asynchttpclient.netty.request.NettyRequestSender - Using pooled Channel '[id: 0xcc51213d, L:/127.0.0.1:55317 - R:localhost/127.0.0.1:56242]' for 'GET' to 'http://localhost:56242/session/b3ad9296345b8df9c305f15fed2d7d43/screenshot'
16:26:22.438 [Forwarding screenshot on session b3ad9296345b8df9c305f15fed2d7d43 to remote] DEBUG org.asynchttpclient.netty.request.NettyRequestSender - Using open Channel [id: 0xcc51213d, L:/127.0.0.1:55317 - R:localhost/127.0.0.1:56242] for GET '/session/b3ad9296345b8df9c305f15fed2d7d43/screenshot'
16:26:22.605 [AsyncHttpClient-1-9] DEBUG org.asynchttpclient.netty.handler.HttpHandler - 

Request DefaultFullHttpRequest(decodeResult: success, version: HTTP/1.1, content: EmptyByteBufBE)
GET /session/b3ad9296345b8df9c305f15fed2d7d43/screenshot HTTP/1.1
User-Agent: selenium/4.1.2 (java windows)
Cache-Control: no-cache
Content-Type: application/json; charset=utf-8
host: localhost:56242
accept: */*

Response DefaultHttpResponse(decodeResult: success, version: HTTP/1.1)
HTTP/1.1 200 OK
Content-Type: application/json; charset=utf-8
cache-control: no-cache
content-length: 32780

16:26:22.605 [AsyncHttpClient-1-9] DEBUG org.asynchttpclient.netty.channel.ChannelManager - Adding key: http://localhost:56242 for channel [id: 0xcc51213d, L:/127.0.0.1:55317 - R:localhost/127.0.0.1:56242]
16:26:22.605 [main] DEBUG net.serenitybdd.core.photography.Darkroom - Send negative for processing for target\site\serenity\12b6531fc05a4f1dc3d256f0b258228d5e5a5c8b84ce9d6396a9bd7e8d70a679.png
16:26:22.605 [main] DEBUG net.thucydides.core.steps.StepInterceptor - STEP DONE: inputPassword
  &amp#27;[32mAnd &amp#27;[0m&amp#27;[32mI input &amp#27;[0m&amp#27;[32m&amp#27;[1m"Valid@01"&amp#27;[0m&amp#27;[32m Password&amp#27;[0m   &amp#27;[90m# Starter.StepDefinitions.RegisterStep.iInputPassword(java.lang.String)&amp#27;[0m
16:26:22.605 [Darkroom Processing Line] DEBUG net.serenitybdd.core.photography.DarkroomProcessingLine - Processing screenshot image in /var/screenshots/screenshot-130408608979147189
16:26:22.605 [Darkroom Processing Line] DEBUG net.serenitybdd.core.photography.DarkroomProcessingLine - Saving screenshot to target\site\serenity\12b6531fc05a4f1dc3d256f0b258228d5e5a5c8b84ce9d6396a9bd7e8d70a679.png
16:26:22.612 [main] DEBUG net.thucydides.core.steps.StepInterceptor - STARTING STEP: RegisterStep.clickRegisterButton - scrollTo
16:26:22.612 [Forwarding findElement on session b3ad9296345b8df9c305f15fed2d7d43 to remote] DEBUG org.asynchttpclient.netty.request.NettyRequestSender - Using pooled Channel '[id: 0xcc51213d, L:/127.0.0.1:55317 - R:localhost/127.0.0.1:56242]' for 'POST' to 'http://localhost:56242/session/b3ad9296345b8df9c305f15fed2d7d43/element'
16:26:22.612 [Forwarding findElement on session b3ad9296345b8df9c305f15fed2d7d43 to remote] DEBUG org.asynchttpclient.netty.request.NettyRequestSender - Using open Channel [id: 0xcc51213d, L:/127.0.0.1:55317 - R:localhost/127.0.0.1:56242] for POST '/session/b3ad9296345b8df9c305f15fed2d7d43/element'
16:26:22.630 [AsyncHttpClient-1-9] DEBUG org.asynchttpclient.netty.handler.HttpHandler - 

Request DefaultHttpRequest(decodeResult: success, version: HTTP/1.1)
POST /session/b3ad9296345b8df9c305f15fed2d7d43/element HTTP/1.1
User-Agent: selenium/4.1.2 (java windows)
Content-Length: 73
Content-Type: application/json; charset=utf-8
host: localhost:56242
accept: */*

Response DefaultHttpResponse(decodeResult: success, version: HTTP/1.1)
HTTP/1.1 200 OK
Content-Type: application/json; charset=utf-8
cache-control: no-cache
content-length: 88

16:26:22.630 [AsyncHttpClient-1-9] DEBUG org.asynchttpclient.netty.channel.ChannelManager - Adding key: http://localhost:56242 for channel [id: 0xcc51213d, L:/127.0.0.1:55317 - R:localhost/127.0.0.1:56242]
16:26:22.630 [Forwarding actions on session b3ad9296345b8df9c305f15fed2d7d43 to remote] DEBUG org.asynchttpclient.netty.request.NettyRequestSender - Using pooled Channel '[id: 0xcc51213d, L:/127.0.0.1:55317 - R:localhost/127.0.0.1:56242]' for 'POST' to 'http://localhost:56242/session/b3ad9296345b8df9c305f15fed2d7d43/actions'
16:26:22.630 [Forwarding actions on session b3ad9296345b8df9c305f15fed2d7d43 to remote] DEBUG org.asynchttpclient.netty.request.NettyRequestSender - Using open Channel [id: 0xcc51213d, L:/127.0.0.1:55317 - R:localhost/127.0.0.1:56242] for POST '/session/b3ad9296345b8df9c305f15fed2d7d43/actions'
16:26:22.765 [AsyncHttpClient-1-9] DEBUG org.asynchttpclient.netty.handler.HttpHandler - 

Request DefaultHttpRequest(decodeResult: success, version: HTTP/1.1)
POST /session/b3ad9296345b8df9c305f15fed2d7d43/actions HTTP/1.1
User-Agent: selenium/4.1.2 (java windows)
Content-Length: 480
Content-Type: application/json; charset=utf-8
host: localhost:56242
accept: */*

Response DefaultHttpResponse(decodeResult: success, version: HTTP/1.1)
HTTP/1.1 200 OK
Content-Type: application/json; charset=utf-8
cache-control: no-cache
content-length: 14

16:26:22.765 [AsyncHttpClient-1-9] DEBUG org.asynchttpclient.netty.channel.ChannelManager - Adding key: http://localhost:56242 for channel [id: 0xcc51213d, L:/127.0.0.1:55317 - R:localhost/127.0.0.1:56242]
16:26:22.765 [Forwarding screenshot on session b3ad9296345b8df9c305f15fed2d7d43 to remote] DEBUG org.asynchttpclient.netty.request.NettyRequestSender - Using pooled Channel '[id: 0xcc51213d, L:/127.0.0.1:55317 - R:localhost/127.0.0.1:56242]' for 'GET' to 'http://localhost:56242/session/b3ad9296345b8df9c305f15fed2d7d43/screenshot'
16:26:22.765 [Forwarding screenshot on session b3ad9296345b8df9c305f15fed2d7d43 to remote] DEBUG org.asynchttpclient.netty.request.NettyRequestSender - Using open Channel [id: 0xcc51213d, L:/127.0.0.1:55317 - R:localhost/127.0.0.1:56242] for GET '/session/b3ad9296345b8df9c305f15fed2d7d43/screenshot'
16:26:22.938 [AsyncHttpClient-1-9] DEBUG org.asynchttpclient.netty.handler.HttpHandler - 

Request DefaultFullHttpRequest(decodeResult: success, version: HTTP/1.1, content: EmptyByteBufBE)
GET /session/b3ad9296345b8df9c305f15fed2d7d43/screenshot HTTP/1.1
User-Agent: selenium/4.1.2 (java windows)
Cache-Control: no-cache
Content-Type: application/json; charset=utf-8
host: localhost:56242
accept: */*

Response DefaultHttpResponse(decodeResult: success, version: HTTP/1.1)
HTTP/1.1 200 OK
Content-Type: application/json; charset=utf-8
cache-control: no-cache
content-length: 31672

16:26:22.938 [AsyncHttpClient-1-9] DEBUG org.asynchttpclient.netty.channel.ChannelManager - Adding key: http://localhost:56242 for channel [id: 0xcc51213d, L:/127.0.0.1:55317 - R:localhost/127.0.0.1:56242]
16:26:22.946 [main] DEBUG net.serenitybdd.core.photography.Darkroom - Send negative for processing for target\site\serenity\98f454e9e0e7f62d604a13822a357b57274cfc562d57050c58b69bc76b1c2fd9.png
16:26:22.946 [main] DEBUG net.thucydides.core.steps.StepInterceptor - STEP DONE: scrollTo
16:26:22.946 [Darkroom Processing Line] DEBUG net.serenitybdd.core.photography.DarkroomProcessingLine - Processing screenshot image in /var/screenshots/screenshot-5940121708738164976
16:26:22.946 [Darkroom Processing Line] DEBUG net.serenitybdd.core.photography.DarkroomProcessingLine - Saving screenshot to target\site\serenity\98f454e9e0e7f62d604a13822a357b57274cfc562d57050c58b69bc76b1c2fd9.png
16:26:22.948 [main] DEBUG net.thucydides.core.steps.StepInterceptor - STARTING STEP: RegisterStep.clickRegisterButton - clickRegisterButton
16:26:22.948 [Forwarding findElement on session b3ad9296345b8df9c305f15fed2d7d43 to remote] DEBUG org.asynchttpclient.netty.request.NettyRequestSender - Using pooled Channel '[id: 0xcc51213d, L:/127.0.0.1:55317 - R:localhost/127.0.0.1:56242]' for 'POST' to 'http://localhost:56242/session/b3ad9296345b8df9c305f15fed2d7d43/element'
16:26:22.948 [Forwarding findElement on session b3ad9296345b8df9c305f15fed2d7d43 to remote] DEBUG org.asynchttpclient.netty.request.NettyRequestSender - Using open Channel [id: 0xcc51213d, L:/127.0.0.1:55317 - R:localhost/127.0.0.1:56242] for POST '/session/b3ad9296345b8df9c305f15fed2d7d43/element'
16:26:22.957 [AsyncHttpClient-1-9] DEBUG org.asynchttpclient.netty.handler.HttpHandler - 

Request DefaultHttpRequest(decodeResult: success, version: HTTP/1.1)
POST /session/b3ad9296345b8df9c305f15fed2d7d43/element HTTP/1.1
User-Agent: selenium/4.1.2 (java windows)
Content-Length: 164
Content-Type: application/json; charset=utf-8
host: localhost:56242
accept: */*

Response DefaultHttpResponse(decodeResult: success, version: HTTP/1.1)
HTTP/1.1 200 OK
Content-Type: application/json; charset=utf-8
cache-control: no-cache
content-length: 88

16:26:22.957 [AsyncHttpClient-1-9] DEBUG org.asynchttpclient.netty.channel.ChannelManager - Adding key: http://localhost:56242 for channel [id: 0xcc51213d, L:/127.0.0.1:55317 - R:localhost/127.0.0.1:56242]
16:26:22.957 [Forwarding getElementTagName on session b3ad9296345b8df9c305f15fed2d7d43 to remote] DEBUG org.asynchttpclient.netty.request.NettyRequestSender - Using pooled Channel '[id: 0xcc51213d, L:/127.0.0.1:55317 - R:localhost/127.0.0.1:56242]' for 'GET' to 'http://localhost:56242/session/b3ad9296345b8df9c305f15fed2d7d43/element/a6a70627-19f0-47a2-a3d8-ae84f4e8a146/name'
16:26:22.957 [Forwarding getElementTagName on session b3ad9296345b8df9c305f15fed2d7d43 to remote] DEBUG org.asynchttpclient.netty.request.NettyRequestSender - Using open Channel [id: 0xcc51213d, L:/127.0.0.1:55317 - R:localhost/127.0.0.1:56242] for GET '/session/b3ad9296345b8df9c305f15fed2d7d43/element/a6a70627-19f0-47a2-a3d8-ae84f4e8a146/name'
16:26:22.965 [AsyncHttpClient-1-9] DEBUG org.asynchttpclient.netty.handler.HttpHandler - 

Request DefaultFullHttpRequest(decodeResult: success, version: HTTP/1.1, content: EmptyByteBufBE)
GET /session/b3ad9296345b8df9c305f15fed2d7d43/element/a6a70627-19f0-47a2-a3d8-ae84f4e8a146/name HTTP/1.1
User-Agent: selenium/4.1.2 (java windows)
Cache-Control: no-cache
Content-Type: application/json; charset=utf-8
host: localhost:56242
accept: */*

Response DefaultHttpResponse(decodeResult: success, version: HTTP/1.1)
HTTP/1.1 200 OK
Content-Type: application/json; charset=utf-8
cache-control: no-cache
content-length: 16

16:26:22.965 [AsyncHttpClient-1-9] DEBUG org.asynchttpclient.netty.channel.ChannelManager - Adding key: http://localhost:56242 for channel [id: 0xcc51213d, L:/127.0.0.1:55317 - R:localhost/127.0.0.1:56242]
16:26:22.965 [Forwarding getElementTagName on session b3ad9296345b8df9c305f15fed2d7d43 to remote] DEBUG org.asynchttpclient.netty.request.NettyRequestSender - Using pooled Channel '[id: 0xcc51213d, L:/127.0.0.1:55317 - R:localhost/127.0.0.1:56242]' for 'GET' to 'http://localhost:56242/session/b3ad9296345b8df9c305f15fed2d7d43/element/a6a70627-19f0-47a2-a3d8-ae84f4e8a146/name'
16:26:22.965 [Forwarding getElementTagName on session b3ad9296345b8df9c305f15fed2d7d43 to remote] DEBUG org.asynchttpclient.netty.request.NettyRequestSender - Using open Channel [id: 0xcc51213d, L:/127.0.0.1:55317 - R:localhost/127.0.0.1:56242] for GET '/session/b3ad9296345b8df9c305f15fed2d7d43/element/a6a70627-19f0-47a2-a3d8-ae84f4e8a146/name'
16:26:22.965 [AsyncHttpClient-1-9] DEBUG org.asynchttpclient.netty.handler.HttpHandler - 

Request DefaultFullHttpRequest(decodeResult: success, version: HTTP/1.1, content: EmptyByteBufBE)
GET /session/b3ad9296345b8df9c305f15fed2d7d43/element/a6a70627-19f0-47a2-a3d8-ae84f4e8a146/name HTTP/1.1
User-Agent: selenium/4.1.2 (java windows)
Cache-Control: no-cache
Content-Type: application/json; charset=utf-8
host: localhost:56242
accept: */*

Response DefaultHttpResponse(decodeResult: success, version: HTTP/1.1)
HTTP/1.1 200 OK
Content-Type: application/json; charset=utf-8
cache-control: no-cache
content-length: 16

16:26:22.965 [AsyncHttpClient-1-9] DEBUG org.asynchttpclient.netty.channel.ChannelManager - Adding key: http://localhost:56242 for channel [id: 0xcc51213d, L:/127.0.0.1:55317 - R:localhost/127.0.0.1:56242]
16:26:22.973 [Forwarding findElement on session b3ad9296345b8df9c305f15fed2d7d43 to remote] DEBUG org.asynchttpclient.netty.request.NettyRequestSender - Using pooled Channel '[id: 0xcc51213d, L:/127.0.0.1:55317 - R:localhost/127.0.0.1:56242]' for 'POST' to 'http://localhost:56242/session/b3ad9296345b8df9c305f15fed2d7d43/element'
16:26:22.973 [Forwarding findElement on session b3ad9296345b8df9c305f15fed2d7d43 to remote] DEBUG org.asynchttpclient.netty.request.NettyRequestSender - Using open Channel [id: 0xcc51213d, L:/127.0.0.1:55317 - R:localhost/127.0.0.1:56242] for POST '/session/b3ad9296345b8df9c305f15fed2d7d43/element'
16:26:22.973 [AsyncHttpClient-1-9] DEBUG org.asynchttpclient.netty.handler.HttpHandler - 

Request DefaultHttpRequest(decodeResult: success, version: HTTP/1.1)
POST /session/b3ad9296345b8df9c305f15fed2d7d43/element HTTP/1.1
User-Agent: selenium/4.1.2 (java windows)
Content-Length: 164
Content-Type: application/json; charset=utf-8
host: localhost:56242
accept: */*

Response DefaultHttpResponse(decodeResult: success, version: HTTP/1.1)
HTTP/1.1 200 OK
Content-Type: application/json; charset=utf-8
cache-control: no-cache
content-length: 88

16:26:22.973 [AsyncHttpClient-1-9] DEBUG org.asynchttpclient.netty.channel.ChannelManager - Adding key: http://localhost:56242 for channel [id: 0xcc51213d, L:/127.0.0.1:55317 - R:localhost/127.0.0.1:56242]
16:26:22.973 [Forwarding clickElement on session b3ad9296345b8df9c305f15fed2d7d43 to remote] DEBUG org.asynchttpclient.netty.request.NettyRequestSender - Using pooled Channel '[id: 0xcc51213d, L:/127.0.0.1:55317 - R:localhost/127.0.0.1:56242]' for 'POST' to 'http://localhost:56242/session/b3ad9296345b8df9c305f15fed2d7d43/element/a6a70627-19f0-47a2-a3d8-ae84f4e8a146/click'
16:26:22.973 [Forwarding clickElement on session b3ad9296345b8df9c305f15fed2d7d43 to remote] DEBUG org.asynchttpclient.netty.request.NettyRequestSender - Using open Channel [id: 0xcc51213d, L:/127.0.0.1:55317 - R:localhost/127.0.0.1:56242] for POST '/session/b3ad9296345b8df9c305f15fed2d7d43/element/a6a70627-19f0-47a2-a3d8-ae84f4e8a146/click'
16:26:23.015 [AsyncHttpClient-1-9] DEBUG org.asynchttpclient.netty.handler.HttpHandler - 

Request DefaultHttpRequest(decodeResult: success, version: HTTP/1.1)
POST /session/b3ad9296345b8df9c305f15fed2d7d43/element/a6a70627-19f0-47a2-a3d8-ae84f4e8a146/click HTTP/1.1
User-Agent: selenium/4.1.2 (java windows)
Content-Length: 50
Content-Type: application/json; charset=utf-8
host: localhost:56242
accept: */*

Response DefaultHttpResponse(decodeResult: success, version: HTTP/1.1)
HTTP/1.1 200 OK
Content-Type: application/json; charset=utf-8
cache-control: no-cache
content-length: 14

16:26:23.015 [AsyncHttpClient-1-9] DEBUG org.asynchttpclient.netty.channel.ChannelManager - Adding key: http://localhost:56242 for channel [id: 0xcc51213d, L:/127.0.0.1:55317 - R:localhost/127.0.0.1:56242]
16:26:23.015 [Forwarding screenshot on session b3ad9296345b8df9c305f15fed2d7d43 to remote] DEBUG org.asynchttpclient.netty.request.NettyRequestSender - Using pooled Channel '[id: 0xcc51213d, L:/127.0.0.1:55317 - R:localhost/127.0.0.1:56242]' for 'GET' to 'http://localhost:56242/session/b3ad9296345b8df9c305f15fed2d7d43/screenshot'
16:26:23.015 [Forwarding screenshot on session b3ad9296345b8df9c305f15fed2d7d43 to remote] DEBUG org.asynchttpclient.netty.request.NettyRequestSender - Using open Channel [id: 0xcc51213d, L:/127.0.0.1:55317 - R:localhost/127.0.0.1:56242] for GET '/session/b3ad9296345b8df9c305f15fed2d7d43/screenshot'
16:26:23.128 [AsyncHttpClient-1-9] DEBUG org.asynchttpclient.netty.handler.HttpHandler - 

Request DefaultFullHttpRequest(decodeResult: success, version: HTTP/1.1, content: EmptyByteBufBE)
GET /session/b3ad9296345b8df9c305f15fed2d7d43/screenshot HTTP/1.1
User-Agent: selenium/4.1.2 (java windows)
Cache-Control: no-cache
Content-Type: application/json; charset=utf-8
host: localhost:56242
accept: */*

Response DefaultHttpResponse(decodeResult: success, version: HTTP/1.1)
HTTP/1.1 200 OK
Content-Type: application/json; charset=utf-8
cache-control: no-cache
content-length: 32040

16:26:23.128 [AsyncHttpClient-1-9] DEBUG org.asynchttpclient.netty.channel.ChannelManager - Adding key: http://localhost:56242 for channel [id: 0xcc51213d, L:/127.0.0.1:55317 - R:localhost/127.0.0.1:56242]
16:26:23.128 [main] DEBUG net.serenitybdd.core.photography.Darkroom - Send negative for processing for target\site\serenity\8f536c3b4d78f23d194fbcd3e398ba2f437e16ec386fa46a7bc42718a2acd837.png
16:26:23.128 [main] DEBUG net.thucydides.core.steps.StepInterceptor - STEP DONE: clickRegisterButton
  &amp#27;[32mAnd &amp#27;[0m&amp#27;[32mclick register button&amp#27;[0m         &amp#27;[90m# Starter.StepDefinitions.RegisterStep.clickRegisterButton()&amp#27;[0m
16:26:23.128 [Darkroom Processing Line] DEBUG net.serenitybdd.core.photography.DarkroomProcessingLine - Processing screenshot image in /var/screenshots/screenshot-2907931421288805433
16:26:23.128 [Darkroom Processing Line] DEBUG net.serenitybdd.core.photography.DarkroomProcessingLine - Saving screenshot to target\site\serenity\8f536c3b4d78f23d194fbcd3e398ba2f437e16ec386fa46a7bc42718a2acd837.png
16:26:23.138 [main] DEBUG net.thucydides.core.steps.StepInterceptor - STARTING STEP: RegisterStep.iGetThe - errorFieldAlert
16:26:23.138 [Forwarding setTimeout on session b3ad9296345b8df9c305f15fed2d7d43 to remote] DEBUG org.asynchttpclient.netty.request.NettyRequestSender - Using pooled Channel '[id: 0xcc51213d, L:/127.0.0.1:55317 - R:localhost/127.0.0.1:56242]' for 'POST' to 'http://localhost:56242/session/b3ad9296345b8df9c305f15fed2d7d43/timeouts'
16:26:23.138 [Forwarding setTimeout on session b3ad9296345b8df9c305f15fed2d7d43 to remote] DEBUG org.asynchttpclient.netty.request.NettyRequestSender - Using open Channel [id: 0xcc51213d, L:/127.0.0.1:55317 - R:localhost/127.0.0.1:56242] for POST '/session/b3ad9296345b8df9c305f15fed2d7d43/timeouts'
16:26:23.146 [AsyncHttpClient-1-9] DEBUG org.asynchttpclient.netty.handler.HttpHandler - 

Request DefaultHttpRequest(decodeResult: success, version: HTTP/1.1)
POST /session/b3ad9296345b8df9c305f15fed2d7d43/timeouts HTTP/1.1
User-Agent: selenium/4.1.2 (java windows)
Content-Length: 23
Content-Type: application/json; charset=utf-8
host: localhost:56242
accept: */*

Response DefaultHttpResponse(decodeResult: success, version: HTTP/1.1)
HTTP/1.1 200 OK
Content-Type: application/json; charset=utf-8
cache-control: no-cache
content-length: 14

16:26:23.146 [AsyncHttpClient-1-9] DEBUG org.asynchttpclient.netty.channel.ChannelManager - Adding key: http://localhost:56242 for channel [id: 0xcc51213d, L:/127.0.0.1:55317 - R:localhost/127.0.0.1:56242]
16:26:23.146 [Forwarding findElement on session b3ad9296345b8df9c305f15fed2d7d43 to remote] DEBUG org.asynchttpclient.netty.request.NettyRequestSender - Using pooled Channel '[id: 0xcc51213d, L:/127.0.0.1:55317 - R:localhost/127.0.0.1:56242]' for 'POST' to 'http://localhost:56242/session/b3ad9296345b8df9c305f15fed2d7d43/element'
16:26:23.146 [Forwarding findElement on session b3ad9296345b8df9c305f15fed2d7d43 to remote] DEBUG org.asynchttpclient.netty.request.NettyRequestSender - Using open Channel [id: 0xcc51213d, L:/127.0.0.1:55317 - R:localhost/127.0.0.1:56242] for POST '/session/b3ad9296345b8df9c305f15fed2d7d43/element'
16:26:23.146 [AsyncHttpClient-1-9] DEBUG org.asynchttpclient.netty.handler.HttpHandler - 

Request DefaultHttpRequest(decodeResult: success, version: HTTP/1.1)
POST /session/b3ad9296345b8df9c305f15fed2d7d43/element HTTP/1.1
User-Agent: selenium/4.1.2 (java windows)
Content-Length: 53
Content-Type: application/json; charset=utf-8
host: localhost:56242
accept: */*

Response DefaultHttpResponse(decodeResult: success, version: HTTP/1.1)
HTTP/1.1 400 Bad Request
Content-Type: application/json; charset=utf-8
cache-control: no-cache
content-length: 957

16:26:23.146 [AsyncHttpClient-1-9] DEBUG org.asynchttpclient.netty.channel.ChannelManager - Adding key: http://localhost:56242 for channel [id: 0xcc51213d, L:/127.0.0.1:55317 - R:localhost/127.0.0.1:56242]
16:26:23.146 [Forwarding findElement on session b3ad9296345b8df9c305f15fed2d7d43 to remote] DEBUG org.asynchttpclient.netty.request.NettyRequestSender - Using pooled Channel '[id: 0xcc51213d, L:/127.0.0.1:55317 - R:localhost/127.0.0.1:56242]' for 'POST' to 'http://localhost:56242/session/b3ad9296345b8df9c305f15fed2d7d43/element'
16:26:23.146 [Forwarding findElement on session b3ad9296345b8df9c305f15fed2d7d43 to remote] DEBUG org.asynchttpclient.netty.request.NettyRequestSender - Using open Channel [id: 0xcc51213d, L:/127.0.0.1:55317 - R:localhost/127.0.0.1:56242] for POST '/session/b3ad9296345b8df9c305f15fed2d7d43/element'
16:26:23.232 [AsyncHttpClient-1-9] DEBUG org.asynchttpclient.netty.handler.HttpHandler - 

Request DefaultHttpRequest(decodeResult: success, version: HTTP/1.1)
POST /session/b3ad9296345b8df9c305f15fed2d7d43/element HTTP/1.1
User-Agent: selenium/4.1.2 (java windows)
Content-Length: 63
Content-Type: application/json; charset=utf-8
host: localhost:56242
accept: */*

Response DefaultHttpResponse(decodeResult: success, version: HTTP/1.1)
HTTP/1.1 200 OK
Content-Type: application/json; charset=utf-8
cache-control: no-cache
content-length: 88

16:26:23.232 [AsyncHttpClient-1-9] DEBUG org.asynchttpclient.netty.channel.ChannelManager - Adding key: http://localhost:56242 for channel [id: 0xcc51213d, L:/127.0.0.1:55317 - R:localhost/127.0.0.1:56242]
16:26:23.232 [Forwarding isElementSelected on session b3ad9296345b8df9c305f15fed2d7d43 to remote] DEBUG org.asynchttpclient.netty.request.NettyRequestSender - Using pooled Channel '[id: 0xcc51213d, L:/127.0.0.1:55317 - R:localhost/127.0.0.1:56242]' for 'GET' to 'http://localhost:56242/session/b3ad9296345b8df9c305f15fed2d7d43/element/2f57bcf4-b85b-42f5-8665-0b78b59486eb/selected'
16:26:23.232 [Forwarding isElementSelected on session b3ad9296345b8df9c305f15fed2d7d43 to remote] DEBUG org.asynchttpclient.netty.request.NettyRequestSender - Using open Channel [id: 0xcc51213d, L:/127.0.0.1:55317 - R:localhost/127.0.0.1:56242] for GET '/session/b3ad9296345b8df9c305f15fed2d7d43/element/2f57bcf4-b85b-42f5-8665-0b78b59486eb/selected'
16:26:23.240 [AsyncHttpClient-1-9] DEBUG org.asynchttpclient.netty.handler.HttpHandler - 

Request DefaultFullHttpRequest(decodeResult: success, version: HTTP/1.1, content: EmptyByteBufBE)
GET /session/b3ad9296345b8df9c305f15fed2d7d43/element/2f57bcf4-b85b-42f5-8665-0b78b59486eb/selected HTTP/1.1
User-Agent: selenium/4.1.2 (java windows)
Cache-Control: no-cache
Content-Type: application/json; charset=utf-8
host: localhost:56242
accept: */*

Response DefaultHttpResponse(decodeResult: success, version: HTTP/1.1)
HTTP/1.1 200 OK
Content-Type: application/json; charset=utf-8
cache-control: no-cache
content-length: 15

16:26:23.240 [AsyncHttpClient-1-9] DEBUG org.asynchttpclient.netty.channel.ChannelManager - Adding key: http://localhost:56242 for channel [id: 0xcc51213d, L:/127.0.0.1:55317 - R:localhost/127.0.0.1:56242]
16:26:23.248 [Forwarding screenshot on session b3ad9296345b8df9c305f15fed2d7d43 to remote] DEBUG org.asynchttpclient.netty.request.NettyRequestSender - Using pooled Channel '[id: 0xcc51213d, L:/127.0.0.1:55317 - R:localhost/127.0.0.1:56242]' for 'GET' to 'http://localhost:56242/session/b3ad9296345b8df9c305f15fed2d7d43/screenshot'
16:26:23.248 [Forwarding screenshot on session b3ad9296345b8df9c305f15fed2d7d43 to remote] DEBUG org.asynchttpclient.netty.request.NettyRequestSender - Using open Channel [id: 0xcc51213d, L:/127.0.0.1:55317 - R:localhost/127.0.0.1:56242] for GET '/session/b3ad9296345b8df9c305f15fed2d7d43/screenshot'
16:26:23.447 [AsyncHttpClient-1-9] DEBUG org.asynchttpclient.netty.handler.HttpHandler - 

Request DefaultFullHttpRequest(decodeResult: success, version: HTTP/1.1, content: EmptyByteBufBE)
GET /session/b3ad9296345b8df9c305f15fed2d7d43/screenshot HTTP/1.1
User-Agent: selenium/4.1.2 (java windows)
Cache-Control: no-cache
Content-Type: application/json; charset=utf-8
host: localhost:56242
accept: */*

Response DefaultHttpResponse(decodeResult: success, version: HTTP/1.1)
HTTP/1.1 200 OK
Content-Type: application/json; charset=utf-8
cache-control: no-cache
content-length: 33084

16:26:23.447 [AsyncHttpClient-1-9] DEBUG org.asynchttpclient.netty.channel.ChannelManager - Adding key: http://localhost:56242 for channel [id: 0xcc51213d, L:/127.0.0.1:55317 - R:localhost/127.0.0.1:56242]
16:26:23.447 [main] DEBUG net.serenitybdd.core.photography.Darkroom - Send negative for processing for target\site\serenity\f90a1632091d08180e00b61d8cbeffa8881956c7103d0068ce3a6f6502d3a37c.png
16:26:23.447 [main] DEBUG net.thucydides.core.steps.StepInterceptor - STEP DONE: errorFieldAlert
16:26:23.447 [Darkroom Processing Line] DEBUG net.serenitybdd.core.photography.DarkroomProcessingLine - Processing screenshot image in /var/screenshots/screenshot-13247623189439088354
16:26:23.447 [Darkroom Processing Line] DEBUG net.serenitybdd.core.photography.DarkroomProcessingLine - Saving screenshot to target\site\serenity\f90a1632091d08180e00b61d8cbeffa8881956c7103d0068ce3a6f6502d3a37c.png
16:26:23.453 [main] DEBUG net.thucydides.core.steps.StepInterceptor - STARTING STEP: RegisterStep.iGetThe - errorMessageAppears
16:26:23.453 [Forwarding setTimeout on session b3ad9296345b8df9c305f15fed2d7d43 to remote] DEBUG org.asynchttpclient.netty.request.NettyRequestSender - Using pooled Channel '[id: 0xcc51213d, L:/127.0.0.1:55317 - R:localhost/127.0.0.1:56242]' for 'POST' to 'http://localhost:56242/session/b3ad9296345b8df9c305f15fed2d7d43/timeouts'
16:26:23.453 [Forwarding setTimeout on session b3ad9296345b8df9c305f15fed2d7d43 to remote] DEBUG org.asynchttpclient.netty.request.NettyRequestSender - Using open Channel [id: 0xcc51213d, L:/127.0.0.1:55317 - R:localhost/127.0.0.1:56242] for POST '/session/b3ad9296345b8df9c305f15fed2d7d43/timeouts'
16:26:23.453 [AsyncHttpClient-1-9] DEBUG org.asynchttpclient.netty.handler.HttpHandler - 

Request DefaultHttpRequest(decodeResult: success, version: HTTP/1.1)
POST /session/b3ad9296345b8df9c305f15fed2d7d43/timeouts HTTP/1.1
User-Agent: selenium/4.1.2 (java windows)
Content-Length: 23
Content-Type: application/json; charset=utf-8
host: localhost:56242
accept: */*

Response DefaultHttpResponse(decodeResult: success, version: HTTP/1.1)
HTTP/1.1 200 OK
Content-Type: application/json; charset=utf-8
cache-control: no-cache
content-length: 14

16:26:23.453 [AsyncHttpClient-1-9] DEBUG org.asynchttpclient.netty.channel.ChannelManager - Adding key: http://localhost:56242 for channel [id: 0xcc51213d, L:/127.0.0.1:55317 - R:localhost/127.0.0.1:56242]
16:26:23.453 [Forwarding findElement on session b3ad9296345b8df9c305f15fed2d7d43 to remote] DEBUG org.asynchttpclient.netty.request.NettyRequestSender - Using pooled Channel '[id: 0xcc51213d, L:/127.0.0.1:55317 - R:localhost/127.0.0.1:56242]' for 'POST' to 'http://localhost:56242/session/b3ad9296345b8df9c305f15fed2d7d43/element'
16:26:23.453 [Forwarding findElement on session b3ad9296345b8df9c305f15fed2d7d43 to remote] DEBUG org.asynchttpclient.netty.request.NettyRequestSender - Using open Channel [id: 0xcc51213d, L:/127.0.0.1:55317 - R:localhost/127.0.0.1:56242] for POST '/session/b3ad9296345b8df9c305f15fed2d7d43/element'
16:26:23.461 [AsyncHttpClient-1-9] DEBUG org.asynchttpclient.netty.handler.HttpHandler - 

Request DefaultHttpRequest(decodeResult: success, version: HTTP/1.1)
POST /session/b3ad9296345b8df9c305f15fed2d7d43/element HTTP/1.1
User-Agent: selenium/4.1.2 (java windows)
Content-Length: 63
Content-Type: application/json; charset=utf-8
host: localhost:56242
accept: */*

Response DefaultHttpResponse(decodeResult: success, version: HTTP/1.1)
HTTP/1.1 200 OK
Content-Type: application/json; charset=utf-8
cache-control: no-cache
content-length: 88

16:26:23.461 [AsyncHttpClient-1-9] DEBUG org.asynchttpclient.netty.channel.ChannelManager - Adding key: http://localhost:56242 for channel [id: 0xcc51213d, L:/127.0.0.1:55317 - R:localhost/127.0.0.1:56242]
16:26:23.469 [Forwarding isElementDisplayed on session b3ad9296345b8df9c305f15fed2d7d43 to remote] DEBUG org.asynchttpclient.netty.request.NettyRequestSender - Using pooled Channel '[id: 0xcc51213d, L:/127.0.0.1:55317 - R:localhost/127.0.0.1:56242]' for 'POST' to 'http://localhost:56242/session/b3ad9296345b8df9c305f15fed2d7d43/execute/sync'
16:26:23.471 [Forwarding isElementDisplayed on session b3ad9296345b8df9c305f15fed2d7d43 to remote] DEBUG org.asynchttpclient.netty.request.NettyRequestSender - Using open Channel [id: 0xcc51213d, L:/127.0.0.1:55317 - R:localhost/127.0.0.1:56242] for POST '/session/b3ad9296345b8df9c305f15fed2d7d43/execute/sync'
16:26:23.482 [AsyncHttpClient-1-9] DEBUG org.asynchttpclient.netty.handler.HttpHandler - 

Request DefaultHttpRequest(decodeResult: success, version: HTTP/1.1)
POST /session/b3ad9296345b8df9c305f15fed2d7d43/execute/sync HTTP/1.1
User-Agent: selenium/4.1.2 (java windows)
Content-Length: 48780
Content-Type: application/json; charset=utf-8
host: localhost:56242
accept: */*

Response DefaultHttpResponse(decodeResult: success, version: HTTP/1.1)
HTTP/1.1 200 OK
Content-Type: application/json; charset=utf-8
cache-control: no-cache
content-length: 14

16:26:23.482 [AsyncHttpClient-1-9] DEBUG org.asynchttpclient.netty.channel.ChannelManager - Adding key: http://localhost:56242 for channel [id: 0xcc51213d, L:/127.0.0.1:55317 - R:localhost/127.0.0.1:56242]
16:26:23.482 [main] DEBUG net.thucydides.core.steps.StepInterceptor - STEP DONE: errorMessageAppears
  &amp#27;[32mThen &amp#27;[0m&amp#27;[32mI Get the &amp#27;[0m&amp#27;[32m&amp#27;[1m"register page"&amp#27;[0m    &amp#27;[90m# Starter.StepDefinitions.RegisterStep.iGetThe(java.lang.String)&amp#27;[0m
16:26:23.496 [AsyncHttpClient-1-3] DEBUG org.asynchttpclient.netty.handler.WebSocketHandler - Channel Closed: [id: 0xf3cb8888, L:/127.0.0.1:55325 ! R:localhost/127.0.0.1:55318] with attribute NettyResponseFuture{currentRetry=5,
	isDone=1,
	isCancelled=0,
	asyncHandler=org.asynchttpclient.ws.WebSocketUpgradeHandler@101ac966,
	nettyRequest=org.asynchttpclient.netty.request.NettyRequest@1535b112,
	future=java.util.concurrent.CompletableFuture@3cdb64e6[Completed normally],
	uri=ws://localhost:55318/devtools/browser/94ac23ca-3019-4321-bce2-5475bb64550c,
	keepAlive=true,
	redirectCount=0,
	timeoutsHolder=null,
	inAuth=0,
	touch=1653038780445}
16:26:23.496 [AsyncHttpClient-1-3] DEBUG org.asynchttpclient.netty.channel.ChannelManager - Closing Channel [id: 0xf3cb8888, L:/127.0.0.1:55325 ! R:localhost/127.0.0.1:55318] 
16:26:23.496 [Driver Command Executor] DEBUG org.asynchttpclient.netty.request.NettyRequestSender - Using pooled Channel '[id: 0xcc51213d, L:/127.0.0.1:55317 - R:localhost/127.0.0.1:56242]' for 'DELETE' to 'http://localhost:56242/session/b3ad9296345b8df9c305f15fed2d7d43'
16:26:23.496 [Driver Command Executor] DEBUG org.asynchttpclient.netty.request.NettyRequestSender - Using open Channel [id: 0xcc51213d, L:/127.0.0.1:55317 - R:localhost/127.0.0.1:56242] for DELETE '/session/b3ad9296345b8df9c305f15fed2d7d43'
16:26:23.523 [AsyncHttpClient-1-1] DEBUG org.asynchttpclient.netty.channel.DefaultChannelPool - Entry count for : http://localhost:55318 : 1
16:26:23.576 [AsyncHttpClient-1-2] DEBUG org.asynchttpclient.netty.handler.HttpHandler - Unexpected I/O exception on channel [id: 0x8799758a, L:/127.0.0.1:55324 - R:localhost/127.0.0.1:55318]
java.net.SocketException: Connection reset
	at java.base/sun.nio.ch.SocketChannelImpl.throwConnectionReset(SocketChannelImpl.java:367)
	at java.base/sun.nio.ch.SocketChannelImpl.read(SocketChannelImpl.java:398)
	at io.netty.buffer.PooledByteBuf.setBytes(PooledByteBuf.java:258)
	at io.netty.buffer.AbstractByteBuf.writeBytes(AbstractByteBuf.java:1132)
	at io.netty.channel.socket.nio.NioSocketChannel.doReadBytes(NioSocketChannel.java:350)
	at io.netty.channel.nio.AbstractNioByteChannel$NioByteUnsafe.read(AbstractNioByteChannel.java:151)
	at io.netty.channel.nio.NioEventLoop.processSelectedKey(NioEventLoop.java:722)
	at io.netty.channel.nio.NioEventLoop.processSelectedKeysOptimized(NioEventLoop.java:658)
	at io.netty.channel.nio.NioEventLoop.processSelectedKeys(NioEventLoop.java:584)
	at io.netty.channel.nio.NioEventLoop.run(NioEventLoop.java:496)
	at io.netty.util.concurrent.SingleThreadEventExecutor$4.run(SingleThreadEventExecutor.java:986)
	at io.netty.util.internal.ThreadExecutorMap$2.run(ThreadExecutorMap.java:74)
	at io.netty.util.concurrent.FastThreadLocalRunnable.run(FastThreadLocalRunnable.java:30)
	at java.base/java.lang.Thread.run(Thread.java:832)
16:26:23.576 [AsyncHttpClient-1-2] DEBUG org.asynchttpclient.netty.channel.ChannelManager - Closing Channel [id: 0x8799758a, L:/127.0.0.1:55324 - R:localhost/127.0.0.1:55318] 
16:26:23.576 [AsyncHttpClient-1-2] DEBUG org.asynchttpclient.netty.handler.HttpHandler - Channel Closed: [id: 0x8799758a, L:/127.0.0.1:55324 ! R:localhost/127.0.0.1:55318] with attribute DISCARD
16:26:23.586 [AsyncHttpClient-1-9] DEBUG org.asynchttpclient.netty.handler.HttpHandler - 

Request DefaultFullHttpRequest(decodeResult: success, version: HTTP/1.1, content: EmptyByteBufBE)
DELETE /session/b3ad9296345b8df9c305f15fed2d7d43 HTTP/1.1
User-Agent: selenium/4.1.2 (java windows)
Content-Type: application/json; charset=utf-8
host: localhost:56242
accept: */*

Response DefaultHttpResponse(decodeResult: success, version: HTTP/1.1)
HTTP/1.1 200 OK
Content-Type: application/json; charset=utf-8
cache-control: no-cache
content-length: 14

16:26:23.586 [AsyncHttpClient-1-9] DEBUG org.asynchttpclient.netty.channel.ChannelManager - Adding key: http://localhost:56242 for channel [id: 0xcc51213d, L:/127.0.0.1:55317 - R:localhost/127.0.0.1:56242]
16:26:23.678 [AsyncHttpClient-1-9] DEBUG org.asynchttpclient.netty.handler.HttpHandler - Channel Closed: [id: 0xcc51213d, L:/127.0.0.1:55317 ! R:localhost/127.0.0.1:56242] with attribute DISCARD
]]></system-out>
    <system-err><![CDATA[Starting ChromeDriver 101.0.4951.41 (93c720db8323b3ec10d056025ab95c23a31997c9-refs/branch-heads/4951@{#904}) on port 56242
Only local connections are allowed.
Please see https://chromedriver.chromium.org/security-considerations for suggestions on keeping ChromeDriver safe.
ChromeDriver was started successfully.
May 20, 2022 4:26:20 PM org.openqa.selenium.remote.ProtocolHandshake createSession
INFO: Detected dialect: W3C
May 20, 2022 4:26:20 PM org.openqa.selenium.devtools.CdpVersionFinder findNearestMatch
WARNING: Unable to find an exact match for CDP version 101, so returning the closest version found: 97
May 20, 2022 4:26:20 PM org.openqa.selenium.devtools.CdpVersionFinder findNearestMatch
INFO: Found CDP implementation for version 101 of 97
]]></system-err>
  </testcase>
  <testcase name="Register scenario #5" classname="Register" time="4.75">
    <system-out><![CDATA[
@Register
Scenario Outline: Register scenario &amp#27;[90m# src/test/resources/features/Register.feature:21&amp#27;[0m
16:26:24.215 [main] INFO io.cucumber.core.plugin.SerenityReporter - Running feature from file:///D:/data%20hakim/Mini%20Project%20Alterra/WebAlta/src/test/resources/features/Register.feature
16:26:24.247 [main] INFO net.serenitybdd.core.webdriver.driverproviders.ChromeDriverProvider - Using automatically driver download
16:26:24.358 [main] DEBUG io.github.bonigarcia.wdm.cache.ResolutionCache - Resolution chrome=101 in cache (valid until 17:18:55 20/05/2022 WIB)
16:26:24.374 [main] DEBUG io.github.bonigarcia.wdm.cache.ResolutionCache - Resolution chrome101=101.0.4951.41 in cache (valid until 21:21:16 20/05/2022 WIB)
16:26:24.374 [main] INFO io.github.bonigarcia.wdm.WebDriverManager - Using chromedriver 101.0.4951.41 (resolved driver for Chrome 101)
16:26:24.374 [main] DEBUG io.github.bonigarcia.wdm.WebDriverManager - Driver chromedriver 101.0.4951.41 found in cache
16:26:24.374 [main] INFO io.github.bonigarcia.wdm.WebDriverManager - Exporting webdriver.chrome.driver as C:\Users\hp pc\.cache\selenium\chromedriver\win32\101.0.4951.41\chromedriver.exe
16:26:24.453 [main] DEBUG net.serenitybdd.core.webdriver.driverproviders.ProvideNewDriver - Instantiating driver
16:26:24.453 [main] DEBUG net.serenitybdd.core.webdriver.driverproviders.ProvideNewDriver - Driver capabilities: Capabilities {acceptInsecureCerts: false, base.url: https://qa.alta.id/, browserName: chrome, chrome.driver: src/test/resources/webdrive..., driver: chrome, goog:chromeOptions: {args: [], extensions: []}}
16:26:24.618 [AsyncHttpClient-1-1] DEBUG org.asynchttpclient.netty.channel.DefaultChannelPool - Entry count for : http://localhost:56242 : 1
16:26:24.618 [AsyncHttpClient-1-1] DEBUG org.asynchttpclient.netty.channel.DefaultChannelPool - Entry count for : http://localhost:55318 : 1
16:26:24.618 [AsyncHttpClient-1-1] DEBUG org.asynchttpclient.netty.channel.DefaultChannelPool - Adding Candidate expired Channel [id: 0xcc51213d, L:/127.0.0.1:55317 ! R:localhost/127.0.0.1:56242] isIdleTimeoutExpired=false isRemotelyClosed=true isTtlExpired=false
16:26:24.618 [AsyncHttpClient-1-1] DEBUG org.asynchttpclient.netty.channel.DefaultChannelPool - Closing Idle Channel [id: 0xcc51213d, L:/127.0.0.1:55317 ! R:localhost/127.0.0.1:56242]
16:26:24.618 [AsyncHttpClient-1-1] DEBUG org.asynchttpclient.netty.channel.DefaultChannelPool - Adding Candidate expired Channel [id: 0x8799758a, L:/127.0.0.1:55324 ! R:localhost/127.0.0.1:55318] isIdleTimeoutExpired=false isRemotelyClosed=true isTtlExpired=false
16:26:24.618 [AsyncHttpClient-1-1] DEBUG org.asynchttpclient.netty.channel.DefaultChannelPool - Closing Idle Channel [id: 0x8799758a, L:/127.0.0.1:55324 ! R:localhost/127.0.0.1:55318]
16:26:24.618 [AsyncHttpClient-1-1] DEBUG org.asynchttpclient.netty.channel.DefaultChannelPool - Closed 2 connections out of 2 in 0 ms
16:26:24.997 [AsyncHttpClient-1-4] DEBUG org.asynchttpclient.netty.channel.NettyConnectListener - Using new Channel '[id: 0xd4a9003d, L:/127.0.0.1:55342 - R:localhost/127.0.0.1:50075]' for 'POST' to '/session'
16:26:25.612 [AsyncHttpClient-1-4] DEBUG org.asynchttpclient.netty.handler.HttpHandler - 

Request DefaultHttpRequest(decodeResult: success, version: HTTP/1.1)
POST /session HTTP/1.1
User-Agent: selenium/4.1.2 (java windows)
Content-Length: 605
Content-Type: application/json; charset=utf-8
host: localhost:50075
accept: */*

Response DefaultHttpResponse(decodeResult: success, version: HTTP/1.1)
HTTP/1.1 200 OK
Content-Type: application/json; charset=utf-8
cache-control: no-cache
content-length: 790

16:26:25.613 [AsyncHttpClient-1-4] DEBUG org.asynchttpclient.netty.channel.ChannelManager - Adding key: http://localhost:50075 for channel [id: 0xd4a9003d, L:/127.0.0.1:55342 - R:localhost/127.0.0.1:50075]
16:26:25.619 [AsyncHttpClient-1-5] DEBUG org.asynchttpclient.netty.channel.NettyConnectListener - Using new Channel '[id: 0xf25e19a2, L:/127.0.0.1:55349 - R:localhost/127.0.0.1:55343]' for 'GET' to '/json/version'
16:26:25.619 [AsyncHttpClient-1-5] DEBUG org.asynchttpclient.netty.handler.HttpHandler - 

Request DefaultFullHttpRequest(decodeResult: success, version: HTTP/1.1, content: EmptyByteBufBE)
GET /json/version HTTP/1.1
User-Agent: selenium/4.1.2 (java windows)
host: localhost:55343
accept: */*

Response DefaultHttpResponse(decodeResult: success, version: HTTP/1.1)
HTTP/1.1 200 OK
Content-Type: application/json; charset=UTF-8
content-length: 427

16:26:25.619 [AsyncHttpClient-1-5] DEBUG org.asynchttpclient.netty.channel.ChannelManager - Adding key: http://localhost:55343 for channel [id: 0xf25e19a2, L:/127.0.0.1:55349 - R:localhost/127.0.0.1:55343]
16:26:25.625 [AsyncHttpClient-1-6] DEBUG org.asynchttpclient.netty.channel.NettyConnectListener - Using new Channel '[id: 0x5c7a6b8f, L:/127.0.0.1:55350 - R:localhost/127.0.0.1:55343]' for 'GET' to '/devtools/browser/a136bc0f-d78a-40d1-8e09-f6a3fd930763'
16:26:25.626 [AsyncHttpClient-1-6] DEBUG org.asynchttpclient.netty.handler.WebSocketHandler - 

Request DefaultFullHttpRequest(decodeResult: success, version: HTTP/1.1, content: EmptyByteBufBE)
GET /devtools/browser/a136bc0f-d78a-40d1-8e09-f6a3fd930763 HTTP/1.1
upgrade: websocket
connection: upgrade
sec-websocket-key: p0lkdQ+UhoUzbd8tcyqbBA==
sec-websocket-version: 13
origin: http://localhost:55343
host: localhost:55343
accept: */*
user-agent: AHC/2.1

Response DefaultHttpResponse(decodeResult: success, version: HTTP/1.1)
HTTP/1.1 101 WebSocket Protocol Handshake
Upgrade: WebSocket
Connection: Upgrade
Sec-WebSocket-Accept: /S3cmCzNp2ay4xvsLkhFcRGVnpA=

16:26:25.627 [Forwarding maximizeCurrentWindow on session 81f44c4d67fa2e4e3bf4688690a94013 to remote] DEBUG org.asynchttpclient.netty.request.NettyRequestSender - Using pooled Channel '[id: 0xd4a9003d, L:/127.0.0.1:55342 - R:localhost/127.0.0.1:50075]' for 'POST' to 'http://localhost:50075/session/81f44c4d67fa2e4e3bf4688690a94013/window/maximize'
16:26:25.627 [Forwarding maximizeCurrentWindow on session 81f44c4d67fa2e4e3bf4688690a94013 to remote] DEBUG org.asynchttpclient.netty.request.NettyRequestSender - Using open Channel [id: 0xd4a9003d, L:/127.0.0.1:55342 - R:localhost/127.0.0.1:50075] for POST '/session/81f44c4d67fa2e4e3bf4688690a94013/window/maximize'
16:26:25.729 [AsyncHttpClient-1-1] DEBUG org.asynchttpclient.netty.channel.DefaultChannelPool - Entry count for : http://localhost:55343 : 1
16:26:25.762 [AsyncHttpClient-1-4] DEBUG org.asynchttpclient.netty.handler.HttpHandler - 

Request DefaultHttpRequest(decodeResult: success, version: HTTP/1.1)
POST /session/81f44c4d67fa2e4e3bf4688690a94013/window/maximize HTTP/1.1
User-Agent: selenium/4.1.2 (java windows)
Content-Length: 3
Content-Type: application/json; charset=utf-8
host: localhost:50075
accept: */*

Response DefaultHttpResponse(decodeResult: success, version: HTTP/1.1)
HTTP/1.1 200 OK
Content-Type: application/json; charset=utf-8
cache-control: no-cache
content-length: 51

16:26:25.762 [AsyncHttpClient-1-4] DEBUG org.asynchttpclient.netty.channel.ChannelManager - Adding key: http://localhost:50075 for channel [id: 0xd4a9003d, L:/127.0.0.1:55342 - R:localhost/127.0.0.1:50075]
16:26:25.762 [Forwarding get on session 81f44c4d67fa2e4e3bf4688690a94013 to remote] DEBUG org.asynchttpclient.netty.request.NettyRequestSender - Using pooled Channel '[id: 0xd4a9003d, L:/127.0.0.1:55342 - R:localhost/127.0.0.1:50075]' for 'POST' to 'http://localhost:50075/session/81f44c4d67fa2e4e3bf4688690a94013/url'
16:26:25.762 [Forwarding get on session 81f44c4d67fa2e4e3bf4688690a94013 to remote] DEBUG org.asynchttpclient.netty.request.NettyRequestSender - Using open Channel [id: 0xd4a9003d, L:/127.0.0.1:55342 - R:localhost/127.0.0.1:50075] for POST '/session/81f44c4d67fa2e4e3bf4688690a94013/url'
16:26:26.678 [AsyncHttpClient-1-4] DEBUG org.asynchttpclient.netty.handler.HttpHandler - 

Request DefaultHttpRequest(decodeResult: success, version: HTTP/1.1)
POST /session/81f44c4d67fa2e4e3bf4688690a94013/url HTTP/1.1
User-Agent: selenium/4.1.2 (java windows)
Content-Length: 67
Content-Type: application/json; charset=utf-8
host: localhost:50075
accept: */*

Response DefaultHttpResponse(decodeResult: success, version: HTTP/1.1)
HTTP/1.1 200 OK
Content-Type: application/json; charset=utf-8
cache-control: no-cache
content-length: 14

16:26:26.678 [AsyncHttpClient-1-4] DEBUG org.asynchttpclient.netty.channel.ChannelManager - Adding key: http://localhost:50075 for channel [id: 0xd4a9003d, L:/127.0.0.1:55342 - R:localhost/127.0.0.1:50075]
16:26:26.678 [Forwarding setTimeout on session 81f44c4d67fa2e4e3bf4688690a94013 to remote] DEBUG org.asynchttpclient.netty.request.NettyRequestSender - Using pooled Channel '[id: 0xd4a9003d, L:/127.0.0.1:55342 - R:localhost/127.0.0.1:50075]' for 'POST' to 'http://localhost:50075/session/81f44c4d67fa2e4e3bf4688690a94013/timeouts'
16:26:26.678 [Forwarding setTimeout on session 81f44c4d67fa2e4e3bf4688690a94013 to remote] DEBUG org.asynchttpclient.netty.request.NettyRequestSender - Using open Channel [id: 0xd4a9003d, L:/127.0.0.1:55342 - R:localhost/127.0.0.1:50075] for POST '/session/81f44c4d67fa2e4e3bf4688690a94013/timeouts'
16:26:26.678 [AsyncHttpClient-1-4] DEBUG org.asynchttpclient.netty.handler.HttpHandler - 

Request DefaultHttpRequest(decodeResult: success, version: HTTP/1.1)
POST /session/81f44c4d67fa2e4e3bf4688690a94013/timeouts HTTP/1.1
User-Agent: selenium/4.1.2 (java windows)
Content-Length: 23
Content-Type: application/json; charset=utf-8
host: localhost:50075
accept: */*

Response DefaultHttpResponse(decodeResult: success, version: HTTP/1.1)
HTTP/1.1 200 OK
Content-Type: application/json; charset=utf-8
cache-control: no-cache
content-length: 14

16:26:26.678 [AsyncHttpClient-1-4] DEBUG org.asynchttpclient.netty.channel.ChannelManager - Adding key: http://localhost:50075 for channel [id: 0xd4a9003d, L:/127.0.0.1:55342 - R:localhost/127.0.0.1:50075]
16:26:26.678 [Forwarding getCurrentUrl on session 81f44c4d67fa2e4e3bf4688690a94013 to remote] DEBUG org.asynchttpclient.netty.request.NettyRequestSender - Using pooled Channel '[id: 0xd4a9003d, L:/127.0.0.1:55342 - R:localhost/127.0.0.1:50075]' for 'GET' to 'http://localhost:50075/session/81f44c4d67fa2e4e3bf4688690a94013/url'
16:26:26.678 [Forwarding getCurrentUrl on session 81f44c4d67fa2e4e3bf4688690a94013 to remote] DEBUG org.asynchttpclient.netty.request.NettyRequestSender - Using open Channel [id: 0xd4a9003d, L:/127.0.0.1:55342 - R:localhost/127.0.0.1:50075] for GET '/session/81f44c4d67fa2e4e3bf4688690a94013/url'
16:26:26.685 [AsyncHttpClient-1-4] DEBUG org.asynchttpclient.netty.handler.HttpHandler - 

Request DefaultFullHttpRequest(decodeResult: success, version: HTTP/1.1, content: EmptyByteBufBE)
GET /session/81f44c4d67fa2e4e3bf4688690a94013/url HTTP/1.1
User-Agent: selenium/4.1.2 (java windows)
Cache-Control: no-cache
Content-Type: application/json; charset=utf-8
host: localhost:50075
accept: */*

Response DefaultHttpResponse(decodeResult: success, version: HTTP/1.1)
HTTP/1.1 200 OK
Content-Type: application/json; charset=utf-8
cache-control: no-cache
content-length: 44

16:26:26.685 [AsyncHttpClient-1-4] DEBUG org.asynchttpclient.netty.channel.ChannelManager - Adding key: http://localhost:50075 for channel [id: 0xd4a9003d, L:/127.0.0.1:55342 - R:localhost/127.0.0.1:50075]
16:26:26.687 [Forwarding screenshot on session 81f44c4d67fa2e4e3bf4688690a94013 to remote] DEBUG org.asynchttpclient.netty.request.NettyRequestSender - Using pooled Channel '[id: 0xd4a9003d, L:/127.0.0.1:55342 - R:localhost/127.0.0.1:50075]' for 'GET' to 'http://localhost:50075/session/81f44c4d67fa2e4e3bf4688690a94013/screenshot'
16:26:26.687 [Forwarding screenshot on session 81f44c4d67fa2e4e3bf4688690a94013 to remote] DEBUG org.asynchttpclient.netty.request.NettyRequestSender - Using open Channel [id: 0xd4a9003d, L:/127.0.0.1:55342 - R:localhost/127.0.0.1:50075] for GET '/session/81f44c4d67fa2e4e3bf4688690a94013/screenshot'
16:26:26.815 [AsyncHttpClient-1-1] DEBUG org.asynchttpclient.netty.channel.DefaultChannelPool - Entry count for : http://localhost:55343 : 1
16:26:26.815 [AsyncHttpClient-1-4] DEBUG org.asynchttpclient.netty.handler.HttpHandler - 

Request DefaultFullHttpRequest(decodeResult: success, version: HTTP/1.1, content: EmptyByteBufBE)
GET /session/81f44c4d67fa2e4e3bf4688690a94013/screenshot HTTP/1.1
User-Agent: selenium/4.1.2 (java windows)
Cache-Control: no-cache
Content-Type: application/json; charset=utf-8
host: localhost:50075
accept: */*

Response DefaultHttpResponse(decodeResult: success, version: HTTP/1.1)
HTTP/1.1 200 OK
Content-Type: application/json; charset=utf-8
cache-control: no-cache
content-length: 29612

16:26:26.815 [AsyncHttpClient-1-4] DEBUG org.asynchttpclient.netty.channel.ChannelManager - Adding key: http://localhost:50075 for channel [id: 0xd4a9003d, L:/127.0.0.1:55342 - R:localhost/127.0.0.1:50075]
16:26:26.815 [main] DEBUG net.serenitybdd.core.photography.Darkroom - Send negative for processing for target\site\serenity\fbcccbfc142cbf792a2bfdff1d2e9f24344bbc61d767f43922554c6ad0002405.png
16:26:26.815 [main] DEBUG net.thucydides.core.steps.StepInterceptor - STARTING STEP: RegisterStep.iAmOnTheRegisterPage - validateOnRegisterPage
16:26:26.815 [Forwarding findElement on session 81f44c4d67fa2e4e3bf4688690a94013 to remote] DEBUG org.asynchttpclient.netty.request.NettyRequestSender - Using pooled Channel '[id: 0xd4a9003d, L:/127.0.0.1:55342 - R:localhost/127.0.0.1:50075]' for 'POST' to 'http://localhost:50075/session/81f44c4d67fa2e4e3bf4688690a94013/element'
16:26:26.815 [Forwarding findElement on session 81f44c4d67fa2e4e3bf4688690a94013 to remote] DEBUG org.asynchttpclient.netty.request.NettyRequestSender - Using open Channel [id: 0xd4a9003d, L:/127.0.0.1:55342 - R:localhost/127.0.0.1:50075] for POST '/session/81f44c4d67fa2e4e3bf4688690a94013/element'
16:26:26.831 [AsyncHttpClient-1-4] DEBUG org.asynchttpclient.netty.handler.HttpHandler - 

Request DefaultHttpRequest(decodeResult: success, version: HTTP/1.1)
POST /session/81f44c4d67fa2e4e3bf4688690a94013/element HTTP/1.1
User-Agent: selenium/4.1.2 (java windows)
Content-Length: 164
Content-Type: application/json; charset=utf-8
host: localhost:50075
accept: */*

Response DefaultHttpResponse(decodeResult: success, version: HTTP/1.1)
HTTP/1.1 200 OK
Content-Type: application/json; charset=utf-8
cache-control: no-cache
content-length: 88

16:26:26.831 [AsyncHttpClient-1-4] DEBUG org.asynchttpclient.netty.channel.ChannelManager - Adding key: http://localhost:50075 for channel [id: 0xd4a9003d, L:/127.0.0.1:55342 - R:localhost/127.0.0.1:50075]
16:26:26.831 [Forwarding isElementDisplayed on session 81f44c4d67fa2e4e3bf4688690a94013 to remote] DEBUG org.asynchttpclient.netty.request.NettyRequestSender - Using pooled Channel '[id: 0xd4a9003d, L:/127.0.0.1:55342 - R:localhost/127.0.0.1:50075]' for 'POST' to 'http://localhost:50075/session/81f44c4d67fa2e4e3bf4688690a94013/execute/sync'
16:26:26.831 [Forwarding isElementDisplayed on session 81f44c4d67fa2e4e3bf4688690a94013 to remote] DEBUG org.asynchttpclient.netty.request.NettyRequestSender - Using open Channel [id: 0xd4a9003d, L:/127.0.0.1:55342 - R:localhost/127.0.0.1:50075] for POST '/session/81f44c4d67fa2e4e3bf4688690a94013/execute/sync'
16:26:26.831 [AsyncHttpClient-1-4] DEBUG org.asynchttpclient.netty.handler.HttpHandler - 

Request DefaultHttpRequest(decodeResult: success, version: HTTP/1.1)
POST /session/81f44c4d67fa2e4e3bf4688690a94013/execute/sync HTTP/1.1
User-Agent: selenium/4.1.2 (java windows)
Content-Length: 48780
Content-Type: application/json; charset=utf-8
host: localhost:50075
accept: */*

Response DefaultHttpResponse(decodeResult: success, version: HTTP/1.1)
HTTP/1.1 200 OK
Content-Type: application/json; charset=utf-8
cache-control: no-cache
content-length: 14

16:26:26.831 [AsyncHttpClient-1-4] DEBUG org.asynchttpclient.netty.channel.ChannelManager - Adding key: http://localhost:50075 for channel [id: 0xd4a9003d, L:/127.0.0.1:55342 - R:localhost/127.0.0.1:50075]
16:26:26.847 [main] DEBUG net.thucydides.core.steps.StepInterceptor - STEP DONE: validateOnRegisterPage
  &amp#27;[32mGiven &amp#27;[0m&amp#27;[32mI am on the register page&amp#27;[0m   &amp#27;[90m# Starter.StepDefinitions.RegisterStep.iAmOnTheRegisterPage()&amp#27;[0m
16:26:26.847 [main] DEBUG net.thucydides.core.steps.StepInterceptor - STARTING STEP: RegisterStep.iInputFullName - inputFullName
16:26:26.862 [Forwarding findElement on session 81f44c4d67fa2e4e3bf4688690a94013 to remote] DEBUG org.asynchttpclient.netty.request.NettyRequestSender - Using pooled Channel '[id: 0xd4a9003d, L:/127.0.0.1:55342 - R:localhost/127.0.0.1:50075]' for 'POST' to 'http://localhost:50075/session/81f44c4d67fa2e4e3bf4688690a94013/element'
16:26:26.862 [Forwarding findElement on session 81f44c4d67fa2e4e3bf4688690a94013 to remote] DEBUG org.asynchttpclient.netty.request.NettyRequestSender - Using open Channel [id: 0xd4a9003d, L:/127.0.0.1:55342 - R:localhost/127.0.0.1:50075] for POST '/session/81f44c4d67fa2e4e3bf4688690a94013/element'
16:26:26.862 [AsyncHttpClient-1-4] DEBUG org.asynchttpclient.netty.handler.HttpHandler - 

Request DefaultHttpRequest(decodeResult: success, version: HTTP/1.1)
POST /session/81f44c4d67fa2e4e3bf4688690a94013/element HTTP/1.1
User-Agent: selenium/4.1.2 (java windows)
Content-Length: 98
Content-Type: application/json; charset=utf-8
host: localhost:50075
accept: */*

Response DefaultHttpResponse(decodeResult: success, version: HTTP/1.1)
HTTP/1.1 200 OK
Content-Type: application/json; charset=utf-8
cache-control: no-cache
content-length: 88

16:26:26.862 [AsyncHttpClient-1-4] DEBUG org.asynchttpclient.netty.channel.ChannelManager - Adding key: http://localhost:50075 for channel [id: 0xd4a9003d, L:/127.0.0.1:55342 - R:localhost/127.0.0.1:50075]
16:26:26.862 [Forwarding clearElement on session 81f44c4d67fa2e4e3bf4688690a94013 to remote] DEBUG org.asynchttpclient.netty.request.NettyRequestSender - Using pooled Channel '[id: 0xd4a9003d, L:/127.0.0.1:55342 - R:localhost/127.0.0.1:50075]' for 'POST' to 'http://localhost:50075/session/81f44c4d67fa2e4e3bf4688690a94013/element/b233b424-2013-429f-95b7-1683ee0555b6/clear'
16:26:26.862 [Forwarding clearElement on session 81f44c4d67fa2e4e3bf4688690a94013 to remote] DEBUG org.asynchttpclient.netty.request.NettyRequestSender - Using open Channel [id: 0xd4a9003d, L:/127.0.0.1:55342 - R:localhost/127.0.0.1:50075] for POST '/session/81f44c4d67fa2e4e3bf4688690a94013/element/b233b424-2013-429f-95b7-1683ee0555b6/clear'
16:26:26.895 [AsyncHttpClient-1-4] DEBUG org.asynchttpclient.netty.handler.HttpHandler - 

Request DefaultHttpRequest(decodeResult: success, version: HTTP/1.1)
POST /session/81f44c4d67fa2e4e3bf4688690a94013/element/b233b424-2013-429f-95b7-1683ee0555b6/clear HTTP/1.1
User-Agent: selenium/4.1.2 (java windows)
Content-Length: 50
Content-Type: application/json; charset=utf-8
host: localhost:50075
accept: */*

Response DefaultHttpResponse(decodeResult: success, version: HTTP/1.1)
HTTP/1.1 200 OK
Content-Type: application/json; charset=utf-8
cache-control: no-cache
content-length: 14

16:26:26.895 [AsyncHttpClient-1-4] DEBUG org.asynchttpclient.netty.channel.ChannelManager - Adding key: http://localhost:50075 for channel [id: 0xd4a9003d, L:/127.0.0.1:55342 - R:localhost/127.0.0.1:50075]
16:26:26.895 [Forwarding sendKeysToElement on session 81f44c4d67fa2e4e3bf4688690a94013 to remote] DEBUG org.asynchttpclient.netty.request.NettyRequestSender - Using pooled Channel '[id: 0xd4a9003d, L:/127.0.0.1:55342 - R:localhost/127.0.0.1:50075]' for 'POST' to 'http://localhost:50075/session/81f44c4d67fa2e4e3bf4688690a94013/element/b233b424-2013-429f-95b7-1683ee0555b6/value'
16:26:26.895 [Forwarding sendKeysToElement on session 81f44c4d67fa2e4e3bf4688690a94013 to remote] DEBUG org.asynchttpclient.netty.request.NettyRequestSender - Using open Channel [id: 0xd4a9003d, L:/127.0.0.1:55342 - R:localhost/127.0.0.1:50075] for POST '/session/81f44c4d67fa2e4e3bf4688690a94013/element/b233b424-2013-429f-95b7-1683ee0555b6/value'
16:26:26.935 [AsyncHttpClient-1-4] DEBUG org.asynchttpclient.netty.handler.HttpHandler - 

Request DefaultHttpRequest(decodeResult: success, version: HTTP/1.1)
POST /session/81f44c4d67fa2e4e3bf4688690a94013/element/b233b424-2013-429f-95b7-1683ee0555b6/value HTTP/1.1
User-Agent: selenium/4.1.2 (java windows)
Content-Length: 82
Content-Type: application/json; charset=utf-8
host: localhost:50075
accept: */*

Response DefaultHttpResponse(decodeResult: success, version: HTTP/1.1)
HTTP/1.1 200 OK
Content-Type: application/json; charset=utf-8
cache-control: no-cache
content-length: 14

16:26:26.935 [AsyncHttpClient-1-4] DEBUG org.asynchttpclient.netty.channel.ChannelManager - Adding key: http://localhost:50075 for channel [id: 0xd4a9003d, L:/127.0.0.1:55342 - R:localhost/127.0.0.1:50075]
16:26:26.935 [Forwarding screenshot on session 81f44c4d67fa2e4e3bf4688690a94013 to remote] DEBUG org.asynchttpclient.netty.request.NettyRequestSender - Using pooled Channel '[id: 0xd4a9003d, L:/127.0.0.1:55342 - R:localhost/127.0.0.1:50075]' for 'GET' to 'http://localhost:50075/session/81f44c4d67fa2e4e3bf4688690a94013/screenshot'
16:26:26.935 [Forwarding screenshot on session 81f44c4d67fa2e4e3bf4688690a94013 to remote] DEBUG org.asynchttpclient.netty.request.NettyRequestSender - Using open Channel [id: 0xd4a9003d, L:/127.0.0.1:55342 - R:localhost/127.0.0.1:50075] for GET '/session/81f44c4d67fa2e4e3bf4688690a94013/screenshot'
16:26:27.056 [AsyncHttpClient-1-4] DEBUG org.asynchttpclient.netty.handler.HttpHandler - 

Request DefaultFullHttpRequest(decodeResult: success, version: HTTP/1.1, content: EmptyByteBufBE)
GET /session/81f44c4d67fa2e4e3bf4688690a94013/screenshot HTTP/1.1
User-Agent: selenium/4.1.2 (java windows)
Cache-Control: no-cache
Content-Type: application/json; charset=utf-8
host: localhost:50075
accept: */*

Response DefaultHttpResponse(decodeResult: success, version: HTTP/1.1)
HTTP/1.1 200 OK
Content-Type: application/json; charset=utf-8
cache-control: no-cache
content-length: 29564

16:26:27.056 [AsyncHttpClient-1-4] DEBUG org.asynchttpclient.netty.channel.ChannelManager - Adding key: http://localhost:50075 for channel [id: 0xd4a9003d, L:/127.0.0.1:55342 - R:localhost/127.0.0.1:50075]
16:26:27.056 [main] DEBUG net.serenitybdd.core.photography.Darkroom - Send negative for processing for target\site\serenity\38c5248f006f23129c25491612f643ceff2eff999dadc79af76904503f221d9b.png
16:26:27.056 [main] DEBUG net.thucydides.core.steps.StepInterceptor - STEP DONE: inputFullName
  &amp#27;[32mWhen &amp#27;[0m&amp#27;[32mI input &amp#27;[0m&amp#27;[32m&amp#27;[1m""&amp#27;[0m&amp#27;[32m fullName&amp#27;[0m          &amp#27;[90m# Starter.StepDefinitions.RegisterStep.iInputFullName(java.lang.String)&amp#27;[0m
16:26:27.056 [Darkroom Processing Line] DEBUG net.serenitybdd.core.photography.DarkroomProcessingLine - Processing screenshot image in /var/screenshots/screenshot-16205461873631988842
16:26:27.056 [Darkroom Processing Line] DEBUG net.serenitybdd.core.photography.DarkroomProcessingLine - Saving screenshot to target\site\serenity\38c5248f006f23129c25491612f643ceff2eff999dadc79af76904503f221d9b.png
16:26:27.064 [main] DEBUG net.thucydides.core.steps.StepInterceptor - STARTING STEP: RegisterStep.iInputEmail - inputEmail
16:26:27.064 [Forwarding findElement on session 81f44c4d67fa2e4e3bf4688690a94013 to remote] DEBUG org.asynchttpclient.netty.request.NettyRequestSender - Using pooled Channel '[id: 0xd4a9003d, L:/127.0.0.1:55342 - R:localhost/127.0.0.1:50075]' for 'POST' to 'http://localhost:50075/session/81f44c4d67fa2e4e3bf4688690a94013/element'
16:26:27.064 [Forwarding findElement on session 81f44c4d67fa2e4e3bf4688690a94013 to remote] DEBUG org.asynchttpclient.netty.request.NettyRequestSender - Using open Channel [id: 0xd4a9003d, L:/127.0.0.1:55342 - R:localhost/127.0.0.1:50075] for POST '/session/81f44c4d67fa2e4e3bf4688690a94013/element'
16:26:27.072 [AsyncHttpClient-1-4] DEBUG org.asynchttpclient.netty.handler.HttpHandler - 

Request DefaultHttpRequest(decodeResult: success, version: HTTP/1.1)
POST /session/81f44c4d67fa2e4e3bf4688690a94013/element HTTP/1.1
User-Agent: selenium/4.1.2 (java windows)
Content-Length: 91
Content-Type: application/json; charset=utf-8
host: localhost:50075
accept: */*

Response DefaultHttpResponse(decodeResult: success, version: HTTP/1.1)
HTTP/1.1 200 OK
Content-Type: application/json; charset=utf-8
cache-control: no-cache
content-length: 88

16:26:27.072 [AsyncHttpClient-1-4] DEBUG org.asynchttpclient.netty.channel.ChannelManager - Adding key: http://localhost:50075 for channel [id: 0xd4a9003d, L:/127.0.0.1:55342 - R:localhost/127.0.0.1:50075]
16:26:27.080 [Forwarding clearElement on session 81f44c4d67fa2e4e3bf4688690a94013 to remote] DEBUG org.asynchttpclient.netty.request.NettyRequestSender - Using pooled Channel '[id: 0xd4a9003d, L:/127.0.0.1:55342 - R:localhost/127.0.0.1:50075]' for 'POST' to 'http://localhost:50075/session/81f44c4d67fa2e4e3bf4688690a94013/element/a61e01e9-642e-42b5-96cb-95ff8ef00fa6/clear'
16:26:27.080 [Forwarding clearElement on session 81f44c4d67fa2e4e3bf4688690a94013 to remote] DEBUG org.asynchttpclient.netty.request.NettyRequestSender - Using open Channel [id: 0xd4a9003d, L:/127.0.0.1:55342 - R:localhost/127.0.0.1:50075] for POST '/session/81f44c4d67fa2e4e3bf4688690a94013/element/a61e01e9-642e-42b5-96cb-95ff8ef00fa6/clear'
16:26:27.098 [AsyncHttpClient-1-4] DEBUG org.asynchttpclient.netty.handler.HttpHandler - 

Request DefaultHttpRequest(decodeResult: success, version: HTTP/1.1)
POST /session/81f44c4d67fa2e4e3bf4688690a94013/element/a61e01e9-642e-42b5-96cb-95ff8ef00fa6/clear HTTP/1.1
User-Agent: selenium/4.1.2 (java windows)
Content-Length: 50
Content-Type: application/json; charset=utf-8
host: localhost:50075
accept: */*

Response DefaultHttpResponse(decodeResult: success, version: HTTP/1.1)
HTTP/1.1 200 OK
Content-Type: application/json; charset=utf-8
cache-control: no-cache
content-length: 14

16:26:27.098 [AsyncHttpClient-1-4] DEBUG org.asynchttpclient.netty.channel.ChannelManager - Adding key: http://localhost:50075 for channel [id: 0xd4a9003d, L:/127.0.0.1:55342 - R:localhost/127.0.0.1:50075]
16:26:27.106 [Forwarding sendKeysToElement on session 81f44c4d67fa2e4e3bf4688690a94013 to remote] DEBUG org.asynchttpclient.netty.request.NettyRequestSender - Using pooled Channel '[id: 0xd4a9003d, L:/127.0.0.1:55342 - R:localhost/127.0.0.1:50075]' for 'POST' to 'http://localhost:50075/session/81f44c4d67fa2e4e3bf4688690a94013/element/a61e01e9-642e-42b5-96cb-95ff8ef00fa6/value'
16:26:27.106 [Forwarding sendKeysToElement on session 81f44c4d67fa2e4e3bf4688690a94013 to remote] DEBUG org.asynchttpclient.netty.request.NettyRequestSender - Using open Channel [id: 0xd4a9003d, L:/127.0.0.1:55342 - R:localhost/127.0.0.1:50075] for POST '/session/81f44c4d67fa2e4e3bf4688690a94013/element/a61e01e9-642e-42b5-96cb-95ff8ef00fa6/value'
16:26:27.143 [AsyncHttpClient-1-4] DEBUG org.asynchttpclient.netty.handler.HttpHandler - 

Request DefaultHttpRequest(decodeResult: success, version: HTTP/1.1)
POST /session/81f44c4d67fa2e4e3bf4688690a94013/element/a61e01e9-642e-42b5-96cb-95ff8ef00fa6/value HTTP/1.1
User-Agent: selenium/4.1.2 (java windows)
Content-Length: 82
Content-Type: application/json; charset=utf-8
host: localhost:50075
accept: */*

Response DefaultHttpResponse(decodeResult: success, version: HTTP/1.1)
HTTP/1.1 200 OK
Content-Type: application/json; charset=utf-8
cache-control: no-cache
content-length: 14

16:26:27.143 [AsyncHttpClient-1-4] DEBUG org.asynchttpclient.netty.channel.ChannelManager - Adding key: http://localhost:50075 for channel [id: 0xd4a9003d, L:/127.0.0.1:55342 - R:localhost/127.0.0.1:50075]
16:26:27.143 [Forwarding screenshot on session 81f44c4d67fa2e4e3bf4688690a94013 to remote] DEBUG org.asynchttpclient.netty.request.NettyRequestSender - Using pooled Channel '[id: 0xd4a9003d, L:/127.0.0.1:55342 - R:localhost/127.0.0.1:50075]' for 'GET' to 'http://localhost:50075/session/81f44c4d67fa2e4e3bf4688690a94013/screenshot'
16:26:27.143 [Forwarding screenshot on session 81f44c4d67fa2e4e3bf4688690a94013 to remote] DEBUG org.asynchttpclient.netty.request.NettyRequestSender - Using open Channel [id: 0xd4a9003d, L:/127.0.0.1:55342 - R:localhost/127.0.0.1:50075] for GET '/session/81f44c4d67fa2e4e3bf4688690a94013/screenshot'
16:26:27.269 [AsyncHttpClient-1-4] DEBUG org.asynchttpclient.netty.handler.HttpHandler - 

Request DefaultFullHttpRequest(decodeResult: success, version: HTTP/1.1, content: EmptyByteBufBE)
GET /session/81f44c4d67fa2e4e3bf4688690a94013/screenshot HTTP/1.1
User-Agent: selenium/4.1.2 (java windows)
Cache-Control: no-cache
Content-Type: application/json; charset=utf-8
host: localhost:50075
accept: */*

Response DefaultHttpResponse(decodeResult: success, version: HTTP/1.1)
HTTP/1.1 200 OK
Content-Type: application/json; charset=utf-8
cache-control: no-cache
content-length: 30444

16:26:27.269 [AsyncHttpClient-1-4] DEBUG org.asynchttpclient.netty.channel.ChannelManager - Adding key: http://localhost:50075 for channel [id: 0xd4a9003d, L:/127.0.0.1:55342 - R:localhost/127.0.0.1:50075]
16:26:27.269 [main] DEBUG net.serenitybdd.core.photography.Darkroom - Send negative for processing for target\site\serenity\bf8fc5592c451b49a51d49c0d0ac829b221fa24cd9c70147faffccdd0c774bb6.png
16:26:27.269 [main] DEBUG net.thucydides.core.steps.StepInterceptor - STEP DONE: inputEmail
  &amp#27;[32mAnd &amp#27;[0m&amp#27;[32mI input &amp#27;[0m&amp#27;[32m&amp#27;[1m""&amp#27;[0m&amp#27;[32m Email&amp#27;[0m              &amp#27;[90m# Starter.StepDefinitions.RegisterStep.iInputEmail(java.lang.String)&amp#27;[0m
16:26:27.269 [Darkroom Processing Line] DEBUG net.serenitybdd.core.photography.DarkroomProcessingLine - Processing screenshot image in /var/screenshots/screenshot-3073666647558059214
16:26:27.269 [Darkroom Processing Line] DEBUG net.serenitybdd.core.photography.DarkroomProcessingLine - Saving screenshot to target\site\serenity\bf8fc5592c451b49a51d49c0d0ac829b221fa24cd9c70147faffccdd0c774bb6.png
16:26:27.287 [main] DEBUG net.thucydides.core.steps.StepInterceptor - STARTING STEP: RegisterStep.iInputPassword - inputPassword
16:26:27.287 [Forwarding findElement on session 81f44c4d67fa2e4e3bf4688690a94013 to remote] DEBUG org.asynchttpclient.netty.request.NettyRequestSender - Using pooled Channel '[id: 0xd4a9003d, L:/127.0.0.1:55342 - R:localhost/127.0.0.1:50075]' for 'POST' to 'http://localhost:50075/session/81f44c4d67fa2e4e3bf4688690a94013/element'
16:26:27.287 [Forwarding findElement on session 81f44c4d67fa2e4e3bf4688690a94013 to remote] DEBUG org.asynchttpclient.netty.request.NettyRequestSender - Using open Channel [id: 0xd4a9003d, L:/127.0.0.1:55342 - R:localhost/127.0.0.1:50075] for POST '/session/81f44c4d67fa2e4e3bf4688690a94013/element'
16:26:27.302 [AsyncHttpClient-1-4] DEBUG org.asynchttpclient.netty.handler.HttpHandler - 

Request DefaultHttpRequest(decodeResult: success, version: HTTP/1.1)
POST /session/81f44c4d67fa2e4e3bf4688690a94013/element HTTP/1.1
User-Agent: selenium/4.1.2 (java windows)
Content-Length: 94
Content-Type: application/json; charset=utf-8
host: localhost:50075
accept: */*

Response DefaultHttpResponse(decodeResult: success, version: HTTP/1.1)
HTTP/1.1 200 OK
Content-Type: application/json; charset=utf-8
cache-control: no-cache
content-length: 88

16:26:27.302 [AsyncHttpClient-1-4] DEBUG org.asynchttpclient.netty.channel.ChannelManager - Adding key: http://localhost:50075 for channel [id: 0xd4a9003d, L:/127.0.0.1:55342 - R:localhost/127.0.0.1:50075]
16:26:27.302 [Forwarding clearElement on session 81f44c4d67fa2e4e3bf4688690a94013 to remote] DEBUG org.asynchttpclient.netty.request.NettyRequestSender - Using pooled Channel '[id: 0xd4a9003d, L:/127.0.0.1:55342 - R:localhost/127.0.0.1:50075]' for 'POST' to 'http://localhost:50075/session/81f44c4d67fa2e4e3bf4688690a94013/element/18002fe1-7b88-459b-981c-12363dbf9570/clear'
16:26:27.302 [Forwarding clearElement on session 81f44c4d67fa2e4e3bf4688690a94013 to remote] DEBUG org.asynchttpclient.netty.request.NettyRequestSender - Using open Channel [id: 0xd4a9003d, L:/127.0.0.1:55342 - R:localhost/127.0.0.1:50075] for POST '/session/81f44c4d67fa2e4e3bf4688690a94013/element/18002fe1-7b88-459b-981c-12363dbf9570/clear'
16:26:27.337 [AsyncHttpClient-1-4] DEBUG org.asynchttpclient.netty.handler.HttpHandler - 

Request DefaultHttpRequest(decodeResult: success, version: HTTP/1.1)
POST /session/81f44c4d67fa2e4e3bf4688690a94013/element/18002fe1-7b88-459b-981c-12363dbf9570/clear HTTP/1.1
User-Agent: selenium/4.1.2 (java windows)
Content-Length: 50
Content-Type: application/json; charset=utf-8
host: localhost:50075
accept: */*

Response DefaultHttpResponse(decodeResult: success, version: HTTP/1.1)
HTTP/1.1 200 OK
Content-Type: application/json; charset=utf-8
cache-control: no-cache
content-length: 14

16:26:27.337 [AsyncHttpClient-1-4] DEBUG org.asynchttpclient.netty.channel.ChannelManager - Adding key: http://localhost:50075 for channel [id: 0xd4a9003d, L:/127.0.0.1:55342 - R:localhost/127.0.0.1:50075]
16:26:27.346 [Forwarding sendKeysToElement on session 81f44c4d67fa2e4e3bf4688690a94013 to remote] DEBUG org.asynchttpclient.netty.request.NettyRequestSender - Using pooled Channel '[id: 0xd4a9003d, L:/127.0.0.1:55342 - R:localhost/127.0.0.1:50075]' for 'POST' to 'http://localhost:50075/session/81f44c4d67fa2e4e3bf4688690a94013/element/18002fe1-7b88-459b-981c-12363dbf9570/value'
16:26:27.346 [Forwarding sendKeysToElement on session 81f44c4d67fa2e4e3bf4688690a94013 to remote] DEBUG org.asynchttpclient.netty.request.NettyRequestSender - Using open Channel [id: 0xd4a9003d, L:/127.0.0.1:55342 - R:localhost/127.0.0.1:50075] for POST '/session/81f44c4d67fa2e4e3bf4688690a94013/element/18002fe1-7b88-459b-981c-12363dbf9570/value'
16:26:27.379 [AsyncHttpClient-1-4] DEBUG org.asynchttpclient.netty.handler.HttpHandler - 

Request DefaultHttpRequest(decodeResult: success, version: HTTP/1.1)
POST /session/81f44c4d67fa2e4e3bf4688690a94013/element/18002fe1-7b88-459b-981c-12363dbf9570/value HTTP/1.1
User-Agent: selenium/4.1.2 (java windows)
Content-Length: 82
Content-Type: application/json; charset=utf-8
host: localhost:50075
accept: */*

Response DefaultHttpResponse(decodeResult: success, version: HTTP/1.1)
HTTP/1.1 200 OK
Content-Type: application/json; charset=utf-8
cache-control: no-cache
content-length: 14

16:26:27.379 [AsyncHttpClient-1-4] DEBUG org.asynchttpclient.netty.channel.ChannelManager - Adding key: http://localhost:50075 for channel [id: 0xd4a9003d, L:/127.0.0.1:55342 - R:localhost/127.0.0.1:50075]
16:26:27.379 [Forwarding screenshot on session 81f44c4d67fa2e4e3bf4688690a94013 to remote] DEBUG org.asynchttpclient.netty.request.NettyRequestSender - Using pooled Channel '[id: 0xd4a9003d, L:/127.0.0.1:55342 - R:localhost/127.0.0.1:50075]' for 'GET' to 'http://localhost:50075/session/81f44c4d67fa2e4e3bf4688690a94013/screenshot'
16:26:27.379 [Forwarding screenshot on session 81f44c4d67fa2e4e3bf4688690a94013 to remote] DEBUG org.asynchttpclient.netty.request.NettyRequestSender - Using open Channel [id: 0xd4a9003d, L:/127.0.0.1:55342 - R:localhost/127.0.0.1:50075] for GET '/session/81f44c4d67fa2e4e3bf4688690a94013/screenshot'
16:26:27.493 [AsyncHttpClient-1-4] DEBUG org.asynchttpclient.netty.handler.HttpHandler - 

Request DefaultFullHttpRequest(decodeResult: success, version: HTTP/1.1, content: EmptyByteBufBE)
GET /session/81f44c4d67fa2e4e3bf4688690a94013/screenshot HTTP/1.1
User-Agent: selenium/4.1.2 (java windows)
Cache-Control: no-cache
Content-Type: application/json; charset=utf-8
host: localhost:50075
accept: */*

Response DefaultHttpResponse(decodeResult: success, version: HTTP/1.1)
HTTP/1.1 200 OK
Content-Type: application/json; charset=utf-8
cache-control: no-cache
content-length: 30224

16:26:27.493 [AsyncHttpClient-1-4] DEBUG org.asynchttpclient.netty.channel.ChannelManager - Adding key: http://localhost:50075 for channel [id: 0xd4a9003d, L:/127.0.0.1:55342 - R:localhost/127.0.0.1:50075]
16:26:27.493 [main] DEBUG net.serenitybdd.core.photography.Darkroom - Send negative for processing for target\site\serenity\f48ad36efa4e7f6f687d79add1e5a77e1ac8f8049d60df7e211537a8bad230da.png
16:26:27.493 [main] DEBUG net.thucydides.core.steps.StepInterceptor - STEP DONE: inputPassword
  &amp#27;[32mAnd &amp#27;[0m&amp#27;[32mI input &amp#27;[0m&amp#27;[32m&amp#27;[1m""&amp#27;[0m&amp#27;[32m Password&amp#27;[0m           &amp#27;[90m# Starter.StepDefinitions.RegisterStep.iInputPassword(java.lang.String)&amp#27;[0m
16:26:27.501 [Darkroom Processing Line] DEBUG net.serenitybdd.core.photography.DarkroomProcessingLine - Processing screenshot image in /var/screenshots/screenshot-17974029369096797445
16:26:27.501 [Darkroom Processing Line] DEBUG net.serenitybdd.core.photography.DarkroomProcessingLine - Saving screenshot to target\site\serenity\f48ad36efa4e7f6f687d79add1e5a77e1ac8f8049d60df7e211537a8bad230da.png
16:26:27.510 [main] DEBUG net.thucydides.core.steps.StepInterceptor - STARTING STEP: RegisterStep.clickRegisterButton - scrollTo
16:26:27.510 [Forwarding findElement on session 81f44c4d67fa2e4e3bf4688690a94013 to remote] DEBUG org.asynchttpclient.netty.request.NettyRequestSender - Using pooled Channel '[id: 0xd4a9003d, L:/127.0.0.1:55342 - R:localhost/127.0.0.1:50075]' for 'POST' to 'http://localhost:50075/session/81f44c4d67fa2e4e3bf4688690a94013/element'
16:26:27.510 [Forwarding findElement on session 81f44c4d67fa2e4e3bf4688690a94013 to remote] DEBUG org.asynchttpclient.netty.request.NettyRequestSender - Using open Channel [id: 0xd4a9003d, L:/127.0.0.1:55342 - R:localhost/127.0.0.1:50075] for POST '/session/81f44c4d67fa2e4e3bf4688690a94013/element'
16:26:27.518 [AsyncHttpClient-1-4] DEBUG org.asynchttpclient.netty.handler.HttpHandler - 

Request DefaultHttpRequest(decodeResult: success, version: HTTP/1.1)
POST /session/81f44c4d67fa2e4e3bf4688690a94013/element HTTP/1.1
User-Agent: selenium/4.1.2 (java windows)
Content-Length: 73
Content-Type: application/json; charset=utf-8
host: localhost:50075
accept: */*

Response DefaultHttpResponse(decodeResult: success, version: HTTP/1.1)
HTTP/1.1 200 OK
Content-Type: application/json; charset=utf-8
cache-control: no-cache
content-length: 88

16:26:27.518 [AsyncHttpClient-1-4] DEBUG org.asynchttpclient.netty.channel.ChannelManager - Adding key: http://localhost:50075 for channel [id: 0xd4a9003d, L:/127.0.0.1:55342 - R:localhost/127.0.0.1:50075]
16:26:27.518 [Forwarding actions on session 81f44c4d67fa2e4e3bf4688690a94013 to remote] DEBUG org.asynchttpclient.netty.request.NettyRequestSender - Using pooled Channel '[id: 0xd4a9003d, L:/127.0.0.1:55342 - R:localhost/127.0.0.1:50075]' for 'POST' to 'http://localhost:50075/session/81f44c4d67fa2e4e3bf4688690a94013/actions'
16:26:27.518 [Forwarding actions on session 81f44c4d67fa2e4e3bf4688690a94013 to remote] DEBUG org.asynchttpclient.netty.request.NettyRequestSender - Using open Channel [id: 0xd4a9003d, L:/127.0.0.1:55342 - R:localhost/127.0.0.1:50075] for POST '/session/81f44c4d67fa2e4e3bf4688690a94013/actions'
16:26:27.647 [AsyncHttpClient-1-4] DEBUG org.asynchttpclient.netty.handler.HttpHandler - 

Request DefaultHttpRequest(decodeResult: success, version: HTTP/1.1)
POST /session/81f44c4d67fa2e4e3bf4688690a94013/actions HTTP/1.1
User-Agent: selenium/4.1.2 (java windows)
Content-Length: 480
Content-Type: application/json; charset=utf-8
host: localhost:50075
accept: */*

Response DefaultHttpResponse(decodeResult: success, version: HTTP/1.1)
HTTP/1.1 200 OK
Content-Type: application/json; charset=utf-8
cache-control: no-cache
content-length: 14

16:26:27.647 [AsyncHttpClient-1-4] DEBUG org.asynchttpclient.netty.channel.ChannelManager - Adding key: http://localhost:50075 for channel [id: 0xd4a9003d, L:/127.0.0.1:55342 - R:localhost/127.0.0.1:50075]
16:26:27.647 [Forwarding screenshot on session 81f44c4d67fa2e4e3bf4688690a94013 to remote] DEBUG org.asynchttpclient.netty.request.NettyRequestSender - Using pooled Channel '[id: 0xd4a9003d, L:/127.0.0.1:55342 - R:localhost/127.0.0.1:50075]' for 'GET' to 'http://localhost:50075/session/81f44c4d67fa2e4e3bf4688690a94013/screenshot'
16:26:27.647 [Forwarding screenshot on session 81f44c4d67fa2e4e3bf4688690a94013 to remote] DEBUG org.asynchttpclient.netty.request.NettyRequestSender - Using open Channel [id: 0xd4a9003d, L:/127.0.0.1:55342 - R:localhost/127.0.0.1:50075] for GET '/session/81f44c4d67fa2e4e3bf4688690a94013/screenshot'
16:26:27.781 [AsyncHttpClient-1-4] DEBUG org.asynchttpclient.netty.handler.HttpHandler - 

Request DefaultFullHttpRequest(decodeResult: success, version: HTTP/1.1, content: EmptyByteBufBE)
GET /session/81f44c4d67fa2e4e3bf4688690a94013/screenshot HTTP/1.1
User-Agent: selenium/4.1.2 (java windows)
Cache-Control: no-cache
Content-Type: application/json; charset=utf-8
host: localhost:50075
accept: */*

Response DefaultHttpResponse(decodeResult: success, version: HTTP/1.1)
HTTP/1.1 200 OK
Content-Type: application/json; charset=utf-8
cache-control: no-cache
content-length: 28712

16:26:27.781 [AsyncHttpClient-1-4] DEBUG org.asynchttpclient.netty.channel.ChannelManager - Adding key: http://localhost:50075 for channel [id: 0xd4a9003d, L:/127.0.0.1:55342 - R:localhost/127.0.0.1:50075]
16:26:27.781 [main] DEBUG net.serenitybdd.core.photography.Darkroom - Send negative for processing for target\site\serenity\16ca4575d3f0d1ae690a4ae7822c9148b37742d9f8e682fe7351249dd0cdf675.png
16:26:27.781 [main] DEBUG net.thucydides.core.steps.StepInterceptor - STEP DONE: scrollTo
16:26:27.781 [Darkroom Processing Line] DEBUG net.serenitybdd.core.photography.DarkroomProcessingLine - Processing screenshot image in /var/screenshots/screenshot-8986124322850219839
16:26:27.781 [Darkroom Processing Line] DEBUG net.serenitybdd.core.photography.DarkroomProcessingLine - Saving screenshot to target\site\serenity\16ca4575d3f0d1ae690a4ae7822c9148b37742d9f8e682fe7351249dd0cdf675.png
16:26:27.784 [main] DEBUG net.thucydides.core.steps.StepInterceptor - STARTING STEP: RegisterStep.clickRegisterButton - clickRegisterButton
16:26:27.784 [Forwarding findElement on session 81f44c4d67fa2e4e3bf4688690a94013 to remote] DEBUG org.asynchttpclient.netty.request.NettyRequestSender - Using pooled Channel '[id: 0xd4a9003d, L:/127.0.0.1:55342 - R:localhost/127.0.0.1:50075]' for 'POST' to 'http://localhost:50075/session/81f44c4d67fa2e4e3bf4688690a94013/element'
16:26:27.784 [Forwarding findElement on session 81f44c4d67fa2e4e3bf4688690a94013 to remote] DEBUG org.asynchttpclient.netty.request.NettyRequestSender - Using open Channel [id: 0xd4a9003d, L:/127.0.0.1:55342 - R:localhost/127.0.0.1:50075] for POST '/session/81f44c4d67fa2e4e3bf4688690a94013/element'
16:26:27.789 [AsyncHttpClient-1-4] DEBUG org.asynchttpclient.netty.handler.HttpHandler - 

Request DefaultHttpRequest(decodeResult: success, version: HTTP/1.1)
POST /session/81f44c4d67fa2e4e3bf4688690a94013/element HTTP/1.1
User-Agent: selenium/4.1.2 (java windows)
Content-Length: 164
Content-Type: application/json; charset=utf-8
host: localhost:50075
accept: */*

Response DefaultHttpResponse(decodeResult: success, version: HTTP/1.1)
HTTP/1.1 200 OK
Content-Type: application/json; charset=utf-8
cache-control: no-cache
content-length: 88

16:26:27.789 [AsyncHttpClient-1-4] DEBUG org.asynchttpclient.netty.channel.ChannelManager - Adding key: http://localhost:50075 for channel [id: 0xd4a9003d, L:/127.0.0.1:55342 - R:localhost/127.0.0.1:50075]
16:26:27.789 [Forwarding getElementTagName on session 81f44c4d67fa2e4e3bf4688690a94013 to remote] DEBUG org.asynchttpclient.netty.request.NettyRequestSender - Using pooled Channel '[id: 0xd4a9003d, L:/127.0.0.1:55342 - R:localhost/127.0.0.1:50075]' for 'GET' to 'http://localhost:50075/session/81f44c4d67fa2e4e3bf4688690a94013/element/c7fb5246-6508-4f36-8955-19ac97fc3a14/name'
16:26:27.789 [Forwarding getElementTagName on session 81f44c4d67fa2e4e3bf4688690a94013 to remote] DEBUG org.asynchttpclient.netty.request.NettyRequestSender - Using open Channel [id: 0xd4a9003d, L:/127.0.0.1:55342 - R:localhost/127.0.0.1:50075] for GET '/session/81f44c4d67fa2e4e3bf4688690a94013/element/c7fb5246-6508-4f36-8955-19ac97fc3a14/name'
16:26:27.797 [AsyncHttpClient-1-4] DEBUG org.asynchttpclient.netty.handler.HttpHandler - 

Request DefaultFullHttpRequest(decodeResult: success, version: HTTP/1.1, content: EmptyByteBufBE)
GET /session/81f44c4d67fa2e4e3bf4688690a94013/element/c7fb5246-6508-4f36-8955-19ac97fc3a14/name HTTP/1.1
User-Agent: selenium/4.1.2 (java windows)
Cache-Control: no-cache
Content-Type: application/json; charset=utf-8
host: localhost:50075
accept: */*

Response DefaultHttpResponse(decodeResult: success, version: HTTP/1.1)
HTTP/1.1 200 OK
Content-Type: application/json; charset=utf-8
cache-control: no-cache
content-length: 16

16:26:27.797 [AsyncHttpClient-1-4] DEBUG org.asynchttpclient.netty.channel.ChannelManager - Adding key: http://localhost:50075 for channel [id: 0xd4a9003d, L:/127.0.0.1:55342 - R:localhost/127.0.0.1:50075]
16:26:27.797 [Forwarding getElementTagName on session 81f44c4d67fa2e4e3bf4688690a94013 to remote] DEBUG org.asynchttpclient.netty.request.NettyRequestSender - Using pooled Channel '[id: 0xd4a9003d, L:/127.0.0.1:55342 - R:localhost/127.0.0.1:50075]' for 'GET' to 'http://localhost:50075/session/81f44c4d67fa2e4e3bf4688690a94013/element/c7fb5246-6508-4f36-8955-19ac97fc3a14/name'
16:26:27.797 [Forwarding getElementTagName on session 81f44c4d67fa2e4e3bf4688690a94013 to remote] DEBUG org.asynchttpclient.netty.request.NettyRequestSender - Using open Channel [id: 0xd4a9003d, L:/127.0.0.1:55342 - R:localhost/127.0.0.1:50075] for GET '/session/81f44c4d67fa2e4e3bf4688690a94013/element/c7fb5246-6508-4f36-8955-19ac97fc3a14/name'
16:26:27.797 [AsyncHttpClient-1-4] DEBUG org.asynchttpclient.netty.handler.HttpHandler - 

Request DefaultFullHttpRequest(decodeResult: success, version: HTTP/1.1, content: EmptyByteBufBE)
GET /session/81f44c4d67fa2e4e3bf4688690a94013/element/c7fb5246-6508-4f36-8955-19ac97fc3a14/name HTTP/1.1
User-Agent: selenium/4.1.2 (java windows)
Cache-Control: no-cache
Content-Type: application/json; charset=utf-8
host: localhost:50075
accept: */*

Response DefaultHttpResponse(decodeResult: success, version: HTTP/1.1)
HTTP/1.1 200 OK
Content-Type: application/json; charset=utf-8
cache-control: no-cache
content-length: 16

16:26:27.797 [AsyncHttpClient-1-4] DEBUG org.asynchttpclient.netty.channel.ChannelManager - Adding key: http://localhost:50075 for channel [id: 0xd4a9003d, L:/127.0.0.1:55342 - R:localhost/127.0.0.1:50075]
16:26:27.806 [Forwarding findElement on session 81f44c4d67fa2e4e3bf4688690a94013 to remote] DEBUG org.asynchttpclient.netty.request.NettyRequestSender - Using pooled Channel '[id: 0xd4a9003d, L:/127.0.0.1:55342 - R:localhost/127.0.0.1:50075]' for 'POST' to 'http://localhost:50075/session/81f44c4d67fa2e4e3bf4688690a94013/element'
16:26:27.806 [Forwarding findElement on session 81f44c4d67fa2e4e3bf4688690a94013 to remote] DEBUG org.asynchttpclient.netty.request.NettyRequestSender - Using open Channel [id: 0xd4a9003d, L:/127.0.0.1:55342 - R:localhost/127.0.0.1:50075] for POST '/session/81f44c4d67fa2e4e3bf4688690a94013/element'
16:26:27.806 [AsyncHttpClient-1-4] DEBUG org.asynchttpclient.netty.handler.HttpHandler - 

Request DefaultHttpRequest(decodeResult: success, version: HTTP/1.1)
POST /session/81f44c4d67fa2e4e3bf4688690a94013/element HTTP/1.1
User-Agent: selenium/4.1.2 (java windows)
Content-Length: 164
Content-Type: application/json; charset=utf-8
host: localhost:50075
accept: */*

Response DefaultHttpResponse(decodeResult: success, version: HTTP/1.1)
HTTP/1.1 200 OK
Content-Type: application/json; charset=utf-8
cache-control: no-cache
content-length: 88

16:26:27.806 [AsyncHttpClient-1-4] DEBUG org.asynchttpclient.netty.channel.ChannelManager - Adding key: http://localhost:50075 for channel [id: 0xd4a9003d, L:/127.0.0.1:55342 - R:localhost/127.0.0.1:50075]
16:26:27.806 [Forwarding clickElement on session 81f44c4d67fa2e4e3bf4688690a94013 to remote] DEBUG org.asynchttpclient.netty.request.NettyRequestSender - Using pooled Channel '[id: 0xd4a9003d, L:/127.0.0.1:55342 - R:localhost/127.0.0.1:50075]' for 'POST' to 'http://localhost:50075/session/81f44c4d67fa2e4e3bf4688690a94013/element/c7fb5246-6508-4f36-8955-19ac97fc3a14/click'
16:26:27.806 [Forwarding clickElement on session 81f44c4d67fa2e4e3bf4688690a94013 to remote] DEBUG org.asynchttpclient.netty.request.NettyRequestSender - Using open Channel [id: 0xd4a9003d, L:/127.0.0.1:55342 - R:localhost/127.0.0.1:50075] for POST '/session/81f44c4d67fa2e4e3bf4688690a94013/element/c7fb5246-6508-4f36-8955-19ac97fc3a14/click'
16:26:27.847 [AsyncHttpClient-1-4] DEBUG org.asynchttpclient.netty.handler.HttpHandler - 

Request DefaultHttpRequest(decodeResult: success, version: HTTP/1.1)
POST /session/81f44c4d67fa2e4e3bf4688690a94013/element/c7fb5246-6508-4f36-8955-19ac97fc3a14/click HTTP/1.1
User-Agent: selenium/4.1.2 (java windows)
Content-Length: 50
Content-Type: application/json; charset=utf-8
host: localhost:50075
accept: */*

Response DefaultHttpResponse(decodeResult: success, version: HTTP/1.1)
HTTP/1.1 200 OK
Content-Type: application/json; charset=utf-8
cache-control: no-cache
content-length: 14

16:26:27.847 [AsyncHttpClient-1-4] DEBUG org.asynchttpclient.netty.channel.ChannelManager - Adding key: http://localhost:50075 for channel [id: 0xd4a9003d, L:/127.0.0.1:55342 - R:localhost/127.0.0.1:50075]
16:26:27.847 [Forwarding screenshot on session 81f44c4d67fa2e4e3bf4688690a94013 to remote] DEBUG org.asynchttpclient.netty.request.NettyRequestSender - Using pooled Channel '[id: 0xd4a9003d, L:/127.0.0.1:55342 - R:localhost/127.0.0.1:50075]' for 'GET' to 'http://localhost:50075/session/81f44c4d67fa2e4e3bf4688690a94013/screenshot'
16:26:27.847 [Forwarding screenshot on session 81f44c4d67fa2e4e3bf4688690a94013 to remote] DEBUG org.asynchttpclient.netty.request.NettyRequestSender - Using open Channel [id: 0xd4a9003d, L:/127.0.0.1:55342 - R:localhost/127.0.0.1:50075] for GET '/session/81f44c4d67fa2e4e3bf4688690a94013/screenshot'
16:26:27.916 [AsyncHttpClient-1-1] DEBUG org.asynchttpclient.netty.channel.DefaultChannelPool - Entry count for : http://localhost:55343 : 1
16:26:28.008 [AsyncHttpClient-1-4] DEBUG org.asynchttpclient.netty.handler.HttpHandler - 

Request DefaultFullHttpRequest(decodeResult: success, version: HTTP/1.1, content: EmptyByteBufBE)
GET /session/81f44c4d67fa2e4e3bf4688690a94013/screenshot HTTP/1.1
User-Agent: selenium/4.1.2 (java windows)
Cache-Control: no-cache
Content-Type: application/json; charset=utf-8
host: localhost:50075
accept: */*

Response DefaultHttpResponse(decodeResult: success, version: HTTP/1.1)
HTTP/1.1 200 OK
Content-Type: application/json; charset=utf-8
cache-control: no-cache
content-length: 29848

16:26:28.008 [AsyncHttpClient-1-4] DEBUG org.asynchttpclient.netty.channel.ChannelManager - Adding key: http://localhost:50075 for channel [id: 0xd4a9003d, L:/127.0.0.1:55342 - R:localhost/127.0.0.1:50075]
16:26:28.008 [main] DEBUG net.serenitybdd.core.photography.Darkroom - Send negative for processing for target\site\serenity\314edab3d04ce72d00d17ce36cc9401301fc5907bd1c40c2d4b9bc7ffdd3bb24.png
16:26:28.008 [main] DEBUG net.thucydides.core.steps.StepInterceptor - STEP DONE: clickRegisterButton
  &amp#27;[32mAnd &amp#27;[0m&amp#27;[32mclick register button&amp#27;[0m         &amp#27;[90m# Starter.StepDefinitions.RegisterStep.clickRegisterButton()&amp#27;[0m
16:26:28.008 [Darkroom Processing Line] DEBUG net.serenitybdd.core.photography.DarkroomProcessingLine - Processing screenshot image in /var/screenshots/screenshot-15422700960186595105
16:26:28.008 [Darkroom Processing Line] DEBUG net.serenitybdd.core.photography.DarkroomProcessingLine - Saving screenshot to target\site\serenity\314edab3d04ce72d00d17ce36cc9401301fc5907bd1c40c2d4b9bc7ffdd3bb24.png
16:26:28.016 [main] DEBUG net.thucydides.core.steps.StepInterceptor - STARTING STEP: RegisterStep.iGetThe - errorFieldAlert
16:26:28.016 [Forwarding setTimeout on session 81f44c4d67fa2e4e3bf4688690a94013 to remote] DEBUG org.asynchttpclient.netty.request.NettyRequestSender - Using pooled Channel '[id: 0xd4a9003d, L:/127.0.0.1:55342 - R:localhost/127.0.0.1:50075]' for 'POST' to 'http://localhost:50075/session/81f44c4d67fa2e4e3bf4688690a94013/timeouts'
16:26:28.016 [Forwarding setTimeout on session 81f44c4d67fa2e4e3bf4688690a94013 to remote] DEBUG org.asynchttpclient.netty.request.NettyRequestSender - Using open Channel [id: 0xd4a9003d, L:/127.0.0.1:55342 - R:localhost/127.0.0.1:50075] for POST '/session/81f44c4d67fa2e4e3bf4688690a94013/timeouts'
16:26:28.016 [AsyncHttpClient-1-4] DEBUG org.asynchttpclient.netty.handler.HttpHandler - 

Request DefaultHttpRequest(decodeResult: success, version: HTTP/1.1)
POST /session/81f44c4d67fa2e4e3bf4688690a94013/timeouts HTTP/1.1
User-Agent: selenium/4.1.2 (java windows)
Content-Length: 23
Content-Type: application/json; charset=utf-8
host: localhost:50075
accept: */*

Response DefaultHttpResponse(decodeResult: success, version: HTTP/1.1)
HTTP/1.1 200 OK
Content-Type: application/json; charset=utf-8
cache-control: no-cache
content-length: 14

16:26:28.016 [AsyncHttpClient-1-4] DEBUG org.asynchttpclient.netty.channel.ChannelManager - Adding key: http://localhost:50075 for channel [id: 0xd4a9003d, L:/127.0.0.1:55342 - R:localhost/127.0.0.1:50075]
16:26:28.024 [Forwarding findElement on session 81f44c4d67fa2e4e3bf4688690a94013 to remote] DEBUG org.asynchttpclient.netty.request.NettyRequestSender - Using pooled Channel '[id: 0xd4a9003d, L:/127.0.0.1:55342 - R:localhost/127.0.0.1:50075]' for 'POST' to 'http://localhost:50075/session/81f44c4d67fa2e4e3bf4688690a94013/element'
16:26:28.024 [Forwarding findElement on session 81f44c4d67fa2e4e3bf4688690a94013 to remote] DEBUG org.asynchttpclient.netty.request.NettyRequestSender - Using open Channel [id: 0xd4a9003d, L:/127.0.0.1:55342 - R:localhost/127.0.0.1:50075] for POST '/session/81f44c4d67fa2e4e3bf4688690a94013/element'
16:26:28.030 [AsyncHttpClient-1-4] DEBUG org.asynchttpclient.netty.handler.HttpHandler - 

Request DefaultHttpRequest(decodeResult: success, version: HTTP/1.1)
POST /session/81f44c4d67fa2e4e3bf4688690a94013/element HTTP/1.1
User-Agent: selenium/4.1.2 (java windows)
Content-Length: 53
Content-Type: application/json; charset=utf-8
host: localhost:50075
accept: */*

Response DefaultHttpResponse(decodeResult: success, version: HTTP/1.1)
HTTP/1.1 400 Bad Request
Content-Type: application/json; charset=utf-8
cache-control: no-cache
content-length: 957

16:26:28.031 [AsyncHttpClient-1-4] DEBUG org.asynchttpclient.netty.channel.ChannelManager - Adding key: http://localhost:50075 for channel [id: 0xd4a9003d, L:/127.0.0.1:55342 - R:localhost/127.0.0.1:50075]
16:26:28.031 [Forwarding findElement on session 81f44c4d67fa2e4e3bf4688690a94013 to remote] DEBUG org.asynchttpclient.netty.request.NettyRequestSender - Using pooled Channel '[id: 0xd4a9003d, L:/127.0.0.1:55342 - R:localhost/127.0.0.1:50075]' for 'POST' to 'http://localhost:50075/session/81f44c4d67fa2e4e3bf4688690a94013/element'
16:26:28.031 [Forwarding findElement on session 81f44c4d67fa2e4e3bf4688690a94013 to remote] DEBUG org.asynchttpclient.netty.request.NettyRequestSender - Using open Channel [id: 0xd4a9003d, L:/127.0.0.1:55342 - R:localhost/127.0.0.1:50075] for POST '/session/81f44c4d67fa2e4e3bf4688690a94013/element'
16:26:28.041 [AsyncHttpClient-1-4] DEBUG org.asynchttpclient.netty.handler.HttpHandler - 

Request DefaultHttpRequest(decodeResult: success, version: HTTP/1.1)
POST /session/81f44c4d67fa2e4e3bf4688690a94013/element HTTP/1.1
User-Agent: selenium/4.1.2 (java windows)
Content-Length: 63
Content-Type: application/json; charset=utf-8
host: localhost:50075
accept: */*

Response DefaultHttpResponse(decodeResult: success, version: HTTP/1.1)
HTTP/1.1 200 OK
Content-Type: application/json; charset=utf-8
cache-control: no-cache
content-length: 88

16:26:28.041 [AsyncHttpClient-1-4] DEBUG org.asynchttpclient.netty.channel.ChannelManager - Adding key: http://localhost:50075 for channel [id: 0xd4a9003d, L:/127.0.0.1:55342 - R:localhost/127.0.0.1:50075]
16:26:28.041 [Forwarding isElementSelected on session 81f44c4d67fa2e4e3bf4688690a94013 to remote] DEBUG org.asynchttpclient.netty.request.NettyRequestSender - Using pooled Channel '[id: 0xd4a9003d, L:/127.0.0.1:55342 - R:localhost/127.0.0.1:50075]' for 'GET' to 'http://localhost:50075/session/81f44c4d67fa2e4e3bf4688690a94013/element/e1a9f08c-2897-4325-b4ca-61620382e383/selected'
16:26:28.041 [Forwarding isElementSelected on session 81f44c4d67fa2e4e3bf4688690a94013 to remote] DEBUG org.asynchttpclient.netty.request.NettyRequestSender - Using open Channel [id: 0xd4a9003d, L:/127.0.0.1:55342 - R:localhost/127.0.0.1:50075] for GET '/session/81f44c4d67fa2e4e3bf4688690a94013/element/e1a9f08c-2897-4325-b4ca-61620382e383/selected'
16:26:28.049 [AsyncHttpClient-1-4] DEBUG org.asynchttpclient.netty.handler.HttpHandler - 

Request DefaultFullHttpRequest(decodeResult: success, version: HTTP/1.1, content: EmptyByteBufBE)
GET /session/81f44c4d67fa2e4e3bf4688690a94013/element/e1a9f08c-2897-4325-b4ca-61620382e383/selected HTTP/1.1
User-Agent: selenium/4.1.2 (java windows)
Cache-Control: no-cache
Content-Type: application/json; charset=utf-8
host: localhost:50075
accept: */*

Response DefaultHttpResponse(decodeResult: success, version: HTTP/1.1)
HTTP/1.1 200 OK
Content-Type: application/json; charset=utf-8
cache-control: no-cache
content-length: 15

16:26:28.049 [AsyncHttpClient-1-4] DEBUG org.asynchttpclient.netty.channel.ChannelManager - Adding key: http://localhost:50075 for channel [id: 0xd4a9003d, L:/127.0.0.1:55342 - R:localhost/127.0.0.1:50075]
16:26:28.057 [main] DEBUG net.thucydides.core.steps.StepInterceptor - STEP DONE: errorFieldAlert
16:26:28.057 [main] DEBUG net.thucydides.core.steps.StepInterceptor - STARTING STEP: RegisterStep.iGetThe - errorMessageAppears
16:26:28.057 [Forwarding setTimeout on session 81f44c4d67fa2e4e3bf4688690a94013 to remote] DEBUG org.asynchttpclient.netty.request.NettyRequestSender - Using pooled Channel '[id: 0xd4a9003d, L:/127.0.0.1:55342 - R:localhost/127.0.0.1:50075]' for 'POST' to 'http://localhost:50075/session/81f44c4d67fa2e4e3bf4688690a94013/timeouts'
16:26:28.057 [Forwarding setTimeout on session 81f44c4d67fa2e4e3bf4688690a94013 to remote] DEBUG org.asynchttpclient.netty.request.NettyRequestSender - Using open Channel [id: 0xd4a9003d, L:/127.0.0.1:55342 - R:localhost/127.0.0.1:50075] for POST '/session/81f44c4d67fa2e4e3bf4688690a94013/timeouts'
16:26:28.057 [AsyncHttpClient-1-4] DEBUG org.asynchttpclient.netty.handler.HttpHandler - 

Request DefaultHttpRequest(decodeResult: success, version: HTTP/1.1)
POST /session/81f44c4d67fa2e4e3bf4688690a94013/timeouts HTTP/1.1
User-Agent: selenium/4.1.2 (java windows)
Content-Length: 23
Content-Type: application/json; charset=utf-8
host: localhost:50075
accept: */*

Response DefaultHttpResponse(decodeResult: success, version: HTTP/1.1)
HTTP/1.1 200 OK
Content-Type: application/json; charset=utf-8
cache-control: no-cache
content-length: 14

16:26:28.057 [AsyncHttpClient-1-4] DEBUG org.asynchttpclient.netty.channel.ChannelManager - Adding key: http://localhost:50075 for channel [id: 0xd4a9003d, L:/127.0.0.1:55342 - R:localhost/127.0.0.1:50075]
16:26:28.065 [Forwarding findElement on session 81f44c4d67fa2e4e3bf4688690a94013 to remote] DEBUG org.asynchttpclient.netty.request.NettyRequestSender - Using pooled Channel '[id: 0xd4a9003d, L:/127.0.0.1:55342 - R:localhost/127.0.0.1:50075]' for 'POST' to 'http://localhost:50075/session/81f44c4d67fa2e4e3bf4688690a94013/element'
16:26:28.065 [Forwarding findElement on session 81f44c4d67fa2e4e3bf4688690a94013 to remote] DEBUG org.asynchttpclient.netty.request.NettyRequestSender - Using open Channel [id: 0xd4a9003d, L:/127.0.0.1:55342 - R:localhost/127.0.0.1:50075] for POST '/session/81f44c4d67fa2e4e3bf4688690a94013/element'
16:26:28.079 [AsyncHttpClient-1-4] DEBUG org.asynchttpclient.netty.handler.HttpHandler - 

Request DefaultHttpRequest(decodeResult: success, version: HTTP/1.1)
POST /session/81f44c4d67fa2e4e3bf4688690a94013/element HTTP/1.1
User-Agent: selenium/4.1.2 (java windows)
Content-Length: 63
Content-Type: application/json; charset=utf-8
host: localhost:50075
accept: */*

Response DefaultHttpResponse(decodeResult: success, version: HTTP/1.1)
HTTP/1.1 200 OK
Content-Type: application/json; charset=utf-8
cache-control: no-cache
content-length: 88

16:26:28.079 [AsyncHttpClient-1-4] DEBUG org.asynchttpclient.netty.channel.ChannelManager - Adding key: http://localhost:50075 for channel [id: 0xd4a9003d, L:/127.0.0.1:55342 - R:localhost/127.0.0.1:50075]
16:26:28.082 [Forwarding isElementDisplayed on session 81f44c4d67fa2e4e3bf4688690a94013 to remote] DEBUG org.asynchttpclient.netty.request.NettyRequestSender - Using pooled Channel '[id: 0xd4a9003d, L:/127.0.0.1:55342 - R:localhost/127.0.0.1:50075]' for 'POST' to 'http://localhost:50075/session/81f44c4d67fa2e4e3bf4688690a94013/execute/sync'
16:26:28.082 [Forwarding isElementDisplayed on session 81f44c4d67fa2e4e3bf4688690a94013 to remote] DEBUG org.asynchttpclient.netty.request.NettyRequestSender - Using open Channel [id: 0xd4a9003d, L:/127.0.0.1:55342 - R:localhost/127.0.0.1:50075] for POST '/session/81f44c4d67fa2e4e3bf4688690a94013/execute/sync'
16:26:28.095 [AsyncHttpClient-1-4] DEBUG org.asynchttpclient.netty.handler.HttpHandler - 

Request DefaultHttpRequest(decodeResult: success, version: HTTP/1.1)
POST /session/81f44c4d67fa2e4e3bf4688690a94013/execute/sync HTTP/1.1
User-Agent: selenium/4.1.2 (java windows)
Content-Length: 48780
Content-Type: application/json; charset=utf-8
host: localhost:50075
accept: */*

Response DefaultHttpResponse(decodeResult: success, version: HTTP/1.1)
HTTP/1.1 200 OK
Content-Type: application/json; charset=utf-8
cache-control: no-cache
content-length: 14

16:26:28.095 [AsyncHttpClient-1-4] DEBUG org.asynchttpclient.netty.channel.ChannelManager - Adding key: http://localhost:50075 for channel [id: 0xd4a9003d, L:/127.0.0.1:55342 - R:localhost/127.0.0.1:50075]
16:26:28.095 [Forwarding screenshot on session 81f44c4d67fa2e4e3bf4688690a94013 to remote] DEBUG org.asynchttpclient.netty.request.NettyRequestSender - Using pooled Channel '[id: 0xd4a9003d, L:/127.0.0.1:55342 - R:localhost/127.0.0.1:50075]' for 'GET' to 'http://localhost:50075/session/81f44c4d67fa2e4e3bf4688690a94013/screenshot'
16:26:28.095 [Forwarding screenshot on session 81f44c4d67fa2e4e3bf4688690a94013 to remote] DEBUG org.asynchttpclient.netty.request.NettyRequestSender - Using open Channel [id: 0xd4a9003d, L:/127.0.0.1:55342 - R:localhost/127.0.0.1:50075] for GET '/session/81f44c4d67fa2e4e3bf4688690a94013/screenshot'
16:26:28.271 [AsyncHttpClient-1-4] DEBUG org.asynchttpclient.netty.handler.HttpHandler - 

Request DefaultFullHttpRequest(decodeResult: success, version: HTTP/1.1, content: EmptyByteBufBE)
GET /session/81f44c4d67fa2e4e3bf4688690a94013/screenshot HTTP/1.1
User-Agent: selenium/4.1.2 (java windows)
Cache-Control: no-cache
Content-Type: application/json; charset=utf-8
host: localhost:50075
accept: */*

Response DefaultHttpResponse(decodeResult: success, version: HTTP/1.1)
HTTP/1.1 200 OK
Content-Type: application/json; charset=utf-8
cache-control: no-cache
content-length: 31140

16:26:28.271 [AsyncHttpClient-1-4] DEBUG org.asynchttpclient.netty.channel.ChannelManager - Adding key: http://localhost:50075 for channel [id: 0xd4a9003d, L:/127.0.0.1:55342 - R:localhost/127.0.0.1:50075]
16:26:28.279 [main] DEBUG net.serenitybdd.core.photography.Darkroom - Send negative for processing for target\site\serenity\dcf002c789f9037c2f272c29cf09103dbca648a1326ac04a74fceadc871f8691.png
16:26:28.279 [main] DEBUG net.thucydides.core.steps.StepInterceptor - STEP DONE: errorMessageAppears
  &amp#27;[32mThen &amp#27;[0m&amp#27;[32mI Get the &amp#27;[0m&amp#27;[32m&amp#27;[1m"register page"&amp#27;[0m    &amp#27;[90m# Starter.StepDefinitions.RegisterStep.iGetThe(java.lang.String)&amp#27;[0m
16:26:28.279 [Darkroom Processing Line] DEBUG net.serenitybdd.core.photography.DarkroomProcessingLine - Processing screenshot image in /var/screenshots/screenshot-6453166415920878557
16:26:28.279 [Darkroom Processing Line] DEBUG net.serenitybdd.core.photography.DarkroomProcessingLine - Saving screenshot to target\site\serenity\dcf002c789f9037c2f272c29cf09103dbca648a1326ac04a74fceadc871f8691.png
16:26:28.281 [AsyncHttpClient-1-6] DEBUG org.asynchttpclient.netty.handler.WebSocketHandler - Channel Closed: [id: 0x5c7a6b8f, L:/127.0.0.1:55350 ! R:localhost/127.0.0.1:55343] with attribute NettyResponseFuture{currentRetry=5,
	isDone=1,
	isCancelled=0,
	asyncHandler=org.asynchttpclient.ws.WebSocketUpgradeHandler@409ddc4f,
	nettyRequest=org.asynchttpclient.netty.request.NettyRequest@6ceef6a5,
	future=java.util.concurrent.CompletableFuture@14c55016[Completed normally],
	uri=ws://localhost:55343/devtools/browser/a136bc0f-d78a-40d1-8e09-f6a3fd930763,
	keepAlive=true,
	redirectCount=0,
	timeoutsHolder=null,
	inAuth=0,
	touch=1653038785627}
16:26:28.281 [AsyncHttpClient-1-6] DEBUG org.asynchttpclient.netty.channel.ChannelManager - Closing Channel [id: 0x5c7a6b8f, L:/127.0.0.1:55350 ! R:localhost/127.0.0.1:55343] 
16:26:28.281 [Driver Command Executor] DEBUG org.asynchttpclient.netty.request.NettyRequestSender - Using pooled Channel '[id: 0xd4a9003d, L:/127.0.0.1:55342 - R:localhost/127.0.0.1:50075]' for 'DELETE' to 'http://localhost:50075/session/81f44c4d67fa2e4e3bf4688690a94013'
16:26:28.281 [Driver Command Executor] DEBUG org.asynchttpclient.netty.request.NettyRequestSender - Using open Channel [id: 0xd4a9003d, L:/127.0.0.1:55342 - R:localhost/127.0.0.1:50075] for DELETE '/session/81f44c4d67fa2e4e3bf4688690a94013'
16:26:28.368 [AsyncHttpClient-1-5] DEBUG org.asynchttpclient.netty.handler.HttpHandler - Unexpected I/O exception on channel [id: 0xf25e19a2, L:/127.0.0.1:55349 - R:localhost/127.0.0.1:55343]
java.net.SocketException: Connection reset
	at java.base/sun.nio.ch.SocketChannelImpl.throwConnectionReset(SocketChannelImpl.java:367)
	at java.base/sun.nio.ch.SocketChannelImpl.read(SocketChannelImpl.java:398)
	at io.netty.buffer.PooledByteBuf.setBytes(PooledByteBuf.java:258)
	at io.netty.buffer.AbstractByteBuf.writeBytes(AbstractByteBuf.java:1132)
	at io.netty.channel.socket.nio.NioSocketChannel.doReadBytes(NioSocketChannel.java:350)
	at io.netty.channel.nio.AbstractNioByteChannel$NioByteUnsafe.read(AbstractNioByteChannel.java:151)
	at io.netty.channel.nio.NioEventLoop.processSelectedKey(NioEventLoop.java:722)
	at io.netty.channel.nio.NioEventLoop.processSelectedKeysOptimized(NioEventLoop.java:658)
	at io.netty.channel.nio.NioEventLoop.processSelectedKeys(NioEventLoop.java:584)
	at io.netty.channel.nio.NioEventLoop.run(NioEventLoop.java:496)
	at io.netty.util.concurrent.SingleThreadEventExecutor$4.run(SingleThreadEventExecutor.java:986)
	at io.netty.util.internal.ThreadExecutorMap$2.run(ThreadExecutorMap.java:74)
	at io.netty.util.concurrent.FastThreadLocalRunnable.run(FastThreadLocalRunnable.java:30)
	at java.base/java.lang.Thread.run(Thread.java:832)
16:26:28.368 [AsyncHttpClient-1-5] DEBUG org.asynchttpclient.netty.channel.ChannelManager - Closing Channel [id: 0xf25e19a2, L:/127.0.0.1:55349 - R:localhost/127.0.0.1:55343] 
16:26:28.368 [AsyncHttpClient-1-5] DEBUG org.asynchttpclient.netty.handler.HttpHandler - Channel Closed: [id: 0xf25e19a2, L:/127.0.0.1:55349 ! R:localhost/127.0.0.1:55343] with attribute DISCARD
16:26:28.378 [AsyncHttpClient-1-4] DEBUG org.asynchttpclient.netty.handler.HttpHandler - 

Request DefaultFullHttpRequest(decodeResult: success, version: HTTP/1.1, content: EmptyByteBufBE)
DELETE /session/81f44c4d67fa2e4e3bf4688690a94013 HTTP/1.1
User-Agent: selenium/4.1.2 (java windows)
Content-Type: application/json; charset=utf-8
host: localhost:50075
accept: */*

Response DefaultHttpResponse(decodeResult: success, version: HTTP/1.1)
HTTP/1.1 200 OK
Content-Type: application/json; charset=utf-8
cache-control: no-cache
content-length: 14

16:26:28.378 [AsyncHttpClient-1-4] DEBUG org.asynchttpclient.netty.channel.ChannelManager - Adding key: http://localhost:50075 for channel [id: 0xd4a9003d, L:/127.0.0.1:55342 - R:localhost/127.0.0.1:50075]
16:26:28.434 [AsyncHttpClient-1-4] DEBUG org.asynchttpclient.netty.handler.HttpHandler - Channel Closed: [id: 0xd4a9003d, L:/127.0.0.1:55342 ! R:localhost/127.0.0.1:50075] with attribute DISCARD
]]></system-out>
    <system-err><![CDATA[Starting ChromeDriver 101.0.4951.41 (93c720db8323b3ec10d056025ab95c23a31997c9-refs/branch-heads/4951@{#904}) on port 50075
Only local connections are allowed.
Please see https://chromedriver.chromium.org/security-considerations for suggestions on keeping ChromeDriver safe.
ChromeDriver was started successfully.
May 20, 2022 4:26:25 PM org.openqa.selenium.remote.ProtocolHandshake createSession
INFO: Detected dialect: W3C
May 20, 2022 4:26:25 PM org.openqa.selenium.devtools.CdpVersionFinder findNearestMatch
WARNING: Unable to find an exact match for CDP version 101, so returning the closest version found: 97
May 20, 2022 4:26:25 PM org.openqa.selenium.devtools.CdpVersionFinder findNearestMatch
INFO: Found CDP implementation for version 101 of 97
]]></system-err>
  </testcase>
  <testcase name="Transactions Success" classname="Transactions" time="8.06">
    <system-out><![CDATA[16:26:28.965 [main] INFO io.cucumber.core.plugin.SerenityReporter - Running feature from file:///D:/data%20hakim/Mini%20Project%20Alterra/WebAlta/src/test/resources/features/Transactions.feature
16:26:28.965 [main] DEBUG net.thucydides.core.steps.StepEventBus - Test suite started for story net.thucydides.core.model.Story@5c2ec4c8
16:26:28.965 [main] INFO  - Test Suite Started: Transactions

@Transactions
Scenario Outline: Transactions Success   &amp#27;[90m# src/test/resources/features/Transactions.feature:20&amp#27;[0m
16:26:28.981 [main] INFO io.cucumber.core.plugin.SerenityReporter - Running feature from file:///D:/data%20hakim/Mini%20Project%20Alterra/WebAlta/src/test/resources/features/Transactions.feature
16:26:28.981 [main] INFO  - 
  _____   ___   ___   _____     ___   _____     _     ___   _____   ___   ___  
 |_   _| | __| / __| |_   _|   / __| |_   _|   /_\   | _ \ |_   _| | __| |   \ 
   | |   | _|  \__ \   | |     \__ \   | |    / _ \  |   /   | |   | _|  | |) |
   |_|   |___| |___/   |_|     |___/   |_|   /_/ \_\ |_|_\   |_|   |___| |___/ 

Transactions Success(transactions;transactions-success)
--------------------------------------------------------------------------------
16:26:29.017 [AsyncHttpClient-1-1] DEBUG org.asynchttpclient.netty.channel.DefaultChannelPool - Entry count for : http://localhost:50075 : 1
16:26:29.017 [AsyncHttpClient-1-1] DEBUG org.asynchttpclient.netty.channel.DefaultChannelPool - Entry count for : http://localhost:55343 : 1
16:26:29.017 [AsyncHttpClient-1-1] DEBUG org.asynchttpclient.netty.channel.DefaultChannelPool - Adding Candidate expired Channel [id: 0xd4a9003d, L:/127.0.0.1:55342 ! R:localhost/127.0.0.1:50075] isIdleTimeoutExpired=false isRemotelyClosed=true isTtlExpired=false
16:26:29.017 [AsyncHttpClient-1-1] DEBUG org.asynchttpclient.netty.channel.DefaultChannelPool - Closing Idle Channel [id: 0xd4a9003d, L:/127.0.0.1:55342 ! R:localhost/127.0.0.1:50075]
16:26:29.017 [AsyncHttpClient-1-1] DEBUG org.asynchttpclient.netty.channel.DefaultChannelPool - Adding Candidate expired Channel [id: 0xf25e19a2, L:/127.0.0.1:55349 ! R:localhost/127.0.0.1:55343] isIdleTimeoutExpired=false isRemotelyClosed=true isTtlExpired=false
16:26:29.017 [AsyncHttpClient-1-1] DEBUG org.asynchttpclient.netty.channel.DefaultChannelPool - Closing Idle Channel [id: 0xf25e19a2, L:/127.0.0.1:55349 ! R:localhost/127.0.0.1:55343]
16:26:29.017 [AsyncHttpClient-1-1] DEBUG org.asynchttpclient.netty.channel.DefaultChannelPool - Closed 2 connections out of 2 in 0 ms
16:26:29.080 [main] INFO net.serenitybdd.core.webdriver.driverproviders.ChromeDriverProvider - Using automatically driver download
16:26:29.177 [main] DEBUG io.github.bonigarcia.wdm.cache.ResolutionCache - Resolution chrome=101 in cache (valid until 17:18:55 20/05/2022 WIB)
16:26:29.193 [main] DEBUG io.github.bonigarcia.wdm.cache.ResolutionCache - Resolution chrome101=101.0.4951.41 in cache (valid until 21:21:16 20/05/2022 WIB)
16:26:29.193 [main] INFO io.github.bonigarcia.wdm.WebDriverManager - Using chromedriver 101.0.4951.41 (resolved driver for Chrome 101)
16:26:29.193 [main] DEBUG io.github.bonigarcia.wdm.WebDriverManager - Driver chromedriver 101.0.4951.41 found in cache
16:26:29.193 [main] INFO io.github.bonigarcia.wdm.WebDriverManager - Exporting webdriver.chrome.driver as C:\Users\hp pc\.cache\selenium\chromedriver\win32\101.0.4951.41\chromedriver.exe
16:26:29.287 [main] DEBUG net.serenitybdd.core.webdriver.driverproviders.ProvideNewDriver - Instantiating driver
16:26:29.287 [main] DEBUG net.serenitybdd.core.webdriver.driverproviders.ProvideNewDriver - Driver capabilities: Capabilities {acceptInsecureCerts: false, base.url: https://qa.alta.id/, browserName: chrome, chrome.driver: src/test/resources/webdrive..., driver: chrome, goog:chromeOptions: {args: [], extensions: []}}
16:26:29.831 [AsyncHttpClient-1-7] DEBUG org.asynchttpclient.netty.channel.NettyConnectListener - Using new Channel '[id: 0x6fbc1fa9, L:/127.0.0.1:55367 - R:localhost/127.0.0.1:56013]' for 'POST' to '/session'
16:26:30.535 [AsyncHttpClient-1-7] DEBUG org.asynchttpclient.netty.handler.HttpHandler - 

Request DefaultHttpRequest(decodeResult: success, version: HTTP/1.1)
POST /session HTTP/1.1
User-Agent: selenium/4.1.2 (java windows)
Content-Length: 605
Content-Type: application/json; charset=utf-8
host: localhost:56013
accept: */*

Response DefaultHttpResponse(decodeResult: success, version: HTTP/1.1)
HTTP/1.1 200 OK
Content-Type: application/json; charset=utf-8
cache-control: no-cache
content-length: 791

16:26:30.535 [AsyncHttpClient-1-7] DEBUG org.asynchttpclient.netty.channel.ChannelManager - Adding key: http://localhost:56013 for channel [id: 0x6fbc1fa9, L:/127.0.0.1:55367 - R:localhost/127.0.0.1:56013]
16:26:30.546 [AsyncHttpClient-1-8] DEBUG org.asynchttpclient.netty.channel.NettyConnectListener - Using new Channel '[id: 0x5c58e750, L:/127.0.0.1:55374 - R:localhost/127.0.0.1:55368]' for 'GET' to '/json/version'
16:26:30.546 [AsyncHttpClient-1-8] DEBUG org.asynchttpclient.netty.handler.HttpHandler - 

Request DefaultFullHttpRequest(decodeResult: success, version: HTTP/1.1, content: EmptyByteBufBE)
GET /json/version HTTP/1.1
User-Agent: selenium/4.1.2 (java windows)
host: localhost:55368
accept: */*

Response DefaultHttpResponse(decodeResult: success, version: HTTP/1.1)
HTTP/1.1 200 OK
Content-Type: application/json; charset=UTF-8
content-length: 427

16:26:30.546 [AsyncHttpClient-1-8] DEBUG org.asynchttpclient.netty.channel.ChannelManager - Adding key: http://localhost:55368 for channel [id: 0x5c58e750, L:/127.0.0.1:55374 - R:localhost/127.0.0.1:55368]
16:26:30.549 [AsyncHttpClient-1-9] DEBUG org.asynchttpclient.netty.channel.NettyConnectListener - Using new Channel '[id: 0xcf987c09, L:/127.0.0.1:55375 - R:localhost/127.0.0.1:55368]' for 'GET' to '/devtools/browser/3c0c51e1-b225-4916-84c1-ac5cf7346550'
16:26:30.549 [AsyncHttpClient-1-9] DEBUG org.asynchttpclient.netty.handler.WebSocketHandler - 

Request DefaultFullHttpRequest(decodeResult: success, version: HTTP/1.1, content: EmptyByteBufBE)
GET /devtools/browser/3c0c51e1-b225-4916-84c1-ac5cf7346550 HTTP/1.1
upgrade: websocket
connection: upgrade
sec-websocket-key: IAv2vI7a+z8D9D8m0RojzQ==
sec-websocket-version: 13
origin: http://localhost:55368
host: localhost:55368
accept: */*
user-agent: AHC/2.1

Response DefaultHttpResponse(decodeResult: success, version: HTTP/1.1)
HTTP/1.1 101 WebSocket Protocol Handshake
Upgrade: WebSocket
Connection: Upgrade
Sec-WebSocket-Accept: aSjieWc6rnp9ZI52NOm+0Fw+wGA=

16:26:30.549 [Forwarding maximizeCurrentWindow on session c1047e6c59fd5a880fac09e97bf90429 to remote] DEBUG org.asynchttpclient.netty.request.NettyRequestSender - Using pooled Channel '[id: 0x6fbc1fa9, L:/127.0.0.1:55367 - R:localhost/127.0.0.1:56013]' for 'POST' to 'http://localhost:56013/session/c1047e6c59fd5a880fac09e97bf90429/window/maximize'
16:26:30.549 [Forwarding maximizeCurrentWindow on session c1047e6c59fd5a880fac09e97bf90429 to remote] DEBUG org.asynchttpclient.netty.request.NettyRequestSender - Using open Channel [id: 0x6fbc1fa9, L:/127.0.0.1:55367 - R:localhost/127.0.0.1:56013] for POST '/session/c1047e6c59fd5a880fac09e97bf90429/window/maximize'
16:26:30.672 [AsyncHttpClient-1-7] DEBUG org.asynchttpclient.netty.handler.HttpHandler - 

Request DefaultHttpRequest(decodeResult: success, version: HTTP/1.1)
POST /session/c1047e6c59fd5a880fac09e97bf90429/window/maximize HTTP/1.1
User-Agent: selenium/4.1.2 (java windows)
Content-Length: 3
Content-Type: application/json; charset=utf-8
host: localhost:56013
accept: */*

Response DefaultHttpResponse(decodeResult: success, version: HTTP/1.1)
HTTP/1.1 200 OK
Content-Type: application/json; charset=utf-8
cache-control: no-cache
content-length: 51

16:26:30.672 [AsyncHttpClient-1-7] DEBUG org.asynchttpclient.netty.channel.ChannelManager - Adding key: http://localhost:56013 for channel [id: 0x6fbc1fa9, L:/127.0.0.1:55367 - R:localhost/127.0.0.1:56013]
16:26:30.672 [Forwarding get on session c1047e6c59fd5a880fac09e97bf90429 to remote] DEBUG org.asynchttpclient.netty.request.NettyRequestSender - Using pooled Channel '[id: 0x6fbc1fa9, L:/127.0.0.1:55367 - R:localhost/127.0.0.1:56013]' for 'POST' to 'http://localhost:56013/session/c1047e6c59fd5a880fac09e97bf90429/url'
16:26:30.672 [Forwarding get on session c1047e6c59fd5a880fac09e97bf90429 to remote] DEBUG org.asynchttpclient.netty.request.NettyRequestSender - Using open Channel [id: 0x6fbc1fa9, L:/127.0.0.1:55367 - R:localhost/127.0.0.1:56013] for POST '/session/c1047e6c59fd5a880fac09e97bf90429/url'
16:26:31.215 [AsyncHttpClient-1-1] DEBUG org.asynchttpclient.netty.channel.DefaultChannelPool - Entry count for : http://localhost:55368 : 1
16:26:32.237 [AsyncHttpClient-1-7] DEBUG org.asynchttpclient.netty.handler.HttpHandler - 

Request DefaultHttpRequest(decodeResult: success, version: HTTP/1.1)
POST /session/c1047e6c59fd5a880fac09e97bf90429/url HTTP/1.1
User-Agent: selenium/4.1.2 (java windows)
Content-Length: 64
Content-Type: application/json; charset=utf-8
host: localhost:56013
accept: */*

Response DefaultHttpResponse(decodeResult: success, version: HTTP/1.1)
HTTP/1.1 200 OK
Content-Type: application/json; charset=utf-8
cache-control: no-cache
content-length: 14

16:26:32.237 [AsyncHttpClient-1-7] DEBUG org.asynchttpclient.netty.channel.ChannelManager - Adding key: http://localhost:56013 for channel [id: 0x6fbc1fa9, L:/127.0.0.1:55367 - R:localhost/127.0.0.1:56013]
16:26:32.237 [Forwarding setTimeout on session c1047e6c59fd5a880fac09e97bf90429 to remote] DEBUG org.asynchttpclient.netty.request.NettyRequestSender - Using pooled Channel '[id: 0x6fbc1fa9, L:/127.0.0.1:55367 - R:localhost/127.0.0.1:56013]' for 'POST' to 'http://localhost:56013/session/c1047e6c59fd5a880fac09e97bf90429/timeouts'
16:26:32.237 [Forwarding setTimeout on session c1047e6c59fd5a880fac09e97bf90429 to remote] DEBUG org.asynchttpclient.netty.request.NettyRequestSender - Using open Channel [id: 0x6fbc1fa9, L:/127.0.0.1:55367 - R:localhost/127.0.0.1:56013] for POST '/session/c1047e6c59fd5a880fac09e97bf90429/timeouts'
16:26:32.237 [AsyncHttpClient-1-7] DEBUG org.asynchttpclient.netty.handler.HttpHandler - 

Request DefaultHttpRequest(decodeResult: success, version: HTTP/1.1)
POST /session/c1047e6c59fd5a880fac09e97bf90429/timeouts HTTP/1.1
User-Agent: selenium/4.1.2 (java windows)
Content-Length: 23
Content-Type: application/json; charset=utf-8
host: localhost:56013
accept: */*

Response DefaultHttpResponse(decodeResult: success, version: HTTP/1.1)
HTTP/1.1 200 OK
Content-Type: application/json; charset=utf-8
cache-control: no-cache
content-length: 14

16:26:32.237 [AsyncHttpClient-1-7] DEBUG org.asynchttpclient.netty.channel.ChannelManager - Adding key: http://localhost:56013 for channel [id: 0x6fbc1fa9, L:/127.0.0.1:55367 - R:localhost/127.0.0.1:56013]
16:26:32.245 [Forwarding getCurrentUrl on session c1047e6c59fd5a880fac09e97bf90429 to remote] DEBUG org.asynchttpclient.netty.request.NettyRequestSender - Using pooled Channel '[id: 0x6fbc1fa9, L:/127.0.0.1:55367 - R:localhost/127.0.0.1:56013]' for 'GET' to 'http://localhost:56013/session/c1047e6c59fd5a880fac09e97bf90429/url'
16:26:32.245 [Forwarding getCurrentUrl on session c1047e6c59fd5a880fac09e97bf90429 to remote] DEBUG org.asynchttpclient.netty.request.NettyRequestSender - Using open Channel [id: 0x6fbc1fa9, L:/127.0.0.1:55367 - R:localhost/127.0.0.1:56013] for GET '/session/c1047e6c59fd5a880fac09e97bf90429/url'
16:26:32.253 [AsyncHttpClient-1-7] DEBUG org.asynchttpclient.netty.handler.HttpHandler - 

Request DefaultFullHttpRequest(decodeResult: success, version: HTTP/1.1, content: EmptyByteBufBE)
GET /session/c1047e6c59fd5a880fac09e97bf90429/url HTTP/1.1
User-Agent: selenium/4.1.2 (java windows)
Cache-Control: no-cache
Content-Type: application/json; charset=utf-8
host: localhost:56013
accept: */*

Response DefaultHttpResponse(decodeResult: success, version: HTTP/1.1)
HTTP/1.1 200 OK
Content-Type: application/json; charset=utf-8
cache-control: no-cache
content-length: 41

16:26:32.253 [AsyncHttpClient-1-7] DEBUG org.asynchttpclient.netty.channel.ChannelManager - Adding key: http://localhost:56013 for channel [id: 0x6fbc1fa9, L:/127.0.0.1:55367 - R:localhost/127.0.0.1:56013]
16:26:32.253 [main] DEBUG net.serenitybdd.core.photography.Darkroom - Opening darkroom
16:26:32.253 [Darkroom Processing Line] DEBUG net.serenitybdd.core.photography.DarkroomProcessingLine - Darkroom processing line starting up
16:26:32.253 [Forwarding screenshot on session c1047e6c59fd5a880fac09e97bf90429 to remote] DEBUG org.asynchttpclient.netty.request.NettyRequestSender - Using pooled Channel '[id: 0x6fbc1fa9, L:/127.0.0.1:55367 - R:localhost/127.0.0.1:56013]' for 'GET' to 'http://localhost:56013/session/c1047e6c59fd5a880fac09e97bf90429/screenshot'
16:26:32.253 [Forwarding screenshot on session c1047e6c59fd5a880fac09e97bf90429 to remote] DEBUG org.asynchttpclient.netty.request.NettyRequestSender - Using open Channel [id: 0x6fbc1fa9, L:/127.0.0.1:55367 - R:localhost/127.0.0.1:56013] for GET '/session/c1047e6c59fd5a880fac09e97bf90429/screenshot'
16:26:32.314 [AsyncHttpClient-1-1] DEBUG org.asynchttpclient.netty.channel.DefaultChannelPool - Entry count for : http://localhost:55368 : 1
16:26:32.378 [AsyncHttpClient-1-7] DEBUG org.asynchttpclient.netty.handler.HttpHandler - 

Request DefaultFullHttpRequest(decodeResult: success, version: HTTP/1.1, content: EmptyByteBufBE)
GET /session/c1047e6c59fd5a880fac09e97bf90429/screenshot HTTP/1.1
User-Agent: selenium/4.1.2 (java windows)
Cache-Control: no-cache
Content-Type: application/json; charset=utf-8
host: localhost:56013
accept: */*

Response DefaultHttpResponse(decodeResult: success, version: HTTP/1.1)
HTTP/1.1 200 OK
Content-Type: application/json; charset=utf-8
cache-control: no-cache
content-length: 24940

16:26:32.378 [AsyncHttpClient-1-7] DEBUG org.asynchttpclient.netty.channel.ChannelManager - Adding key: http://localhost:56013 for channel [id: 0x6fbc1fa9, L:/127.0.0.1:55367 - R:localhost/127.0.0.1:56013]
16:26:32.393 [main] DEBUG net.serenitybdd.core.photography.Darkroom - Send negative for processing for target\site\serenity\11023edac3681808080020daf60d8cb00148736924ac340653f27273a0570072.png
16:26:32.393 [main] DEBUG net.thucydides.core.steps.StepInterceptor - STARTING STEP: TransactionsStep.iAmOnTheLoginPage - validateOnLoginPage
16:26:32.393 [Forwarding findElement on session c1047e6c59fd5a880fac09e97bf90429 to remote] DEBUG org.asynchttpclient.netty.request.NettyRequestSender - Using pooled Channel '[id: 0x6fbc1fa9, L:/127.0.0.1:55367 - R:localhost/127.0.0.1:56013]' for 'POST' to 'http://localhost:56013/session/c1047e6c59fd5a880fac09e97bf90429/element'
16:26:32.393 [Forwarding findElement on session c1047e6c59fd5a880fac09e97bf90429 to remote] DEBUG org.asynchttpclient.netty.request.NettyRequestSender - Using open Channel [id: 0x6fbc1fa9, L:/127.0.0.1:55367 - R:localhost/127.0.0.1:56013] for POST '/session/c1047e6c59fd5a880fac09e97bf90429/element'
16:26:32.393 [AsyncHttpClient-1-7] DEBUG org.asynchttpclient.netty.handler.HttpHandler - 

Request DefaultHttpRequest(decodeResult: success, version: HTTP/1.1)
POST /session/c1047e6c59fd5a880fac09e97bf90429/element HTTP/1.1
User-Agent: selenium/4.1.2 (java windows)
Content-Length: 136
Content-Type: application/json; charset=utf-8
host: localhost:56013
accept: */*

Response DefaultHttpResponse(decodeResult: success, version: HTTP/1.1)
HTTP/1.1 200 OK
Content-Type: application/json; charset=utf-8
cache-control: no-cache
content-length: 88

16:26:32.393 [AsyncHttpClient-1-7] DEBUG org.asynchttpclient.netty.channel.ChannelManager - Adding key: http://localhost:56013 for channel [id: 0x6fbc1fa9, L:/127.0.0.1:55367 - R:localhost/127.0.0.1:56013]
16:26:32.393 [Forwarding isElementDisplayed on session c1047e6c59fd5a880fac09e97bf90429 to remote] DEBUG org.asynchttpclient.netty.request.NettyRequestSender - Using pooled Channel '[id: 0x6fbc1fa9, L:/127.0.0.1:55367 - R:localhost/127.0.0.1:56013]' for 'POST' to 'http://localhost:56013/session/c1047e6c59fd5a880fac09e97bf90429/execute/sync'
16:26:32.393 [Forwarding isElementDisplayed on session c1047e6c59fd5a880fac09e97bf90429 to remote] DEBUG org.asynchttpclient.netty.request.NettyRequestSender - Using open Channel [id: 0x6fbc1fa9, L:/127.0.0.1:55367 - R:localhost/127.0.0.1:56013] for POST '/session/c1047e6c59fd5a880fac09e97bf90429/execute/sync'
16:26:32.409 [AsyncHttpClient-1-7] DEBUG org.asynchttpclient.netty.handler.HttpHandler - 

Request DefaultHttpRequest(decodeResult: success, version: HTTP/1.1)
POST /session/c1047e6c59fd5a880fac09e97bf90429/execute/sync HTTP/1.1
User-Agent: selenium/4.1.2 (java windows)
Content-Length: 48780
Content-Type: application/json; charset=utf-8
host: localhost:56013
accept: */*

Response DefaultHttpResponse(decodeResult: success, version: HTTP/1.1)
HTTP/1.1 200 OK
Content-Type: application/json; charset=utf-8
cache-control: no-cache
content-length: 14

16:26:32.409 [AsyncHttpClient-1-7] DEBUG org.asynchttpclient.netty.channel.ChannelManager - Adding key: http://localhost:56013 for channel [id: 0x6fbc1fa9, L:/127.0.0.1:55367 - R:localhost/127.0.0.1:56013]
16:26:32.409 [main] DEBUG net.thucydides.core.steps.StepInterceptor - STEP DONE: validateOnLoginPage
  &amp#27;[32mGiven &amp#27;[0m&amp#27;[32mI am login account&amp#27;[0m               &amp#27;[90m# Starter.StepDefinitions.TransactionsStep.iAmOnTheLoginPage()&amp#27;[0m
16:26:32.425 [main] DEBUG net.thucydides.core.steps.StepInterceptor - STARTING STEP: TransactionsStep.iInputEmail - inputEmail
16:26:32.425 [Forwarding findElement on session c1047e6c59fd5a880fac09e97bf90429 to remote] DEBUG org.asynchttpclient.netty.request.NettyRequestSender - Using pooled Channel '[id: 0x6fbc1fa9, L:/127.0.0.1:55367 - R:localhost/127.0.0.1:56013]' for 'POST' to 'http://localhost:56013/session/c1047e6c59fd5a880fac09e97bf90429/element'
16:26:32.425 [Forwarding findElement on session c1047e6c59fd5a880fac09e97bf90429 to remote] DEBUG org.asynchttpclient.netty.request.NettyRequestSender - Using open Channel [id: 0x6fbc1fa9, L:/127.0.0.1:55367 - R:localhost/127.0.0.1:56013] for POST '/session/c1047e6c59fd5a880fac09e97bf90429/element'
16:26:32.440 [AsyncHttpClient-1-7] DEBUG org.asynchttpclient.netty.handler.HttpHandler - 

Request DefaultHttpRequest(decodeResult: success, version: HTTP/1.1)
POST /session/c1047e6c59fd5a880fac09e97bf90429/element HTTP/1.1
User-Agent: selenium/4.1.2 (java windows)
Content-Length: 91
Content-Type: application/json; charset=utf-8
host: localhost:56013
accept: */*

Response DefaultHttpResponse(decodeResult: success, version: HTTP/1.1)
HTTP/1.1 200 OK
Content-Type: application/json; charset=utf-8
cache-control: no-cache
content-length: 88

16:26:32.440 [AsyncHttpClient-1-7] DEBUG org.asynchttpclient.netty.channel.ChannelManager - Adding key: http://localhost:56013 for channel [id: 0x6fbc1fa9, L:/127.0.0.1:55367 - R:localhost/127.0.0.1:56013]
16:26:32.440 [Forwarding clearElement on session c1047e6c59fd5a880fac09e97bf90429 to remote] DEBUG org.asynchttpclient.netty.request.NettyRequestSender - Using pooled Channel '[id: 0x6fbc1fa9, L:/127.0.0.1:55367 - R:localhost/127.0.0.1:56013]' for 'POST' to 'http://localhost:56013/session/c1047e6c59fd5a880fac09e97bf90429/element/bda6b57e-1caf-4b4c-a175-9f44979bdd2b/clear'
16:26:32.440 [Forwarding clearElement on session c1047e6c59fd5a880fac09e97bf90429 to remote] DEBUG org.asynchttpclient.netty.request.NettyRequestSender - Using open Channel [id: 0x6fbc1fa9, L:/127.0.0.1:55367 - R:localhost/127.0.0.1:56013] for POST '/session/c1047e6c59fd5a880fac09e97bf90429/element/bda6b57e-1caf-4b4c-a175-9f44979bdd2b/clear'
16:26:32.463 [AsyncHttpClient-1-7] DEBUG org.asynchttpclient.netty.handler.HttpHandler - 

Request DefaultHttpRequest(decodeResult: success, version: HTTP/1.1)
POST /session/c1047e6c59fd5a880fac09e97bf90429/element/bda6b57e-1caf-4b4c-a175-9f44979bdd2b/clear HTTP/1.1
User-Agent: selenium/4.1.2 (java windows)
Content-Length: 50
Content-Type: application/json; charset=utf-8
host: localhost:56013
accept: */*

Response DefaultHttpResponse(decodeResult: success, version: HTTP/1.1)
HTTP/1.1 200 OK
Content-Type: application/json; charset=utf-8
cache-control: no-cache
content-length: 14

16:26:32.463 [AsyncHttpClient-1-7] DEBUG org.asynchttpclient.netty.channel.ChannelManager - Adding key: http://localhost:56013 for channel [id: 0x6fbc1fa9, L:/127.0.0.1:55367 - R:localhost/127.0.0.1:56013]
16:26:32.463 [Forwarding sendKeysToElement on session c1047e6c59fd5a880fac09e97bf90429 to remote] DEBUG org.asynchttpclient.netty.request.NettyRequestSender - Using pooled Channel '[id: 0x6fbc1fa9, L:/127.0.0.1:55367 - R:localhost/127.0.0.1:56013]' for 'POST' to 'http://localhost:56013/session/c1047e6c59fd5a880fac09e97bf90429/element/bda6b57e-1caf-4b4c-a175-9f44979bdd2b/value'
16:26:32.463 [Forwarding sendKeysToElement on session c1047e6c59fd5a880fac09e97bf90429 to remote] DEBUG org.asynchttpclient.netty.request.NettyRequestSender - Using open Channel [id: 0x6fbc1fa9, L:/127.0.0.1:55367 - R:localhost/127.0.0.1:56013] for POST '/session/c1047e6c59fd5a880fac09e97bf90429/element/bda6b57e-1caf-4b4c-a175-9f44979bdd2b/value'
16:26:32.570 [AsyncHttpClient-1-7] DEBUG org.asynchttpclient.netty.handler.HttpHandler - 

Request DefaultHttpRequest(decodeResult: success, version: HTTP/1.1)
POST /session/c1047e6c59fd5a880fac09e97bf90429/element/bda6b57e-1caf-4b4c-a175-9f44979bdd2b/value HTTP/1.1
User-Agent: selenium/4.1.2 (java windows)
Content-Length: 261
Content-Type: application/json; charset=utf-8
host: localhost:56013
accept: */*

Response DefaultHttpResponse(decodeResult: success, version: HTTP/1.1)
HTTP/1.1 200 OK
Content-Type: application/json; charset=utf-8
cache-control: no-cache
content-length: 14

16:26:32.570 [AsyncHttpClient-1-7] DEBUG org.asynchttpclient.netty.channel.ChannelManager - Adding key: http://localhost:56013 for channel [id: 0x6fbc1fa9, L:/127.0.0.1:55367 - R:localhost/127.0.0.1:56013]
16:26:32.578 [Forwarding screenshot on session c1047e6c59fd5a880fac09e97bf90429 to remote] DEBUG org.asynchttpclient.netty.request.NettyRequestSender - Using pooled Channel '[id: 0x6fbc1fa9, L:/127.0.0.1:55367 - R:localhost/127.0.0.1:56013]' for 'GET' to 'http://localhost:56013/session/c1047e6c59fd5a880fac09e97bf90429/screenshot'
16:26:32.578 [Forwarding screenshot on session c1047e6c59fd5a880fac09e97bf90429 to remote] DEBUG org.asynchttpclient.netty.request.NettyRequestSender - Using open Channel [id: 0x6fbc1fa9, L:/127.0.0.1:55367 - R:localhost/127.0.0.1:56013] for GET '/session/c1047e6c59fd5a880fac09e97bf90429/screenshot'
16:26:32.706 [AsyncHttpClient-1-7] DEBUG org.asynchttpclient.netty.handler.HttpHandler - 

Request DefaultFullHttpRequest(decodeResult: success, version: HTTP/1.1, content: EmptyByteBufBE)
GET /session/c1047e6c59fd5a880fac09e97bf90429/screenshot HTTP/1.1
User-Agent: selenium/4.1.2 (java windows)
Cache-Control: no-cache
Content-Type: application/json; charset=utf-8
host: localhost:56013
accept: */*

Response DefaultHttpResponse(decodeResult: success, version: HTTP/1.1)
HTTP/1.1 200 OK
Content-Type: application/json; charset=utf-8
cache-control: no-cache
content-length: 29004

16:26:32.706 [AsyncHttpClient-1-7] DEBUG org.asynchttpclient.netty.channel.ChannelManager - Adding key: http://localhost:56013 for channel [id: 0x6fbc1fa9, L:/127.0.0.1:55367 - R:localhost/127.0.0.1:56013]
16:26:32.714 [main] DEBUG net.serenitybdd.core.photography.Darkroom - Send negative for processing for target\site\serenity\e34e55035e84e7b7d3e40374b79c87e59152d95673b76e2cd72df6e4b999aabb.png
16:26:32.714 [main] DEBUG net.thucydides.core.steps.StepInterceptor - STEP DONE: inputEmail
  &amp#27;[32mAnd &amp#27;[0m&amp#27;[32mI Input &amp#27;[0m&amp#27;[32m&amp#27;[1m"hakim001@gmail.com"&amp#27;[0m&amp#27;[32m Email&amp#27;[0m &amp#27;[90m# Starter.StepDefinitions.TransactionsStep.iInputEmail(java.lang.String)&amp#27;[0m
16:26:32.714 [Darkroom Processing Line] DEBUG net.serenitybdd.core.photography.DarkroomProcessingLine - Processing screenshot image in /var/screenshots/screenshot-1565978315846333227
16:26:32.714 [Darkroom Processing Line] DEBUG net.serenitybdd.core.photography.DarkroomProcessingLine - Saving screenshot to target\site\serenity\e34e55035e84e7b7d3e40374b79c87e59152d95673b76e2cd72df6e4b999aabb.png
16:26:32.721 [main] DEBUG net.thucydides.core.steps.StepInterceptor - STARTING STEP: TransactionsStep.iInputPassword - inputPassword
16:26:32.721 [Forwarding findElement on session c1047e6c59fd5a880fac09e97bf90429 to remote] DEBUG org.asynchttpclient.netty.request.NettyRequestSender - Using pooled Channel '[id: 0x6fbc1fa9, L:/127.0.0.1:55367 - R:localhost/127.0.0.1:56013]' for 'POST' to 'http://localhost:56013/session/c1047e6c59fd5a880fac09e97bf90429/element'
16:26:32.721 [Forwarding findElement on session c1047e6c59fd5a880fac09e97bf90429 to remote] DEBUG org.asynchttpclient.netty.request.NettyRequestSender - Using open Channel [id: 0x6fbc1fa9, L:/127.0.0.1:55367 - R:localhost/127.0.0.1:56013] for POST '/session/c1047e6c59fd5a880fac09e97bf90429/element'
16:26:32.737 [AsyncHttpClient-1-7] DEBUG org.asynchttpclient.netty.handler.HttpHandler - 

Request DefaultHttpRequest(decodeResult: success, version: HTTP/1.1)
POST /session/c1047e6c59fd5a880fac09e97bf90429/element HTTP/1.1
User-Agent: selenium/4.1.2 (java windows)
Content-Length: 94
Content-Type: application/json; charset=utf-8
host: localhost:56013
accept: */*

Response DefaultHttpResponse(decodeResult: success, version: HTTP/1.1)
HTTP/1.1 200 OK
Content-Type: application/json; charset=utf-8
cache-control: no-cache
content-length: 88

16:26:32.737 [AsyncHttpClient-1-7] DEBUG org.asynchttpclient.netty.channel.ChannelManager - Adding key: http://localhost:56013 for channel [id: 0x6fbc1fa9, L:/127.0.0.1:55367 - R:localhost/127.0.0.1:56013]
16:26:32.737 [Forwarding clearElement on session c1047e6c59fd5a880fac09e97bf90429 to remote] DEBUG org.asynchttpclient.netty.request.NettyRequestSender - Using pooled Channel '[id: 0x6fbc1fa9, L:/127.0.0.1:55367 - R:localhost/127.0.0.1:56013]' for 'POST' to 'http://localhost:56013/session/c1047e6c59fd5a880fac09e97bf90429/element/5040811c-9fab-45bc-8e43-f7ed116fe154/clear'
16:26:32.737 [Forwarding clearElement on session c1047e6c59fd5a880fac09e97bf90429 to remote] DEBUG org.asynchttpclient.netty.request.NettyRequestSender - Using open Channel [id: 0x6fbc1fa9, L:/127.0.0.1:55367 - R:localhost/127.0.0.1:56013] for POST '/session/c1047e6c59fd5a880fac09e97bf90429/element/5040811c-9fab-45bc-8e43-f7ed116fe154/clear'
16:26:32.762 [AsyncHttpClient-1-7] DEBUG org.asynchttpclient.netty.handler.HttpHandler - 

Request DefaultHttpRequest(decodeResult: success, version: HTTP/1.1)
POST /session/c1047e6c59fd5a880fac09e97bf90429/element/5040811c-9fab-45bc-8e43-f7ed116fe154/clear HTTP/1.1
User-Agent: selenium/4.1.2 (java windows)
Content-Length: 50
Content-Type: application/json; charset=utf-8
host: localhost:56013
accept: */*

Response DefaultHttpResponse(decodeResult: success, version: HTTP/1.1)
HTTP/1.1 200 OK
Content-Type: application/json; charset=utf-8
cache-control: no-cache
content-length: 14

16:26:32.762 [AsyncHttpClient-1-7] DEBUG org.asynchttpclient.netty.channel.ChannelManager - Adding key: http://localhost:56013 for channel [id: 0x6fbc1fa9, L:/127.0.0.1:55367 - R:localhost/127.0.0.1:56013]
16:26:32.762 [Forwarding sendKeysToElement on session c1047e6c59fd5a880fac09e97bf90429 to remote] DEBUG org.asynchttpclient.netty.request.NettyRequestSender - Using pooled Channel '[id: 0x6fbc1fa9, L:/127.0.0.1:55367 - R:localhost/127.0.0.1:56013]' for 'POST' to 'http://localhost:56013/session/c1047e6c59fd5a880fac09e97bf90429/element/5040811c-9fab-45bc-8e43-f7ed116fe154/value'
16:26:32.762 [Forwarding sendKeysToElement on session c1047e6c59fd5a880fac09e97bf90429 to remote] DEBUG org.asynchttpclient.netty.request.NettyRequestSender - Using open Channel [id: 0x6fbc1fa9, L:/127.0.0.1:55367 - R:localhost/127.0.0.1:56013] for POST '/session/c1047e6c59fd5a880fac09e97bf90429/element/5040811c-9fab-45bc-8e43-f7ed116fe154/value'
16:26:32.825 [AsyncHttpClient-1-7] DEBUG org.asynchttpclient.netty.handler.HttpHandler - 

Request DefaultHttpRequest(decodeResult: success, version: HTTP/1.1)
POST /session/c1047e6c59fd5a880fac09e97bf90429/element/5040811c-9fab-45bc-8e43-f7ed116fe154/value HTTP/1.1
User-Agent: selenium/4.1.2 (java windows)
Content-Length: 161
Content-Type: application/json; charset=utf-8
host: localhost:56013
accept: */*

Response DefaultHttpResponse(decodeResult: success, version: HTTP/1.1)
HTTP/1.1 200 OK
Content-Type: application/json; charset=utf-8
cache-control: no-cache
content-length: 14

16:26:32.825 [AsyncHttpClient-1-7] DEBUG org.asynchttpclient.netty.channel.ChannelManager - Adding key: http://localhost:56013 for channel [id: 0x6fbc1fa9, L:/127.0.0.1:55367 - R:localhost/127.0.0.1:56013]
16:26:32.833 [Forwarding screenshot on session c1047e6c59fd5a880fac09e97bf90429 to remote] DEBUG org.asynchttpclient.netty.request.NettyRequestSender - Using pooled Channel '[id: 0x6fbc1fa9, L:/127.0.0.1:55367 - R:localhost/127.0.0.1:56013]' for 'GET' to 'http://localhost:56013/session/c1047e6c59fd5a880fac09e97bf90429/screenshot'
16:26:32.833 [Forwarding screenshot on session c1047e6c59fd5a880fac09e97bf90429 to remote] DEBUG org.asynchttpclient.netty.request.NettyRequestSender - Using open Channel [id: 0x6fbc1fa9, L:/127.0.0.1:55367 - R:localhost/127.0.0.1:56013] for GET '/session/c1047e6c59fd5a880fac09e97bf90429/screenshot'
16:26:32.973 [AsyncHttpClient-1-7] DEBUG org.asynchttpclient.netty.handler.HttpHandler - 

Request DefaultFullHttpRequest(decodeResult: success, version: HTTP/1.1, content: EmptyByteBufBE)
GET /session/c1047e6c59fd5a880fac09e97bf90429/screenshot HTTP/1.1
User-Agent: selenium/4.1.2 (java windows)
Cache-Control: no-cache
Content-Type: application/json; charset=utf-8
host: localhost:56013
accept: */*

Response DefaultHttpResponse(decodeResult: success, version: HTTP/1.1)
HTTP/1.1 200 OK
Content-Type: application/json; charset=utf-8
cache-control: no-cache
content-length: 30868

16:26:32.973 [AsyncHttpClient-1-7] DEBUG org.asynchttpclient.netty.channel.ChannelManager - Adding key: http://localhost:56013 for channel [id: 0x6fbc1fa9, L:/127.0.0.1:55367 - R:localhost/127.0.0.1:56013]
16:26:32.973 [main] DEBUG net.serenitybdd.core.photography.Darkroom - Send negative for processing for target\site\serenity\36122d60e5a20d368f6e8ab24153d8b7c3fbd89d98eacc786cdbf2a27386aa4b.png
16:26:32.973 [main] DEBUG net.thucydides.core.steps.StepInterceptor - STEP DONE: inputPassword
  &amp#27;[32mAnd &amp#27;[0m&amp#27;[32mI Input &amp#27;[0m&amp#27;[32m&amp#27;[1m"Valid@01"&amp#27;[0m&amp#27;[32m Password&amp#27;[0m        &amp#27;[90m# Starter.StepDefinitions.TransactionsStep.iInputPassword(java.lang.String)&amp#27;[0m
16:26:32.973 [Darkroom Processing Line] DEBUG net.serenitybdd.core.photography.DarkroomProcessingLine - Processing screenshot image in /var/screenshots/screenshot-12796111864226754406
16:26:32.973 [Darkroom Processing Line] DEBUG net.serenitybdd.core.photography.DarkroomProcessingLine - Saving screenshot to target\site\serenity\36122d60e5a20d368f6e8ab24153d8b7c3fbd89d98eacc786cdbf2a27386aa4b.png
16:26:32.988 [main] DEBUG net.thucydides.core.steps.StepInterceptor - STARTING STEP: TransactionsStep.clickLoginButton - clickLoginButton
16:26:32.988 [Forwarding findElement on session c1047e6c59fd5a880fac09e97bf90429 to remote] DEBUG org.asynchttpclient.netty.request.NettyRequestSender - Using pooled Channel '[id: 0x6fbc1fa9, L:/127.0.0.1:55367 - R:localhost/127.0.0.1:56013]' for 'POST' to 'http://localhost:56013/session/c1047e6c59fd5a880fac09e97bf90429/element'
16:26:32.988 [Forwarding findElement on session c1047e6c59fd5a880fac09e97bf90429 to remote] DEBUG org.asynchttpclient.netty.request.NettyRequestSender - Using open Channel [id: 0x6fbc1fa9, L:/127.0.0.1:55367 - R:localhost/127.0.0.1:56013] for POST '/session/c1047e6c59fd5a880fac09e97bf90429/element'
16:26:32.994 [AsyncHttpClient-1-7] DEBUG org.asynchttpclient.netty.handler.HttpHandler - 

Request DefaultHttpRequest(decodeResult: success, version: HTTP/1.1)
POST /session/c1047e6c59fd5a880fac09e97bf90429/element HTTP/1.1
User-Agent: selenium/4.1.2 (java windows)
Content-Length: 136
Content-Type: application/json; charset=utf-8
host: localhost:56013
accept: */*

Response DefaultHttpResponse(decodeResult: success, version: HTTP/1.1)
HTTP/1.1 200 OK
Content-Type: application/json; charset=utf-8
cache-control: no-cache
content-length: 88

16:26:32.994 [AsyncHttpClient-1-7] DEBUG org.asynchttpclient.netty.channel.ChannelManager - Adding key: http://localhost:56013 for channel [id: 0x6fbc1fa9, L:/127.0.0.1:55367 - R:localhost/127.0.0.1:56013]
16:26:32.994 [Forwarding getElementTagName on session c1047e6c59fd5a880fac09e97bf90429 to remote] DEBUG org.asynchttpclient.netty.request.NettyRequestSender - Using pooled Channel '[id: 0x6fbc1fa9, L:/127.0.0.1:55367 - R:localhost/127.0.0.1:56013]' for 'GET' to 'http://localhost:56013/session/c1047e6c59fd5a880fac09e97bf90429/element/9a55ba86-5f14-45f6-bc65-dc87bafa2358/name'
16:26:32.994 [Forwarding getElementTagName on session c1047e6c59fd5a880fac09e97bf90429 to remote] DEBUG org.asynchttpclient.netty.request.NettyRequestSender - Using open Channel [id: 0x6fbc1fa9, L:/127.0.0.1:55367 - R:localhost/127.0.0.1:56013] for GET '/session/c1047e6c59fd5a880fac09e97bf90429/element/9a55ba86-5f14-45f6-bc65-dc87bafa2358/name'
16:26:33.013 [AsyncHttpClient-1-7] DEBUG org.asynchttpclient.netty.handler.HttpHandler - 

Request DefaultFullHttpRequest(decodeResult: success, version: HTTP/1.1, content: EmptyByteBufBE)
GET /session/c1047e6c59fd5a880fac09e97bf90429/element/9a55ba86-5f14-45f6-bc65-dc87bafa2358/name HTTP/1.1
User-Agent: selenium/4.1.2 (java windows)
Cache-Control: no-cache
Content-Type: application/json; charset=utf-8
host: localhost:56013
accept: */*

Response DefaultHttpResponse(decodeResult: success, version: HTTP/1.1)
HTTP/1.1 200 OK
Content-Type: application/json; charset=utf-8
cache-control: no-cache
content-length: 18

16:26:33.013 [AsyncHttpClient-1-7] DEBUG org.asynchttpclient.netty.channel.ChannelManager - Adding key: http://localhost:56013 for channel [id: 0x6fbc1fa9, L:/127.0.0.1:55367 - R:localhost/127.0.0.1:56013]
16:26:33.014 [Forwarding getElementTagName on session c1047e6c59fd5a880fac09e97bf90429 to remote] DEBUG org.asynchttpclient.netty.request.NettyRequestSender - Using pooled Channel '[id: 0x6fbc1fa9, L:/127.0.0.1:55367 - R:localhost/127.0.0.1:56013]' for 'GET' to 'http://localhost:56013/session/c1047e6c59fd5a880fac09e97bf90429/element/9a55ba86-5f14-45f6-bc65-dc87bafa2358/name'
16:26:33.014 [Forwarding getElementTagName on session c1047e6c59fd5a880fac09e97bf90429 to remote] DEBUG org.asynchttpclient.netty.request.NettyRequestSender - Using open Channel [id: 0x6fbc1fa9, L:/127.0.0.1:55367 - R:localhost/127.0.0.1:56013] for GET '/session/c1047e6c59fd5a880fac09e97bf90429/element/9a55ba86-5f14-45f6-bc65-dc87bafa2358/name'
16:26:33.015 [AsyncHttpClient-1-7] DEBUG org.asynchttpclient.netty.handler.HttpHandler - 

Request DefaultFullHttpRequest(decodeResult: success, version: HTTP/1.1, content: EmptyByteBufBE)
GET /session/c1047e6c59fd5a880fac09e97bf90429/element/9a55ba86-5f14-45f6-bc65-dc87bafa2358/name HTTP/1.1
User-Agent: selenium/4.1.2 (java windows)
Cache-Control: no-cache
Content-Type: application/json; charset=utf-8
host: localhost:56013
accept: */*

Response DefaultHttpResponse(decodeResult: success, version: HTTP/1.1)
HTTP/1.1 200 OK
Content-Type: application/json; charset=utf-8
cache-control: no-cache
content-length: 18

16:26:33.015 [AsyncHttpClient-1-7] DEBUG org.asynchttpclient.netty.channel.ChannelManager - Adding key: http://localhost:56013 for channel [id: 0x6fbc1fa9, L:/127.0.0.1:55367 - R:localhost/127.0.0.1:56013]
16:26:33.015 [Forwarding isElementEnabled on session c1047e6c59fd5a880fac09e97bf90429 to remote] DEBUG org.asynchttpclient.netty.request.NettyRequestSender - Using pooled Channel '[id: 0x6fbc1fa9, L:/127.0.0.1:55367 - R:localhost/127.0.0.1:56013]' for 'GET' to 'http://localhost:56013/session/c1047e6c59fd5a880fac09e97bf90429/element/9a55ba86-5f14-45f6-bc65-dc87bafa2358/enabled'
16:26:33.015 [Forwarding isElementEnabled on session c1047e6c59fd5a880fac09e97bf90429 to remote] DEBUG org.asynchttpclient.netty.request.NettyRequestSender - Using open Channel [id: 0x6fbc1fa9, L:/127.0.0.1:55367 - R:localhost/127.0.0.1:56013] for GET '/session/c1047e6c59fd5a880fac09e97bf90429/element/9a55ba86-5f14-45f6-bc65-dc87bafa2358/enabled'
16:26:33.026 [AsyncHttpClient-1-7] DEBUG org.asynchttpclient.netty.handler.HttpHandler - 

Request DefaultFullHttpRequest(decodeResult: success, version: HTTP/1.1, content: EmptyByteBufBE)
GET /session/c1047e6c59fd5a880fac09e97bf90429/element/9a55ba86-5f14-45f6-bc65-dc87bafa2358/enabled HTTP/1.1
User-Agent: selenium/4.1.2 (java windows)
Cache-Control: no-cache
Content-Type: application/json; charset=utf-8
host: localhost:56013
accept: */*

Response DefaultHttpResponse(decodeResult: success, version: HTTP/1.1)
HTTP/1.1 200 OK
Content-Type: application/json; charset=utf-8
cache-control: no-cache
content-length: 14

16:26:33.026 [AsyncHttpClient-1-7] DEBUG org.asynchttpclient.netty.channel.ChannelManager - Adding key: http://localhost:56013 for channel [id: 0x6fbc1fa9, L:/127.0.0.1:55367 - R:localhost/127.0.0.1:56013]
16:26:33.026 [Forwarding isElementEnabled on session c1047e6c59fd5a880fac09e97bf90429 to remote] DEBUG org.asynchttpclient.netty.request.NettyRequestSender - Using pooled Channel '[id: 0x6fbc1fa9, L:/127.0.0.1:55367 - R:localhost/127.0.0.1:56013]' for 'GET' to 'http://localhost:56013/session/c1047e6c59fd5a880fac09e97bf90429/element/9a55ba86-5f14-45f6-bc65-dc87bafa2358/enabled'
16:26:33.026 [Forwarding isElementEnabled on session c1047e6c59fd5a880fac09e97bf90429 to remote] DEBUG org.asynchttpclient.netty.request.NettyRequestSender - Using open Channel [id: 0x6fbc1fa9, L:/127.0.0.1:55367 - R:localhost/127.0.0.1:56013] for GET '/session/c1047e6c59fd5a880fac09e97bf90429/element/9a55ba86-5f14-45f6-bc65-dc87bafa2358/enabled'
16:26:33.034 [AsyncHttpClient-1-7] DEBUG org.asynchttpclient.netty.handler.HttpHandler - 

Request DefaultFullHttpRequest(decodeResult: success, version: HTTP/1.1, content: EmptyByteBufBE)
GET /session/c1047e6c59fd5a880fac09e97bf90429/element/9a55ba86-5f14-45f6-bc65-dc87bafa2358/enabled HTTP/1.1
User-Agent: selenium/4.1.2 (java windows)
Cache-Control: no-cache
Content-Type: application/json; charset=utf-8
host: localhost:56013
accept: */*

Response DefaultHttpResponse(decodeResult: success, version: HTTP/1.1)
HTTP/1.1 200 OK
Content-Type: application/json; charset=utf-8
cache-control: no-cache
content-length: 14

16:26:33.034 [AsyncHttpClient-1-7] DEBUG org.asynchttpclient.netty.channel.ChannelManager - Adding key: http://localhost:56013 for channel [id: 0x6fbc1fa9, L:/127.0.0.1:55367 - R:localhost/127.0.0.1:56013]
16:26:33.040 [Forwarding findElement on session c1047e6c59fd5a880fac09e97bf90429 to remote] DEBUG org.asynchttpclient.netty.request.NettyRequestSender - Using pooled Channel '[id: 0x6fbc1fa9, L:/127.0.0.1:55367 - R:localhost/127.0.0.1:56013]' for 'POST' to 'http://localhost:56013/session/c1047e6c59fd5a880fac09e97bf90429/element'
16:26:33.040 [Forwarding findElement on session c1047e6c59fd5a880fac09e97bf90429 to remote] DEBUG org.asynchttpclient.netty.request.NettyRequestSender - Using open Channel [id: 0x6fbc1fa9, L:/127.0.0.1:55367 - R:localhost/127.0.0.1:56013] for POST '/session/c1047e6c59fd5a880fac09e97bf90429/element'
16:26:33.041 [AsyncHttpClient-1-7] DEBUG org.asynchttpclient.netty.handler.HttpHandler - 

Request DefaultHttpRequest(decodeResult: success, version: HTTP/1.1)
POST /session/c1047e6c59fd5a880fac09e97bf90429/element HTTP/1.1
User-Agent: selenium/4.1.2 (java windows)
Content-Length: 136
Content-Type: application/json; charset=utf-8
host: localhost:56013
accept: */*

Response DefaultHttpResponse(decodeResult: success, version: HTTP/1.1)
HTTP/1.1 200 OK
Content-Type: application/json; charset=utf-8
cache-control: no-cache
content-length: 88

16:26:33.041 [AsyncHttpClient-1-7] DEBUG org.asynchttpclient.netty.channel.ChannelManager - Adding key: http://localhost:56013 for channel [id: 0x6fbc1fa9, L:/127.0.0.1:55367 - R:localhost/127.0.0.1:56013]
16:26:33.041 [Forwarding clickElement on session c1047e6c59fd5a880fac09e97bf90429 to remote] DEBUG org.asynchttpclient.netty.request.NettyRequestSender - Using pooled Channel '[id: 0x6fbc1fa9, L:/127.0.0.1:55367 - R:localhost/127.0.0.1:56013]' for 'POST' to 'http://localhost:56013/session/c1047e6c59fd5a880fac09e97bf90429/element/9a55ba86-5f14-45f6-bc65-dc87bafa2358/click'
16:26:33.041 [Forwarding clickElement on session c1047e6c59fd5a880fac09e97bf90429 to remote] DEBUG org.asynchttpclient.netty.request.NettyRequestSender - Using open Channel [id: 0x6fbc1fa9, L:/127.0.0.1:55367 - R:localhost/127.0.0.1:56013] for POST '/session/c1047e6c59fd5a880fac09e97bf90429/element/9a55ba86-5f14-45f6-bc65-dc87bafa2358/click'
16:26:33.084 [AsyncHttpClient-1-7] DEBUG org.asynchttpclient.netty.handler.HttpHandler - 

Request DefaultHttpRequest(decodeResult: success, version: HTTP/1.1)
POST /session/c1047e6c59fd5a880fac09e97bf90429/element/9a55ba86-5f14-45f6-bc65-dc87bafa2358/click HTTP/1.1
User-Agent: selenium/4.1.2 (java windows)
Content-Length: 50
Content-Type: application/json; charset=utf-8
host: localhost:56013
accept: */*

Response DefaultHttpResponse(decodeResult: success, version: HTTP/1.1)
HTTP/1.1 200 OK
Content-Type: application/json; charset=utf-8
cache-control: no-cache
content-length: 14

16:26:33.084 [AsyncHttpClient-1-7] DEBUG org.asynchttpclient.netty.channel.ChannelManager - Adding key: http://localhost:56013 for channel [id: 0x6fbc1fa9, L:/127.0.0.1:55367 - R:localhost/127.0.0.1:56013]
16:26:33.084 [Forwarding screenshot on session c1047e6c59fd5a880fac09e97bf90429 to remote] DEBUG org.asynchttpclient.netty.request.NettyRequestSender - Using pooled Channel '[id: 0x6fbc1fa9, L:/127.0.0.1:55367 - R:localhost/127.0.0.1:56013]' for 'GET' to 'http://localhost:56013/session/c1047e6c59fd5a880fac09e97bf90429/screenshot'
16:26:33.084 [Forwarding screenshot on session c1047e6c59fd5a880fac09e97bf90429 to remote] DEBUG org.asynchttpclient.netty.request.NettyRequestSender - Using open Channel [id: 0x6fbc1fa9, L:/127.0.0.1:55367 - R:localhost/127.0.0.1:56013] for GET '/session/c1047e6c59fd5a880fac09e97bf90429/screenshot'
16:26:33.224 [AsyncHttpClient-1-7] DEBUG org.asynchttpclient.netty.handler.HttpHandler - 

Request DefaultFullHttpRequest(decodeResult: success, version: HTTP/1.1, content: EmptyByteBufBE)
GET /session/c1047e6c59fd5a880fac09e97bf90429/screenshot HTTP/1.1
User-Agent: selenium/4.1.2 (java windows)
Cache-Control: no-cache
Content-Type: application/json; charset=utf-8
host: localhost:56013
accept: */*

Response DefaultHttpResponse(decodeResult: success, version: HTTP/1.1)
HTTP/1.1 200 OK
Content-Type: application/json; charset=utf-8
cache-control: no-cache
content-length: 30580

16:26:33.224 [AsyncHttpClient-1-7] DEBUG org.asynchttpclient.netty.channel.ChannelManager - Adding key: http://localhost:56013 for channel [id: 0x6fbc1fa9, L:/127.0.0.1:55367 - R:localhost/127.0.0.1:56013]
16:26:33.224 [main] DEBUG net.serenitybdd.core.photography.Darkroom - Send negative for processing for target\site\serenity\fe729e9dda618ef367c589c59bdf02927144d37e5fd4ab6f49422b6f0c9f0c94.png
16:26:33.224 [main] DEBUG net.thucydides.core.steps.StepInterceptor - STEP DONE: clickLoginButton
  &amp#27;[32mAnd &amp#27;[0m&amp#27;[32mI click button login&amp#27;[0m               &amp#27;[90m# Starter.StepDefinitions.TransactionsStep.clickLoginButton()&amp#27;[0m
16:26:33.224 [Darkroom Processing Line] DEBUG net.serenitybdd.core.photography.DarkroomProcessingLine - Processing screenshot image in /var/screenshots/screenshot-2956401164891186651
16:26:33.224 [Darkroom Processing Line] DEBUG net.serenitybdd.core.photography.DarkroomProcessingLine - Saving screenshot to target\site\serenity\fe729e9dda618ef367c589c59bdf02927144d37e5fd4ab6f49422b6f0c9f0c94.png
16:26:33.230 [main] DEBUG net.thucydides.core.steps.StepInterceptor - STARTING STEP: TransactionsStep.iClickButtonBuy - clickProductSatu
16:26:33.238 [Forwarding findElement on session c1047e6c59fd5a880fac09e97bf90429 to remote] DEBUG org.asynchttpclient.netty.request.NettyRequestSender - Using pooled Channel '[id: 0x6fbc1fa9, L:/127.0.0.1:55367 - R:localhost/127.0.0.1:56013]' for 'POST' to 'http://localhost:56013/session/c1047e6c59fd5a880fac09e97bf90429/element'
16:26:33.238 [Forwarding findElement on session c1047e6c59fd5a880fac09e97bf90429 to remote] DEBUG org.asynchttpclient.netty.request.NettyRequestSender - Using open Channel [id: 0x6fbc1fa9, L:/127.0.0.1:55367 - R:localhost/127.0.0.1:56013] for POST '/session/c1047e6c59fd5a880fac09e97bf90429/element'
16:26:33.425 [AsyncHttpClient-1-1] DEBUG org.asynchttpclient.netty.channel.DefaultChannelPool - Entry count for : http://localhost:55368 : 1
16:26:34.515 [AsyncHttpClient-1-1] DEBUG org.asynchttpclient.netty.channel.DefaultChannelPool - Entry count for : http://localhost:55368 : 1
16:26:34.927 [AsyncHttpClient-1-7] DEBUG org.asynchttpclient.netty.handler.HttpHandler - 

Request DefaultHttpRequest(decodeResult: success, version: HTTP/1.1)
POST /session/c1047e6c59fd5a880fac09e97bf90429/element HTTP/1.1
User-Agent: selenium/4.1.2 (java windows)
Content-Length: 122
Content-Type: application/json; charset=utf-8
host: localhost:56013
accept: */*

Response DefaultHttpResponse(decodeResult: success, version: HTTP/1.1)
HTTP/1.1 200 OK
Content-Type: application/json; charset=utf-8
cache-control: no-cache
content-length: 88

16:26:34.927 [AsyncHttpClient-1-7] DEBUG org.asynchttpclient.netty.channel.ChannelManager - Adding key: http://localhost:56013 for channel [id: 0x6fbc1fa9, L:/127.0.0.1:55367 - R:localhost/127.0.0.1:56013]
16:26:34.927 [Forwarding getElementTagName on session c1047e6c59fd5a880fac09e97bf90429 to remote] DEBUG org.asynchttpclient.netty.request.NettyRequestSender - Using pooled Channel '[id: 0x6fbc1fa9, L:/127.0.0.1:55367 - R:localhost/127.0.0.1:56013]' for 'GET' to 'http://localhost:56013/session/c1047e6c59fd5a880fac09e97bf90429/element/85f87ec4-4cd6-4caa-9118-d4f45af396d1/name'
16:26:34.927 [Forwarding getElementTagName on session c1047e6c59fd5a880fac09e97bf90429 to remote] DEBUG org.asynchttpclient.netty.request.NettyRequestSender - Using open Channel [id: 0x6fbc1fa9, L:/127.0.0.1:55367 - R:localhost/127.0.0.1:56013] for GET '/session/c1047e6c59fd5a880fac09e97bf90429/element/85f87ec4-4cd6-4caa-9118-d4f45af396d1/name'
16:26:34.935 [AsyncHttpClient-1-7] DEBUG org.asynchttpclient.netty.handler.HttpHandler - 

Request DefaultFullHttpRequest(decodeResult: success, version: HTTP/1.1, content: EmptyByteBufBE)
GET /session/c1047e6c59fd5a880fac09e97bf90429/element/85f87ec4-4cd6-4caa-9118-d4f45af396d1/name HTTP/1.1
User-Agent: selenium/4.1.2 (java windows)
Cache-Control: no-cache
Content-Type: application/json; charset=utf-8
host: localhost:56013
accept: */*

Response DefaultHttpResponse(decodeResult: success, version: HTTP/1.1)
HTTP/1.1 200 OK
Content-Type: application/json; charset=utf-8
cache-control: no-cache
content-length: 16

16:26:34.935 [AsyncHttpClient-1-7] DEBUG org.asynchttpclient.netty.channel.ChannelManager - Adding key: http://localhost:56013 for channel [id: 0x6fbc1fa9, L:/127.0.0.1:55367 - R:localhost/127.0.0.1:56013]
16:26:34.935 [Forwarding getElementTagName on session c1047e6c59fd5a880fac09e97bf90429 to remote] DEBUG org.asynchttpclient.netty.request.NettyRequestSender - Using pooled Channel '[id: 0x6fbc1fa9, L:/127.0.0.1:55367 - R:localhost/127.0.0.1:56013]' for 'GET' to 'http://localhost:56013/session/c1047e6c59fd5a880fac09e97bf90429/element/85f87ec4-4cd6-4caa-9118-d4f45af396d1/name'
16:26:34.935 [Forwarding getElementTagName on session c1047e6c59fd5a880fac09e97bf90429 to remote] DEBUG org.asynchttpclient.netty.request.NettyRequestSender - Using open Channel [id: 0x6fbc1fa9, L:/127.0.0.1:55367 - R:localhost/127.0.0.1:56013] for GET '/session/c1047e6c59fd5a880fac09e97bf90429/element/85f87ec4-4cd6-4caa-9118-d4f45af396d1/name'
16:26:34.935 [AsyncHttpClient-1-7] DEBUG org.asynchttpclient.netty.handler.HttpHandler - 

Request DefaultFullHttpRequest(decodeResult: success, version: HTTP/1.1, content: EmptyByteBufBE)
GET /session/c1047e6c59fd5a880fac09e97bf90429/element/85f87ec4-4cd6-4caa-9118-d4f45af396d1/name HTTP/1.1
User-Agent: selenium/4.1.2 (java windows)
Cache-Control: no-cache
Content-Type: application/json; charset=utf-8
host: localhost:56013
accept: */*

Response DefaultHttpResponse(decodeResult: success, version: HTTP/1.1)
HTTP/1.1 200 OK
Content-Type: application/json; charset=utf-8
cache-control: no-cache
content-length: 16

16:26:34.935 [AsyncHttpClient-1-7] DEBUG org.asynchttpclient.netty.channel.ChannelManager - Adding key: http://localhost:56013 for channel [id: 0x6fbc1fa9, L:/127.0.0.1:55367 - R:localhost/127.0.0.1:56013]
16:26:34.935 [Forwarding findElement on session c1047e6c59fd5a880fac09e97bf90429 to remote] DEBUG org.asynchttpclient.netty.request.NettyRequestSender - Using pooled Channel '[id: 0x6fbc1fa9, L:/127.0.0.1:55367 - R:localhost/127.0.0.1:56013]' for 'POST' to 'http://localhost:56013/session/c1047e6c59fd5a880fac09e97bf90429/element'
16:26:34.935 [Forwarding findElement on session c1047e6c59fd5a880fac09e97bf90429 to remote] DEBUG org.asynchttpclient.netty.request.NettyRequestSender - Using open Channel [id: 0x6fbc1fa9, L:/127.0.0.1:55367 - R:localhost/127.0.0.1:56013] for POST '/session/c1047e6c59fd5a880fac09e97bf90429/element'
16:26:34.951 [AsyncHttpClient-1-7] DEBUG org.asynchttpclient.netty.handler.HttpHandler - 

Request DefaultHttpRequest(decodeResult: success, version: HTTP/1.1)
POST /session/c1047e6c59fd5a880fac09e97bf90429/element HTTP/1.1
User-Agent: selenium/4.1.2 (java windows)
Content-Length: 122
Content-Type: application/json; charset=utf-8
host: localhost:56013
accept: */*

Response DefaultHttpResponse(decodeResult: success, version: HTTP/1.1)
HTTP/1.1 200 OK
Content-Type: application/json; charset=utf-8
cache-control: no-cache
content-length: 88

16:26:34.951 [AsyncHttpClient-1-7] DEBUG org.asynchttpclient.netty.channel.ChannelManager - Adding key: http://localhost:56013 for channel [id: 0x6fbc1fa9, L:/127.0.0.1:55367 - R:localhost/127.0.0.1:56013]
16:26:34.951 [Forwarding clickElement on session c1047e6c59fd5a880fac09e97bf90429 to remote] DEBUG org.asynchttpclient.netty.request.NettyRequestSender - Using pooled Channel '[id: 0x6fbc1fa9, L:/127.0.0.1:55367 - R:localhost/127.0.0.1:56013]' for 'POST' to 'http://localhost:56013/session/c1047e6c59fd5a880fac09e97bf90429/element/85f87ec4-4cd6-4caa-9118-d4f45af396d1/click'
16:26:34.951 [Forwarding clickElement on session c1047e6c59fd5a880fac09e97bf90429 to remote] DEBUG org.asynchttpclient.netty.request.NettyRequestSender - Using open Channel [id: 0x6fbc1fa9, L:/127.0.0.1:55367 - R:localhost/127.0.0.1:56013] for POST '/session/c1047e6c59fd5a880fac09e97bf90429/element/85f87ec4-4cd6-4caa-9118-d4f45af396d1/click'
16:26:35.007 [AsyncHttpClient-1-7] DEBUG org.asynchttpclient.netty.handler.HttpHandler - 

Request DefaultHttpRequest(decodeResult: success, version: HTTP/1.1)
POST /session/c1047e6c59fd5a880fac09e97bf90429/element/85f87ec4-4cd6-4caa-9118-d4f45af396d1/click HTTP/1.1
User-Agent: selenium/4.1.2 (java windows)
Content-Length: 50
Content-Type: application/json; charset=utf-8
host: localhost:56013
accept: */*

Response DefaultHttpResponse(decodeResult: success, version: HTTP/1.1)
HTTP/1.1 200 OK
Content-Type: application/json; charset=utf-8
cache-control: no-cache
content-length: 14

16:26:35.007 [AsyncHttpClient-1-7] DEBUG org.asynchttpclient.netty.channel.ChannelManager - Adding key: http://localhost:56013 for channel [id: 0x6fbc1fa9, L:/127.0.0.1:55367 - R:localhost/127.0.0.1:56013]
16:26:35.007 [Forwarding screenshot on session c1047e6c59fd5a880fac09e97bf90429 to remote] DEBUG org.asynchttpclient.netty.request.NettyRequestSender - Using pooled Channel '[id: 0x6fbc1fa9, L:/127.0.0.1:55367 - R:localhost/127.0.0.1:56013]' for 'GET' to 'http://localhost:56013/session/c1047e6c59fd5a880fac09e97bf90429/screenshot'
16:26:35.007 [Forwarding screenshot on session c1047e6c59fd5a880fac09e97bf90429 to remote] DEBUG org.asynchttpclient.netty.request.NettyRequestSender - Using open Channel [id: 0x6fbc1fa9, L:/127.0.0.1:55367 - R:localhost/127.0.0.1:56013] for GET '/session/c1047e6c59fd5a880fac09e97bf90429/screenshot'
16:26:35.136 [AsyncHttpClient-1-7] DEBUG org.asynchttpclient.netty.handler.HttpHandler - 

Request DefaultFullHttpRequest(decodeResult: success, version: HTTP/1.1, content: EmptyByteBufBE)
GET /session/c1047e6c59fd5a880fac09e97bf90429/screenshot HTTP/1.1
User-Agent: selenium/4.1.2 (java windows)
Cache-Control: no-cache
Content-Type: application/json; charset=utf-8
host: localhost:56013
accept: */*

Response DefaultHttpResponse(decodeResult: success, version: HTTP/1.1)
HTTP/1.1 200 OK
Content-Type: application/json; charset=utf-8
cache-control: no-cache
content-length: 85396

16:26:35.136 [AsyncHttpClient-1-7] DEBUG org.asynchttpclient.netty.channel.ChannelManager - Adding key: http://localhost:56013 for channel [id: 0x6fbc1fa9, L:/127.0.0.1:55367 - R:localhost/127.0.0.1:56013]
16:26:35.136 [main] DEBUG net.serenitybdd.core.photography.Darkroom - Send negative for processing for target\site\serenity\0d88cfb7365cec244affaa173883f0e8dffee6b3f6257fa55234c85bb1d01763.png
16:26:35.136 [main] DEBUG net.thucydides.core.steps.StepInterceptor - STEP DONE: clickProductSatu
  &amp#27;[32mAnd &amp#27;[0m&amp#27;[32mI click buy product&amp#27;[0m                &amp#27;[90m# Starter.StepDefinitions.TransactionsStep.iClickButtonBuy()&amp#27;[0m
16:26:35.136 [Darkroom Processing Line] DEBUG net.serenitybdd.core.photography.DarkroomProcessingLine - Processing screenshot image in /var/screenshots/screenshot-9628180623039468074
16:26:35.136 [Darkroom Processing Line] DEBUG net.serenitybdd.core.photography.DarkroomProcessingLine - Saving screenshot to target\site\serenity\0d88cfb7365cec244affaa173883f0e8dffee6b3f6257fa55234c85bb1d01763.png
16:26:35.144 [main] DEBUG net.thucydides.core.steps.StepInterceptor - STARTING STEP: TransactionsStep.clickButtonCart - clickButtonCart
16:26:35.144 [Forwarding findElement on session c1047e6c59fd5a880fac09e97bf90429 to remote] DEBUG org.asynchttpclient.netty.request.NettyRequestSender - Using pooled Channel '[id: 0x6fbc1fa9, L:/127.0.0.1:55367 - R:localhost/127.0.0.1:56013]' for 'POST' to 'http://localhost:56013/session/c1047e6c59fd5a880fac09e97bf90429/element'
16:26:35.144 [Forwarding findElement on session c1047e6c59fd5a880fac09e97bf90429 to remote] DEBUG org.asynchttpclient.netty.request.NettyRequestSender - Using open Channel [id: 0x6fbc1fa9, L:/127.0.0.1:55367 - R:localhost/127.0.0.1:56013] for POST '/session/c1047e6c59fd5a880fac09e97bf90429/element'
16:26:35.162 [AsyncHttpClient-1-7] DEBUG org.asynchttpclient.netty.handler.HttpHandler - 

Request DefaultHttpRequest(decodeResult: success, version: HTTP/1.1)
POST /session/c1047e6c59fd5a880fac09e97bf90429/element HTTP/1.1
User-Agent: selenium/4.1.2 (java windows)
Content-Length: 127
Content-Type: application/json; charset=utf-8
host: localhost:56013
accept: */*

Response DefaultHttpResponse(decodeResult: success, version: HTTP/1.1)
HTTP/1.1 200 OK
Content-Type: application/json; charset=utf-8
cache-control: no-cache
content-length: 88

16:26:35.162 [AsyncHttpClient-1-7] DEBUG org.asynchttpclient.netty.channel.ChannelManager - Adding key: http://localhost:56013 for channel [id: 0x6fbc1fa9, L:/127.0.0.1:55367 - R:localhost/127.0.0.1:56013]
16:26:35.162 [Forwarding getElementTagName on session c1047e6c59fd5a880fac09e97bf90429 to remote] DEBUG org.asynchttpclient.netty.request.NettyRequestSender - Using pooled Channel '[id: 0x6fbc1fa9, L:/127.0.0.1:55367 - R:localhost/127.0.0.1:56013]' for 'GET' to 'http://localhost:56013/session/c1047e6c59fd5a880fac09e97bf90429/element/948506c5-3e16-4178-93cf-e8b5a26a2def/name'
16:26:35.162 [Forwarding getElementTagName on session c1047e6c59fd5a880fac09e97bf90429 to remote] DEBUG org.asynchttpclient.netty.request.NettyRequestSender - Using open Channel [id: 0x6fbc1fa9, L:/127.0.0.1:55367 - R:localhost/127.0.0.1:56013] for GET '/session/c1047e6c59fd5a880fac09e97bf90429/element/948506c5-3e16-4178-93cf-e8b5a26a2def/name'
16:26:35.170 [AsyncHttpClient-1-7] DEBUG org.asynchttpclient.netty.handler.HttpHandler - 

Request DefaultFullHttpRequest(decodeResult: success, version: HTTP/1.1, content: EmptyByteBufBE)
GET /session/c1047e6c59fd5a880fac09e97bf90429/element/948506c5-3e16-4178-93cf-e8b5a26a2def/name HTTP/1.1
User-Agent: selenium/4.1.2 (java windows)
Cache-Control: no-cache
Content-Type: application/json; charset=utf-8
host: localhost:56013
accept: */*

Response DefaultHttpResponse(decodeResult: success, version: HTTP/1.1)
HTTP/1.1 200 OK
Content-Type: application/json; charset=utf-8
cache-control: no-cache
content-length: 16

16:26:35.170 [AsyncHttpClient-1-7] DEBUG org.asynchttpclient.netty.channel.ChannelManager - Adding key: http://localhost:56013 for channel [id: 0x6fbc1fa9, L:/127.0.0.1:55367 - R:localhost/127.0.0.1:56013]
16:26:35.170 [Forwarding getElementTagName on session c1047e6c59fd5a880fac09e97bf90429 to remote] DEBUG org.asynchttpclient.netty.request.NettyRequestSender - Using pooled Channel '[id: 0x6fbc1fa9, L:/127.0.0.1:55367 - R:localhost/127.0.0.1:56013]' for 'GET' to 'http://localhost:56013/session/c1047e6c59fd5a880fac09e97bf90429/element/948506c5-3e16-4178-93cf-e8b5a26a2def/name'
16:26:35.170 [Forwarding getElementTagName on session c1047e6c59fd5a880fac09e97bf90429 to remote] DEBUG org.asynchttpclient.netty.request.NettyRequestSender - Using open Channel [id: 0x6fbc1fa9, L:/127.0.0.1:55367 - R:localhost/127.0.0.1:56013] for GET '/session/c1047e6c59fd5a880fac09e97bf90429/element/948506c5-3e16-4178-93cf-e8b5a26a2def/name'
16:26:35.170 [AsyncHttpClient-1-7] DEBUG org.asynchttpclient.netty.handler.HttpHandler - 

Request DefaultFullHttpRequest(decodeResult: success, version: HTTP/1.1, content: EmptyByteBufBE)
GET /session/c1047e6c59fd5a880fac09e97bf90429/element/948506c5-3e16-4178-93cf-e8b5a26a2def/name HTTP/1.1
User-Agent: selenium/4.1.2 (java windows)
Cache-Control: no-cache
Content-Type: application/json; charset=utf-8
host: localhost:56013
accept: */*

Response DefaultHttpResponse(decodeResult: success, version: HTTP/1.1)
HTTP/1.1 200 OK
Content-Type: application/json; charset=utf-8
cache-control: no-cache
content-length: 16

16:26:35.170 [AsyncHttpClient-1-7] DEBUG org.asynchttpclient.netty.channel.ChannelManager - Adding key: http://localhost:56013 for channel [id: 0x6fbc1fa9, L:/127.0.0.1:55367 - R:localhost/127.0.0.1:56013]
16:26:35.178 [Forwarding findElement on session c1047e6c59fd5a880fac09e97bf90429 to remote] DEBUG org.asynchttpclient.netty.request.NettyRequestSender - Using pooled Channel '[id: 0x6fbc1fa9, L:/127.0.0.1:55367 - R:localhost/127.0.0.1:56013]' for 'POST' to 'http://localhost:56013/session/c1047e6c59fd5a880fac09e97bf90429/element'
16:26:35.178 [Forwarding findElement on session c1047e6c59fd5a880fac09e97bf90429 to remote] DEBUG org.asynchttpclient.netty.request.NettyRequestSender - Using open Channel [id: 0x6fbc1fa9, L:/127.0.0.1:55367 - R:localhost/127.0.0.1:56013] for POST '/session/c1047e6c59fd5a880fac09e97bf90429/element'
16:26:35.186 [AsyncHttpClient-1-7] DEBUG org.asynchttpclient.netty.handler.HttpHandler - 

Request DefaultHttpRequest(decodeResult: success, version: HTTP/1.1)
POST /session/c1047e6c59fd5a880fac09e97bf90429/element HTTP/1.1
User-Agent: selenium/4.1.2 (java windows)
Content-Length: 127
Content-Type: application/json; charset=utf-8
host: localhost:56013
accept: */*

Response DefaultHttpResponse(decodeResult: success, version: HTTP/1.1)
HTTP/1.1 200 OK
Content-Type: application/json; charset=utf-8
cache-control: no-cache
content-length: 88

16:26:35.186 [AsyncHttpClient-1-7] DEBUG org.asynchttpclient.netty.channel.ChannelManager - Adding key: http://localhost:56013 for channel [id: 0x6fbc1fa9, L:/127.0.0.1:55367 - R:localhost/127.0.0.1:56013]
16:26:35.186 [Forwarding clickElement on session c1047e6c59fd5a880fac09e97bf90429 to remote] DEBUG org.asynchttpclient.netty.request.NettyRequestSender - Using pooled Channel '[id: 0x6fbc1fa9, L:/127.0.0.1:55367 - R:localhost/127.0.0.1:56013]' for 'POST' to 'http://localhost:56013/session/c1047e6c59fd5a880fac09e97bf90429/element/948506c5-3e16-4178-93cf-e8b5a26a2def/click'
16:26:35.186 [Forwarding clickElement on session c1047e6c59fd5a880fac09e97bf90429 to remote] DEBUG org.asynchttpclient.netty.request.NettyRequestSender - Using open Channel [id: 0x6fbc1fa9, L:/127.0.0.1:55367 - R:localhost/127.0.0.1:56013] for POST '/session/c1047e6c59fd5a880fac09e97bf90429/element/948506c5-3e16-4178-93cf-e8b5a26a2def/click'
16:26:35.222 [AsyncHttpClient-1-7] DEBUG org.asynchttpclient.netty.handler.HttpHandler - 

Request DefaultHttpRequest(decodeResult: success, version: HTTP/1.1)
POST /session/c1047e6c59fd5a880fac09e97bf90429/element/948506c5-3e16-4178-93cf-e8b5a26a2def/click HTTP/1.1
User-Agent: selenium/4.1.2 (java windows)
Content-Length: 50
Content-Type: application/json; charset=utf-8
host: localhost:56013
accept: */*

Response DefaultHttpResponse(decodeResult: success, version: HTTP/1.1)
HTTP/1.1 200 OK
Content-Type: application/json; charset=utf-8
cache-control: no-cache
content-length: 14

16:26:35.222 [AsyncHttpClient-1-7] DEBUG org.asynchttpclient.netty.channel.ChannelManager - Adding key: http://localhost:56013 for channel [id: 0x6fbc1fa9, L:/127.0.0.1:55367 - R:localhost/127.0.0.1:56013]
16:26:35.231 [Forwarding screenshot on session c1047e6c59fd5a880fac09e97bf90429 to remote] DEBUG org.asynchttpclient.netty.request.NettyRequestSender - Using pooled Channel '[id: 0x6fbc1fa9, L:/127.0.0.1:55367 - R:localhost/127.0.0.1:56013]' for 'GET' to 'http://localhost:56013/session/c1047e6c59fd5a880fac09e97bf90429/screenshot'
16:26:35.231 [Forwarding screenshot on session c1047e6c59fd5a880fac09e97bf90429 to remote] DEBUG org.asynchttpclient.netty.request.NettyRequestSender - Using open Channel [id: 0x6fbc1fa9, L:/127.0.0.1:55367 - R:localhost/127.0.0.1:56013] for GET '/session/c1047e6c59fd5a880fac09e97bf90429/screenshot'
16:26:35.473 [AsyncHttpClient-1-7] DEBUG org.asynchttpclient.netty.handler.HttpHandler - 

Request DefaultFullHttpRequest(decodeResult: success, version: HTTP/1.1, content: EmptyByteBufBE)
GET /session/c1047e6c59fd5a880fac09e97bf90429/screenshot HTTP/1.1
User-Agent: selenium/4.1.2 (java windows)
Cache-Control: no-cache
Content-Type: application/json; charset=utf-8
host: localhost:56013
accept: */*

Response DefaultHttpResponse(decodeResult: success, version: HTTP/1.1)
HTTP/1.1 200 OK
Content-Type: application/json; charset=utf-8
cache-control: no-cache
content-length: 32976

16:26:35.473 [AsyncHttpClient-1-7] DEBUG org.asynchttpclient.netty.channel.ChannelManager - Adding key: http://localhost:56013 for channel [id: 0x6fbc1fa9, L:/127.0.0.1:55367 - R:localhost/127.0.0.1:56013]
16:26:35.473 [main] DEBUG net.serenitybdd.core.photography.Darkroom - Send negative for processing for target\site\serenity\e1444b67b2fe079dc2999707a63ee755f6968308d7462520e02a6ff6056f86a7.png
16:26:35.473 [main] DEBUG net.thucydides.core.steps.StepInterceptor - STEP DONE: clickButtonCart
  &amp#27;[32mWhen &amp#27;[0m&amp#27;[32mI choose button cart&amp#27;[0m              &amp#27;[90m# Starter.StepDefinitions.TransactionsStep.clickButtonCart()&amp#27;[0m
16:26:35.473 [Darkroom Processing Line] DEBUG net.serenitybdd.core.photography.DarkroomProcessingLine - Processing screenshot image in /var/screenshots/screenshot-9268398481266539988
16:26:35.473 [Darkroom Processing Line] DEBUG net.serenitybdd.core.photography.DarkroomProcessingLine - Saving screenshot to target\site\serenity\e1444b67b2fe079dc2999707a63ee755f6968308d7462520e02a6ff6056f86a7.png
16:26:35.478 [main] DEBUG net.thucydides.core.steps.StepInterceptor - STARTING STEP: TransactionsStep.iClickButtonPlus - clickAddQuantity
16:26:35.486 [Forwarding findElement on session c1047e6c59fd5a880fac09e97bf90429 to remote] DEBUG org.asynchttpclient.netty.request.NettyRequestSender - Using pooled Channel '[id: 0x6fbc1fa9, L:/127.0.0.1:55367 - R:localhost/127.0.0.1:56013]' for 'POST' to 'http://localhost:56013/session/c1047e6c59fd5a880fac09e97bf90429/element'
16:26:35.486 [Forwarding findElement on session c1047e6c59fd5a880fac09e97bf90429 to remote] DEBUG org.asynchttpclient.netty.request.NettyRequestSender - Using open Channel [id: 0x6fbc1fa9, L:/127.0.0.1:55367 - R:localhost/127.0.0.1:56013] for POST '/session/c1047e6c59fd5a880fac09e97bf90429/element'
16:26:35.488 [AsyncHttpClient-1-7] DEBUG org.asynchttpclient.netty.handler.HttpHandler - 

Request DefaultHttpRequest(decodeResult: success, version: HTTP/1.1)
POST /session/c1047e6c59fd5a880fac09e97bf90429/element HTTP/1.1
User-Agent: selenium/4.1.2 (java windows)
Content-Length: 68
Content-Type: application/json; charset=utf-8
host: localhost:56013
accept: */*

Response DefaultHttpResponse(decodeResult: success, version: HTTP/1.1)
HTTP/1.1 200 OK
Content-Type: application/json; charset=utf-8
cache-control: no-cache
content-length: 88

16:26:35.488 [AsyncHttpClient-1-7] DEBUG org.asynchttpclient.netty.channel.ChannelManager - Adding key: http://localhost:56013 for channel [id: 0x6fbc1fa9, L:/127.0.0.1:55367 - R:localhost/127.0.0.1:56013]
16:26:35.496 [Forwarding getElementTagName on session c1047e6c59fd5a880fac09e97bf90429 to remote] DEBUG org.asynchttpclient.netty.request.NettyRequestSender - Using pooled Channel '[id: 0x6fbc1fa9, L:/127.0.0.1:55367 - R:localhost/127.0.0.1:56013]' for 'GET' to 'http://localhost:56013/session/c1047e6c59fd5a880fac09e97bf90429/element/94fe0caf-5d52-43d8-94a2-fb9ccf521dd7/name'
16:26:35.496 [Forwarding getElementTagName on session c1047e6c59fd5a880fac09e97bf90429 to remote] DEBUG org.asynchttpclient.netty.request.NettyRequestSender - Using open Channel [id: 0x6fbc1fa9, L:/127.0.0.1:55367 - R:localhost/127.0.0.1:56013] for GET '/session/c1047e6c59fd5a880fac09e97bf90429/element/94fe0caf-5d52-43d8-94a2-fb9ccf521dd7/name'
16:26:35.496 [AsyncHttpClient-1-7] DEBUG org.asynchttpclient.netty.handler.HttpHandler - 

Request DefaultFullHttpRequest(decodeResult: success, version: HTTP/1.1, content: EmptyByteBufBE)
GET /session/c1047e6c59fd5a880fac09e97bf90429/element/94fe0caf-5d52-43d8-94a2-fb9ccf521dd7/name HTTP/1.1
User-Agent: selenium/4.1.2 (java windows)
Cache-Control: no-cache
Content-Type: application/json; charset=utf-8
host: localhost:56013
accept: */*

Response DefaultHttpResponse(decodeResult: success, version: HTTP/1.1)
HTTP/1.1 200 OK
Content-Type: application/json; charset=utf-8
cache-control: no-cache
content-length: 18

16:26:35.496 [AsyncHttpClient-1-7] DEBUG org.asynchttpclient.netty.channel.ChannelManager - Adding key: http://localhost:56013 for channel [id: 0x6fbc1fa9, L:/127.0.0.1:55367 - R:localhost/127.0.0.1:56013]
16:26:35.496 [Forwarding getElementTagName on session c1047e6c59fd5a880fac09e97bf90429 to remote] DEBUG org.asynchttpclient.netty.request.NettyRequestSender - Using pooled Channel '[id: 0x6fbc1fa9, L:/127.0.0.1:55367 - R:localhost/127.0.0.1:56013]' for 'GET' to 'http://localhost:56013/session/c1047e6c59fd5a880fac09e97bf90429/element/94fe0caf-5d52-43d8-94a2-fb9ccf521dd7/name'
16:26:35.496 [Forwarding getElementTagName on session c1047e6c59fd5a880fac09e97bf90429 to remote] DEBUG org.asynchttpclient.netty.request.NettyRequestSender - Using open Channel [id: 0x6fbc1fa9, L:/127.0.0.1:55367 - R:localhost/127.0.0.1:56013] for GET '/session/c1047e6c59fd5a880fac09e97bf90429/element/94fe0caf-5d52-43d8-94a2-fb9ccf521dd7/name'
16:26:35.504 [AsyncHttpClient-1-7] DEBUG org.asynchttpclient.netty.handler.HttpHandler - 

Request DefaultFullHttpRequest(decodeResult: success, version: HTTP/1.1, content: EmptyByteBufBE)
GET /session/c1047e6c59fd5a880fac09e97bf90429/element/94fe0caf-5d52-43d8-94a2-fb9ccf521dd7/name HTTP/1.1
User-Agent: selenium/4.1.2 (java windows)
Cache-Control: no-cache
Content-Type: application/json; charset=utf-8
host: localhost:56013
accept: */*

Response DefaultHttpResponse(decodeResult: success, version: HTTP/1.1)
HTTP/1.1 200 OK
Content-Type: application/json; charset=utf-8
cache-control: no-cache
content-length: 18

16:26:35.504 [AsyncHttpClient-1-7] DEBUG org.asynchttpclient.netty.channel.ChannelManager - Adding key: http://localhost:56013 for channel [id: 0x6fbc1fa9, L:/127.0.0.1:55367 - R:localhost/127.0.0.1:56013]
16:26:35.504 [Forwarding isElementEnabled on session c1047e6c59fd5a880fac09e97bf90429 to remote] DEBUG org.asynchttpclient.netty.request.NettyRequestSender - Using pooled Channel '[id: 0x6fbc1fa9, L:/127.0.0.1:55367 - R:localhost/127.0.0.1:56013]' for 'GET' to 'http://localhost:56013/session/c1047e6c59fd5a880fac09e97bf90429/element/94fe0caf-5d52-43d8-94a2-fb9ccf521dd7/enabled'
16:26:35.504 [Forwarding isElementEnabled on session c1047e6c59fd5a880fac09e97bf90429 to remote] DEBUG org.asynchttpclient.netty.request.NettyRequestSender - Using open Channel [id: 0x6fbc1fa9, L:/127.0.0.1:55367 - R:localhost/127.0.0.1:56013] for GET '/session/c1047e6c59fd5a880fac09e97bf90429/element/94fe0caf-5d52-43d8-94a2-fb9ccf521dd7/enabled'
16:26:35.515 [AsyncHttpClient-1-7] DEBUG org.asynchttpclient.netty.handler.HttpHandler - 

Request DefaultFullHttpRequest(decodeResult: success, version: HTTP/1.1, content: EmptyByteBufBE)
GET /session/c1047e6c59fd5a880fac09e97bf90429/element/94fe0caf-5d52-43d8-94a2-fb9ccf521dd7/enabled HTTP/1.1
User-Agent: selenium/4.1.2 (java windows)
Cache-Control: no-cache
Content-Type: application/json; charset=utf-8
host: localhost:56013
accept: */*

Response DefaultHttpResponse(decodeResult: success, version: HTTP/1.1)
HTTP/1.1 200 OK
Content-Type: application/json; charset=utf-8
cache-control: no-cache
content-length: 14

16:26:35.515 [AsyncHttpClient-1-7] DEBUG org.asynchttpclient.netty.channel.ChannelManager - Adding key: http://localhost:56013 for channel [id: 0x6fbc1fa9, L:/127.0.0.1:55367 - R:localhost/127.0.0.1:56013]
16:26:35.515 [Forwarding isElementEnabled on session c1047e6c59fd5a880fac09e97bf90429 to remote] DEBUG org.asynchttpclient.netty.request.NettyRequestSender - Using pooled Channel '[id: 0x6fbc1fa9, L:/127.0.0.1:55367 - R:localhost/127.0.0.1:56013]' for 'GET' to 'http://localhost:56013/session/c1047e6c59fd5a880fac09e97bf90429/element/94fe0caf-5d52-43d8-94a2-fb9ccf521dd7/enabled'
16:26:35.515 [Forwarding isElementEnabled on session c1047e6c59fd5a880fac09e97bf90429 to remote] DEBUG org.asynchttpclient.netty.request.NettyRequestSender - Using open Channel [id: 0x6fbc1fa9, L:/127.0.0.1:55367 - R:localhost/127.0.0.1:56013] for GET '/session/c1047e6c59fd5a880fac09e97bf90429/element/94fe0caf-5d52-43d8-94a2-fb9ccf521dd7/enabled'
16:26:35.523 [AsyncHttpClient-1-7] DEBUG org.asynchttpclient.netty.handler.HttpHandler - 

Request DefaultFullHttpRequest(decodeResult: success, version: HTTP/1.1, content: EmptyByteBufBE)
GET /session/c1047e6c59fd5a880fac09e97bf90429/element/94fe0caf-5d52-43d8-94a2-fb9ccf521dd7/enabled HTTP/1.1
User-Agent: selenium/4.1.2 (java windows)
Cache-Control: no-cache
Content-Type: application/json; charset=utf-8
host: localhost:56013
accept: */*

Response DefaultHttpResponse(decodeResult: success, version: HTTP/1.1)
HTTP/1.1 200 OK
Content-Type: application/json; charset=utf-8
cache-control: no-cache
content-length: 14

16:26:35.523 [AsyncHttpClient-1-7] DEBUG org.asynchttpclient.netty.channel.ChannelManager - Adding key: http://localhost:56013 for channel [id: 0x6fbc1fa9, L:/127.0.0.1:55367 - R:localhost/127.0.0.1:56013]
16:26:35.523 [Forwarding findElement on session c1047e6c59fd5a880fac09e97bf90429 to remote] DEBUG org.asynchttpclient.netty.request.NettyRequestSender - Using pooled Channel '[id: 0x6fbc1fa9, L:/127.0.0.1:55367 - R:localhost/127.0.0.1:56013]' for 'POST' to 'http://localhost:56013/session/c1047e6c59fd5a880fac09e97bf90429/element'
16:26:35.523 [Forwarding findElement on session c1047e6c59fd5a880fac09e97bf90429 to remote] DEBUG org.asynchttpclient.netty.request.NettyRequestSender - Using open Channel [id: 0x6fbc1fa9, L:/127.0.0.1:55367 - R:localhost/127.0.0.1:56013] for POST '/session/c1047e6c59fd5a880fac09e97bf90429/element'
16:26:35.523 [AsyncHttpClient-1-7] DEBUG org.asynchttpclient.netty.handler.HttpHandler - 

Request DefaultHttpRequest(decodeResult: success, version: HTTP/1.1)
POST /session/c1047e6c59fd5a880fac09e97bf90429/element HTTP/1.1
User-Agent: selenium/4.1.2 (java windows)
Content-Length: 68
Content-Type: application/json; charset=utf-8
host: localhost:56013
accept: */*

Response DefaultHttpResponse(decodeResult: success, version: HTTP/1.1)
HTTP/1.1 200 OK
Content-Type: application/json; charset=utf-8
cache-control: no-cache
content-length: 88

16:26:35.523 [AsyncHttpClient-1-7] DEBUG org.asynchttpclient.netty.channel.ChannelManager - Adding key: http://localhost:56013 for channel [id: 0x6fbc1fa9, L:/127.0.0.1:55367 - R:localhost/127.0.0.1:56013]
16:26:35.531 [Forwarding clickElement on session c1047e6c59fd5a880fac09e97bf90429 to remote] DEBUG org.asynchttpclient.netty.request.NettyRequestSender - Using pooled Channel '[id: 0x6fbc1fa9, L:/127.0.0.1:55367 - R:localhost/127.0.0.1:56013]' for 'POST' to 'http://localhost:56013/session/c1047e6c59fd5a880fac09e97bf90429/element/94fe0caf-5d52-43d8-94a2-fb9ccf521dd7/click'
16:26:35.531 [Forwarding clickElement on session c1047e6c59fd5a880fac09e97bf90429 to remote] DEBUG org.asynchttpclient.netty.request.NettyRequestSender - Using open Channel [id: 0x6fbc1fa9, L:/127.0.0.1:55367 - R:localhost/127.0.0.1:56013] for POST '/session/c1047e6c59fd5a880fac09e97bf90429/element/94fe0caf-5d52-43d8-94a2-fb9ccf521dd7/click'
16:26:35.571 [AsyncHttpClient-1-7] DEBUG org.asynchttpclient.netty.handler.HttpHandler - 

Request DefaultHttpRequest(decodeResult: success, version: HTTP/1.1)
POST /session/c1047e6c59fd5a880fac09e97bf90429/element/94fe0caf-5d52-43d8-94a2-fb9ccf521dd7/click HTTP/1.1
User-Agent: selenium/4.1.2 (java windows)
Content-Length: 50
Content-Type: application/json; charset=utf-8
host: localhost:56013
accept: */*

Response DefaultHttpResponse(decodeResult: success, version: HTTP/1.1)
HTTP/1.1 200 OK
Content-Type: application/json; charset=utf-8
cache-control: no-cache
content-length: 14

16:26:35.571 [AsyncHttpClient-1-7] DEBUG org.asynchttpclient.netty.channel.ChannelManager - Adding key: http://localhost:56013 for channel [id: 0x6fbc1fa9, L:/127.0.0.1:55367 - R:localhost/127.0.0.1:56013]
16:26:35.575 [Forwarding screenshot on session c1047e6c59fd5a880fac09e97bf90429 to remote] DEBUG org.asynchttpclient.netty.request.NettyRequestSender - Using pooled Channel '[id: 0x6fbc1fa9, L:/127.0.0.1:55367 - R:localhost/127.0.0.1:56013]' for 'GET' to 'http://localhost:56013/session/c1047e6c59fd5a880fac09e97bf90429/screenshot'
16:26:35.575 [Forwarding screenshot on session c1047e6c59fd5a880fac09e97bf90429 to remote] DEBUG org.asynchttpclient.netty.request.NettyRequestSender - Using open Channel [id: 0x6fbc1fa9, L:/127.0.0.1:55367 - R:localhost/127.0.0.1:56013] for GET '/session/c1047e6c59fd5a880fac09e97bf90429/screenshot'
16:26:35.615 [AsyncHttpClient-1-1] DEBUG org.asynchttpclient.netty.channel.DefaultChannelPool - Entry count for : http://localhost:55368 : 1
16:26:35.747 [AsyncHttpClient-1-7] DEBUG org.asynchttpclient.netty.handler.HttpHandler - 

Request DefaultFullHttpRequest(decodeResult: success, version: HTTP/1.1, content: EmptyByteBufBE)
GET /session/c1047e6c59fd5a880fac09e97bf90429/screenshot HTTP/1.1
User-Agent: selenium/4.1.2 (java windows)
Cache-Control: no-cache
Content-Type: application/json; charset=utf-8
host: localhost:56013
accept: */*

Response DefaultHttpResponse(decodeResult: success, version: HTTP/1.1)
HTTP/1.1 200 OK
Content-Type: application/json; charset=utf-8
cache-control: no-cache
content-length: 35272

16:26:35.747 [AsyncHttpClient-1-7] DEBUG org.asynchttpclient.netty.channel.ChannelManager - Adding key: http://localhost:56013 for channel [id: 0x6fbc1fa9, L:/127.0.0.1:55367 - R:localhost/127.0.0.1:56013]
16:26:35.747 [main] DEBUG net.serenitybdd.core.photography.Darkroom - Send negative for processing for target\site\serenity\c32999f440f70001fd4d476a6dc93b1dc63b17c3cd6377014b09324b9d0dd3ce.png
16:26:35.747 [main] DEBUG net.thucydides.core.steps.StepInterceptor - STEP DONE: clickAddQuantity
  &amp#27;[32mAnd &amp#27;[0m&amp#27;[32mI choose button plus&amp#27;[0m               &amp#27;[90m# Starter.StepDefinitions.TransactionsStep.iClickButtonPlus()&amp#27;[0m
16:26:35.747 [Darkroom Processing Line] DEBUG net.serenitybdd.core.photography.DarkroomProcessingLine - Processing screenshot image in /var/screenshots/screenshot-11166302351969274552
16:26:35.747 [Darkroom Processing Line] DEBUG net.serenitybdd.core.photography.DarkroomProcessingLine - Saving screenshot to target\site\serenity\c32999f440f70001fd4d476a6dc93b1dc63b17c3cd6377014b09324b9d0dd3ce.png
16:26:35.756 [main] DEBUG net.thucydides.core.steps.StepInterceptor - STARTING STEP: TransactionsStep.iClickButtonPay - clickPayOrder
16:26:35.764 [Forwarding findElement on session c1047e6c59fd5a880fac09e97bf90429 to remote] DEBUG org.asynchttpclient.netty.request.NettyRequestSender - Using pooled Channel '[id: 0x6fbc1fa9, L:/127.0.0.1:55367 - R:localhost/127.0.0.1:56013]' for 'POST' to 'http://localhost:56013/session/c1047e6c59fd5a880fac09e97bf90429/element'
16:26:35.764 [Forwarding findElement on session c1047e6c59fd5a880fac09e97bf90429 to remote] DEBUG org.asynchttpclient.netty.request.NettyRequestSender - Using open Channel [id: 0x6fbc1fa9, L:/127.0.0.1:55367 - R:localhost/127.0.0.1:56013] for POST '/session/c1047e6c59fd5a880fac09e97bf90429/element'
16:26:35.777 [AsyncHttpClient-1-7] DEBUG org.asynchttpclient.netty.handler.HttpHandler - 

Request DefaultHttpRequest(decodeResult: success, version: HTTP/1.1)
POST /session/c1047e6c59fd5a880fac09e97bf90429/element HTTP/1.1
User-Agent: selenium/4.1.2 (java windows)
Content-Length: 59
Content-Type: application/json; charset=utf-8
host: localhost:56013
accept: */*

Response DefaultHttpResponse(decodeResult: success, version: HTTP/1.1)
HTTP/1.1 200 OK
Content-Type: application/json; charset=utf-8
cache-control: no-cache
content-length: 88

16:26:35.777 [AsyncHttpClient-1-7] DEBUG org.asynchttpclient.netty.channel.ChannelManager - Adding key: http://localhost:56013 for channel [id: 0x6fbc1fa9, L:/127.0.0.1:55367 - R:localhost/127.0.0.1:56013]
16:26:35.777 [Forwarding getElementTagName on session c1047e6c59fd5a880fac09e97bf90429 to remote] DEBUG org.asynchttpclient.netty.request.NettyRequestSender - Using pooled Channel '[id: 0x6fbc1fa9, L:/127.0.0.1:55367 - R:localhost/127.0.0.1:56013]' for 'GET' to 'http://localhost:56013/session/c1047e6c59fd5a880fac09e97bf90429/element/3da57e21-10de-4814-9be7-e390b3833481/name'
16:26:35.777 [Forwarding getElementTagName on session c1047e6c59fd5a880fac09e97bf90429 to remote] DEBUG org.asynchttpclient.netty.request.NettyRequestSender - Using open Channel [id: 0x6fbc1fa9, L:/127.0.0.1:55367 - R:localhost/127.0.0.1:56013] for GET '/session/c1047e6c59fd5a880fac09e97bf90429/element/3da57e21-10de-4814-9be7-e390b3833481/name'
16:26:35.777 [AsyncHttpClient-1-7] DEBUG org.asynchttpclient.netty.handler.HttpHandler - 

Request DefaultFullHttpRequest(decodeResult: success, version: HTTP/1.1, content: EmptyByteBufBE)
GET /session/c1047e6c59fd5a880fac09e97bf90429/element/3da57e21-10de-4814-9be7-e390b3833481/name HTTP/1.1
User-Agent: selenium/4.1.2 (java windows)
Cache-Control: no-cache
Content-Type: application/json; charset=utf-8
host: localhost:56013
accept: */*

Response DefaultHttpResponse(decodeResult: success, version: HTTP/1.1)
HTTP/1.1 200 OK
Content-Type: application/json; charset=utf-8
cache-control: no-cache
content-length: 18

16:26:35.777 [AsyncHttpClient-1-7] DEBUG org.asynchttpclient.netty.channel.ChannelManager - Adding key: http://localhost:56013 for channel [id: 0x6fbc1fa9, L:/127.0.0.1:55367 - R:localhost/127.0.0.1:56013]
16:26:35.777 [Forwarding getElementTagName on session c1047e6c59fd5a880fac09e97bf90429 to remote] DEBUG org.asynchttpclient.netty.request.NettyRequestSender - Using pooled Channel '[id: 0x6fbc1fa9, L:/127.0.0.1:55367 - R:localhost/127.0.0.1:56013]' for 'GET' to 'http://localhost:56013/session/c1047e6c59fd5a880fac09e97bf90429/element/3da57e21-10de-4814-9be7-e390b3833481/name'
16:26:35.777 [Forwarding getElementTagName on session c1047e6c59fd5a880fac09e97bf90429 to remote] DEBUG org.asynchttpclient.netty.request.NettyRequestSender - Using open Channel [id: 0x6fbc1fa9, L:/127.0.0.1:55367 - R:localhost/127.0.0.1:56013] for GET '/session/c1047e6c59fd5a880fac09e97bf90429/element/3da57e21-10de-4814-9be7-e390b3833481/name'
16:26:35.787 [AsyncHttpClient-1-7] DEBUG org.asynchttpclient.netty.handler.HttpHandler - 

Request DefaultFullHttpRequest(decodeResult: success, version: HTTP/1.1, content: EmptyByteBufBE)
GET /session/c1047e6c59fd5a880fac09e97bf90429/element/3da57e21-10de-4814-9be7-e390b3833481/name HTTP/1.1
User-Agent: selenium/4.1.2 (java windows)
Cache-Control: no-cache
Content-Type: application/json; charset=utf-8
host: localhost:56013
accept: */*

Response DefaultHttpResponse(decodeResult: success, version: HTTP/1.1)
HTTP/1.1 200 OK
Content-Type: application/json; charset=utf-8
cache-control: no-cache
content-length: 18

16:26:35.787 [AsyncHttpClient-1-7] DEBUG org.asynchttpclient.netty.channel.ChannelManager - Adding key: http://localhost:56013 for channel [id: 0x6fbc1fa9, L:/127.0.0.1:55367 - R:localhost/127.0.0.1:56013]
16:26:35.787 [Forwarding isElementEnabled on session c1047e6c59fd5a880fac09e97bf90429 to remote] DEBUG org.asynchttpclient.netty.request.NettyRequestSender - Using pooled Channel '[id: 0x6fbc1fa9, L:/127.0.0.1:55367 - R:localhost/127.0.0.1:56013]' for 'GET' to 'http://localhost:56013/session/c1047e6c59fd5a880fac09e97bf90429/element/3da57e21-10de-4814-9be7-e390b3833481/enabled'
16:26:35.787 [Forwarding isElementEnabled on session c1047e6c59fd5a880fac09e97bf90429 to remote] DEBUG org.asynchttpclient.netty.request.NettyRequestSender - Using open Channel [id: 0x6fbc1fa9, L:/127.0.0.1:55367 - R:localhost/127.0.0.1:56013] for GET '/session/c1047e6c59fd5a880fac09e97bf90429/element/3da57e21-10de-4814-9be7-e390b3833481/enabled'
16:26:35.797 [AsyncHttpClient-1-7] DEBUG org.asynchttpclient.netty.handler.HttpHandler - 

Request DefaultFullHttpRequest(decodeResult: success, version: HTTP/1.1, content: EmptyByteBufBE)
GET /session/c1047e6c59fd5a880fac09e97bf90429/element/3da57e21-10de-4814-9be7-e390b3833481/enabled HTTP/1.1
User-Agent: selenium/4.1.2 (java windows)
Cache-Control: no-cache
Content-Type: application/json; charset=utf-8
host: localhost:56013
accept: */*

Response DefaultHttpResponse(decodeResult: success, version: HTTP/1.1)
HTTP/1.1 200 OK
Content-Type: application/json; charset=utf-8
cache-control: no-cache
content-length: 14

16:26:35.797 [AsyncHttpClient-1-7] DEBUG org.asynchttpclient.netty.channel.ChannelManager - Adding key: http://localhost:56013 for channel [id: 0x6fbc1fa9, L:/127.0.0.1:55367 - R:localhost/127.0.0.1:56013]
16:26:35.797 [Forwarding isElementEnabled on session c1047e6c59fd5a880fac09e97bf90429 to remote] DEBUG org.asynchttpclient.netty.request.NettyRequestSender - Using pooled Channel '[id: 0x6fbc1fa9, L:/127.0.0.1:55367 - R:localhost/127.0.0.1:56013]' for 'GET' to 'http://localhost:56013/session/c1047e6c59fd5a880fac09e97bf90429/element/3da57e21-10de-4814-9be7-e390b3833481/enabled'
16:26:35.797 [Forwarding isElementEnabled on session c1047e6c59fd5a880fac09e97bf90429 to remote] DEBUG org.asynchttpclient.netty.request.NettyRequestSender - Using open Channel [id: 0x6fbc1fa9, L:/127.0.0.1:55367 - R:localhost/127.0.0.1:56013] for GET '/session/c1047e6c59fd5a880fac09e97bf90429/element/3da57e21-10de-4814-9be7-e390b3833481/enabled'
16:26:35.797 [AsyncHttpClient-1-7] DEBUG org.asynchttpclient.netty.handler.HttpHandler - 

Request DefaultFullHttpRequest(decodeResult: success, version: HTTP/1.1, content: EmptyByteBufBE)
GET /session/c1047e6c59fd5a880fac09e97bf90429/element/3da57e21-10de-4814-9be7-e390b3833481/enabled HTTP/1.1
User-Agent: selenium/4.1.2 (java windows)
Cache-Control: no-cache
Content-Type: application/json; charset=utf-8
host: localhost:56013
accept: */*

Response DefaultHttpResponse(decodeResult: success, version: HTTP/1.1)
HTTP/1.1 200 OK
Content-Type: application/json; charset=utf-8
cache-control: no-cache
content-length: 14

16:26:35.797 [AsyncHttpClient-1-7] DEBUG org.asynchttpclient.netty.channel.ChannelManager - Adding key: http://localhost:56013 for channel [id: 0x6fbc1fa9, L:/127.0.0.1:55367 - R:localhost/127.0.0.1:56013]
16:26:35.805 [Forwarding findElement on session c1047e6c59fd5a880fac09e97bf90429 to remote] DEBUG org.asynchttpclient.netty.request.NettyRequestSender - Using pooled Channel '[id: 0x6fbc1fa9, L:/127.0.0.1:55367 - R:localhost/127.0.0.1:56013]' for 'POST' to 'http://localhost:56013/session/c1047e6c59fd5a880fac09e97bf90429/element'
16:26:35.805 [Forwarding findElement on session c1047e6c59fd5a880fac09e97bf90429 to remote] DEBUG org.asynchttpclient.netty.request.NettyRequestSender - Using open Channel [id: 0x6fbc1fa9, L:/127.0.0.1:55367 - R:localhost/127.0.0.1:56013] for POST '/session/c1047e6c59fd5a880fac09e97bf90429/element'
16:26:35.805 [AsyncHttpClient-1-7] DEBUG org.asynchttpclient.netty.handler.HttpHandler - 

Request DefaultHttpRequest(decodeResult: success, version: HTTP/1.1)
POST /session/c1047e6c59fd5a880fac09e97bf90429/element HTTP/1.1
User-Agent: selenium/4.1.2 (java windows)
Content-Length: 59
Content-Type: application/json; charset=utf-8
host: localhost:56013
accept: */*

Response DefaultHttpResponse(decodeResult: success, version: HTTP/1.1)
HTTP/1.1 200 OK
Content-Type: application/json; charset=utf-8
cache-control: no-cache
content-length: 88

16:26:35.805 [AsyncHttpClient-1-7] DEBUG org.asynchttpclient.netty.channel.ChannelManager - Adding key: http://localhost:56013 for channel [id: 0x6fbc1fa9, L:/127.0.0.1:55367 - R:localhost/127.0.0.1:56013]
16:26:35.805 [Forwarding clickElement on session c1047e6c59fd5a880fac09e97bf90429 to remote] DEBUG org.asynchttpclient.netty.request.NettyRequestSender - Using pooled Channel '[id: 0x6fbc1fa9, L:/127.0.0.1:55367 - R:localhost/127.0.0.1:56013]' for 'POST' to 'http://localhost:56013/session/c1047e6c59fd5a880fac09e97bf90429/element/3da57e21-10de-4814-9be7-e390b3833481/click'
16:26:35.805 [Forwarding clickElement on session c1047e6c59fd5a880fac09e97bf90429 to remote] DEBUG org.asynchttpclient.netty.request.NettyRequestSender - Using open Channel [id: 0x6fbc1fa9, L:/127.0.0.1:55367 - R:localhost/127.0.0.1:56013] for POST '/session/c1047e6c59fd5a880fac09e97bf90429/element/3da57e21-10de-4814-9be7-e390b3833481/click'
16:26:35.842 [AsyncHttpClient-1-7] DEBUG org.asynchttpclient.netty.handler.HttpHandler - 

Request DefaultHttpRequest(decodeResult: success, version: HTTP/1.1)
POST /session/c1047e6c59fd5a880fac09e97bf90429/element/3da57e21-10de-4814-9be7-e390b3833481/click HTTP/1.1
User-Agent: selenium/4.1.2 (java windows)
Content-Length: 50
Content-Type: application/json; charset=utf-8
host: localhost:56013
accept: */*

Response DefaultHttpResponse(decodeResult: success, version: HTTP/1.1)
HTTP/1.1 200 OK
Content-Type: application/json; charset=utf-8
cache-control: no-cache
content-length: 14

16:26:35.842 [AsyncHttpClient-1-7] DEBUG org.asynchttpclient.netty.channel.ChannelManager - Adding key: http://localhost:56013 for channel [id: 0x6fbc1fa9, L:/127.0.0.1:55367 - R:localhost/127.0.0.1:56013]
16:26:35.842 [Forwarding screenshot on session c1047e6c59fd5a880fac09e97bf90429 to remote] DEBUG org.asynchttpclient.netty.request.NettyRequestSender - Using pooled Channel '[id: 0x6fbc1fa9, L:/127.0.0.1:55367 - R:localhost/127.0.0.1:56013]' for 'GET' to 'http://localhost:56013/session/c1047e6c59fd5a880fac09e97bf90429/screenshot'
16:26:35.842 [Forwarding screenshot on session c1047e6c59fd5a880fac09e97bf90429 to remote] DEBUG org.asynchttpclient.netty.request.NettyRequestSender - Using open Channel [id: 0x6fbc1fa9, L:/127.0.0.1:55367 - R:localhost/127.0.0.1:56013] for GET '/session/c1047e6c59fd5a880fac09e97bf90429/screenshot'
16:26:36.153 [AsyncHttpClient-1-7] DEBUG org.asynchttpclient.netty.handler.HttpHandler - 

Request DefaultFullHttpRequest(decodeResult: success, version: HTTP/1.1, content: EmptyByteBufBE)
GET /session/c1047e6c59fd5a880fac09e97bf90429/screenshot HTTP/1.1
User-Agent: selenium/4.1.2 (java windows)
Cache-Control: no-cache
Content-Type: application/json; charset=utf-8
host: localhost:56013
accept: */*

Response DefaultHttpResponse(decodeResult: success, version: HTTP/1.1)
HTTP/1.1 200 OK
Content-Type: application/json; charset=utf-8
cache-control: no-cache
content-length: 30396

16:26:36.153 [AsyncHttpClient-1-7] DEBUG org.asynchttpclient.netty.channel.ChannelManager - Adding key: http://localhost:56013 for channel [id: 0x6fbc1fa9, L:/127.0.0.1:55367 - R:localhost/127.0.0.1:56013]
16:26:36.153 [main] DEBUG net.serenitybdd.core.photography.Darkroom - Send negative for processing for target\site\serenity\6d7cf9840234b66ff1398ac3dca1aeb1c10b51ddaa8cebf5d4e2dc30ad95c555.png
16:26:36.153 [main] DEBUG net.thucydides.core.steps.StepInterceptor - STEP DONE: clickPayOrder
  &amp#27;[32mAnd &amp#27;[0m&amp#27;[32mI click button pay&amp#27;[0m                 &amp#27;[90m# Starter.StepDefinitions.TransactionsStep.iClickButtonPay()&amp#27;[0m
16:26:36.153 [Darkroom Processing Line] DEBUG net.serenitybdd.core.photography.DarkroomProcessingLine - Processing screenshot image in /var/screenshots/screenshot-18101596296074937732
16:26:36.153 [Darkroom Processing Line] DEBUG net.serenitybdd.core.photography.DarkroomProcessingLine - Saving screenshot to target\site\serenity\6d7cf9840234b66ff1398ac3dca1aeb1c10b51ddaa8cebf5d4e2dc30ad95c555.png
16:26:36.161 [main] DEBUG net.thucydides.core.steps.StepInterceptor - STARTING STEP: TransactionsStep.iGetSuccessTransaction - headerAppears
16:26:36.169 [Forwarding findElement on session c1047e6c59fd5a880fac09e97bf90429 to remote] DEBUG org.asynchttpclient.netty.request.NettyRequestSender - Using pooled Channel '[id: 0x6fbc1fa9, L:/127.0.0.1:55367 - R:localhost/127.0.0.1:56013]' for 'POST' to 'http://localhost:56013/session/c1047e6c59fd5a880fac09e97bf90429/element'
16:26:36.169 [Forwarding findElement on session c1047e6c59fd5a880fac09e97bf90429 to remote] DEBUG org.asynchttpclient.netty.request.NettyRequestSender - Using open Channel [id: 0x6fbc1fa9, L:/127.0.0.1:55367 - R:localhost/127.0.0.1:56013] for POST '/session/c1047e6c59fd5a880fac09e97bf90429/element'
16:26:36.178 [AsyncHttpClient-1-7] DEBUG org.asynchttpclient.netty.handler.HttpHandler - 

Request DefaultHttpRequest(decodeResult: success, version: HTTP/1.1)
POST /session/c1047e6c59fd5a880fac09e97bf90429/element HTTP/1.1
User-Agent: selenium/4.1.2 (java windows)
Content-Length: 73
Content-Type: application/json; charset=utf-8
host: localhost:56013
accept: */*

Response DefaultHttpResponse(decodeResult: success, version: HTTP/1.1)
HTTP/1.1 200 OK
Content-Type: application/json; charset=utf-8
cache-control: no-cache
content-length: 88

16:26:36.178 [AsyncHttpClient-1-7] DEBUG org.asynchttpclient.netty.channel.ChannelManager - Adding key: http://localhost:56013 for channel [id: 0x6fbc1fa9, L:/127.0.0.1:55367 - R:localhost/127.0.0.1:56013]
16:26:36.178 [Forwarding isElementDisplayed on session c1047e6c59fd5a880fac09e97bf90429 to remote] DEBUG org.asynchttpclient.netty.request.NettyRequestSender - Using pooled Channel '[id: 0x6fbc1fa9, L:/127.0.0.1:55367 - R:localhost/127.0.0.1:56013]' for 'POST' to 'http://localhost:56013/session/c1047e6c59fd5a880fac09e97bf90429/execute/sync'
16:26:36.178 [Forwarding isElementDisplayed on session c1047e6c59fd5a880fac09e97bf90429 to remote] DEBUG org.asynchttpclient.netty.request.NettyRequestSender - Using open Channel [id: 0x6fbc1fa9, L:/127.0.0.1:55367 - R:localhost/127.0.0.1:56013] for POST '/session/c1047e6c59fd5a880fac09e97bf90429/execute/sync'
16:26:36.186 [AsyncHttpClient-1-7] DEBUG org.asynchttpclient.netty.handler.HttpHandler - 

Request DefaultHttpRequest(decodeResult: success, version: HTTP/1.1)
POST /session/c1047e6c59fd5a880fac09e97bf90429/execute/sync HTTP/1.1
User-Agent: selenium/4.1.2 (java windows)
Content-Length: 48780
Content-Type: application/json; charset=utf-8
host: localhost:56013
accept: */*

Response DefaultHttpResponse(decodeResult: success, version: HTTP/1.1)
HTTP/1.1 200 OK
Content-Type: application/json; charset=utf-8
cache-control: no-cache
content-length: 14

16:26:36.186 [AsyncHttpClient-1-7] DEBUG org.asynchttpclient.netty.channel.ChannelManager - Adding key: http://localhost:56013 for channel [id: 0x6fbc1fa9, L:/127.0.0.1:55367 - R:localhost/127.0.0.1:56013]
16:26:36.194 [main] DEBUG net.thucydides.core.steps.StepInterceptor - STEP DONE: headerAppears
16:26:36.194 [main] DEBUG net.thucydides.core.steps.StepInterceptor - STARTING STEP: TransactionsStep.iGetSuccessTransaction - headerTextEqual
16:26:36.194 [Forwarding findElement on session c1047e6c59fd5a880fac09e97bf90429 to remote] DEBUG org.asynchttpclient.netty.request.NettyRequestSender - Using pooled Channel '[id: 0x6fbc1fa9, L:/127.0.0.1:55367 - R:localhost/127.0.0.1:56013]' for 'POST' to 'http://localhost:56013/session/c1047e6c59fd5a880fac09e97bf90429/element'
16:26:36.194 [Forwarding findElement on session c1047e6c59fd5a880fac09e97bf90429 to remote] DEBUG org.asynchttpclient.netty.request.NettyRequestSender - Using open Channel [id: 0x6fbc1fa9, L:/127.0.0.1:55367 - R:localhost/127.0.0.1:56013] for POST '/session/c1047e6c59fd5a880fac09e97bf90429/element'
16:26:36.203 [AsyncHttpClient-1-7] DEBUG org.asynchttpclient.netty.handler.HttpHandler - 

Request DefaultHttpRequest(decodeResult: success, version: HTTP/1.1)
POST /session/c1047e6c59fd5a880fac09e97bf90429/element HTTP/1.1
User-Agent: selenium/4.1.2 (java windows)
Content-Length: 73
Content-Type: application/json; charset=utf-8
host: localhost:56013
accept: */*

Response DefaultHttpResponse(decodeResult: success, version: HTTP/1.1)
HTTP/1.1 200 OK
Content-Type: application/json; charset=utf-8
cache-control: no-cache
content-length: 88

16:26:36.203 [AsyncHttpClient-1-7] DEBUG org.asynchttpclient.netty.channel.ChannelManager - Adding key: http://localhost:56013 for channel [id: 0x6fbc1fa9, L:/127.0.0.1:55367 - R:localhost/127.0.0.1:56013]
16:26:36.203 [Forwarding getElementText on session c1047e6c59fd5a880fac09e97bf90429 to remote] DEBUG org.asynchttpclient.netty.request.NettyRequestSender - Using pooled Channel '[id: 0x6fbc1fa9, L:/127.0.0.1:55367 - R:localhost/127.0.0.1:56013]' for 'GET' to 'http://localhost:56013/session/c1047e6c59fd5a880fac09e97bf90429/element/917ba403-ee7a-480e-9fb8-a46c629faf00/text'
16:26:36.203 [Forwarding getElementText on session c1047e6c59fd5a880fac09e97bf90429 to remote] DEBUG org.asynchttpclient.netty.request.NettyRequestSender - Using open Channel [id: 0x6fbc1fa9, L:/127.0.0.1:55367 - R:localhost/127.0.0.1:56013] for GET '/session/c1047e6c59fd5a880fac09e97bf90429/element/917ba403-ee7a-480e-9fb8-a46c629faf00/text'
16:26:36.203 [AsyncHttpClient-1-7] DEBUG org.asynchttpclient.netty.handler.HttpHandler - 

Request DefaultFullHttpRequest(decodeResult: success, version: HTTP/1.1, content: EmptyByteBufBE)
GET /session/c1047e6c59fd5a880fac09e97bf90429/element/917ba403-ee7a-480e-9fb8-a46c629faf00/text HTTP/1.1
User-Agent: selenium/4.1.2 (java windows)
Cache-Control: no-cache
Content-Type: application/json; charset=utf-8
host: localhost:56013
accept: */*

Response DefaultHttpResponse(decodeResult: success, version: HTTP/1.1)
HTTP/1.1 200 OK
Content-Type: application/json; charset=utf-8
cache-control: no-cache
content-length: 24

16:26:36.203 [AsyncHttpClient-1-7] DEBUG org.asynchttpclient.netty.channel.ChannelManager - Adding key: http://localhost:56013 for channel [id: 0x6fbc1fa9, L:/127.0.0.1:55367 - R:localhost/127.0.0.1:56013]
16:26:36.203 [Forwarding screenshot on session c1047e6c59fd5a880fac09e97bf90429 to remote] DEBUG org.asynchttpclient.netty.request.NettyRequestSender - Using pooled Channel '[id: 0x6fbc1fa9, L:/127.0.0.1:55367 - R:localhost/127.0.0.1:56013]' for 'GET' to 'http://localhost:56013/session/c1047e6c59fd5a880fac09e97bf90429/screenshot'
16:26:36.203 [Forwarding screenshot on session c1047e6c59fd5a880fac09e97bf90429 to remote] DEBUG org.asynchttpclient.netty.request.NettyRequestSender - Using open Channel [id: 0x6fbc1fa9, L:/127.0.0.1:55367 - R:localhost/127.0.0.1:56013] for GET '/session/c1047e6c59fd5a880fac09e97bf90429/screenshot'
16:26:36.310 [AsyncHttpClient-1-7] DEBUG org.asynchttpclient.netty.handler.HttpHandler - 

Request DefaultFullHttpRequest(decodeResult: success, version: HTTP/1.1, content: EmptyByteBufBE)
GET /session/c1047e6c59fd5a880fac09e97bf90429/screenshot HTTP/1.1
User-Agent: selenium/4.1.2 (java windows)
Cache-Control: no-cache
Content-Type: application/json; charset=utf-8
host: localhost:56013
accept: */*

Response DefaultHttpResponse(decodeResult: success, version: HTTP/1.1)
HTTP/1.1 200 OK
Content-Type: application/json; charset=utf-8
cache-control: no-cache
content-length: 30076

16:26:36.310 [AsyncHttpClient-1-7] DEBUG org.asynchttpclient.netty.channel.ChannelManager - Adding key: http://localhost:56013 for channel [id: 0x6fbc1fa9, L:/127.0.0.1:55367 - R:localhost/127.0.0.1:56013]
16:26:36.310 [main] DEBUG net.serenitybdd.core.photography.Darkroom - Send negative for processing for target\site\serenity\9d3b7dabf2cd78c1663c18f6418fffbc23ccf30427269491679a45e432531dd1.png
16:26:36.310 [main] DEBUG net.thucydides.core.steps.StepInterceptor - STEP DONE: headerTextEqual
  &amp#27;[32mThen &amp#27;[0m&amp#27;[32mI get success transaction&amp#27;[0m         &amp#27;[90m# Starter.StepDefinitions.TransactionsStep.iGetSuccessTransaction()&amp#27;[0m
16:26:36.310 [Darkroom Processing Line] DEBUG net.serenitybdd.core.photography.DarkroomProcessingLine - Processing screenshot image in /var/screenshots/screenshot-487096854270112548
16:26:36.310 [Darkroom Processing Line] DEBUG net.serenitybdd.core.photography.DarkroomProcessingLine - Saving screenshot to target\site\serenity\9d3b7dabf2cd78c1663c18f6418fffbc23ccf30427269491679a45e432531dd1.png
16:26:36.317 [AsyncHttpClient-1-9] DEBUG org.asynchttpclient.netty.handler.WebSocketHandler - Channel Closed: [id: 0xcf987c09, L:/127.0.0.1:55375 ! R:localhost/127.0.0.1:55368] with attribute NettyResponseFuture{currentRetry=5,
	isDone=1,
	isCancelled=0,
	asyncHandler=org.asynchttpclient.ws.WebSocketUpgradeHandler@1d3d06d9,
	nettyRequest=org.asynchttpclient.netty.request.NettyRequest@1dc7074,
	future=java.util.concurrent.CompletableFuture@4bac91c9[Completed normally],
	uri=ws://localhost:55368/devtools/browser/3c0c51e1-b225-4916-84c1-ac5cf7346550,
	keepAlive=true,
	redirectCount=0,
	timeoutsHolder=null,
	inAuth=0,
	touch=1653038790549}
16:26:36.317 [AsyncHttpClient-1-9] DEBUG org.asynchttpclient.netty.channel.ChannelManager - Closing Channel [id: 0xcf987c09, L:/127.0.0.1:55375 ! R:localhost/127.0.0.1:55368] 
16:26:36.317 [Driver Command Executor] DEBUG org.asynchttpclient.netty.request.NettyRequestSender - Using pooled Channel '[id: 0x6fbc1fa9, L:/127.0.0.1:55367 - R:localhost/127.0.0.1:56013]' for 'DELETE' to 'http://localhost:56013/session/c1047e6c59fd5a880fac09e97bf90429'
16:26:36.317 [Driver Command Executor] DEBUG org.asynchttpclient.netty.request.NettyRequestSender - Using open Channel [id: 0x6fbc1fa9, L:/127.0.0.1:55367 - R:localhost/127.0.0.1:56013] for DELETE '/session/c1047e6c59fd5a880fac09e97bf90429'
16:26:36.365 [AsyncHttpClient-1-8] DEBUG org.asynchttpclient.netty.handler.HttpHandler - Unexpected I/O exception on channel [id: 0x5c58e750, L:/127.0.0.1:55374 - R:localhost/127.0.0.1:55368]
java.net.SocketException: Connection reset
	at java.base/sun.nio.ch.SocketChannelImpl.throwConnectionReset(SocketChannelImpl.java:367)
	at java.base/sun.nio.ch.SocketChannelImpl.read(SocketChannelImpl.java:398)
	at io.netty.buffer.PooledByteBuf.setBytes(PooledByteBuf.java:258)
	at io.netty.buffer.AbstractByteBuf.writeBytes(AbstractByteBuf.java:1132)
	at io.netty.channel.socket.nio.NioSocketChannel.doReadBytes(NioSocketChannel.java:350)
	at io.netty.channel.nio.AbstractNioByteChannel$NioByteUnsafe.read(AbstractNioByteChannel.java:151)
	at io.netty.channel.nio.NioEventLoop.processSelectedKey(NioEventLoop.java:722)
	at io.netty.channel.nio.NioEventLoop.processSelectedKeysOptimized(NioEventLoop.java:658)
	at io.netty.channel.nio.NioEventLoop.processSelectedKeys(NioEventLoop.java:584)
	at io.netty.channel.nio.NioEventLoop.run(NioEventLoop.java:496)
	at io.netty.util.concurrent.SingleThreadEventExecutor$4.run(SingleThreadEventExecutor.java:986)
	at io.netty.util.internal.ThreadExecutorMap$2.run(ThreadExecutorMap.java:74)
	at io.netty.util.concurrent.FastThreadLocalRunnable.run(FastThreadLocalRunnable.java:30)
	at java.base/java.lang.Thread.run(Thread.java:832)
16:26:36.365 [AsyncHttpClient-1-8] DEBUG org.asynchttpclient.netty.channel.ChannelManager - Closing Channel [id: 0x5c58e750, L:/127.0.0.1:55374 - R:localhost/127.0.0.1:55368] 
16:26:36.365 [AsyncHttpClient-1-8] DEBUG org.asynchttpclient.netty.handler.HttpHandler - Channel Closed: [id: 0x5c58e750, L:/127.0.0.1:55374 ! R:localhost/127.0.0.1:55368] with attribute DISCARD
16:26:36.386 [AsyncHttpClient-1-7] DEBUG org.asynchttpclient.netty.handler.HttpHandler - 

Request DefaultFullHttpRequest(decodeResult: success, version: HTTP/1.1, content: EmptyByteBufBE)
DELETE /session/c1047e6c59fd5a880fac09e97bf90429 HTTP/1.1
User-Agent: selenium/4.1.2 (java windows)
Content-Type: application/json; charset=utf-8
host: localhost:56013
accept: */*

Response DefaultHttpResponse(decodeResult: success, version: HTTP/1.1)
HTTP/1.1 200 OK
Content-Type: application/json; charset=utf-8
cache-control: no-cache
content-length: 14

16:26:36.386 [AsyncHttpClient-1-7] DEBUG org.asynchttpclient.netty.channel.ChannelManager - Adding key: http://localhost:56013 for channel [id: 0x6fbc1fa9, L:/127.0.0.1:55367 - R:localhost/127.0.0.1:56013]
16:26:36.499 [AsyncHttpClient-1-7] DEBUG org.asynchttpclient.netty.handler.HttpHandler - Channel Closed: [id: 0x6fbc1fa9, L:/127.0.0.1:55367 ! R:localhost/127.0.0.1:56013] with attribute DISCARD
16:26:36.716 [AsyncHttpClient-1-1] DEBUG org.asynchttpclient.netty.channel.DefaultChannelPool - Entry count for : http://localhost:56013 : 1
16:26:36.716 [AsyncHttpClient-1-1] DEBUG org.asynchttpclient.netty.channel.DefaultChannelPool - Entry count for : http://localhost:55368 : 1
16:26:36.716 [AsyncHttpClient-1-1] DEBUG org.asynchttpclient.netty.channel.DefaultChannelPool - Adding Candidate expired Channel [id: 0x6fbc1fa9, L:/127.0.0.1:55367 ! R:localhost/127.0.0.1:56013] isIdleTimeoutExpired=false isRemotelyClosed=true isTtlExpired=false
16:26:36.716 [AsyncHttpClient-1-1] DEBUG org.asynchttpclient.netty.channel.DefaultChannelPool - Closing Idle Channel [id: 0x6fbc1fa9, L:/127.0.0.1:55367 ! R:localhost/127.0.0.1:56013]
16:26:36.716 [AsyncHttpClient-1-1] DEBUG org.asynchttpclient.netty.channel.DefaultChannelPool - Adding Candidate expired Channel [id: 0x5c58e750, L:/127.0.0.1:55374 ! R:localhost/127.0.0.1:55368] isIdleTimeoutExpired=false isRemotelyClosed=true isTtlExpired=false
16:26:36.716 [AsyncHttpClient-1-1] DEBUG org.asynchttpclient.netty.channel.DefaultChannelPool - Closing Idle Channel [id: 0x5c58e750, L:/127.0.0.1:55374 ! R:localhost/127.0.0.1:55368]
16:26:36.716 [AsyncHttpClient-1-1] DEBUG org.asynchttpclient.netty.channel.DefaultChannelPool - Closed 2 connections out of 2 in 0 ms
16:26:37.025 [main] INFO  - 
  _____   ___   ___   _____     ___     _     ___   ___   ___   ___  
 |_   _| | __| / __| |_   _|   | _ \   /_\   / __| / __| | __| |   \ 
   | |   | _|  \__ \   | |     |  _/  / _ \  \__ \ \__ \ | _|  | |) |
   |_|   |___| |___/   |_|     |_|   /_/ \_\ |___/ |___/ |___| |___/ 

Transactions Success
----------------------------------------------------------------------
]]></system-out>
    <system-err><![CDATA[Starting ChromeDriver 101.0.4951.41 (93c720db8323b3ec10d056025ab95c23a31997c9-refs/branch-heads/4951@{#904}) on port 56013
Only local connections are allowed.
Please see https://chromedriver.chromium.org/security-considerations for suggestions on keeping ChromeDriver safe.
ChromeDriver was started successfully.
May 20, 2022 4:26:30 PM org.openqa.selenium.remote.ProtocolHandshake createSession
INFO: Detected dialect: W3C
May 20, 2022 4:26:30 PM org.openqa.selenium.devtools.CdpVersionFinder findNearestMatch
WARNING: Unable to find an exact match for CDP version 101, so returning the closest version found: 97
May 20, 2022 4:26:30 PM org.openqa.selenium.devtools.CdpVersionFinder findNearestMatch
INFO: Found CDP implementation for version 101 of 97
]]></system-err>
  </testcase>
  <testcase name="Failed Transactions" classname="Transactions" time="0.079">
    <system-out><![CDATA[
@Transactions
Scenario: Failed Transactions    &amp#27;[90m# src/test/resources/features/Transactions.feature:23&amp#27;[0m
16:26:37.025 [main] INFO io.cucumber.core.plugin.SerenityReporter - Running feature from file:///D:/data%20hakim/Mini%20Project%20Alterra/WebAlta/src/test/resources/features/Transactions.feature
16:26:37.025 [main] INFO  - 
  _____   ___   ___   _____     ___   _____     _     ___   _____   ___   ___  
 |_   _| | __| / __| |_   _|   / __| |_   _|   /_\   | _ \ |_   _| | __| |   \ 
   | |   | _|  \__ \   | |     \__ \   | |    / _ \  |   /   | |   | _|  | |) |
   |_|   |___| |___/   |_|     |___/   |_|   /_/ \_\ |_|_\   |_|   |___| |___/ 

Failed Transactions(transactions;failed-transactions)
--------------------------------------------------------------------------------
16:26:37.057 [main] DEBUG net.thucydides.core.steps.StepInterceptor - STARTING STEP: TransactionsStep.iAmOnTheHomePage - headerAppears
16:26:37.057 [main] DEBUG net.thucydides.core.steps.StepInterceptor - STEP DONE: headerAppears
16:26:37.057 [main] DEBUG net.thucydides.core.steps.StepInterceptor - STARTING STEP: TransactionsStep.iAmOnTheHomePage - headerTextEqual
16:26:37.057 [main] DEBUG net.thucydides.core.steps.StepInterceptor - STEP DONE: headerTextEqual
16:26:37.057 [main] DEBUG net.thucydides.core.steps.StepInterceptor - STARTING STEP: TransactionsStep.iAmOnTheHomePage - validateOnHomePage
16:26:37.057 [main] DEBUG net.thucydides.core.steps.StepInterceptor - STEP DONE: validateOnHomePage
  &amp#27;[32mGiven &amp#27;[0m&amp#27;[32mI am on the HomePage&amp#27;[0m     &amp#27;[90m# Starter.StepDefinitions.TransactionsStep.iAmOnTheHomePage()&amp#27;[0m
16:26:37.073 [main] DEBUG net.thucydides.core.steps.StepInterceptor - STARTING STEP: TransactionsStep.iClickButtonBuy - clickProductSatu
16:26:37.073 [main] DEBUG net.thucydides.core.steps.StepInterceptor - STEP DONE: clickProductSatu
  &amp#27;[32mAnd &amp#27;[0m&amp#27;[32mI click buy product&amp#27;[0m        &amp#27;[90m# Starter.StepDefinitions.TransactionsStep.iClickButtonBuy()&amp#27;[0m
16:26:37.073 [main] DEBUG net.thucydides.core.steps.StepInterceptor - STARTING STEP: TransactionsStep.clickButtonCart - clickButtonCart
16:26:37.073 [main] DEBUG net.thucydides.core.steps.StepInterceptor - STEP DONE: clickButtonCart
  &amp#27;[32mWhen &amp#27;[0m&amp#27;[32mI choose button cart&amp#27;[0m      &amp#27;[90m# Starter.StepDefinitions.TransactionsStep.clickButtonCart()&amp#27;[0m
16:26:37.088 [main] DEBUG net.thucydides.core.steps.StepInterceptor - STARTING STEP: TransactionsStep.iClickButtonPlus - clickAddQuantity
16:26:37.088 [main] DEBUG net.thucydides.core.steps.StepInterceptor - STEP DONE: clickAddQuantity
  &amp#27;[32mAnd &amp#27;[0m&amp#27;[32mI choose button plus&amp#27;[0m       &amp#27;[90m# Starter.StepDefinitions.TransactionsStep.iClickButtonPlus()&amp#27;[0m
16:26:37.088 [main] DEBUG net.thucydides.core.steps.StepInterceptor - STARTING STEP: TransactionsStep.iClickButtonPay - clickPayOrder
16:26:37.088 [main] DEBUG net.thucydides.core.steps.StepInterceptor - STEP DONE: clickPayOrder
  &amp#27;[32mAnd &amp#27;[0m&amp#27;[32mI click button pay&amp#27;[0m         &amp#27;[90m# Starter.StepDefinitions.TransactionsStep.iClickButtonPay()&amp#27;[0m
16:26:37.104 [main] DEBUG net.thucydides.core.steps.StepInterceptor - STARTING STEP: TransactionsStep.iGetRedirectLoginPage - headerAppears
16:26:37.104 [main] DEBUG net.thucydides.core.steps.StepInterceptor - STEP DONE: headerAppears
16:26:37.104 [main] DEBUG net.thucydides.core.steps.StepInterceptor - STARTING STEP: TransactionsStep.iGetRedirectLoginPage - headerTextEqual
16:26:37.104 [main] DEBUG net.thucydides.core.steps.StepInterceptor - STEP DONE: headerTextEqual
16:26:37.104 [main] DEBUG net.thucydides.core.steps.StepInterceptor - STARTING STEP: TransactionsStep.iGetRedirectLoginPage - validateOnLoginPage
16:26:37.104 [main] DEBUG net.thucydides.core.steps.StepInterceptor - STEP DONE: validateOnLoginPage
  &amp#27;[32mThen &amp#27;[0m&amp#27;[32mI get redirect login page&amp#27;[0m &amp#27;[90m# Starter.StepDefinitions.TransactionsStep.iGetRedirectLoginPage()&amp#27;[0m
16:26:37.104 [main] INFO  - 
  _____   ___   ___   _____     ___     _     ___   ___   ___   ___  
 |_   _| | __| / __| |_   _|   | _ \   /_\   / __| / __| | __| |   \ 
   | |   | _|  \__ \   | |     |  _/  / _ \  \__ \ \__ \ | _|  | |) |
   |_|   |___| |___/   |_|     |_|   /_/ \_\ |___/ |___/ |___| |___/ 

Failed Transactions
----------------------------------------------------------------------
]]></system-out>
  </testcase>
</testsuite>