<?xml version="1.0" encoding="UTF-8"?>
<testsuite xmlns:xsi="http://www.w3.org/2001/XMLSchema-instance" xsi:noNamespaceSchemaLocation="https://maven.apache.org/surefire/maven-failsafe-plugin/xsd/failsafe-test-report-3.0.xsd" version="3.0" name="Starter.CucumberTestSuite" time="109.166" tests="19" errors="0" skipped="0" failures="0">
  <properties>
    <property name="java.specification.version" value="15"/>
    <property name="webdriver.chrome.driver" value="D:\data hakim\Mini Project Alterra\WebAlta\src\test\resources\webdriver\chromedriver.exe"/>
    <property name="sun.cpu.isalist" value="amd64"/>
    <property name="sun.jnu.encoding" value="Cp1252"/>
    <property name="java.class.path" value="D:\data hakim\Mini Project Alterra\WebAlta\target\test-classes;C:\Users\hp pc\.m2\repository\net\serenity-bdd\serenity-core\3.2.1\serenity-core-3.2.1.jar;C:\Users\hp pc\.m2\repository\net\serenity-bdd\serenity-model\3.2.1\serenity-model-3.2.1.jar;C:\Users\hp pc\.m2\repository\org\apache\commons\commons-text\1.9\commons-text-1.9.jar;C:\Users\hp pc\.m2\repository\commons-net\commons-net\3.8.0\commons-net-3.8.0.jar;C:\Users\hp pc\.m2\repository\com\google\guava\guava\31.1-jre\guava-31.1-jre.jar;C:\Users\hp pc\.m2\repository\com\google\guava\failureaccess\1.0.1\failureaccess-1.0.1.jar;C:\Users\hp pc\.m2\repository\com\google\guava\listenablefuture\9999.0-empty-to-avoid-conflict-with-guava\listenablefuture-9999.0-empty-to-avoid-conflict-with-guava.jar;C:\Users\hp pc\.m2\repository\com\google\code\findbugs\jsr305\3.0.2\jsr305-3.0.2.jar;C:\Users\hp pc\.m2\repository\org\checkerframework\checker-qual\3.12.0\checker-qual-3.12.0.jar;C:\Users\hp pc\.m2\repository\com\google\errorprone\error_prone_annotations\2.11.0\error_prone_annotations-2.11.0.jar;C:\Users\hp pc\.m2\repository\com\google\j2objc\j2objc-annotations\1.3\j2objc-annotations-1.3.jar;C:\Users\hp pc\.m2\repository\com\google\inject\guice\5.1.0\guice-5.1.0.jar;C:\Users\hp pc\.m2\repository\javax\inject\javax.inject\1\javax.inject-1.jar;C:\Users\hp pc\.m2\repository\aopalliance\aopalliance\1.0\aopalliance-1.0.jar;C:\Users\hp pc\.m2\repository\org\jsoup\jsoup\1.14.3\jsoup-1.14.3.jar;C:\Users\hp pc\.m2\repository\com\thoughtworks\xstream\xstream\1.4.19\xstream-1.4.19.jar;C:\Users\hp pc\.m2\repository\io\github\x-stream\mxparser\1.2.2\mxparser-1.2.2.jar;C:\Users\hp pc\.m2\repository\xmlpull\xmlpull\1.1.3.1\xmlpull-1.1.3.1.jar;C:\Users\hp pc\.m2\repository\io\cucumber\cucumber-java\7.2.3\cucumber-java-7.2.3.jar;C:\Users\hp pc\.m2\repository\com\typesafe\config\1.4.2\config-1.4.2.jar;C:\Users\hp pc\.m2\repository\org\imgscalr\imgscalr-lib\4.2\imgscalr-lib-4.2.jar;C:\Users\hp pc\.m2\repository\org\awaitility\awaitility\4.2.0\awaitility-4.2.0.jar;C:\Users\hp pc\.m2\repository\org\freemarker\freemarker\2.3.31\freemarker-2.3.31.jar;C:\Users\hp pc\.m2\repository\io\github\classgraph\classgraph\4.8.138\classgraph-4.8.138.jar;C:\Users\hp pc\.m2\repository\net\sourceforge\jexcelapi\jxl\2.6.12\jxl-2.6.12.jar;C:\Users\hp pc\.m2\repository\net\bytebuddy\byte-buddy\1.12.8\byte-buddy-1.12.8.jar;C:\Users\hp pc\.m2\repository\net\bytebuddy\byte-buddy-agent\1.12.8\byte-buddy-agent-1.12.8.jar;C:\Users\hp pc\.m2\repository\org\objenesis\objenesis\3.1\objenesis-3.1.jar;C:\Users\hp pc\.m2\repository\net\serenity-bdd\serenity-reports\3.2.1\serenity-reports-3.2.1.jar;C:\Users\hp pc\.m2\repository\net\serenity-bdd\serenity-stats\3.2.1\serenity-stats-3.2.1.jar;C:\Users\hp pc\.m2\repository\net\serenity-bdd\serenity-reports-configuration\3.2.1\serenity-reports-configuration-3.2.1.jar;C:\Users\hp pc\.m2\repository\com\vladsch\flexmark\flexmark-all\0.34.30\flexmark-all-0.34.30.jar;C:\Users\hp pc\.m2\repository\com\vladsch\flexmark\flexmark\0.34.30\flexmark-0.34.30.jar;C:\Users\hp pc\.m2\repository\com\vladsch\flexmark\flexmark-ext-abbreviation\0.34.30\flexmark-ext-abbreviation-0.34.30.jar;C:\Users\hp pc\.m2\repository\com\vladsch\flexmark\flexmark-ext-admonition\0.34.30\flexmark-ext-admonition-0.34.30.jar;C:\Users\hp pc\.m2\repository\com\vladsch\flexmark\flexmark-ext-anchorlink\0.34.30\flexmark-ext-anchorlink-0.34.30.jar;C:\Users\hp pc\.m2\repository\com\vladsch\flexmark\flexmark-ext-aside\0.34.30\flexmark-ext-aside-0.34.30.jar;C:\Users\hp pc\.m2\repository\com\vladsch\flexmark\flexmark-ext-attributes\0.34.30\flexmark-ext-attributes-0.34.30.jar;C:\Users\hp pc\.m2\repository\com\vladsch\flexmark\flexmark-ext-autolink\0.34.30\flexmark-ext-autolink-0.34.30.jar;C:\Users\hp pc\.m2\repository\org\nibor\autolink\autolink\0.6.0\autolink-0.6.0.jar;C:\Users\hp pc\.m2\repository\com\vladsch\flexmark\flexmark-ext-definition\0.34.30\flexmark-ext-definition-0.34.30.jar;C:\Users\hp pc\.m2\repository\com\vladsch\flexmark\flexmark-ext-emoji\0.34.30\flexmark-ext-emoji-0.34.30.jar;C:\Users\hp pc\.m2\repository\com\vladsch\flexmark\flexmark-ext-enumerated-reference\0.34.30\flexmark-ext-enumerated-reference-0.34.30.jar;C:\Users\hp pc\.m2\repository\com\vladsch\flexmark\flexmark-ext-escaped-character\0.34.30\flexmark-ext-escaped-character-0.34.30.jar;C:\Users\hp pc\.m2\repository\com\vladsch\flexmark\flexmark-ext-footnotes\0.34.30\flexmark-ext-footnotes-0.34.30.jar;C:\Users\hp pc\.m2\repository\com\vladsch\flexmark\flexmark-ext-gfm-issues\0.34.30\flexmark-ext-gfm-issues-0.34.30.jar;C:\Users\hp pc\.m2\repository\com\vladsch\flexmark\flexmark-ext-gfm-strikethrough\0.34.30\flexmark-ext-gfm-strikethrough-0.34.30.jar;C:\Users\hp pc\.m2\repository\com\vladsch\flexmark\flexmark-ext-gfm-tables\0.34.30\flexmark-ext-gfm-tables-0.34.30.jar;C:\Users\hp pc\.m2\repository\com\vladsch\flexmark\flexmark-ext-gfm-tasklist\0.34.30\flexmark-ext-gfm-tasklist-0.34.30.jar;C:\Users\hp pc\.m2\repository\com\vladsch\flexmark\flexmark-ext-gfm-users\0.34.30\flexmark-ext-gfm-users-0.34.30.jar;C:\Users\hp pc\.m2\repository\com\vladsch\flexmark\flexmark-ext-gitlab\0.34.30\flexmark-ext-gitlab-0.34.30.jar;C:\Users\hp pc\.m2\repository\com\vladsch\flexmark\flexmark-ext-jekyll-front-matter\0.34.30\flexmark-ext-jekyll-front-matter-0.34.30.jar;C:\Users\hp pc\.m2\repository\com\vladsch\flexmark\flexmark-ext-jekyll-tag\0.34.30\flexmark-ext-jekyll-tag-0.34.30.jar;C:\Users\hp pc\.m2\repository\com\vladsch\flexmark\flexmark-ext-media-tags\0.34.30\flexmark-ext-media-tags-0.34.30.jar;C:\Users\hp pc\.m2\repository\com\vladsch\flexmark\flexmark-test-util\0.34.30\flexmark-test-util-0.34.30.jar;C:\Users\hp pc\.m2\repository\com\vladsch\flexmark\flexmark-ext-ins\0.34.30\flexmark-ext-ins-0.34.30.jar;C:\Users\hp pc\.m2\repository\com\vladsch\flexmark\flexmark-ext-xwiki-macros\0.34.30\flexmark-ext-xwiki-macros-0.34.30.jar;C:\Users\hp pc\.m2\repository\com\vladsch\flexmark\flexmark-ext-superscript\0.34.30\flexmark-ext-superscript-0.34.30.jar;C:\Users\hp pc\.m2\repository\com\vladsch\flexmark\flexmark-ext-tables\0.34.30\flexmark-ext-tables-0.34.30.jar;C:\Users\hp pc\.m2\repository\com\vladsch\flexmark\flexmark-ext-toc\0.34.30\flexmark-ext-toc-0.34.30.jar;C:\Users\hp pc\.m2\repository\com\vladsch\flexmark\flexmark-ext-typographic\0.34.30\flexmark-ext-typographic-0.34.30.jar;C:\Users\hp pc\.m2\repository\com\vladsch\flexmark\flexmark-ext-wikilink\0.34.30\flexmark-ext-wikilink-0.34.30.jar;C:\Users\hp pc\.m2\repository\com\vladsch\flexmark\flexmark-ext-yaml-front-matter\0.34.30\flexmark-ext-yaml-front-matter-0.34.30.jar;C:\Users\hp pc\.m2\repository\com\vladsch\flexmark\flexmark-ext-youtube-embedded\0.34.30\flexmark-ext-youtube-embedded-0.34.30.jar;C:\Users\hp pc\.m2\repository\com\vladsch\flexmark\flexmark-formatter\0.34.30\flexmark-formatter-0.34.30.jar;C:\Users\hp pc\.m2\repository\com\vladsch\flexmark\flexmark-html-parser\0.34.30\flexmark-html-parser-0.34.30.jar;C:\Users\hp pc\.m2\repository\com\vladsch\flexmark\flexmark-jira-converter\0.34.30\flexmark-jira-converter-0.34.30.jar;C:\Users\hp pc\.m2\repository\com\vladsch\flexmark\flexmark-pdf-converter\0.34.30\flexmark-pdf-converter-0.34.30.jar;C:\Users\hp pc\.m2\repository\com\openhtmltopdf\openhtmltopdf-core\0.0.1-RC13\openhtmltopdf-core-0.0.1-RC13.jar;C:\Users\hp pc\.m2\repository\com\openhtmltopdf\openhtmltopdf-pdfbox\0.0.1-RC13\openhtmltopdf-pdfbox-0.0.1-RC13.jar;C:\Users\hp pc\.m2\repository\org\apache\pdfbox\pdfbox\2.0.8\pdfbox-2.0.8.jar;C:\Users\hp pc\.m2\repository\org\apache\pdfbox\fontbox\2.0.8\fontbox-2.0.8.jar;C:\Users\hp pc\.m2\repository\commons-logging\commons-logging\1.2\commons-logging-1.2.jar;C:\Users\hp pc\.m2\repository\org\apache\pdfbox\xmpbox\2.0.8\xmpbox-2.0.8.jar;C:\Users\hp pc\.m2\repository\de\rototor\pdfbox\graphics2d\0.12\graphics2d-0.12.jar;C:\Users\hp pc\.m2\repository\com\openhtmltopdf\openhtmltopdf-rtl-support\0.0.1-RC13\openhtmltopdf-rtl-support-0.0.1-RC13.jar;C:\Users\hp pc\.m2\repository\com\ibm\icu\icu4j\59.1\icu4j-59.1.jar;C:\Users\hp pc\.m2\repository\com\openhtmltopdf\openhtmltopdf-jsoup-dom-converter\0.0.1-RC13\openhtmltopdf-jsoup-dom-converter-0.0.1-RC13.jar;C:\Users\hp pc\.m2\repository\com\vladsch\flexmark\flexmark-profile-pegdown\0.34.30\flexmark-profile-pegdown-0.34.30.jar;C:\Users\hp pc\.m2\repository\com\vladsch\flexmark\flexmark-util\0.34.30\flexmark-util-0.34.30.jar;C:\Users\hp pc\.m2\repository\com\vladsch\flexmark\flexmark-youtrack-converter\0.34.30\flexmark-youtrack-converter-0.34.30.jar;C:\Users\hp pc\.m2\repository\es\nitaur\markdown\txtmark\0.16\txtmark-0.16.jar;C:\Users\hp pc\.m2\repository\net\serenity-bdd\serenity-report-resources\3.2.1\serenity-report-resources-3.2.1.jar;C:\Users\hp pc\.m2\repository\com\google\code\gson\gson\2.9.0\gson-2.9.0.jar;C:\Users\hp pc\.m2\repository\com\fasterxml\jackson\core\jackson-core\2.13.2\jackson-core-2.13.2.jar;C:\Users\hp pc\.m2\repository\com\fasterxml\jackson\core\jackson-databind\2.13.2\jackson-databind-2.13.2.jar;C:\Users\hp pc\.m2\repository\com\fasterxml\jackson\core\jackson-annotations\2.13.2\jackson-annotations-2.13.2.jar;C:\Users\hp pc\.m2\repository\commons-codec\commons-codec\1.15\commons-codec-1.15.jar;C:\Users\hp pc\.m2\repository\commons-io\commons-io\2.11.0\commons-io-2.11.0.jar;C:\Users\hp pc\.m2\repository\org\seleniumhq\selenium\selenium-java\4.1.2\selenium-java-4.1.2.jar;C:\Users\hp pc\.m2\repository\org\seleniumhq\selenium\selenium-devtools-v85\4.1.2\selenium-devtools-v85-4.1.2.jar;C:\Users\hp pc\.m2\repository\org\seleniumhq\selenium\selenium-devtools-v95\4.1.2\selenium-devtools-v95-4.1.2.jar;C:\Users\hp pc\.m2\repository\org\seleniumhq\selenium\selenium-devtools-v96\4.1.2\selenium-devtools-v96-4.1.2.jar;C:\Users\hp pc\.m2\repository\org\seleniumhq\selenium\selenium-devtools-v97\4.1.2\selenium-devtools-v97-4.1.2.jar;C:\Users\hp pc\.m2\repository\org\seleniumhq\selenium\selenium-firefox-xpi-driver\4.1.2\selenium-firefox-xpi-driver-4.1.2.jar;C:\Users\hp pc\.m2\repository\org\seleniumhq\selenium\selenium-opera-driver\4.1.2\selenium-opera-driver-4.1.2.jar;C:\Users\hp pc\.m2\repository\org\seleniumhq\selenium\selenium-remote-driver\4.1.2\selenium-remote-driver-4.1.2.jar;C:\Users\hp pc\.m2\repository\com\beust\jcommander\1.82\jcommander-1.82.jar;C:\Users\hp pc\.m2\repository\io\netty\netty-buffer\4.1.73.Final\netty-buffer-4.1.73.Final.jar;C:\Users\hp pc\.m2\repository\io\netty\netty-codec-http\4.1.73.Final\netty-codec-http-4.1.73.Final.jar;C:\Users\hp pc\.m2\repository\io\netty\netty-codec\4.1.73.Final\netty-codec-4.1.73.Final.jar;C:\Users\hp pc\.m2\repository\io\netty\netty-handler\4.1.73.Final\netty-handler-4.1.73.Final.jar;C:\Users\hp pc\.m2\repository\io\netty\netty-tcnative-classes\2.0.46.Final\netty-tcnative-classes-2.0.46.Final.jar;C:\Users\hp pc\.m2\repository\io\netty\netty-common\4.1.73.Final\netty-common-4.1.73.Final.jar;C:\Users\hp pc\.m2\repository\io\netty\netty-transport-classes-epoll\4.1.73.Final\netty-transport-classes-epoll-4.1.73.Final.jar;C:\Users\hp pc\.m2\repository\io\netty\netty-transport-classes-kqueue\4.1.73.Final\netty-transport-classes-kqueue-4.1.73.Final.jar;C:\Users\hp pc\.m2\repository\io\netty\netty-transport-native-epoll\4.1.73.Final\netty-transport-native-epoll-4.1.73.Final.jar;C:\Users\hp pc\.m2\repository\io\netty\netty-transport-native-kqueue\4.1.73.Final\netty-transport-native-kqueue-4.1.73.Final.jar;C:\Users\hp pc\.m2\repository\io\netty\netty-transport-native-unix-common\4.1.73.Final\netty-transport-native-unix-common-4.1.73.Final.jar;C:\Users\hp pc\.m2\repository\io\netty\netty-transport\4.1.73.Final\netty-transport-4.1.73.Final.jar;C:\Users\hp pc\.m2\repository\io\netty\netty-resolver\4.1.73.Final\netty-resolver-4.1.73.Final.jar;C:\Users\hp pc\.m2\repository\io\opentelemetry\opentelemetry-api\1.10.1\opentelemetry-api-1.10.1.jar;C:\Users\hp pc\.m2\repository\io\opentelemetry\opentelemetry-context\1.10.1\opentelemetry-context-1.10.1.jar;C:\Users\hp pc\.m2\repository\io\opentelemetry\opentelemetry-exporter-logging\1.10.1\opentelemetry-exporter-logging-1.10.1.jar;C:\Users\hp pc\.m2\repository\io\opentelemetry\opentelemetry-sdk-metrics\1.10.1-alpha\opentelemetry-sdk-metrics-1.10.1-alpha.jar;C:\Users\hp pc\.m2\repository\io\opentelemetry\opentelemetry-sdk-logs\1.10.1-alpha\opentelemetry-sdk-logs-1.10.1-alpha.jar;C:\Users\hp pc\.m2\repository\io\opentelemetry\opentelemetry-sdk-common\1.10.1\opentelemetry-sdk-common-1.10.1.jar;C:\Users\hp pc\.m2\repository\io\opentelemetry\opentelemetry-sdk-extension-autoconfigure-spi\1.10.1\opentelemetry-sdk-extension-autoconfigure-spi-1.10.1.jar;C:\Users\hp pc\.m2\repository\io\opentelemetry\opentelemetry-sdk-extension-autoconfigure\1.10.1-alpha\opentelemetry-sdk-extension-autoconfigure-1.10.1-alpha.jar;C:\Users\hp pc\.m2\repository\io\opentelemetry\opentelemetry-sdk-trace\1.10.1\opentelemetry-sdk-trace-1.10.1.jar;C:\Users\hp pc\.m2\repository\io\opentelemetry\opentelemetry-sdk\1.10.1\opentelemetry-sdk-1.10.1.jar;C:\Users\hp pc\.m2\repository\io\opentelemetry\opentelemetry-semconv\1.10.1-alpha\opentelemetry-semconv-1.10.1-alpha.jar;C:\Users\hp pc\.m2\repository\io\ous\jtoml\2.0.0\jtoml-2.0.0.jar;C:\Users\hp pc\.m2\repository\org\apache\commons\commons-exec\1.3\commons-exec-1.3.jar;C:\Users\hp pc\.m2\repository\org\asynchttpclient\async-http-client\2.12.3\async-http-client-2.12.3.jar;C:\Users\hp pc\.m2\repository\org\asynchttpclient\async-http-client-netty-utils\2.12.3\async-http-client-netty-utils-2.12.3.jar;C:\Users\hp pc\.m2\repository\io\netty\netty-codec-socks\4.1.60.Final\netty-codec-socks-4.1.60.Final.jar;C:\Users\hp pc\.m2\repository\io\netty\netty-handler-proxy\4.1.60.Final\netty-handler-proxy-4.1.60.Final.jar;C:\Users\hp pc\.m2\repository\io\netty\netty-transport-native-epoll\4.1.60.Final\netty-transport-native-epoll-4.1.60.Final-linux-x86_64.jar;C:\Users\hp pc\.m2\repository\io\netty\netty-transport-native-kqueue\4.1.60.Final\netty-transport-native-kqueue-4.1.60.Final-osx-x86_64.jar;C:\Users\hp pc\.m2\repository\org\reactivestreams\reactive-streams\1.0.3\reactive-streams-1.0.3.jar;C:\Users\hp pc\.m2\repository\com\typesafe\netty\netty-reactive-streams\2.0.4\netty-reactive-streams-2.0.4.jar;C:\Users\hp pc\.m2\repository\org\seleniumhq\selenium\selenium-http\4.1.2\selenium-http-4.1.2.jar;C:\Users\hp pc\.m2\repository\net\jodah\failsafe\2.4.4\failsafe-2.4.4.jar;C:\Users\hp pc\.m2\repository\org\seleniumhq\selenium\selenium-safari-driver\4.1.2\selenium-safari-driver-4.1.2.jar;C:\Users\hp pc\.m2\repository\org\seleniumhq\selenium\selenium-api\4.1.2\selenium-api-4.1.2.jar;C:\Users\hp pc\.m2\repository\org\seleniumhq\selenium\selenium-support\4.1.2\selenium-support-4.1.2.jar;C:\Users\hp pc\.m2\repository\com\google\auto\service\auto-service-annotations\1.0.1\auto-service-annotations-1.0.1.jar;C:\Users\hp pc\.m2\repository\com\google\auto\service\auto-service\1.0.1\auto-service-1.0.1.jar;C:\Users\hp pc\.m2\repository\com\google\auto\auto-common\1.2\auto-common-1.2.jar;C:\Users\hp pc\.m2\repository\org\seleniumhq\selenium\selenium-json\4.1.2\selenium-json-4.1.2.jar;C:\Users\hp pc\.m2\repository\org\seleniumhq\selenium\selenium-chrome-driver\4.1.2\selenium-chrome-driver-4.1.2.jar;C:\Users\hp pc\.m2\repository\org\seleniumhq\selenium\selenium-chromium-driver\4.1.2\selenium-chromium-driver-4.1.2.jar;C:\Users\hp pc\.m2\repository\org\seleniumhq\selenium\selenium-firefox-driver\4.1.2\selenium-firefox-driver-4.1.2.jar;C:\Users\hp pc\.m2\repository\org\seleniumhq\selenium\selenium-edge-driver\4.1.2\selenium-edge-driver-4.1.2.jar;C:\Users\hp pc\.m2\repository\org\seleniumhq\selenium\selenium-ie-driver\4.1.2\selenium-ie-driver-4.1.2.jar;C:\Users\hp pc\.m2\repository\org\projectlombok\lombok\1.18.20\lombok-1.18.20.jar;C:\Users\hp pc\.m2\repository\io\appium\java-client\8.0.0\java-client-8.0.0.jar;C:\Users\hp pc\.m2\repository\commons-validator\commons-validator\1.7\commons-validator-1.7.jar;C:\Users\hp pc\.m2\repository\commons-digester\commons-digester\2.1\commons-digester-2.1.jar;C:\Users\hp pc\.m2\repository\org\aspectj\aspectjweaver\1.9.8\aspectjweaver-1.9.8.jar;C:\Users\hp pc\.m2\repository\org\codehaus\groovy\groovy\3.0.10\groovy-3.0.10.jar;C:\Users\hp pc\.m2\repository\net\sf\opencsv\opencsv\2.0\opencsv-2.0.jar;C:\Users\hp pc\.m2\repository\commons-beanutils\commons-beanutils\1.9.4\commons-beanutils-1.9.4.jar;C:\Users\hp pc\.m2\repository\org\apache\commons\commons-lang3\3.12.0\commons-lang3-3.12.0.jar;C:\Users\hp pc\.m2\repository\commons-collections\commons-collections\3.2.2\commons-collections-3.2.2.jar;C:\Users\hp pc\.m2\repository\org\fluentlenium\fluentlenium-core\0.10.2\fluentlenium-core-0.10.2.jar;C:\Users\hp pc\.m2\repository\io\github\bonigarcia\webdrivermanager\5.1.0\webdrivermanager-5.1.0.jar;C:\Users\hp pc\.m2\repository\com\github\docker-java\docker-java\3.2.13\docker-java-3.2.13.jar;C:\Users\hp pc\.m2\repository\com\github\docker-java\docker-java-core\3.2.13\docker-java-core-3.2.13.jar;C:\Users\hp pc\.m2\repository\com\github\docker-java\docker-java-api\3.2.13\docker-java-api-3.2.13.jar;C:\Users\hp pc\.m2\repository\org\apache\commons\commons-compress\1.21\commons-compress-1.21.jar;C:\Users\hp pc\.m2\repository\org\bouncycastle\bcpkix-jdk15on\1.64\bcpkix-jdk15on-1.64.jar;C:\Users\hp pc\.m2\repository\org\bouncycastle\bcprov-jdk15on\1.64\bcprov-jdk15on-1.64.jar;C:\Users\hp pc\.m2\repository\org\slf4j\jcl-over-slf4j\1.7.30\jcl-over-slf4j-1.7.30.jar;C:\Users\hp pc\.m2\repository\com\github\docker-java\docker-java-transport-httpclient5\3.2.13\docker-java-transport-httpclient5-3.2.13.jar;C:\Users\hp pc\.m2\repository\com\github\docker-java\docker-java-transport\3.2.13\docker-java-transport-3.2.13.jar;C:\Users\hp pc\.m2\repository\org\apache\httpcomponents\client5\httpclient5\5.0.3\httpclient5-5.0.3.jar;C:\Users\hp pc\.m2\repository\org\apache\httpcomponents\core5\httpcore5\5.0.2\httpcore5-5.0.2.jar;C:\Users\hp pc\.m2\repository\net\java\dev\jna\jna\5.8.0\jna-5.8.0.jar;C:\Users\hp pc\.m2\repository\org\brotli\dec\0.1.2\dec-0.1.2.jar;C:\Users\hp pc\.m2\repository\com\jhlabs\filters\2.0.235\filters-2.0.235.jar;C:\Users\hp pc\.m2\repository\com\paulhammant\ngwebdriver\1.1.6\ngwebdriver-1.1.6.jar;C:\Users\hp pc\.m2\repository\joda-time\joda-time\2.8.2\joda-time-2.8.2.jar;C:\Users\hp pc\.m2\repository\org\hamcrest\hamcrest\2.2\hamcrest-2.2.jar;C:\Users\hp pc\.m2\repository\com\google\jimfs\jimfs\1.2\jimfs-1.2.jar;C:\Users\hp pc\.m2\repository\org\mockito\mockito-core\3.3.3\mockito-core-3.3.3.jar;C:\Users\hp pc\.m2\repository\javax\xml\bind\jaxb-api\2.3.1\jaxb-api-2.3.1.jar;C:\Users\hp pc\.m2\repository\javax\activation\javax.activation-api\1.2.0\javax.activation-api-1.2.0.jar;C:\Users\hp pc\.m2\repository\com\sun\xml\bind\jaxb-core\2.3.0.1\jaxb-core-2.3.0.1.jar;C:\Users\hp pc\.m2\repository\com\sun\xml\bind\jaxb-impl\2.3.3\jaxb-impl-2.3.3.jar;C:\Users\hp pc\.m2\repository\jakarta\xml\bind\jakarta.xml.bind-api\2.3.3\jakarta.xml.bind-api-2.3.3.jar;C:\Users\hp pc\.m2\repository\com\sun\activation\jakarta.activation\1.2.2\jakarta.activation-1.2.2.jar;C:\Users\hp pc\.m2\repository\javax\activation\activation\1.1.1\activation-1.1.1.jar;C:\Users\hp pc\.m2\repository\net\serenity-bdd\serenity-cucumber\3.2.1\serenity-cucumber-3.2.1.jar;C:\Users\hp pc\.m2\repository\io\cucumber\cucumber-core\7.2.3\cucumber-core-7.2.3.jar;C:\Users\hp pc\.m2\repository\io\cucumber\cucumber-gherkin\7.2.3\cucumber-gherkin-7.2.3.jar;C:\Users\hp pc\.m2\repository\io\cucumber\cucumber-gherkin-messages\7.2.3\cucumber-gherkin-messages-7.2.3.jar;C:\Users\hp pc\.m2\repository\io\cucumber\messages\17.1.1\messages-17.1.1.jar;C:\Users\hp pc\.m2\repository\io\cucumber\tag-expressions\4.1.0\tag-expressions-4.1.0.jar;C:\Users\hp pc\.m2\repository\io\cucumber\cucumber-expressions\15.0.1\cucumber-expressions-15.0.1.jar;C:\Users\hp pc\.m2\repository\io\cucumber\datatable\7.2.3\datatable-7.2.3.jar;C:\Users\hp pc\.m2\repository\io\cucumber\cucumber-plugin\7.2.3\cucumber-plugin-7.2.3.jar;C:\Users\hp pc\.m2\repository\io\cucumber\docstring\7.2.3\docstring-7.2.3.jar;C:\Users\hp pc\.m2\repository\io\cucumber\html-formatter\17.0.0\html-formatter-17.0.0.jar;C:\Users\hp pc\.m2\repository\io\cucumber\ci-environment\8.1.0\ci-environment-8.1.0.jar;C:\Users\hp pc\.m2\repository\io\cucumber\cucumber-junit\7.2.3\cucumber-junit-7.2.3.jar;C:\Users\hp pc\.m2\repository\org\apache\commons\commons-csv\1.5\commons-csv-1.5.jar;C:\Users\hp pc\.m2\repository\net\serenity-bdd\serenity-screenplay\3.2.1\serenity-screenplay-3.2.1.jar;C:\Users\hp pc\.m2\repository\net\serenity-bdd\serenity-screenplay-webdriver\3.2.1\serenity-screenplay-webdriver-3.2.1.jar;C:\Users\hp pc\.m2\repository\net\serenity-bdd\serenity-ensure\3.2.1\serenity-ensure-3.2.1.jar;C:\Users\hp pc\.m2\repository\net\serenity-bdd\serenity-junit\3.2.1\serenity-junit-3.2.1.jar;C:\Users\hp pc\.m2\repository\org\jetbrains\kotlin\kotlin-stdlib\1.6.0\kotlin-stdlib-1.6.0.jar;C:\Users\hp pc\.m2\repository\org\jetbrains\annotations\13.0\annotations-13.0.jar;C:\Users\hp pc\.m2\repository\org\jetbrains\kotlin\kotlin-stdlib-common\1.6.0\kotlin-stdlib-common-1.6.0.jar;C:\Users\hp pc\.m2\repository\org\junit\platform\junit-platform-launcher\1.8.1\junit-platform-launcher-1.8.1.jar;C:\Users\hp pc\.m2\repository\org\junit\platform\junit-platform-engine\1.8.1\junit-platform-engine-1.8.1.jar;C:\Users\hp pc\.m2\repository\org\opentest4j\opentest4j\1.2.0\opentest4j-1.2.0.jar;C:\Users\hp pc\.m2\repository\org\junit\platform\junit-platform-commons\1.8.1\junit-platform-commons-1.8.1.jar;C:\Users\hp pc\.m2\repository\org\apiguardian\apiguardian-api\1.1.2\apiguardian-api-1.1.2.jar;C:\Users\hp pc\.m2\repository\org\junit\jupiter\junit-jupiter-engine\5.8.2\junit-jupiter-engine-5.8.2.jar;C:\Users\hp pc\.m2\repository\org\junit\jupiter\junit-jupiter-api\5.8.2\junit-jupiter-api-5.8.2.jar;C:\Users\hp pc\.m2\repository\org\junit\vintage\junit-vintage-engine\5.8.2\junit-vintage-engine-5.8.2.jar;C:\Users\hp pc\.m2\repository\junit\junit\4.13.2\junit-4.13.2.jar;C:\Users\hp pc\.m2\repository\org\hamcrest\hamcrest-core\1.3\hamcrest-core-1.3.jar;C:\Users\hp pc\.m2\repository\ch\qos\logback\logback-classic\1.2.10\logback-classic-1.2.10.jar;C:\Users\hp pc\.m2\repository\ch\qos\logback\logback-core\1.2.10\logback-core-1.2.10.jar;C:\Users\hp pc\.m2\repository\org\slf4j\slf4j-api\1.7.32\slf4j-api-1.7.32.jar;C:\Users\hp pc\.m2\repository\org\assertj\assertj-core\3.6.2\assertj-core-3.6.2.jar;"/>
    <property name="java.vm.vendor" value="Oracle Corporation"/>
    <property name="sun.arch.data.model" value="64"/>
    <property name="user.variant" value=""/>
    <property name="java.vendor.url" value="https://java.oracle.com/"/>
    <property name="user.timezone" value="Asia/Jakarta"/>
    <property name="log4j2.formatMsgNoLookups" value="true"/>
    <property name="os.name" value="Windows 10"/>
    <property name="java.vm.specification.version" value="15"/>
    <property name="sun.java.launcher" value="SUN_STANDARD"/>
    <property name="user.country" value="ID"/>
    <property name="sun.boot.library.path" value="C:\Program Files\Java\jdk-15.0.2\bin"/>
    <property name="sun.java.command" value="org.apache.maven.surefire.booter.ForkedBooter C:\Users\hp pc\AppData\Local\Temp\surefire12784826735294352731 2022-05-16T14-56-20_717-jvmRun1 surefire10168243707218857124tmp surefire_03531566737256849160tmp"/>
    <property name="jdk.debug" value="release"/>
    <property name="surefire.test.class.path" value="D:\data hakim\Mini Project Alterra\WebAlta\target\test-classes;C:\Users\hp pc\.m2\repository\net\serenity-bdd\serenity-core\3.2.1\serenity-core-3.2.1.jar;C:\Users\hp pc\.m2\repository\net\serenity-bdd\serenity-model\3.2.1\serenity-model-3.2.1.jar;C:\Users\hp pc\.m2\repository\org\apache\commons\commons-text\1.9\commons-text-1.9.jar;C:\Users\hp pc\.m2\repository\commons-net\commons-net\3.8.0\commons-net-3.8.0.jar;C:\Users\hp pc\.m2\repository\com\google\guava\guava\31.1-jre\guava-31.1-jre.jar;C:\Users\hp pc\.m2\repository\com\google\guava\failureaccess\1.0.1\failureaccess-1.0.1.jar;C:\Users\hp pc\.m2\repository\com\google\guava\listenablefuture\9999.0-empty-to-avoid-conflict-with-guava\listenablefuture-9999.0-empty-to-avoid-conflict-with-guava.jar;C:\Users\hp pc\.m2\repository\com\google\code\findbugs\jsr305\3.0.2\jsr305-3.0.2.jar;C:\Users\hp pc\.m2\repository\org\checkerframework\checker-qual\3.12.0\checker-qual-3.12.0.jar;C:\Users\hp pc\.m2\repository\com\google\errorprone\error_prone_annotations\2.11.0\error_prone_annotations-2.11.0.jar;C:\Users\hp pc\.m2\repository\com\google\j2objc\j2objc-annotations\1.3\j2objc-annotations-1.3.jar;C:\Users\hp pc\.m2\repository\com\google\inject\guice\5.1.0\guice-5.1.0.jar;C:\Users\hp pc\.m2\repository\javax\inject\javax.inject\1\javax.inject-1.jar;C:\Users\hp pc\.m2\repository\aopalliance\aopalliance\1.0\aopalliance-1.0.jar;C:\Users\hp pc\.m2\repository\org\jsoup\jsoup\1.14.3\jsoup-1.14.3.jar;C:\Users\hp pc\.m2\repository\com\thoughtworks\xstream\xstream\1.4.19\xstream-1.4.19.jar;C:\Users\hp pc\.m2\repository\io\github\x-stream\mxparser\1.2.2\mxparser-1.2.2.jar;C:\Users\hp pc\.m2\repository\xmlpull\xmlpull\1.1.3.1\xmlpull-1.1.3.1.jar;C:\Users\hp pc\.m2\repository\io\cucumber\cucumber-java\7.2.3\cucumber-java-7.2.3.jar;C:\Users\hp pc\.m2\repository\com\typesafe\config\1.4.2\config-1.4.2.jar;C:\Users\hp pc\.m2\repository\org\imgscalr\imgscalr-lib\4.2\imgscalr-lib-4.2.jar;C:\Users\hp pc\.m2\repository\org\awaitility\awaitility\4.2.0\awaitility-4.2.0.jar;C:\Users\hp pc\.m2\repository\org\freemarker\freemarker\2.3.31\freemarker-2.3.31.jar;C:\Users\hp pc\.m2\repository\io\github\classgraph\classgraph\4.8.138\classgraph-4.8.138.jar;C:\Users\hp pc\.m2\repository\net\sourceforge\jexcelapi\jxl\2.6.12\jxl-2.6.12.jar;C:\Users\hp pc\.m2\repository\net\bytebuddy\byte-buddy\1.12.8\byte-buddy-1.12.8.jar;C:\Users\hp pc\.m2\repository\net\bytebuddy\byte-buddy-agent\1.12.8\byte-buddy-agent-1.12.8.jar;C:\Users\hp pc\.m2\repository\org\objenesis\objenesis\3.1\objenesis-3.1.jar;C:\Users\hp pc\.m2\repository\net\serenity-bdd\serenity-reports\3.2.1\serenity-reports-3.2.1.jar;C:\Users\hp pc\.m2\repository\net\serenity-bdd\serenity-stats\3.2.1\serenity-stats-3.2.1.jar;C:\Users\hp pc\.m2\repository\net\serenity-bdd\serenity-reports-configuration\3.2.1\serenity-reports-configuration-3.2.1.jar;C:\Users\hp pc\.m2\repository\com\vladsch\flexmark\flexmark-all\0.34.30\flexmark-all-0.34.30.jar;C:\Users\hp pc\.m2\repository\com\vladsch\flexmark\flexmark\0.34.30\flexmark-0.34.30.jar;C:\Users\hp pc\.m2\repository\com\vladsch\flexmark\flexmark-ext-abbreviation\0.34.30\flexmark-ext-abbreviation-0.34.30.jar;C:\Users\hp pc\.m2\repository\com\vladsch\flexmark\flexmark-ext-admonition\0.34.30\flexmark-ext-admonition-0.34.30.jar;C:\Users\hp pc\.m2\repository\com\vladsch\flexmark\flexmark-ext-anchorlink\0.34.30\flexmark-ext-anchorlink-0.34.30.jar;C:\Users\hp pc\.m2\repository\com\vladsch\flexmark\flexmark-ext-aside\0.34.30\flexmark-ext-aside-0.34.30.jar;C:\Users\hp pc\.m2\repository\com\vladsch\flexmark\flexmark-ext-attributes\0.34.30\flexmark-ext-attributes-0.34.30.jar;C:\Users\hp pc\.m2\repository\com\vladsch\flexmark\flexmark-ext-autolink\0.34.30\flexmark-ext-autolink-0.34.30.jar;C:\Users\hp pc\.m2\repository\org\nibor\autolink\autolink\0.6.0\autolink-0.6.0.jar;C:\Users\hp pc\.m2\repository\com\vladsch\flexmark\flexmark-ext-definition\0.34.30\flexmark-ext-definition-0.34.30.jar;C:\Users\hp pc\.m2\repository\com\vladsch\flexmark\flexmark-ext-emoji\0.34.30\flexmark-ext-emoji-0.34.30.jar;C:\Users\hp pc\.m2\repository\com\vladsch\flexmark\flexmark-ext-enumerated-reference\0.34.30\flexmark-ext-enumerated-reference-0.34.30.jar;C:\Users\hp pc\.m2\repository\com\vladsch\flexmark\flexmark-ext-escaped-character\0.34.30\flexmark-ext-escaped-character-0.34.30.jar;C:\Users\hp pc\.m2\repository\com\vladsch\flexmark\flexmark-ext-footnotes\0.34.30\flexmark-ext-footnotes-0.34.30.jar;C:\Users\hp pc\.m2\repository\com\vladsch\flexmark\flexmark-ext-gfm-issues\0.34.30\flexmark-ext-gfm-issues-0.34.30.jar;C:\Users\hp pc\.m2\repository\com\vladsch\flexmark\flexmark-ext-gfm-strikethrough\0.34.30\flexmark-ext-gfm-strikethrough-0.34.30.jar;C:\Users\hp pc\.m2\repository\com\vladsch\flexmark\flexmark-ext-gfm-tables\0.34.30\flexmark-ext-gfm-tables-0.34.30.jar;C:\Users\hp pc\.m2\repository\com\vladsch\flexmark\flexmark-ext-gfm-tasklist\0.34.30\flexmark-ext-gfm-tasklist-0.34.30.jar;C:\Users\hp pc\.m2\repository\com\vladsch\flexmark\flexmark-ext-gfm-users\0.34.30\flexmark-ext-gfm-users-0.34.30.jar;C:\Users\hp pc\.m2\repository\com\vladsch\flexmark\flexmark-ext-gitlab\0.34.30\flexmark-ext-gitlab-0.34.30.jar;C:\Users\hp pc\.m2\repository\com\vladsch\flexmark\flexmark-ext-jekyll-front-matter\0.34.30\flexmark-ext-jekyll-front-matter-0.34.30.jar;C:\Users\hp pc\.m2\repository\com\vladsch\flexmark\flexmark-ext-jekyll-tag\0.34.30\flexmark-ext-jekyll-tag-0.34.30.jar;C:\Users\hp pc\.m2\repository\com\vladsch\flexmark\flexmark-ext-media-tags\0.34.30\flexmark-ext-media-tags-0.34.30.jar;C:\Users\hp pc\.m2\repository\com\vladsch\flexmark\flexmark-test-util\0.34.30\flexmark-test-util-0.34.30.jar;C:\Users\hp pc\.m2\repository\com\vladsch\flexmark\flexmark-ext-ins\0.34.30\flexmark-ext-ins-0.34.30.jar;C:\Users\hp pc\.m2\repository\com\vladsch\flexmark\flexmark-ext-xwiki-macros\0.34.30\flexmark-ext-xwiki-macros-0.34.30.jar;C:\Users\hp pc\.m2\repository\com\vladsch\flexmark\flexmark-ext-superscript\0.34.30\flexmark-ext-superscript-0.34.30.jar;C:\Users\hp pc\.m2\repository\com\vladsch\flexmark\flexmark-ext-tables\0.34.30\flexmark-ext-tables-0.34.30.jar;C:\Users\hp pc\.m2\repository\com\vladsch\flexmark\flexmark-ext-toc\0.34.30\flexmark-ext-toc-0.34.30.jar;C:\Users\hp pc\.m2\repository\com\vladsch\flexmark\flexmark-ext-typographic\0.34.30\flexmark-ext-typographic-0.34.30.jar;C:\Users\hp pc\.m2\repository\com\vladsch\flexmark\flexmark-ext-wikilink\0.34.30\flexmark-ext-wikilink-0.34.30.jar;C:\Users\hp pc\.m2\repository\com\vladsch\flexmark\flexmark-ext-yaml-front-matter\0.34.30\flexmark-ext-yaml-front-matter-0.34.30.jar;C:\Users\hp pc\.m2\repository\com\vladsch\flexmark\flexmark-ext-youtube-embedded\0.34.30\flexmark-ext-youtube-embedded-0.34.30.jar;C:\Users\hp pc\.m2\repository\com\vladsch\flexmark\flexmark-formatter\0.34.30\flexmark-formatter-0.34.30.jar;C:\Users\hp pc\.m2\repository\com\vladsch\flexmark\flexmark-html-parser\0.34.30\flexmark-html-parser-0.34.30.jar;C:\Users\hp pc\.m2\repository\com\vladsch\flexmark\flexmark-jira-converter\0.34.30\flexmark-jira-converter-0.34.30.jar;C:\Users\hp pc\.m2\repository\com\vladsch\flexmark\flexmark-pdf-converter\0.34.30\flexmark-pdf-converter-0.34.30.jar;C:\Users\hp pc\.m2\repository\com\openhtmltopdf\openhtmltopdf-core\0.0.1-RC13\openhtmltopdf-core-0.0.1-RC13.jar;C:\Users\hp pc\.m2\repository\com\openhtmltopdf\openhtmltopdf-pdfbox\0.0.1-RC13\openhtmltopdf-pdfbox-0.0.1-RC13.jar;C:\Users\hp pc\.m2\repository\org\apache\pdfbox\pdfbox\2.0.8\pdfbox-2.0.8.jar;C:\Users\hp pc\.m2\repository\org\apache\pdfbox\fontbox\2.0.8\fontbox-2.0.8.jar;C:\Users\hp pc\.m2\repository\commons-logging\commons-logging\1.2\commons-logging-1.2.jar;C:\Users\hp pc\.m2\repository\org\apache\pdfbox\xmpbox\2.0.8\xmpbox-2.0.8.jar;C:\Users\hp pc\.m2\repository\de\rototor\pdfbox\graphics2d\0.12\graphics2d-0.12.jar;C:\Users\hp pc\.m2\repository\com\openhtmltopdf\openhtmltopdf-rtl-support\0.0.1-RC13\openhtmltopdf-rtl-support-0.0.1-RC13.jar;C:\Users\hp pc\.m2\repository\com\ibm\icu\icu4j\59.1\icu4j-59.1.jar;C:\Users\hp pc\.m2\repository\com\openhtmltopdf\openhtmltopdf-jsoup-dom-converter\0.0.1-RC13\openhtmltopdf-jsoup-dom-converter-0.0.1-RC13.jar;C:\Users\hp pc\.m2\repository\com\vladsch\flexmark\flexmark-profile-pegdown\0.34.30\flexmark-profile-pegdown-0.34.30.jar;C:\Users\hp pc\.m2\repository\com\vladsch\flexmark\flexmark-util\0.34.30\flexmark-util-0.34.30.jar;C:\Users\hp pc\.m2\repository\com\vladsch\flexmark\flexmark-youtrack-converter\0.34.30\flexmark-youtrack-converter-0.34.30.jar;C:\Users\hp pc\.m2\repository\es\nitaur\markdown\txtmark\0.16\txtmark-0.16.jar;C:\Users\hp pc\.m2\repository\net\serenity-bdd\serenity-report-resources\3.2.1\serenity-report-resources-3.2.1.jar;C:\Users\hp pc\.m2\repository\com\google\code\gson\gson\2.9.0\gson-2.9.0.jar;C:\Users\hp pc\.m2\repository\com\fasterxml\jackson\core\jackson-core\2.13.2\jackson-core-2.13.2.jar;C:\Users\hp pc\.m2\repository\com\fasterxml\jackson\core\jackson-databind\2.13.2\jackson-databind-2.13.2.jar;C:\Users\hp pc\.m2\repository\com\fasterxml\jackson\core\jackson-annotations\2.13.2\jackson-annotations-2.13.2.jar;C:\Users\hp pc\.m2\repository\commons-codec\commons-codec\1.15\commons-codec-1.15.jar;C:\Users\hp pc\.m2\repository\commons-io\commons-io\2.11.0\commons-io-2.11.0.jar;C:\Users\hp pc\.m2\repository\org\seleniumhq\selenium\selenium-java\4.1.2\selenium-java-4.1.2.jar;C:\Users\hp pc\.m2\repository\org\seleniumhq\selenium\selenium-devtools-v85\4.1.2\selenium-devtools-v85-4.1.2.jar;C:\Users\hp pc\.m2\repository\org\seleniumhq\selenium\selenium-devtools-v95\4.1.2\selenium-devtools-v95-4.1.2.jar;C:\Users\hp pc\.m2\repository\org\seleniumhq\selenium\selenium-devtools-v96\4.1.2\selenium-devtools-v96-4.1.2.jar;C:\Users\hp pc\.m2\repository\org\seleniumhq\selenium\selenium-devtools-v97\4.1.2\selenium-devtools-v97-4.1.2.jar;C:\Users\hp pc\.m2\repository\org\seleniumhq\selenium\selenium-firefox-xpi-driver\4.1.2\selenium-firefox-xpi-driver-4.1.2.jar;C:\Users\hp pc\.m2\repository\org\seleniumhq\selenium\selenium-opera-driver\4.1.2\selenium-opera-driver-4.1.2.jar;C:\Users\hp pc\.m2\repository\org\seleniumhq\selenium\selenium-remote-driver\4.1.2\selenium-remote-driver-4.1.2.jar;C:\Users\hp pc\.m2\repository\com\beust\jcommander\1.82\jcommander-1.82.jar;C:\Users\hp pc\.m2\repository\io\netty\netty-buffer\4.1.73.Final\netty-buffer-4.1.73.Final.jar;C:\Users\hp pc\.m2\repository\io\netty\netty-codec-http\4.1.73.Final\netty-codec-http-4.1.73.Final.jar;C:\Users\hp pc\.m2\repository\io\netty\netty-codec\4.1.73.Final\netty-codec-4.1.73.Final.jar;C:\Users\hp pc\.m2\repository\io\netty\netty-handler\4.1.73.Final\netty-handler-4.1.73.Final.jar;C:\Users\hp pc\.m2\repository\io\netty\netty-tcnative-classes\2.0.46.Final\netty-tcnative-classes-2.0.46.Final.jar;C:\Users\hp pc\.m2\repository\io\netty\netty-common\4.1.73.Final\netty-common-4.1.73.Final.jar;C:\Users\hp pc\.m2\repository\io\netty\netty-transport-classes-epoll\4.1.73.Final\netty-transport-classes-epoll-4.1.73.Final.jar;C:\Users\hp pc\.m2\repository\io\netty\netty-transport-classes-kqueue\4.1.73.Final\netty-transport-classes-kqueue-4.1.73.Final.jar;C:\Users\hp pc\.m2\repository\io\netty\netty-transport-native-epoll\4.1.73.Final\netty-transport-native-epoll-4.1.73.Final.jar;C:\Users\hp pc\.m2\repository\io\netty\netty-transport-native-kqueue\4.1.73.Final\netty-transport-native-kqueue-4.1.73.Final.jar;C:\Users\hp pc\.m2\repository\io\netty\netty-transport-native-unix-common\4.1.73.Final\netty-transport-native-unix-common-4.1.73.Final.jar;C:\Users\hp pc\.m2\repository\io\netty\netty-transport\4.1.73.Final\netty-transport-4.1.73.Final.jar;C:\Users\hp pc\.m2\repository\io\netty\netty-resolver\4.1.73.Final\netty-resolver-4.1.73.Final.jar;C:\Users\hp pc\.m2\repository\io\opentelemetry\opentelemetry-api\1.10.1\opentelemetry-api-1.10.1.jar;C:\Users\hp pc\.m2\repository\io\opentelemetry\opentelemetry-context\1.10.1\opentelemetry-context-1.10.1.jar;C:\Users\hp pc\.m2\repository\io\opentelemetry\opentelemetry-exporter-logging\1.10.1\opentelemetry-exporter-logging-1.10.1.jar;C:\Users\hp pc\.m2\repository\io\opentelemetry\opentelemetry-sdk-metrics\1.10.1-alpha\opentelemetry-sdk-metrics-1.10.1-alpha.jar;C:\Users\hp pc\.m2\repository\io\opentelemetry\opentelemetry-sdk-logs\1.10.1-alpha\opentelemetry-sdk-logs-1.10.1-alpha.jar;C:\Users\hp pc\.m2\repository\io\opentelemetry\opentelemetry-sdk-common\1.10.1\opentelemetry-sdk-common-1.10.1.jar;C:\Users\hp pc\.m2\repository\io\opentelemetry\opentelemetry-sdk-extension-autoconfigure-spi\1.10.1\opentelemetry-sdk-extension-autoconfigure-spi-1.10.1.jar;C:\Users\hp pc\.m2\repository\io\opentelemetry\opentelemetry-sdk-extension-autoconfigure\1.10.1-alpha\opentelemetry-sdk-extension-autoconfigure-1.10.1-alpha.jar;C:\Users\hp pc\.m2\repository\io\opentelemetry\opentelemetry-sdk-trace\1.10.1\opentelemetry-sdk-trace-1.10.1.jar;C:\Users\hp pc\.m2\repository\io\opentelemetry\opentelemetry-sdk\1.10.1\opentelemetry-sdk-1.10.1.jar;C:\Users\hp pc\.m2\repository\io\opentelemetry\opentelemetry-semconv\1.10.1-alpha\opentelemetry-semconv-1.10.1-alpha.jar;C:\Users\hp pc\.m2\repository\io\ous\jtoml\2.0.0\jtoml-2.0.0.jar;C:\Users\hp pc\.m2\repository\org\apache\commons\commons-exec\1.3\commons-exec-1.3.jar;C:\Users\hp pc\.m2\repository\org\asynchttpclient\async-http-client\2.12.3\async-http-client-2.12.3.jar;C:\Users\hp pc\.m2\repository\org\asynchttpclient\async-http-client-netty-utils\2.12.3\async-http-client-netty-utils-2.12.3.jar;C:\Users\hp pc\.m2\repository\io\netty\netty-codec-socks\4.1.60.Final\netty-codec-socks-4.1.60.Final.jar;C:\Users\hp pc\.m2\repository\io\netty\netty-handler-proxy\4.1.60.Final\netty-handler-proxy-4.1.60.Final.jar;C:\Users\hp pc\.m2\repository\io\netty\netty-transport-native-epoll\4.1.60.Final\netty-transport-native-epoll-4.1.60.Final-linux-x86_64.jar;C:\Users\hp pc\.m2\repository\io\netty\netty-transport-native-kqueue\4.1.60.Final\netty-transport-native-kqueue-4.1.60.Final-osx-x86_64.jar;C:\Users\hp pc\.m2\repository\org\reactivestreams\reactive-streams\1.0.3\reactive-streams-1.0.3.jar;C:\Users\hp pc\.m2\repository\com\typesafe\netty\netty-reactive-streams\2.0.4\netty-reactive-streams-2.0.4.jar;C:\Users\hp pc\.m2\repository\org\seleniumhq\selenium\selenium-http\4.1.2\selenium-http-4.1.2.jar;C:\Users\hp pc\.m2\repository\net\jodah\failsafe\2.4.4\failsafe-2.4.4.jar;C:\Users\hp pc\.m2\repository\org\seleniumhq\selenium\selenium-safari-driver\4.1.2\selenium-safari-driver-4.1.2.jar;C:\Users\hp pc\.m2\repository\org\seleniumhq\selenium\selenium-api\4.1.2\selenium-api-4.1.2.jar;C:\Users\hp pc\.m2\repository\org\seleniumhq\selenium\selenium-support\4.1.2\selenium-support-4.1.2.jar;C:\Users\hp pc\.m2\repository\com\google\auto\service\auto-service-annotations\1.0.1\auto-service-annotations-1.0.1.jar;C:\Users\hp pc\.m2\repository\com\google\auto\service\auto-service\1.0.1\auto-service-1.0.1.jar;C:\Users\hp pc\.m2\repository\com\google\auto\auto-common\1.2\auto-common-1.2.jar;C:\Users\hp pc\.m2\repository\org\seleniumhq\selenium\selenium-json\4.1.2\selenium-json-4.1.2.jar;C:\Users\hp pc\.m2\repository\org\seleniumhq\selenium\selenium-chrome-driver\4.1.2\selenium-chrome-driver-4.1.2.jar;C:\Users\hp pc\.m2\repository\org\seleniumhq\selenium\selenium-chromium-driver\4.1.2\selenium-chromium-driver-4.1.2.jar;C:\Users\hp pc\.m2\repository\org\seleniumhq\selenium\selenium-firefox-driver\4.1.2\selenium-firefox-driver-4.1.2.jar;C:\Users\hp pc\.m2\repository\org\seleniumhq\selenium\selenium-edge-driver\4.1.2\selenium-edge-driver-4.1.2.jar;C:\Users\hp pc\.m2\repository\org\seleniumhq\selenium\selenium-ie-driver\4.1.2\selenium-ie-driver-4.1.2.jar;C:\Users\hp pc\.m2\repository\org\projectlombok\lombok\1.18.20\lombok-1.18.20.jar;C:\Users\hp pc\.m2\repository\io\appium\java-client\8.0.0\java-client-8.0.0.jar;C:\Users\hp pc\.m2\repository\commons-validator\commons-validator\1.7\commons-validator-1.7.jar;C:\Users\hp pc\.m2\repository\commons-digester\commons-digester\2.1\commons-digester-2.1.jar;C:\Users\hp pc\.m2\repository\org\aspectj\aspectjweaver\1.9.8\aspectjweaver-1.9.8.jar;C:\Users\hp pc\.m2\repository\org\codehaus\groovy\groovy\3.0.10\groovy-3.0.10.jar;C:\Users\hp pc\.m2\repository\net\sf\opencsv\opencsv\2.0\opencsv-2.0.jar;C:\Users\hp pc\.m2\repository\commons-beanutils\commons-beanutils\1.9.4\commons-beanutils-1.9.4.jar;C:\Users\hp pc\.m2\repository\org\apache\commons\commons-lang3\3.12.0\commons-lang3-3.12.0.jar;C:\Users\hp pc\.m2\repository\commons-collections\commons-collections\3.2.2\commons-collections-3.2.2.jar;C:\Users\hp pc\.m2\repository\org\fluentlenium\fluentlenium-core\0.10.2\fluentlenium-core-0.10.2.jar;C:\Users\hp pc\.m2\repository\io\github\bonigarcia\webdrivermanager\5.1.0\webdrivermanager-5.1.0.jar;C:\Users\hp pc\.m2\repository\com\github\docker-java\docker-java\3.2.13\docker-java-3.2.13.jar;C:\Users\hp pc\.m2\repository\com\github\docker-java\docker-java-core\3.2.13\docker-java-core-3.2.13.jar;C:\Users\hp pc\.m2\repository\com\github\docker-java\docker-java-api\3.2.13\docker-java-api-3.2.13.jar;C:\Users\hp pc\.m2\repository\org\apache\commons\commons-compress\1.21\commons-compress-1.21.jar;C:\Users\hp pc\.m2\repository\org\bouncycastle\bcpkix-jdk15on\1.64\bcpkix-jdk15on-1.64.jar;C:\Users\hp pc\.m2\repository\org\bouncycastle\bcprov-jdk15on\1.64\bcprov-jdk15on-1.64.jar;C:\Users\hp pc\.m2\repository\org\slf4j\jcl-over-slf4j\1.7.30\jcl-over-slf4j-1.7.30.jar;C:\Users\hp pc\.m2\repository\com\github\docker-java\docker-java-transport-httpclient5\3.2.13\docker-java-transport-httpclient5-3.2.13.jar;C:\Users\hp pc\.m2\repository\com\github\docker-java\docker-java-transport\3.2.13\docker-java-transport-3.2.13.jar;C:\Users\hp pc\.m2\repository\org\apache\httpcomponents\client5\httpclient5\5.0.3\httpclient5-5.0.3.jar;C:\Users\hp pc\.m2\repository\org\apache\httpcomponents\core5\httpcore5\5.0.2\httpcore5-5.0.2.jar;C:\Users\hp pc\.m2\repository\net\java\dev\jna\jna\5.8.0\jna-5.8.0.jar;C:\Users\hp pc\.m2\repository\org\brotli\dec\0.1.2\dec-0.1.2.jar;C:\Users\hp pc\.m2\repository\com\jhlabs\filters\2.0.235\filters-2.0.235.jar;C:\Users\hp pc\.m2\repository\com\paulhammant\ngwebdriver\1.1.6\ngwebdriver-1.1.6.jar;C:\Users\hp pc\.m2\repository\joda-time\joda-time\2.8.2\joda-time-2.8.2.jar;C:\Users\hp pc\.m2\repository\org\hamcrest\hamcrest\2.2\hamcrest-2.2.jar;C:\Users\hp pc\.m2\repository\com\google\jimfs\jimfs\1.2\jimfs-1.2.jar;C:\Users\hp pc\.m2\repository\org\mockito\mockito-core\3.3.3\mockito-core-3.3.3.jar;C:\Users\hp pc\.m2\repository\javax\xml\bind\jaxb-api\2.3.1\jaxb-api-2.3.1.jar;C:\Users\hp pc\.m2\repository\javax\activation\javax.activation-api\1.2.0\javax.activation-api-1.2.0.jar;C:\Users\hp pc\.m2\repository\com\sun\xml\bind\jaxb-core\2.3.0.1\jaxb-core-2.3.0.1.jar;C:\Users\hp pc\.m2\repository\com\sun\xml\bind\jaxb-impl\2.3.3\jaxb-impl-2.3.3.jar;C:\Users\hp pc\.m2\repository\jakarta\xml\bind\jakarta.xml.bind-api\2.3.3\jakarta.xml.bind-api-2.3.3.jar;C:\Users\hp pc\.m2\repository\com\sun\activation\jakarta.activation\1.2.2\jakarta.activation-1.2.2.jar;C:\Users\hp pc\.m2\repository\javax\activation\activation\1.1.1\activation-1.1.1.jar;C:\Users\hp pc\.m2\repository\net\serenity-bdd\serenity-cucumber\3.2.1\serenity-cucumber-3.2.1.jar;C:\Users\hp pc\.m2\repository\io\cucumber\cucumber-core\7.2.3\cucumber-core-7.2.3.jar;C:\Users\hp pc\.m2\repository\io\cucumber\cucumber-gherkin\7.2.3\cucumber-gherkin-7.2.3.jar;C:\Users\hp pc\.m2\repository\io\cucumber\cucumber-gherkin-messages\7.2.3\cucumber-gherkin-messages-7.2.3.jar;C:\Users\hp pc\.m2\repository\io\cucumber\messages\17.1.1\messages-17.1.1.jar;C:\Users\hp pc\.m2\repository\io\cucumber\tag-expressions\4.1.0\tag-expressions-4.1.0.jar;C:\Users\hp pc\.m2\repository\io\cucumber\cucumber-expressions\15.0.1\cucumber-expressions-15.0.1.jar;C:\Users\hp pc\.m2\repository\io\cucumber\datatable\7.2.3\datatable-7.2.3.jar;C:\Users\hp pc\.m2\repository\io\cucumber\cucumber-plugin\7.2.3\cucumber-plugin-7.2.3.jar;C:\Users\hp pc\.m2\repository\io\cucumber\docstring\7.2.3\docstring-7.2.3.jar;C:\Users\hp pc\.m2\repository\io\cucumber\html-formatter\17.0.0\html-formatter-17.0.0.jar;C:\Users\hp pc\.m2\repository\io\cucumber\ci-environment\8.1.0\ci-environment-8.1.0.jar;C:\Users\hp pc\.m2\repository\io\cucumber\cucumber-junit\7.2.3\cucumber-junit-7.2.3.jar;C:\Users\hp pc\.m2\repository\org\apache\commons\commons-csv\1.5\commons-csv-1.5.jar;C:\Users\hp pc\.m2\repository\net\serenity-bdd\serenity-screenplay\3.2.1\serenity-screenplay-3.2.1.jar;C:\Users\hp pc\.m2\repository\net\serenity-bdd\serenity-screenplay-webdriver\3.2.1\serenity-screenplay-webdriver-3.2.1.jar;C:\Users\hp pc\.m2\repository\net\serenity-bdd\serenity-ensure\3.2.1\serenity-ensure-3.2.1.jar;C:\Users\hp pc\.m2\repository\net\serenity-bdd\serenity-junit\3.2.1\serenity-junit-3.2.1.jar;C:\Users\hp pc\.m2\repository\org\jetbrains\kotlin\kotlin-stdlib\1.6.0\kotlin-stdlib-1.6.0.jar;C:\Users\hp pc\.m2\repository\org\jetbrains\annotations\13.0\annotations-13.0.jar;C:\Users\hp pc\.m2\repository\org\jetbrains\kotlin\kotlin-stdlib-common\1.6.0\kotlin-stdlib-common-1.6.0.jar;C:\Users\hp pc\.m2\repository\org\junit\platform\junit-platform-launcher\1.8.1\junit-platform-launcher-1.8.1.jar;C:\Users\hp pc\.m2\repository\org\junit\platform\junit-platform-engine\1.8.1\junit-platform-engine-1.8.1.jar;C:\Users\hp pc\.m2\repository\org\opentest4j\opentest4j\1.2.0\opentest4j-1.2.0.jar;C:\Users\hp pc\.m2\repository\org\junit\platform\junit-platform-commons\1.8.1\junit-platform-commons-1.8.1.jar;C:\Users\hp pc\.m2\repository\org\apiguardian\apiguardian-api\1.1.2\apiguardian-api-1.1.2.jar;C:\Users\hp pc\.m2\repository\org\junit\jupiter\junit-jupiter-engine\5.8.2\junit-jupiter-engine-5.8.2.jar;C:\Users\hp pc\.m2\repository\org\junit\jupiter\junit-jupiter-api\5.8.2\junit-jupiter-api-5.8.2.jar;C:\Users\hp pc\.m2\repository\org\junit\vintage\junit-vintage-engine\5.8.2\junit-vintage-engine-5.8.2.jar;C:\Users\hp pc\.m2\repository\junit\junit\4.13.2\junit-4.13.2.jar;C:\Users\hp pc\.m2\repository\org\hamcrest\hamcrest-core\1.3\hamcrest-core-1.3.jar;C:\Users\hp pc\.m2\repository\ch\qos\logback\logback-classic\1.2.10\logback-classic-1.2.10.jar;C:\Users\hp pc\.m2\repository\ch\qos\logback\logback-core\1.2.10\logback-core-1.2.10.jar;C:\Users\hp pc\.m2\repository\org\slf4j\slf4j-api\1.7.32\slf4j-api-1.7.32.jar;C:\Users\hp pc\.m2\repository\org\assertj\assertj-core\3.6.2\assertj-core-3.6.2.jar;"/>
    <property name="sun.cpu.endian" value="little"/>
    <property name="user.home" value="C:\Users\hp pc"/>
    <property name="user.language" value="en"/>
    <property name="java.specification.vendor" value="Oracle Corporation"/>
    <property name="jdk.module.path" value="D:\data hakim\Mini Project Alterra\WebAlta\target\WebAlta-1.0-SNAPSHOT.jar"/>
    <property name="java.version.date" value="2021-01-19"/>
    <property name="java.home" value="C:\Program Files\Java\jdk-15.0.2"/>
    <property name="file.separator" value="\"/>
    <property name="basedir" value="D:\data hakim\Mini Project Alterra\WebAlta"/>
    <property name="java.vm.compressedOopsMode" value="Zero based"/>
    <property name="line.separator" value="&#10;"/>
    <property name="java.vm.specification.vendor" value="Oracle Corporation"/>
    <property name="java.specification.name" value="Java Platform API Specification"/>
    <property name="surefire.real.class.path" value="C:\Users\hp pc\.m2\repository\org\apache\maven\surefire\surefire-booter\3.0.0-M5\surefire-booter-3.0.0-M5.jar;C:\Users\hp pc\.m2\repository\org\apache\maven\surefire\surefire-api\3.0.0-M5\surefire-api-3.0.0-M5.jar;C:\Users\hp pc\.m2\repository\org\apache\maven\surefire\surefire-logger-api\3.0.0-M5\surefire-logger-api-3.0.0-M5.jar;C:\Users\hp pc\.m2\repository\org\apache\maven\surefire\surefire-shared-utils\3.0.0-M4\surefire-shared-utils-3.0.0-M4.jar;C:\Users\hp pc\.m2\repository\org\apache\maven\surefire\surefire-extensions-spi\3.0.0-M5\surefire-extensions-spi-3.0.0-M5.jar;D:\data hakim\Mini Project Alterra\WebAlta\target\test-classes;C:\Users\hp pc\.m2\repository\net\serenity-bdd\serenity-core\3.2.1\serenity-core-3.2.1.jar;C:\Users\hp pc\.m2\repository\net\serenity-bdd\serenity-model\3.2.1\serenity-model-3.2.1.jar;C:\Users\hp pc\.m2\repository\org\apache\commons\commons-text\1.9\commons-text-1.9.jar;C:\Users\hp pc\.m2\repository\commons-net\commons-net\3.8.0\commons-net-3.8.0.jar;C:\Users\hp pc\.m2\repository\com\google\guava\guava\31.1-jre\guava-31.1-jre.jar;C:\Users\hp pc\.m2\repository\com\google\guava\failureaccess\1.0.1\failureaccess-1.0.1.jar;C:\Users\hp pc\.m2\repository\com\google\guava\listenablefuture\9999.0-empty-to-avoid-conflict-with-guava\listenablefuture-9999.0-empty-to-avoid-conflict-with-guava.jar;C:\Users\hp pc\.m2\repository\com\google\code\findbugs\jsr305\3.0.2\jsr305-3.0.2.jar;C:\Users\hp pc\.m2\repository\org\checkerframework\checker-qual\3.12.0\checker-qual-3.12.0.jar;C:\Users\hp pc\.m2\repository\com\google\errorprone\error_prone_annotations\2.11.0\error_prone_annotations-2.11.0.jar;C:\Users\hp pc\.m2\repository\com\google\j2objc\j2objc-annotations\1.3\j2objc-annotations-1.3.jar;C:\Users\hp pc\.m2\repository\com\google\inject\guice\5.1.0\guice-5.1.0.jar;C:\Users\hp pc\.m2\repository\javax\inject\javax.inject\1\javax.inject-1.jar;C:\Users\hp pc\.m2\repository\aopalliance\aopalliance\1.0\aopalliance-1.0.jar;C:\Users\hp pc\.m2\repository\org\jsoup\jsoup\1.14.3\jsoup-1.14.3.jar;C:\Users\hp pc\.m2\repository\com\thoughtworks\xstream\xstream\1.4.19\xstream-1.4.19.jar;C:\Users\hp pc\.m2\repository\io\github\x-stream\mxparser\1.2.2\mxparser-1.2.2.jar;C:\Users\hp pc\.m2\repository\xmlpull\xmlpull\1.1.3.1\xmlpull-1.1.3.1.jar;C:\Users\hp pc\.m2\repository\io\cucumber\cucumber-java\7.2.3\cucumber-java-7.2.3.jar;C:\Users\hp pc\.m2\repository\com\typesafe\config\1.4.2\config-1.4.2.jar;C:\Users\hp pc\.m2\repository\org\imgscalr\imgscalr-lib\4.2\imgscalr-lib-4.2.jar;C:\Users\hp pc\.m2\repository\org\awaitility\awaitility\4.2.0\awaitility-4.2.0.jar;C:\Users\hp pc\.m2\repository\org\freemarker\freemarker\2.3.31\freemarker-2.3.31.jar;C:\Users\hp pc\.m2\repository\io\github\classgraph\classgraph\4.8.138\classgraph-4.8.138.jar;C:\Users\hp pc\.m2\repository\net\sourceforge\jexcelapi\jxl\2.6.12\jxl-2.6.12.jar;C:\Users\hp pc\.m2\repository\net\bytebuddy\byte-buddy\1.12.8\byte-buddy-1.12.8.jar;C:\Users\hp pc\.m2\repository\net\bytebuddy\byte-buddy-agent\1.12.8\byte-buddy-agent-1.12.8.jar;C:\Users\hp pc\.m2\repository\org\objenesis\objenesis\3.1\objenesis-3.1.jar;C:\Users\hp pc\.m2\repository\net\serenity-bdd\serenity-reports\3.2.1\serenity-reports-3.2.1.jar;C:\Users\hp pc\.m2\repository\net\serenity-bdd\serenity-stats\3.2.1\serenity-stats-3.2.1.jar;C:\Users\hp pc\.m2\repository\net\serenity-bdd\serenity-reports-configuration\3.2.1\serenity-reports-configuration-3.2.1.jar;C:\Users\hp pc\.m2\repository\com\vladsch\flexmark\flexmark-all\0.34.30\flexmark-all-0.34.30.jar;C:\Users\hp pc\.m2\repository\com\vladsch\flexmark\flexmark\0.34.30\flexmark-0.34.30.jar;C:\Users\hp pc\.m2\repository\com\vladsch\flexmark\flexmark-ext-abbreviation\0.34.30\flexmark-ext-abbreviation-0.34.30.jar;C:\Users\hp pc\.m2\repository\com\vladsch\flexmark\flexmark-ext-admonition\0.34.30\flexmark-ext-admonition-0.34.30.jar;C:\Users\hp pc\.m2\repository\com\vladsch\flexmark\flexmark-ext-anchorlink\0.34.30\flexmark-ext-anchorlink-0.34.30.jar;C:\Users\hp pc\.m2\repository\com\vladsch\flexmark\flexmark-ext-aside\0.34.30\flexmark-ext-aside-0.34.30.jar;C:\Users\hp pc\.m2\repository\com\vladsch\flexmark\flexmark-ext-attributes\0.34.30\flexmark-ext-attributes-0.34.30.jar;C:\Users\hp pc\.m2\repository\com\vladsch\flexmark\flexmark-ext-autolink\0.34.30\flexmark-ext-autolink-0.34.30.jar;C:\Users\hp pc\.m2\repository\org\nibor\autolink\autolink\0.6.0\autolink-0.6.0.jar;C:\Users\hp pc\.m2\repository\com\vladsch\flexmark\flexmark-ext-definition\0.34.30\flexmark-ext-definition-0.34.30.jar;C:\Users\hp pc\.m2\repository\com\vladsch\flexmark\flexmark-ext-emoji\0.34.30\flexmark-ext-emoji-0.34.30.jar;C:\Users\hp pc\.m2\repository\com\vladsch\flexmark\flexmark-ext-enumerated-reference\0.34.30\flexmark-ext-enumerated-reference-0.34.30.jar;C:\Users\hp pc\.m2\repository\com\vladsch\flexmark\flexmark-ext-escaped-character\0.34.30\flexmark-ext-escaped-character-0.34.30.jar;C:\Users\hp pc\.m2\repository\com\vladsch\flexmark\flexmark-ext-footnotes\0.34.30\flexmark-ext-footnotes-0.34.30.jar;C:\Users\hp pc\.m2\repository\com\vladsch\flexmark\flexmark-ext-gfm-issues\0.34.30\flexmark-ext-gfm-issues-0.34.30.jar;C:\Users\hp pc\.m2\repository\com\vladsch\flexmark\flexmark-ext-gfm-strikethrough\0.34.30\flexmark-ext-gfm-strikethrough-0.34.30.jar;C:\Users\hp pc\.m2\repository\com\vladsch\flexmark\flexmark-ext-gfm-tables\0.34.30\flexmark-ext-gfm-tables-0.34.30.jar;C:\Users\hp pc\.m2\repository\com\vladsch\flexmark\flexmark-ext-gfm-tasklist\0.34.30\flexmark-ext-gfm-tasklist-0.34.30.jar;C:\Users\hp pc\.m2\repository\com\vladsch\flexmark\flexmark-ext-gfm-users\0.34.30\flexmark-ext-gfm-users-0.34.30.jar;C:\Users\hp pc\.m2\repository\com\vladsch\flexmark\flexmark-ext-gitlab\0.34.30\flexmark-ext-gitlab-0.34.30.jar;C:\Users\hp pc\.m2\repository\com\vladsch\flexmark\flexmark-ext-jekyll-front-matter\0.34.30\flexmark-ext-jekyll-front-matter-0.34.30.jar;C:\Users\hp pc\.m2\repository\com\vladsch\flexmark\flexmark-ext-jekyll-tag\0.34.30\flexmark-ext-jekyll-tag-0.34.30.jar;C:\Users\hp pc\.m2\repository\com\vladsch\flexmark\flexmark-ext-media-tags\0.34.30\flexmark-ext-media-tags-0.34.30.jar;C:\Users\hp pc\.m2\repository\com\vladsch\flexmark\flexmark-test-util\0.34.30\flexmark-test-util-0.34.30.jar;C:\Users\hp pc\.m2\repository\com\vladsch\flexmark\flexmark-ext-ins\0.34.30\flexmark-ext-ins-0.34.30.jar;C:\Users\hp pc\.m2\repository\com\vladsch\flexmark\flexmark-ext-xwiki-macros\0.34.30\flexmark-ext-xwiki-macros-0.34.30.jar;C:\Users\hp pc\.m2\repository\com\vladsch\flexmark\flexmark-ext-superscript\0.34.30\flexmark-ext-superscript-0.34.30.jar;C:\Users\hp pc\.m2\repository\com\vladsch\flexmark\flexmark-ext-tables\0.34.30\flexmark-ext-tables-0.34.30.jar;C:\Users\hp pc\.m2\repository\com\vladsch\flexmark\flexmark-ext-toc\0.34.30\flexmark-ext-toc-0.34.30.jar;C:\Users\hp pc\.m2\repository\com\vladsch\flexmark\flexmark-ext-typographic\0.34.30\flexmark-ext-typographic-0.34.30.jar;C:\Users\hp pc\.m2\repository\com\vladsch\flexmark\flexmark-ext-wikilink\0.34.30\flexmark-ext-wikilink-0.34.30.jar;C:\Users\hp pc\.m2\repository\com\vladsch\flexmark\flexmark-ext-yaml-front-matter\0.34.30\flexmark-ext-yaml-front-matter-0.34.30.jar;C:\Users\hp pc\.m2\repository\com\vladsch\flexmark\flexmark-ext-youtube-embedded\0.34.30\flexmark-ext-youtube-embedded-0.34.30.jar;C:\Users\hp pc\.m2\repository\com\vladsch\flexmark\flexmark-formatter\0.34.30\flexmark-formatter-0.34.30.jar;C:\Users\hp pc\.m2\repository\com\vladsch\flexmark\flexmark-html-parser\0.34.30\flexmark-html-parser-0.34.30.jar;C:\Users\hp pc\.m2\repository\com\vladsch\flexmark\flexmark-jira-converter\0.34.30\flexmark-jira-converter-0.34.30.jar;C:\Users\hp pc\.m2\repository\com\vladsch\flexmark\flexmark-pdf-converter\0.34.30\flexmark-pdf-converter-0.34.30.jar;C:\Users\hp pc\.m2\repository\com\openhtmltopdf\openhtmltopdf-core\0.0.1-RC13\openhtmltopdf-core-0.0.1-RC13.jar;C:\Users\hp pc\.m2\repository\com\openhtmltopdf\openhtmltopdf-pdfbox\0.0.1-RC13\openhtmltopdf-pdfbox-0.0.1-RC13.jar;C:\Users\hp pc\.m2\repository\org\apache\pdfbox\pdfbox\2.0.8\pdfbox-2.0.8.jar;C:\Users\hp pc\.m2\repository\org\apache\pdfbox\fontbox\2.0.8\fontbox-2.0.8.jar;C:\Users\hp pc\.m2\repository\commons-logging\commons-logging\1.2\commons-logging-1.2.jar;C:\Users\hp pc\.m2\repository\org\apache\pdfbox\xmpbox\2.0.8\xmpbox-2.0.8.jar;C:\Users\hp pc\.m2\repository\de\rototor\pdfbox\graphics2d\0.12\graphics2d-0.12.jar;C:\Users\hp pc\.m2\repository\com\openhtmltopdf\openhtmltopdf-rtl-support\0.0.1-RC13\openhtmltopdf-rtl-support-0.0.1-RC13.jar;C:\Users\hp pc\.m2\repository\com\ibm\icu\icu4j\59.1\icu4j-59.1.jar;C:\Users\hp pc\.m2\repository\com\openhtmltopdf\openhtmltopdf-jsoup-dom-converter\0.0.1-RC13\openhtmltopdf-jsoup-dom-converter-0.0.1-RC13.jar;C:\Users\hp pc\.m2\repository\com\vladsch\flexmark\flexmark-profile-pegdown\0.34.30\flexmark-profile-pegdown-0.34.30.jar;C:\Users\hp pc\.m2\repository\com\vladsch\flexmark\flexmark-util\0.34.30\flexmark-util-0.34.30.jar;C:\Users\hp pc\.m2\repository\com\vladsch\flexmark\flexmark-youtrack-converter\0.34.30\flexmark-youtrack-converter-0.34.30.jar;C:\Users\hp pc\.m2\repository\es\nitaur\markdown\txtmark\0.16\txtmark-0.16.jar;C:\Users\hp pc\.m2\repository\net\serenity-bdd\serenity-report-resources\3.2.1\serenity-report-resources-3.2.1.jar;C:\Users\hp pc\.m2\repository\com\google\code\gson\gson\2.9.0\gson-2.9.0.jar;C:\Users\hp pc\.m2\repository\com\fasterxml\jackson\core\jackson-core\2.13.2\jackson-core-2.13.2.jar;C:\Users\hp pc\.m2\repository\com\fasterxml\jackson\core\jackson-databind\2.13.2\jackson-databind-2.13.2.jar;C:\Users\hp pc\.m2\repository\com\fasterxml\jackson\core\jackson-annotations\2.13.2\jackson-annotations-2.13.2.jar;C:\Users\hp pc\.m2\repository\commons-codec\commons-codec\1.15\commons-codec-1.15.jar;C:\Users\hp pc\.m2\repository\commons-io\commons-io\2.11.0\commons-io-2.11.0.jar;C:\Users\hp pc\.m2\repository\org\seleniumhq\selenium\selenium-java\4.1.2\selenium-java-4.1.2.jar;C:\Users\hp pc\.m2\repository\org\seleniumhq\selenium\selenium-devtools-v85\4.1.2\selenium-devtools-v85-4.1.2.jar;C:\Users\hp pc\.m2\repository\org\seleniumhq\selenium\selenium-devtools-v95\4.1.2\selenium-devtools-v95-4.1.2.jar;C:\Users\hp pc\.m2\repository\org\seleniumhq\selenium\selenium-devtools-v96\4.1.2\selenium-devtools-v96-4.1.2.jar;C:\Users\hp pc\.m2\repository\org\seleniumhq\selenium\selenium-devtools-v97\4.1.2\selenium-devtools-v97-4.1.2.jar;C:\Users\hp pc\.m2\repository\org\seleniumhq\selenium\selenium-firefox-xpi-driver\4.1.2\selenium-firefox-xpi-driver-4.1.2.jar;C:\Users\hp pc\.m2\repository\org\seleniumhq\selenium\selenium-opera-driver\4.1.2\selenium-opera-driver-4.1.2.jar;C:\Users\hp pc\.m2\repository\org\seleniumhq\selenium\selenium-remote-driver\4.1.2\selenium-remote-driver-4.1.2.jar;C:\Users\hp pc\.m2\repository\com\beust\jcommander\1.82\jcommander-1.82.jar;C:\Users\hp pc\.m2\repository\io\netty\netty-buffer\4.1.73.Final\netty-buffer-4.1.73.Final.jar;C:\Users\hp pc\.m2\repository\io\netty\netty-codec-http\4.1.73.Final\netty-codec-http-4.1.73.Final.jar;C:\Users\hp pc\.m2\repository\io\netty\netty-codec\4.1.73.Final\netty-codec-4.1.73.Final.jar;C:\Users\hp pc\.m2\repository\io\netty\netty-handler\4.1.73.Final\netty-handler-4.1.73.Final.jar;C:\Users\hp pc\.m2\repository\io\netty\netty-tcnative-classes\2.0.46.Final\netty-tcnative-classes-2.0.46.Final.jar;C:\Users\hp pc\.m2\repository\io\netty\netty-common\4.1.73.Final\netty-common-4.1.73.Final.jar;C:\Users\hp pc\.m2\repository\io\netty\netty-transport-classes-epoll\4.1.73.Final\netty-transport-classes-epoll-4.1.73.Final.jar;C:\Users\hp pc\.m2\repository\io\netty\netty-transport-classes-kqueue\4.1.73.Final\netty-transport-classes-kqueue-4.1.73.Final.jar;C:\Users\hp pc\.m2\repository\io\netty\netty-transport-native-epoll\4.1.73.Final\netty-transport-native-epoll-4.1.73.Final.jar;C:\Users\hp pc\.m2\repository\io\netty\netty-transport-native-kqueue\4.1.73.Final\netty-transport-native-kqueue-4.1.73.Final.jar;C:\Users\hp pc\.m2\repository\io\netty\netty-transport-native-unix-common\4.1.73.Final\netty-transport-native-unix-common-4.1.73.Final.jar;C:\Users\hp pc\.m2\repository\io\netty\netty-transport\4.1.73.Final\netty-transport-4.1.73.Final.jar;C:\Users\hp pc\.m2\repository\io\netty\netty-resolver\4.1.73.Final\netty-resolver-4.1.73.Final.jar;C:\Users\hp pc\.m2\repository\io\opentelemetry\opentelemetry-api\1.10.1\opentelemetry-api-1.10.1.jar;C:\Users\hp pc\.m2\repository\io\opentelemetry\opentelemetry-context\1.10.1\opentelemetry-context-1.10.1.jar;C:\Users\hp pc\.m2\repository\io\opentelemetry\opentelemetry-exporter-logging\1.10.1\opentelemetry-exporter-logging-1.10.1.jar;C:\Users\hp pc\.m2\repository\io\opentelemetry\opentelemetry-sdk-metrics\1.10.1-alpha\opentelemetry-sdk-metrics-1.10.1-alpha.jar;C:\Users\hp pc\.m2\repository\io\opentelemetry\opentelemetry-sdk-logs\1.10.1-alpha\opentelemetry-sdk-logs-1.10.1-alpha.jar;C:\Users\hp pc\.m2\repository\io\opentelemetry\opentelemetry-sdk-common\1.10.1\opentelemetry-sdk-common-1.10.1.jar;C:\Users\hp pc\.m2\repository\io\opentelemetry\opentelemetry-sdk-extension-autoconfigure-spi\1.10.1\opentelemetry-sdk-extension-autoconfigure-spi-1.10.1.jar;C:\Users\hp pc\.m2\repository\io\opentelemetry\opentelemetry-sdk-extension-autoconfigure\1.10.1-alpha\opentelemetry-sdk-extension-autoconfigure-1.10.1-alpha.jar;C:\Users\hp pc\.m2\repository\io\opentelemetry\opentelemetry-sdk-trace\1.10.1\opentelemetry-sdk-trace-1.10.1.jar;C:\Users\hp pc\.m2\repository\io\opentelemetry\opentelemetry-sdk\1.10.1\opentelemetry-sdk-1.10.1.jar;C:\Users\hp pc\.m2\repository\io\opentelemetry\opentelemetry-semconv\1.10.1-alpha\opentelemetry-semconv-1.10.1-alpha.jar;C:\Users\hp pc\.m2\repository\io\ous\jtoml\2.0.0\jtoml-2.0.0.jar;C:\Users\hp pc\.m2\repository\org\apache\commons\commons-exec\1.3\commons-exec-1.3.jar;C:\Users\hp pc\.m2\repository\org\asynchttpclient\async-http-client\2.12.3\async-http-client-2.12.3.jar;C:\Users\hp pc\.m2\repository\org\asynchttpclient\async-http-client-netty-utils\2.12.3\async-http-client-netty-utils-2.12.3.jar;C:\Users\hp pc\.m2\repository\io\netty\netty-codec-socks\4.1.60.Final\netty-codec-socks-4.1.60.Final.jar;C:\Users\hp pc\.m2\repository\io\netty\netty-handler-proxy\4.1.60.Final\netty-handler-proxy-4.1.60.Final.jar;C:\Users\hp pc\.m2\repository\io\netty\netty-transport-native-epoll\4.1.60.Final\netty-transport-native-epoll-4.1.60.Final-linux-x86_64.jar;C:\Users\hp pc\.m2\repository\io\netty\netty-transport-native-kqueue\4.1.60.Final\netty-transport-native-kqueue-4.1.60.Final-osx-x86_64.jar;C:\Users\hp pc\.m2\repository\org\reactivestreams\reactive-streams\1.0.3\reactive-streams-1.0.3.jar;C:\Users\hp pc\.m2\repository\com\typesafe\netty\netty-reactive-streams\2.0.4\netty-reactive-streams-2.0.4.jar;C:\Users\hp pc\.m2\repository\org\seleniumhq\selenium\selenium-http\4.1.2\selenium-http-4.1.2.jar;C:\Users\hp pc\.m2\repository\net\jodah\failsafe\2.4.4\failsafe-2.4.4.jar;C:\Users\hp pc\.m2\repository\org\seleniumhq\selenium\selenium-safari-driver\4.1.2\selenium-safari-driver-4.1.2.jar;C:\Users\hp pc\.m2\repository\org\seleniumhq\selenium\selenium-api\4.1.2\selenium-api-4.1.2.jar;C:\Users\hp pc\.m2\repository\org\seleniumhq\selenium\selenium-support\4.1.2\selenium-support-4.1.2.jar;C:\Users\hp pc\.m2\repository\com\google\auto\service\auto-service-annotations\1.0.1\auto-service-annotations-1.0.1.jar;C:\Users\hp pc\.m2\repository\com\google\auto\service\auto-service\1.0.1\auto-service-1.0.1.jar;C:\Users\hp pc\.m2\repository\com\google\auto\auto-common\1.2\auto-common-1.2.jar;C:\Users\hp pc\.m2\repository\org\seleniumhq\selenium\selenium-json\4.1.2\selenium-json-4.1.2.jar;C:\Users\hp pc\.m2\repository\org\seleniumhq\selenium\selenium-chrome-driver\4.1.2\selenium-chrome-driver-4.1.2.jar;C:\Users\hp pc\.m2\repository\org\seleniumhq\selenium\selenium-chromium-driver\4.1.2\selenium-chromium-driver-4.1.2.jar;C:\Users\hp pc\.m2\repository\org\seleniumhq\selenium\selenium-firefox-driver\4.1.2\selenium-firefox-driver-4.1.2.jar;C:\Users\hp pc\.m2\repository\org\seleniumhq\selenium\selenium-edge-driver\4.1.2\selenium-edge-driver-4.1.2.jar;C:\Users\hp pc\.m2\repository\org\seleniumhq\selenium\selenium-ie-driver\4.1.2\selenium-ie-driver-4.1.2.jar;C:\Users\hp pc\.m2\repository\org\projectlombok\lombok\1.18.20\lombok-1.18.20.jar;C:\Users\hp pc\.m2\repository\io\appium\java-client\8.0.0\java-client-8.0.0.jar;C:\Users\hp pc\.m2\repository\commons-validator\commons-validator\1.7\commons-validator-1.7.jar;C:\Users\hp pc\.m2\repository\commons-digester\commons-digester\2.1\commons-digester-2.1.jar;C:\Users\hp pc\.m2\repository\org\aspectj\aspectjweaver\1.9.8\aspectjweaver-1.9.8.jar;C:\Users\hp pc\.m2\repository\org\codehaus\groovy\groovy\3.0.10\groovy-3.0.10.jar;C:\Users\hp pc\.m2\repository\net\sf\opencsv\opencsv\2.0\opencsv-2.0.jar;C:\Users\hp pc\.m2\repository\commons-beanutils\commons-beanutils\1.9.4\commons-beanutils-1.9.4.jar;C:\Users\hp pc\.m2\repository\org\apache\commons\commons-lang3\3.12.0\commons-lang3-3.12.0.jar;C:\Users\hp pc\.m2\repository\commons-collections\commons-collections\3.2.2\commons-collections-3.2.2.jar;C:\Users\hp pc\.m2\repository\org\fluentlenium\fluentlenium-core\0.10.2\fluentlenium-core-0.10.2.jar;C:\Users\hp pc\.m2\repository\io\github\bonigarcia\webdrivermanager\5.1.0\webdrivermanager-5.1.0.jar;C:\Users\hp pc\.m2\repository\com\github\docker-java\docker-java\3.2.13\docker-java-3.2.13.jar;C:\Users\hp pc\.m2\repository\com\github\docker-java\docker-java-core\3.2.13\docker-java-core-3.2.13.jar;C:\Users\hp pc\.m2\repository\com\github\docker-java\docker-java-api\3.2.13\docker-java-api-3.2.13.jar;C:\Users\hp pc\.m2\repository\org\apache\commons\commons-compress\1.21\commons-compress-1.21.jar;C:\Users\hp pc\.m2\repository\org\bouncycastle\bcpkix-jdk15on\1.64\bcpkix-jdk15on-1.64.jar;C:\Users\hp pc\.m2\repository\org\bouncycastle\bcprov-jdk15on\1.64\bcprov-jdk15on-1.64.jar;C:\Users\hp pc\.m2\repository\org\slf4j\jcl-over-slf4j\1.7.30\jcl-over-slf4j-1.7.30.jar;C:\Users\hp pc\.m2\repository\com\github\docker-java\docker-java-transport-httpclient5\3.2.13\docker-java-transport-httpclient5-3.2.13.jar;C:\Users\hp pc\.m2\repository\com\github\docker-java\docker-java-transport\3.2.13\docker-java-transport-3.2.13.jar;C:\Users\hp pc\.m2\repository\org\apache\httpcomponents\client5\httpclient5\5.0.3\httpclient5-5.0.3.jar;C:\Users\hp pc\.m2\repository\org\apache\httpcomponents\core5\httpcore5\5.0.2\httpcore5-5.0.2.jar;C:\Users\hp pc\.m2\repository\net\java\dev\jna\jna\5.8.0\jna-5.8.0.jar;C:\Users\hp pc\.m2\repository\org\brotli\dec\0.1.2\dec-0.1.2.jar;C:\Users\hp pc\.m2\repository\com\jhlabs\filters\2.0.235\filters-2.0.235.jar;C:\Users\hp pc\.m2\repository\com\paulhammant\ngwebdriver\1.1.6\ngwebdriver-1.1.6.jar;C:\Users\hp pc\.m2\repository\joda-time\joda-time\2.8.2\joda-time-2.8.2.jar;C:\Users\hp pc\.m2\repository\org\hamcrest\hamcrest\2.2\hamcrest-2.2.jar;C:\Users\hp pc\.m2\repository\com\google\jimfs\jimfs\1.2\jimfs-1.2.jar;C:\Users\hp pc\.m2\repository\org\mockito\mockito-core\3.3.3\mockito-core-3.3.3.jar;C:\Users\hp pc\.m2\repository\javax\xml\bind\jaxb-api\2.3.1\jaxb-api-2.3.1.jar;C:\Users\hp pc\.m2\repository\javax\activation\javax.activation-api\1.2.0\javax.activation-api-1.2.0.jar;C:\Users\hp pc\.m2\repository\com\sun\xml\bind\jaxb-core\2.3.0.1\jaxb-core-2.3.0.1.jar;C:\Users\hp pc\.m2\repository\com\sun\xml\bind\jaxb-impl\2.3.3\jaxb-impl-2.3.3.jar;C:\Users\hp pc\.m2\repository\jakarta\xml\bind\jakarta.xml.bind-api\2.3.3\jakarta.xml.bind-api-2.3.3.jar;C:\Users\hp pc\.m2\repository\com\sun\activation\jakarta.activation\1.2.2\jakarta.activation-1.2.2.jar;C:\Users\hp pc\.m2\repository\javax\activation\activation\1.1.1\activation-1.1.1.jar;C:\Users\hp pc\.m2\repository\net\serenity-bdd\serenity-cucumber\3.2.1\serenity-cucumber-3.2.1.jar;C:\Users\hp pc\.m2\repository\io\cucumber\cucumber-core\7.2.3\cucumber-core-7.2.3.jar;C:\Users\hp pc\.m2\repository\io\cucumber\cucumber-gherkin\7.2.3\cucumber-gherkin-7.2.3.jar;C:\Users\hp pc\.m2\repository\io\cucumber\cucumber-gherkin-messages\7.2.3\cucumber-gherkin-messages-7.2.3.jar;C:\Users\hp pc\.m2\repository\io\cucumber\messages\17.1.1\messages-17.1.1.jar;C:\Users\hp pc\.m2\repository\io\cucumber\tag-expressions\4.1.0\tag-expressions-4.1.0.jar;C:\Users\hp pc\.m2\repository\io\cucumber\cucumber-expressions\15.0.1\cucumber-expressions-15.0.1.jar;C:\Users\hp pc\.m2\repository\io\cucumber\datatable\7.2.3\datatable-7.2.3.jar;C:\Users\hp pc\.m2\repository\io\cucumber\cucumber-plugin\7.2.3\cucumber-plugin-7.2.3.jar;C:\Users\hp pc\.m2\repository\io\cucumber\docstring\7.2.3\docstring-7.2.3.jar;C:\Users\hp pc\.m2\repository\io\cucumber\html-formatter\17.0.0\html-formatter-17.0.0.jar;C:\Users\hp pc\.m2\repository\io\cucumber\ci-environment\8.1.0\ci-environment-8.1.0.jar;C:\Users\hp pc\.m2\repository\io\cucumber\cucumber-junit\7.2.3\cucumber-junit-7.2.3.jar;C:\Users\hp pc\.m2\repository\org\apache\commons\commons-csv\1.5\commons-csv-1.5.jar;C:\Users\hp pc\.m2\repository\net\serenity-bdd\serenity-screenplay\3.2.1\serenity-screenplay-3.2.1.jar;C:\Users\hp pc\.m2\repository\net\serenity-bdd\serenity-screenplay-webdriver\3.2.1\serenity-screenplay-webdriver-3.2.1.jar;C:\Users\hp pc\.m2\repository\net\serenity-bdd\serenity-ensure\3.2.1\serenity-ensure-3.2.1.jar;C:\Users\hp pc\.m2\repository\net\serenity-bdd\serenity-junit\3.2.1\serenity-junit-3.2.1.jar;C:\Users\hp pc\.m2\repository\org\jetbrains\kotlin\kotlin-stdlib\1.6.0\kotlin-stdlib-1.6.0.jar;C:\Users\hp pc\.m2\repository\org\jetbrains\annotations\13.0\annotations-13.0.jar;C:\Users\hp pc\.m2\repository\org\jetbrains\kotlin\kotlin-stdlib-common\1.6.0\kotlin-stdlib-common-1.6.0.jar;C:\Users\hp pc\.m2\repository\org\junit\platform\junit-platform-launcher\1.8.1\junit-platform-launcher-1.8.1.jar;C:\Users\hp pc\.m2\repository\org\junit\platform\junit-platform-engine\1.8.1\junit-platform-engine-1.8.1.jar;C:\Users\hp pc\.m2\repository\org\opentest4j\opentest4j\1.2.0\opentest4j-1.2.0.jar;C:\Users\hp pc\.m2\repository\org\junit\platform\junit-platform-commons\1.8.1\junit-platform-commons-1.8.1.jar;C:\Users\hp pc\.m2\repository\org\apiguardian\apiguardian-api\1.1.2\apiguardian-api-1.1.2.jar;C:\Users\hp pc\.m2\repository\org\junit\jupiter\junit-jupiter-engine\5.8.2\junit-jupiter-engine-5.8.2.jar;C:\Users\hp pc\.m2\repository\org\junit\jupiter\junit-jupiter-api\5.8.2\junit-jupiter-api-5.8.2.jar;C:\Users\hp pc\.m2\repository\org\junit\vintage\junit-vintage-engine\5.8.2\junit-vintage-engine-5.8.2.jar;C:\Users\hp pc\.m2\repository\junit\junit\4.13.2\junit-4.13.2.jar;C:\Users\hp pc\.m2\repository\org\hamcrest\hamcrest-core\1.3\hamcrest-core-1.3.jar;C:\Users\hp pc\.m2\repository\ch\qos\logback\logback-classic\1.2.10\logback-classic-1.2.10.jar;C:\Users\hp pc\.m2\repository\ch\qos\logback\logback-core\1.2.10\logback-core-1.2.10.jar;C:\Users\hp pc\.m2\repository\org\slf4j\slf4j-api\1.7.32\slf4j-api-1.7.32.jar;C:\Users\hp pc\.m2\repository\org\assertj\assertj-core\3.6.2\assertj-core-3.6.2.jar;C:\Users\hp pc\.m2\repository\org\apache\maven\surefire\surefire-junit-platform\3.0.0-M5\surefire-junit-platform-3.0.0-M5.jar;C:\Users\hp pc\.m2\repository\org\apache\maven\surefire\common-java5\3.0.0-M5\common-java5-3.0.0-M5.jar"/>
    <property name="user.script" value=""/>
    <property name="java.protocol.handler.pkgs" value="com.google.common"/>
    <property name="sun.management.compiler" value="HotSpot 64-Bit Tiered Compilers"/>
    <property name="java.runtime.version" value="15.0.2+7-27"/>
    <property name="user.name" value="hp pc"/>
    <property name="path.separator" value=";"/>
    <property name="os.version" value="10.0"/>
    <property name="java.runtime.name" value="Java(TM) SE Runtime Environment"/>
    <property name="file.encoding" value="Cp1252"/>
    <property name="webdriver.base.url" value=""/>
    <property name="java.vm.name" value="Java HotSpot(TM) 64-Bit Server VM"/>
    <property name="localRepository" value="C:\Users\hp pc\.m2\repository"/>
    <property name="java.vendor.url.bug" value="https://bugreport.java.com/bugreport/"/>
    <property name="java.io.tmpdir" value="C:\Users\HPPC~1\AppData\Local\Temp\"/>
    <property name="java.version" value="15.0.2"/>
    <property name="user.dir" value="D:\data hakim\Mini Project Alterra\WebAlta"/>
    <property name="os.arch" value="amd64"/>
    <property name="java.vm.specification.name" value="Java Virtual Machine Specification"/>
    <property name="sun.os.patch.level" value=""/>
    <property name="java.library.path" value="C:\Program Files\Java\jdk-15.0.2\bin;C:\Windows\Sun\Java\bin;C:\Windows\system32;C:\Windows;C:\Users\hp pc\AppData\Local\Android\Sdk;C:\Program Files\Java\jdk-15.0.2\bin;C:\Users\hp pc\AppData\Local\Android\Sdk;C:\Program Files\Java\jdk-15.0.2\bin;C:\Windows\system32;C:\Windows;C:\Windows\System32\Wbem;C:\Windows\System32\WindowsPowerShell\v1.0\;C:\Windows\System32\OpenSSH\;C:\Program Files\Git\cmd;C:\Program Files\nodejs\;C:\Users\hp pc\AppData\Local\Android\Sdk\platform-tools;C:\Program Files\Java\jdk1.8.0_221\bin;C:\Users\hp pc\AppData\Local\Android\Sdk\cmdline-tools\latest\bin;C:\Users\hp pc\AppData\Local\Microsoft\WindowsApps;C:\Users\hp pc\AppData\Local\Programs\Microsoft VS Code\bin;C:\Program Files\apache-maven-3.8.5\bin;C:\Program Files\Java\jdk-15.0.2\bin;C:\Users\hp pc\AppData\Roaming\npm;."/>
    <property name="java.vm.info" value="mixed mode"/>
    <property name="java.vendor" value="Oracle Corporation"/>
    <property name="java.vm.version" value="15.0.2+7-27"/>
    <property name="sun.io.unicode.encoding" value="UnicodeLittle"/>
    <property name="java.class.version" value="59.0"/>
  </properties>
  <testcase name="Login scenario #1" classname="Login" time="16.617">
    <system-out><![CDATA[14:56:24.406 [main] INFO io.cucumber.core.plugin.SerenityReporter - Running feature from file:///D:/data%20hakim/Mini%20Project%20Alterra/WebAlta/src/test/resources/features/Login.feature
14:56:24.589 [main] INFO  - 

-------------------------------------------------------------------------------------
     _______. _______ .______       _______ .__   __.  __  .___________.____    ____ 
    /       ||   ____||   _  \     |   ____||  \ |  | |  | |           |\   \  /   / 
   |   (----`|  |__   |  |_)  |    |  |__   |   \|  | |  | `---|  |----` \   \/   /  
    \   \    |   __|  |      /     |   __|  |  . `  | |  |     |  |       \_    _/   
.----)   |   |  |____ |  |\  \----.|  |____ |  |\   | |  |     |  |         |  |     
|_______/    |_______|| _| `._____||_______||__| \__| |__|     |__|         |__|    
                                                                                     
 News and tutorials at http://www.serenity-bdd.info                                  
 Documentation at https://wakaleo.gitbooks.io/the-serenity-book/content/             
 Join the Serenity Community on Gitter: https://gitter.im/serenity-bdd/serenity-core 
 Serenity BDD Support and Training at http://serenity-bdd.info/#/trainingandsupport  
-------------------------------------------------------------------------------------

14:56:24.591 [main] DEBUG net.thucydides.core.steps.StepEventBus - Test suite started for story net.thucydides.core.model.Story@23282f08
14:56:24.596 [main] INFO  - Test Suite Started: Login
14:56:24.612 [main] INFO io.cucumber.core.plugin.SerenityReporter - Running feature from file:///D:/data%20hakim/Mini%20Project%20Alterra/WebAlta/src/test/resources/features/Logout.feature
14:56:24.618 [main] DEBUG net.thucydides.core.steps.StepEventBus - Test suite started for story net.thucydides.core.model.Story@7960de68
14:56:24.618 [main] INFO  - Test Suite Started: Logout
14:56:24.619 [main] INFO io.cucumber.core.plugin.SerenityReporter - Running feature from file:///D:/data%20hakim/Mini%20Project%20Alterra/WebAlta/src/test/resources/features/Order.feature
14:56:24.624 [main] DEBUG net.thucydides.core.steps.StepEventBus - Test suite started for story net.thucydides.core.model.Story@cc4b76a8
14:56:24.625 [main] INFO  - Test Suite Started: Order
14:56:24.625 [main] INFO io.cucumber.core.plugin.SerenityReporter - Running feature from file:///D:/data%20hakim/Mini%20Project%20Alterra/WebAlta/src/test/resources/features/Product.feature
14:56:24.630 [main] DEBUG net.thucydides.core.steps.StepEventBus - Test suite started for story net.thucydides.core.model.Story@fdbc81c8
14:56:24.630 [main] INFO  - Test Suite Started: Product
14:56:24.630 [main] INFO io.cucumber.core.plugin.SerenityReporter - Running feature from file:///D:/data%20hakim/Mini%20Project%20Alterra/WebAlta/src/test/resources/features/Register.feature
14:56:24.636 [main] DEBUG net.thucydides.core.steps.StepEventBus - Test suite started for story net.thucydides.core.model.Story@30e75088
14:56:24.636 [main] INFO  - Test Suite Started: Register
14:56:24.637 [main] INFO io.cucumber.core.plugin.SerenityReporter - Running feature from file:///D:/data%20hakim/Mini%20Project%20Alterra/WebAlta/src/test/resources/features/Transactions.feature
14:56:24.642 [main] DEBUG net.thucydides.core.steps.StepEventBus - Test suite started for story net.thucydides.core.model.Story@5c2ec4c8
14:56:24.643 [main] INFO  - Test Suite Started: Transactions
14:56:24.644 [main] INFO io.cucumber.core.plugin.SerenityReporter - Running feature from file:///D:/data%20hakim/Mini%20Project%20Alterra/WebAlta/src/test/resources/features/Login.feature
14:56:24.647 [main] DEBUG net.thucydides.core.steps.StepEventBus - Test suite started for story net.thucydides.core.model.Story@23282f08
14:56:24.647 [main] INFO  - Test Suite Started: Login

@Login
Scenario Outline: Login scenario          &amp#27;[90m# src/test/resources/features/Login.feature:16&amp#27;[0m
14:56:24.759 [main] INFO io.cucumber.core.plugin.SerenityReporter - Running feature from file:///D:/data%20hakim/Mini%20Project%20Alterra/WebAlta/src/test/resources/features/Login.feature
14:56:24.882 [main] INFO  - 
  _____   ___   ___   _____     ___   _____     _     ___   _____   ___   ___  
 |_   _| | __| / __| |_   _|   / __| |_   _|   /_\   | _ \ |_   _| | __| |   \ 
   | |   | _|  \__ \   | |     \__ \   | |    / _ \  |   /   | |   | _|  | |) |
   |_|   |___| |___/   |_|     |___/   |_|   /_/ \_\ |_|_\   |_|   |___| |___/ 

Login scenario(login;login-scenario)
--------------------------------------------------------------------------------
14:56:25.782 [main] INFO net.serenitybdd.core.webdriver.driverproviders.ChromeDriverProvider - Using automatically driver download
14:56:26.553 [main] DEBUG io.github.bonigarcia.wdm.cache.ResolutionCache - Resolution chrome=101 in cache (valid until 15:32:06 16/05/2022 WIB)
14:56:26.561 [main] DEBUG io.github.bonigarcia.wdm.cache.ResolutionCache - Resolution chrome101=101.0.4951.41 in cache (valid until 14:32:06 17/05/2022 WIB)
14:56:26.565 [main] INFO io.github.bonigarcia.wdm.WebDriverManager - Using chromedriver 101.0.4951.41 (resolved driver for Chrome 101)
14:56:26.594 [main] DEBUG io.github.bonigarcia.wdm.WebDriverManager - Driver chromedriver 101.0.4951.41 found in cache
14:56:26.595 [main] INFO io.github.bonigarcia.wdm.WebDriverManager - Exporting webdriver.chrome.driver as C:\Users\hp pc\.cache\selenium\chromedriver\win32\101.0.4951.41\chromedriver.exe
14:56:27.238 [main] DEBUG net.thucydides.core.reflection.ClassFinder - Could not load class .Starter.CucumberTestSuite
14:56:27.238 [main] DEBUG net.thucydides.core.reflection.ClassFinder - Could not load class .Starter.Pages.HomePage
14:56:27.238 [main] DEBUG net.thucydides.core.reflection.ClassFinder - Could not load class .Starter.Pages.LoginPage
14:56:27.239 [main] DEBUG net.thucydides.core.reflection.ClassFinder - Could not load class .Starter.Pages.OrderPage
14:56:27.240 [main] DEBUG net.thucydides.core.reflection.ClassFinder - Could not load class .Starter.Pages.ProductPage
14:56:27.240 [main] DEBUG net.thucydides.core.reflection.ClassFinder - Could not load class .Starter.Pages.RegisterPage
14:56:27.240 [main] DEBUG net.thucydides.core.reflection.ClassFinder - Could not load class .Starter.Pages.TransactionsPage
14:56:27.240 [main] DEBUG net.thucydides.core.reflection.ClassFinder - Could not load class .Starter.StepDefinitions.LoginStep
14:56:27.240 [main] DEBUG net.thucydides.core.reflection.ClassFinder - Could not load class .Starter.StepDefinitions.LogoutStep
14:56:27.240 [main] DEBUG net.thucydides.core.reflection.ClassFinder - Could not load class .Starter.StepDefinitions.OrderStep
14:56:27.240 [main] DEBUG net.thucydides.core.reflection.ClassFinder - Could not load class .Starter.StepDefinitions.ProductStep
14:56:27.240 [main] DEBUG net.thucydides.core.reflection.ClassFinder - Could not load class .Starter.StepDefinitions.RegisterStep
14:56:27.240 [main] DEBUG net.thucydides.core.reflection.ClassFinder - Could not load class .Starter.StepDefinitions.TransactionsStep
14:56:27.240 [main] DEBUG net.thucydides.core.reflection.ClassFinder - Could not load class .Utils.RandomNumber
14:56:27.241 [main] DEBUG net.thucydides.core.reflection.ClassFinder - Could not load class META-INF.versions.9.com.sun.istack.logging.StackHelper
14:56:27.241 [main] DEBUG net.thucydides.core.reflection.ClassFinder - Could not load class META-INF.versions.9.com.sun.xml.bind.v2.runtime.reflect.opt.AccessorInjector
14:56:27.242 [main] DEBUG net.thucydides.core.reflection.ClassFinder - Could not load class META-INF.versions.9.com.sun.xml.bind.v2.runtime.reflect.opt.Injector
14:56:27.242 [main] DEBUG net.thucydides.core.reflection.ClassFinder - Could not load class META-INF.versions.9.com.sun.xml.bind.v2.runtime.reflect.opt.OptimizedAccessorFactory
14:56:27.242 [main] DEBUG net.thucydides.core.reflection.ClassFinder - Could not load class META-INF.versions.9.com.sun.xml.bind.v2.runtime.reflect.opt.OptimizedTransducedAccessorFactory
14:56:27.243 [main] DEBUG net.thucydides.core.reflection.ClassFinder - Could not load class META-INF.versions.9.io.opentelemetry.sdk.internal.CurrentJavaVersionSpecific
14:56:27.243 [main] DEBUG net.thucydides.core.reflection.ClassFinder - Could not load class META-INF.versions.9.io.opentelemetry.sdk.internal.Java9VersionSpecific
14:56:27.244 [main] DEBUG net.thucydides.core.reflection.ClassFinder - Could not load class META-INF.versions.9.javax.xml.bind.ModuleUtil
14:56:27.244 [main] DEBUG net.thucydides.core.reflection.ClassFinder - Could not load class META-INF.versions.9.module-info
14:56:27.245 [main] DEBUG net.thucydides.core.reflection.ClassFinder - Could not load class META-INF.versions.9.org.junit.platform.commons.util.ModuleUtils
14:56:27.617 [main] DEBUG net.thucydides.core.reflection.ClassFinder - Could not load class com.google.gson.internal.
14:56:27.803 [main] DEBUG net.thucydides.core.reflection.ClassFinder - Could not load class com.sun.xml.bind.v2.runtime.output.FastInfosetStreamWriterOutput
14:56:28.186 [main] DEBUG net.thucydides.core.reflection.ClassFinder - Could not load class module-info
14:56:31.145 [main] DEBUG io.netty.util.internal.logging.InternalLoggerFactory - Using SLF4J as the default logging framework
14:56:31.150 [main] DEBUG io.netty.util.ResourceLeakDetector - -Dio.netty.leakDetection.level: simple
14:56:31.150 [main] DEBUG io.netty.util.ResourceLeakDetector - -Dio.netty.leakDetection.targetRecords: 4
14:56:31.154 [main] DEBUG io.netty.util.ResourceLeakDetectorFactory - Loaded default ResourceLeakDetector: io.netty.util.ResourceLeakDetector@5649a3e8
14:56:31.175 [main] DEBUG io.netty.util.internal.PlatformDependent0 - -Dio.netty.noUnsafe: false
14:56:31.175 [main] DEBUG io.netty.util.internal.PlatformDependent0 - Java version: 15
14:56:31.176 [main] DEBUG io.netty.util.internal.PlatformDependent0 - sun.misc.Unsafe.theUnsafe: available
14:56:31.176 [main] DEBUG io.netty.util.internal.PlatformDependent0 - sun.misc.Unsafe.copyMemory: available
14:56:31.177 [main] DEBUG io.netty.util.internal.PlatformDependent0 - java.nio.Buffer.address: available
14:56:31.177 [main] DEBUG io.netty.util.internal.PlatformDependent0 - direct buffer constructor: unavailable: Reflective setAccessible(true) disabled
14:56:31.178 [main] DEBUG io.netty.util.internal.PlatformDependent0 - java.nio.Bits.unaligned: available, true
14:56:31.180 [main] DEBUG io.netty.util.internal.PlatformDependent0 - jdk.internal.misc.Unsafe.allocateUninitializedArray(int): unavailable: class io.netty.util.internal.PlatformDependent0$6 cannot access class jdk.internal.misc.Unsafe (in module java.base) because module java.base does not export jdk.internal.misc to unnamed module @6ab72419
14:56:31.182 [main] DEBUG io.netty.util.internal.PlatformDependent0 - java.nio.DirectByteBuffer.<init>(long, int): unavailable
14:56:31.182 [main] DEBUG io.netty.util.internal.PlatformDependent - sun.misc.Unsafe: available
14:56:31.185 [main] DEBUG io.netty.util.internal.PlatformDependent - maxDirectMemory: 3141533696 bytes (maybe)
14:56:31.185 [main] DEBUG io.netty.util.internal.PlatformDependent - -Dio.netty.tmpdir: C:\Users\HPPC~1\AppData\Local\Temp (java.io.tmpdir)
14:56:31.185 [main] DEBUG io.netty.util.internal.PlatformDependent - -Dio.netty.bitMode: 64 (sun.arch.data.model)
14:56:31.186 [main] DEBUG io.netty.util.internal.PlatformDependent - Platform: Windows
14:56:31.186 [main] DEBUG io.netty.util.internal.PlatformDependent - -Dio.netty.maxDirectMemory: -1 bytes
14:56:31.186 [main] DEBUG io.netty.util.internal.PlatformDependent - -Dio.netty.uninitializedArrayAllocationThreshold: -1
14:56:31.187 [main] DEBUG io.netty.util.internal.CleanerJava9 - java.nio.ByteBuffer.cleaner(): available
14:56:31.188 [main] DEBUG io.netty.util.internal.PlatformDependent - -Dio.netty.noPreferDirect: false
14:56:31.195 [main] DEBUG io.netty.util.internal.PlatformDependent - org.jctools-core.MpscChunkedArrayQueue: available
14:56:31.218 [main] DEBUG io.netty.util.internal.InternalThreadLocalMap - -Dio.netty.threadLocalMap.stringBuilder.initialSize: 1024
14:56:31.218 [main] DEBUG io.netty.util.internal.InternalThreadLocalMap - -Dio.netty.threadLocalMap.stringBuilder.maxSize: 4096
14:56:31.291 [main] DEBUG io.netty.handler.ssl.JdkSslContext - Default protocols (JDK): [TLSv1.3, TLSv1.2, TLSv1.1, TLSv1] 
14:56:31.291 [main] DEBUG io.netty.handler.ssl.JdkSslContext - Default cipher suites (JDK): [TLS_ECDHE_ECDSA_WITH_AES_256_GCM_SHA384, TLS_ECDHE_ECDSA_WITH_AES_128_GCM_SHA256, TLS_ECDHE_RSA_WITH_AES_128_GCM_SHA256, TLS_ECDHE_RSA_WITH_AES_256_GCM_SHA384, TLS_ECDHE_RSA_WITH_AES_128_CBC_SHA, TLS_ECDHE_RSA_WITH_AES_256_CBC_SHA, TLS_RSA_WITH_AES_128_GCM_SHA256, TLS_RSA_WITH_AES_128_CBC_SHA, TLS_RSA_WITH_AES_256_CBC_SHA, TLS_AES_128_GCM_SHA256, TLS_AES_256_GCM_SHA384]
14:56:31.327 [main] DEBUG io.netty.channel.MultithreadEventLoopGroup - -Dio.netty.eventLoopThreads: 8
14:56:31.341 [main] DEBUG io.netty.channel.nio.NioEventLoop - -Dio.netty.noKeySetOptimization: false
14:56:31.341 [main] DEBUG io.netty.channel.nio.NioEventLoop - -Dio.netty.selectorAutoRebuildThreshold: 512
14:56:31.401 [main] DEBUG io.netty.buffer.PooledByteBufAllocator - -Dio.netty.allocator.numHeapArenas: 8
14:56:31.401 [main] DEBUG io.netty.buffer.PooledByteBufAllocator - -Dio.netty.allocator.numDirectArenas: 8
14:56:31.401 [main] DEBUG io.netty.buffer.PooledByteBufAllocator - -Dio.netty.allocator.pageSize: 8192
14:56:31.401 [main] DEBUG io.netty.buffer.PooledByteBufAllocator - -Dio.netty.allocator.maxOrder: 11
14:56:31.401 [main] DEBUG io.netty.buffer.PooledByteBufAllocator - -Dio.netty.allocator.chunkSize: 16777216
14:56:31.401 [main] DEBUG io.netty.buffer.PooledByteBufAllocator - -Dio.netty.allocator.smallCacheSize: 256
14:56:31.401 [main] DEBUG io.netty.buffer.PooledByteBufAllocator - -Dio.netty.allocator.normalCacheSize: 64
14:56:31.401 [main] DEBUG io.netty.buffer.PooledByteBufAllocator - -Dio.netty.allocator.maxCachedBufferCapacity: 32768
14:56:31.401 [main] DEBUG io.netty.buffer.PooledByteBufAllocator - -Dio.netty.allocator.cacheTrimInterval: 8192
14:56:31.401 [main] DEBUG io.netty.buffer.PooledByteBufAllocator - -Dio.netty.allocator.cacheTrimIntervalMillis: 0
14:56:31.401 [main] DEBUG io.netty.buffer.PooledByteBufAllocator - -Dio.netty.allocator.useCacheForAllThreads: true
14:56:31.401 [main] DEBUG io.netty.buffer.PooledByteBufAllocator - -Dio.netty.allocator.maxCachedByteBuffersPerChunk: 1023
14:56:31.414 [main] DEBUG io.netty.buffer.ByteBufUtil - -Dio.netty.allocator.type: pooled
14:56:31.414 [main] DEBUG io.netty.buffer.ByteBufUtil - -Dio.netty.threadLocalDirectBufferSize: 0
14:56:31.414 [main] DEBUG io.netty.buffer.ByteBufUtil - -Dio.netty.maxThreadLocalCharBufferSize: 16384
14:56:31.597 [main] DEBUG net.serenitybdd.core.webdriver.driverproviders.ProvideNewDriver - Instantiating driver
14:56:31.599 [main] DEBUG net.serenitybdd.core.webdriver.driverproviders.ProvideNewDriver - Driver capabilities: Capabilities {acceptInsecureCerts: false, base.url: https://qa.alta.id/, browserName: chrome, chrome.driver: src/test/resources/webdrive..., driver: chrome, goog:chromeOptions: {args: [], extensions: []}}
14:56:32.839 [Forwarding newSession on session null to remote] DEBUG io.netty.channel.DefaultChannelId - -Dio.netty.processId: 3356 (auto-detected)
14:56:32.841 [Forwarding newSession on session null to remote] DEBUG io.netty.util.NetUtil - -Djava.net.preferIPv4Stack: false
14:56:32.841 [Forwarding newSession on session null to remote] DEBUG io.netty.util.NetUtil - -Djava.net.preferIPv6Addresses: false
14:56:32.848 [Forwarding newSession on session null to remote] DEBUG io.netty.util.NetUtilInitializations - Loopback interface: lo (Software Loopback Interface 1, 127.0.0.1)
14:56:32.850 [Forwarding newSession on session null to remote] DEBUG io.netty.util.NetUtil - Failed to get SOMAXCONN from sysctl and file \proc\sys\net\core\somaxconn. Default: 200
14:56:32.888 [Forwarding newSession on session null to remote] DEBUG io.netty.channel.DefaultChannelId - -Dio.netty.machineId: 6c:02:e0:ff:fe:02:a5:c8 (auto-detected)
14:56:32.943 [AsyncHttpClient-1-2] DEBUG io.netty.buffer.AbstractByteBuf - -Dio.netty.buffer.checkAccessible: true
14:56:32.943 [AsyncHttpClient-1-2] DEBUG io.netty.buffer.AbstractByteBuf - -Dio.netty.buffer.checkBounds: true
14:56:32.944 [AsyncHttpClient-1-2] DEBUG io.netty.util.ResourceLeakDetectorFactory - Loaded default ResourceLeakDetector: io.netty.util.ResourceLeakDetector@48649e54
14:56:32.957 [AsyncHttpClient-1-2] DEBUG org.asynchttpclient.netty.channel.NettyConnectListener - Using new Channel '[id: 0x61ca0dc9, L:/127.0.0.1:65165 - R:localhost/127.0.0.1:54687]' for 'POST' to '/session'
14:56:32.973 [AsyncHttpClient-1-2] DEBUG io.netty.util.Recycler - -Dio.netty.recycler.maxCapacityPerThread: 4096
14:56:32.973 [AsyncHttpClient-1-2] DEBUG io.netty.util.Recycler - -Dio.netty.recycler.ratio: 8
14:56:32.973 [AsyncHttpClient-1-2] DEBUG io.netty.util.Recycler - -Dio.netty.recycler.chunkSize: 32
14:56:32.973 [AsyncHttpClient-1-2] DEBUG io.netty.util.Recycler - -Dio.netty.recycler.blocking: false
14:56:34.953 [AsyncHttpClient-1-2] DEBUG io.netty.handler.codec.compression.Brotli - brotli4j not in the classpath; Brotli support will be unavailable.
14:56:34.954 [AsyncHttpClient-1-2] DEBUG org.asynchttpclient.netty.handler.HttpHandler - 

Request DefaultHttpRequest(decodeResult: success, version: HTTP/1.1)
POST /session HTTP/1.1
User-Agent: selenium/4.1.2 (java windows)
Content-Length: 605
Content-Type: application/json; charset=utf-8
host: localhost:54687
accept: */*

Response DefaultHttpResponse(decodeResult: success, version: HTTP/1.1)
HTTP/1.1 200 OK
Content-Type: application/json; charset=utf-8
cache-control: no-cache
content-length: 790

14:56:34.967 [AsyncHttpClient-1-2] DEBUG org.asynchttpclient.netty.channel.ChannelManager - Adding key: http://localhost:54687 for channel [id: 0x61ca0dc9, L:/127.0.0.1:65165 - R:localhost/127.0.0.1:54687]
14:56:35.068 [AsyncHttpClient-1-3] DEBUG org.asynchttpclient.netty.channel.NettyConnectListener - Using new Channel '[id: 0xe245346c, L:/127.0.0.1:65173 - R:localhost/127.0.0.1:65166]' for 'GET' to '/json/version'
14:56:35.092 [AsyncHttpClient-1-3] DEBUG org.asynchttpclient.netty.handler.HttpHandler - 

Request DefaultFullHttpRequest(decodeResult: success, version: HTTP/1.1, content: EmptyByteBufBE)
GET /json/version HTTP/1.1
User-Agent: selenium/4.1.2 (java windows)
host: localhost:65166
accept: */*

Response DefaultHttpResponse(decodeResult: success, version: HTTP/1.1)
HTTP/1.1 200 OK
Content-Type: application/json; charset=UTF-8
content-length: 427

14:56:35.092 [AsyncHttpClient-1-3] DEBUG org.asynchttpclient.netty.channel.ChannelManager - Adding key: http://localhost:65166 for channel [id: 0xe245346c, L:/127.0.0.1:65173 - R:localhost/127.0.0.1:65166]
14:56:35.103 [main] DEBUG io.netty.util.internal.ThreadLocalRandom - -Dio.netty.initialSeedUniquifier: 0x71ee9ca3cff87812
14:56:35.109 [AsyncHttpClient-1-4] DEBUG org.asynchttpclient.netty.channel.NettyConnectListener - Using new Channel '[id: 0xbc9c7724, L:/127.0.0.1:65175 - R:localhost/127.0.0.1:65166]' for 'GET' to '/devtools/browser/a33fdad9-30a5-4b88-9b2c-9f227db3bc33'
14:56:35.117 [AsyncHttpClient-1-4] DEBUG org.asynchttpclient.netty.handler.WebSocketHandler - 

Request DefaultFullHttpRequest(decodeResult: success, version: HTTP/1.1, content: EmptyByteBufBE)
GET /devtools/browser/a33fdad9-30a5-4b88-9b2c-9f227db3bc33 HTTP/1.1
upgrade: websocket
connection: upgrade
sec-websocket-key: gClBNgBiRD2dzS2jGSnAEw==
sec-websocket-version: 13
origin: http://localhost:65166
host: localhost:65166
accept: */*
user-agent: AHC/2.1

Response DefaultHttpResponse(decodeResult: success, version: HTTP/1.1)
HTTP/1.1 101 WebSocket Protocol Handshake
Upgrade: WebSocket
Connection: Upgrade
Sec-WebSocket-Accept: s3GJaCem+iMxjgj6KAaqtSqJO+s=

14:56:35.146 [Forwarding maximizeCurrentWindow on session 834a8bce8ad78397cbc728bd8ed74b32 to remote] DEBUG org.asynchttpclient.netty.request.NettyRequestSender - Using pooled Channel '[id: 0x61ca0dc9, L:/127.0.0.1:65165 - R:localhost/127.0.0.1:54687]' for 'POST' to 'http://localhost:54687/session/834a8bce8ad78397cbc728bd8ed74b32/window/maximize'
14:56:35.147 [Forwarding maximizeCurrentWindow on session 834a8bce8ad78397cbc728bd8ed74b32 to remote] DEBUG org.asynchttpclient.netty.request.NettyRequestSender - Using open Channel [id: 0x61ca0dc9, L:/127.0.0.1:65165 - R:localhost/127.0.0.1:54687] for POST '/session/834a8bce8ad78397cbc728bd8ed74b32/window/maximize'
14:56:35.285 [AsyncHttpClient-1-2] DEBUG org.asynchttpclient.netty.handler.HttpHandler - 

Request DefaultHttpRequest(decodeResult: success, version: HTTP/1.1)
POST /session/834a8bce8ad78397cbc728bd8ed74b32/window/maximize HTTP/1.1
User-Agent: selenium/4.1.2 (java windows)
Content-Length: 3
Content-Type: application/json; charset=utf-8
host: localhost:54687
accept: */*

Response DefaultHttpResponse(decodeResult: success, version: HTTP/1.1)
HTTP/1.1 200 OK
Content-Type: application/json; charset=utf-8
cache-control: no-cache
content-length: 51

14:56:35.286 [AsyncHttpClient-1-2] DEBUG org.asynchttpclient.netty.channel.ChannelManager - Adding key: http://localhost:54687 for channel [id: 0x61ca0dc9, L:/127.0.0.1:65165 - R:localhost/127.0.0.1:54687]
14:56:35.702 [AsyncHttpClient-1-1] DEBUG org.asynchttpclient.netty.channel.DefaultChannelPool - Entry count for : http://localhost:65166 : 1
14:56:35.702 [AsyncHttpClient-1-1] DEBUG org.asynchttpclient.netty.channel.DefaultChannelPool - Entry count for : http://localhost:54687 : 1
14:56:35.982 [main] DEBUG net.thucydides.core.reflection.ClassFinder - Could not load class .Starter.CucumberTestSuite
14:56:35.982 [main] DEBUG net.thucydides.core.reflection.ClassFinder - Could not load class .Starter.Pages.HomePage
14:56:35.982 [main] DEBUG net.thucydides.core.reflection.ClassFinder - Could not load class .Starter.Pages.LoginPage
14:56:35.982 [main] DEBUG net.thucydides.core.reflection.ClassFinder - Could not load class .Starter.Pages.OrderPage
14:56:35.982 [main] DEBUG net.thucydides.core.reflection.ClassFinder - Could not load class .Starter.Pages.ProductPage
14:56:35.982 [main] DEBUG net.thucydides.core.reflection.ClassFinder - Could not load class .Starter.Pages.RegisterPage
14:56:35.982 [main] DEBUG net.thucydides.core.reflection.ClassFinder - Could not load class .Starter.Pages.TransactionsPage
14:56:35.982 [main] DEBUG net.thucydides.core.reflection.ClassFinder - Could not load class .Starter.StepDefinitions.LoginStep
14:56:35.982 [main] DEBUG net.thucydides.core.reflection.ClassFinder - Could not load class .Starter.StepDefinitions.LogoutStep
14:56:35.982 [main] DEBUG net.thucydides.core.reflection.ClassFinder - Could not load class .Starter.StepDefinitions.OrderStep
14:56:35.982 [main] DEBUG net.thucydides.core.reflection.ClassFinder - Could not load class .Starter.StepDefinitions.ProductStep
14:56:35.982 [main] DEBUG net.thucydides.core.reflection.ClassFinder - Could not load class .Starter.StepDefinitions.RegisterStep
14:56:35.982 [main] DEBUG net.thucydides.core.reflection.ClassFinder - Could not load class .Starter.StepDefinitions.TransactionsStep
14:56:35.982 [main] DEBUG net.thucydides.core.reflection.ClassFinder - Could not load class .Utils.RandomNumber
14:56:35.983 [main] DEBUG net.thucydides.core.reflection.ClassFinder - Could not load class META-INF.versions.9.com.sun.istack.logging.StackHelper
14:56:35.983 [main] DEBUG net.thucydides.core.reflection.ClassFinder - Could not load class META-INF.versions.9.com.sun.xml.bind.v2.runtime.reflect.opt.AccessorInjector
14:56:35.983 [main] DEBUG net.thucydides.core.reflection.ClassFinder - Could not load class META-INF.versions.9.com.sun.xml.bind.v2.runtime.reflect.opt.Injector
14:56:35.983 [main] DEBUG net.thucydides.core.reflection.ClassFinder - Could not load class META-INF.versions.9.com.sun.xml.bind.v2.runtime.reflect.opt.OptimizedAccessorFactory
14:56:35.984 [main] DEBUG net.thucydides.core.reflection.ClassFinder - Could not load class META-INF.versions.9.com.sun.xml.bind.v2.runtime.reflect.opt.OptimizedTransducedAccessorFactory
14:56:35.984 [main] DEBUG net.thucydides.core.reflection.ClassFinder - Could not load class META-INF.versions.9.io.opentelemetry.sdk.internal.CurrentJavaVersionSpecific
14:56:35.985 [main] DEBUG net.thucydides.core.reflection.ClassFinder - Could not load class META-INF.versions.9.io.opentelemetry.sdk.internal.Java9VersionSpecific
14:56:35.985 [main] DEBUG net.thucydides.core.reflection.ClassFinder - Could not load class META-INF.versions.9.javax.xml.bind.ModuleUtil
14:56:35.985 [main] DEBUG net.thucydides.core.reflection.ClassFinder - Could not load class META-INF.versions.9.module-info
14:56:35.987 [main] DEBUG net.thucydides.core.reflection.ClassFinder - Could not load class META-INF.versions.9.org.junit.platform.commons.util.ModuleUtils
14:56:35.990 [main] DEBUG net.thucydides.core.reflection.ClassFinder - Could not load class com.google.gson.internal.
14:56:35.991 [main] DEBUG net.thucydides.core.reflection.ClassFinder - Could not load class com.sun.xml.bind.v2.runtime.output.FastInfosetStreamWriterOutput
14:56:35.995 [main] DEBUG net.thucydides.core.reflection.ClassFinder - Could not load class module-info
14:56:36.015 [Forwarding get on session 834a8bce8ad78397cbc728bd8ed74b32 to remote] DEBUG org.asynchttpclient.netty.request.NettyRequestSender - Using pooled Channel '[id: 0x61ca0dc9, L:/127.0.0.1:65165 - R:localhost/127.0.0.1:54687]' for 'POST' to 'http://localhost:54687/session/834a8bce8ad78397cbc728bd8ed74b32/url'
14:56:36.015 [Forwarding get on session 834a8bce8ad78397cbc728bd8ed74b32 to remote] DEBUG org.asynchttpclient.netty.request.NettyRequestSender - Using open Channel [id: 0x61ca0dc9, L:/127.0.0.1:65165 - R:localhost/127.0.0.1:54687] for POST '/session/834a8bce8ad78397cbc728bd8ed74b32/url'
14:56:36.802 [AsyncHttpClient-1-1] DEBUG org.asynchttpclient.netty.channel.DefaultChannelPool - Entry count for : http://localhost:65166 : 1
14:56:37.130 [AsyncHttpClient-1-2] DEBUG org.asynchttpclient.netty.handler.HttpHandler - 

Request DefaultHttpRequest(decodeResult: success, version: HTTP/1.1)
POST /session/834a8bce8ad78397cbc728bd8ed74b32/url HTTP/1.1
User-Agent: selenium/4.1.2 (java windows)
Content-Length: 64
Content-Type: application/json; charset=utf-8
host: localhost:54687
accept: */*

Response DefaultHttpResponse(decodeResult: success, version: HTTP/1.1)
HTTP/1.1 200 OK
Content-Type: application/json; charset=utf-8
cache-control: no-cache
content-length: 14

14:56:37.130 [AsyncHttpClient-1-2] DEBUG org.asynchttpclient.netty.channel.ChannelManager - Adding key: http://localhost:54687 for channel [id: 0x61ca0dc9, L:/127.0.0.1:65165 - R:localhost/127.0.0.1:54687]
14:56:37.145 [Forwarding setTimeout on session 834a8bce8ad78397cbc728bd8ed74b32 to remote] DEBUG org.asynchttpclient.netty.request.NettyRequestSender - Using pooled Channel '[id: 0x61ca0dc9, L:/127.0.0.1:65165 - R:localhost/127.0.0.1:54687]' for 'POST' to 'http://localhost:54687/session/834a8bce8ad78397cbc728bd8ed74b32/timeouts'
14:56:37.146 [Forwarding setTimeout on session 834a8bce8ad78397cbc728bd8ed74b32 to remote] DEBUG org.asynchttpclient.netty.request.NettyRequestSender - Using open Channel [id: 0x61ca0dc9, L:/127.0.0.1:65165 - R:localhost/127.0.0.1:54687] for POST '/session/834a8bce8ad78397cbc728bd8ed74b32/timeouts'
14:56:37.150 [AsyncHttpClient-1-2] DEBUG org.asynchttpclient.netty.handler.HttpHandler - 

Request DefaultHttpRequest(decodeResult: success, version: HTTP/1.1)
POST /session/834a8bce8ad78397cbc728bd8ed74b32/timeouts HTTP/1.1
User-Agent: selenium/4.1.2 (java windows)
Content-Length: 22
Content-Type: application/json; charset=utf-8
host: localhost:54687
accept: */*

Response DefaultHttpResponse(decodeResult: success, version: HTTP/1.1)
HTTP/1.1 200 OK
Content-Type: application/json; charset=utf-8
cache-control: no-cache
content-length: 14

14:56:37.151 [AsyncHttpClient-1-2] DEBUG org.asynchttpclient.netty.channel.ChannelManager - Adding key: http://localhost:54687 for channel [id: 0x61ca0dc9, L:/127.0.0.1:65165 - R:localhost/127.0.0.1:54687]
14:56:37.160 [Forwarding getCurrentUrl on session 834a8bce8ad78397cbc728bd8ed74b32 to remote] DEBUG org.asynchttpclient.netty.request.NettyRequestSender - Using pooled Channel '[id: 0x61ca0dc9, L:/127.0.0.1:65165 - R:localhost/127.0.0.1:54687]' for 'GET' to 'http://localhost:54687/session/834a8bce8ad78397cbc728bd8ed74b32/url'
14:56:37.160 [Forwarding getCurrentUrl on session 834a8bce8ad78397cbc728bd8ed74b32 to remote] DEBUG org.asynchttpclient.netty.request.NettyRequestSender - Using open Channel [id: 0x61ca0dc9, L:/127.0.0.1:65165 - R:localhost/127.0.0.1:54687] for GET '/session/834a8bce8ad78397cbc728bd8ed74b32/url'
14:56:37.169 [AsyncHttpClient-1-2] DEBUG org.asynchttpclient.netty.handler.HttpHandler - 

Request DefaultFullHttpRequest(decodeResult: success, version: HTTP/1.1, content: EmptyByteBufBE)
GET /session/834a8bce8ad78397cbc728bd8ed74b32/url HTTP/1.1
User-Agent: selenium/4.1.2 (java windows)
Cache-Control: no-cache
Content-Type: application/json; charset=utf-8
host: localhost:54687
accept: */*

Response DefaultHttpResponse(decodeResult: success, version: HTTP/1.1)
HTTP/1.1 200 OK
Content-Type: application/json; charset=utf-8
cache-control: no-cache
content-length: 41

14:56:37.170 [AsyncHttpClient-1-2] DEBUG org.asynchttpclient.netty.channel.ChannelManager - Adding key: http://localhost:54687 for channel [id: 0x61ca0dc9, L:/127.0.0.1:65165 - R:localhost/127.0.0.1:54687]
14:56:37.213 [main] DEBUG net.serenitybdd.core.photography.Darkroom - Opening darkroom
14:56:37.216 [Forwarding screenshot on session 834a8bce8ad78397cbc728bd8ed74b32 to remote] DEBUG org.asynchttpclient.netty.request.NettyRequestSender - Using pooled Channel '[id: 0x61ca0dc9, L:/127.0.0.1:65165 - R:localhost/127.0.0.1:54687]' for 'GET' to 'http://localhost:54687/session/834a8bce8ad78397cbc728bd8ed74b32/screenshot'
14:56:37.216 [Forwarding screenshot on session 834a8bce8ad78397cbc728bd8ed74b32 to remote] DEBUG org.asynchttpclient.netty.request.NettyRequestSender - Using open Channel [id: 0x61ca0dc9, L:/127.0.0.1:65165 - R:localhost/127.0.0.1:54687] for GET '/session/834a8bce8ad78397cbc728bd8ed74b32/screenshot'
14:56:37.222 [Darkroom Processing Line] DEBUG net.serenitybdd.core.photography.DarkroomProcessingLine - Darkroom processing line starting up
14:56:37.329 [AsyncHttpClient-1-2] DEBUG org.asynchttpclient.netty.handler.HttpHandler - 

Request DefaultFullHttpRequest(decodeResult: success, version: HTTP/1.1, content: EmptyByteBufBE)
GET /session/834a8bce8ad78397cbc728bd8ed74b32/screenshot HTTP/1.1
User-Agent: selenium/4.1.2 (java windows)
Cache-Control: no-cache
Content-Type: application/json; charset=utf-8
host: localhost:54687
accept: */*

Response DefaultHttpResponse(decodeResult: success, version: HTTP/1.1)
HTTP/1.1 200 OK
Content-Type: application/json; charset=utf-8
cache-control: no-cache
content-length: 24940

14:56:37.330 [AsyncHttpClient-1-2] DEBUG org.asynchttpclient.netty.channel.ChannelManager - Adding key: http://localhost:54687 for channel [id: 0x61ca0dc9, L:/127.0.0.1:65165 - R:localhost/127.0.0.1:54687]
14:56:37.488 [main] DEBUG net.serenitybdd.core.photography.Darkroom - Send negative for processing for target\site\serenity\11023edac3681808080020daf60d8cb00148736924ac340653f27273a0570072.png
14:56:37.488 [Darkroom Processing Line] DEBUG net.serenitybdd.core.photography.DarkroomProcessingLine - Processing screenshot image in /var/screenshots/screenshot-3164305619014005961
14:56:37.488 [Darkroom Processing Line] DEBUG net.serenitybdd.core.photography.DarkroomProcessingLine - Saving screenshot to target\site\serenity\11023edac3681808080020daf60d8cb00148736924ac340653f27273a0570072.png
14:56:37.490 [main] DEBUG net.thucydides.core.steps.StepInterceptor - STARTING STEP: LoginStep.iAmOnTheLoginPage - validateOnLoginPage
14:56:37.496 [Forwarding findElement on session 834a8bce8ad78397cbc728bd8ed74b32 to remote] DEBUG org.asynchttpclient.netty.request.NettyRequestSender - Using pooled Channel '[id: 0x61ca0dc9, L:/127.0.0.1:65165 - R:localhost/127.0.0.1:54687]' for 'POST' to 'http://localhost:54687/session/834a8bce8ad78397cbc728bd8ed74b32/element'
14:56:37.497 [Forwarding findElement on session 834a8bce8ad78397cbc728bd8ed74b32 to remote] DEBUG org.asynchttpclient.netty.request.NettyRequestSender - Using open Channel [id: 0x61ca0dc9, L:/127.0.0.1:65165 - R:localhost/127.0.0.1:54687] for POST '/session/834a8bce8ad78397cbc728bd8ed74b32/element'
14:56:37.518 [AsyncHttpClient-1-2] DEBUG org.asynchttpclient.netty.handler.HttpHandler - 

Request DefaultHttpRequest(decodeResult: success, version: HTTP/1.1)
POST /session/834a8bce8ad78397cbc728bd8ed74b32/element HTTP/1.1
User-Agent: selenium/4.1.2 (java windows)
Content-Length: 136
Content-Type: application/json; charset=utf-8
host: localhost:54687
accept: */*

Response DefaultHttpResponse(decodeResult: success, version: HTTP/1.1)
HTTP/1.1 200 OK
Content-Type: application/json; charset=utf-8
cache-control: no-cache
content-length: 88

14:56:37.518 [AsyncHttpClient-1-2] DEBUG org.asynchttpclient.netty.channel.ChannelManager - Adding key: http://localhost:54687 for channel [id: 0x61ca0dc9, L:/127.0.0.1:65165 - R:localhost/127.0.0.1:54687]
14:56:37.527 [Forwarding isElementDisplayed on session 834a8bce8ad78397cbc728bd8ed74b32 to remote] DEBUG org.asynchttpclient.netty.request.NettyRequestSender - Using pooled Channel '[id: 0x61ca0dc9, L:/127.0.0.1:65165 - R:localhost/127.0.0.1:54687]' for 'POST' to 'http://localhost:54687/session/834a8bce8ad78397cbc728bd8ed74b32/execute/sync'
14:56:37.527 [Forwarding isElementDisplayed on session 834a8bce8ad78397cbc728bd8ed74b32 to remote] DEBUG org.asynchttpclient.netty.request.NettyRequestSender - Using open Channel [id: 0x61ca0dc9, L:/127.0.0.1:65165 - R:localhost/127.0.0.1:54687] for POST '/session/834a8bce8ad78397cbc728bd8ed74b32/execute/sync'
14:56:37.541 [AsyncHttpClient-1-2] DEBUG org.asynchttpclient.netty.handler.HttpHandler - 

Request DefaultHttpRequest(decodeResult: success, version: HTTP/1.1)
POST /session/834a8bce8ad78397cbc728bd8ed74b32/execute/sync HTTP/1.1
User-Agent: selenium/4.1.2 (java windows)
Content-Length: 48780
Content-Type: application/json; charset=utf-8
host: localhost:54687
accept: */*

Response DefaultHttpResponse(decodeResult: success, version: HTTP/1.1)
HTTP/1.1 200 OK
Content-Type: application/json; charset=utf-8
cache-control: no-cache
content-length: 14

14:56:37.542 [AsyncHttpClient-1-2] DEBUG org.asynchttpclient.netty.channel.ChannelManager - Adding key: http://localhost:54687 for channel [id: 0x61ca0dc9, L:/127.0.0.1:65165 - R:localhost/127.0.0.1:54687]
14:56:37.550 [Forwarding screenshot on session 834a8bce8ad78397cbc728bd8ed74b32 to remote] DEBUG org.asynchttpclient.netty.request.NettyRequestSender - Using pooled Channel '[id: 0x61ca0dc9, L:/127.0.0.1:65165 - R:localhost/127.0.0.1:54687]' for 'GET' to 'http://localhost:54687/session/834a8bce8ad78397cbc728bd8ed74b32/screenshot'
14:56:37.550 [Forwarding screenshot on session 834a8bce8ad78397cbc728bd8ed74b32 to remote] DEBUG org.asynchttpclient.netty.request.NettyRequestSender - Using open Channel [id: 0x61ca0dc9, L:/127.0.0.1:65165 - R:localhost/127.0.0.1:54687] for GET '/session/834a8bce8ad78397cbc728bd8ed74b32/screenshot'
14:56:37.641 [AsyncHttpClient-1-2] DEBUG org.asynchttpclient.netty.handler.HttpHandler - 

Request DefaultFullHttpRequest(decodeResult: success, version: HTTP/1.1, content: EmptyByteBufBE)
GET /session/834a8bce8ad78397cbc728bd8ed74b32/screenshot HTTP/1.1
User-Agent: selenium/4.1.2 (java windows)
Cache-Control: no-cache
Content-Type: application/json; charset=utf-8
host: localhost:54687
accept: */*

Response DefaultHttpResponse(decodeResult: success, version: HTTP/1.1)
HTTP/1.1 200 OK
Content-Type: application/json; charset=utf-8
cache-control: no-cache
content-length: 24940

14:56:37.642 [AsyncHttpClient-1-2] DEBUG org.asynchttpclient.netty.channel.ChannelManager - Adding key: http://localhost:54687 for channel [id: 0x61ca0dc9, L:/127.0.0.1:65165 - R:localhost/127.0.0.1:54687]
14:56:37.646 [main] DEBUG net.serenitybdd.core.photography.Darkroom - Send negative for processing for target\site\serenity\11023edac3681808080020daf60d8cb00148736924ac340653f27273a0570072.png
14:56:37.650 [main] DEBUG net.thucydides.core.steps.StepInterceptor - STEP DONE: validateOnLoginPage
  &amp#27;[32mGiven &amp#27;[0m&amp#27;[32mI am on the login page&amp#27;[0m            &amp#27;[90m# Starter.StepDefinitions.LoginStep.iAmOnTheLoginPage()&amp#27;[0m
14:56:37.681 [main] DEBUG net.thucydides.core.steps.StepInterceptor - STARTING STEP: LoginStep.iInputEmail - inputEmail
14:56:37.685 [Forwarding findElement on session 834a8bce8ad78397cbc728bd8ed74b32 to remote] DEBUG org.asynchttpclient.netty.request.NettyRequestSender - Using pooled Channel '[id: 0x61ca0dc9, L:/127.0.0.1:65165 - R:localhost/127.0.0.1:54687]' for 'POST' to 'http://localhost:54687/session/834a8bce8ad78397cbc728bd8ed74b32/element'
14:56:37.685 [Forwarding findElement on session 834a8bce8ad78397cbc728bd8ed74b32 to remote] DEBUG org.asynchttpclient.netty.request.NettyRequestSender - Using open Channel [id: 0x61ca0dc9, L:/127.0.0.1:65165 - R:localhost/127.0.0.1:54687] for POST '/session/834a8bce8ad78397cbc728bd8ed74b32/element'
14:56:37.695 [AsyncHttpClient-1-2] DEBUG org.asynchttpclient.netty.handler.HttpHandler - 

Request DefaultHttpRequest(decodeResult: success, version: HTTP/1.1)
POST /session/834a8bce8ad78397cbc728bd8ed74b32/element HTTP/1.1
User-Agent: selenium/4.1.2 (java windows)
Content-Length: 91
Content-Type: application/json; charset=utf-8
host: localhost:54687
accept: */*

Response DefaultHttpResponse(decodeResult: success, version: HTTP/1.1)
HTTP/1.1 200 OK
Content-Type: application/json; charset=utf-8
cache-control: no-cache
content-length: 88

14:56:37.695 [AsyncHttpClient-1-2] DEBUG org.asynchttpclient.netty.channel.ChannelManager - Adding key: http://localhost:54687 for channel [id: 0x61ca0dc9, L:/127.0.0.1:65165 - R:localhost/127.0.0.1:54687]
14:56:37.698 [Forwarding clearElement on session 834a8bce8ad78397cbc728bd8ed74b32 to remote] DEBUG org.asynchttpclient.netty.request.NettyRequestSender - Using pooled Channel '[id: 0x61ca0dc9, L:/127.0.0.1:65165 - R:localhost/127.0.0.1:54687]' for 'POST' to 'http://localhost:54687/session/834a8bce8ad78397cbc728bd8ed74b32/element/48f98f31-c72e-4f3a-a991-3904dcd3c9cb/clear'
14:56:37.698 [Forwarding clearElement on session 834a8bce8ad78397cbc728bd8ed74b32 to remote] DEBUG org.asynchttpclient.netty.request.NettyRequestSender - Using open Channel [id: 0x61ca0dc9, L:/127.0.0.1:65165 - R:localhost/127.0.0.1:54687] for POST '/session/834a8bce8ad78397cbc728bd8ed74b32/element/48f98f31-c72e-4f3a-a991-3904dcd3c9cb/clear'
14:56:37.733 [AsyncHttpClient-1-2] DEBUG org.asynchttpclient.netty.handler.HttpHandler - 

Request DefaultHttpRequest(decodeResult: success, version: HTTP/1.1)
POST /session/834a8bce8ad78397cbc728bd8ed74b32/element/48f98f31-c72e-4f3a-a991-3904dcd3c9cb/clear HTTP/1.1
User-Agent: selenium/4.1.2 (java windows)
Content-Length: 50
Content-Type: application/json; charset=utf-8
host: localhost:54687
accept: */*

Response DefaultHttpResponse(decodeResult: success, version: HTTP/1.1)
HTTP/1.1 200 OK
Content-Type: application/json; charset=utf-8
cache-control: no-cache
content-length: 14

14:56:37.733 [AsyncHttpClient-1-2] DEBUG org.asynchttpclient.netty.channel.ChannelManager - Adding key: http://localhost:54687 for channel [id: 0x61ca0dc9, L:/127.0.0.1:65165 - R:localhost/127.0.0.1:54687]
14:56:37.738 [Forwarding sendKeysToElement on session 834a8bce8ad78397cbc728bd8ed74b32 to remote] DEBUG org.asynchttpclient.netty.request.NettyRequestSender - Using pooled Channel '[id: 0x61ca0dc9, L:/127.0.0.1:65165 - R:localhost/127.0.0.1:54687]' for 'POST' to 'http://localhost:54687/session/834a8bce8ad78397cbc728bd8ed74b32/element/48f98f31-c72e-4f3a-a991-3904dcd3c9cb/value'
14:56:37.738 [Forwarding sendKeysToElement on session 834a8bce8ad78397cbc728bd8ed74b32 to remote] DEBUG org.asynchttpclient.netty.request.NettyRequestSender - Using open Channel [id: 0x61ca0dc9, L:/127.0.0.1:65165 - R:localhost/127.0.0.1:54687] for POST '/session/834a8bce8ad78397cbc728bd8ed74b32/element/48f98f31-c72e-4f3a-a991-3904dcd3c9cb/value'
14:56:37.874 [AsyncHttpClient-1-2] DEBUG org.asynchttpclient.netty.handler.HttpHandler - 

Request DefaultHttpRequest(decodeResult: success, version: HTTP/1.1)
POST /session/834a8bce8ad78397cbc728bd8ed74b32/element/48f98f31-c72e-4f3a-a991-3904dcd3c9cb/value HTTP/1.1
User-Agent: selenium/4.1.2 (java windows)
Content-Length: 261
Content-Type: application/json; charset=utf-8
host: localhost:54687
accept: */*

Response DefaultHttpResponse(decodeResult: success, version: HTTP/1.1)
HTTP/1.1 200 OK
Content-Type: application/json; charset=utf-8
cache-control: no-cache
content-length: 14

14:56:37.874 [AsyncHttpClient-1-2] DEBUG org.asynchttpclient.netty.channel.ChannelManager - Adding key: http://localhost:54687 for channel [id: 0x61ca0dc9, L:/127.0.0.1:65165 - R:localhost/127.0.0.1:54687]
14:56:37.886 [Forwarding screenshot on session 834a8bce8ad78397cbc728bd8ed74b32 to remote] DEBUG org.asynchttpclient.netty.request.NettyRequestSender - Using pooled Channel '[id: 0x61ca0dc9, L:/127.0.0.1:65165 - R:localhost/127.0.0.1:54687]' for 'GET' to 'http://localhost:54687/session/834a8bce8ad78397cbc728bd8ed74b32/screenshot'
14:56:37.886 [Forwarding screenshot on session 834a8bce8ad78397cbc728bd8ed74b32 to remote] DEBUG org.asynchttpclient.netty.request.NettyRequestSender - Using open Channel [id: 0x61ca0dc9, L:/127.0.0.1:65165 - R:localhost/127.0.0.1:54687] for GET '/session/834a8bce8ad78397cbc728bd8ed74b32/screenshot'
14:56:37.907 [AsyncHttpClient-1-1] DEBUG org.asynchttpclient.netty.channel.DefaultChannelPool - Entry count for : http://localhost:65166 : 1
14:56:38.019 [AsyncHttpClient-1-2] DEBUG org.asynchttpclient.netty.handler.HttpHandler - 

Request DefaultFullHttpRequest(decodeResult: success, version: HTTP/1.1, content: EmptyByteBufBE)
GET /session/834a8bce8ad78397cbc728bd8ed74b32/screenshot HTTP/1.1
User-Agent: selenium/4.1.2 (java windows)
Cache-Control: no-cache
Content-Type: application/json; charset=utf-8
host: localhost:54687
accept: */*

Response DefaultHttpResponse(decodeResult: success, version: HTTP/1.1)
HTTP/1.1 200 OK
Content-Type: application/json; charset=utf-8
cache-control: no-cache
content-length: 29060

14:56:38.020 [AsyncHttpClient-1-2] DEBUG org.asynchttpclient.netty.channel.ChannelManager - Adding key: http://localhost:54687 for channel [id: 0x61ca0dc9, L:/127.0.0.1:65165 - R:localhost/127.0.0.1:54687]
14:56:38.021 [main] DEBUG net.serenitybdd.core.photography.Darkroom - Send negative for processing for target\site\serenity\abe52ccf7aa65c4499c2b47cc2b033b8bc112cc7a3aa5ea5e90c9976b09ae1cb.png
14:56:38.021 [main] DEBUG net.thucydides.core.steps.StepInterceptor - STEP DONE: inputEmail
14:56:38.021 [Darkroom Processing Line] DEBUG net.serenitybdd.core.photography.DarkroomProcessingLine - Processing screenshot image in /var/screenshots/screenshot-9838979653614741487
  &amp#27;[32mWhen &amp#27;[0m&amp#27;[32mI input &amp#27;[0m&amp#27;[32m&amp#27;[1m"hakim001@gmail.com"&amp#27;[0m&amp#27;[32m email&amp#27;[0m &amp#27;[90m# Starter.StepDefinitions.LoginStep.iInputEmail(java.lang.String)&amp#27;[0m
14:56:38.022 [Darkroom Processing Line] DEBUG net.serenitybdd.core.photography.DarkroomProcessingLine - Saving screenshot to target\site\serenity\abe52ccf7aa65c4499c2b47cc2b033b8bc112cc7a3aa5ea5e90c9976b09ae1cb.png
14:56:38.038 [main] DEBUG net.thucydides.core.steps.StepInterceptor - STARTING STEP: LoginStep.iInputPassword - inputPassword
14:56:38.042 [Forwarding findElement on session 834a8bce8ad78397cbc728bd8ed74b32 to remote] DEBUG org.asynchttpclient.netty.request.NettyRequestSender - Using pooled Channel '[id: 0x61ca0dc9, L:/127.0.0.1:65165 - R:localhost/127.0.0.1:54687]' for 'POST' to 'http://localhost:54687/session/834a8bce8ad78397cbc728bd8ed74b32/element'
14:56:38.043 [Forwarding findElement on session 834a8bce8ad78397cbc728bd8ed74b32 to remote] DEBUG org.asynchttpclient.netty.request.NettyRequestSender - Using open Channel [id: 0x61ca0dc9, L:/127.0.0.1:65165 - R:localhost/127.0.0.1:54687] for POST '/session/834a8bce8ad78397cbc728bd8ed74b32/element'
14:56:38.059 [AsyncHttpClient-1-2] DEBUG org.asynchttpclient.netty.handler.HttpHandler - 

Request DefaultHttpRequest(decodeResult: success, version: HTTP/1.1)
POST /session/834a8bce8ad78397cbc728bd8ed74b32/element HTTP/1.1
User-Agent: selenium/4.1.2 (java windows)
Content-Length: 94
Content-Type: application/json; charset=utf-8
host: localhost:54687
accept: */*

Response DefaultHttpResponse(decodeResult: success, version: HTTP/1.1)
HTTP/1.1 200 OK
Content-Type: application/json; charset=utf-8
cache-control: no-cache
content-length: 88

14:56:38.059 [AsyncHttpClient-1-2] DEBUG org.asynchttpclient.netty.channel.ChannelManager - Adding key: http://localhost:54687 for channel [id: 0x61ca0dc9, L:/127.0.0.1:65165 - R:localhost/127.0.0.1:54687]
14:56:38.084 [Forwarding clearElement on session 834a8bce8ad78397cbc728bd8ed74b32 to remote] DEBUG org.asynchttpclient.netty.request.NettyRequestSender - Using pooled Channel '[id: 0x61ca0dc9, L:/127.0.0.1:65165 - R:localhost/127.0.0.1:54687]' for 'POST' to 'http://localhost:54687/session/834a8bce8ad78397cbc728bd8ed74b32/element/784c5177-0746-4636-8432-8525c303f7be/clear'
14:56:38.085 [Forwarding clearElement on session 834a8bce8ad78397cbc728bd8ed74b32 to remote] DEBUG org.asynchttpclient.netty.request.NettyRequestSender - Using open Channel [id: 0x61ca0dc9, L:/127.0.0.1:65165 - R:localhost/127.0.0.1:54687] for POST '/session/834a8bce8ad78397cbc728bd8ed74b32/element/784c5177-0746-4636-8432-8525c303f7be/clear'
14:56:38.141 [AsyncHttpClient-1-2] DEBUG org.asynchttpclient.netty.handler.HttpHandler - 

Request DefaultHttpRequest(decodeResult: success, version: HTTP/1.1)
POST /session/834a8bce8ad78397cbc728bd8ed74b32/element/784c5177-0746-4636-8432-8525c303f7be/clear HTTP/1.1
User-Agent: selenium/4.1.2 (java windows)
Content-Length: 50
Content-Type: application/json; charset=utf-8
host: localhost:54687
accept: */*

Response DefaultHttpResponse(decodeResult: success, version: HTTP/1.1)
HTTP/1.1 200 OK
Content-Type: application/json; charset=utf-8
cache-control: no-cache
content-length: 14

14:56:38.141 [AsyncHttpClient-1-2] DEBUG org.asynchttpclient.netty.channel.ChannelManager - Adding key: http://localhost:54687 for channel [id: 0x61ca0dc9, L:/127.0.0.1:65165 - R:localhost/127.0.0.1:54687]
14:56:38.157 [Forwarding sendKeysToElement on session 834a8bce8ad78397cbc728bd8ed74b32 to remote] DEBUG org.asynchttpclient.netty.request.NettyRequestSender - Using pooled Channel '[id: 0x61ca0dc9, L:/127.0.0.1:65165 - R:localhost/127.0.0.1:54687]' for 'POST' to 'http://localhost:54687/session/834a8bce8ad78397cbc728bd8ed74b32/element/784c5177-0746-4636-8432-8525c303f7be/value'
14:56:38.157 [Forwarding sendKeysToElement on session 834a8bce8ad78397cbc728bd8ed74b32 to remote] DEBUG org.asynchttpclient.netty.request.NettyRequestSender - Using open Channel [id: 0x61ca0dc9, L:/127.0.0.1:65165 - R:localhost/127.0.0.1:54687] for POST '/session/834a8bce8ad78397cbc728bd8ed74b32/element/784c5177-0746-4636-8432-8525c303f7be/value'
14:56:38.229 [AsyncHttpClient-1-2] DEBUG org.asynchttpclient.netty.handler.HttpHandler - 

Request DefaultHttpRequest(decodeResult: success, version: HTTP/1.1)
POST /session/834a8bce8ad78397cbc728bd8ed74b32/element/784c5177-0746-4636-8432-8525c303f7be/value HTTP/1.1
User-Agent: selenium/4.1.2 (java windows)
Content-Length: 161
Content-Type: application/json; charset=utf-8
host: localhost:54687
accept: */*

Response DefaultHttpResponse(decodeResult: success, version: HTTP/1.1)
HTTP/1.1 200 OK
Content-Type: application/json; charset=utf-8
cache-control: no-cache
content-length: 14

14:56:38.229 [AsyncHttpClient-1-2] DEBUG org.asynchttpclient.netty.channel.ChannelManager - Adding key: http://localhost:54687 for channel [id: 0x61ca0dc9, L:/127.0.0.1:65165 - R:localhost/127.0.0.1:54687]
14:56:38.239 [Forwarding screenshot on session 834a8bce8ad78397cbc728bd8ed74b32 to remote] DEBUG org.asynchttpclient.netty.request.NettyRequestSender - Using pooled Channel '[id: 0x61ca0dc9, L:/127.0.0.1:65165 - R:localhost/127.0.0.1:54687]' for 'GET' to 'http://localhost:54687/session/834a8bce8ad78397cbc728bd8ed74b32/screenshot'
14:56:38.239 [Forwarding screenshot on session 834a8bce8ad78397cbc728bd8ed74b32 to remote] DEBUG org.asynchttpclient.netty.request.NettyRequestSender - Using open Channel [id: 0x61ca0dc9, L:/127.0.0.1:65165 - R:localhost/127.0.0.1:54687] for GET '/session/834a8bce8ad78397cbc728bd8ed74b32/screenshot'
14:56:38.386 [AsyncHttpClient-1-2] DEBUG org.asynchttpclient.netty.handler.HttpHandler - 

Request DefaultFullHttpRequest(decodeResult: success, version: HTTP/1.1, content: EmptyByteBufBE)
GET /session/834a8bce8ad78397cbc728bd8ed74b32/screenshot HTTP/1.1
User-Agent: selenium/4.1.2 (java windows)
Cache-Control: no-cache
Content-Type: application/json; charset=utf-8
host: localhost:54687
accept: */*

Response DefaultHttpResponse(decodeResult: success, version: HTTP/1.1)
HTTP/1.1 200 OK
Content-Type: application/json; charset=utf-8
cache-control: no-cache
content-length: 30836

14:56:38.387 [AsyncHttpClient-1-2] DEBUG org.asynchttpclient.netty.channel.ChannelManager - Adding key: http://localhost:54687 for channel [id: 0x61ca0dc9, L:/127.0.0.1:65165 - R:localhost/127.0.0.1:54687]
14:56:38.390 [main] DEBUG net.serenitybdd.core.photography.Darkroom - Send negative for processing for target\site\serenity\1b716db664c085a4d98c20bf9ece6eb23979964113b2460737a1718395dd3425.png
14:56:38.391 [main] DEBUG net.thucydides.core.steps.StepInterceptor - STEP DONE: inputPassword
14:56:38.391 [Darkroom Processing Line] DEBUG net.serenitybdd.core.photography.DarkroomProcessingLine - Processing screenshot image in /var/screenshots/screenshot-11141448627518254627
14:56:38.391 [Darkroom Processing Line] DEBUG net.serenitybdd.core.photography.DarkroomProcessingLine - Saving screenshot to target\site\serenity\1b716db664c085a4d98c20bf9ece6eb23979964113b2460737a1718395dd3425.png
  &amp#27;[32mAnd &amp#27;[0m&amp#27;[32mI input &amp#27;[0m&amp#27;[32m&amp#27;[1m"Valid@01"&amp#27;[0m&amp#27;[32m password&amp#27;[0m         &amp#27;[90m# Starter.StepDefinitions.LoginStep.iInputPassword(java.lang.String)&amp#27;[0m
14:56:38.411 [main] DEBUG net.thucydides.core.steps.StepInterceptor - STARTING STEP: LoginStep.clickLoginButton - clickLoginButton
14:56:38.423 [Forwarding findElement on session 834a8bce8ad78397cbc728bd8ed74b32 to remote] DEBUG org.asynchttpclient.netty.request.NettyRequestSender - Using pooled Channel '[id: 0x61ca0dc9, L:/127.0.0.1:65165 - R:localhost/127.0.0.1:54687]' for 'POST' to 'http://localhost:54687/session/834a8bce8ad78397cbc728bd8ed74b32/element'
14:56:38.423 [Forwarding findElement on session 834a8bce8ad78397cbc728bd8ed74b32 to remote] DEBUG org.asynchttpclient.netty.request.NettyRequestSender - Using open Channel [id: 0x61ca0dc9, L:/127.0.0.1:65165 - R:localhost/127.0.0.1:54687] for POST '/session/834a8bce8ad78397cbc728bd8ed74b32/element'
14:56:38.433 [AsyncHttpClient-1-2] DEBUG org.asynchttpclient.netty.handler.HttpHandler - 

Request DefaultHttpRequest(decodeResult: success, version: HTTP/1.1)
POST /session/834a8bce8ad78397cbc728bd8ed74b32/element HTTP/1.1
User-Agent: selenium/4.1.2 (java windows)
Content-Length: 136
Content-Type: application/json; charset=utf-8
host: localhost:54687
accept: */*

Response DefaultHttpResponse(decodeResult: success, version: HTTP/1.1)
HTTP/1.1 200 OK
Content-Type: application/json; charset=utf-8
cache-control: no-cache
content-length: 88

14:56:38.434 [AsyncHttpClient-1-2] DEBUG org.asynchttpclient.netty.channel.ChannelManager - Adding key: http://localhost:54687 for channel [id: 0x61ca0dc9, L:/127.0.0.1:65165 - R:localhost/127.0.0.1:54687]
14:56:38.437 [Forwarding getElementTagName on session 834a8bce8ad78397cbc728bd8ed74b32 to remote] DEBUG org.asynchttpclient.netty.request.NettyRequestSender - Using pooled Channel '[id: 0x61ca0dc9, L:/127.0.0.1:65165 - R:localhost/127.0.0.1:54687]' for 'GET' to 'http://localhost:54687/session/834a8bce8ad78397cbc728bd8ed74b32/element/9d9dff9f-40cd-43aa-90fe-6db99af79c63/name'
14:56:38.437 [Forwarding getElementTagName on session 834a8bce8ad78397cbc728bd8ed74b32 to remote] DEBUG org.asynchttpclient.netty.request.NettyRequestSender - Using open Channel [id: 0x61ca0dc9, L:/127.0.0.1:65165 - R:localhost/127.0.0.1:54687] for GET '/session/834a8bce8ad78397cbc728bd8ed74b32/element/9d9dff9f-40cd-43aa-90fe-6db99af79c63/name'
14:56:38.442 [AsyncHttpClient-1-2] DEBUG org.asynchttpclient.netty.handler.HttpHandler - 

Request DefaultFullHttpRequest(decodeResult: success, version: HTTP/1.1, content: EmptyByteBufBE)
GET /session/834a8bce8ad78397cbc728bd8ed74b32/element/9d9dff9f-40cd-43aa-90fe-6db99af79c63/name HTTP/1.1
User-Agent: selenium/4.1.2 (java windows)
Cache-Control: no-cache
Content-Type: application/json; charset=utf-8
host: localhost:54687
accept: */*

Response DefaultHttpResponse(decodeResult: success, version: HTTP/1.1)
HTTP/1.1 200 OK
Content-Type: application/json; charset=utf-8
cache-control: no-cache
content-length: 18

14:56:38.443 [AsyncHttpClient-1-2] DEBUG org.asynchttpclient.netty.channel.ChannelManager - Adding key: http://localhost:54687 for channel [id: 0x61ca0dc9, L:/127.0.0.1:65165 - R:localhost/127.0.0.1:54687]
14:56:38.444 [Forwarding getElementTagName on session 834a8bce8ad78397cbc728bd8ed74b32 to remote] DEBUG org.asynchttpclient.netty.request.NettyRequestSender - Using pooled Channel '[id: 0x61ca0dc9, L:/127.0.0.1:65165 - R:localhost/127.0.0.1:54687]' for 'GET' to 'http://localhost:54687/session/834a8bce8ad78397cbc728bd8ed74b32/element/9d9dff9f-40cd-43aa-90fe-6db99af79c63/name'
14:56:38.445 [Forwarding getElementTagName on session 834a8bce8ad78397cbc728bd8ed74b32 to remote] DEBUG org.asynchttpclient.netty.request.NettyRequestSender - Using open Channel [id: 0x61ca0dc9, L:/127.0.0.1:65165 - R:localhost/127.0.0.1:54687] for GET '/session/834a8bce8ad78397cbc728bd8ed74b32/element/9d9dff9f-40cd-43aa-90fe-6db99af79c63/name'
14:56:38.450 [AsyncHttpClient-1-2] DEBUG org.asynchttpclient.netty.handler.HttpHandler - 

Request DefaultFullHttpRequest(decodeResult: success, version: HTTP/1.1, content: EmptyByteBufBE)
GET /session/834a8bce8ad78397cbc728bd8ed74b32/element/9d9dff9f-40cd-43aa-90fe-6db99af79c63/name HTTP/1.1
User-Agent: selenium/4.1.2 (java windows)
Cache-Control: no-cache
Content-Type: application/json; charset=utf-8
host: localhost:54687
accept: */*

Response DefaultHttpResponse(decodeResult: success, version: HTTP/1.1)
HTTP/1.1 200 OK
Content-Type: application/json; charset=utf-8
cache-control: no-cache
content-length: 18

14:56:38.451 [AsyncHttpClient-1-2] DEBUG org.asynchttpclient.netty.channel.ChannelManager - Adding key: http://localhost:54687 for channel [id: 0x61ca0dc9, L:/127.0.0.1:65165 - R:localhost/127.0.0.1:54687]
14:56:38.458 [Forwarding isElementEnabled on session 834a8bce8ad78397cbc728bd8ed74b32 to remote] DEBUG org.asynchttpclient.netty.request.NettyRequestSender - Using pooled Channel '[id: 0x61ca0dc9, L:/127.0.0.1:65165 - R:localhost/127.0.0.1:54687]' for 'GET' to 'http://localhost:54687/session/834a8bce8ad78397cbc728bd8ed74b32/element/9d9dff9f-40cd-43aa-90fe-6db99af79c63/enabled'
14:56:38.458 [Forwarding isElementEnabled on session 834a8bce8ad78397cbc728bd8ed74b32 to remote] DEBUG org.asynchttpclient.netty.request.NettyRequestSender - Using open Channel [id: 0x61ca0dc9, L:/127.0.0.1:65165 - R:localhost/127.0.0.1:54687] for GET '/session/834a8bce8ad78397cbc728bd8ed74b32/element/9d9dff9f-40cd-43aa-90fe-6db99af79c63/enabled'
14:56:38.469 [AsyncHttpClient-1-2] DEBUG org.asynchttpclient.netty.handler.HttpHandler - 

Request DefaultFullHttpRequest(decodeResult: success, version: HTTP/1.1, content: EmptyByteBufBE)
GET /session/834a8bce8ad78397cbc728bd8ed74b32/element/9d9dff9f-40cd-43aa-90fe-6db99af79c63/enabled HTTP/1.1
User-Agent: selenium/4.1.2 (java windows)
Cache-Control: no-cache
Content-Type: application/json; charset=utf-8
host: localhost:54687
accept: */*

Response DefaultHttpResponse(decodeResult: success, version: HTTP/1.1)
HTTP/1.1 200 OK
Content-Type: application/json; charset=utf-8
cache-control: no-cache
content-length: 14

14:56:38.469 [AsyncHttpClient-1-2] DEBUG org.asynchttpclient.netty.channel.ChannelManager - Adding key: http://localhost:54687 for channel [id: 0x61ca0dc9, L:/127.0.0.1:65165 - R:localhost/127.0.0.1:54687]
14:56:38.471 [Forwarding isElementEnabled on session 834a8bce8ad78397cbc728bd8ed74b32 to remote] DEBUG org.asynchttpclient.netty.request.NettyRequestSender - Using pooled Channel '[id: 0x61ca0dc9, L:/127.0.0.1:65165 - R:localhost/127.0.0.1:54687]' for 'GET' to 'http://localhost:54687/session/834a8bce8ad78397cbc728bd8ed74b32/element/9d9dff9f-40cd-43aa-90fe-6db99af79c63/enabled'
14:56:38.471 [Forwarding isElementEnabled on session 834a8bce8ad78397cbc728bd8ed74b32 to remote] DEBUG org.asynchttpclient.netty.request.NettyRequestSender - Using open Channel [id: 0x61ca0dc9, L:/127.0.0.1:65165 - R:localhost/127.0.0.1:54687] for GET '/session/834a8bce8ad78397cbc728bd8ed74b32/element/9d9dff9f-40cd-43aa-90fe-6db99af79c63/enabled'
14:56:38.478 [AsyncHttpClient-1-2] DEBUG org.asynchttpclient.netty.handler.HttpHandler - 

Request DefaultFullHttpRequest(decodeResult: success, version: HTTP/1.1, content: EmptyByteBufBE)
GET /session/834a8bce8ad78397cbc728bd8ed74b32/element/9d9dff9f-40cd-43aa-90fe-6db99af79c63/enabled HTTP/1.1
User-Agent: selenium/4.1.2 (java windows)
Cache-Control: no-cache
Content-Type: application/json; charset=utf-8
host: localhost:54687
accept: */*

Response DefaultHttpResponse(decodeResult: success, version: HTTP/1.1)
HTTP/1.1 200 OK
Content-Type: application/json; charset=utf-8
cache-control: no-cache
content-length: 14

14:56:38.478 [AsyncHttpClient-1-2] DEBUG org.asynchttpclient.netty.channel.ChannelManager - Adding key: http://localhost:54687 for channel [id: 0x61ca0dc9, L:/127.0.0.1:65165 - R:localhost/127.0.0.1:54687]
14:56:38.481 [Forwarding findElement on session 834a8bce8ad78397cbc728bd8ed74b32 to remote] DEBUG org.asynchttpclient.netty.request.NettyRequestSender - Using pooled Channel '[id: 0x61ca0dc9, L:/127.0.0.1:65165 - R:localhost/127.0.0.1:54687]' for 'POST' to 'http://localhost:54687/session/834a8bce8ad78397cbc728bd8ed74b32/element'
14:56:38.481 [Forwarding findElement on session 834a8bce8ad78397cbc728bd8ed74b32 to remote] DEBUG org.asynchttpclient.netty.request.NettyRequestSender - Using open Channel [id: 0x61ca0dc9, L:/127.0.0.1:65165 - R:localhost/127.0.0.1:54687] for POST '/session/834a8bce8ad78397cbc728bd8ed74b32/element'
14:56:38.490 [AsyncHttpClient-1-2] DEBUG org.asynchttpclient.netty.handler.HttpHandler - 

Request DefaultHttpRequest(decodeResult: success, version: HTTP/1.1)
POST /session/834a8bce8ad78397cbc728bd8ed74b32/element HTTP/1.1
User-Agent: selenium/4.1.2 (java windows)
Content-Length: 136
Content-Type: application/json; charset=utf-8
host: localhost:54687
accept: */*

Response DefaultHttpResponse(decodeResult: success, version: HTTP/1.1)
HTTP/1.1 200 OK
Content-Type: application/json; charset=utf-8
cache-control: no-cache
content-length: 88

14:56:38.490 [AsyncHttpClient-1-2] DEBUG org.asynchttpclient.netty.channel.ChannelManager - Adding key: http://localhost:54687 for channel [id: 0x61ca0dc9, L:/127.0.0.1:65165 - R:localhost/127.0.0.1:54687]
14:56:38.492 [Forwarding clickElement on session 834a8bce8ad78397cbc728bd8ed74b32 to remote] DEBUG org.asynchttpclient.netty.request.NettyRequestSender - Using pooled Channel '[id: 0x61ca0dc9, L:/127.0.0.1:65165 - R:localhost/127.0.0.1:54687]' for 'POST' to 'http://localhost:54687/session/834a8bce8ad78397cbc728bd8ed74b32/element/9d9dff9f-40cd-43aa-90fe-6db99af79c63/click'
14:56:38.492 [Forwarding clickElement on session 834a8bce8ad78397cbc728bd8ed74b32 to remote] DEBUG org.asynchttpclient.netty.request.NettyRequestSender - Using open Channel [id: 0x61ca0dc9, L:/127.0.0.1:65165 - R:localhost/127.0.0.1:54687] for POST '/session/834a8bce8ad78397cbc728bd8ed74b32/element/9d9dff9f-40cd-43aa-90fe-6db99af79c63/click'
14:56:38.539 [AsyncHttpClient-1-2] DEBUG org.asynchttpclient.netty.handler.HttpHandler - 

Request DefaultHttpRequest(decodeResult: success, version: HTTP/1.1)
POST /session/834a8bce8ad78397cbc728bd8ed74b32/element/9d9dff9f-40cd-43aa-90fe-6db99af79c63/click HTTP/1.1
User-Agent: selenium/4.1.2 (java windows)
Content-Length: 50
Content-Type: application/json; charset=utf-8
host: localhost:54687
accept: */*

Response DefaultHttpResponse(decodeResult: success, version: HTTP/1.1)
HTTP/1.1 200 OK
Content-Type: application/json; charset=utf-8
cache-control: no-cache
content-length: 14

14:56:38.540 [AsyncHttpClient-1-2] DEBUG org.asynchttpclient.netty.channel.ChannelManager - Adding key: http://localhost:54687 for channel [id: 0x61ca0dc9, L:/127.0.0.1:65165 - R:localhost/127.0.0.1:54687]
14:56:38.544 [Forwarding screenshot on session 834a8bce8ad78397cbc728bd8ed74b32 to remote] DEBUG org.asynchttpclient.netty.request.NettyRequestSender - Using pooled Channel '[id: 0x61ca0dc9, L:/127.0.0.1:65165 - R:localhost/127.0.0.1:54687]' for 'GET' to 'http://localhost:54687/session/834a8bce8ad78397cbc728bd8ed74b32/screenshot'
14:56:38.544 [Forwarding screenshot on session 834a8bce8ad78397cbc728bd8ed74b32 to remote] DEBUG org.asynchttpclient.netty.request.NettyRequestSender - Using open Channel [id: 0x61ca0dc9, L:/127.0.0.1:65165 - R:localhost/127.0.0.1:54687] for GET '/session/834a8bce8ad78397cbc728bd8ed74b32/screenshot'
14:56:38.660 [AsyncHttpClient-1-2] DEBUG org.asynchttpclient.netty.handler.HttpHandler - 

Request DefaultFullHttpRequest(decodeResult: success, version: HTTP/1.1, content: EmptyByteBufBE)
GET /session/834a8bce8ad78397cbc728bd8ed74b32/screenshot HTTP/1.1
User-Agent: selenium/4.1.2 (java windows)
Cache-Control: no-cache
Content-Type: application/json; charset=utf-8
host: localhost:54687
accept: */*

Response DefaultHttpResponse(decodeResult: success, version: HTTP/1.1)
HTTP/1.1 200 OK
Content-Type: application/json; charset=utf-8
cache-control: no-cache
content-length: 30424

14:56:38.662 [AsyncHttpClient-1-2] DEBUG org.asynchttpclient.netty.channel.ChannelManager - Adding key: http://localhost:54687 for channel [id: 0x61ca0dc9, L:/127.0.0.1:65165 - R:localhost/127.0.0.1:54687]
14:56:38.664 [main] DEBUG net.serenitybdd.core.photography.Darkroom - Send negative for processing for target\site\serenity\5bc2a1edbbfd01e30b000ca6d701f2a5e5e1412afb013841c2e23c47a7e2c6ec.png
14:56:38.664 [main] DEBUG net.thucydides.core.steps.StepInterceptor - STEP DONE: clickLoginButton
14:56:38.664 [Darkroom Processing Line] DEBUG net.serenitybdd.core.photography.DarkroomProcessingLine - Processing screenshot image in /var/screenshots/screenshot-13892822313898669092
14:56:38.664 [Darkroom Processing Line] DEBUG net.serenitybdd.core.photography.DarkroomProcessingLine - Saving screenshot to target\site\serenity\5bc2a1edbbfd01e30b000ca6d701f2a5e5e1412afb013841c2e23c47a7e2c6ec.png
  &amp#27;[32mAnd &amp#27;[0m&amp#27;[32mclick login button&amp#27;[0m                  &amp#27;[90m# Starter.StepDefinitions.LoginStep.clickLoginButton()&amp#27;[0m
14:56:38.681 [main] DEBUG net.thucydides.core.steps.StepInterceptor - STARTING STEP: LoginStep.iGetThe - headerAppears
14:56:38.686 [Forwarding findElement on session 834a8bce8ad78397cbc728bd8ed74b32 to remote] DEBUG org.asynchttpclient.netty.request.NettyRequestSender - Using pooled Channel '[id: 0x61ca0dc9, L:/127.0.0.1:65165 - R:localhost/127.0.0.1:54687]' for 'POST' to 'http://localhost:54687/session/834a8bce8ad78397cbc728bd8ed74b32/element'
14:56:38.686 [Forwarding findElement on session 834a8bce8ad78397cbc728bd8ed74b32 to remote] DEBUG org.asynchttpclient.netty.request.NettyRequestSender - Using open Channel [id: 0x61ca0dc9, L:/127.0.0.1:65165 - R:localhost/127.0.0.1:54687] for POST '/session/834a8bce8ad78397cbc728bd8ed74b32/element'
14:56:38.840 [AsyncHttpClient-1-2] DEBUG org.asynchttpclient.netty.handler.HttpHandler - 

Request DefaultHttpRequest(decodeResult: success, version: HTTP/1.1)
POST /session/834a8bce8ad78397cbc728bd8ed74b32/element HTTP/1.1
User-Agent: selenium/4.1.2 (java windows)
Content-Length: 103
Content-Type: application/json; charset=utf-8
host: localhost:54687
accept: */*

Response DefaultHttpResponse(decodeResult: success, version: HTTP/1.1)
HTTP/1.1 200 OK
Content-Type: application/json; charset=utf-8
cache-control: no-cache
content-length: 88

14:56:38.840 [AsyncHttpClient-1-2] DEBUG org.asynchttpclient.netty.channel.ChannelManager - Adding key: http://localhost:54687 for channel [id: 0x61ca0dc9, L:/127.0.0.1:65165 - R:localhost/127.0.0.1:54687]
14:56:38.851 [Forwarding isElementDisplayed on session 834a8bce8ad78397cbc728bd8ed74b32 to remote] DEBUG org.asynchttpclient.netty.request.NettyRequestSender - Using pooled Channel '[id: 0x61ca0dc9, L:/127.0.0.1:65165 - R:localhost/127.0.0.1:54687]' for 'POST' to 'http://localhost:54687/session/834a8bce8ad78397cbc728bd8ed74b32/execute/sync'
14:56:38.852 [Forwarding isElementDisplayed on session 834a8bce8ad78397cbc728bd8ed74b32 to remote] DEBUG org.asynchttpclient.netty.request.NettyRequestSender - Using open Channel [id: 0x61ca0dc9, L:/127.0.0.1:65165 - R:localhost/127.0.0.1:54687] for POST '/session/834a8bce8ad78397cbc728bd8ed74b32/execute/sync'
14:56:38.927 [AsyncHttpClient-1-2] DEBUG org.asynchttpclient.netty.handler.HttpHandler - 

Request DefaultHttpRequest(decodeResult: success, version: HTTP/1.1)
POST /session/834a8bce8ad78397cbc728bd8ed74b32/execute/sync HTTP/1.1
User-Agent: selenium/4.1.2 (java windows)
Content-Length: 48780
Content-Type: application/json; charset=utf-8
host: localhost:54687
accept: */*

Response DefaultHttpResponse(decodeResult: success, version: HTTP/1.1)
HTTP/1.1 200 OK
Content-Type: application/json; charset=utf-8
cache-control: no-cache
content-length: 14

14:56:38.927 [AsyncHttpClient-1-2] DEBUG org.asynchttpclient.netty.channel.ChannelManager - Adding key: http://localhost:54687 for channel [id: 0x61ca0dc9, L:/127.0.0.1:65165 - R:localhost/127.0.0.1:54687]
14:56:38.938 [Forwarding screenshot on session 834a8bce8ad78397cbc728bd8ed74b32 to remote] DEBUG org.asynchttpclient.netty.request.NettyRequestSender - Using pooled Channel '[id: 0x61ca0dc9, L:/127.0.0.1:65165 - R:localhost/127.0.0.1:54687]' for 'GET' to 'http://localhost:54687/session/834a8bce8ad78397cbc728bd8ed74b32/screenshot'
14:56:38.938 [Forwarding screenshot on session 834a8bce8ad78397cbc728bd8ed74b32 to remote] DEBUG org.asynchttpclient.netty.request.NettyRequestSender - Using open Channel [id: 0x61ca0dc9, L:/127.0.0.1:65165 - R:localhost/127.0.0.1:54687] for GET '/session/834a8bce8ad78397cbc728bd8ed74b32/screenshot'
14:56:39.011 [AsyncHttpClient-1-1] DEBUG org.asynchttpclient.netty.channel.DefaultChannelPool - Entry count for : http://localhost:65166 : 1
14:56:39.097 [AsyncHttpClient-1-2] DEBUG org.asynchttpclient.netty.handler.HttpHandler - 

Request DefaultFullHttpRequest(decodeResult: success, version: HTTP/1.1, content: EmptyByteBufBE)
GET /session/834a8bce8ad78397cbc728bd8ed74b32/screenshot HTTP/1.1
User-Agent: selenium/4.1.2 (java windows)
Cache-Control: no-cache
Content-Type: application/json; charset=utf-8
host: localhost:54687
accept: */*

Response DefaultHttpResponse(decodeResult: success, version: HTTP/1.1)
HTTP/1.1 200 OK
Content-Type: application/json; charset=utf-8
cache-control: no-cache
content-length: 30236

14:56:39.100 [AsyncHttpClient-1-2] DEBUG org.asynchttpclient.netty.channel.ChannelManager - Adding key: http://localhost:54687 for channel [id: 0x61ca0dc9, L:/127.0.0.1:65165 - R:localhost/127.0.0.1:54687]
14:56:39.105 [main] DEBUG net.serenitybdd.core.photography.Darkroom - Send negative for processing for target\site\serenity\e4646d5dc2bcfda395442dc24fe61830d29e6d535e87e4d6d67f2865934d5071.png
14:56:39.105 [main] DEBUG net.thucydides.core.steps.StepInterceptor - STEP DONE: headerAppears
14:56:39.105 [Darkroom Processing Line] DEBUG net.serenitybdd.core.photography.DarkroomProcessingLine - Processing screenshot image in /var/screenshots/screenshot-6118443106156537943
14:56:39.105 [Darkroom Processing Line] DEBUG net.serenitybdd.core.photography.DarkroomProcessingLine - Saving screenshot to target\site\serenity\e4646d5dc2bcfda395442dc24fe61830d29e6d535e87e4d6d67f2865934d5071.png
14:56:39.114 [main] DEBUG net.thucydides.core.steps.StepInterceptor - STARTING STEP: LoginStep.iGetThe - headerTextEqual
14:56:39.130 [Forwarding findElement on session 834a8bce8ad78397cbc728bd8ed74b32 to remote] DEBUG org.asynchttpclient.netty.request.NettyRequestSender - Using pooled Channel '[id: 0x61ca0dc9, L:/127.0.0.1:65165 - R:localhost/127.0.0.1:54687]' for 'POST' to 'http://localhost:54687/session/834a8bce8ad78397cbc728bd8ed74b32/element'
14:56:39.131 [Forwarding findElement on session 834a8bce8ad78397cbc728bd8ed74b32 to remote] DEBUG org.asynchttpclient.netty.request.NettyRequestSender - Using open Channel [id: 0x61ca0dc9, L:/127.0.0.1:65165 - R:localhost/127.0.0.1:54687] for POST '/session/834a8bce8ad78397cbc728bd8ed74b32/element'
14:56:39.160 [AsyncHttpClient-1-2] DEBUG org.asynchttpclient.netty.handler.HttpHandler - 

Request DefaultHttpRequest(decodeResult: success, version: HTTP/1.1)
POST /session/834a8bce8ad78397cbc728bd8ed74b32/element HTTP/1.1
User-Agent: selenium/4.1.2 (java windows)
Content-Length: 103
Content-Type: application/json; charset=utf-8
host: localhost:54687
accept: */*

Response DefaultHttpResponse(decodeResult: success, version: HTTP/1.1)
HTTP/1.1 200 OK
Content-Type: application/json; charset=utf-8
cache-control: no-cache
content-length: 88

14:56:39.160 [AsyncHttpClient-1-2] DEBUG org.asynchttpclient.netty.channel.ChannelManager - Adding key: http://localhost:54687 for channel [id: 0x61ca0dc9, L:/127.0.0.1:65165 - R:localhost/127.0.0.1:54687]
14:56:39.164 [Forwarding getElementText on session 834a8bce8ad78397cbc728bd8ed74b32 to remote] DEBUG org.asynchttpclient.netty.request.NettyRequestSender - Using pooled Channel '[id: 0x61ca0dc9, L:/127.0.0.1:65165 - R:localhost/127.0.0.1:54687]' for 'GET' to 'http://localhost:54687/session/834a8bce8ad78397cbc728bd8ed74b32/element/8a435cea-f666-4669-9a88-936b537605d2/text'
14:56:39.164 [Forwarding getElementText on session 834a8bce8ad78397cbc728bd8ed74b32 to remote] DEBUG org.asynchttpclient.netty.request.NettyRequestSender - Using open Channel [id: 0x61ca0dc9, L:/127.0.0.1:65165 - R:localhost/127.0.0.1:54687] for GET '/session/834a8bce8ad78397cbc728bd8ed74b32/element/8a435cea-f666-4669-9a88-936b537605d2/text'
14:56:39.236 [AsyncHttpClient-1-2] DEBUG org.asynchttpclient.netty.handler.HttpHandler - 

Request DefaultFullHttpRequest(decodeResult: success, version: HTTP/1.1, content: EmptyByteBufBE)
GET /session/834a8bce8ad78397cbc728bd8ed74b32/element/8a435cea-f666-4669-9a88-936b537605d2/text HTTP/1.1
User-Agent: selenium/4.1.2 (java windows)
Cache-Control: no-cache
Content-Type: application/json; charset=utf-8
host: localhost:54687
accept: */*

Response DefaultHttpResponse(decodeResult: success, version: HTTP/1.1)
HTTP/1.1 200 OK
Content-Type: application/json; charset=utf-8
cache-control: no-cache
content-length: 12

14:56:39.237 [AsyncHttpClient-1-2] DEBUG org.asynchttpclient.netty.channel.ChannelManager - Adding key: http://localhost:54687 for channel [id: 0x61ca0dc9, L:/127.0.0.1:65165 - R:localhost/127.0.0.1:54687]
14:56:39.244 [Forwarding screenshot on session 834a8bce8ad78397cbc728bd8ed74b32 to remote] DEBUG org.asynchttpclient.netty.request.NettyRequestSender - Using pooled Channel '[id: 0x61ca0dc9, L:/127.0.0.1:65165 - R:localhost/127.0.0.1:54687]' for 'GET' to 'http://localhost:54687/session/834a8bce8ad78397cbc728bd8ed74b32/screenshot'
14:56:39.244 [Forwarding screenshot on session 834a8bce8ad78397cbc728bd8ed74b32 to remote] DEBUG org.asynchttpclient.netty.request.NettyRequestSender - Using open Channel [id: 0x61ca0dc9, L:/127.0.0.1:65165 - R:localhost/127.0.0.1:54687] for GET '/session/834a8bce8ad78397cbc728bd8ed74b32/screenshot'
14:56:40.101 [AsyncHttpClient-1-1] DEBUG org.asynchttpclient.netty.channel.DefaultChannelPool - Entry count for : http://localhost:65166 : 1
14:56:40.238 [AsyncHttpClient-1-2] DEBUG org.asynchttpclient.netty.handler.HttpHandler - 

Request DefaultFullHttpRequest(decodeResult: success, version: HTTP/1.1, content: EmptyByteBufBE)
GET /session/834a8bce8ad78397cbc728bd8ed74b32/screenshot HTTP/1.1
User-Agent: selenium/4.1.2 (java windows)
Cache-Control: no-cache
Content-Type: application/json; charset=utf-8
host: localhost:54687
accept: */*

Response DefaultHttpResponse(decodeResult: success, version: HTTP/1.1)
HTTP/1.1 200 OK
Content-Type: application/json; charset=utf-8
cache-control: no-cache
content-length: 26812

14:56:40.239 [AsyncHttpClient-1-2] DEBUG org.asynchttpclient.netty.channel.ChannelManager - Adding key: http://localhost:54687 for channel [id: 0x61ca0dc9, L:/127.0.0.1:65165 - R:localhost/127.0.0.1:54687]
14:56:40.243 [main] DEBUG net.serenitybdd.core.photography.Darkroom - Send negative for processing for target\site\serenity\df6be59f79b5c3172ea6c00cbc0d1784f4983c78fddd974272fab7a3b920d81b.png
14:56:40.244 [Darkroom Processing Line] DEBUG net.serenitybdd.core.photography.DarkroomProcessingLine - Processing screenshot image in /var/screenshots/screenshot-9508176140227105451
14:56:40.245 [Darkroom Processing Line] DEBUG net.serenitybdd.core.photography.DarkroomProcessingLine - Saving screenshot to target\site\serenity\df6be59f79b5c3172ea6c00cbc0d1784f4983c78fddd974272fab7a3b920d81b.png
14:56:40.245 [main] DEBUG net.thucydides.core.steps.StepInterceptor - STEP DONE: headerTextEqual
  &amp#27;[32mThen &amp#27;[0m&amp#27;[32mI get the &amp#27;[0m&amp#27;[32m&amp#27;[1m"home page"&amp#27;[0m              &amp#27;[90m# Starter.StepDefinitions.LoginStep.iGetThe(java.lang.String)&amp#27;[0m
14:56:40.401 [AsyncHttpClient-1-4] DEBUG org.asynchttpclient.netty.handler.WebSocketHandler - Channel Closed: [id: 0xbc9c7724, L:/127.0.0.1:65175 ! R:localhost/127.0.0.1:65166] with attribute NettyResponseFuture{currentRetry=5,
	isDone=1,
	isCancelled=0,
	asyncHandler=org.asynchttpclient.ws.WebSocketUpgradeHandler@459bdd31,
	nettyRequest=org.asynchttpclient.netty.request.NettyRequest@31a74605,
	future=java.util.concurrent.CompletableFuture@39a9381f[Completed normally],
	uri=ws://localhost:65166/devtools/browser/a33fdad9-30a5-4b88-9b2c-9f227db3bc33,
	keepAlive=true,
	redirectCount=0,
	timeoutsHolder=null,
	inAuth=0,
	touch=1652687795129}
14:56:40.406 [AsyncHttpClient-1-4] DEBUG org.asynchttpclient.netty.channel.ChannelManager - Closing Channel [id: 0xbc9c7724, L:/127.0.0.1:65175 ! R:localhost/127.0.0.1:65166] 
14:56:40.447 [Driver Command Executor] DEBUG org.asynchttpclient.netty.request.NettyRequestSender - Using pooled Channel '[id: 0x61ca0dc9, L:/127.0.0.1:65165 - R:localhost/127.0.0.1:54687]' for 'DELETE' to 'http://localhost:54687/session/834a8bce8ad78397cbc728bd8ed74b32'
14:56:40.449 [Driver Command Executor] DEBUG org.asynchttpclient.netty.request.NettyRequestSender - Using open Channel [id: 0x61ca0dc9, L:/127.0.0.1:65165 - R:localhost/127.0.0.1:54687] for DELETE '/session/834a8bce8ad78397cbc728bd8ed74b32'
14:56:40.606 [AsyncHttpClient-1-3] DEBUG org.asynchttpclient.netty.handler.HttpHandler - Unexpected I/O exception on channel [id: 0xe245346c, L:/127.0.0.1:65173 - R:localhost/127.0.0.1:65166]
java.net.SocketException: Connection reset
	at java.base/sun.nio.ch.SocketChannelImpl.throwConnectionReset(SocketChannelImpl.java:367)
	at java.base/sun.nio.ch.SocketChannelImpl.read(SocketChannelImpl.java:398)
	at io.netty.buffer.PooledByteBuf.setBytes(PooledByteBuf.java:258)
	at io.netty.buffer.AbstractByteBuf.writeBytes(AbstractByteBuf.java:1132)
	at io.netty.channel.socket.nio.NioSocketChannel.doReadBytes(NioSocketChannel.java:350)
	at io.netty.channel.nio.AbstractNioByteChannel$NioByteUnsafe.read(AbstractNioByteChannel.java:151)
	at io.netty.channel.nio.NioEventLoop.processSelectedKey(NioEventLoop.java:722)
	at io.netty.channel.nio.NioEventLoop.processSelectedKeysOptimized(NioEventLoop.java:658)
	at io.netty.channel.nio.NioEventLoop.processSelectedKeys(NioEventLoop.java:584)
	at io.netty.channel.nio.NioEventLoop.run(NioEventLoop.java:496)
	at io.netty.util.concurrent.SingleThreadEventExecutor$4.run(SingleThreadEventExecutor.java:986)
	at io.netty.util.internal.ThreadExecutorMap$2.run(ThreadExecutorMap.java:74)
	at io.netty.util.concurrent.FastThreadLocalRunnable.run(FastThreadLocalRunnable.java:30)
	at java.base/java.lang.Thread.run(Thread.java:832)
14:56:40.607 [AsyncHttpClient-1-3] DEBUG org.asynchttpclient.netty.channel.ChannelManager - Closing Channel [id: 0xe245346c, L:/127.0.0.1:65173 - R:localhost/127.0.0.1:65166] 
14:56:40.608 [AsyncHttpClient-1-3] DEBUG org.asynchttpclient.netty.handler.HttpHandler - Channel Closed: [id: 0xe245346c, L:/127.0.0.1:65173 ! R:localhost/127.0.0.1:65166] with attribute DISCARD
14:56:40.623 [AsyncHttpClient-1-2] DEBUG org.asynchttpclient.netty.handler.HttpHandler - 

Request DefaultFullHttpRequest(decodeResult: success, version: HTTP/1.1, content: EmptyByteBufBE)
DELETE /session/834a8bce8ad78397cbc728bd8ed74b32 HTTP/1.1
User-Agent: selenium/4.1.2 (java windows)
Content-Type: application/json; charset=utf-8
host: localhost:54687
accept: */*

Response DefaultHttpResponse(decodeResult: success, version: HTTP/1.1)
HTTP/1.1 200 OK
Content-Type: application/json; charset=utf-8
cache-control: no-cache
content-length: 14

14:56:40.624 [AsyncHttpClient-1-2] DEBUG org.asynchttpclient.netty.channel.ChannelManager - Adding key: http://localhost:54687 for channel [id: 0x61ca0dc9, L:/127.0.0.1:65165 - R:localhost/127.0.0.1:54687]
14:56:40.730 [AsyncHttpClient-1-2] DEBUG org.asynchttpclient.netty.handler.HttpHandler - Channel Closed: [id: 0x61ca0dc9, L:/127.0.0.1:65165 ! R:localhost/127.0.0.1:54687] with attribute DISCARD
14:56:41.202 [AsyncHttpClient-1-1] DEBUG org.asynchttpclient.netty.channel.DefaultChannelPool - Entry count for : http://localhost:65166 : 1
14:56:41.202 [AsyncHttpClient-1-1] DEBUG org.asynchttpclient.netty.channel.DefaultChannelPool - Entry count for : http://localhost:54687 : 1
14:56:41.202 [AsyncHttpClient-1-1] DEBUG org.asynchttpclient.netty.channel.DefaultChannelPool - Adding Candidate expired Channel [id: 0xe245346c, L:/127.0.0.1:65173 ! R:localhost/127.0.0.1:65166] isIdleTimeoutExpired=false isRemotelyClosed=true isTtlExpired=false
14:56:41.202 [AsyncHttpClient-1-1] DEBUG org.asynchttpclient.netty.channel.DefaultChannelPool - Closing Idle Channel [id: 0xe245346c, L:/127.0.0.1:65173 ! R:localhost/127.0.0.1:65166]
14:56:41.202 [AsyncHttpClient-1-1] DEBUG org.asynchttpclient.netty.channel.DefaultChannelPool - Adding Candidate expired Channel [id: 0x61ca0dc9, L:/127.0.0.1:65165 ! R:localhost/127.0.0.1:54687] isIdleTimeoutExpired=false isRemotelyClosed=true isTtlExpired=false
14:56:41.203 [AsyncHttpClient-1-1] DEBUG org.asynchttpclient.netty.channel.DefaultChannelPool - Closing Idle Channel [id: 0x61ca0dc9, L:/127.0.0.1:65165 ! R:localhost/127.0.0.1:54687]
14:56:41.203 [AsyncHttpClient-1-1] DEBUG org.asynchttpclient.netty.channel.DefaultChannelPool - Closed 2 connections out of 2 in 1 ms
14:56:41.261 [main] INFO  - 
  _____   ___   ___   _____     ___     _     ___   ___   ___   ___  
 |_   _| | __| / __| |_   _|   | _ \   /_\   / __| / __| | __| |   \ 
   | |   | _|  \__ \   | |     |  _/  / _ \  \__ \ \__ \ | _|  | |) |
   |_|   |___| |___/   |_|     |_|   /_/ \_\ |___/ |___/ |___| |___/ 

Login scenario
----------------------------------------------------------------------
]]></system-out>
    <system-err><![CDATA[Starting ChromeDriver 101.0.4951.41 (93c720db8323b3ec10d056025ab95c23a31997c9-refs/branch-heads/4951@{#904}) on port 54687
Only local connections are allowed.
Please see https://chromedriver.chromium.org/security-considerations for suggestions on keeping ChromeDriver safe.
ChromeDriver was started successfully.
May 16, 2022 2:56:35 PM org.openqa.selenium.remote.ProtocolHandshake createSession
INFO: Detected dialect: W3C
May 16, 2022 2:56:35 PM org.openqa.selenium.devtools.CdpVersionFinder findNearestMatch
WARNING: Unable to find an exact match for CDP version 101, so returning the closest version found: 97
May 16, 2022 2:56:35 PM org.openqa.selenium.devtools.CdpVersionFinder findNearestMatch
INFO: Found CDP implementation for version 101 of 97
]]></system-err>
  </testcase>
  <testcase name="Login scenario #2" classname="Login" time="4.922">
    <system-out><![CDATA[
@Login
Scenario Outline: Login scenario  &amp#27;[90m# src/test/resources/features/Login.feature:17&amp#27;[0m
14:56:41.283 [main] INFO io.cucumber.core.plugin.SerenityReporter - Running feature from file:///D:/data%20hakim/Mini%20Project%20Alterra/WebAlta/src/test/resources/features/Login.feature
14:56:41.325 [main] INFO net.serenitybdd.core.webdriver.driverproviders.ChromeDriverProvider - Using automatically driver download
14:56:41.425 [main] DEBUG io.github.bonigarcia.wdm.cache.ResolutionCache - Resolution chrome=101 in cache (valid until 15:32:06 16/05/2022 WIB)
14:56:41.437 [main] DEBUG io.github.bonigarcia.wdm.cache.ResolutionCache - Resolution chrome101=101.0.4951.41 in cache (valid until 14:32:06 17/05/2022 WIB)
14:56:41.441 [main] INFO io.github.bonigarcia.wdm.WebDriverManager - Using chromedriver 101.0.4951.41 (resolved driver for Chrome 101)
14:56:41.462 [main] DEBUG io.github.bonigarcia.wdm.WebDriverManager - Driver chromedriver 101.0.4951.41 found in cache
14:56:41.462 [main] INFO io.github.bonigarcia.wdm.WebDriverManager - Exporting webdriver.chrome.driver as C:\Users\hp pc\.cache\selenium\chromedriver\win32\101.0.4951.41\chromedriver.exe
14:56:41.555 [main] DEBUG net.serenitybdd.core.webdriver.driverproviders.ProvideNewDriver - Instantiating driver
14:56:41.555 [main] DEBUG net.serenitybdd.core.webdriver.driverproviders.ProvideNewDriver - Driver capabilities: Capabilities {acceptInsecureCerts: false, base.url: https://qa.alta.id/, browserName: chrome, chrome.driver: src/test/resources/webdrive..., driver: chrome, goog:chromeOptions: {args: [], extensions: []}}
14:56:42.089 [AsyncHttpClient-1-5] DEBUG org.asynchttpclient.netty.channel.NettyConnectListener - Using new Channel '[id: 0x9cffe62d, L:/127.0.0.1:65199 - R:localhost/127.0.0.1:63420]' for 'POST' to '/session'
14:56:42.925 [AsyncHttpClient-1-5] DEBUG org.asynchttpclient.netty.handler.HttpHandler - 

Request DefaultHttpRequest(decodeResult: success, version: HTTP/1.1)
POST /session HTTP/1.1
User-Agent: selenium/4.1.2 (java windows)
Content-Length: 605
Content-Type: application/json; charset=utf-8
host: localhost:63420
accept: */*

Response DefaultHttpResponse(decodeResult: success, version: HTTP/1.1)
HTTP/1.1 200 OK
Content-Type: application/json; charset=utf-8
cache-control: no-cache
content-length: 791

14:56:42.925 [AsyncHttpClient-1-5] DEBUG org.asynchttpclient.netty.channel.ChannelManager - Adding key: http://localhost:63420 for channel [id: 0x9cffe62d, L:/127.0.0.1:65199 - R:localhost/127.0.0.1:63420]
14:56:42.940 [AsyncHttpClient-1-6] DEBUG org.asynchttpclient.netty.channel.NettyConnectListener - Using new Channel '[id: 0x49d315b5, L:/127.0.0.1:65206 - R:localhost/127.0.0.1:65200]' for 'GET' to '/json/version'
14:56:42.949 [AsyncHttpClient-1-6] DEBUG org.asynchttpclient.netty.handler.HttpHandler - 

Request DefaultFullHttpRequest(decodeResult: success, version: HTTP/1.1, content: EmptyByteBufBE)
GET /json/version HTTP/1.1
User-Agent: selenium/4.1.2 (java windows)
host: localhost:65200
accept: */*

Response DefaultHttpResponse(decodeResult: success, version: HTTP/1.1)
HTTP/1.1 200 OK
Content-Type: application/json; charset=UTF-8
content-length: 427

14:56:42.950 [AsyncHttpClient-1-6] DEBUG org.asynchttpclient.netty.channel.ChannelManager - Adding key: http://localhost:65200 for channel [id: 0x49d315b5, L:/127.0.0.1:65206 - R:localhost/127.0.0.1:65200]
14:56:42.953 [AsyncHttpClient-1-7] DEBUG org.asynchttpclient.netty.channel.NettyConnectListener - Using new Channel '[id: 0xca423bc2, L:/127.0.0.1:65207 - R:localhost/127.0.0.1:65200]' for 'GET' to '/devtools/browser/8eb4b21a-3e4b-45fe-8cf0-3c3b50f4c5e2'
14:56:42.960 [AsyncHttpClient-1-7] DEBUG org.asynchttpclient.netty.handler.WebSocketHandler - 

Request DefaultFullHttpRequest(decodeResult: success, version: HTTP/1.1, content: EmptyByteBufBE)
GET /devtools/browser/8eb4b21a-3e4b-45fe-8cf0-3c3b50f4c5e2 HTTP/1.1
upgrade: websocket
connection: upgrade
sec-websocket-key: hQbiRYwxS9tUU9ubxzCIEA==
sec-websocket-version: 13
origin: http://localhost:65200
host: localhost:65200
accept: */*
user-agent: AHC/2.1

Response DefaultHttpResponse(decodeResult: success, version: HTTP/1.1)
HTTP/1.1 101 WebSocket Protocol Handshake
Upgrade: WebSocket
Connection: Upgrade
Sec-WebSocket-Accept: UXpzbPNwU3B/Aqnlb99D3kfFy4U=

14:56:42.967 [Forwarding maximizeCurrentWindow on session bd75d3fd2f723eba9c926694df81365b to remote] DEBUG org.asynchttpclient.netty.request.NettyRequestSender - Using pooled Channel '[id: 0x9cffe62d, L:/127.0.0.1:65199 - R:localhost/127.0.0.1:63420]' for 'POST' to 'http://localhost:63420/session/bd75d3fd2f723eba9c926694df81365b/window/maximize'
14:56:42.967 [Forwarding maximizeCurrentWindow on session bd75d3fd2f723eba9c926694df81365b to remote] DEBUG org.asynchttpclient.netty.request.NettyRequestSender - Using open Channel [id: 0x9cffe62d, L:/127.0.0.1:65199 - R:localhost/127.0.0.1:63420] for POST '/session/bd75d3fd2f723eba9c926694df81365b/window/maximize'
14:56:43.094 [AsyncHttpClient-1-5] DEBUG org.asynchttpclient.netty.handler.HttpHandler - 

Request DefaultHttpRequest(decodeResult: success, version: HTTP/1.1)
POST /session/bd75d3fd2f723eba9c926694df81365b/window/maximize HTTP/1.1
User-Agent: selenium/4.1.2 (java windows)
Content-Length: 3
Content-Type: application/json; charset=utf-8
host: localhost:63420
accept: */*

Response DefaultHttpResponse(decodeResult: success, version: HTTP/1.1)
HTTP/1.1 200 OK
Content-Type: application/json; charset=utf-8
cache-control: no-cache
content-length: 51

14:56:43.095 [AsyncHttpClient-1-5] DEBUG org.asynchttpclient.netty.channel.ChannelManager - Adding key: http://localhost:63420 for channel [id: 0x9cffe62d, L:/127.0.0.1:65199 - R:localhost/127.0.0.1:63420]
14:56:43.096 [Forwarding get on session bd75d3fd2f723eba9c926694df81365b to remote] DEBUG org.asynchttpclient.netty.request.NettyRequestSender - Using pooled Channel '[id: 0x9cffe62d, L:/127.0.0.1:65199 - R:localhost/127.0.0.1:63420]' for 'POST' to 'http://localhost:63420/session/bd75d3fd2f723eba9c926694df81365b/url'
14:56:43.096 [Forwarding get on session bd75d3fd2f723eba9c926694df81365b to remote] DEBUG org.asynchttpclient.netty.request.NettyRequestSender - Using open Channel [id: 0x9cffe62d, L:/127.0.0.1:65199 - R:localhost/127.0.0.1:63420] for POST '/session/bd75d3fd2f723eba9c926694df81365b/url'
14:56:43.402 [AsyncHttpClient-1-1] DEBUG org.asynchttpclient.netty.channel.DefaultChannelPool - Entry count for : http://localhost:65200 : 1
14:56:43.958 [AsyncHttpClient-1-5] DEBUG org.asynchttpclient.netty.handler.HttpHandler - 

Request DefaultHttpRequest(decodeResult: success, version: HTTP/1.1)
POST /session/bd75d3fd2f723eba9c926694df81365b/url HTTP/1.1
User-Agent: selenium/4.1.2 (java windows)
Content-Length: 64
Content-Type: application/json; charset=utf-8
host: localhost:63420
accept: */*

Response DefaultHttpResponse(decodeResult: success, version: HTTP/1.1)
HTTP/1.1 200 OK
Content-Type: application/json; charset=utf-8
cache-control: no-cache
content-length: 14

14:56:43.958 [AsyncHttpClient-1-5] DEBUG org.asynchttpclient.netty.channel.ChannelManager - Adding key: http://localhost:63420 for channel [id: 0x9cffe62d, L:/127.0.0.1:65199 - R:localhost/127.0.0.1:63420]
14:56:43.960 [Forwarding setTimeout on session bd75d3fd2f723eba9c926694df81365b to remote] DEBUG org.asynchttpclient.netty.request.NettyRequestSender - Using pooled Channel '[id: 0x9cffe62d, L:/127.0.0.1:65199 - R:localhost/127.0.0.1:63420]' for 'POST' to 'http://localhost:63420/session/bd75d3fd2f723eba9c926694df81365b/timeouts'
14:56:43.960 [Forwarding setTimeout on session bd75d3fd2f723eba9c926694df81365b to remote] DEBUG org.asynchttpclient.netty.request.NettyRequestSender - Using open Channel [id: 0x9cffe62d, L:/127.0.0.1:65199 - R:localhost/127.0.0.1:63420] for POST '/session/bd75d3fd2f723eba9c926694df81365b/timeouts'
14:56:43.961 [AsyncHttpClient-1-5] DEBUG org.asynchttpclient.netty.handler.HttpHandler - 

Request DefaultHttpRequest(decodeResult: success, version: HTTP/1.1)
POST /session/bd75d3fd2f723eba9c926694df81365b/timeouts HTTP/1.1
User-Agent: selenium/4.1.2 (java windows)
Content-Length: 22
Content-Type: application/json; charset=utf-8
host: localhost:63420
accept: */*

Response DefaultHttpResponse(decodeResult: success, version: HTTP/1.1)
HTTP/1.1 200 OK
Content-Type: application/json; charset=utf-8
cache-control: no-cache
content-length: 14

14:56:43.962 [AsyncHttpClient-1-5] DEBUG org.asynchttpclient.netty.channel.ChannelManager - Adding key: http://localhost:63420 for channel [id: 0x9cffe62d, L:/127.0.0.1:65199 - R:localhost/127.0.0.1:63420]
14:56:43.965 [Forwarding getCurrentUrl on session bd75d3fd2f723eba9c926694df81365b to remote] DEBUG org.asynchttpclient.netty.request.NettyRequestSender - Using pooled Channel '[id: 0x9cffe62d, L:/127.0.0.1:65199 - R:localhost/127.0.0.1:63420]' for 'GET' to 'http://localhost:63420/session/bd75d3fd2f723eba9c926694df81365b/url'
14:56:43.966 [Forwarding getCurrentUrl on session bd75d3fd2f723eba9c926694df81365b to remote] DEBUG org.asynchttpclient.netty.request.NettyRequestSender - Using open Channel [id: 0x9cffe62d, L:/127.0.0.1:65199 - R:localhost/127.0.0.1:63420] for GET '/session/bd75d3fd2f723eba9c926694df81365b/url'
14:56:43.971 [AsyncHttpClient-1-5] DEBUG org.asynchttpclient.netty.handler.HttpHandler - 

Request DefaultFullHttpRequest(decodeResult: success, version: HTTP/1.1, content: EmptyByteBufBE)
GET /session/bd75d3fd2f723eba9c926694df81365b/url HTTP/1.1
User-Agent: selenium/4.1.2 (java windows)
Cache-Control: no-cache
Content-Type: application/json; charset=utf-8
host: localhost:63420
accept: */*

Response DefaultHttpResponse(decodeResult: success, version: HTTP/1.1)
HTTP/1.1 200 OK
Content-Type: application/json; charset=utf-8
cache-control: no-cache
content-length: 41

14:56:43.971 [AsyncHttpClient-1-5] DEBUG org.asynchttpclient.netty.channel.ChannelManager - Adding key: http://localhost:63420 for channel [id: 0x9cffe62d, L:/127.0.0.1:65199 - R:localhost/127.0.0.1:63420]
14:56:43.979 [Forwarding screenshot on session bd75d3fd2f723eba9c926694df81365b to remote] DEBUG org.asynchttpclient.netty.request.NettyRequestSender - Using pooled Channel '[id: 0x9cffe62d, L:/127.0.0.1:65199 - R:localhost/127.0.0.1:63420]' for 'GET' to 'http://localhost:63420/session/bd75d3fd2f723eba9c926694df81365b/screenshot'
14:56:43.979 [Forwarding screenshot on session bd75d3fd2f723eba9c926694df81365b to remote] DEBUG org.asynchttpclient.netty.request.NettyRequestSender - Using open Channel [id: 0x9cffe62d, L:/127.0.0.1:65199 - R:localhost/127.0.0.1:63420] for GET '/session/bd75d3fd2f723eba9c926694df81365b/screenshot'
14:56:44.159 [AsyncHttpClient-1-5] DEBUG org.asynchttpclient.netty.handler.HttpHandler - 

Request DefaultFullHttpRequest(decodeResult: success, version: HTTP/1.1, content: EmptyByteBufBE)
GET /session/bd75d3fd2f723eba9c926694df81365b/screenshot HTTP/1.1
User-Agent: selenium/4.1.2 (java windows)
Cache-Control: no-cache
Content-Type: application/json; charset=utf-8
host: localhost:63420
accept: */*

Response DefaultHttpResponse(decodeResult: success, version: HTTP/1.1)
HTTP/1.1 200 OK
Content-Type: application/json; charset=utf-8
cache-control: no-cache
content-length: 24940

14:56:44.160 [AsyncHttpClient-1-5] DEBUG org.asynchttpclient.netty.channel.ChannelManager - Adding key: http://localhost:63420 for channel [id: 0x9cffe62d, L:/127.0.0.1:65199 - R:localhost/127.0.0.1:63420]
14:56:44.163 [main] DEBUG net.serenitybdd.core.photography.Darkroom - Send negative for processing for target\site\serenity\11023edac3681808080020daf60d8cb00148736924ac340653f27273a0570072.png
14:56:44.163 [main] DEBUG net.thucydides.core.steps.StepInterceptor - STARTING STEP: LoginStep.iAmOnTheLoginPage - validateOnLoginPage
14:56:44.167 [Forwarding findElement on session bd75d3fd2f723eba9c926694df81365b to remote] DEBUG org.asynchttpclient.netty.request.NettyRequestSender - Using pooled Channel '[id: 0x9cffe62d, L:/127.0.0.1:65199 - R:localhost/127.0.0.1:63420]' for 'POST' to 'http://localhost:63420/session/bd75d3fd2f723eba9c926694df81365b/element'
14:56:44.167 [Forwarding findElement on session bd75d3fd2f723eba9c926694df81365b to remote] DEBUG org.asynchttpclient.netty.request.NettyRequestSender - Using open Channel [id: 0x9cffe62d, L:/127.0.0.1:65199 - R:localhost/127.0.0.1:63420] for POST '/session/bd75d3fd2f723eba9c926694df81365b/element'
14:56:44.177 [AsyncHttpClient-1-5] DEBUG org.asynchttpclient.netty.handler.HttpHandler - 

Request DefaultHttpRequest(decodeResult: success, version: HTTP/1.1)
POST /session/bd75d3fd2f723eba9c926694df81365b/element HTTP/1.1
User-Agent: selenium/4.1.2 (java windows)
Content-Length: 136
Content-Type: application/json; charset=utf-8
host: localhost:63420
accept: */*

Response DefaultHttpResponse(decodeResult: success, version: HTTP/1.1)
HTTP/1.1 200 OK
Content-Type: application/json; charset=utf-8
cache-control: no-cache
content-length: 88

14:56:44.178 [AsyncHttpClient-1-5] DEBUG org.asynchttpclient.netty.channel.ChannelManager - Adding key: http://localhost:63420 for channel [id: 0x9cffe62d, L:/127.0.0.1:65199 - R:localhost/127.0.0.1:63420]
14:56:44.181 [Forwarding isElementDisplayed on session bd75d3fd2f723eba9c926694df81365b to remote] DEBUG org.asynchttpclient.netty.request.NettyRequestSender - Using pooled Channel '[id: 0x9cffe62d, L:/127.0.0.1:65199 - R:localhost/127.0.0.1:63420]' for 'POST' to 'http://localhost:63420/session/bd75d3fd2f723eba9c926694df81365b/execute/sync'
14:56:44.183 [Forwarding isElementDisplayed on session bd75d3fd2f723eba9c926694df81365b to remote] DEBUG org.asynchttpclient.netty.request.NettyRequestSender - Using open Channel [id: 0x9cffe62d, L:/127.0.0.1:65199 - R:localhost/127.0.0.1:63420] for POST '/session/bd75d3fd2f723eba9c926694df81365b/execute/sync'
14:56:44.195 [AsyncHttpClient-1-5] DEBUG org.asynchttpclient.netty.handler.HttpHandler - 

Request DefaultHttpRequest(decodeResult: success, version: HTTP/1.1)
POST /session/bd75d3fd2f723eba9c926694df81365b/execute/sync HTTP/1.1
User-Agent: selenium/4.1.2 (java windows)
Content-Length: 48780
Content-Type: application/json; charset=utf-8
host: localhost:63420
accept: */*

Response DefaultHttpResponse(decodeResult: success, version: HTTP/1.1)
HTTP/1.1 200 OK
Content-Type: application/json; charset=utf-8
cache-control: no-cache
content-length: 14

14:56:44.195 [AsyncHttpClient-1-5] DEBUG org.asynchttpclient.netty.channel.ChannelManager - Adding key: http://localhost:63420 for channel [id: 0x9cffe62d, L:/127.0.0.1:65199 - R:localhost/127.0.0.1:63420]
14:56:44.201 [main] DEBUG net.thucydides.core.steps.StepInterceptor - STEP DONE: validateOnLoginPage
  &amp#27;[32mGiven &amp#27;[0m&amp#27;[32mI am on the login page&amp#27;[0m    &amp#27;[90m# Starter.StepDefinitions.LoginStep.iAmOnTheLoginPage()&amp#27;[0m
14:56:44.212 [main] DEBUG net.thucydides.core.steps.StepInterceptor - STARTING STEP: LoginStep.iInputEmail - inputEmail
14:56:44.215 [Forwarding findElement on session bd75d3fd2f723eba9c926694df81365b to remote] DEBUG org.asynchttpclient.netty.request.NettyRequestSender - Using pooled Channel '[id: 0x9cffe62d, L:/127.0.0.1:65199 - R:localhost/127.0.0.1:63420]' for 'POST' to 'http://localhost:63420/session/bd75d3fd2f723eba9c926694df81365b/element'
14:56:44.216 [Forwarding findElement on session bd75d3fd2f723eba9c926694df81365b to remote] DEBUG org.asynchttpclient.netty.request.NettyRequestSender - Using open Channel [id: 0x9cffe62d, L:/127.0.0.1:65199 - R:localhost/127.0.0.1:63420] for POST '/session/bd75d3fd2f723eba9c926694df81365b/element'
14:56:44.227 [AsyncHttpClient-1-5] DEBUG org.asynchttpclient.netty.handler.HttpHandler - 

Request DefaultHttpRequest(decodeResult: success, version: HTTP/1.1)
POST /session/bd75d3fd2f723eba9c926694df81365b/element HTTP/1.1
User-Agent: selenium/4.1.2 (java windows)
Content-Length: 91
Content-Type: application/json; charset=utf-8
host: localhost:63420
accept: */*

Response DefaultHttpResponse(decodeResult: success, version: HTTP/1.1)
HTTP/1.1 200 OK
Content-Type: application/json; charset=utf-8
cache-control: no-cache
content-length: 88

14:56:44.227 [AsyncHttpClient-1-5] DEBUG org.asynchttpclient.netty.channel.ChannelManager - Adding key: http://localhost:63420 for channel [id: 0x9cffe62d, L:/127.0.0.1:65199 - R:localhost/127.0.0.1:63420]
14:56:44.229 [Forwarding clearElement on session bd75d3fd2f723eba9c926694df81365b to remote] DEBUG org.asynchttpclient.netty.request.NettyRequestSender - Using pooled Channel '[id: 0x9cffe62d, L:/127.0.0.1:65199 - R:localhost/127.0.0.1:63420]' for 'POST' to 'http://localhost:63420/session/bd75d3fd2f723eba9c926694df81365b/element/705efdb6-be87-41cb-8e40-58243e6517ce/clear'
14:56:44.229 [Forwarding clearElement on session bd75d3fd2f723eba9c926694df81365b to remote] DEBUG org.asynchttpclient.netty.request.NettyRequestSender - Using open Channel [id: 0x9cffe62d, L:/127.0.0.1:65199 - R:localhost/127.0.0.1:63420] for POST '/session/bd75d3fd2f723eba9c926694df81365b/element/705efdb6-be87-41cb-8e40-58243e6517ce/clear'
14:56:44.255 [AsyncHttpClient-1-5] DEBUG org.asynchttpclient.netty.handler.HttpHandler - 

Request DefaultHttpRequest(decodeResult: success, version: HTTP/1.1)
POST /session/bd75d3fd2f723eba9c926694df81365b/element/705efdb6-be87-41cb-8e40-58243e6517ce/clear HTTP/1.1
User-Agent: selenium/4.1.2 (java windows)
Content-Length: 50
Content-Type: application/json; charset=utf-8
host: localhost:63420
accept: */*

Response DefaultHttpResponse(decodeResult: success, version: HTTP/1.1)
HTTP/1.1 200 OK
Content-Type: application/json; charset=utf-8
cache-control: no-cache
content-length: 14

14:56:44.255 [AsyncHttpClient-1-5] DEBUG org.asynchttpclient.netty.channel.ChannelManager - Adding key: http://localhost:63420 for channel [id: 0x9cffe62d, L:/127.0.0.1:65199 - R:localhost/127.0.0.1:63420]
14:56:44.257 [Forwarding sendKeysToElement on session bd75d3fd2f723eba9c926694df81365b to remote] DEBUG org.asynchttpclient.netty.request.NettyRequestSender - Using pooled Channel '[id: 0x9cffe62d, L:/127.0.0.1:65199 - R:localhost/127.0.0.1:63420]' for 'POST' to 'http://localhost:63420/session/bd75d3fd2f723eba9c926694df81365b/element/705efdb6-be87-41cb-8e40-58243e6517ce/value'
14:56:44.257 [Forwarding sendKeysToElement on session bd75d3fd2f723eba9c926694df81365b to remote] DEBUG org.asynchttpclient.netty.request.NettyRequestSender - Using open Channel [id: 0x9cffe62d, L:/127.0.0.1:65199 - R:localhost/127.0.0.1:63420] for POST '/session/bd75d3fd2f723eba9c926694df81365b/element/705efdb6-be87-41cb-8e40-58243e6517ce/value'
14:56:44.291 [AsyncHttpClient-1-5] DEBUG org.asynchttpclient.netty.handler.HttpHandler - 

Request DefaultHttpRequest(decodeResult: success, version: HTTP/1.1)
POST /session/bd75d3fd2f723eba9c926694df81365b/element/705efdb6-be87-41cb-8e40-58243e6517ce/value HTTP/1.1
User-Agent: selenium/4.1.2 (java windows)
Content-Length: 82
Content-Type: application/json; charset=utf-8
host: localhost:63420
accept: */*

Response DefaultHttpResponse(decodeResult: success, version: HTTP/1.1)
HTTP/1.1 200 OK
Content-Type: application/json; charset=utf-8
cache-control: no-cache
content-length: 14

14:56:44.291 [AsyncHttpClient-1-5] DEBUG org.asynchttpclient.netty.channel.ChannelManager - Adding key: http://localhost:63420 for channel [id: 0x9cffe62d, L:/127.0.0.1:65199 - R:localhost/127.0.0.1:63420]
14:56:44.302 [Forwarding screenshot on session bd75d3fd2f723eba9c926694df81365b to remote] DEBUG org.asynchttpclient.netty.request.NettyRequestSender - Using pooled Channel '[id: 0x9cffe62d, L:/127.0.0.1:65199 - R:localhost/127.0.0.1:63420]' for 'GET' to 'http://localhost:63420/session/bd75d3fd2f723eba9c926694df81365b/screenshot'
14:56:44.303 [Forwarding screenshot on session bd75d3fd2f723eba9c926694df81365b to remote] DEBUG org.asynchttpclient.netty.request.NettyRequestSender - Using open Channel [id: 0x9cffe62d, L:/127.0.0.1:65199 - R:localhost/127.0.0.1:63420] for GET '/session/bd75d3fd2f723eba9c926694df81365b/screenshot'
14:56:44.401 [AsyncHttpClient-1-5] DEBUG org.asynchttpclient.netty.handler.HttpHandler - 

Request DefaultFullHttpRequest(decodeResult: success, version: HTTP/1.1, content: EmptyByteBufBE)
GET /session/bd75d3fd2f723eba9c926694df81365b/screenshot HTTP/1.1
User-Agent: selenium/4.1.2 (java windows)
Cache-Control: no-cache
Content-Type: application/json; charset=utf-8
host: localhost:63420
accept: */*

Response DefaultHttpResponse(decodeResult: success, version: HTTP/1.1)
HTTP/1.1 200 OK
Content-Type: application/json; charset=utf-8
cache-control: no-cache
content-length: 25172

14:56:44.402 [AsyncHttpClient-1-5] DEBUG org.asynchttpclient.netty.channel.ChannelManager - Adding key: http://localhost:63420 for channel [id: 0x9cffe62d, L:/127.0.0.1:65199 - R:localhost/127.0.0.1:63420]
14:56:44.404 [main] DEBUG net.serenitybdd.core.photography.Darkroom - Send negative for processing for target\site\serenity\71d2e8cdc1289d0daccd8f8283451ec039d6e9401275bae679839b939288fbe3.png
14:56:44.404 [main] DEBUG net.thucydides.core.steps.StepInterceptor - STEP DONE: inputEmail
  &amp#27;[32mWhen &amp#27;[0m&amp#27;[32mI input &amp#27;[0m&amp#27;[32m&amp#27;[1m""&amp#27;[0m&amp#27;[32m email&amp#27;[0m           &amp#27;[90m# Starter.StepDefinitions.LoginStep.iInputEmail(java.lang.String)&amp#27;[0m
14:56:44.404 [Darkroom Processing Line] DEBUG net.serenitybdd.core.photography.DarkroomProcessingLine - Processing screenshot image in /var/screenshots/screenshot-16974361906133697666
14:56:44.404 [Darkroom Processing Line] DEBUG net.serenitybdd.core.photography.DarkroomProcessingLine - Saving screenshot to target\site\serenity\71d2e8cdc1289d0daccd8f8283451ec039d6e9401275bae679839b939288fbe3.png
14:56:44.416 [main] DEBUG net.thucydides.core.steps.StepInterceptor - STARTING STEP: LoginStep.iInputPassword - inputPassword
14:56:44.421 [Forwarding findElement on session bd75d3fd2f723eba9c926694df81365b to remote] DEBUG org.asynchttpclient.netty.request.NettyRequestSender - Using pooled Channel '[id: 0x9cffe62d, L:/127.0.0.1:65199 - R:localhost/127.0.0.1:63420]' for 'POST' to 'http://localhost:63420/session/bd75d3fd2f723eba9c926694df81365b/element'
14:56:44.421 [Forwarding findElement on session bd75d3fd2f723eba9c926694df81365b to remote] DEBUG org.asynchttpclient.netty.request.NettyRequestSender - Using open Channel [id: 0x9cffe62d, L:/127.0.0.1:65199 - R:localhost/127.0.0.1:63420] for POST '/session/bd75d3fd2f723eba9c926694df81365b/element'
14:56:44.432 [AsyncHttpClient-1-5] DEBUG org.asynchttpclient.netty.handler.HttpHandler - 

Request DefaultHttpRequest(decodeResult: success, version: HTTP/1.1)
POST /session/bd75d3fd2f723eba9c926694df81365b/element HTTP/1.1
User-Agent: selenium/4.1.2 (java windows)
Content-Length: 94
Content-Type: application/json; charset=utf-8
host: localhost:63420
accept: */*

Response DefaultHttpResponse(decodeResult: success, version: HTTP/1.1)
HTTP/1.1 200 OK
Content-Type: application/json; charset=utf-8
cache-control: no-cache
content-length: 88

14:56:44.433 [AsyncHttpClient-1-5] DEBUG org.asynchttpclient.netty.channel.ChannelManager - Adding key: http://localhost:63420 for channel [id: 0x9cffe62d, L:/127.0.0.1:65199 - R:localhost/127.0.0.1:63420]
14:56:44.436 [Forwarding clearElement on session bd75d3fd2f723eba9c926694df81365b to remote] DEBUG org.asynchttpclient.netty.request.NettyRequestSender - Using pooled Channel '[id: 0x9cffe62d, L:/127.0.0.1:65199 - R:localhost/127.0.0.1:63420]' for 'POST' to 'http://localhost:63420/session/bd75d3fd2f723eba9c926694df81365b/element/45a8e015-1d20-412d-bda7-93096da425c0/clear'
14:56:44.436 [Forwarding clearElement on session bd75d3fd2f723eba9c926694df81365b to remote] DEBUG org.asynchttpclient.netty.request.NettyRequestSender - Using open Channel [id: 0x9cffe62d, L:/127.0.0.1:65199 - R:localhost/127.0.0.1:63420] for POST '/session/bd75d3fd2f723eba9c926694df81365b/element/45a8e015-1d20-412d-bda7-93096da425c0/clear'
14:56:44.474 [AsyncHttpClient-1-5] DEBUG org.asynchttpclient.netty.handler.HttpHandler - 

Request DefaultHttpRequest(decodeResult: success, version: HTTP/1.1)
POST /session/bd75d3fd2f723eba9c926694df81365b/element/45a8e015-1d20-412d-bda7-93096da425c0/clear HTTP/1.1
User-Agent: selenium/4.1.2 (java windows)
Content-Length: 50
Content-Type: application/json; charset=utf-8
host: localhost:63420
accept: */*

Response DefaultHttpResponse(decodeResult: success, version: HTTP/1.1)
HTTP/1.1 200 OK
Content-Type: application/json; charset=utf-8
cache-control: no-cache
content-length: 14

14:56:44.474 [AsyncHttpClient-1-5] DEBUG org.asynchttpclient.netty.channel.ChannelManager - Adding key: http://localhost:63420 for channel [id: 0x9cffe62d, L:/127.0.0.1:65199 - R:localhost/127.0.0.1:63420]
14:56:44.477 [Forwarding sendKeysToElement on session bd75d3fd2f723eba9c926694df81365b to remote] DEBUG org.asynchttpclient.netty.request.NettyRequestSender - Using pooled Channel '[id: 0x9cffe62d, L:/127.0.0.1:65199 - R:localhost/127.0.0.1:63420]' for 'POST' to 'http://localhost:63420/session/bd75d3fd2f723eba9c926694df81365b/element/45a8e015-1d20-412d-bda7-93096da425c0/value'
14:56:44.477 [Forwarding sendKeysToElement on session bd75d3fd2f723eba9c926694df81365b to remote] DEBUG org.asynchttpclient.netty.request.NettyRequestSender - Using open Channel [id: 0x9cffe62d, L:/127.0.0.1:65199 - R:localhost/127.0.0.1:63420] for POST '/session/bd75d3fd2f723eba9c926694df81365b/element/45a8e015-1d20-412d-bda7-93096da425c0/value'
14:56:44.500 [AsyncHttpClient-1-1] DEBUG org.asynchttpclient.netty.channel.DefaultChannelPool - Entry count for : http://localhost:65200 : 1
14:56:44.559 [AsyncHttpClient-1-5] DEBUG org.asynchttpclient.netty.handler.HttpHandler - 

Request DefaultHttpRequest(decodeResult: success, version: HTTP/1.1)
POST /session/bd75d3fd2f723eba9c926694df81365b/element/45a8e015-1d20-412d-bda7-93096da425c0/value HTTP/1.1
User-Agent: selenium/4.1.2 (java windows)
Content-Length: 161
Content-Type: application/json; charset=utf-8
host: localhost:63420
accept: */*

Response DefaultHttpResponse(decodeResult: success, version: HTTP/1.1)
HTTP/1.1 200 OK
Content-Type: application/json; charset=utf-8
cache-control: no-cache
content-length: 14

14:56:44.560 [AsyncHttpClient-1-5] DEBUG org.asynchttpclient.netty.channel.ChannelManager - Adding key: http://localhost:63420 for channel [id: 0x9cffe62d, L:/127.0.0.1:65199 - R:localhost/127.0.0.1:63420]
14:56:44.569 [Forwarding screenshot on session bd75d3fd2f723eba9c926694df81365b to remote] DEBUG org.asynchttpclient.netty.request.NettyRequestSender - Using pooled Channel '[id: 0x9cffe62d, L:/127.0.0.1:65199 - R:localhost/127.0.0.1:63420]' for 'GET' to 'http://localhost:63420/session/bd75d3fd2f723eba9c926694df81365b/screenshot'
14:56:44.570 [Forwarding screenshot on session bd75d3fd2f723eba9c926694df81365b to remote] DEBUG org.asynchttpclient.netty.request.NettyRequestSender - Using open Channel [id: 0x9cffe62d, L:/127.0.0.1:65199 - R:localhost/127.0.0.1:63420] for GET '/session/bd75d3fd2f723eba9c926694df81365b/screenshot'
14:56:44.695 [AsyncHttpClient-1-5] DEBUG org.asynchttpclient.netty.handler.HttpHandler - 

Request DefaultFullHttpRequest(decodeResult: success, version: HTTP/1.1, content: EmptyByteBufBE)
GET /session/bd75d3fd2f723eba9c926694df81365b/screenshot HTTP/1.1
User-Agent: selenium/4.1.2 (java windows)
Cache-Control: no-cache
Content-Type: application/json; charset=utf-8
host: localhost:63420
accept: */*

Response DefaultHttpResponse(decodeResult: success, version: HTTP/1.1)
HTTP/1.1 200 OK
Content-Type: application/json; charset=utf-8
cache-control: no-cache
content-length: 27676

14:56:44.696 [AsyncHttpClient-1-5] DEBUG org.asynchttpclient.netty.channel.ChannelManager - Adding key: http://localhost:63420 for channel [id: 0x9cffe62d, L:/127.0.0.1:65199 - R:localhost/127.0.0.1:63420]
14:56:44.700 [main] DEBUG net.serenitybdd.core.photography.Darkroom - Send negative for processing for target\site\serenity\b830618cfa164ae4543194792a7ef86f01488fd398fbcf0f5864eb05c09a2855.png
14:56:44.701 [main] DEBUG net.thucydides.core.steps.StepInterceptor - STEP DONE: inputPassword
  &amp#27;[32mAnd &amp#27;[0m&amp#27;[32mI input &amp#27;[0m&amp#27;[32m&amp#27;[1m"Valid@01"&amp#27;[0m&amp#27;[32m password&amp#27;[0m &amp#27;[90m# Starter.StepDefinitions.LoginStep.iInputPassword(java.lang.String)&amp#27;[0m
14:56:44.701 [Darkroom Processing Line] DEBUG net.serenitybdd.core.photography.DarkroomProcessingLine - Processing screenshot image in /var/screenshots/screenshot-11248664076743227442
14:56:44.701 [Darkroom Processing Line] DEBUG net.serenitybdd.core.photography.DarkroomProcessingLine - Saving screenshot to target\site\serenity\b830618cfa164ae4543194792a7ef86f01488fd398fbcf0f5864eb05c09a2855.png
14:56:44.718 [main] DEBUG net.thucydides.core.steps.StepInterceptor - STARTING STEP: LoginStep.clickLoginButton - clickLoginButton
14:56:44.722 [Forwarding findElement on session bd75d3fd2f723eba9c926694df81365b to remote] DEBUG org.asynchttpclient.netty.request.NettyRequestSender - Using pooled Channel '[id: 0x9cffe62d, L:/127.0.0.1:65199 - R:localhost/127.0.0.1:63420]' for 'POST' to 'http://localhost:63420/session/bd75d3fd2f723eba9c926694df81365b/element'
14:56:44.722 [Forwarding findElement on session bd75d3fd2f723eba9c926694df81365b to remote] DEBUG org.asynchttpclient.netty.request.NettyRequestSender - Using open Channel [id: 0x9cffe62d, L:/127.0.0.1:65199 - R:localhost/127.0.0.1:63420] for POST '/session/bd75d3fd2f723eba9c926694df81365b/element'
14:56:44.728 [AsyncHttpClient-1-5] DEBUG org.asynchttpclient.netty.handler.HttpHandler - 

Request DefaultHttpRequest(decodeResult: success, version: HTTP/1.1)
POST /session/bd75d3fd2f723eba9c926694df81365b/element HTTP/1.1
User-Agent: selenium/4.1.2 (java windows)
Content-Length: 136
Content-Type: application/json; charset=utf-8
host: localhost:63420
accept: */*

Response DefaultHttpResponse(decodeResult: success, version: HTTP/1.1)
HTTP/1.1 200 OK
Content-Type: application/json; charset=utf-8
cache-control: no-cache
content-length: 88

14:56:44.729 [AsyncHttpClient-1-5] DEBUG org.asynchttpclient.netty.channel.ChannelManager - Adding key: http://localhost:63420 for channel [id: 0x9cffe62d, L:/127.0.0.1:65199 - R:localhost/127.0.0.1:63420]
14:56:44.735 [Forwarding getElementTagName on session bd75d3fd2f723eba9c926694df81365b to remote] DEBUG org.asynchttpclient.netty.request.NettyRequestSender - Using pooled Channel '[id: 0x9cffe62d, L:/127.0.0.1:65199 - R:localhost/127.0.0.1:63420]' for 'GET' to 'http://localhost:63420/session/bd75d3fd2f723eba9c926694df81365b/element/aede23c2-8142-4b88-bd91-95337fcc0e36/name'
14:56:44.735 [Forwarding getElementTagName on session bd75d3fd2f723eba9c926694df81365b to remote] DEBUG org.asynchttpclient.netty.request.NettyRequestSender - Using open Channel [id: 0x9cffe62d, L:/127.0.0.1:65199 - R:localhost/127.0.0.1:63420] for GET '/session/bd75d3fd2f723eba9c926694df81365b/element/aede23c2-8142-4b88-bd91-95337fcc0e36/name'
14:56:44.744 [AsyncHttpClient-1-5] DEBUG org.asynchttpclient.netty.handler.HttpHandler - 

Request DefaultFullHttpRequest(decodeResult: success, version: HTTP/1.1, content: EmptyByteBufBE)
GET /session/bd75d3fd2f723eba9c926694df81365b/element/aede23c2-8142-4b88-bd91-95337fcc0e36/name HTTP/1.1
User-Agent: selenium/4.1.2 (java windows)
Cache-Control: no-cache
Content-Type: application/json; charset=utf-8
host: localhost:63420
accept: */*

Response DefaultHttpResponse(decodeResult: success, version: HTTP/1.1)
HTTP/1.1 200 OK
Content-Type: application/json; charset=utf-8
cache-control: no-cache
content-length: 18

14:56:44.744 [AsyncHttpClient-1-5] DEBUG org.asynchttpclient.netty.channel.ChannelManager - Adding key: http://localhost:63420 for channel [id: 0x9cffe62d, L:/127.0.0.1:65199 - R:localhost/127.0.0.1:63420]
14:56:44.747 [Forwarding getElementTagName on session bd75d3fd2f723eba9c926694df81365b to remote] DEBUG org.asynchttpclient.netty.request.NettyRequestSender - Using pooled Channel '[id: 0x9cffe62d, L:/127.0.0.1:65199 - R:localhost/127.0.0.1:63420]' for 'GET' to 'http://localhost:63420/session/bd75d3fd2f723eba9c926694df81365b/element/aede23c2-8142-4b88-bd91-95337fcc0e36/name'
14:56:44.749 [Forwarding getElementTagName on session bd75d3fd2f723eba9c926694df81365b to remote] DEBUG org.asynchttpclient.netty.request.NettyRequestSender - Using open Channel [id: 0x9cffe62d, L:/127.0.0.1:65199 - R:localhost/127.0.0.1:63420] for GET '/session/bd75d3fd2f723eba9c926694df81365b/element/aede23c2-8142-4b88-bd91-95337fcc0e36/name'
14:56:44.760 [AsyncHttpClient-1-5] DEBUG org.asynchttpclient.netty.handler.HttpHandler - 

Request DefaultFullHttpRequest(decodeResult: success, version: HTTP/1.1, content: EmptyByteBufBE)
GET /session/bd75d3fd2f723eba9c926694df81365b/element/aede23c2-8142-4b88-bd91-95337fcc0e36/name HTTP/1.1
User-Agent: selenium/4.1.2 (java windows)
Cache-Control: no-cache
Content-Type: application/json; charset=utf-8
host: localhost:63420
accept: */*

Response DefaultHttpResponse(decodeResult: success, version: HTTP/1.1)
HTTP/1.1 200 OK
Content-Type: application/json; charset=utf-8
cache-control: no-cache
content-length: 18

14:56:44.760 [AsyncHttpClient-1-5] DEBUG org.asynchttpclient.netty.channel.ChannelManager - Adding key: http://localhost:63420 for channel [id: 0x9cffe62d, L:/127.0.0.1:65199 - R:localhost/127.0.0.1:63420]
14:56:44.772 [Forwarding isElementEnabled on session bd75d3fd2f723eba9c926694df81365b to remote] DEBUG org.asynchttpclient.netty.request.NettyRequestSender - Using pooled Channel '[id: 0x9cffe62d, L:/127.0.0.1:65199 - R:localhost/127.0.0.1:63420]' for 'GET' to 'http://localhost:63420/session/bd75d3fd2f723eba9c926694df81365b/element/aede23c2-8142-4b88-bd91-95337fcc0e36/enabled'
14:56:44.772 [Forwarding isElementEnabled on session bd75d3fd2f723eba9c926694df81365b to remote] DEBUG org.asynchttpclient.netty.request.NettyRequestSender - Using open Channel [id: 0x9cffe62d, L:/127.0.0.1:65199 - R:localhost/127.0.0.1:63420] for GET '/session/bd75d3fd2f723eba9c926694df81365b/element/aede23c2-8142-4b88-bd91-95337fcc0e36/enabled'
14:56:44.787 [AsyncHttpClient-1-5] DEBUG org.asynchttpclient.netty.handler.HttpHandler - 

Request DefaultFullHttpRequest(decodeResult: success, version: HTTP/1.1, content: EmptyByteBufBE)
GET /session/bd75d3fd2f723eba9c926694df81365b/element/aede23c2-8142-4b88-bd91-95337fcc0e36/enabled HTTP/1.1
User-Agent: selenium/4.1.2 (java windows)
Cache-Control: no-cache
Content-Type: application/json; charset=utf-8
host: localhost:63420
accept: */*

Response DefaultHttpResponse(decodeResult: success, version: HTTP/1.1)
HTTP/1.1 200 OK
Content-Type: application/json; charset=utf-8
cache-control: no-cache
content-length: 14

14:56:44.787 [AsyncHttpClient-1-5] DEBUG org.asynchttpclient.netty.channel.ChannelManager - Adding key: http://localhost:63420 for channel [id: 0x9cffe62d, L:/127.0.0.1:65199 - R:localhost/127.0.0.1:63420]
14:56:44.789 [Forwarding isElementEnabled on session bd75d3fd2f723eba9c926694df81365b to remote] DEBUG org.asynchttpclient.netty.request.NettyRequestSender - Using pooled Channel '[id: 0x9cffe62d, L:/127.0.0.1:65199 - R:localhost/127.0.0.1:63420]' for 'GET' to 'http://localhost:63420/session/bd75d3fd2f723eba9c926694df81365b/element/aede23c2-8142-4b88-bd91-95337fcc0e36/enabled'
14:56:44.789 [Forwarding isElementEnabled on session bd75d3fd2f723eba9c926694df81365b to remote] DEBUG org.asynchttpclient.netty.request.NettyRequestSender - Using open Channel [id: 0x9cffe62d, L:/127.0.0.1:65199 - R:localhost/127.0.0.1:63420] for GET '/session/bd75d3fd2f723eba9c926694df81365b/element/aede23c2-8142-4b88-bd91-95337fcc0e36/enabled'
14:56:44.796 [AsyncHttpClient-1-5] DEBUG org.asynchttpclient.netty.handler.HttpHandler - 

Request DefaultFullHttpRequest(decodeResult: success, version: HTTP/1.1, content: EmptyByteBufBE)
GET /session/bd75d3fd2f723eba9c926694df81365b/element/aede23c2-8142-4b88-bd91-95337fcc0e36/enabled HTTP/1.1
User-Agent: selenium/4.1.2 (java windows)
Cache-Control: no-cache
Content-Type: application/json; charset=utf-8
host: localhost:63420
accept: */*

Response DefaultHttpResponse(decodeResult: success, version: HTTP/1.1)
HTTP/1.1 200 OK
Content-Type: application/json; charset=utf-8
cache-control: no-cache
content-length: 14

14:56:44.797 [AsyncHttpClient-1-5] DEBUG org.asynchttpclient.netty.channel.ChannelManager - Adding key: http://localhost:63420 for channel [id: 0x9cffe62d, L:/127.0.0.1:65199 - R:localhost/127.0.0.1:63420]
14:56:44.804 [Forwarding findElement on session bd75d3fd2f723eba9c926694df81365b to remote] DEBUG org.asynchttpclient.netty.request.NettyRequestSender - Using pooled Channel '[id: 0x9cffe62d, L:/127.0.0.1:65199 - R:localhost/127.0.0.1:63420]' for 'POST' to 'http://localhost:63420/session/bd75d3fd2f723eba9c926694df81365b/element'
14:56:44.804 [Forwarding findElement on session bd75d3fd2f723eba9c926694df81365b to remote] DEBUG org.asynchttpclient.netty.request.NettyRequestSender - Using open Channel [id: 0x9cffe62d, L:/127.0.0.1:65199 - R:localhost/127.0.0.1:63420] for POST '/session/bd75d3fd2f723eba9c926694df81365b/element'
14:56:44.822 [AsyncHttpClient-1-5] DEBUG org.asynchttpclient.netty.handler.HttpHandler - 

Request DefaultHttpRequest(decodeResult: success, version: HTTP/1.1)
POST /session/bd75d3fd2f723eba9c926694df81365b/element HTTP/1.1
User-Agent: selenium/4.1.2 (java windows)
Content-Length: 136
Content-Type: application/json; charset=utf-8
host: localhost:63420
accept: */*

Response DefaultHttpResponse(decodeResult: success, version: HTTP/1.1)
HTTP/1.1 200 OK
Content-Type: application/json; charset=utf-8
cache-control: no-cache
content-length: 88

14:56:44.822 [AsyncHttpClient-1-5] DEBUG org.asynchttpclient.netty.channel.ChannelManager - Adding key: http://localhost:63420 for channel [id: 0x9cffe62d, L:/127.0.0.1:65199 - R:localhost/127.0.0.1:63420]
14:56:44.824 [Forwarding clickElement on session bd75d3fd2f723eba9c926694df81365b to remote] DEBUG org.asynchttpclient.netty.request.NettyRequestSender - Using pooled Channel '[id: 0x9cffe62d, L:/127.0.0.1:65199 - R:localhost/127.0.0.1:63420]' for 'POST' to 'http://localhost:63420/session/bd75d3fd2f723eba9c926694df81365b/element/aede23c2-8142-4b88-bd91-95337fcc0e36/click'
14:56:44.824 [Forwarding clickElement on session bd75d3fd2f723eba9c926694df81365b to remote] DEBUG org.asynchttpclient.netty.request.NettyRequestSender - Using open Channel [id: 0x9cffe62d, L:/127.0.0.1:65199 - R:localhost/127.0.0.1:63420] for POST '/session/bd75d3fd2f723eba9c926694df81365b/element/aede23c2-8142-4b88-bd91-95337fcc0e36/click'
14:56:44.921 [AsyncHttpClient-1-5] DEBUG org.asynchttpclient.netty.handler.HttpHandler - 

Request DefaultHttpRequest(decodeResult: success, version: HTTP/1.1)
POST /session/bd75d3fd2f723eba9c926694df81365b/element/aede23c2-8142-4b88-bd91-95337fcc0e36/click HTTP/1.1
User-Agent: selenium/4.1.2 (java windows)
Content-Length: 50
Content-Type: application/json; charset=utf-8
host: localhost:63420
accept: */*

Response DefaultHttpResponse(decodeResult: success, version: HTTP/1.1)
HTTP/1.1 200 OK
Content-Type: application/json; charset=utf-8
cache-control: no-cache
content-length: 14

14:56:44.921 [AsyncHttpClient-1-5] DEBUG org.asynchttpclient.netty.channel.ChannelManager - Adding key: http://localhost:63420 for channel [id: 0x9cffe62d, L:/127.0.0.1:65199 - R:localhost/127.0.0.1:63420]
14:56:44.929 [Forwarding screenshot on session bd75d3fd2f723eba9c926694df81365b to remote] DEBUG org.asynchttpclient.netty.request.NettyRequestSender - Using pooled Channel '[id: 0x9cffe62d, L:/127.0.0.1:65199 - R:localhost/127.0.0.1:63420]' for 'GET' to 'http://localhost:63420/session/bd75d3fd2f723eba9c926694df81365b/screenshot'
14:56:44.929 [Forwarding screenshot on session bd75d3fd2f723eba9c926694df81365b to remote] DEBUG org.asynchttpclient.netty.request.NettyRequestSender - Using open Channel [id: 0x9cffe62d, L:/127.0.0.1:65199 - R:localhost/127.0.0.1:63420] for GET '/session/bd75d3fd2f723eba9c926694df81365b/screenshot'
14:56:45.077 [AsyncHttpClient-1-5] DEBUG org.asynchttpclient.netty.handler.HttpHandler - 

Request DefaultFullHttpRequest(decodeResult: success, version: HTTP/1.1, content: EmptyByteBufBE)
GET /session/bd75d3fd2f723eba9c926694df81365b/screenshot HTTP/1.1
User-Agent: selenium/4.1.2 (java windows)
Cache-Control: no-cache
Content-Type: application/json; charset=utf-8
host: localhost:63420
accept: */*

Response DefaultHttpResponse(decodeResult: success, version: HTTP/1.1)
HTTP/1.1 200 OK
Content-Type: application/json; charset=utf-8
cache-control: no-cache
content-length: 26932

14:56:45.077 [AsyncHttpClient-1-5] DEBUG org.asynchttpclient.netty.channel.ChannelManager - Adding key: http://localhost:63420 for channel [id: 0x9cffe62d, L:/127.0.0.1:65199 - R:localhost/127.0.0.1:63420]
14:56:45.079 [main] DEBUG net.serenitybdd.core.photography.Darkroom - Send negative for processing for target\site\serenity\9079ced8152b21add6c3ca9be264207b6fae7403363986b7a6936fc128284c6a.png
14:56:45.079 [main] DEBUG net.thucydides.core.steps.StepInterceptor - STEP DONE: clickLoginButton
14:56:45.079 [Darkroom Processing Line] DEBUG net.serenitybdd.core.photography.DarkroomProcessingLine - Processing screenshot image in /var/screenshots/screenshot-3317889959461828757
14:56:45.079 [Darkroom Processing Line] DEBUG net.serenitybdd.core.photography.DarkroomProcessingLine - Saving screenshot to target\site\serenity\9079ced8152b21add6c3ca9be264207b6fae7403363986b7a6936fc128284c6a.png
  &amp#27;[32mAnd &amp#27;[0m&amp#27;[32mclick login button&amp#27;[0m          &amp#27;[90m# Starter.StepDefinitions.LoginStep.clickLoginButton()&amp#27;[0m
14:56:45.101 [main] DEBUG net.thucydides.core.steps.StepInterceptor - STARTING STEP: LoginStep.iGetThe - errorMessageAppears
14:56:45.105 [Forwarding findElement on session bd75d3fd2f723eba9c926694df81365b to remote] DEBUG org.asynchttpclient.netty.request.NettyRequestSender - Using pooled Channel '[id: 0x9cffe62d, L:/127.0.0.1:65199 - R:localhost/127.0.0.1:63420]' for 'POST' to 'http://localhost:63420/session/bd75d3fd2f723eba9c926694df81365b/element'
14:56:45.105 [Forwarding findElement on session bd75d3fd2f723eba9c926694df81365b to remote] DEBUG org.asynchttpclient.netty.request.NettyRequestSender - Using open Channel [id: 0x9cffe62d, L:/127.0.0.1:65199 - R:localhost/127.0.0.1:63420] for POST '/session/bd75d3fd2f723eba9c926694df81365b/element'
14:56:45.111 [AsyncHttpClient-1-5] DEBUG org.asynchttpclient.netty.handler.HttpHandler - 

Request DefaultHttpRequest(decodeResult: success, version: HTTP/1.1)
POST /session/bd75d3fd2f723eba9c926694df81365b/element HTTP/1.1
User-Agent: selenium/4.1.2 (java windows)
Content-Length: 53
Content-Type: application/json; charset=utf-8
host: localhost:63420
accept: */*

Response DefaultHttpResponse(decodeResult: success, version: HTTP/1.1)
HTTP/1.1 400 Bad Request
Content-Type: application/json; charset=utf-8
cache-control: no-cache
content-length: 957

14:56:45.111 [AsyncHttpClient-1-5] DEBUG org.asynchttpclient.netty.channel.ChannelManager - Adding key: http://localhost:63420 for channel [id: 0x9cffe62d, L:/127.0.0.1:65199 - R:localhost/127.0.0.1:63420]
14:56:45.130 [Forwarding findElement on session bd75d3fd2f723eba9c926694df81365b to remote] DEBUG org.asynchttpclient.netty.request.NettyRequestSender - Using pooled Channel '[id: 0x9cffe62d, L:/127.0.0.1:65199 - R:localhost/127.0.0.1:63420]' for 'POST' to 'http://localhost:63420/session/bd75d3fd2f723eba9c926694df81365b/element'
14:56:45.130 [Forwarding findElement on session bd75d3fd2f723eba9c926694df81365b to remote] DEBUG org.asynchttpclient.netty.request.NettyRequestSender - Using open Channel [id: 0x9cffe62d, L:/127.0.0.1:65199 - R:localhost/127.0.0.1:63420] for POST '/session/bd75d3fd2f723eba9c926694df81365b/element'
14:56:45.148 [AsyncHttpClient-1-5] DEBUG org.asynchttpclient.netty.handler.HttpHandler - 

Request DefaultHttpRequest(decodeResult: success, version: HTTP/1.1)
POST /session/bd75d3fd2f723eba9c926694df81365b/element HTTP/1.1
User-Agent: selenium/4.1.2 (java windows)
Content-Length: 63
Content-Type: application/json; charset=utf-8
host: localhost:63420
accept: */*

Response DefaultHttpResponse(decodeResult: success, version: HTTP/1.1)
HTTP/1.1 200 OK
Content-Type: application/json; charset=utf-8
cache-control: no-cache
content-length: 88

14:56:45.149 [AsyncHttpClient-1-5] DEBUG org.asynchttpclient.netty.channel.ChannelManager - Adding key: http://localhost:63420 for channel [id: 0x9cffe62d, L:/127.0.0.1:65199 - R:localhost/127.0.0.1:63420]
14:56:45.154 [Forwarding isElementDisplayed on session bd75d3fd2f723eba9c926694df81365b to remote] DEBUG org.asynchttpclient.netty.request.NettyRequestSender - Using pooled Channel '[id: 0x9cffe62d, L:/127.0.0.1:65199 - R:localhost/127.0.0.1:63420]' for 'POST' to 'http://localhost:63420/session/bd75d3fd2f723eba9c926694df81365b/execute/sync'
14:56:45.154 [Forwarding isElementDisplayed on session bd75d3fd2f723eba9c926694df81365b to remote] DEBUG org.asynchttpclient.netty.request.NettyRequestSender - Using open Channel [id: 0x9cffe62d, L:/127.0.0.1:65199 - R:localhost/127.0.0.1:63420] for POST '/session/bd75d3fd2f723eba9c926694df81365b/execute/sync'
14:56:45.171 [AsyncHttpClient-1-5] DEBUG org.asynchttpclient.netty.handler.HttpHandler - 

Request DefaultHttpRequest(decodeResult: success, version: HTTP/1.1)
POST /session/bd75d3fd2f723eba9c926694df81365b/execute/sync HTTP/1.1
User-Agent: selenium/4.1.2 (java windows)
Content-Length: 48780
Content-Type: application/json; charset=utf-8
host: localhost:63420
accept: */*

Response DefaultHttpResponse(decodeResult: success, version: HTTP/1.1)
HTTP/1.1 200 OK
Content-Type: application/json; charset=utf-8
cache-control: no-cache
content-length: 14

14:56:45.171 [AsyncHttpClient-1-5] DEBUG org.asynchttpclient.netty.channel.ChannelManager - Adding key: http://localhost:63420 for channel [id: 0x9cffe62d, L:/127.0.0.1:65199 - R:localhost/127.0.0.1:63420]
14:56:45.177 [Forwarding screenshot on session bd75d3fd2f723eba9c926694df81365b to remote] DEBUG org.asynchttpclient.netty.request.NettyRequestSender - Using pooled Channel '[id: 0x9cffe62d, L:/127.0.0.1:65199 - R:localhost/127.0.0.1:63420]' for 'GET' to 'http://localhost:63420/session/bd75d3fd2f723eba9c926694df81365b/screenshot'
14:56:45.177 [Forwarding screenshot on session bd75d3fd2f723eba9c926694df81365b to remote] DEBUG org.asynchttpclient.netty.request.NettyRequestSender - Using open Channel [id: 0x9cffe62d, L:/127.0.0.1:65199 - R:localhost/127.0.0.1:63420] for GET '/session/bd75d3fd2f723eba9c926694df81365b/screenshot'
14:56:45.401 [AsyncHttpClient-1-5] DEBUG org.asynchttpclient.netty.handler.HttpHandler - 

Request DefaultFullHttpRequest(decodeResult: success, version: HTTP/1.1, content: EmptyByteBufBE)
GET /session/bd75d3fd2f723eba9c926694df81365b/screenshot HTTP/1.1
User-Agent: selenium/4.1.2 (java windows)
Cache-Control: no-cache
Content-Type: application/json; charset=utf-8
host: localhost:63420
accept: */*

Response DefaultHttpResponse(decodeResult: success, version: HTTP/1.1)
HTTP/1.1 200 OK
Content-Type: application/json; charset=utf-8
cache-control: no-cache
content-length: 30852

14:56:45.402 [AsyncHttpClient-1-5] DEBUG org.asynchttpclient.netty.channel.ChannelManager - Adding key: http://localhost:63420 for channel [id: 0x9cffe62d, L:/127.0.0.1:65199 - R:localhost/127.0.0.1:63420]
14:56:45.404 [main] DEBUG net.serenitybdd.core.photography.Darkroom - Send negative for processing for target\site\serenity\9a98bff1fb1070e4c2d1567a0afb8be14de5e46be56523454cd1e77907b1c534.png
14:56:45.404 [main] DEBUG net.thucydides.core.steps.StepInterceptor - STEP DONE: errorMessageAppears
14:56:45.404 [Darkroom Processing Line] DEBUG net.serenitybdd.core.photography.DarkroomProcessingLine - Processing screenshot image in /var/screenshots/screenshot-12238671756631662370
14:56:45.404 [Darkroom Processing Line] DEBUG net.serenitybdd.core.photography.DarkroomProcessingLine - Saving screenshot to target\site\serenity\9a98bff1fb1070e4c2d1567a0afb8be14de5e46be56523454cd1e77907b1c534.png
14:56:45.409 [main] DEBUG net.thucydides.core.steps.StepInterceptor - STARTING STEP: LoginStep.iGetThe - errorMessageEquals
14:56:45.412 [Forwarding findElement on session bd75d3fd2f723eba9c926694df81365b to remote] DEBUG org.asynchttpclient.netty.request.NettyRequestSender - Using pooled Channel '[id: 0x9cffe62d, L:/127.0.0.1:65199 - R:localhost/127.0.0.1:63420]' for 'POST' to 'http://localhost:63420/session/bd75d3fd2f723eba9c926694df81365b/element'
14:56:45.412 [Forwarding findElement on session bd75d3fd2f723eba9c926694df81365b to remote] DEBUG org.asynchttpclient.netty.request.NettyRequestSender - Using open Channel [id: 0x9cffe62d, L:/127.0.0.1:65199 - R:localhost/127.0.0.1:63420] for POST '/session/bd75d3fd2f723eba9c926694df81365b/element'
14:56:45.420 [AsyncHttpClient-1-5] DEBUG org.asynchttpclient.netty.handler.HttpHandler - 

Request DefaultHttpRequest(decodeResult: success, version: HTTP/1.1)
POST /session/bd75d3fd2f723eba9c926694df81365b/element HTTP/1.1
User-Agent: selenium/4.1.2 (java windows)
Content-Length: 63
Content-Type: application/json; charset=utf-8
host: localhost:63420
accept: */*

Response DefaultHttpResponse(decodeResult: success, version: HTTP/1.1)
HTTP/1.1 200 OK
Content-Type: application/json; charset=utf-8
cache-control: no-cache
content-length: 88

14:56:45.420 [AsyncHttpClient-1-5] DEBUG org.asynchttpclient.netty.channel.ChannelManager - Adding key: http://localhost:63420 for channel [id: 0x9cffe62d, L:/127.0.0.1:65199 - R:localhost/127.0.0.1:63420]
14:56:45.421 [Forwarding getElementText on session bd75d3fd2f723eba9c926694df81365b to remote] DEBUG org.asynchttpclient.netty.request.NettyRequestSender - Using pooled Channel '[id: 0x9cffe62d, L:/127.0.0.1:65199 - R:localhost/127.0.0.1:63420]' for 'GET' to 'http://localhost:63420/session/bd75d3fd2f723eba9c926694df81365b/element/7709fca2-f665-4d81-b606-13706dca911d/text'
14:56:45.421 [Forwarding getElementText on session bd75d3fd2f723eba9c926694df81365b to remote] DEBUG org.asynchttpclient.netty.request.NettyRequestSender - Using open Channel [id: 0x9cffe62d, L:/127.0.0.1:65199 - R:localhost/127.0.0.1:63420] for GET '/session/bd75d3fd2f723eba9c926694df81365b/element/7709fca2-f665-4d81-b606-13706dca911d/text'
14:56:45.435 [AsyncHttpClient-1-5] DEBUG org.asynchttpclient.netty.handler.HttpHandler - 

Request DefaultFullHttpRequest(decodeResult: success, version: HTTP/1.1, content: EmptyByteBufBE)
GET /session/bd75d3fd2f723eba9c926694df81365b/element/7709fca2-f665-4d81-b606-13706dca911d/text HTTP/1.1
User-Agent: selenium/4.1.2 (java windows)
Cache-Control: no-cache
Content-Type: application/json; charset=utf-8
host: localhost:63420
accept: */*

Response DefaultHttpResponse(decodeResult: success, version: HTTP/1.1)
HTTP/1.1 200 OK
Content-Type: application/json; charset=utf-8
cache-control: no-cache
content-length: 29

14:56:45.435 [AsyncHttpClient-1-5] DEBUG org.asynchttpclient.netty.channel.ChannelManager - Adding key: http://localhost:63420 for channel [id: 0x9cffe62d, L:/127.0.0.1:65199 - R:localhost/127.0.0.1:63420]
14:56:45.439 [main] DEBUG net.thucydides.core.steps.StepInterceptor - STEP DONE: errorMessageEquals
  &amp#27;[32mThen &amp#27;[0m&amp#27;[32mI get the &amp#27;[0m&amp#27;[32m&amp#27;[1m"login page"&amp#27;[0m     &amp#27;[90m# Starter.StepDefinitions.LoginStep.iGetThe(java.lang.String)&amp#27;[0m
14:56:45.447 [AsyncHttpClient-1-7] DEBUG org.asynchttpclient.netty.handler.WebSocketHandler - Channel Closed: [id: 0xca423bc2, L:/127.0.0.1:65207 ! R:localhost/127.0.0.1:65200] with attribute NettyResponseFuture{currentRetry=5,
	isDone=1,
	isCancelled=0,
	asyncHandler=org.asynchttpclient.ws.WebSocketUpgradeHandler@4e529e85,
	nettyRequest=org.asynchttpclient.netty.request.NettyRequest@1c2dd9eb,
	future=java.util.concurrent.CompletableFuture@36dfc8a5[Completed normally],
	uri=ws://localhost:65200/devtools/browser/8eb4b21a-3e4b-45fe-8cf0-3c3b50f4c5e2,
	keepAlive=true,
	redirectCount=0,
	timeoutsHolder=null,
	inAuth=0,
	touch=1652687802961}
14:56:45.447 [AsyncHttpClient-1-7] DEBUG org.asynchttpclient.netty.channel.ChannelManager - Closing Channel [id: 0xca423bc2, L:/127.0.0.1:65207 ! R:localhost/127.0.0.1:65200] 
14:56:45.447 [Driver Command Executor] DEBUG org.asynchttpclient.netty.request.NettyRequestSender - Using pooled Channel '[id: 0x9cffe62d, L:/127.0.0.1:65199 - R:localhost/127.0.0.1:63420]' for 'DELETE' to 'http://localhost:63420/session/bd75d3fd2f723eba9c926694df81365b'
14:56:45.447 [Driver Command Executor] DEBUG org.asynchttpclient.netty.request.NettyRequestSender - Using open Channel [id: 0x9cffe62d, L:/127.0.0.1:65199 - R:localhost/127.0.0.1:63420] for DELETE '/session/bd75d3fd2f723eba9c926694df81365b'
14:56:45.484 [AsyncHttpClient-1-6] DEBUG org.asynchttpclient.netty.handler.HttpHandler - Unexpected I/O exception on channel [id: 0x49d315b5, L:/127.0.0.1:65206 - R:localhost/127.0.0.1:65200]
java.net.SocketException: Connection reset
	at java.base/sun.nio.ch.SocketChannelImpl.throwConnectionReset(SocketChannelImpl.java:367)
	at java.base/sun.nio.ch.SocketChannelImpl.read(SocketChannelImpl.java:398)
	at io.netty.buffer.PooledByteBuf.setBytes(PooledByteBuf.java:258)
	at io.netty.buffer.AbstractByteBuf.writeBytes(AbstractByteBuf.java:1132)
	at io.netty.channel.socket.nio.NioSocketChannel.doReadBytes(NioSocketChannel.java:350)
	at io.netty.channel.nio.AbstractNioByteChannel$NioByteUnsafe.read(AbstractNioByteChannel.java:151)
	at io.netty.channel.nio.NioEventLoop.processSelectedKey(NioEventLoop.java:722)
	at io.netty.channel.nio.NioEventLoop.processSelectedKeysOptimized(NioEventLoop.java:658)
	at io.netty.channel.nio.NioEventLoop.processSelectedKeys(NioEventLoop.java:584)
	at io.netty.channel.nio.NioEventLoop.run(NioEventLoop.java:496)
	at io.netty.util.concurrent.SingleThreadEventExecutor$4.run(SingleThreadEventExecutor.java:986)
	at io.netty.util.internal.ThreadExecutorMap$2.run(ThreadExecutorMap.java:74)
	at io.netty.util.concurrent.FastThreadLocalRunnable.run(FastThreadLocalRunnable.java:30)
	at java.base/java.lang.Thread.run(Thread.java:832)
14:56:45.484 [AsyncHttpClient-1-6] DEBUG org.asynchttpclient.netty.channel.ChannelManager - Closing Channel [id: 0x49d315b5, L:/127.0.0.1:65206 - R:localhost/127.0.0.1:65200] 
14:56:45.484 [AsyncHttpClient-1-6] DEBUG org.asynchttpclient.netty.handler.HttpHandler - Channel Closed: [id: 0x49d315b5, L:/127.0.0.1:65206 ! R:localhost/127.0.0.1:65200] with attribute DISCARD
14:56:45.574 [AsyncHttpClient-1-5] DEBUG org.asynchttpclient.netty.handler.HttpHandler - 

Request DefaultFullHttpRequest(decodeResult: success, version: HTTP/1.1, content: EmptyByteBufBE)
DELETE /session/bd75d3fd2f723eba9c926694df81365b HTTP/1.1
User-Agent: selenium/4.1.2 (java windows)
Content-Type: application/json; charset=utf-8
host: localhost:63420
accept: */*

Response DefaultHttpResponse(decodeResult: success, version: HTTP/1.1)
HTTP/1.1 200 OK
Content-Type: application/json; charset=utf-8
cache-control: no-cache
content-length: 14

14:56:45.574 [AsyncHttpClient-1-5] DEBUG org.asynchttpclient.netty.channel.ChannelManager - Adding key: http://localhost:63420 for channel [id: 0x9cffe62d, L:/127.0.0.1:65199 - R:localhost/127.0.0.1:63420]
14:56:45.611 [AsyncHttpClient-1-1] DEBUG org.asynchttpclient.netty.channel.DefaultChannelPool - Entry count for : http://localhost:63420 : 1
14:56:45.611 [AsyncHttpClient-1-1] DEBUG org.asynchttpclient.netty.channel.DefaultChannelPool - Entry count for : http://localhost:65200 : 1
14:56:45.611 [AsyncHttpClient-1-1] DEBUG org.asynchttpclient.netty.channel.DefaultChannelPool - Adding Candidate expired Channel [id: 0x49d315b5, L:/127.0.0.1:65206 ! R:localhost/127.0.0.1:65200] isIdleTimeoutExpired=false isRemotelyClosed=true isTtlExpired=false
14:56:45.611 [AsyncHttpClient-1-1] DEBUG org.asynchttpclient.netty.channel.DefaultChannelPool - Closing Idle Channel [id: 0x49d315b5, L:/127.0.0.1:65206 ! R:localhost/127.0.0.1:65200]
14:56:45.611 [AsyncHttpClient-1-1] DEBUG org.asynchttpclient.netty.channel.DefaultChannelPool - Closed 1 connections out of 2 in 0 ms
14:56:45.646 [AsyncHttpClient-1-5] DEBUG org.asynchttpclient.netty.handler.HttpHandler - Channel Closed: [id: 0x9cffe62d, L:/127.0.0.1:65199 ! R:localhost/127.0.0.1:63420] with attribute DISCARD
14:56:46.188 [main] INFO  - 
  _____   ___   ___   _____     ___     _     ___   ___   ___   ___  
 |_   _| | __| / __| |_   _|   | _ \   /_\   / __| / __| | __| |   \ 
   | |   | _|  \__ \   | |     |  _/  / _ \  \__ \ \__ \ | _|  | |) |
   |_|   |___| |___/   |_|     |_|   /_/ \_\ |___/ |___/ |___| |___/ 

Login scenario
----------------------------------------------------------------------
]]></system-out>
    <system-err><![CDATA[Starting ChromeDriver 101.0.4951.41 (93c720db8323b3ec10d056025ab95c23a31997c9-refs/branch-heads/4951@{#904}) on port 63420
Only local connections are allowed.
Please see https://chromedriver.chromium.org/security-considerations for suggestions on keeping ChromeDriver safe.
ChromeDriver was started successfully.
May 16, 2022 2:56:42 PM org.openqa.selenium.remote.ProtocolHandshake createSession
INFO: Detected dialect: W3C
May 16, 2022 2:56:42 PM org.openqa.selenium.devtools.CdpVersionFinder findNearestMatch
WARNING: Unable to find an exact match for CDP version 101, so returning the closest version found: 97
May 16, 2022 2:56:42 PM org.openqa.selenium.devtools.CdpVersionFinder findNearestMatch
INFO: Found CDP implementation for version 101 of 97
]]></system-err>
  </testcase>
  <testcase name="Login scenario #3" classname="Login" time="5.023">
    <system-out><![CDATA[
@Login
Scenario Outline: Login scenario          &amp#27;[90m# src/test/resources/features/Login.feature:18&amp#27;[0m
14:56:46.204 [main] INFO io.cucumber.core.plugin.SerenityReporter - Running feature from file:///D:/data%20hakim/Mini%20Project%20Alterra/WebAlta/src/test/resources/features/Login.feature
14:56:46.225 [main] INFO net.serenitybdd.core.webdriver.driverproviders.ChromeDriverProvider - Using automatically driver download
14:56:46.341 [main] DEBUG io.github.bonigarcia.wdm.cache.ResolutionCache - Resolution chrome=101 in cache (valid until 15:32:06 16/05/2022 WIB)
14:56:46.348 [main] DEBUG io.github.bonigarcia.wdm.cache.ResolutionCache - Resolution chrome101=101.0.4951.41 in cache (valid until 14:32:06 17/05/2022 WIB)
14:56:46.351 [main] INFO io.github.bonigarcia.wdm.WebDriverManager - Using chromedriver 101.0.4951.41 (resolved driver for Chrome 101)
14:56:46.372 [main] DEBUG io.github.bonigarcia.wdm.WebDriverManager - Driver chromedriver 101.0.4951.41 found in cache
14:56:46.373 [main] INFO io.github.bonigarcia.wdm.WebDriverManager - Exporting webdriver.chrome.driver as C:\Users\hp pc\.cache\selenium\chromedriver\win32\101.0.4951.41\chromedriver.exe
14:56:46.464 [main] DEBUG net.serenitybdd.core.webdriver.driverproviders.ProvideNewDriver - Instantiating driver
14:56:46.464 [main] DEBUG net.serenitybdd.core.webdriver.driverproviders.ProvideNewDriver - Driver capabilities: Capabilities {acceptInsecureCerts: false, base.url: https://qa.alta.id/, browserName: chrome, chrome.driver: src/test/resources/webdrive..., driver: chrome, goog:chromeOptions: {args: [], extensions: []}}
14:56:46.703 [AsyncHttpClient-1-1] DEBUG org.asynchttpclient.netty.channel.DefaultChannelPool - Entry count for : http://localhost:63420 : 1
14:56:46.703 [AsyncHttpClient-1-1] DEBUG org.asynchttpclient.netty.channel.DefaultChannelPool - Adding Candidate expired Channel [id: 0x9cffe62d, L:/127.0.0.1:65199 ! R:localhost/127.0.0.1:63420] isIdleTimeoutExpired=false isRemotelyClosed=true isTtlExpired=false
14:56:46.703 [AsyncHttpClient-1-1] DEBUG org.asynchttpclient.netty.channel.DefaultChannelPool - Closing Idle Channel [id: 0x9cffe62d, L:/127.0.0.1:65199 ! R:localhost/127.0.0.1:63420]
14:56:46.703 [AsyncHttpClient-1-1] DEBUG org.asynchttpclient.netty.channel.DefaultChannelPool - Closed 1 connections out of 1 in 0 ms
14:56:46.991 [AsyncHttpClient-1-8] DEBUG org.asynchttpclient.netty.channel.NettyConnectListener - Using new Channel '[id: 0x8de459b3, L:/127.0.0.1:65224 - R:localhost/127.0.0.1:53640]' for 'POST' to '/session'
14:56:47.759 [AsyncHttpClient-1-8] DEBUG org.asynchttpclient.netty.handler.HttpHandler - 

Request DefaultHttpRequest(decodeResult: success, version: HTTP/1.1)
POST /session HTTP/1.1
User-Agent: selenium/4.1.2 (java windows)
Content-Length: 605
Content-Type: application/json; charset=utf-8
host: localhost:53640
accept: */*

Response DefaultHttpResponse(decodeResult: success, version: HTTP/1.1)
HTTP/1.1 200 OK
Content-Type: application/json; charset=utf-8
cache-control: no-cache
content-length: 790

14:56:47.759 [AsyncHttpClient-1-8] DEBUG org.asynchttpclient.netty.channel.ChannelManager - Adding key: http://localhost:53640 for channel [id: 0x8de459b3, L:/127.0.0.1:65224 - R:localhost/127.0.0.1:53640]
14:56:47.769 [AsyncHttpClient-1-9] DEBUG org.asynchttpclient.netty.channel.NettyConnectListener - Using new Channel '[id: 0xeaf5448b, L:/127.0.0.1:65231 - R:localhost/127.0.0.1:65225]' for 'GET' to '/json/version'
14:56:47.773 [AsyncHttpClient-1-9] DEBUG org.asynchttpclient.netty.handler.HttpHandler - 

Request DefaultFullHttpRequest(decodeResult: success, version: HTTP/1.1, content: EmptyByteBufBE)
GET /json/version HTTP/1.1
User-Agent: selenium/4.1.2 (java windows)
host: localhost:65225
accept: */*

Response DefaultHttpResponse(decodeResult: success, version: HTTP/1.1)
HTTP/1.1 200 OK
Content-Type: application/json; charset=UTF-8
content-length: 427

14:56:47.773 [AsyncHttpClient-1-9] DEBUG org.asynchttpclient.netty.channel.ChannelManager - Adding key: http://localhost:65225 for channel [id: 0xeaf5448b, L:/127.0.0.1:65231 - R:localhost/127.0.0.1:65225]
14:56:47.776 [AsyncHttpClient-1-2] DEBUG org.asynchttpclient.netty.channel.NettyConnectListener - Using new Channel '[id: 0x162150b9, L:/127.0.0.1:65232 - R:localhost/127.0.0.1:65225]' for 'GET' to '/devtools/browser/4ec03f5d-6046-4051-88b1-2b529f5aad15'
14:56:47.777 [AsyncHttpClient-1-2] DEBUG org.asynchttpclient.netty.handler.WebSocketHandler - 

Request DefaultFullHttpRequest(decodeResult: success, version: HTTP/1.1, content: EmptyByteBufBE)
GET /devtools/browser/4ec03f5d-6046-4051-88b1-2b529f5aad15 HTTP/1.1
upgrade: websocket
connection: upgrade
sec-websocket-key: eHkEiKorVXgTfYUi93CJHQ==
sec-websocket-version: 13
origin: http://localhost:65225
host: localhost:65225
accept: */*
user-agent: AHC/2.1

Response DefaultHttpResponse(decodeResult: success, version: HTTP/1.1)
HTTP/1.1 101 WebSocket Protocol Handshake
Upgrade: WebSocket
Connection: Upgrade
Sec-WebSocket-Accept: gAxkg5scMi/MHq2xM6sd1uud8+s=

14:56:47.781 [Forwarding maximizeCurrentWindow on session 8b22cb454bda5afec1e8e473cb3c16b7 to remote] DEBUG org.asynchttpclient.netty.request.NettyRequestSender - Using pooled Channel '[id: 0x8de459b3, L:/127.0.0.1:65224 - R:localhost/127.0.0.1:53640]' for 'POST' to 'http://localhost:53640/session/8b22cb454bda5afec1e8e473cb3c16b7/window/maximize'
14:56:47.781 [Forwarding maximizeCurrentWindow on session 8b22cb454bda5afec1e8e473cb3c16b7 to remote] DEBUG org.asynchttpclient.netty.request.NettyRequestSender - Using open Channel [id: 0x8de459b3, L:/127.0.0.1:65224 - R:localhost/127.0.0.1:53640] for POST '/session/8b22cb454bda5afec1e8e473cb3c16b7/window/maximize'
14:56:47.828 [AsyncHttpClient-1-1] DEBUG org.asynchttpclient.netty.channel.DefaultChannelPool - Entry count for : http://localhost:65225 : 1
14:56:47.928 [AsyncHttpClient-1-8] DEBUG org.asynchttpclient.netty.handler.HttpHandler - 

Request DefaultHttpRequest(decodeResult: success, version: HTTP/1.1)
POST /session/8b22cb454bda5afec1e8e473cb3c16b7/window/maximize HTTP/1.1
User-Agent: selenium/4.1.2 (java windows)
Content-Length: 3
Content-Type: application/json; charset=utf-8
host: localhost:53640
accept: */*

Response DefaultHttpResponse(decodeResult: success, version: HTTP/1.1)
HTTP/1.1 200 OK
Content-Type: application/json; charset=utf-8
cache-control: no-cache
content-length: 51

14:56:47.930 [AsyncHttpClient-1-8] DEBUG org.asynchttpclient.netty.channel.ChannelManager - Adding key: http://localhost:53640 for channel [id: 0x8de459b3, L:/127.0.0.1:65224 - R:localhost/127.0.0.1:53640]
14:56:47.934 [Forwarding get on session 8b22cb454bda5afec1e8e473cb3c16b7 to remote] DEBUG org.asynchttpclient.netty.request.NettyRequestSender - Using pooled Channel '[id: 0x8de459b3, L:/127.0.0.1:65224 - R:localhost/127.0.0.1:53640]' for 'POST' to 'http://localhost:53640/session/8b22cb454bda5afec1e8e473cb3c16b7/url'
14:56:47.934 [Forwarding get on session 8b22cb454bda5afec1e8e473cb3c16b7 to remote] DEBUG org.asynchttpclient.netty.request.NettyRequestSender - Using open Channel [id: 0x8de459b3, L:/127.0.0.1:65224 - R:localhost/127.0.0.1:53640] for POST '/session/8b22cb454bda5afec1e8e473cb3c16b7/url'
14:56:48.901 [AsyncHttpClient-1-1] DEBUG org.asynchttpclient.netty.channel.DefaultChannelPool - Entry count for : http://localhost:65225 : 1
14:56:49.176 [AsyncHttpClient-1-8] DEBUG org.asynchttpclient.netty.handler.HttpHandler - 

Request DefaultHttpRequest(decodeResult: success, version: HTTP/1.1)
POST /session/8b22cb454bda5afec1e8e473cb3c16b7/url HTTP/1.1
User-Agent: selenium/4.1.2 (java windows)
Content-Length: 64
Content-Type: application/json; charset=utf-8
host: localhost:53640
accept: */*

Response DefaultHttpResponse(decodeResult: success, version: HTTP/1.1)
HTTP/1.1 200 OK
Content-Type: application/json; charset=utf-8
cache-control: no-cache
content-length: 14

14:56:49.176 [AsyncHttpClient-1-8] DEBUG org.asynchttpclient.netty.channel.ChannelManager - Adding key: http://localhost:53640 for channel [id: 0x8de459b3, L:/127.0.0.1:65224 - R:localhost/127.0.0.1:53640]
14:56:49.178 [Forwarding setTimeout on session 8b22cb454bda5afec1e8e473cb3c16b7 to remote] DEBUG org.asynchttpclient.netty.request.NettyRequestSender - Using pooled Channel '[id: 0x8de459b3, L:/127.0.0.1:65224 - R:localhost/127.0.0.1:53640]' for 'POST' to 'http://localhost:53640/session/8b22cb454bda5afec1e8e473cb3c16b7/timeouts'
14:56:49.178 [Forwarding setTimeout on session 8b22cb454bda5afec1e8e473cb3c16b7 to remote] DEBUG org.asynchttpclient.netty.request.NettyRequestSender - Using open Channel [id: 0x8de459b3, L:/127.0.0.1:65224 - R:localhost/127.0.0.1:53640] for POST '/session/8b22cb454bda5afec1e8e473cb3c16b7/timeouts'
14:56:49.179 [AsyncHttpClient-1-8] DEBUG org.asynchttpclient.netty.handler.HttpHandler - 

Request DefaultHttpRequest(decodeResult: success, version: HTTP/1.1)
POST /session/8b22cb454bda5afec1e8e473cb3c16b7/timeouts HTTP/1.1
User-Agent: selenium/4.1.2 (java windows)
Content-Length: 22
Content-Type: application/json; charset=utf-8
host: localhost:53640
accept: */*

Response DefaultHttpResponse(decodeResult: success, version: HTTP/1.1)
HTTP/1.1 200 OK
Content-Type: application/json; charset=utf-8
cache-control: no-cache
content-length: 14

14:56:49.180 [AsyncHttpClient-1-8] DEBUG org.asynchttpclient.netty.channel.ChannelManager - Adding key: http://localhost:53640 for channel [id: 0x8de459b3, L:/127.0.0.1:65224 - R:localhost/127.0.0.1:53640]
14:56:49.183 [Forwarding getCurrentUrl on session 8b22cb454bda5afec1e8e473cb3c16b7 to remote] DEBUG org.asynchttpclient.netty.request.NettyRequestSender - Using pooled Channel '[id: 0x8de459b3, L:/127.0.0.1:65224 - R:localhost/127.0.0.1:53640]' for 'GET' to 'http://localhost:53640/session/8b22cb454bda5afec1e8e473cb3c16b7/url'
14:56:49.183 [Forwarding getCurrentUrl on session 8b22cb454bda5afec1e8e473cb3c16b7 to remote] DEBUG org.asynchttpclient.netty.request.NettyRequestSender - Using open Channel [id: 0x8de459b3, L:/127.0.0.1:65224 - R:localhost/127.0.0.1:53640] for GET '/session/8b22cb454bda5afec1e8e473cb3c16b7/url'
14:56:49.188 [AsyncHttpClient-1-8] DEBUG org.asynchttpclient.netty.handler.HttpHandler - 

Request DefaultFullHttpRequest(decodeResult: success, version: HTTP/1.1, content: EmptyByteBufBE)
GET /session/8b22cb454bda5afec1e8e473cb3c16b7/url HTTP/1.1
User-Agent: selenium/4.1.2 (java windows)
Cache-Control: no-cache
Content-Type: application/json; charset=utf-8
host: localhost:53640
accept: */*

Response DefaultHttpResponse(decodeResult: success, version: HTTP/1.1)
HTTP/1.1 200 OK
Content-Type: application/json; charset=utf-8
cache-control: no-cache
content-length: 41

14:56:49.188 [AsyncHttpClient-1-8] DEBUG org.asynchttpclient.netty.channel.ChannelManager - Adding key: http://localhost:53640 for channel [id: 0x8de459b3, L:/127.0.0.1:65224 - R:localhost/127.0.0.1:53640]
14:56:49.195 [Forwarding screenshot on session 8b22cb454bda5afec1e8e473cb3c16b7 to remote] DEBUG org.asynchttpclient.netty.request.NettyRequestSender - Using pooled Channel '[id: 0x8de459b3, L:/127.0.0.1:65224 - R:localhost/127.0.0.1:53640]' for 'GET' to 'http://localhost:53640/session/8b22cb454bda5afec1e8e473cb3c16b7/screenshot'
14:56:49.195 [Forwarding screenshot on session 8b22cb454bda5afec1e8e473cb3c16b7 to remote] DEBUG org.asynchttpclient.netty.request.NettyRequestSender - Using open Channel [id: 0x8de459b3, L:/127.0.0.1:65224 - R:localhost/127.0.0.1:53640] for GET '/session/8b22cb454bda5afec1e8e473cb3c16b7/screenshot'
14:56:49.368 [AsyncHttpClient-1-8] DEBUG org.asynchttpclient.netty.handler.HttpHandler - 

Request DefaultFullHttpRequest(decodeResult: success, version: HTTP/1.1, content: EmptyByteBufBE)
GET /session/8b22cb454bda5afec1e8e473cb3c16b7/screenshot HTTP/1.1
User-Agent: selenium/4.1.2 (java windows)
Cache-Control: no-cache
Content-Type: application/json; charset=utf-8
host: localhost:53640
accept: */*

Response DefaultHttpResponse(decodeResult: success, version: HTTP/1.1)
HTTP/1.1 200 OK
Content-Type: application/json; charset=utf-8
cache-control: no-cache
content-length: 24940

14:56:49.369 [AsyncHttpClient-1-8] DEBUG org.asynchttpclient.netty.channel.ChannelManager - Adding key: http://localhost:53640 for channel [id: 0x8de459b3, L:/127.0.0.1:65224 - R:localhost/127.0.0.1:53640]
14:56:49.370 [main] DEBUG net.serenitybdd.core.photography.Darkroom - Send negative for processing for target\site\serenity\11023edac3681808080020daf60d8cb00148736924ac340653f27273a0570072.png
14:56:49.370 [main] DEBUG net.thucydides.core.steps.StepInterceptor - STARTING STEP: LoginStep.iAmOnTheLoginPage - validateOnLoginPage
14:56:49.372 [Forwarding findElement on session 8b22cb454bda5afec1e8e473cb3c16b7 to remote] DEBUG org.asynchttpclient.netty.request.NettyRequestSender - Using pooled Channel '[id: 0x8de459b3, L:/127.0.0.1:65224 - R:localhost/127.0.0.1:53640]' for 'POST' to 'http://localhost:53640/session/8b22cb454bda5afec1e8e473cb3c16b7/element'
14:56:49.372 [Forwarding findElement on session 8b22cb454bda5afec1e8e473cb3c16b7 to remote] DEBUG org.asynchttpclient.netty.request.NettyRequestSender - Using open Channel [id: 0x8de459b3, L:/127.0.0.1:65224 - R:localhost/127.0.0.1:53640] for POST '/session/8b22cb454bda5afec1e8e473cb3c16b7/element'
14:56:49.385 [AsyncHttpClient-1-8] DEBUG org.asynchttpclient.netty.handler.HttpHandler - 

Request DefaultHttpRequest(decodeResult: success, version: HTTP/1.1)
POST /session/8b22cb454bda5afec1e8e473cb3c16b7/element HTTP/1.1
User-Agent: selenium/4.1.2 (java windows)
Content-Length: 136
Content-Type: application/json; charset=utf-8
host: localhost:53640
accept: */*

Response DefaultHttpResponse(decodeResult: success, version: HTTP/1.1)
HTTP/1.1 200 OK
Content-Type: application/json; charset=utf-8
cache-control: no-cache
content-length: 88

14:56:49.386 [AsyncHttpClient-1-8] DEBUG org.asynchttpclient.netty.channel.ChannelManager - Adding key: http://localhost:53640 for channel [id: 0x8de459b3, L:/127.0.0.1:65224 - R:localhost/127.0.0.1:53640]
14:56:49.389 [Forwarding isElementDisplayed on session 8b22cb454bda5afec1e8e473cb3c16b7 to remote] DEBUG org.asynchttpclient.netty.request.NettyRequestSender - Using pooled Channel '[id: 0x8de459b3, L:/127.0.0.1:65224 - R:localhost/127.0.0.1:53640]' for 'POST' to 'http://localhost:53640/session/8b22cb454bda5afec1e8e473cb3c16b7/execute/sync'
14:56:49.389 [Forwarding isElementDisplayed on session 8b22cb454bda5afec1e8e473cb3c16b7 to remote] DEBUG org.asynchttpclient.netty.request.NettyRequestSender - Using open Channel [id: 0x8de459b3, L:/127.0.0.1:65224 - R:localhost/127.0.0.1:53640] for POST '/session/8b22cb454bda5afec1e8e473cb3c16b7/execute/sync'
14:56:49.401 [AsyncHttpClient-1-8] DEBUG org.asynchttpclient.netty.handler.HttpHandler - 

Request DefaultHttpRequest(decodeResult: success, version: HTTP/1.1)
POST /session/8b22cb454bda5afec1e8e473cb3c16b7/execute/sync HTTP/1.1
User-Agent: selenium/4.1.2 (java windows)
Content-Length: 48780
Content-Type: application/json; charset=utf-8
host: localhost:53640
accept: */*

Response DefaultHttpResponse(decodeResult: success, version: HTTP/1.1)
HTTP/1.1 200 OK
Content-Type: application/json; charset=utf-8
cache-control: no-cache
content-length: 14

14:56:49.401 [AsyncHttpClient-1-8] DEBUG org.asynchttpclient.netty.channel.ChannelManager - Adding key: http://localhost:53640 for channel [id: 0x8de459b3, L:/127.0.0.1:65224 - R:localhost/127.0.0.1:53640]
14:56:49.404 [main] DEBUG net.thucydides.core.steps.StepInterceptor - STEP DONE: validateOnLoginPage
  &amp#27;[32mGiven &amp#27;[0m&amp#27;[32mI am on the login page&amp#27;[0m            &amp#27;[90m# Starter.StepDefinitions.LoginStep.iAmOnTheLoginPage()&amp#27;[0m
14:56:49.415 [main] DEBUG net.thucydides.core.steps.StepInterceptor - STARTING STEP: LoginStep.iInputEmail - inputEmail
14:56:49.418 [Forwarding findElement on session 8b22cb454bda5afec1e8e473cb3c16b7 to remote] DEBUG org.asynchttpclient.netty.request.NettyRequestSender - Using pooled Channel '[id: 0x8de459b3, L:/127.0.0.1:65224 - R:localhost/127.0.0.1:53640]' for 'POST' to 'http://localhost:53640/session/8b22cb454bda5afec1e8e473cb3c16b7/element'
14:56:49.418 [Forwarding findElement on session 8b22cb454bda5afec1e8e473cb3c16b7 to remote] DEBUG org.asynchttpclient.netty.request.NettyRequestSender - Using open Channel [id: 0x8de459b3, L:/127.0.0.1:65224 - R:localhost/127.0.0.1:53640] for POST '/session/8b22cb454bda5afec1e8e473cb3c16b7/element'
14:56:49.428 [AsyncHttpClient-1-8] DEBUG org.asynchttpclient.netty.handler.HttpHandler - 

Request DefaultHttpRequest(decodeResult: success, version: HTTP/1.1)
POST /session/8b22cb454bda5afec1e8e473cb3c16b7/element HTTP/1.1
User-Agent: selenium/4.1.2 (java windows)
Content-Length: 91
Content-Type: application/json; charset=utf-8
host: localhost:53640
accept: */*

Response DefaultHttpResponse(decodeResult: success, version: HTTP/1.1)
HTTP/1.1 200 OK
Content-Type: application/json; charset=utf-8
cache-control: no-cache
content-length: 88

14:56:49.428 [AsyncHttpClient-1-8] DEBUG org.asynchttpclient.netty.channel.ChannelManager - Adding key: http://localhost:53640 for channel [id: 0x8de459b3, L:/127.0.0.1:65224 - R:localhost/127.0.0.1:53640]
14:56:49.430 [Forwarding clearElement on session 8b22cb454bda5afec1e8e473cb3c16b7 to remote] DEBUG org.asynchttpclient.netty.request.NettyRequestSender - Using pooled Channel '[id: 0x8de459b3, L:/127.0.0.1:65224 - R:localhost/127.0.0.1:53640]' for 'POST' to 'http://localhost:53640/session/8b22cb454bda5afec1e8e473cb3c16b7/element/1f26da2b-e219-4c9b-87e2-7d3026c30c96/clear'
14:56:49.430 [Forwarding clearElement on session 8b22cb454bda5afec1e8e473cb3c16b7 to remote] DEBUG org.asynchttpclient.netty.request.NettyRequestSender - Using open Channel [id: 0x8de459b3, L:/127.0.0.1:65224 - R:localhost/127.0.0.1:53640] for POST '/session/8b22cb454bda5afec1e8e473cb3c16b7/element/1f26da2b-e219-4c9b-87e2-7d3026c30c96/clear'
14:56:49.455 [AsyncHttpClient-1-8] DEBUG org.asynchttpclient.netty.handler.HttpHandler - 

Request DefaultHttpRequest(decodeResult: success, version: HTTP/1.1)
POST /session/8b22cb454bda5afec1e8e473cb3c16b7/element/1f26da2b-e219-4c9b-87e2-7d3026c30c96/clear HTTP/1.1
User-Agent: selenium/4.1.2 (java windows)
Content-Length: 50
Content-Type: application/json; charset=utf-8
host: localhost:53640
accept: */*

Response DefaultHttpResponse(decodeResult: success, version: HTTP/1.1)
HTTP/1.1 200 OK
Content-Type: application/json; charset=utf-8
cache-control: no-cache
content-length: 14

14:56:49.455 [AsyncHttpClient-1-8] DEBUG org.asynchttpclient.netty.channel.ChannelManager - Adding key: http://localhost:53640 for channel [id: 0x8de459b3, L:/127.0.0.1:65224 - R:localhost/127.0.0.1:53640]
14:56:49.458 [Forwarding sendKeysToElement on session 8b22cb454bda5afec1e8e473cb3c16b7 to remote] DEBUG org.asynchttpclient.netty.request.NettyRequestSender - Using pooled Channel '[id: 0x8de459b3, L:/127.0.0.1:65224 - R:localhost/127.0.0.1:53640]' for 'POST' to 'http://localhost:53640/session/8b22cb454bda5afec1e8e473cb3c16b7/element/1f26da2b-e219-4c9b-87e2-7d3026c30c96/value'
14:56:49.458 [Forwarding sendKeysToElement on session 8b22cb454bda5afec1e8e473cb3c16b7 to remote] DEBUG org.asynchttpclient.netty.request.NettyRequestSender - Using open Channel [id: 0x8de459b3, L:/127.0.0.1:65224 - R:localhost/127.0.0.1:53640] for POST '/session/8b22cb454bda5afec1e8e473cb3c16b7/element/1f26da2b-e219-4c9b-87e2-7d3026c30c96/value'
14:56:49.576 [AsyncHttpClient-1-8] DEBUG org.asynchttpclient.netty.handler.HttpHandler - 

Request DefaultHttpRequest(decodeResult: success, version: HTTP/1.1)
POST /session/8b22cb454bda5afec1e8e473cb3c16b7/element/1f26da2b-e219-4c9b-87e2-7d3026c30c96/value HTTP/1.1
User-Agent: selenium/4.1.2 (java windows)
Content-Length: 261
Content-Type: application/json; charset=utf-8
host: localhost:53640
accept: */*

Response DefaultHttpResponse(decodeResult: success, version: HTTP/1.1)
HTTP/1.1 200 OK
Content-Type: application/json; charset=utf-8
cache-control: no-cache
content-length: 14

14:56:49.576 [AsyncHttpClient-1-8] DEBUG org.asynchttpclient.netty.channel.ChannelManager - Adding key: http://localhost:53640 for channel [id: 0x8de459b3, L:/127.0.0.1:65224 - R:localhost/127.0.0.1:53640]
14:56:49.581 [Forwarding screenshot on session 8b22cb454bda5afec1e8e473cb3c16b7 to remote] DEBUG org.asynchttpclient.netty.request.NettyRequestSender - Using pooled Channel '[id: 0x8de459b3, L:/127.0.0.1:65224 - R:localhost/127.0.0.1:53640]' for 'GET' to 'http://localhost:53640/session/8b22cb454bda5afec1e8e473cb3c16b7/screenshot'
14:56:49.581 [Forwarding screenshot on session 8b22cb454bda5afec1e8e473cb3c16b7 to remote] DEBUG org.asynchttpclient.netty.request.NettyRequestSender - Using open Channel [id: 0x8de459b3, L:/127.0.0.1:65224 - R:localhost/127.0.0.1:53640] for GET '/session/8b22cb454bda5afec1e8e473cb3c16b7/screenshot'
14:56:49.691 [AsyncHttpClient-1-8] DEBUG org.asynchttpclient.netty.handler.HttpHandler - 

Request DefaultFullHttpRequest(decodeResult: success, version: HTTP/1.1, content: EmptyByteBufBE)
GET /session/8b22cb454bda5afec1e8e473cb3c16b7/screenshot HTTP/1.1
User-Agent: selenium/4.1.2 (java windows)
Cache-Control: no-cache
Content-Type: application/json; charset=utf-8
host: localhost:53640
accept: */*

Response DefaultHttpResponse(decodeResult: success, version: HTTP/1.1)
HTTP/1.1 200 OK
Content-Type: application/json; charset=utf-8
cache-control: no-cache
content-length: 28988

14:56:49.691 [AsyncHttpClient-1-8] DEBUG org.asynchttpclient.netty.channel.ChannelManager - Adding key: http://localhost:53640 for channel [id: 0x8de459b3, L:/127.0.0.1:65224 - R:localhost/127.0.0.1:53640]
14:56:49.693 [main] DEBUG net.serenitybdd.core.photography.Darkroom - Send negative for processing for target\site\serenity\b307272a1b81fb28f74cbdf25790c4765f5a6df037953e3e444b8552ff463442.png
14:56:49.693 [main] DEBUG net.thucydides.core.steps.StepInterceptor - STEP DONE: inputEmail
  &amp#27;[32mWhen &amp#27;[0m&amp#27;[32mI input &amp#27;[0m&amp#27;[32m&amp#27;[1m"hakim001@gmail.com"&amp#27;[0m&amp#27;[32m email&amp#27;[0m &amp#27;[90m# Starter.StepDefinitions.LoginStep.iInputEmail(java.lang.String)&amp#27;[0m
14:56:49.693 [Darkroom Processing Line] DEBUG net.serenitybdd.core.photography.DarkroomProcessingLine - Processing screenshot image in /var/screenshots/screenshot-8969409701266114925
14:56:49.693 [Darkroom Processing Line] DEBUG net.serenitybdd.core.photography.DarkroomProcessingLine - Saving screenshot to target\site\serenity\b307272a1b81fb28f74cbdf25790c4765f5a6df037953e3e444b8552ff463442.png
14:56:49.706 [main] DEBUG net.thucydides.core.steps.StepInterceptor - STARTING STEP: LoginStep.iInputPassword - inputPassword
14:56:49.708 [Forwarding findElement on session 8b22cb454bda5afec1e8e473cb3c16b7 to remote] DEBUG org.asynchttpclient.netty.request.NettyRequestSender - Using pooled Channel '[id: 0x8de459b3, L:/127.0.0.1:65224 - R:localhost/127.0.0.1:53640]' for 'POST' to 'http://localhost:53640/session/8b22cb454bda5afec1e8e473cb3c16b7/element'
14:56:49.708 [Forwarding findElement on session 8b22cb454bda5afec1e8e473cb3c16b7 to remote] DEBUG org.asynchttpclient.netty.request.NettyRequestSender - Using open Channel [id: 0x8de459b3, L:/127.0.0.1:65224 - R:localhost/127.0.0.1:53640] for POST '/session/8b22cb454bda5afec1e8e473cb3c16b7/element'
14:56:49.718 [AsyncHttpClient-1-8] DEBUG org.asynchttpclient.netty.handler.HttpHandler - 

Request DefaultHttpRequest(decodeResult: success, version: HTTP/1.1)
POST /session/8b22cb454bda5afec1e8e473cb3c16b7/element HTTP/1.1
User-Agent: selenium/4.1.2 (java windows)
Content-Length: 94
Content-Type: application/json; charset=utf-8
host: localhost:53640
accept: */*

Response DefaultHttpResponse(decodeResult: success, version: HTTP/1.1)
HTTP/1.1 200 OK
Content-Type: application/json; charset=utf-8
cache-control: no-cache
content-length: 88

14:56:49.719 [AsyncHttpClient-1-8] DEBUG org.asynchttpclient.netty.channel.ChannelManager - Adding key: http://localhost:53640 for channel [id: 0x8de459b3, L:/127.0.0.1:65224 - R:localhost/127.0.0.1:53640]
14:56:49.720 [Forwarding clearElement on session 8b22cb454bda5afec1e8e473cb3c16b7 to remote] DEBUG org.asynchttpclient.netty.request.NettyRequestSender - Using pooled Channel '[id: 0x8de459b3, L:/127.0.0.1:65224 - R:localhost/127.0.0.1:53640]' for 'POST' to 'http://localhost:53640/session/8b22cb454bda5afec1e8e473cb3c16b7/element/4dc7291d-3728-488f-84b7-67d4dfc66dcd/clear'
14:56:49.720 [Forwarding clearElement on session 8b22cb454bda5afec1e8e473cb3c16b7 to remote] DEBUG org.asynchttpclient.netty.request.NettyRequestSender - Using open Channel [id: 0x8de459b3, L:/127.0.0.1:65224 - R:localhost/127.0.0.1:53640] for POST '/session/8b22cb454bda5afec1e8e473cb3c16b7/element/4dc7291d-3728-488f-84b7-67d4dfc66dcd/clear'
14:56:49.745 [AsyncHttpClient-1-8] DEBUG org.asynchttpclient.netty.handler.HttpHandler - 

Request DefaultHttpRequest(decodeResult: success, version: HTTP/1.1)
POST /session/8b22cb454bda5afec1e8e473cb3c16b7/element/4dc7291d-3728-488f-84b7-67d4dfc66dcd/clear HTTP/1.1
User-Agent: selenium/4.1.2 (java windows)
Content-Length: 50
Content-Type: application/json; charset=utf-8
host: localhost:53640
accept: */*

Response DefaultHttpResponse(decodeResult: success, version: HTTP/1.1)
HTTP/1.1 200 OK
Content-Type: application/json; charset=utf-8
cache-control: no-cache
content-length: 14

14:56:49.745 [AsyncHttpClient-1-8] DEBUG org.asynchttpclient.netty.channel.ChannelManager - Adding key: http://localhost:53640 for channel [id: 0x8de459b3, L:/127.0.0.1:65224 - R:localhost/127.0.0.1:53640]
14:56:49.748 [Forwarding sendKeysToElement on session 8b22cb454bda5afec1e8e473cb3c16b7 to remote] DEBUG org.asynchttpclient.netty.request.NettyRequestSender - Using pooled Channel '[id: 0x8de459b3, L:/127.0.0.1:65224 - R:localhost/127.0.0.1:53640]' for 'POST' to 'http://localhost:53640/session/8b22cb454bda5afec1e8e473cb3c16b7/element/4dc7291d-3728-488f-84b7-67d4dfc66dcd/value'
14:56:49.748 [Forwarding sendKeysToElement on session 8b22cb454bda5afec1e8e473cb3c16b7 to remote] DEBUG org.asynchttpclient.netty.request.NettyRequestSender - Using open Channel [id: 0x8de459b3, L:/127.0.0.1:65224 - R:localhost/127.0.0.1:53640] for POST '/session/8b22cb454bda5afec1e8e473cb3c16b7/element/4dc7291d-3728-488f-84b7-67d4dfc66dcd/value'
14:56:49.785 [AsyncHttpClient-1-8] DEBUG org.asynchttpclient.netty.handler.HttpHandler - 

Request DefaultHttpRequest(decodeResult: success, version: HTTP/1.1)
POST /session/8b22cb454bda5afec1e8e473cb3c16b7/element/4dc7291d-3728-488f-84b7-67d4dfc66dcd/value HTTP/1.1
User-Agent: selenium/4.1.2 (java windows)
Content-Length: 82
Content-Type: application/json; charset=utf-8
host: localhost:53640
accept: */*

Response DefaultHttpResponse(decodeResult: success, version: HTTP/1.1)
HTTP/1.1 200 OK
Content-Type: application/json; charset=utf-8
cache-control: no-cache
content-length: 14

14:56:49.785 [AsyncHttpClient-1-8] DEBUG org.asynchttpclient.netty.channel.ChannelManager - Adding key: http://localhost:53640 for channel [id: 0x8de459b3, L:/127.0.0.1:65224 - R:localhost/127.0.0.1:53640]
14:56:49.791 [Forwarding screenshot on session 8b22cb454bda5afec1e8e473cb3c16b7 to remote] DEBUG org.asynchttpclient.netty.request.NettyRequestSender - Using pooled Channel '[id: 0x8de459b3, L:/127.0.0.1:65224 - R:localhost/127.0.0.1:53640]' for 'GET' to 'http://localhost:53640/session/8b22cb454bda5afec1e8e473cb3c16b7/screenshot'
14:56:49.791 [Forwarding screenshot on session 8b22cb454bda5afec1e8e473cb3c16b7 to remote] DEBUG org.asynchttpclient.netty.request.NettyRequestSender - Using open Channel [id: 0x8de459b3, L:/127.0.0.1:65224 - R:localhost/127.0.0.1:53640] for GET '/session/8b22cb454bda5afec1e8e473cb3c16b7/screenshot'
14:56:49.884 [AsyncHttpClient-1-8] DEBUG org.asynchttpclient.netty.handler.HttpHandler - 

Request DefaultFullHttpRequest(decodeResult: success, version: HTTP/1.1, content: EmptyByteBufBE)
GET /session/8b22cb454bda5afec1e8e473cb3c16b7/screenshot HTTP/1.1
User-Agent: selenium/4.1.2 (java windows)
Cache-Control: no-cache
Content-Type: application/json; charset=utf-8
host: localhost:53640
accept: */*

Response DefaultHttpResponse(decodeResult: success, version: HTTP/1.1)
HTTP/1.1 200 OK
Content-Type: application/json; charset=utf-8
cache-control: no-cache
content-length: 28984

14:56:49.885 [AsyncHttpClient-1-8] DEBUG org.asynchttpclient.netty.channel.ChannelManager - Adding key: http://localhost:53640 for channel [id: 0x8de459b3, L:/127.0.0.1:65224 - R:localhost/127.0.0.1:53640]
14:56:49.886 [main] DEBUG net.serenitybdd.core.photography.Darkroom - Send negative for processing for target\site\serenity\02e9ca1cc4479ad12f7f6ff095c6dd6f39edc17dc5ff160edc93e066636f1fdc.png
14:56:49.886 [main] DEBUG net.thucydides.core.steps.StepInterceptor - STEP DONE: inputPassword
  &amp#27;[32mAnd &amp#27;[0m&amp#27;[32mI input &amp#27;[0m&amp#27;[32m&amp#27;[1m""&amp#27;[0m&amp#27;[32m password&amp#27;[0m                 &amp#27;[90m# Starter.StepDefinitions.LoginStep.iInputPassword(java.lang.String)&amp#27;[0m
14:56:49.887 [Darkroom Processing Line] DEBUG net.serenitybdd.core.photography.DarkroomProcessingLine - Processing screenshot image in /var/screenshots/screenshot-2418573711075998188
14:56:49.887 [Darkroom Processing Line] DEBUG net.serenitybdd.core.photography.DarkroomProcessingLine - Saving screenshot to target\site\serenity\02e9ca1cc4479ad12f7f6ff095c6dd6f39edc17dc5ff160edc93e066636f1fdc.png
14:56:49.899 [main] DEBUG net.thucydides.core.steps.StepInterceptor - STARTING STEP: LoginStep.clickLoginButton - clickLoginButton
14:56:49.904 [Forwarding findElement on session 8b22cb454bda5afec1e8e473cb3c16b7 to remote] DEBUG org.asynchttpclient.netty.request.NettyRequestSender - Using pooled Channel '[id: 0x8de459b3, L:/127.0.0.1:65224 - R:localhost/127.0.0.1:53640]' for 'POST' to 'http://localhost:53640/session/8b22cb454bda5afec1e8e473cb3c16b7/element'
14:56:49.904 [Forwarding findElement on session 8b22cb454bda5afec1e8e473cb3c16b7 to remote] DEBUG org.asynchttpclient.netty.request.NettyRequestSender - Using open Channel [id: 0x8de459b3, L:/127.0.0.1:65224 - R:localhost/127.0.0.1:53640] for POST '/session/8b22cb454bda5afec1e8e473cb3c16b7/element'
14:56:49.911 [AsyncHttpClient-1-8] DEBUG org.asynchttpclient.netty.handler.HttpHandler - 

Request DefaultHttpRequest(decodeResult: success, version: HTTP/1.1)
POST /session/8b22cb454bda5afec1e8e473cb3c16b7/element HTTP/1.1
User-Agent: selenium/4.1.2 (java windows)
Content-Length: 136
Content-Type: application/json; charset=utf-8
host: localhost:53640
accept: */*

Response DefaultHttpResponse(decodeResult: success, version: HTTP/1.1)
HTTP/1.1 200 OK
Content-Type: application/json; charset=utf-8
cache-control: no-cache
content-length: 88

14:56:49.912 [AsyncHttpClient-1-8] DEBUG org.asynchttpclient.netty.channel.ChannelManager - Adding key: http://localhost:53640 for channel [id: 0x8de459b3, L:/127.0.0.1:65224 - R:localhost/127.0.0.1:53640]
14:56:49.913 [Forwarding getElementTagName on session 8b22cb454bda5afec1e8e473cb3c16b7 to remote] DEBUG org.asynchttpclient.netty.request.NettyRequestSender - Using pooled Channel '[id: 0x8de459b3, L:/127.0.0.1:65224 - R:localhost/127.0.0.1:53640]' for 'GET' to 'http://localhost:53640/session/8b22cb454bda5afec1e8e473cb3c16b7/element/12ef8502-771b-4159-9cee-5173bf14d58e/name'
14:56:49.913 [Forwarding getElementTagName on session 8b22cb454bda5afec1e8e473cb3c16b7 to remote] DEBUG org.asynchttpclient.netty.request.NettyRequestSender - Using open Channel [id: 0x8de459b3, L:/127.0.0.1:65224 - R:localhost/127.0.0.1:53640] for GET '/session/8b22cb454bda5afec1e8e473cb3c16b7/element/12ef8502-771b-4159-9cee-5173bf14d58e/name'
14:56:49.919 [AsyncHttpClient-1-8] DEBUG org.asynchttpclient.netty.handler.HttpHandler - 

Request DefaultFullHttpRequest(decodeResult: success, version: HTTP/1.1, content: EmptyByteBufBE)
GET /session/8b22cb454bda5afec1e8e473cb3c16b7/element/12ef8502-771b-4159-9cee-5173bf14d58e/name HTTP/1.1
User-Agent: selenium/4.1.2 (java windows)
Cache-Control: no-cache
Content-Type: application/json; charset=utf-8
host: localhost:53640
accept: */*

Response DefaultHttpResponse(decodeResult: success, version: HTTP/1.1)
HTTP/1.1 200 OK
Content-Type: application/json; charset=utf-8
cache-control: no-cache
content-length: 18

14:56:49.920 [AsyncHttpClient-1-8] DEBUG org.asynchttpclient.netty.channel.ChannelManager - Adding key: http://localhost:53640 for channel [id: 0x8de459b3, L:/127.0.0.1:65224 - R:localhost/127.0.0.1:53640]
14:56:49.921 [Forwarding getElementTagName on session 8b22cb454bda5afec1e8e473cb3c16b7 to remote] DEBUG org.asynchttpclient.netty.request.NettyRequestSender - Using pooled Channel '[id: 0x8de459b3, L:/127.0.0.1:65224 - R:localhost/127.0.0.1:53640]' for 'GET' to 'http://localhost:53640/session/8b22cb454bda5afec1e8e473cb3c16b7/element/12ef8502-771b-4159-9cee-5173bf14d58e/name'
14:56:49.921 [Forwarding getElementTagName on session 8b22cb454bda5afec1e8e473cb3c16b7 to remote] DEBUG org.asynchttpclient.netty.request.NettyRequestSender - Using open Channel [id: 0x8de459b3, L:/127.0.0.1:65224 - R:localhost/127.0.0.1:53640] for GET '/session/8b22cb454bda5afec1e8e473cb3c16b7/element/12ef8502-771b-4159-9cee-5173bf14d58e/name'
14:56:49.927 [AsyncHttpClient-1-8] DEBUG org.asynchttpclient.netty.handler.HttpHandler - 

Request DefaultFullHttpRequest(decodeResult: success, version: HTTP/1.1, content: EmptyByteBufBE)
GET /session/8b22cb454bda5afec1e8e473cb3c16b7/element/12ef8502-771b-4159-9cee-5173bf14d58e/name HTTP/1.1
User-Agent: selenium/4.1.2 (java windows)
Cache-Control: no-cache
Content-Type: application/json; charset=utf-8
host: localhost:53640
accept: */*

Response DefaultHttpResponse(decodeResult: success, version: HTTP/1.1)
HTTP/1.1 200 OK
Content-Type: application/json; charset=utf-8
cache-control: no-cache
content-length: 18

14:56:49.927 [AsyncHttpClient-1-8] DEBUG org.asynchttpclient.netty.channel.ChannelManager - Adding key: http://localhost:53640 for channel [id: 0x8de459b3, L:/127.0.0.1:65224 - R:localhost/127.0.0.1:53640]
14:56:49.933 [Forwarding isElementEnabled on session 8b22cb454bda5afec1e8e473cb3c16b7 to remote] DEBUG org.asynchttpclient.netty.request.NettyRequestSender - Using pooled Channel '[id: 0x8de459b3, L:/127.0.0.1:65224 - R:localhost/127.0.0.1:53640]' for 'GET' to 'http://localhost:53640/session/8b22cb454bda5afec1e8e473cb3c16b7/element/12ef8502-771b-4159-9cee-5173bf14d58e/enabled'
14:56:49.933 [Forwarding isElementEnabled on session 8b22cb454bda5afec1e8e473cb3c16b7 to remote] DEBUG org.asynchttpclient.netty.request.NettyRequestSender - Using open Channel [id: 0x8de459b3, L:/127.0.0.1:65224 - R:localhost/127.0.0.1:53640] for GET '/session/8b22cb454bda5afec1e8e473cb3c16b7/element/12ef8502-771b-4159-9cee-5173bf14d58e/enabled'
14:56:49.946 [AsyncHttpClient-1-8] DEBUG org.asynchttpclient.netty.handler.HttpHandler - 

Request DefaultFullHttpRequest(decodeResult: success, version: HTTP/1.1, content: EmptyByteBufBE)
GET /session/8b22cb454bda5afec1e8e473cb3c16b7/element/12ef8502-771b-4159-9cee-5173bf14d58e/enabled HTTP/1.1
User-Agent: selenium/4.1.2 (java windows)
Cache-Control: no-cache
Content-Type: application/json; charset=utf-8
host: localhost:53640
accept: */*

Response DefaultHttpResponse(decodeResult: success, version: HTTP/1.1)
HTTP/1.1 200 OK
Content-Type: application/json; charset=utf-8
cache-control: no-cache
content-length: 14

14:56:49.946 [AsyncHttpClient-1-8] DEBUG org.asynchttpclient.netty.channel.ChannelManager - Adding key: http://localhost:53640 for channel [id: 0x8de459b3, L:/127.0.0.1:65224 - R:localhost/127.0.0.1:53640]
14:56:49.951 [Forwarding isElementEnabled on session 8b22cb454bda5afec1e8e473cb3c16b7 to remote] DEBUG org.asynchttpclient.netty.request.NettyRequestSender - Using pooled Channel '[id: 0x8de459b3, L:/127.0.0.1:65224 - R:localhost/127.0.0.1:53640]' for 'GET' to 'http://localhost:53640/session/8b22cb454bda5afec1e8e473cb3c16b7/element/12ef8502-771b-4159-9cee-5173bf14d58e/enabled'
14:56:49.951 [Forwarding isElementEnabled on session 8b22cb454bda5afec1e8e473cb3c16b7 to remote] DEBUG org.asynchttpclient.netty.request.NettyRequestSender - Using open Channel [id: 0x8de459b3, L:/127.0.0.1:65224 - R:localhost/127.0.0.1:53640] for GET '/session/8b22cb454bda5afec1e8e473cb3c16b7/element/12ef8502-771b-4159-9cee-5173bf14d58e/enabled'
14:56:49.963 [AsyncHttpClient-1-8] DEBUG org.asynchttpclient.netty.handler.HttpHandler - 

Request DefaultFullHttpRequest(decodeResult: success, version: HTTP/1.1, content: EmptyByteBufBE)
GET /session/8b22cb454bda5afec1e8e473cb3c16b7/element/12ef8502-771b-4159-9cee-5173bf14d58e/enabled HTTP/1.1
User-Agent: selenium/4.1.2 (java windows)
Cache-Control: no-cache
Content-Type: application/json; charset=utf-8
host: localhost:53640
accept: */*

Response DefaultHttpResponse(decodeResult: success, version: HTTP/1.1)
HTTP/1.1 200 OK
Content-Type: application/json; charset=utf-8
cache-control: no-cache
content-length: 14

14:56:49.963 [AsyncHttpClient-1-8] DEBUG org.asynchttpclient.netty.channel.ChannelManager - Adding key: http://localhost:53640 for channel [id: 0x8de459b3, L:/127.0.0.1:65224 - R:localhost/127.0.0.1:53640]
14:56:49.967 [Forwarding findElement on session 8b22cb454bda5afec1e8e473cb3c16b7 to remote] DEBUG org.asynchttpclient.netty.request.NettyRequestSender - Using pooled Channel '[id: 0x8de459b3, L:/127.0.0.1:65224 - R:localhost/127.0.0.1:53640]' for 'POST' to 'http://localhost:53640/session/8b22cb454bda5afec1e8e473cb3c16b7/element'
14:56:49.967 [Forwarding findElement on session 8b22cb454bda5afec1e8e473cb3c16b7 to remote] DEBUG org.asynchttpclient.netty.request.NettyRequestSender - Using open Channel [id: 0x8de459b3, L:/127.0.0.1:65224 - R:localhost/127.0.0.1:53640] for POST '/session/8b22cb454bda5afec1e8e473cb3c16b7/element'
14:56:49.975 [AsyncHttpClient-1-8] DEBUG org.asynchttpclient.netty.handler.HttpHandler - 

Request DefaultHttpRequest(decodeResult: success, version: HTTP/1.1)
POST /session/8b22cb454bda5afec1e8e473cb3c16b7/element HTTP/1.1
User-Agent: selenium/4.1.2 (java windows)
Content-Length: 136
Content-Type: application/json; charset=utf-8
host: localhost:53640
accept: */*

Response DefaultHttpResponse(decodeResult: success, version: HTTP/1.1)
HTTP/1.1 200 OK
Content-Type: application/json; charset=utf-8
cache-control: no-cache
content-length: 88

14:56:49.975 [AsyncHttpClient-1-8] DEBUG org.asynchttpclient.netty.channel.ChannelManager - Adding key: http://localhost:53640 for channel [id: 0x8de459b3, L:/127.0.0.1:65224 - R:localhost/127.0.0.1:53640]
14:56:49.977 [Forwarding clickElement on session 8b22cb454bda5afec1e8e473cb3c16b7 to remote] DEBUG org.asynchttpclient.netty.request.NettyRequestSender - Using pooled Channel '[id: 0x8de459b3, L:/127.0.0.1:65224 - R:localhost/127.0.0.1:53640]' for 'POST' to 'http://localhost:53640/session/8b22cb454bda5afec1e8e473cb3c16b7/element/12ef8502-771b-4159-9cee-5173bf14d58e/click'
14:56:49.977 [Forwarding clickElement on session 8b22cb454bda5afec1e8e473cb3c16b7 to remote] DEBUG org.asynchttpclient.netty.request.NettyRequestSender - Using open Channel [id: 0x8de459b3, L:/127.0.0.1:65224 - R:localhost/127.0.0.1:53640] for POST '/session/8b22cb454bda5afec1e8e473cb3c16b7/element/12ef8502-771b-4159-9cee-5173bf14d58e/click'
14:56:50.011 [AsyncHttpClient-1-1] DEBUG org.asynchttpclient.netty.channel.DefaultChannelPool - Entry count for : http://localhost:65225 : 1
14:56:50.056 [AsyncHttpClient-1-8] DEBUG org.asynchttpclient.netty.handler.HttpHandler - 

Request DefaultHttpRequest(decodeResult: success, version: HTTP/1.1)
POST /session/8b22cb454bda5afec1e8e473cb3c16b7/element/12ef8502-771b-4159-9cee-5173bf14d58e/click HTTP/1.1
User-Agent: selenium/4.1.2 (java windows)
Content-Length: 50
Content-Type: application/json; charset=utf-8
host: localhost:53640
accept: */*

Response DefaultHttpResponse(decodeResult: success, version: HTTP/1.1)
HTTP/1.1 200 OK
Content-Type: application/json; charset=utf-8
cache-control: no-cache
content-length: 14

14:56:50.057 [AsyncHttpClient-1-8] DEBUG org.asynchttpclient.netty.channel.ChannelManager - Adding key: http://localhost:53640 for channel [id: 0x8de459b3, L:/127.0.0.1:65224 - R:localhost/127.0.0.1:53640]
14:56:50.064 [Forwarding screenshot on session 8b22cb454bda5afec1e8e473cb3c16b7 to remote] DEBUG org.asynchttpclient.netty.request.NettyRequestSender - Using pooled Channel '[id: 0x8de459b3, L:/127.0.0.1:65224 - R:localhost/127.0.0.1:53640]' for 'GET' to 'http://localhost:53640/session/8b22cb454bda5afec1e8e473cb3c16b7/screenshot'
14:56:50.064 [Forwarding screenshot on session 8b22cb454bda5afec1e8e473cb3c16b7 to remote] DEBUG org.asynchttpclient.netty.request.NettyRequestSender - Using open Channel [id: 0x8de459b3, L:/127.0.0.1:65224 - R:localhost/127.0.0.1:53640] for GET '/session/8b22cb454bda5afec1e8e473cb3c16b7/screenshot'
14:56:50.194 [AsyncHttpClient-1-8] DEBUG org.asynchttpclient.netty.handler.HttpHandler - 

Request DefaultFullHttpRequest(decodeResult: success, version: HTTP/1.1, content: EmptyByteBufBE)
GET /session/8b22cb454bda5afec1e8e473cb3c16b7/screenshot HTTP/1.1
User-Agent: selenium/4.1.2 (java windows)
Cache-Control: no-cache
Content-Type: application/json; charset=utf-8
host: localhost:53640
accept: */*

Response DefaultHttpResponse(decodeResult: success, version: HTTP/1.1)
HTTP/1.1 200 OK
Content-Type: application/json; charset=utf-8
cache-control: no-cache
content-length: 29272

14:56:50.195 [AsyncHttpClient-1-8] DEBUG org.asynchttpclient.netty.channel.ChannelManager - Adding key: http://localhost:53640 for channel [id: 0x8de459b3, L:/127.0.0.1:65224 - R:localhost/127.0.0.1:53640]
14:56:50.197 [main] DEBUG net.serenitybdd.core.photography.Darkroom - Send negative for processing for target\site\serenity\1d76c3b293f67c5f2036008a310f050f4568c0b89365c3370e16d7a9a5c3e55c.png
14:56:50.197 [main] DEBUG net.thucydides.core.steps.StepInterceptor - STEP DONE: clickLoginButton
  &amp#27;[32mAnd &amp#27;[0m&amp#27;[32mclick login button&amp#27;[0m                  &amp#27;[90m# Starter.StepDefinitions.LoginStep.clickLoginButton()&amp#27;[0m
14:56:50.197 [Darkroom Processing Line] DEBUG net.serenitybdd.core.photography.DarkroomProcessingLine - Processing screenshot image in /var/screenshots/screenshot-8322319218670696820
14:56:50.197 [Darkroom Processing Line] DEBUG net.serenitybdd.core.photography.DarkroomProcessingLine - Saving screenshot to target\site\serenity\1d76c3b293f67c5f2036008a310f050f4568c0b89365c3370e16d7a9a5c3e55c.png
14:56:50.220 [main] DEBUG net.thucydides.core.steps.StepInterceptor - STARTING STEP: LoginStep.iGetThe - errorMessageAppears
14:56:50.221 [Forwarding findElement on session 8b22cb454bda5afec1e8e473cb3c16b7 to remote] DEBUG org.asynchttpclient.netty.request.NettyRequestSender - Using pooled Channel '[id: 0x8de459b3, L:/127.0.0.1:65224 - R:localhost/127.0.0.1:53640]' for 'POST' to 'http://localhost:53640/session/8b22cb454bda5afec1e8e473cb3c16b7/element'
14:56:50.221 [Forwarding findElement on session 8b22cb454bda5afec1e8e473cb3c16b7 to remote] DEBUG org.asynchttpclient.netty.request.NettyRequestSender - Using open Channel [id: 0x8de459b3, L:/127.0.0.1:65224 - R:localhost/127.0.0.1:53640] for POST '/session/8b22cb454bda5afec1e8e473cb3c16b7/element'
14:56:50.223 [AsyncHttpClient-1-8] DEBUG org.asynchttpclient.netty.handler.HttpHandler - 

Request DefaultHttpRequest(decodeResult: success, version: HTTP/1.1)
POST /session/8b22cb454bda5afec1e8e473cb3c16b7/element HTTP/1.1
User-Agent: selenium/4.1.2 (java windows)
Content-Length: 53
Content-Type: application/json; charset=utf-8
host: localhost:53640
accept: */*

Response DefaultHttpResponse(decodeResult: success, version: HTTP/1.1)
HTTP/1.1 400 Bad Request
Content-Type: application/json; charset=utf-8
cache-control: no-cache
content-length: 957

14:56:50.223 [AsyncHttpClient-1-8] DEBUG org.asynchttpclient.netty.channel.ChannelManager - Adding key: http://localhost:53640 for channel [id: 0x8de459b3, L:/127.0.0.1:65224 - R:localhost/127.0.0.1:53640]
14:56:50.225 [Forwarding findElement on session 8b22cb454bda5afec1e8e473cb3c16b7 to remote] DEBUG org.asynchttpclient.netty.request.NettyRequestSender - Using pooled Channel '[id: 0x8de459b3, L:/127.0.0.1:65224 - R:localhost/127.0.0.1:53640]' for 'POST' to 'http://localhost:53640/session/8b22cb454bda5afec1e8e473cb3c16b7/element'
14:56:50.225 [Forwarding findElement on session 8b22cb454bda5afec1e8e473cb3c16b7 to remote] DEBUG org.asynchttpclient.netty.request.NettyRequestSender - Using open Channel [id: 0x8de459b3, L:/127.0.0.1:65224 - R:localhost/127.0.0.1:53640] for POST '/session/8b22cb454bda5afec1e8e473cb3c16b7/element'
14:56:50.300 [AsyncHttpClient-1-8] DEBUG org.asynchttpclient.netty.handler.HttpHandler - 

Request DefaultHttpRequest(decodeResult: success, version: HTTP/1.1)
POST /session/8b22cb454bda5afec1e8e473cb3c16b7/element HTTP/1.1
User-Agent: selenium/4.1.2 (java windows)
Content-Length: 63
Content-Type: application/json; charset=utf-8
host: localhost:53640
accept: */*

Response DefaultHttpResponse(decodeResult: success, version: HTTP/1.1)
HTTP/1.1 200 OK
Content-Type: application/json; charset=utf-8
cache-control: no-cache
content-length: 88

14:56:50.300 [AsyncHttpClient-1-8] DEBUG org.asynchttpclient.netty.channel.ChannelManager - Adding key: http://localhost:53640 for channel [id: 0x8de459b3, L:/127.0.0.1:65224 - R:localhost/127.0.0.1:53640]
14:56:50.306 [Forwarding isElementDisplayed on session 8b22cb454bda5afec1e8e473cb3c16b7 to remote] DEBUG org.asynchttpclient.netty.request.NettyRequestSender - Using pooled Channel '[id: 0x8de459b3, L:/127.0.0.1:65224 - R:localhost/127.0.0.1:53640]' for 'POST' to 'http://localhost:53640/session/8b22cb454bda5afec1e8e473cb3c16b7/execute/sync'
14:56:50.306 [Forwarding isElementDisplayed on session 8b22cb454bda5afec1e8e473cb3c16b7 to remote] DEBUG org.asynchttpclient.netty.request.NettyRequestSender - Using open Channel [id: 0x8de459b3, L:/127.0.0.1:65224 - R:localhost/127.0.0.1:53640] for POST '/session/8b22cb454bda5afec1e8e473cb3c16b7/execute/sync'
14:56:50.323 [AsyncHttpClient-1-8] DEBUG org.asynchttpclient.netty.handler.HttpHandler - 

Request DefaultHttpRequest(decodeResult: success, version: HTTP/1.1)
POST /session/8b22cb454bda5afec1e8e473cb3c16b7/execute/sync HTTP/1.1
User-Agent: selenium/4.1.2 (java windows)
Content-Length: 48780
Content-Type: application/json; charset=utf-8
host: localhost:53640
accept: */*

Response DefaultHttpResponse(decodeResult: success, version: HTTP/1.1)
HTTP/1.1 200 OK
Content-Type: application/json; charset=utf-8
cache-control: no-cache
content-length: 14

14:56:50.323 [AsyncHttpClient-1-8] DEBUG org.asynchttpclient.netty.channel.ChannelManager - Adding key: http://localhost:53640 for channel [id: 0x8de459b3, L:/127.0.0.1:65224 - R:localhost/127.0.0.1:53640]
14:56:50.326 [Forwarding screenshot on session 8b22cb454bda5afec1e8e473cb3c16b7 to remote] DEBUG org.asynchttpclient.netty.request.NettyRequestSender - Using pooled Channel '[id: 0x8de459b3, L:/127.0.0.1:65224 - R:localhost/127.0.0.1:53640]' for 'GET' to 'http://localhost:53640/session/8b22cb454bda5afec1e8e473cb3c16b7/screenshot'
14:56:50.326 [Forwarding screenshot on session 8b22cb454bda5afec1e8e473cb3c16b7 to remote] DEBUG org.asynchttpclient.netty.request.NettyRequestSender - Using open Channel [id: 0x8de459b3, L:/127.0.0.1:65224 - R:localhost/127.0.0.1:53640] for GET '/session/8b22cb454bda5afec1e8e473cb3c16b7/screenshot'
14:56:50.474 [AsyncHttpClient-1-8] DEBUG org.asynchttpclient.netty.handler.HttpHandler - 

Request DefaultFullHttpRequest(decodeResult: success, version: HTTP/1.1, content: EmptyByteBufBE)
GET /session/8b22cb454bda5afec1e8e473cb3c16b7/screenshot HTTP/1.1
User-Agent: selenium/4.1.2 (java windows)
Cache-Control: no-cache
Content-Type: application/json; charset=utf-8
host: localhost:53640
accept: */*

Response DefaultHttpResponse(decodeResult: success, version: HTTP/1.1)
HTTP/1.1 200 OK
Content-Type: application/json; charset=utf-8
cache-control: no-cache
content-length: 33636

14:56:50.475 [AsyncHttpClient-1-8] DEBUG org.asynchttpclient.netty.channel.ChannelManager - Adding key: http://localhost:53640 for channel [id: 0x8de459b3, L:/127.0.0.1:65224 - R:localhost/127.0.0.1:53640]
14:56:50.476 [main] DEBUG net.serenitybdd.core.photography.Darkroom - Send negative for processing for target\site\serenity\0bea0e467776b63415bafdbd48a427879286cf6f157433493c663fb3db61f1ff.png
14:56:50.477 [main] DEBUG net.thucydides.core.steps.StepInterceptor - STEP DONE: errorMessageAppears
14:56:50.477 [Darkroom Processing Line] DEBUG net.serenitybdd.core.photography.DarkroomProcessingLine - Processing screenshot image in /var/screenshots/screenshot-2026198021129530403
14:56:50.477 [Darkroom Processing Line] DEBUG net.serenitybdd.core.photography.DarkroomProcessingLine - Saving screenshot to target\site\serenity\0bea0e467776b63415bafdbd48a427879286cf6f157433493c663fb3db61f1ff.png
14:56:50.484 [main] DEBUG net.thucydides.core.steps.StepInterceptor - STARTING STEP: LoginStep.iGetThe - errorMessageEquals
14:56:50.490 [Forwarding findElement on session 8b22cb454bda5afec1e8e473cb3c16b7 to remote] DEBUG org.asynchttpclient.netty.request.NettyRequestSender - Using pooled Channel '[id: 0x8de459b3, L:/127.0.0.1:65224 - R:localhost/127.0.0.1:53640]' for 'POST' to 'http://localhost:53640/session/8b22cb454bda5afec1e8e473cb3c16b7/element'
14:56:50.490 [Forwarding findElement on session 8b22cb454bda5afec1e8e473cb3c16b7 to remote] DEBUG org.asynchttpclient.netty.request.NettyRequestSender - Using open Channel [id: 0x8de459b3, L:/127.0.0.1:65224 - R:localhost/127.0.0.1:53640] for POST '/session/8b22cb454bda5afec1e8e473cb3c16b7/element'
14:56:50.496 [AsyncHttpClient-1-8] DEBUG org.asynchttpclient.netty.handler.HttpHandler - 

Request DefaultHttpRequest(decodeResult: success, version: HTTP/1.1)
POST /session/8b22cb454bda5afec1e8e473cb3c16b7/element HTTP/1.1
User-Agent: selenium/4.1.2 (java windows)
Content-Length: 63
Content-Type: application/json; charset=utf-8
host: localhost:53640
accept: */*

Response DefaultHttpResponse(decodeResult: success, version: HTTP/1.1)
HTTP/1.1 200 OK
Content-Type: application/json; charset=utf-8
cache-control: no-cache
content-length: 88

14:56:50.497 [AsyncHttpClient-1-8] DEBUG org.asynchttpclient.netty.channel.ChannelManager - Adding key: http://localhost:53640 for channel [id: 0x8de459b3, L:/127.0.0.1:65224 - R:localhost/127.0.0.1:53640]
14:56:50.498 [Forwarding getElementText on session 8b22cb454bda5afec1e8e473cb3c16b7 to remote] DEBUG org.asynchttpclient.netty.request.NettyRequestSender - Using pooled Channel '[id: 0x8de459b3, L:/127.0.0.1:65224 - R:localhost/127.0.0.1:53640]' for 'GET' to 'http://localhost:53640/session/8b22cb454bda5afec1e8e473cb3c16b7/element/a31405e9-da21-43fd-ac5e-d6e7da561ee9/text'
14:56:50.498 [Forwarding getElementText on session 8b22cb454bda5afec1e8e473cb3c16b7 to remote] DEBUG org.asynchttpclient.netty.request.NettyRequestSender - Using open Channel [id: 0x8de459b3, L:/127.0.0.1:65224 - R:localhost/127.0.0.1:53640] for GET '/session/8b22cb454bda5afec1e8e473cb3c16b7/element/a31405e9-da21-43fd-ac5e-d6e7da561ee9/text'
14:56:50.510 [AsyncHttpClient-1-8] DEBUG org.asynchttpclient.netty.handler.HttpHandler - 

Request DefaultFullHttpRequest(decodeResult: success, version: HTTP/1.1, content: EmptyByteBufBE)
GET /session/8b22cb454bda5afec1e8e473cb3c16b7/element/a31405e9-da21-43fd-ac5e-d6e7da561ee9/text HTTP/1.1
User-Agent: selenium/4.1.2 (java windows)
Cache-Control: no-cache
Content-Type: application/json; charset=utf-8
host: localhost:53640
accept: */*

Response DefaultHttpResponse(decodeResult: success, version: HTTP/1.1)
HTTP/1.1 200 OK
Content-Type: application/json; charset=utf-8
cache-control: no-cache
content-length: 32

14:56:50.510 [AsyncHttpClient-1-8] DEBUG org.asynchttpclient.netty.channel.ChannelManager - Adding key: http://localhost:53640 for channel [id: 0x8de459b3, L:/127.0.0.1:65224 - R:localhost/127.0.0.1:53640]
14:56:50.513 [main] DEBUG net.thucydides.core.steps.StepInterceptor - STEP DONE: errorMessageEquals
  &amp#27;[32mThen &amp#27;[0m&amp#27;[32mI get the &amp#27;[0m&amp#27;[32m&amp#27;[1m"login page"&amp#27;[0m             &amp#27;[90m# Starter.StepDefinitions.LoginStep.iGetThe(java.lang.String)&amp#27;[0m
14:56:50.525 [AsyncHttpClient-1-2] DEBUG org.asynchttpclient.netty.handler.WebSocketHandler - Channel Closed: [id: 0x162150b9, L:/127.0.0.1:65232 ! R:localhost/127.0.0.1:65225] with attribute NettyResponseFuture{currentRetry=5,
	isDone=1,
	isCancelled=0,
	asyncHandler=org.asynchttpclient.ws.WebSocketUpgradeHandler@1e0a34e1,
	nettyRequest=org.asynchttpclient.netty.request.NettyRequest@4984488b,
	future=java.util.concurrent.CompletableFuture@326e597[Completed normally],
	uri=ws://localhost:65225/devtools/browser/4ec03f5d-6046-4051-88b1-2b529f5aad15,
	keepAlive=true,
	redirectCount=0,
	timeoutsHolder=null,
	inAuth=0,
	touch=1652687807778}
14:56:50.525 [AsyncHttpClient-1-2] DEBUG org.asynchttpclient.netty.channel.ChannelManager - Closing Channel [id: 0x162150b9, L:/127.0.0.1:65232 ! R:localhost/127.0.0.1:65225] 
14:56:50.526 [Driver Command Executor] DEBUG org.asynchttpclient.netty.request.NettyRequestSender - Using pooled Channel '[id: 0x8de459b3, L:/127.0.0.1:65224 - R:localhost/127.0.0.1:53640]' for 'DELETE' to 'http://localhost:53640/session/8b22cb454bda5afec1e8e473cb3c16b7'
14:56:50.526 [Driver Command Executor] DEBUG org.asynchttpclient.netty.request.NettyRequestSender - Using open Channel [id: 0x8de459b3, L:/127.0.0.1:65224 - R:localhost/127.0.0.1:53640] for DELETE '/session/8b22cb454bda5afec1e8e473cb3c16b7'
14:56:50.590 [AsyncHttpClient-1-9] DEBUG org.asynchttpclient.netty.handler.HttpHandler - Unexpected I/O exception on channel [id: 0xeaf5448b, L:/127.0.0.1:65231 - R:localhost/127.0.0.1:65225]
java.net.SocketException: Connection reset
	at java.base/sun.nio.ch.SocketChannelImpl.throwConnectionReset(SocketChannelImpl.java:367)
	at java.base/sun.nio.ch.SocketChannelImpl.read(SocketChannelImpl.java:398)
	at io.netty.buffer.PooledByteBuf.setBytes(PooledByteBuf.java:258)
	at io.netty.buffer.AbstractByteBuf.writeBytes(AbstractByteBuf.java:1132)
	at io.netty.channel.socket.nio.NioSocketChannel.doReadBytes(NioSocketChannel.java:350)
	at io.netty.channel.nio.AbstractNioByteChannel$NioByteUnsafe.read(AbstractNioByteChannel.java:151)
	at io.netty.channel.nio.NioEventLoop.processSelectedKey(NioEventLoop.java:722)
	at io.netty.channel.nio.NioEventLoop.processSelectedKeysOptimized(NioEventLoop.java:658)
	at io.netty.channel.nio.NioEventLoop.processSelectedKeys(NioEventLoop.java:584)
	at io.netty.channel.nio.NioEventLoop.run(NioEventLoop.java:496)
	at io.netty.util.concurrent.SingleThreadEventExecutor$4.run(SingleThreadEventExecutor.java:986)
	at io.netty.util.internal.ThreadExecutorMap$2.run(ThreadExecutorMap.java:74)
	at io.netty.util.concurrent.FastThreadLocalRunnable.run(FastThreadLocalRunnable.java:30)
	at java.base/java.lang.Thread.run(Thread.java:832)
14:56:50.591 [AsyncHttpClient-1-9] DEBUG org.asynchttpclient.netty.channel.ChannelManager - Closing Channel [id: 0xeaf5448b, L:/127.0.0.1:65231 - R:localhost/127.0.0.1:65225] 
14:56:50.591 [AsyncHttpClient-1-9] DEBUG org.asynchttpclient.netty.handler.HttpHandler - Channel Closed: [id: 0xeaf5448b, L:/127.0.0.1:65231 ! R:localhost/127.0.0.1:65225] with attribute DISCARD
14:56:50.624 [AsyncHttpClient-1-8] DEBUG org.asynchttpclient.netty.handler.HttpHandler - 

Request DefaultFullHttpRequest(decodeResult: success, version: HTTP/1.1, content: EmptyByteBufBE)
DELETE /session/8b22cb454bda5afec1e8e473cb3c16b7 HTTP/1.1
User-Agent: selenium/4.1.2 (java windows)
Content-Type: application/json; charset=utf-8
host: localhost:53640
accept: */*

Response DefaultHttpResponse(decodeResult: success, version: HTTP/1.1)
HTTP/1.1 200 OK
Content-Type: application/json; charset=utf-8
cache-control: no-cache
content-length: 14

14:56:50.625 [AsyncHttpClient-1-8] DEBUG org.asynchttpclient.netty.channel.ChannelManager - Adding key: http://localhost:53640 for channel [id: 0x8de459b3, L:/127.0.0.1:65224 - R:localhost/127.0.0.1:53640]
14:56:50.692 [AsyncHttpClient-1-8] DEBUG org.asynchttpclient.netty.handler.HttpHandler - Channel Closed: [id: 0x8de459b3, L:/127.0.0.1:65224 ! R:localhost/127.0.0.1:53640] with attribute DISCARD
14:56:51.105 [AsyncHttpClient-1-1] DEBUG org.asynchttpclient.netty.channel.DefaultChannelPool - Entry count for : http://localhost:53640 : 1
14:56:51.105 [AsyncHttpClient-1-1] DEBUG org.asynchttpclient.netty.channel.DefaultChannelPool - Entry count for : http://localhost:65225 : 1
14:56:51.105 [AsyncHttpClient-1-1] DEBUG org.asynchttpclient.netty.channel.DefaultChannelPool - Adding Candidate expired Channel [id: 0x8de459b3, L:/127.0.0.1:65224 ! R:localhost/127.0.0.1:53640] isIdleTimeoutExpired=false isRemotelyClosed=true isTtlExpired=false
14:56:51.105 [AsyncHttpClient-1-1] DEBUG org.asynchttpclient.netty.channel.DefaultChannelPool - Closing Idle Channel [id: 0x8de459b3, L:/127.0.0.1:65224 ! R:localhost/127.0.0.1:53640]
14:56:51.105 [AsyncHttpClient-1-1] DEBUG org.asynchttpclient.netty.channel.DefaultChannelPool - Adding Candidate expired Channel [id: 0xeaf5448b, L:/127.0.0.1:65231 ! R:localhost/127.0.0.1:65225] isIdleTimeoutExpired=false isRemotelyClosed=true isTtlExpired=false
14:56:51.105 [AsyncHttpClient-1-1] DEBUG org.asynchttpclient.netty.channel.DefaultChannelPool - Closing Idle Channel [id: 0xeaf5448b, L:/127.0.0.1:65231 ! R:localhost/127.0.0.1:65225]
14:56:51.105 [AsyncHttpClient-1-1] DEBUG org.asynchttpclient.netty.channel.DefaultChannelPool - Closed 2 connections out of 2 in 0 ms
]]></system-out>
    <system-err><![CDATA[Starting ChromeDriver 101.0.4951.41 (93c720db8323b3ec10d056025ab95c23a31997c9-refs/branch-heads/4951@{#904}) on port 53640
Only local connections are allowed.
Please see https://chromedriver.chromium.org/security-considerations for suggestions on keeping ChromeDriver safe.
ChromeDriver was started successfully.
May 16, 2022 2:56:47 PM org.openqa.selenium.remote.ProtocolHandshake createSession
INFO: Detected dialect: W3C
May 16, 2022 2:56:47 PM org.openqa.selenium.devtools.CdpVersionFinder findNearestMatch
WARNING: Unable to find an exact match for CDP version 101, so returning the closest version found: 97
May 16, 2022 2:56:47 PM org.openqa.selenium.devtools.CdpVersionFinder findNearestMatch
INFO: Found CDP implementation for version 101 of 97
]]></system-err>
  </testcase>
  <testcase name="Login scenario #4" classname="Login" time="4.659">
    <system-out><![CDATA[
@Login
Scenario Outline: Login scenario &amp#27;[90m# src/test/resources/features/Login.feature:19&amp#27;[0m
14:56:51.224 [main] INFO io.cucumber.core.plugin.SerenityReporter - Running feature from file:///D:/data%20hakim/Mini%20Project%20Alterra/WebAlta/src/test/resources/features/Login.feature
14:56:51.242 [main] INFO net.serenitybdd.core.webdriver.driverproviders.ChromeDriverProvider - Using automatically driver download
14:56:51.359 [main] DEBUG io.github.bonigarcia.wdm.cache.ResolutionCache - Resolution chrome=101 in cache (valid until 15:32:06 16/05/2022 WIB)
14:56:51.362 [main] DEBUG io.github.bonigarcia.wdm.cache.ResolutionCache - Resolution chrome101=101.0.4951.41 in cache (valid until 14:32:06 17/05/2022 WIB)
14:56:51.365 [main] INFO io.github.bonigarcia.wdm.WebDriverManager - Using chromedriver 101.0.4951.41 (resolved driver for Chrome 101)
14:56:51.376 [main] DEBUG io.github.bonigarcia.wdm.WebDriverManager - Driver chromedriver 101.0.4951.41 found in cache
14:56:51.377 [main] INFO io.github.bonigarcia.wdm.WebDriverManager - Exporting webdriver.chrome.driver as C:\Users\hp pc\.cache\selenium\chromedriver\win32\101.0.4951.41\chromedriver.exe
14:56:51.467 [main] DEBUG net.serenitybdd.core.webdriver.driverproviders.ProvideNewDriver - Instantiating driver
14:56:51.467 [main] DEBUG net.serenitybdd.core.webdriver.driverproviders.ProvideNewDriver - Driver capabilities: Capabilities {acceptInsecureCerts: false, base.url: https://qa.alta.id/, browserName: chrome, chrome.driver: src/test/resources/webdrive..., driver: chrome, goog:chromeOptions: {args: [], extensions: []}}
14:56:52.000 [AsyncHttpClient-1-3] DEBUG org.asynchttpclient.netty.channel.NettyConnectListener - Using new Channel '[id: 0xd865fc16, L:/127.0.0.1:65254 - R:localhost/127.0.0.1:49732]' for 'POST' to '/session'
14:56:52.744 [AsyncHttpClient-1-3] DEBUG org.asynchttpclient.netty.handler.HttpHandler - 

Request DefaultHttpRequest(decodeResult: success, version: HTTP/1.1)
POST /session HTTP/1.1
User-Agent: selenium/4.1.2 (java windows)
Content-Length: 605
Content-Type: application/json; charset=utf-8
host: localhost:49732
accept: */*

Response DefaultHttpResponse(decodeResult: success, version: HTTP/1.1)
HTTP/1.1 200 OK
Content-Type: application/json; charset=utf-8
cache-control: no-cache
content-length: 789

14:56:52.744 [AsyncHttpClient-1-3] DEBUG org.asynchttpclient.netty.channel.ChannelManager - Adding key: http://localhost:49732 for channel [id: 0xd865fc16, L:/127.0.0.1:65254 - R:localhost/127.0.0.1:49732]
14:56:52.752 [AsyncHttpClient-1-4] DEBUG org.asynchttpclient.netty.channel.NettyConnectListener - Using new Channel '[id: 0xcec06f14, L:/127.0.0.1:65261 - R:localhost/127.0.0.1:65255]' for 'GET' to '/json/version'
14:56:52.752 [AsyncHttpClient-1-4] DEBUG org.asynchttpclient.netty.handler.HttpHandler - 

Request DefaultFullHttpRequest(decodeResult: success, version: HTTP/1.1, content: EmptyByteBufBE)
GET /json/version HTTP/1.1
User-Agent: selenium/4.1.2 (java windows)
host: localhost:65255
accept: */*

Response DefaultHttpResponse(decodeResult: success, version: HTTP/1.1)
HTTP/1.1 200 OK
Content-Type: application/json; charset=UTF-8
content-length: 427

14:56:52.753 [AsyncHttpClient-1-4] DEBUG org.asynchttpclient.netty.channel.ChannelManager - Adding key: http://localhost:65255 for channel [id: 0xcec06f14, L:/127.0.0.1:65261 - R:localhost/127.0.0.1:65255]
14:56:52.755 [AsyncHttpClient-1-5] DEBUG org.asynchttpclient.netty.channel.NettyConnectListener - Using new Channel '[id: 0x26337ff6, L:/127.0.0.1:65262 - R:localhost/127.0.0.1:65255]' for 'GET' to '/devtools/browser/1a0f283b-72c8-43e6-891a-da778d3760a6'
14:56:52.756 [AsyncHttpClient-1-5] DEBUG org.asynchttpclient.netty.handler.WebSocketHandler - 

Request DefaultFullHttpRequest(decodeResult: success, version: HTTP/1.1, content: EmptyByteBufBE)
GET /devtools/browser/1a0f283b-72c8-43e6-891a-da778d3760a6 HTTP/1.1
upgrade: websocket
connection: upgrade
sec-websocket-key: AhMFNb1pQUhCBKhCvD2ohQ==
sec-websocket-version: 13
origin: http://localhost:65255
host: localhost:65255
accept: */*
user-agent: AHC/2.1

Response DefaultHttpResponse(decodeResult: success, version: HTTP/1.1)
HTTP/1.1 101 WebSocket Protocol Handshake
Upgrade: WebSocket
Connection: Upgrade
Sec-WebSocket-Accept: 10ZPWeEu+9wTdEFqqncPJg4c4M8=

14:56:52.760 [Forwarding maximizeCurrentWindow on session 53bfb8acc537e98f02729bdc33ba9150 to remote] DEBUG org.asynchttpclient.netty.request.NettyRequestSender - Using pooled Channel '[id: 0xd865fc16, L:/127.0.0.1:65254 - R:localhost/127.0.0.1:49732]' for 'POST' to 'http://localhost:49732/session/53bfb8acc537e98f02729bdc33ba9150/window/maximize'
14:56:52.760 [Forwarding maximizeCurrentWindow on session 53bfb8acc537e98f02729bdc33ba9150 to remote] DEBUG org.asynchttpclient.netty.request.NettyRequestSender - Using open Channel [id: 0xd865fc16, L:/127.0.0.1:65254 - R:localhost/127.0.0.1:49732] for POST '/session/53bfb8acc537e98f02729bdc33ba9150/window/maximize'
14:56:52.880 [AsyncHttpClient-1-3] DEBUG org.asynchttpclient.netty.handler.HttpHandler - 

Request DefaultHttpRequest(decodeResult: success, version: HTTP/1.1)
POST /session/53bfb8acc537e98f02729bdc33ba9150/window/maximize HTTP/1.1
User-Agent: selenium/4.1.2 (java windows)
Content-Length: 3
Content-Type: application/json; charset=utf-8
host: localhost:49732
accept: */*

Response DefaultHttpResponse(decodeResult: success, version: HTTP/1.1)
HTTP/1.1 200 OK
Content-Type: application/json; charset=utf-8
cache-control: no-cache
content-length: 51

14:56:52.880 [AsyncHttpClient-1-3] DEBUG org.asynchttpclient.netty.channel.ChannelManager - Adding key: http://localhost:49732 for channel [id: 0xd865fc16, L:/127.0.0.1:65254 - R:localhost/127.0.0.1:49732]
14:56:52.882 [Forwarding get on session 53bfb8acc537e98f02729bdc33ba9150 to remote] DEBUG org.asynchttpclient.netty.request.NettyRequestSender - Using pooled Channel '[id: 0xd865fc16, L:/127.0.0.1:65254 - R:localhost/127.0.0.1:49732]' for 'POST' to 'http://localhost:49732/session/53bfb8acc537e98f02729bdc33ba9150/url'
14:56:52.882 [Forwarding get on session 53bfb8acc537e98f02729bdc33ba9150 to remote] DEBUG org.asynchttpclient.netty.request.NettyRequestSender - Using open Channel [id: 0xd865fc16, L:/127.0.0.1:65254 - R:localhost/127.0.0.1:49732] for POST '/session/53bfb8acc537e98f02729bdc33ba9150/url'
14:56:53.306 [AsyncHttpClient-1-1] DEBUG org.asynchttpclient.netty.channel.DefaultChannelPool - Entry count for : http://localhost:65255 : 1
14:56:53.793 [AsyncHttpClient-1-3] DEBUG org.asynchttpclient.netty.handler.HttpHandler - 

Request DefaultHttpRequest(decodeResult: success, version: HTTP/1.1)
POST /session/53bfb8acc537e98f02729bdc33ba9150/url HTTP/1.1
User-Agent: selenium/4.1.2 (java windows)
Content-Length: 64
Content-Type: application/json; charset=utf-8
host: localhost:49732
accept: */*

Response DefaultHttpResponse(decodeResult: success, version: HTTP/1.1)
HTTP/1.1 200 OK
Content-Type: application/json; charset=utf-8
cache-control: no-cache
content-length: 14

14:56:53.793 [AsyncHttpClient-1-3] DEBUG org.asynchttpclient.netty.channel.ChannelManager - Adding key: http://localhost:49732 for channel [id: 0xd865fc16, L:/127.0.0.1:65254 - R:localhost/127.0.0.1:49732]
14:56:53.795 [Forwarding setTimeout on session 53bfb8acc537e98f02729bdc33ba9150 to remote] DEBUG org.asynchttpclient.netty.request.NettyRequestSender - Using pooled Channel '[id: 0xd865fc16, L:/127.0.0.1:65254 - R:localhost/127.0.0.1:49732]' for 'POST' to 'http://localhost:49732/session/53bfb8acc537e98f02729bdc33ba9150/timeouts'
14:56:53.795 [Forwarding setTimeout on session 53bfb8acc537e98f02729bdc33ba9150 to remote] DEBUG org.asynchttpclient.netty.request.NettyRequestSender - Using open Channel [id: 0xd865fc16, L:/127.0.0.1:65254 - R:localhost/127.0.0.1:49732] for POST '/session/53bfb8acc537e98f02729bdc33ba9150/timeouts'
14:56:53.796 [AsyncHttpClient-1-3] DEBUG org.asynchttpclient.netty.handler.HttpHandler - 

Request DefaultHttpRequest(decodeResult: success, version: HTTP/1.1)
POST /session/53bfb8acc537e98f02729bdc33ba9150/timeouts HTTP/1.1
User-Agent: selenium/4.1.2 (java windows)
Content-Length: 22
Content-Type: application/json; charset=utf-8
host: localhost:49732
accept: */*

Response DefaultHttpResponse(decodeResult: success, version: HTTP/1.1)
HTTP/1.1 200 OK
Content-Type: application/json; charset=utf-8
cache-control: no-cache
content-length: 14

14:56:53.796 [AsyncHttpClient-1-3] DEBUG org.asynchttpclient.netty.channel.ChannelManager - Adding key: http://localhost:49732 for channel [id: 0xd865fc16, L:/127.0.0.1:65254 - R:localhost/127.0.0.1:49732]
14:56:53.799 [Forwarding getCurrentUrl on session 53bfb8acc537e98f02729bdc33ba9150 to remote] DEBUG org.asynchttpclient.netty.request.NettyRequestSender - Using pooled Channel '[id: 0xd865fc16, L:/127.0.0.1:65254 - R:localhost/127.0.0.1:49732]' for 'GET' to 'http://localhost:49732/session/53bfb8acc537e98f02729bdc33ba9150/url'
14:56:53.799 [Forwarding getCurrentUrl on session 53bfb8acc537e98f02729bdc33ba9150 to remote] DEBUG org.asynchttpclient.netty.request.NettyRequestSender - Using open Channel [id: 0xd865fc16, L:/127.0.0.1:65254 - R:localhost/127.0.0.1:49732] for GET '/session/53bfb8acc537e98f02729bdc33ba9150/url'
14:56:53.805 [AsyncHttpClient-1-3] DEBUG org.asynchttpclient.netty.handler.HttpHandler - 

Request DefaultFullHttpRequest(decodeResult: success, version: HTTP/1.1, content: EmptyByteBufBE)
GET /session/53bfb8acc537e98f02729bdc33ba9150/url HTTP/1.1
User-Agent: selenium/4.1.2 (java windows)
Cache-Control: no-cache
Content-Type: application/json; charset=utf-8
host: localhost:49732
accept: */*

Response DefaultHttpResponse(decodeResult: success, version: HTTP/1.1)
HTTP/1.1 200 OK
Content-Type: application/json; charset=utf-8
cache-control: no-cache
content-length: 41

14:56:53.805 [AsyncHttpClient-1-3] DEBUG org.asynchttpclient.netty.channel.ChannelManager - Adding key: http://localhost:49732 for channel [id: 0xd865fc16, L:/127.0.0.1:65254 - R:localhost/127.0.0.1:49732]
14:56:53.811 [Forwarding screenshot on session 53bfb8acc537e98f02729bdc33ba9150 to remote] DEBUG org.asynchttpclient.netty.request.NettyRequestSender - Using pooled Channel '[id: 0xd865fc16, L:/127.0.0.1:65254 - R:localhost/127.0.0.1:49732]' for 'GET' to 'http://localhost:49732/session/53bfb8acc537e98f02729bdc33ba9150/screenshot'
14:56:53.811 [Forwarding screenshot on session 53bfb8acc537e98f02729bdc33ba9150 to remote] DEBUG org.asynchttpclient.netty.request.NettyRequestSender - Using open Channel [id: 0xd865fc16, L:/127.0.0.1:65254 - R:localhost/127.0.0.1:49732] for GET '/session/53bfb8acc537e98f02729bdc33ba9150/screenshot'
14:56:53.964 [AsyncHttpClient-1-3] DEBUG org.asynchttpclient.netty.handler.HttpHandler - 

Request DefaultFullHttpRequest(decodeResult: success, version: HTTP/1.1, content: EmptyByteBufBE)
GET /session/53bfb8acc537e98f02729bdc33ba9150/screenshot HTTP/1.1
User-Agent: selenium/4.1.2 (java windows)
Cache-Control: no-cache
Content-Type: application/json; charset=utf-8
host: localhost:49732
accept: */*

Response DefaultHttpResponse(decodeResult: success, version: HTTP/1.1)
HTTP/1.1 200 OK
Content-Type: application/json; charset=utf-8
cache-control: no-cache
content-length: 24940

14:56:53.966 [AsyncHttpClient-1-3] DEBUG org.asynchttpclient.netty.channel.ChannelManager - Adding key: http://localhost:49732 for channel [id: 0xd865fc16, L:/127.0.0.1:65254 - R:localhost/127.0.0.1:49732]
14:56:53.968 [main] DEBUG net.serenitybdd.core.photography.Darkroom - Send negative for processing for target\site\serenity\11023edac3681808080020daf60d8cb00148736924ac340653f27273a0570072.png
14:56:53.968 [main] DEBUG net.thucydides.core.steps.StepInterceptor - STARTING STEP: LoginStep.iAmOnTheLoginPage - validateOnLoginPage
14:56:53.972 [Forwarding findElement on session 53bfb8acc537e98f02729bdc33ba9150 to remote] DEBUG org.asynchttpclient.netty.request.NettyRequestSender - Using pooled Channel '[id: 0xd865fc16, L:/127.0.0.1:65254 - R:localhost/127.0.0.1:49732]' for 'POST' to 'http://localhost:49732/session/53bfb8acc537e98f02729bdc33ba9150/element'
14:56:53.972 [Forwarding findElement on session 53bfb8acc537e98f02729bdc33ba9150 to remote] DEBUG org.asynchttpclient.netty.request.NettyRequestSender - Using open Channel [id: 0xd865fc16, L:/127.0.0.1:65254 - R:localhost/127.0.0.1:49732] for POST '/session/53bfb8acc537e98f02729bdc33ba9150/element'
14:56:53.982 [AsyncHttpClient-1-3] DEBUG org.asynchttpclient.netty.handler.HttpHandler - 

Request DefaultHttpRequest(decodeResult: success, version: HTTP/1.1)
POST /session/53bfb8acc537e98f02729bdc33ba9150/element HTTP/1.1
User-Agent: selenium/4.1.2 (java windows)
Content-Length: 136
Content-Type: application/json; charset=utf-8
host: localhost:49732
accept: */*

Response DefaultHttpResponse(decodeResult: success, version: HTTP/1.1)
HTTP/1.1 200 OK
Content-Type: application/json; charset=utf-8
cache-control: no-cache
content-length: 88

14:56:53.983 [AsyncHttpClient-1-3] DEBUG org.asynchttpclient.netty.channel.ChannelManager - Adding key: http://localhost:49732 for channel [id: 0xd865fc16, L:/127.0.0.1:65254 - R:localhost/127.0.0.1:49732]
14:56:53.986 [Forwarding isElementDisplayed on session 53bfb8acc537e98f02729bdc33ba9150 to remote] DEBUG org.asynchttpclient.netty.request.NettyRequestSender - Using pooled Channel '[id: 0xd865fc16, L:/127.0.0.1:65254 - R:localhost/127.0.0.1:49732]' for 'POST' to 'http://localhost:49732/session/53bfb8acc537e98f02729bdc33ba9150/execute/sync'
14:56:53.986 [Forwarding isElementDisplayed on session 53bfb8acc537e98f02729bdc33ba9150 to remote] DEBUG org.asynchttpclient.netty.request.NettyRequestSender - Using open Channel [id: 0xd865fc16, L:/127.0.0.1:65254 - R:localhost/127.0.0.1:49732] for POST '/session/53bfb8acc537e98f02729bdc33ba9150/execute/sync'
14:56:53.998 [AsyncHttpClient-1-3] DEBUG org.asynchttpclient.netty.handler.HttpHandler - 

Request DefaultHttpRequest(decodeResult: success, version: HTTP/1.1)
POST /session/53bfb8acc537e98f02729bdc33ba9150/execute/sync HTTP/1.1
User-Agent: selenium/4.1.2 (java windows)
Content-Length: 48780
Content-Type: application/json; charset=utf-8
host: localhost:49732
accept: */*

Response DefaultHttpResponse(decodeResult: success, version: HTTP/1.1)
HTTP/1.1 200 OK
Content-Type: application/json; charset=utf-8
cache-control: no-cache
content-length: 14

14:56:53.998 [AsyncHttpClient-1-3] DEBUG org.asynchttpclient.netty.channel.ChannelManager - Adding key: http://localhost:49732 for channel [id: 0xd865fc16, L:/127.0.0.1:65254 - R:localhost/127.0.0.1:49732]
14:56:54.003 [main] DEBUG net.thucydides.core.steps.StepInterceptor - STEP DONE: validateOnLoginPage
  &amp#27;[32mGiven &amp#27;[0m&amp#27;[32mI am on the login page&amp#27;[0m   &amp#27;[90m# Starter.StepDefinitions.LoginStep.iAmOnTheLoginPage()&amp#27;[0m
14:56:54.019 [Forwarding screenshot on session 53bfb8acc537e98f02729bdc33ba9150 to remote] DEBUG org.asynchttpclient.netty.request.NettyRequestSender - Using pooled Channel '[id: 0xd865fc16, L:/127.0.0.1:65254 - R:localhost/127.0.0.1:49732]' for 'GET' to 'http://localhost:49732/session/53bfb8acc537e98f02729bdc33ba9150/screenshot'
14:56:54.019 [Forwarding screenshot on session 53bfb8acc537e98f02729bdc33ba9150 to remote] DEBUG org.asynchttpclient.netty.request.NettyRequestSender - Using open Channel [id: 0xd865fc16, L:/127.0.0.1:65254 - R:localhost/127.0.0.1:49732] for GET '/session/53bfb8acc537e98f02729bdc33ba9150/screenshot'
14:56:54.096 [AsyncHttpClient-1-3] DEBUG org.asynchttpclient.netty.handler.HttpHandler - 

Request DefaultFullHttpRequest(decodeResult: success, version: HTTP/1.1, content: EmptyByteBufBE)
GET /session/53bfb8acc537e98f02729bdc33ba9150/screenshot HTTP/1.1
User-Agent: selenium/4.1.2 (java windows)
Cache-Control: no-cache
Content-Type: application/json; charset=utf-8
host: localhost:49732
accept: */*

Response DefaultHttpResponse(decodeResult: success, version: HTTP/1.1)
HTTP/1.1 200 OK
Content-Type: application/json; charset=utf-8
cache-control: no-cache
content-length: 24940

14:56:54.096 [AsyncHttpClient-1-3] DEBUG org.asynchttpclient.netty.channel.ChannelManager - Adding key: http://localhost:49732 for channel [id: 0xd865fc16, L:/127.0.0.1:65254 - R:localhost/127.0.0.1:49732]
14:56:54.098 [main] DEBUG net.serenitybdd.core.photography.Darkroom - Send negative for processing for target\site\serenity\11023edac3681808080020daf60d8cb00148736924ac340653f27273a0570072.png
14:56:54.098 [main] DEBUG net.thucydides.core.steps.StepInterceptor - STARTING STEP: LoginStep.iInputEmail - inputEmail
14:56:54.100 [Forwarding findElement on session 53bfb8acc537e98f02729bdc33ba9150 to remote] DEBUG org.asynchttpclient.netty.request.NettyRequestSender - Using pooled Channel '[id: 0xd865fc16, L:/127.0.0.1:65254 - R:localhost/127.0.0.1:49732]' for 'POST' to 'http://localhost:49732/session/53bfb8acc537e98f02729bdc33ba9150/element'
14:56:54.100 [Forwarding findElement on session 53bfb8acc537e98f02729bdc33ba9150 to remote] DEBUG org.asynchttpclient.netty.request.NettyRequestSender - Using open Channel [id: 0xd865fc16, L:/127.0.0.1:65254 - R:localhost/127.0.0.1:49732] for POST '/session/53bfb8acc537e98f02729bdc33ba9150/element'
14:56:54.110 [AsyncHttpClient-1-3] DEBUG org.asynchttpclient.netty.handler.HttpHandler - 

Request DefaultHttpRequest(decodeResult: success, version: HTTP/1.1)
POST /session/53bfb8acc537e98f02729bdc33ba9150/element HTTP/1.1
User-Agent: selenium/4.1.2 (java windows)
Content-Length: 91
Content-Type: application/json; charset=utf-8
host: localhost:49732
accept: */*

Response DefaultHttpResponse(decodeResult: success, version: HTTP/1.1)
HTTP/1.1 200 OK
Content-Type: application/json; charset=utf-8
cache-control: no-cache
content-length: 88

14:56:54.110 [AsyncHttpClient-1-3] DEBUG org.asynchttpclient.netty.channel.ChannelManager - Adding key: http://localhost:49732 for channel [id: 0xd865fc16, L:/127.0.0.1:65254 - R:localhost/127.0.0.1:49732]
14:56:54.111 [Forwarding clearElement on session 53bfb8acc537e98f02729bdc33ba9150 to remote] DEBUG org.asynchttpclient.netty.request.NettyRequestSender - Using pooled Channel '[id: 0xd865fc16, L:/127.0.0.1:65254 - R:localhost/127.0.0.1:49732]' for 'POST' to 'http://localhost:49732/session/53bfb8acc537e98f02729bdc33ba9150/element/fd9f2c75-77a5-4c42-a920-58f3de32e5f7/clear'
14:56:54.111 [Forwarding clearElement on session 53bfb8acc537e98f02729bdc33ba9150 to remote] DEBUG org.asynchttpclient.netty.request.NettyRequestSender - Using open Channel [id: 0xd865fc16, L:/127.0.0.1:65254 - R:localhost/127.0.0.1:49732] for POST '/session/53bfb8acc537e98f02729bdc33ba9150/element/fd9f2c75-77a5-4c42-a920-58f3de32e5f7/clear'
14:56:54.139 [AsyncHttpClient-1-3] DEBUG org.asynchttpclient.netty.handler.HttpHandler - 

Request DefaultHttpRequest(decodeResult: success, version: HTTP/1.1)
POST /session/53bfb8acc537e98f02729bdc33ba9150/element/fd9f2c75-77a5-4c42-a920-58f3de32e5f7/clear HTTP/1.1
User-Agent: selenium/4.1.2 (java windows)
Content-Length: 50
Content-Type: application/json; charset=utf-8
host: localhost:49732
accept: */*

Response DefaultHttpResponse(decodeResult: success, version: HTTP/1.1)
HTTP/1.1 200 OK
Content-Type: application/json; charset=utf-8
cache-control: no-cache
content-length: 14

14:56:54.139 [AsyncHttpClient-1-3] DEBUG org.asynchttpclient.netty.channel.ChannelManager - Adding key: http://localhost:49732 for channel [id: 0xd865fc16, L:/127.0.0.1:65254 - R:localhost/127.0.0.1:49732]
14:56:54.140 [Forwarding sendKeysToElement on session 53bfb8acc537e98f02729bdc33ba9150 to remote] DEBUG org.asynchttpclient.netty.request.NettyRequestSender - Using pooled Channel '[id: 0xd865fc16, L:/127.0.0.1:65254 - R:localhost/127.0.0.1:49732]' for 'POST' to 'http://localhost:49732/session/53bfb8acc537e98f02729bdc33ba9150/element/fd9f2c75-77a5-4c42-a920-58f3de32e5f7/value'
14:56:54.140 [Forwarding sendKeysToElement on session 53bfb8acc537e98f02729bdc33ba9150 to remote] DEBUG org.asynchttpclient.netty.request.NettyRequestSender - Using open Channel [id: 0xd865fc16, L:/127.0.0.1:65254 - R:localhost/127.0.0.1:49732] for POST '/session/53bfb8acc537e98f02729bdc33ba9150/element/fd9f2c75-77a5-4c42-a920-58f3de32e5f7/value'
14:56:54.175 [AsyncHttpClient-1-3] DEBUG org.asynchttpclient.netty.handler.HttpHandler - 

Request DefaultHttpRequest(decodeResult: success, version: HTTP/1.1)
POST /session/53bfb8acc537e98f02729bdc33ba9150/element/fd9f2c75-77a5-4c42-a920-58f3de32e5f7/value HTTP/1.1
User-Agent: selenium/4.1.2 (java windows)
Content-Length: 82
Content-Type: application/json; charset=utf-8
host: localhost:49732
accept: */*

Response DefaultHttpResponse(decodeResult: success, version: HTTP/1.1)
HTTP/1.1 200 OK
Content-Type: application/json; charset=utf-8
cache-control: no-cache
content-length: 14

14:56:54.175 [AsyncHttpClient-1-3] DEBUG org.asynchttpclient.netty.channel.ChannelManager - Adding key: http://localhost:49732 for channel [id: 0xd865fc16, L:/127.0.0.1:65254 - R:localhost/127.0.0.1:49732]
14:56:54.185 [Forwarding screenshot on session 53bfb8acc537e98f02729bdc33ba9150 to remote] DEBUG org.asynchttpclient.netty.request.NettyRequestSender - Using pooled Channel '[id: 0xd865fc16, L:/127.0.0.1:65254 - R:localhost/127.0.0.1:49732]' for 'GET' to 'http://localhost:49732/session/53bfb8acc537e98f02729bdc33ba9150/screenshot'
14:56:54.185 [Forwarding screenshot on session 53bfb8acc537e98f02729bdc33ba9150 to remote] DEBUG org.asynchttpclient.netty.request.NettyRequestSender - Using open Channel [id: 0xd865fc16, L:/127.0.0.1:65254 - R:localhost/127.0.0.1:49732] for GET '/session/53bfb8acc537e98f02729bdc33ba9150/screenshot'
14:56:54.293 [AsyncHttpClient-1-3] DEBUG org.asynchttpclient.netty.handler.HttpHandler - 

Request DefaultFullHttpRequest(decodeResult: success, version: HTTP/1.1, content: EmptyByteBufBE)
GET /session/53bfb8acc537e98f02729bdc33ba9150/screenshot HTTP/1.1
User-Agent: selenium/4.1.2 (java windows)
Cache-Control: no-cache
Content-Type: application/json; charset=utf-8
host: localhost:49732
accept: */*

Response DefaultHttpResponse(decodeResult: success, version: HTTP/1.1)
HTTP/1.1 200 OK
Content-Type: application/json; charset=utf-8
cache-control: no-cache
content-length: 25184

14:56:54.294 [AsyncHttpClient-1-3] DEBUG org.asynchttpclient.netty.channel.ChannelManager - Adding key: http://localhost:49732 for channel [id: 0xd865fc16, L:/127.0.0.1:65254 - R:localhost/127.0.0.1:49732]
14:56:54.295 [main] DEBUG net.serenitybdd.core.photography.Darkroom - Send negative for processing for target\site\serenity\a47ef47417d2e33bfd12e2c661ef2ed557d0ef6c47aecf5843624a26897df7bf.png
14:56:54.295 [main] DEBUG net.thucydides.core.steps.StepInterceptor - STEP DONE: inputEmail
  &amp#27;[32mWhen &amp#27;[0m&amp#27;[32mI input &amp#27;[0m&amp#27;[32m&amp#27;[1m""&amp#27;[0m&amp#27;[32m email&amp#27;[0m          &amp#27;[90m# Starter.StepDefinitions.LoginStep.iInputEmail(java.lang.String)&amp#27;[0m
14:56:54.295 [Darkroom Processing Line] DEBUG net.serenitybdd.core.photography.DarkroomProcessingLine - Processing screenshot image in /var/screenshots/screenshot-3656677007083215916
14:56:54.295 [Darkroom Processing Line] DEBUG net.serenitybdd.core.photography.DarkroomProcessingLine - Saving screenshot to target\site\serenity\a47ef47417d2e33bfd12e2c661ef2ed557d0ef6c47aecf5843624a26897df7bf.png
14:56:54.307 [main] DEBUG net.thucydides.core.steps.StepInterceptor - STARTING STEP: LoginStep.iInputPassword - inputPassword
14:56:54.309 [Forwarding findElement on session 53bfb8acc537e98f02729bdc33ba9150 to remote] DEBUG org.asynchttpclient.netty.request.NettyRequestSender - Using pooled Channel '[id: 0xd865fc16, L:/127.0.0.1:65254 - R:localhost/127.0.0.1:49732]' for 'POST' to 'http://localhost:49732/session/53bfb8acc537e98f02729bdc33ba9150/element'
14:56:54.309 [Forwarding findElement on session 53bfb8acc537e98f02729bdc33ba9150 to remote] DEBUG org.asynchttpclient.netty.request.NettyRequestSender - Using open Channel [id: 0xd865fc16, L:/127.0.0.1:65254 - R:localhost/127.0.0.1:49732] for POST '/session/53bfb8acc537e98f02729bdc33ba9150/element'
14:56:54.319 [AsyncHttpClient-1-3] DEBUG org.asynchttpclient.netty.handler.HttpHandler - 

Request DefaultHttpRequest(decodeResult: success, version: HTTP/1.1)
POST /session/53bfb8acc537e98f02729bdc33ba9150/element HTTP/1.1
User-Agent: selenium/4.1.2 (java windows)
Content-Length: 94
Content-Type: application/json; charset=utf-8
host: localhost:49732
accept: */*

Response DefaultHttpResponse(decodeResult: success, version: HTTP/1.1)
HTTP/1.1 200 OK
Content-Type: application/json; charset=utf-8
cache-control: no-cache
content-length: 88

14:56:54.320 [AsyncHttpClient-1-3] DEBUG org.asynchttpclient.netty.channel.ChannelManager - Adding key: http://localhost:49732 for channel [id: 0xd865fc16, L:/127.0.0.1:65254 - R:localhost/127.0.0.1:49732]
14:56:54.322 [Forwarding clearElement on session 53bfb8acc537e98f02729bdc33ba9150 to remote] DEBUG org.asynchttpclient.netty.request.NettyRequestSender - Using pooled Channel '[id: 0xd865fc16, L:/127.0.0.1:65254 - R:localhost/127.0.0.1:49732]' for 'POST' to 'http://localhost:49732/session/53bfb8acc537e98f02729bdc33ba9150/element/baa10c00-42c5-4379-917b-4ab084e90b7a/clear'
14:56:54.322 [Forwarding clearElement on session 53bfb8acc537e98f02729bdc33ba9150 to remote] DEBUG org.asynchttpclient.netty.request.NettyRequestSender - Using open Channel [id: 0xd865fc16, L:/127.0.0.1:65254 - R:localhost/127.0.0.1:49732] for POST '/session/53bfb8acc537e98f02729bdc33ba9150/element/baa10c00-42c5-4379-917b-4ab084e90b7a/clear'
14:56:54.347 [AsyncHttpClient-1-3] DEBUG org.asynchttpclient.netty.handler.HttpHandler - 

Request DefaultHttpRequest(decodeResult: success, version: HTTP/1.1)
POST /session/53bfb8acc537e98f02729bdc33ba9150/element/baa10c00-42c5-4379-917b-4ab084e90b7a/clear HTTP/1.1
User-Agent: selenium/4.1.2 (java windows)
Content-Length: 50
Content-Type: application/json; charset=utf-8
host: localhost:49732
accept: */*

Response DefaultHttpResponse(decodeResult: success, version: HTTP/1.1)
HTTP/1.1 200 OK
Content-Type: application/json; charset=utf-8
cache-control: no-cache
content-length: 14

14:56:54.347 [AsyncHttpClient-1-3] DEBUG org.asynchttpclient.netty.channel.ChannelManager - Adding key: http://localhost:49732 for channel [id: 0xd865fc16, L:/127.0.0.1:65254 - R:localhost/127.0.0.1:49732]
14:56:54.350 [Forwarding sendKeysToElement on session 53bfb8acc537e98f02729bdc33ba9150 to remote] DEBUG org.asynchttpclient.netty.request.NettyRequestSender - Using pooled Channel '[id: 0xd865fc16, L:/127.0.0.1:65254 - R:localhost/127.0.0.1:49732]' for 'POST' to 'http://localhost:49732/session/53bfb8acc537e98f02729bdc33ba9150/element/baa10c00-42c5-4379-917b-4ab084e90b7a/value'
14:56:54.350 [Forwarding sendKeysToElement on session 53bfb8acc537e98f02729bdc33ba9150 to remote] DEBUG org.asynchttpclient.netty.request.NettyRequestSender - Using open Channel [id: 0xd865fc16, L:/127.0.0.1:65254 - R:localhost/127.0.0.1:49732] for POST '/session/53bfb8acc537e98f02729bdc33ba9150/element/baa10c00-42c5-4379-917b-4ab084e90b7a/value'
14:56:54.382 [AsyncHttpClient-1-3] DEBUG org.asynchttpclient.netty.handler.HttpHandler - 

Request DefaultHttpRequest(decodeResult: success, version: HTTP/1.1)
POST /session/53bfb8acc537e98f02729bdc33ba9150/element/baa10c00-42c5-4379-917b-4ab084e90b7a/value HTTP/1.1
User-Agent: selenium/4.1.2 (java windows)
Content-Length: 82
Content-Type: application/json; charset=utf-8
host: localhost:49732
accept: */*

Response DefaultHttpResponse(decodeResult: success, version: HTTP/1.1)
HTTP/1.1 200 OK
Content-Type: application/json; charset=utf-8
cache-control: no-cache
content-length: 14

14:56:54.382 [AsyncHttpClient-1-3] DEBUG org.asynchttpclient.netty.channel.ChannelManager - Adding key: http://localhost:49732 for channel [id: 0xd865fc16, L:/127.0.0.1:65254 - R:localhost/127.0.0.1:49732]
14:56:54.391 [Forwarding screenshot on session 53bfb8acc537e98f02729bdc33ba9150 to remote] DEBUG org.asynchttpclient.netty.request.NettyRequestSender - Using pooled Channel '[id: 0xd865fc16, L:/127.0.0.1:65254 - R:localhost/127.0.0.1:49732]' for 'GET' to 'http://localhost:49732/session/53bfb8acc537e98f02729bdc33ba9150/screenshot'
14:56:54.391 [Forwarding screenshot on session 53bfb8acc537e98f02729bdc33ba9150 to remote] DEBUG org.asynchttpclient.netty.request.NettyRequestSender - Using open Channel [id: 0xd865fc16, L:/127.0.0.1:65254 - R:localhost/127.0.0.1:49732] for GET '/session/53bfb8acc537e98f02729bdc33ba9150/screenshot'
14:56:54.401 [AsyncHttpClient-1-1] DEBUG org.asynchttpclient.netty.channel.DefaultChannelPool - Entry count for : http://localhost:65255 : 1
14:56:54.484 [AsyncHttpClient-1-3] DEBUG org.asynchttpclient.netty.handler.HttpHandler - 

Request DefaultFullHttpRequest(decodeResult: success, version: HTTP/1.1, content: EmptyByteBufBE)
GET /session/53bfb8acc537e98f02729bdc33ba9150/screenshot HTTP/1.1
User-Agent: selenium/4.1.2 (java windows)
Cache-Control: no-cache
Content-Type: application/json; charset=utf-8
host: localhost:49732
accept: */*

Response DefaultHttpResponse(decodeResult: success, version: HTTP/1.1)
HTTP/1.1 200 OK
Content-Type: application/json; charset=utf-8
cache-control: no-cache
content-length: 25464

14:56:54.485 [AsyncHttpClient-1-3] DEBUG org.asynchttpclient.netty.channel.ChannelManager - Adding key: http://localhost:49732 for channel [id: 0xd865fc16, L:/127.0.0.1:65254 - R:localhost/127.0.0.1:49732]
14:56:54.487 [main] DEBUG net.serenitybdd.core.photography.Darkroom - Send negative for processing for target\site\serenity\a6ab5d60cefcee947ed3d27283d8526fb6a6c63dd79cba0e0233a63e4a777786.png
14:56:54.487 [main] DEBUG net.thucydides.core.steps.StepInterceptor - STEP DONE: inputPassword
14:56:54.487 [Darkroom Processing Line] DEBUG net.serenitybdd.core.photography.DarkroomProcessingLine - Processing screenshot image in /var/screenshots/screenshot-14471503147120404003
14:56:54.487 [Darkroom Processing Line] DEBUG net.serenitybdd.core.photography.DarkroomProcessingLine - Saving screenshot to target\site\serenity\a6ab5d60cefcee947ed3d27283d8526fb6a6c63dd79cba0e0233a63e4a777786.png
  &amp#27;[32mAnd &amp#27;[0m&amp#27;[32mI input &amp#27;[0m&amp#27;[32m&amp#27;[1m""&amp#27;[0m&amp#27;[32m password&amp#27;[0m        &amp#27;[90m# Starter.StepDefinitions.LoginStep.iInputPassword(java.lang.String)&amp#27;[0m
14:56:54.504 [main] DEBUG net.thucydides.core.steps.StepInterceptor - STARTING STEP: LoginStep.clickLoginButton - clickLoginButton
14:56:54.508 [Forwarding findElement on session 53bfb8acc537e98f02729bdc33ba9150 to remote] DEBUG org.asynchttpclient.netty.request.NettyRequestSender - Using pooled Channel '[id: 0xd865fc16, L:/127.0.0.1:65254 - R:localhost/127.0.0.1:49732]' for 'POST' to 'http://localhost:49732/session/53bfb8acc537e98f02729bdc33ba9150/element'
14:56:54.508 [Forwarding findElement on session 53bfb8acc537e98f02729bdc33ba9150 to remote] DEBUG org.asynchttpclient.netty.request.NettyRequestSender - Using open Channel [id: 0xd865fc16, L:/127.0.0.1:65254 - R:localhost/127.0.0.1:49732] for POST '/session/53bfb8acc537e98f02729bdc33ba9150/element'
14:56:54.515 [AsyncHttpClient-1-3] DEBUG org.asynchttpclient.netty.handler.HttpHandler - 

Request DefaultHttpRequest(decodeResult: success, version: HTTP/1.1)
POST /session/53bfb8acc537e98f02729bdc33ba9150/element HTTP/1.1
User-Agent: selenium/4.1.2 (java windows)
Content-Length: 136
Content-Type: application/json; charset=utf-8
host: localhost:49732
accept: */*

Response DefaultHttpResponse(decodeResult: success, version: HTTP/1.1)
HTTP/1.1 200 OK
Content-Type: application/json; charset=utf-8
cache-control: no-cache
content-length: 88

14:56:54.516 [AsyncHttpClient-1-3] DEBUG org.asynchttpclient.netty.channel.ChannelManager - Adding key: http://localhost:49732 for channel [id: 0xd865fc16, L:/127.0.0.1:65254 - R:localhost/127.0.0.1:49732]
14:56:54.518 [Forwarding getElementTagName on session 53bfb8acc537e98f02729bdc33ba9150 to remote] DEBUG org.asynchttpclient.netty.request.NettyRequestSender - Using pooled Channel '[id: 0xd865fc16, L:/127.0.0.1:65254 - R:localhost/127.0.0.1:49732]' for 'GET' to 'http://localhost:49732/session/53bfb8acc537e98f02729bdc33ba9150/element/cf655afc-58c5-4dfa-9f7e-ea1d90a54441/name'
14:56:54.518 [Forwarding getElementTagName on session 53bfb8acc537e98f02729bdc33ba9150 to remote] DEBUG org.asynchttpclient.netty.request.NettyRequestSender - Using open Channel [id: 0xd865fc16, L:/127.0.0.1:65254 - R:localhost/127.0.0.1:49732] for GET '/session/53bfb8acc537e98f02729bdc33ba9150/element/cf655afc-58c5-4dfa-9f7e-ea1d90a54441/name'
14:56:54.522 [AsyncHttpClient-1-3] DEBUG org.asynchttpclient.netty.handler.HttpHandler - 

Request DefaultFullHttpRequest(decodeResult: success, version: HTTP/1.1, content: EmptyByteBufBE)
GET /session/53bfb8acc537e98f02729bdc33ba9150/element/cf655afc-58c5-4dfa-9f7e-ea1d90a54441/name HTTP/1.1
User-Agent: selenium/4.1.2 (java windows)
Cache-Control: no-cache
Content-Type: application/json; charset=utf-8
host: localhost:49732
accept: */*

Response DefaultHttpResponse(decodeResult: success, version: HTTP/1.1)
HTTP/1.1 200 OK
Content-Type: application/json; charset=utf-8
cache-control: no-cache
content-length: 18

14:56:54.522 [AsyncHttpClient-1-3] DEBUG org.asynchttpclient.netty.channel.ChannelManager - Adding key: http://localhost:49732 for channel [id: 0xd865fc16, L:/127.0.0.1:65254 - R:localhost/127.0.0.1:49732]
14:56:54.525 [Forwarding getElementTagName on session 53bfb8acc537e98f02729bdc33ba9150 to remote] DEBUG org.asynchttpclient.netty.request.NettyRequestSender - Using pooled Channel '[id: 0xd865fc16, L:/127.0.0.1:65254 - R:localhost/127.0.0.1:49732]' for 'GET' to 'http://localhost:49732/session/53bfb8acc537e98f02729bdc33ba9150/element/cf655afc-58c5-4dfa-9f7e-ea1d90a54441/name'
14:56:54.525 [Forwarding getElementTagName on session 53bfb8acc537e98f02729bdc33ba9150 to remote] DEBUG org.asynchttpclient.netty.request.NettyRequestSender - Using open Channel [id: 0xd865fc16, L:/127.0.0.1:65254 - R:localhost/127.0.0.1:49732] for GET '/session/53bfb8acc537e98f02729bdc33ba9150/element/cf655afc-58c5-4dfa-9f7e-ea1d90a54441/name'
14:56:54.529 [AsyncHttpClient-1-3] DEBUG org.asynchttpclient.netty.handler.HttpHandler - 

Request DefaultFullHttpRequest(decodeResult: success, version: HTTP/1.1, content: EmptyByteBufBE)
GET /session/53bfb8acc537e98f02729bdc33ba9150/element/cf655afc-58c5-4dfa-9f7e-ea1d90a54441/name HTTP/1.1
User-Agent: selenium/4.1.2 (java windows)
Cache-Control: no-cache
Content-Type: application/json; charset=utf-8
host: localhost:49732
accept: */*

Response DefaultHttpResponse(decodeResult: success, version: HTTP/1.1)
HTTP/1.1 200 OK
Content-Type: application/json; charset=utf-8
cache-control: no-cache
content-length: 18

14:56:54.529 [AsyncHttpClient-1-3] DEBUG org.asynchttpclient.netty.channel.ChannelManager - Adding key: http://localhost:49732 for channel [id: 0xd865fc16, L:/127.0.0.1:65254 - R:localhost/127.0.0.1:49732]
14:56:54.533 [Forwarding isElementEnabled on session 53bfb8acc537e98f02729bdc33ba9150 to remote] DEBUG org.asynchttpclient.netty.request.NettyRequestSender - Using pooled Channel '[id: 0xd865fc16, L:/127.0.0.1:65254 - R:localhost/127.0.0.1:49732]' for 'GET' to 'http://localhost:49732/session/53bfb8acc537e98f02729bdc33ba9150/element/cf655afc-58c5-4dfa-9f7e-ea1d90a54441/enabled'
14:56:54.533 [Forwarding isElementEnabled on session 53bfb8acc537e98f02729bdc33ba9150 to remote] DEBUG org.asynchttpclient.netty.request.NettyRequestSender - Using open Channel [id: 0xd865fc16, L:/127.0.0.1:65254 - R:localhost/127.0.0.1:49732] for GET '/session/53bfb8acc537e98f02729bdc33ba9150/element/cf655afc-58c5-4dfa-9f7e-ea1d90a54441/enabled'
14:56:54.541 [AsyncHttpClient-1-3] DEBUG org.asynchttpclient.netty.handler.HttpHandler - 

Request DefaultFullHttpRequest(decodeResult: success, version: HTTP/1.1, content: EmptyByteBufBE)
GET /session/53bfb8acc537e98f02729bdc33ba9150/element/cf655afc-58c5-4dfa-9f7e-ea1d90a54441/enabled HTTP/1.1
User-Agent: selenium/4.1.2 (java windows)
Cache-Control: no-cache
Content-Type: application/json; charset=utf-8
host: localhost:49732
accept: */*

Response DefaultHttpResponse(decodeResult: success, version: HTTP/1.1)
HTTP/1.1 200 OK
Content-Type: application/json; charset=utf-8
cache-control: no-cache
content-length: 14

14:56:54.541 [AsyncHttpClient-1-3] DEBUG org.asynchttpclient.netty.channel.ChannelManager - Adding key: http://localhost:49732 for channel [id: 0xd865fc16, L:/127.0.0.1:65254 - R:localhost/127.0.0.1:49732]
14:56:54.542 [Forwarding isElementEnabled on session 53bfb8acc537e98f02729bdc33ba9150 to remote] DEBUG org.asynchttpclient.netty.request.NettyRequestSender - Using pooled Channel '[id: 0xd865fc16, L:/127.0.0.1:65254 - R:localhost/127.0.0.1:49732]' for 'GET' to 'http://localhost:49732/session/53bfb8acc537e98f02729bdc33ba9150/element/cf655afc-58c5-4dfa-9f7e-ea1d90a54441/enabled'
14:56:54.543 [Forwarding isElementEnabled on session 53bfb8acc537e98f02729bdc33ba9150 to remote] DEBUG org.asynchttpclient.netty.request.NettyRequestSender - Using open Channel [id: 0xd865fc16, L:/127.0.0.1:65254 - R:localhost/127.0.0.1:49732] for GET '/session/53bfb8acc537e98f02729bdc33ba9150/element/cf655afc-58c5-4dfa-9f7e-ea1d90a54441/enabled'
14:56:54.548 [AsyncHttpClient-1-3] DEBUG org.asynchttpclient.netty.handler.HttpHandler - 

Request DefaultFullHttpRequest(decodeResult: success, version: HTTP/1.1, content: EmptyByteBufBE)
GET /session/53bfb8acc537e98f02729bdc33ba9150/element/cf655afc-58c5-4dfa-9f7e-ea1d90a54441/enabled HTTP/1.1
User-Agent: selenium/4.1.2 (java windows)
Cache-Control: no-cache
Content-Type: application/json; charset=utf-8
host: localhost:49732
accept: */*

Response DefaultHttpResponse(decodeResult: success, version: HTTP/1.1)
HTTP/1.1 200 OK
Content-Type: application/json; charset=utf-8
cache-control: no-cache
content-length: 14

14:56:54.549 [AsyncHttpClient-1-3] DEBUG org.asynchttpclient.netty.channel.ChannelManager - Adding key: http://localhost:49732 for channel [id: 0xd865fc16, L:/127.0.0.1:65254 - R:localhost/127.0.0.1:49732]
14:56:54.554 [Forwarding findElement on session 53bfb8acc537e98f02729bdc33ba9150 to remote] DEBUG org.asynchttpclient.netty.request.NettyRequestSender - Using pooled Channel '[id: 0xd865fc16, L:/127.0.0.1:65254 - R:localhost/127.0.0.1:49732]' for 'POST' to 'http://localhost:49732/session/53bfb8acc537e98f02729bdc33ba9150/element'
14:56:54.554 [Forwarding findElement on session 53bfb8acc537e98f02729bdc33ba9150 to remote] DEBUG org.asynchttpclient.netty.request.NettyRequestSender - Using open Channel [id: 0xd865fc16, L:/127.0.0.1:65254 - R:localhost/127.0.0.1:49732] for POST '/session/53bfb8acc537e98f02729bdc33ba9150/element'
14:56:54.560 [AsyncHttpClient-1-3] DEBUG org.asynchttpclient.netty.handler.HttpHandler - 

Request DefaultHttpRequest(decodeResult: success, version: HTTP/1.1)
POST /session/53bfb8acc537e98f02729bdc33ba9150/element HTTP/1.1
User-Agent: selenium/4.1.2 (java windows)
Content-Length: 136
Content-Type: application/json; charset=utf-8
host: localhost:49732
accept: */*

Response DefaultHttpResponse(decodeResult: success, version: HTTP/1.1)
HTTP/1.1 200 OK
Content-Type: application/json; charset=utf-8
cache-control: no-cache
content-length: 88

14:56:54.561 [AsyncHttpClient-1-3] DEBUG org.asynchttpclient.netty.channel.ChannelManager - Adding key: http://localhost:49732 for channel [id: 0xd865fc16, L:/127.0.0.1:65254 - R:localhost/127.0.0.1:49732]
14:56:54.562 [Forwarding clickElement on session 53bfb8acc537e98f02729bdc33ba9150 to remote] DEBUG org.asynchttpclient.netty.request.NettyRequestSender - Using pooled Channel '[id: 0xd865fc16, L:/127.0.0.1:65254 - R:localhost/127.0.0.1:49732]' for 'POST' to 'http://localhost:49732/session/53bfb8acc537e98f02729bdc33ba9150/element/cf655afc-58c5-4dfa-9f7e-ea1d90a54441/click'
14:56:54.562 [Forwarding clickElement on session 53bfb8acc537e98f02729bdc33ba9150 to remote] DEBUG org.asynchttpclient.netty.request.NettyRequestSender - Using open Channel [id: 0xd865fc16, L:/127.0.0.1:65254 - R:localhost/127.0.0.1:49732] for POST '/session/53bfb8acc537e98f02729bdc33ba9150/element/cf655afc-58c5-4dfa-9f7e-ea1d90a54441/click'
14:56:54.606 [AsyncHttpClient-1-3] DEBUG org.asynchttpclient.netty.handler.HttpHandler - 

Request DefaultHttpRequest(decodeResult: success, version: HTTP/1.1)
POST /session/53bfb8acc537e98f02729bdc33ba9150/element/cf655afc-58c5-4dfa-9f7e-ea1d90a54441/click HTTP/1.1
User-Agent: selenium/4.1.2 (java windows)
Content-Length: 50
Content-Type: application/json; charset=utf-8
host: localhost:49732
accept: */*

Response DefaultHttpResponse(decodeResult: success, version: HTTP/1.1)
HTTP/1.1 200 OK
Content-Type: application/json; charset=utf-8
cache-control: no-cache
content-length: 14

14:56:54.606 [AsyncHttpClient-1-3] DEBUG org.asynchttpclient.netty.channel.ChannelManager - Adding key: http://localhost:49732 for channel [id: 0xd865fc16, L:/127.0.0.1:65254 - R:localhost/127.0.0.1:49732]
14:56:54.612 [Forwarding screenshot on session 53bfb8acc537e98f02729bdc33ba9150 to remote] DEBUG org.asynchttpclient.netty.request.NettyRequestSender - Using pooled Channel '[id: 0xd865fc16, L:/127.0.0.1:65254 - R:localhost/127.0.0.1:49732]' for 'GET' to 'http://localhost:49732/session/53bfb8acc537e98f02729bdc33ba9150/screenshot'
14:56:54.612 [Forwarding screenshot on session 53bfb8acc537e98f02729bdc33ba9150 to remote] DEBUG org.asynchttpclient.netty.request.NettyRequestSender - Using open Channel [id: 0xd865fc16, L:/127.0.0.1:65254 - R:localhost/127.0.0.1:49732] for GET '/session/53bfb8acc537e98f02729bdc33ba9150/screenshot'
14:56:54.749 [AsyncHttpClient-1-3] DEBUG org.asynchttpclient.netty.handler.HttpHandler - 

Request DefaultFullHttpRequest(decodeResult: success, version: HTTP/1.1, content: EmptyByteBufBE)
GET /session/53bfb8acc537e98f02729bdc33ba9150/screenshot HTTP/1.1
User-Agent: selenium/4.1.2 (java windows)
Cache-Control: no-cache
Content-Type: application/json; charset=utf-8
host: localhost:49732
accept: */*

Response DefaultHttpResponse(decodeResult: success, version: HTTP/1.1)
HTTP/1.1 200 OK
Content-Type: application/json; charset=utf-8
cache-control: no-cache
content-length: 25544

14:56:54.749 [AsyncHttpClient-1-3] DEBUG org.asynchttpclient.netty.channel.ChannelManager - Adding key: http://localhost:49732 for channel [id: 0xd865fc16, L:/127.0.0.1:65254 - R:localhost/127.0.0.1:49732]
14:56:54.752 [main] DEBUG net.serenitybdd.core.photography.Darkroom - Send negative for processing for target\site\serenity\658c571c2977bb1ec6f797582f004d65f4f1458cd403209fbd3fa2423b13ab49.png
14:56:54.752 [main] DEBUG net.thucydides.core.steps.StepInterceptor - STEP DONE: clickLoginButton
  &amp#27;[32mAnd &amp#27;[0m&amp#27;[32mclick login button&amp#27;[0m         &amp#27;[90m# Starter.StepDefinitions.LoginStep.clickLoginButton()&amp#27;[0m
14:56:54.752 [Darkroom Processing Line] DEBUG net.serenitybdd.core.photography.DarkroomProcessingLine - Processing screenshot image in /var/screenshots/screenshot-12174614403313760081
14:56:54.752 [Darkroom Processing Line] DEBUG net.serenitybdd.core.photography.DarkroomProcessingLine - Saving screenshot to target\site\serenity\658c571c2977bb1ec6f797582f004d65f4f1458cd403209fbd3fa2423b13ab49.png
14:56:54.768 [main] DEBUG net.thucydides.core.steps.StepInterceptor - STARTING STEP: LoginStep.iGetThe - errorMessageAppears
14:56:54.771 [Forwarding findElement on session 53bfb8acc537e98f02729bdc33ba9150 to remote] DEBUG org.asynchttpclient.netty.request.NettyRequestSender - Using pooled Channel '[id: 0xd865fc16, L:/127.0.0.1:65254 - R:localhost/127.0.0.1:49732]' for 'POST' to 'http://localhost:49732/session/53bfb8acc537e98f02729bdc33ba9150/element'
14:56:54.771 [Forwarding findElement on session 53bfb8acc537e98f02729bdc33ba9150 to remote] DEBUG org.asynchttpclient.netty.request.NettyRequestSender - Using open Channel [id: 0xd865fc16, L:/127.0.0.1:65254 - R:localhost/127.0.0.1:49732] for POST '/session/53bfb8acc537e98f02729bdc33ba9150/element'
14:56:54.774 [AsyncHttpClient-1-3] DEBUG org.asynchttpclient.netty.handler.HttpHandler - 

Request DefaultHttpRequest(decodeResult: success, version: HTTP/1.1)
POST /session/53bfb8acc537e98f02729bdc33ba9150/element HTTP/1.1
User-Agent: selenium/4.1.2 (java windows)
Content-Length: 53
Content-Type: application/json; charset=utf-8
host: localhost:49732
accept: */*

Response DefaultHttpResponse(decodeResult: success, version: HTTP/1.1)
HTTP/1.1 400 Bad Request
Content-Type: application/json; charset=utf-8
cache-control: no-cache
content-length: 957

14:56:54.774 [AsyncHttpClient-1-3] DEBUG org.asynchttpclient.netty.channel.ChannelManager - Adding key: http://localhost:49732 for channel [id: 0xd865fc16, L:/127.0.0.1:65254 - R:localhost/127.0.0.1:49732]
14:56:54.775 [Forwarding findElement on session 53bfb8acc537e98f02729bdc33ba9150 to remote] DEBUG org.asynchttpclient.netty.request.NettyRequestSender - Using pooled Channel '[id: 0xd865fc16, L:/127.0.0.1:65254 - R:localhost/127.0.0.1:49732]' for 'POST' to 'http://localhost:49732/session/53bfb8acc537e98f02729bdc33ba9150/element'
14:56:54.775 [Forwarding findElement on session 53bfb8acc537e98f02729bdc33ba9150 to remote] DEBUG org.asynchttpclient.netty.request.NettyRequestSender - Using open Channel [id: 0xd865fc16, L:/127.0.0.1:65254 - R:localhost/127.0.0.1:49732] for POST '/session/53bfb8acc537e98f02729bdc33ba9150/element'
14:56:54.963 [AsyncHttpClient-1-3] DEBUG org.asynchttpclient.netty.handler.HttpHandler - 

Request DefaultHttpRequest(decodeResult: success, version: HTTP/1.1)
POST /session/53bfb8acc537e98f02729bdc33ba9150/element HTTP/1.1
User-Agent: selenium/4.1.2 (java windows)
Content-Length: 63
Content-Type: application/json; charset=utf-8
host: localhost:49732
accept: */*

Response DefaultHttpResponse(decodeResult: success, version: HTTP/1.1)
HTTP/1.1 200 OK
Content-Type: application/json; charset=utf-8
cache-control: no-cache
content-length: 88

14:56:54.963 [AsyncHttpClient-1-3] DEBUG org.asynchttpclient.netty.channel.ChannelManager - Adding key: http://localhost:49732 for channel [id: 0xd865fc16, L:/127.0.0.1:65254 - R:localhost/127.0.0.1:49732]
14:56:54.968 [Forwarding isElementDisplayed on session 53bfb8acc537e98f02729bdc33ba9150 to remote] DEBUG org.asynchttpclient.netty.request.NettyRequestSender - Using pooled Channel '[id: 0xd865fc16, L:/127.0.0.1:65254 - R:localhost/127.0.0.1:49732]' for 'POST' to 'http://localhost:49732/session/53bfb8acc537e98f02729bdc33ba9150/execute/sync'
14:56:54.968 [Forwarding isElementDisplayed on session 53bfb8acc537e98f02729bdc33ba9150 to remote] DEBUG org.asynchttpclient.netty.request.NettyRequestSender - Using open Channel [id: 0xd865fc16, L:/127.0.0.1:65254 - R:localhost/127.0.0.1:49732] for POST '/session/53bfb8acc537e98f02729bdc33ba9150/execute/sync'
14:56:54.985 [AsyncHttpClient-1-3] DEBUG org.asynchttpclient.netty.handler.HttpHandler - 

Request DefaultHttpRequest(decodeResult: success, version: HTTP/1.1)
POST /session/53bfb8acc537e98f02729bdc33ba9150/execute/sync HTTP/1.1
User-Agent: selenium/4.1.2 (java windows)
Content-Length: 48780
Content-Type: application/json; charset=utf-8
host: localhost:49732
accept: */*

Response DefaultHttpResponse(decodeResult: success, version: HTTP/1.1)
HTTP/1.1 200 OK
Content-Type: application/json; charset=utf-8
cache-control: no-cache
content-length: 14

14:56:54.985 [AsyncHttpClient-1-3] DEBUG org.asynchttpclient.netty.channel.ChannelManager - Adding key: http://localhost:49732 for channel [id: 0xd865fc16, L:/127.0.0.1:65254 - R:localhost/127.0.0.1:49732]
14:56:54.988 [Forwarding screenshot on session 53bfb8acc537e98f02729bdc33ba9150 to remote] DEBUG org.asynchttpclient.netty.request.NettyRequestSender - Using pooled Channel '[id: 0xd865fc16, L:/127.0.0.1:65254 - R:localhost/127.0.0.1:49732]' for 'GET' to 'http://localhost:49732/session/53bfb8acc537e98f02729bdc33ba9150/screenshot'
14:56:54.988 [Forwarding screenshot on session 53bfb8acc537e98f02729bdc33ba9150 to remote] DEBUG org.asynchttpclient.netty.request.NettyRequestSender - Using open Channel [id: 0xd865fc16, L:/127.0.0.1:65254 - R:localhost/127.0.0.1:49732] for GET '/session/53bfb8acc537e98f02729bdc33ba9150/screenshot'
14:56:55.154 [AsyncHttpClient-1-3] DEBUG org.asynchttpclient.netty.handler.HttpHandler - 

Request DefaultFullHttpRequest(decodeResult: success, version: HTTP/1.1, content: EmptyByteBufBE)
GET /session/53bfb8acc537e98f02729bdc33ba9150/screenshot HTTP/1.1
User-Agent: selenium/4.1.2 (java windows)
Cache-Control: no-cache
Content-Type: application/json; charset=utf-8
host: localhost:49732
accept: */*

Response DefaultHttpResponse(decodeResult: success, version: HTTP/1.1)
HTTP/1.1 200 OK
Content-Type: application/json; charset=utf-8
cache-control: no-cache
content-length: 29188

14:56:55.154 [AsyncHttpClient-1-3] DEBUG org.asynchttpclient.netty.channel.ChannelManager - Adding key: http://localhost:49732 for channel [id: 0xd865fc16, L:/127.0.0.1:65254 - R:localhost/127.0.0.1:49732]
14:56:55.155 [main] DEBUG net.serenitybdd.core.photography.Darkroom - Send negative for processing for target\site\serenity\2f5a7b10526b99168648ad8716f933fdae8fe2fae1d09cfc0f4b071a61a7fc15.png
14:56:55.156 [main] DEBUG net.thucydides.core.steps.StepInterceptor - STEP DONE: errorMessageAppears
14:56:55.156 [Darkroom Processing Line] DEBUG net.serenitybdd.core.photography.DarkroomProcessingLine - Processing screenshot image in /var/screenshots/screenshot-3724967218700921288
14:56:55.156 [Darkroom Processing Line] DEBUG net.serenitybdd.core.photography.DarkroomProcessingLine - Saving screenshot to target\site\serenity\2f5a7b10526b99168648ad8716f933fdae8fe2fae1d09cfc0f4b071a61a7fc15.png
14:56:55.161 [main] DEBUG net.thucydides.core.steps.StepInterceptor - STARTING STEP: LoginStep.iGetThe - errorMessageEquals
14:56:55.163 [Forwarding findElement on session 53bfb8acc537e98f02729bdc33ba9150 to remote] DEBUG org.asynchttpclient.netty.request.NettyRequestSender - Using pooled Channel '[id: 0xd865fc16, L:/127.0.0.1:65254 - R:localhost/127.0.0.1:49732]' for 'POST' to 'http://localhost:49732/session/53bfb8acc537e98f02729bdc33ba9150/element'
14:56:55.163 [Forwarding findElement on session 53bfb8acc537e98f02729bdc33ba9150 to remote] DEBUG org.asynchttpclient.netty.request.NettyRequestSender - Using open Channel [id: 0xd865fc16, L:/127.0.0.1:65254 - R:localhost/127.0.0.1:49732] for POST '/session/53bfb8acc537e98f02729bdc33ba9150/element'
14:56:55.170 [AsyncHttpClient-1-3] DEBUG org.asynchttpclient.netty.handler.HttpHandler - 

Request DefaultHttpRequest(decodeResult: success, version: HTTP/1.1)
POST /session/53bfb8acc537e98f02729bdc33ba9150/element HTTP/1.1
User-Agent: selenium/4.1.2 (java windows)
Content-Length: 63
Content-Type: application/json; charset=utf-8
host: localhost:49732
accept: */*

Response DefaultHttpResponse(decodeResult: success, version: HTTP/1.1)
HTTP/1.1 200 OK
Content-Type: application/json; charset=utf-8
cache-control: no-cache
content-length: 88

14:56:55.170 [AsyncHttpClient-1-3] DEBUG org.asynchttpclient.netty.channel.ChannelManager - Adding key: http://localhost:49732 for channel [id: 0xd865fc16, L:/127.0.0.1:65254 - R:localhost/127.0.0.1:49732]
14:56:55.171 [Forwarding getElementText on session 53bfb8acc537e98f02729bdc33ba9150 to remote] DEBUG org.asynchttpclient.netty.request.NettyRequestSender - Using pooled Channel '[id: 0xd865fc16, L:/127.0.0.1:65254 - R:localhost/127.0.0.1:49732]' for 'GET' to 'http://localhost:49732/session/53bfb8acc537e98f02729bdc33ba9150/element/d9835f5b-7d2d-44fc-a3fe-6a6f4e524dbb/text'
14:56:55.171 [Forwarding getElementText on session 53bfb8acc537e98f02729bdc33ba9150 to remote] DEBUG org.asynchttpclient.netty.request.NettyRequestSender - Using open Channel [id: 0xd865fc16, L:/127.0.0.1:65254 - R:localhost/127.0.0.1:49732] for GET '/session/53bfb8acc537e98f02729bdc33ba9150/element/d9835f5b-7d2d-44fc-a3fe-6a6f4e524dbb/text'
14:56:55.183 [AsyncHttpClient-1-3] DEBUG org.asynchttpclient.netty.handler.HttpHandler - 

Request DefaultFullHttpRequest(decodeResult: success, version: HTTP/1.1, content: EmptyByteBufBE)
GET /session/53bfb8acc537e98f02729bdc33ba9150/element/d9835f5b-7d2d-44fc-a3fe-6a6f4e524dbb/text HTTP/1.1
User-Agent: selenium/4.1.2 (java windows)
Cache-Control: no-cache
Content-Type: application/json; charset=utf-8
host: localhost:49732
accept: */*

Response DefaultHttpResponse(decodeResult: success, version: HTTP/1.1)
HTTP/1.1 200 OK
Content-Type: application/json; charset=utf-8
cache-control: no-cache
content-length: 29

14:56:55.183 [AsyncHttpClient-1-3] DEBUG org.asynchttpclient.netty.channel.ChannelManager - Adding key: http://localhost:49732 for channel [id: 0xd865fc16, L:/127.0.0.1:65254 - R:localhost/127.0.0.1:49732]
14:56:55.185 [main] DEBUG net.thucydides.core.steps.StepInterceptor - STEP DONE: errorMessageEquals
  &amp#27;[32mThen &amp#27;[0m&amp#27;[32mI get the &amp#27;[0m&amp#27;[32m&amp#27;[1m"login page"&amp#27;[0m    &amp#27;[90m# Starter.StepDefinitions.LoginStep.iGetThe(java.lang.String)&amp#27;[0m
14:56:55.193 [AsyncHttpClient-1-5] DEBUG org.asynchttpclient.netty.handler.WebSocketHandler - Channel Closed: [id: 0x26337ff6, L:/127.0.0.1:65262 ! R:localhost/127.0.0.1:65255] with attribute NettyResponseFuture{currentRetry=5,
	isDone=1,
	isCancelled=0,
	asyncHandler=org.asynchttpclient.ws.WebSocketUpgradeHandler@42e3833e,
	nettyRequest=org.asynchttpclient.netty.request.NettyRequest@7d3d5ea9,
	future=java.util.concurrent.CompletableFuture@3a0fd5f8[Completed normally],
	uri=ws://localhost:65255/devtools/browser/1a0f283b-72c8-43e6-891a-da778d3760a6,
	keepAlive=true,
	redirectCount=0,
	timeoutsHolder=null,
	inAuth=0,
	touch=1652687812757}
14:56:55.193 [AsyncHttpClient-1-5] DEBUG org.asynchttpclient.netty.channel.ChannelManager - Closing Channel [id: 0x26337ff6, L:/127.0.0.1:65262 ! R:localhost/127.0.0.1:65255] 
14:56:55.193 [Driver Command Executor] DEBUG org.asynchttpclient.netty.request.NettyRequestSender - Using pooled Channel '[id: 0xd865fc16, L:/127.0.0.1:65254 - R:localhost/127.0.0.1:49732]' for 'DELETE' to 'http://localhost:49732/session/53bfb8acc537e98f02729bdc33ba9150'
14:56:55.193 [Driver Command Executor] DEBUG org.asynchttpclient.netty.request.NettyRequestSender - Using open Channel [id: 0xd865fc16, L:/127.0.0.1:65254 - R:localhost/127.0.0.1:49732] for DELETE '/session/53bfb8acc537e98f02729bdc33ba9150'
14:56:55.265 [AsyncHttpClient-1-4] DEBUG org.asynchttpclient.netty.handler.HttpHandler - Unexpected I/O exception on channel [id: 0xcec06f14, L:/127.0.0.1:65261 - R:localhost/127.0.0.1:65255]
java.net.SocketException: Connection reset
	at java.base/sun.nio.ch.SocketChannelImpl.throwConnectionReset(SocketChannelImpl.java:367)
	at java.base/sun.nio.ch.SocketChannelImpl.read(SocketChannelImpl.java:398)
	at io.netty.buffer.PooledByteBuf.setBytes(PooledByteBuf.java:258)
	at io.netty.buffer.AbstractByteBuf.writeBytes(AbstractByteBuf.java:1132)
	at io.netty.channel.socket.nio.NioSocketChannel.doReadBytes(NioSocketChannel.java:350)
	at io.netty.channel.nio.AbstractNioByteChannel$NioByteUnsafe.read(AbstractNioByteChannel.java:151)
	at io.netty.channel.nio.NioEventLoop.processSelectedKey(NioEventLoop.java:722)
	at io.netty.channel.nio.NioEventLoop.processSelectedKeysOptimized(NioEventLoop.java:658)
	at io.netty.channel.nio.NioEventLoop.processSelectedKeys(NioEventLoop.java:584)
	at io.netty.channel.nio.NioEventLoop.run(NioEventLoop.java:496)
	at io.netty.util.concurrent.SingleThreadEventExecutor$4.run(SingleThreadEventExecutor.java:986)
	at io.netty.util.internal.ThreadExecutorMap$2.run(ThreadExecutorMap.java:74)
	at io.netty.util.concurrent.FastThreadLocalRunnable.run(FastThreadLocalRunnable.java:30)
	at java.base/java.lang.Thread.run(Thread.java:832)
14:56:55.265 [AsyncHttpClient-1-4] DEBUG org.asynchttpclient.netty.channel.ChannelManager - Closing Channel [id: 0xcec06f14, L:/127.0.0.1:65261 - R:localhost/127.0.0.1:65255] 
14:56:55.266 [AsyncHttpClient-1-4] DEBUG org.asynchttpclient.netty.handler.HttpHandler - Channel Closed: [id: 0xcec06f14, L:/127.0.0.1:65261 ! R:localhost/127.0.0.1:65255] with attribute DISCARD
14:56:55.289 [AsyncHttpClient-1-3] DEBUG org.asynchttpclient.netty.handler.HttpHandler - 

Request DefaultFullHttpRequest(decodeResult: success, version: HTTP/1.1, content: EmptyByteBufBE)
DELETE /session/53bfb8acc537e98f02729bdc33ba9150 HTTP/1.1
User-Agent: selenium/4.1.2 (java windows)
Content-Type: application/json; charset=utf-8
host: localhost:49732
accept: */*

Response DefaultHttpResponse(decodeResult: success, version: HTTP/1.1)
HTTP/1.1 200 OK
Content-Type: application/json; charset=utf-8
cache-control: no-cache
content-length: 14

14:56:55.291 [AsyncHttpClient-1-3] DEBUG org.asynchttpclient.netty.channel.ChannelManager - Adding key: http://localhost:49732 for channel [id: 0xd865fc16, L:/127.0.0.1:65254 - R:localhost/127.0.0.1:49732]
14:56:55.348 [AsyncHttpClient-1-3] DEBUG org.asynchttpclient.netty.handler.HttpHandler - Channel Closed: [id: 0xd865fc16, L:/127.0.0.1:65254 ! R:localhost/127.0.0.1:49732] with attribute DISCARD
14:56:55.502 [AsyncHttpClient-1-1] DEBUG org.asynchttpclient.netty.channel.DefaultChannelPool - Entry count for : http://localhost:65255 : 1
14:56:55.502 [AsyncHttpClient-1-1] DEBUG org.asynchttpclient.netty.channel.DefaultChannelPool - Entry count for : http://localhost:49732 : 1
14:56:55.502 [AsyncHttpClient-1-1] DEBUG org.asynchttpclient.netty.channel.DefaultChannelPool - Adding Candidate expired Channel [id: 0xcec06f14, L:/127.0.0.1:65261 ! R:localhost/127.0.0.1:65255] isIdleTimeoutExpired=false isRemotelyClosed=true isTtlExpired=false
14:56:55.502 [AsyncHttpClient-1-1] DEBUG org.asynchttpclient.netty.channel.DefaultChannelPool - Closing Idle Channel [id: 0xcec06f14, L:/127.0.0.1:65261 ! R:localhost/127.0.0.1:65255]
14:56:55.502 [AsyncHttpClient-1-1] DEBUG org.asynchttpclient.netty.channel.DefaultChannelPool - Adding Candidate expired Channel [id: 0xd865fc16, L:/127.0.0.1:65254 ! R:localhost/127.0.0.1:49732] isIdleTimeoutExpired=false isRemotelyClosed=true isTtlExpired=false
14:56:55.502 [AsyncHttpClient-1-1] DEBUG org.asynchttpclient.netty.channel.DefaultChannelPool - Closing Idle Channel [id: 0xd865fc16, L:/127.0.0.1:65254 ! R:localhost/127.0.0.1:49732]
14:56:55.502 [AsyncHttpClient-1-1] DEBUG org.asynchttpclient.netty.channel.DefaultChannelPool - Closed 2 connections out of 2 in 0 ms
]]></system-out>
    <system-err><![CDATA[Starting ChromeDriver 101.0.4951.41 (93c720db8323b3ec10d056025ab95c23a31997c9-refs/branch-heads/4951@{#904}) on port 49732
Only local connections are allowed.
Please see https://chromedriver.chromium.org/security-considerations for suggestions on keeping ChromeDriver safe.
ChromeDriver was started successfully.
May 16, 2022 2:56:52 PM org.openqa.selenium.remote.ProtocolHandshake createSession
INFO: Detected dialect: W3C
May 16, 2022 2:56:52 PM org.openqa.selenium.devtools.CdpVersionFinder findNearestMatch
WARNING: Unable to find an exact match for CDP version 101, so returning the closest version found: 97
May 16, 2022 2:56:52 PM org.openqa.selenium.devtools.CdpVersionFinder findNearestMatch
INFO: Found CDP implementation for version 101 of 97
]]></system-err>
  </testcase>
  <testcase name="Login scenario #5" classname="Login" time="4.724">
    <system-out><![CDATA[
@Login
Scenario Outline: Login scenario &amp#27;[90m# src/test/resources/features/Login.feature:20&amp#27;[0m
14:56:55.894 [main] INFO io.cucumber.core.plugin.SerenityReporter - Running feature from file:///D:/data%20hakim/Mini%20Project%20Alterra/WebAlta/src/test/resources/features/Login.feature
14:56:55.915 [main] INFO net.serenitybdd.core.webdriver.driverproviders.ChromeDriverProvider - Using automatically driver download
14:56:56.037 [main] DEBUG io.github.bonigarcia.wdm.cache.ResolutionCache - Resolution chrome=101 in cache (valid until 15:32:06 16/05/2022 WIB)
14:56:56.042 [main] DEBUG io.github.bonigarcia.wdm.cache.ResolutionCache - Resolution chrome101=101.0.4951.41 in cache (valid until 14:32:06 17/05/2022 WIB)
14:56:56.044 [main] INFO io.github.bonigarcia.wdm.WebDriverManager - Using chromedriver 101.0.4951.41 (resolved driver for Chrome 101)
14:56:56.057 [main] DEBUG io.github.bonigarcia.wdm.WebDriverManager - Driver chromedriver 101.0.4951.41 found in cache
14:56:56.057 [main] INFO io.github.bonigarcia.wdm.WebDriverManager - Exporting webdriver.chrome.driver as C:\Users\hp pc\.cache\selenium\chromedriver\win32\101.0.4951.41\chromedriver.exe
14:56:56.157 [main] DEBUG net.serenitybdd.core.webdriver.driverproviders.ProvideNewDriver - Instantiating driver
14:56:56.157 [main] DEBUG net.serenitybdd.core.webdriver.driverproviders.ProvideNewDriver - Driver capabilities: Capabilities {acceptInsecureCerts: false, base.url: https://qa.alta.id/, browserName: chrome, chrome.driver: src/test/resources/webdrive..., driver: chrome, goog:chromeOptions: {args: [], extensions: []}}
14:56:56.701 [AsyncHttpClient-1-6] DEBUG org.asynchttpclient.netty.channel.NettyConnectListener - Using new Channel '[id: 0xb14bbce9, L:/127.0.0.1:65280 - R:localhost/127.0.0.1:56684]' for 'POST' to '/session'
14:56:57.514 [AsyncHttpClient-1-6] DEBUG org.asynchttpclient.netty.handler.HttpHandler - 

Request DefaultHttpRequest(decodeResult: success, version: HTTP/1.1)
POST /session HTTP/1.1
User-Agent: selenium/4.1.2 (java windows)
Content-Length: 605
Content-Type: application/json; charset=utf-8
host: localhost:56684
accept: */*

Response DefaultHttpResponse(decodeResult: success, version: HTTP/1.1)
HTTP/1.1 200 OK
Content-Type: application/json; charset=utf-8
cache-control: no-cache
content-length: 790

14:56:57.514 [AsyncHttpClient-1-6] DEBUG org.asynchttpclient.netty.channel.ChannelManager - Adding key: http://localhost:56684 for channel [id: 0xb14bbce9, L:/127.0.0.1:65280 - R:localhost/127.0.0.1:56684]
14:56:57.527 [AsyncHttpClient-1-7] DEBUG org.asynchttpclient.netty.channel.NettyConnectListener - Using new Channel '[id: 0xb0c61122, L:/127.0.0.1:65287 - R:localhost/127.0.0.1:65281]' for 'GET' to '/json/version'
14:56:57.533 [AsyncHttpClient-1-7] DEBUG org.asynchttpclient.netty.handler.HttpHandler - 

Request DefaultFullHttpRequest(decodeResult: success, version: HTTP/1.1, content: EmptyByteBufBE)
GET /json/version HTTP/1.1
User-Agent: selenium/4.1.2 (java windows)
host: localhost:65281
accept: */*

Response DefaultHttpResponse(decodeResult: success, version: HTTP/1.1)
HTTP/1.1 200 OK
Content-Type: application/json; charset=UTF-8
content-length: 427

14:56:57.533 [AsyncHttpClient-1-7] DEBUG org.asynchttpclient.netty.channel.ChannelManager - Adding key: http://localhost:65281 for channel [id: 0xb0c61122, L:/127.0.0.1:65287 - R:localhost/127.0.0.1:65281]
14:56:57.542 [AsyncHttpClient-1-8] DEBUG org.asynchttpclient.netty.channel.NettyConnectListener - Using new Channel '[id: 0xf5e0907d, L:/127.0.0.1:65288 - R:localhost/127.0.0.1:65281]' for 'GET' to '/devtools/browser/5e216f54-9ee7-458c-9ac3-27cb188f7287'
14:56:57.543 [AsyncHttpClient-1-8] DEBUG org.asynchttpclient.netty.handler.WebSocketHandler - 

Request DefaultFullHttpRequest(decodeResult: success, version: HTTP/1.1, content: EmptyByteBufBE)
GET /devtools/browser/5e216f54-9ee7-458c-9ac3-27cb188f7287 HTTP/1.1
upgrade: websocket
connection: upgrade
sec-websocket-key: LCJXFVoImFmnEePJMpk4Dw==
sec-websocket-version: 13
origin: http://localhost:65281
host: localhost:65281
accept: */*
user-agent: AHC/2.1

Response DefaultHttpResponse(decodeResult: success, version: HTTP/1.1)
HTTP/1.1 101 WebSocket Protocol Handshake
Upgrade: WebSocket
Connection: Upgrade
Sec-WebSocket-Accept: ISiqzJ6bQVrfPNfvmnsmgQEApDQ=

14:56:57.550 [Forwarding maximizeCurrentWindow on session 8dd9ec7284d0369845a3dddc2df84aa0 to remote] DEBUG org.asynchttpclient.netty.request.NettyRequestSender - Using pooled Channel '[id: 0xb14bbce9, L:/127.0.0.1:65280 - R:localhost/127.0.0.1:56684]' for 'POST' to 'http://localhost:56684/session/8dd9ec7284d0369845a3dddc2df84aa0/window/maximize'
14:56:57.551 [Forwarding maximizeCurrentWindow on session 8dd9ec7284d0369845a3dddc2df84aa0 to remote] DEBUG org.asynchttpclient.netty.request.NettyRequestSender - Using open Channel [id: 0xb14bbce9, L:/127.0.0.1:65280 - R:localhost/127.0.0.1:56684] for POST '/session/8dd9ec7284d0369845a3dddc2df84aa0/window/maximize'
14:56:57.680 [AsyncHttpClient-1-6] DEBUG org.asynchttpclient.netty.handler.HttpHandler - 

Request DefaultHttpRequest(decodeResult: success, version: HTTP/1.1)
POST /session/8dd9ec7284d0369845a3dddc2df84aa0/window/maximize HTTP/1.1
User-Agent: selenium/4.1.2 (java windows)
Content-Length: 3
Content-Type: application/json; charset=utf-8
host: localhost:56684
accept: */*

Response DefaultHttpResponse(decodeResult: success, version: HTTP/1.1)
HTTP/1.1 200 OK
Content-Type: application/json; charset=utf-8
cache-control: no-cache
content-length: 51

14:56:57.681 [AsyncHttpClient-1-6] DEBUG org.asynchttpclient.netty.channel.ChannelManager - Adding key: http://localhost:56684 for channel [id: 0xb14bbce9, L:/127.0.0.1:65280 - R:localhost/127.0.0.1:56684]
14:56:57.683 [Forwarding get on session 8dd9ec7284d0369845a3dddc2df84aa0 to remote] DEBUG org.asynchttpclient.netty.request.NettyRequestSender - Using pooled Channel '[id: 0xb14bbce9, L:/127.0.0.1:65280 - R:localhost/127.0.0.1:56684]' for 'POST' to 'http://localhost:56684/session/8dd9ec7284d0369845a3dddc2df84aa0/url'
14:56:57.683 [Forwarding get on session 8dd9ec7284d0369845a3dddc2df84aa0 to remote] DEBUG org.asynchttpclient.netty.request.NettyRequestSender - Using open Channel [id: 0xb14bbce9, L:/127.0.0.1:65280 - R:localhost/127.0.0.1:56684] for POST '/session/8dd9ec7284d0369845a3dddc2df84aa0/url'
14:56:57.709 [AsyncHttpClient-1-1] DEBUG org.asynchttpclient.netty.channel.DefaultChannelPool - Entry count for : http://localhost:65281 : 1
14:56:58.572 [AsyncHttpClient-1-6] DEBUG org.asynchttpclient.netty.handler.HttpHandler - 

Request DefaultHttpRequest(decodeResult: success, version: HTTP/1.1)
POST /session/8dd9ec7284d0369845a3dddc2df84aa0/url HTTP/1.1
User-Agent: selenium/4.1.2 (java windows)
Content-Length: 64
Content-Type: application/json; charset=utf-8
host: localhost:56684
accept: */*

Response DefaultHttpResponse(decodeResult: success, version: HTTP/1.1)
HTTP/1.1 200 OK
Content-Type: application/json; charset=utf-8
cache-control: no-cache
content-length: 14

14:56:58.572 [AsyncHttpClient-1-6] DEBUG org.asynchttpclient.netty.channel.ChannelManager - Adding key: http://localhost:56684 for channel [id: 0xb14bbce9, L:/127.0.0.1:65280 - R:localhost/127.0.0.1:56684]
14:56:58.573 [Forwarding setTimeout on session 8dd9ec7284d0369845a3dddc2df84aa0 to remote] DEBUG org.asynchttpclient.netty.request.NettyRequestSender - Using pooled Channel '[id: 0xb14bbce9, L:/127.0.0.1:65280 - R:localhost/127.0.0.1:56684]' for 'POST' to 'http://localhost:56684/session/8dd9ec7284d0369845a3dddc2df84aa0/timeouts'
14:56:58.573 [Forwarding setTimeout on session 8dd9ec7284d0369845a3dddc2df84aa0 to remote] DEBUG org.asynchttpclient.netty.request.NettyRequestSender - Using open Channel [id: 0xb14bbce9, L:/127.0.0.1:65280 - R:localhost/127.0.0.1:56684] for POST '/session/8dd9ec7284d0369845a3dddc2df84aa0/timeouts'
14:56:58.574 [AsyncHttpClient-1-6] DEBUG org.asynchttpclient.netty.handler.HttpHandler - 

Request DefaultHttpRequest(decodeResult: success, version: HTTP/1.1)
POST /session/8dd9ec7284d0369845a3dddc2df84aa0/timeouts HTTP/1.1
User-Agent: selenium/4.1.2 (java windows)
Content-Length: 22
Content-Type: application/json; charset=utf-8
host: localhost:56684
accept: */*

Response DefaultHttpResponse(decodeResult: success, version: HTTP/1.1)
HTTP/1.1 200 OK
Content-Type: application/json; charset=utf-8
cache-control: no-cache
content-length: 14

14:56:58.574 [AsyncHttpClient-1-6] DEBUG org.asynchttpclient.netty.channel.ChannelManager - Adding key: http://localhost:56684 for channel [id: 0xb14bbce9, L:/127.0.0.1:65280 - R:localhost/127.0.0.1:56684]
14:56:58.576 [Forwarding getCurrentUrl on session 8dd9ec7284d0369845a3dddc2df84aa0 to remote] DEBUG org.asynchttpclient.netty.request.NettyRequestSender - Using pooled Channel '[id: 0xb14bbce9, L:/127.0.0.1:65280 - R:localhost/127.0.0.1:56684]' for 'GET' to 'http://localhost:56684/session/8dd9ec7284d0369845a3dddc2df84aa0/url'
14:56:58.576 [Forwarding getCurrentUrl on session 8dd9ec7284d0369845a3dddc2df84aa0 to remote] DEBUG org.asynchttpclient.netty.request.NettyRequestSender - Using open Channel [id: 0xb14bbce9, L:/127.0.0.1:65280 - R:localhost/127.0.0.1:56684] for GET '/session/8dd9ec7284d0369845a3dddc2df84aa0/url'
14:56:58.580 [AsyncHttpClient-1-6] DEBUG org.asynchttpclient.netty.handler.HttpHandler - 

Request DefaultFullHttpRequest(decodeResult: success, version: HTTP/1.1, content: EmptyByteBufBE)
GET /session/8dd9ec7284d0369845a3dddc2df84aa0/url HTTP/1.1
User-Agent: selenium/4.1.2 (java windows)
Cache-Control: no-cache
Content-Type: application/json; charset=utf-8
host: localhost:56684
accept: */*

Response DefaultHttpResponse(decodeResult: success, version: HTTP/1.1)
HTTP/1.1 200 OK
Content-Type: application/json; charset=utf-8
cache-control: no-cache
content-length: 41

14:56:58.581 [AsyncHttpClient-1-6] DEBUG org.asynchttpclient.netty.channel.ChannelManager - Adding key: http://localhost:56684 for channel [id: 0xb14bbce9, L:/127.0.0.1:65280 - R:localhost/127.0.0.1:56684]
14:56:58.588 [Forwarding screenshot on session 8dd9ec7284d0369845a3dddc2df84aa0 to remote] DEBUG org.asynchttpclient.netty.request.NettyRequestSender - Using pooled Channel '[id: 0xb14bbce9, L:/127.0.0.1:65280 - R:localhost/127.0.0.1:56684]' for 'GET' to 'http://localhost:56684/session/8dd9ec7284d0369845a3dddc2df84aa0/screenshot'
14:56:58.588 [Forwarding screenshot on session 8dd9ec7284d0369845a3dddc2df84aa0 to remote] DEBUG org.asynchttpclient.netty.request.NettyRequestSender - Using open Channel [id: 0xb14bbce9, L:/127.0.0.1:65280 - R:localhost/127.0.0.1:56684] for GET '/session/8dd9ec7284d0369845a3dddc2df84aa0/screenshot'
14:56:58.691 [AsyncHttpClient-1-6] DEBUG org.asynchttpclient.netty.handler.HttpHandler - 

Request DefaultFullHttpRequest(decodeResult: success, version: HTTP/1.1, content: EmptyByteBufBE)
GET /session/8dd9ec7284d0369845a3dddc2df84aa0/screenshot HTTP/1.1
User-Agent: selenium/4.1.2 (java windows)
Cache-Control: no-cache
Content-Type: application/json; charset=utf-8
host: localhost:56684
accept: */*

Response DefaultHttpResponse(decodeResult: success, version: HTTP/1.1)
HTTP/1.1 200 OK
Content-Type: application/json; charset=utf-8
cache-control: no-cache
content-length: 24940

14:56:58.691 [AsyncHttpClient-1-6] DEBUG org.asynchttpclient.netty.channel.ChannelManager - Adding key: http://localhost:56684 for channel [id: 0xb14bbce9, L:/127.0.0.1:65280 - R:localhost/127.0.0.1:56684]
14:56:58.692 [main] DEBUG net.serenitybdd.core.photography.Darkroom - Send negative for processing for target\site\serenity\11023edac3681808080020daf60d8cb00148736924ac340653f27273a0570072.png
14:56:58.693 [main] DEBUG net.thucydides.core.steps.StepInterceptor - STARTING STEP: LoginStep.iAmOnTheLoginPage - validateOnLoginPage
14:56:58.694 [Forwarding findElement on session 8dd9ec7284d0369845a3dddc2df84aa0 to remote] DEBUG org.asynchttpclient.netty.request.NettyRequestSender - Using pooled Channel '[id: 0xb14bbce9, L:/127.0.0.1:65280 - R:localhost/127.0.0.1:56684]' for 'POST' to 'http://localhost:56684/session/8dd9ec7284d0369845a3dddc2df84aa0/element'
14:56:58.694 [Forwarding findElement on session 8dd9ec7284d0369845a3dddc2df84aa0 to remote] DEBUG org.asynchttpclient.netty.request.NettyRequestSender - Using open Channel [id: 0xb14bbce9, L:/127.0.0.1:65280 - R:localhost/127.0.0.1:56684] for POST '/session/8dd9ec7284d0369845a3dddc2df84aa0/element'
14:56:58.704 [AsyncHttpClient-1-6] DEBUG org.asynchttpclient.netty.handler.HttpHandler - 

Request DefaultHttpRequest(decodeResult: success, version: HTTP/1.1)
POST /session/8dd9ec7284d0369845a3dddc2df84aa0/element HTTP/1.1
User-Agent: selenium/4.1.2 (java windows)
Content-Length: 136
Content-Type: application/json; charset=utf-8
host: localhost:56684
accept: */*

Response DefaultHttpResponse(decodeResult: success, version: HTTP/1.1)
HTTP/1.1 200 OK
Content-Type: application/json; charset=utf-8
cache-control: no-cache
content-length: 88

14:56:58.704 [AsyncHttpClient-1-6] DEBUG org.asynchttpclient.netty.channel.ChannelManager - Adding key: http://localhost:56684 for channel [id: 0xb14bbce9, L:/127.0.0.1:65280 - R:localhost/127.0.0.1:56684]
14:56:58.707 [Forwarding isElementDisplayed on session 8dd9ec7284d0369845a3dddc2df84aa0 to remote] DEBUG org.asynchttpclient.netty.request.NettyRequestSender - Using pooled Channel '[id: 0xb14bbce9, L:/127.0.0.1:65280 - R:localhost/127.0.0.1:56684]' for 'POST' to 'http://localhost:56684/session/8dd9ec7284d0369845a3dddc2df84aa0/execute/sync'
14:56:58.708 [Forwarding isElementDisplayed on session 8dd9ec7284d0369845a3dddc2df84aa0 to remote] DEBUG org.asynchttpclient.netty.request.NettyRequestSender - Using open Channel [id: 0xb14bbce9, L:/127.0.0.1:65280 - R:localhost/127.0.0.1:56684] for POST '/session/8dd9ec7284d0369845a3dddc2df84aa0/execute/sync'
14:56:58.720 [AsyncHttpClient-1-6] DEBUG org.asynchttpclient.netty.handler.HttpHandler - 

Request DefaultHttpRequest(decodeResult: success, version: HTTP/1.1)
POST /session/8dd9ec7284d0369845a3dddc2df84aa0/execute/sync HTTP/1.1
User-Agent: selenium/4.1.2 (java windows)
Content-Length: 48780
Content-Type: application/json; charset=utf-8
host: localhost:56684
accept: */*

Response DefaultHttpResponse(decodeResult: success, version: HTTP/1.1)
HTTP/1.1 200 OK
Content-Type: application/json; charset=utf-8
cache-control: no-cache
content-length: 14

14:56:58.720 [AsyncHttpClient-1-6] DEBUG org.asynchttpclient.netty.channel.ChannelManager - Adding key: http://localhost:56684 for channel [id: 0xb14bbce9, L:/127.0.0.1:65280 - R:localhost/127.0.0.1:56684]
14:56:58.722 [main] DEBUG net.thucydides.core.steps.StepInterceptor - STEP DONE: validateOnLoginPage
  &amp#27;[32mGiven &amp#27;[0m&amp#27;[32mI am on the login page&amp#27;[0m   &amp#27;[90m# Starter.StepDefinitions.LoginStep.iAmOnTheLoginPage()&amp#27;[0m
14:56:58.732 [main] DEBUG net.thucydides.core.steps.StepInterceptor - STARTING STEP: LoginStep.iInputEmail - inputEmail
14:56:58.734 [Forwarding findElement on session 8dd9ec7284d0369845a3dddc2df84aa0 to remote] DEBUG org.asynchttpclient.netty.request.NettyRequestSender - Using pooled Channel '[id: 0xb14bbce9, L:/127.0.0.1:65280 - R:localhost/127.0.0.1:56684]' for 'POST' to 'http://localhost:56684/session/8dd9ec7284d0369845a3dddc2df84aa0/element'
14:56:58.734 [Forwarding findElement on session 8dd9ec7284d0369845a3dddc2df84aa0 to remote] DEBUG org.asynchttpclient.netty.request.NettyRequestSender - Using open Channel [id: 0xb14bbce9, L:/127.0.0.1:65280 - R:localhost/127.0.0.1:56684] for POST '/session/8dd9ec7284d0369845a3dddc2df84aa0/element'
14:56:58.744 [AsyncHttpClient-1-6] DEBUG org.asynchttpclient.netty.handler.HttpHandler - 

Request DefaultHttpRequest(decodeResult: success, version: HTTP/1.1)
POST /session/8dd9ec7284d0369845a3dddc2df84aa0/element HTTP/1.1
User-Agent: selenium/4.1.2 (java windows)
Content-Length: 91
Content-Type: application/json; charset=utf-8
host: localhost:56684
accept: */*

Response DefaultHttpResponse(decodeResult: success, version: HTTP/1.1)
HTTP/1.1 200 OK
Content-Type: application/json; charset=utf-8
cache-control: no-cache
content-length: 88

14:56:58.744 [AsyncHttpClient-1-6] DEBUG org.asynchttpclient.netty.channel.ChannelManager - Adding key: http://localhost:56684 for channel [id: 0xb14bbce9, L:/127.0.0.1:65280 - R:localhost/127.0.0.1:56684]
14:56:58.745 [Forwarding clearElement on session 8dd9ec7284d0369845a3dddc2df84aa0 to remote] DEBUG org.asynchttpclient.netty.request.NettyRequestSender - Using pooled Channel '[id: 0xb14bbce9, L:/127.0.0.1:65280 - R:localhost/127.0.0.1:56684]' for 'POST' to 'http://localhost:56684/session/8dd9ec7284d0369845a3dddc2df84aa0/element/04d9558a-1bb5-4a57-91fa-262f53685ebc/clear'
14:56:58.745 [Forwarding clearElement on session 8dd9ec7284d0369845a3dddc2df84aa0 to remote] DEBUG org.asynchttpclient.netty.request.NettyRequestSender - Using open Channel [id: 0xb14bbce9, L:/127.0.0.1:65280 - R:localhost/127.0.0.1:56684] for POST '/session/8dd9ec7284d0369845a3dddc2df84aa0/element/04d9558a-1bb5-4a57-91fa-262f53685ebc/clear'
14:56:58.770 [AsyncHttpClient-1-6] DEBUG org.asynchttpclient.netty.handler.HttpHandler - 

Request DefaultHttpRequest(decodeResult: success, version: HTTP/1.1)
POST /session/8dd9ec7284d0369845a3dddc2df84aa0/element/04d9558a-1bb5-4a57-91fa-262f53685ebc/clear HTTP/1.1
User-Agent: selenium/4.1.2 (java windows)
Content-Length: 50
Content-Type: application/json; charset=utf-8
host: localhost:56684
accept: */*

Response DefaultHttpResponse(decodeResult: success, version: HTTP/1.1)
HTTP/1.1 200 OK
Content-Type: application/json; charset=utf-8
cache-control: no-cache
content-length: 14

14:56:58.770 [AsyncHttpClient-1-6] DEBUG org.asynchttpclient.netty.channel.ChannelManager - Adding key: http://localhost:56684 for channel [id: 0xb14bbce9, L:/127.0.0.1:65280 - R:localhost/127.0.0.1:56684]
14:56:58.774 [Forwarding sendKeysToElement on session 8dd9ec7284d0369845a3dddc2df84aa0 to remote] DEBUG org.asynchttpclient.netty.request.NettyRequestSender - Using pooled Channel '[id: 0xb14bbce9, L:/127.0.0.1:65280 - R:localhost/127.0.0.1:56684]' for 'POST' to 'http://localhost:56684/session/8dd9ec7284d0369845a3dddc2df84aa0/element/04d9558a-1bb5-4a57-91fa-262f53685ebc/value'
14:56:58.774 [Forwarding sendKeysToElement on session 8dd9ec7284d0369845a3dddc2df84aa0 to remote] DEBUG org.asynchttpclient.netty.request.NettyRequestSender - Using open Channel [id: 0xb14bbce9, L:/127.0.0.1:65280 - R:localhost/127.0.0.1:56684] for POST '/session/8dd9ec7284d0369845a3dddc2df84aa0/element/04d9558a-1bb5-4a57-91fa-262f53685ebc/value'
14:56:58.805 [AsyncHttpClient-1-1] DEBUG org.asynchttpclient.netty.channel.DefaultChannelPool - Entry count for : http://localhost:65281 : 1
14:56:58.852 [AsyncHttpClient-1-6] DEBUG org.asynchttpclient.netty.handler.HttpHandler - 

Request DefaultHttpRequest(decodeResult: success, version: HTTP/1.1)
POST /session/8dd9ec7284d0369845a3dddc2df84aa0/element/04d9558a-1bb5-4a57-91fa-262f53685ebc/value HTTP/1.1
User-Agent: selenium/4.1.2 (java windows)
Content-Length: 91
Content-Type: application/json; charset=utf-8
host: localhost:56684
accept: */*

Response DefaultHttpResponse(decodeResult: success, version: HTTP/1.1)
HTTP/1.1 200 OK
Content-Type: application/json; charset=utf-8
cache-control: no-cache
content-length: 14

14:56:58.852 [AsyncHttpClient-1-6] DEBUG org.asynchttpclient.netty.channel.ChannelManager - Adding key: http://localhost:56684 for channel [id: 0xb14bbce9, L:/127.0.0.1:65280 - R:localhost/127.0.0.1:56684]
14:56:58.856 [Forwarding screenshot on session 8dd9ec7284d0369845a3dddc2df84aa0 to remote] DEBUG org.asynchttpclient.netty.request.NettyRequestSender - Using pooled Channel '[id: 0xb14bbce9, L:/127.0.0.1:65280 - R:localhost/127.0.0.1:56684]' for 'GET' to 'http://localhost:56684/session/8dd9ec7284d0369845a3dddc2df84aa0/screenshot'
14:56:58.856 [Forwarding screenshot on session 8dd9ec7284d0369845a3dddc2df84aa0 to remote] DEBUG org.asynchttpclient.netty.request.NettyRequestSender - Using open Channel [id: 0xb14bbce9, L:/127.0.0.1:65280 - R:localhost/127.0.0.1:56684] for GET '/session/8dd9ec7284d0369845a3dddc2df84aa0/screenshot'
14:56:58.978 [AsyncHttpClient-1-6] DEBUG org.asynchttpclient.netty.handler.HttpHandler - 

Request DefaultFullHttpRequest(decodeResult: success, version: HTTP/1.1, content: EmptyByteBufBE)
GET /session/8dd9ec7284d0369845a3dddc2df84aa0/screenshot HTTP/1.1
User-Agent: selenium/4.1.2 (java windows)
Cache-Control: no-cache
Content-Type: application/json; charset=utf-8
host: localhost:56684
accept: */*

Response DefaultHttpResponse(decodeResult: success, version: HTTP/1.1)
HTTP/1.1 200 OK
Content-Type: application/json; charset=utf-8
cache-control: no-cache
content-length: 25588

14:56:58.978 [AsyncHttpClient-1-6] DEBUG org.asynchttpclient.netty.channel.ChannelManager - Adding key: http://localhost:56684 for channel [id: 0xb14bbce9, L:/127.0.0.1:65280 - R:localhost/127.0.0.1:56684]
14:56:58.981 [main] DEBUG net.serenitybdd.core.photography.Darkroom - Send negative for processing for target\site\serenity\94af36ef8ed4b9f44567820d49b1b28af14d4efba0e0f52b682a95651bd1105b.png
14:56:58.981 [main] DEBUG net.thucydides.core.steps.StepInterceptor - STEP DONE: inputEmail
  &amp#27;[32mWhen &amp#27;[0m&amp#27;[32mI input &amp#27;[0m&amp#27;[32m&amp#27;[1m"a"&amp#27;[0m&amp#27;[32m email&amp#27;[0m         &amp#27;[90m# Starter.StepDefinitions.LoginStep.iInputEmail(java.lang.String)&amp#27;[0m
14:56:58.982 [Darkroom Processing Line] DEBUG net.serenitybdd.core.photography.DarkroomProcessingLine - Processing screenshot image in /var/screenshots/screenshot-10474352547005071207
14:56:58.982 [Darkroom Processing Line] DEBUG net.serenitybdd.core.photography.DarkroomProcessingLine - Saving screenshot to target\site\serenity\94af36ef8ed4b9f44567820d49b1b28af14d4efba0e0f52b682a95651bd1105b.png
14:56:58.994 [main] DEBUG net.thucydides.core.steps.StepInterceptor - STARTING STEP: LoginStep.iInputPassword - inputPassword
14:56:58.996 [Forwarding findElement on session 8dd9ec7284d0369845a3dddc2df84aa0 to remote] DEBUG org.asynchttpclient.netty.request.NettyRequestSender - Using pooled Channel '[id: 0xb14bbce9, L:/127.0.0.1:65280 - R:localhost/127.0.0.1:56684]' for 'POST' to 'http://localhost:56684/session/8dd9ec7284d0369845a3dddc2df84aa0/element'
14:56:58.996 [Forwarding findElement on session 8dd9ec7284d0369845a3dddc2df84aa0 to remote] DEBUG org.asynchttpclient.netty.request.NettyRequestSender - Using open Channel [id: 0xb14bbce9, L:/127.0.0.1:65280 - R:localhost/127.0.0.1:56684] for POST '/session/8dd9ec7284d0369845a3dddc2df84aa0/element'
14:56:59.005 [AsyncHttpClient-1-6] DEBUG org.asynchttpclient.netty.handler.HttpHandler - 

Request DefaultHttpRequest(decodeResult: success, version: HTTP/1.1)
POST /session/8dd9ec7284d0369845a3dddc2df84aa0/element HTTP/1.1
User-Agent: selenium/4.1.2 (java windows)
Content-Length: 94
Content-Type: application/json; charset=utf-8
host: localhost:56684
accept: */*

Response DefaultHttpResponse(decodeResult: success, version: HTTP/1.1)
HTTP/1.1 200 OK
Content-Type: application/json; charset=utf-8
cache-control: no-cache
content-length: 88

14:56:59.005 [AsyncHttpClient-1-6] DEBUG org.asynchttpclient.netty.channel.ChannelManager - Adding key: http://localhost:56684 for channel [id: 0xb14bbce9, L:/127.0.0.1:65280 - R:localhost/127.0.0.1:56684]
14:56:59.007 [Forwarding clearElement on session 8dd9ec7284d0369845a3dddc2df84aa0 to remote] DEBUG org.asynchttpclient.netty.request.NettyRequestSender - Using pooled Channel '[id: 0xb14bbce9, L:/127.0.0.1:65280 - R:localhost/127.0.0.1:56684]' for 'POST' to 'http://localhost:56684/session/8dd9ec7284d0369845a3dddc2df84aa0/element/2413b915-12fc-4c3e-9285-a9cb0150f965/clear'
14:56:59.007 [Forwarding clearElement on session 8dd9ec7284d0369845a3dddc2df84aa0 to remote] DEBUG org.asynchttpclient.netty.request.NettyRequestSender - Using open Channel [id: 0xb14bbce9, L:/127.0.0.1:65280 - R:localhost/127.0.0.1:56684] for POST '/session/8dd9ec7284d0369845a3dddc2df84aa0/element/2413b915-12fc-4c3e-9285-a9cb0150f965/clear'
14:56:59.036 [AsyncHttpClient-1-6] DEBUG org.asynchttpclient.netty.handler.HttpHandler - 

Request DefaultHttpRequest(decodeResult: success, version: HTTP/1.1)
POST /session/8dd9ec7284d0369845a3dddc2df84aa0/element/2413b915-12fc-4c3e-9285-a9cb0150f965/clear HTTP/1.1
User-Agent: selenium/4.1.2 (java windows)
Content-Length: 50
Content-Type: application/json; charset=utf-8
host: localhost:56684
accept: */*

Response DefaultHttpResponse(decodeResult: success, version: HTTP/1.1)
HTTP/1.1 200 OK
Content-Type: application/json; charset=utf-8
cache-control: no-cache
content-length: 14

14:56:59.036 [AsyncHttpClient-1-6] DEBUG org.asynchttpclient.netty.channel.ChannelManager - Adding key: http://localhost:56684 for channel [id: 0xb14bbce9, L:/127.0.0.1:65280 - R:localhost/127.0.0.1:56684]
14:56:59.037 [Forwarding sendKeysToElement on session 8dd9ec7284d0369845a3dddc2df84aa0 to remote] DEBUG org.asynchttpclient.netty.request.NettyRequestSender - Using pooled Channel '[id: 0xb14bbce9, L:/127.0.0.1:65280 - R:localhost/127.0.0.1:56684]' for 'POST' to 'http://localhost:56684/session/8dd9ec7284d0369845a3dddc2df84aa0/element/2413b915-12fc-4c3e-9285-a9cb0150f965/value'
14:56:59.037 [Forwarding sendKeysToElement on session 8dd9ec7284d0369845a3dddc2df84aa0 to remote] DEBUG org.asynchttpclient.netty.request.NettyRequestSender - Using open Channel [id: 0xb14bbce9, L:/127.0.0.1:65280 - R:localhost/127.0.0.1:56684] for POST '/session/8dd9ec7284d0369845a3dddc2df84aa0/element/2413b915-12fc-4c3e-9285-a9cb0150f965/value'
14:56:59.084 [AsyncHttpClient-1-6] DEBUG org.asynchttpclient.netty.handler.HttpHandler - 

Request DefaultHttpRequest(decodeResult: success, version: HTTP/1.1)
POST /session/8dd9ec7284d0369845a3dddc2df84aa0/element/2413b915-12fc-4c3e-9285-a9cb0150f965/value HTTP/1.1
User-Agent: selenium/4.1.2 (java windows)
Content-Length: 91
Content-Type: application/json; charset=utf-8
host: localhost:56684
accept: */*

Response DefaultHttpResponse(decodeResult: success, version: HTTP/1.1)
HTTP/1.1 200 OK
Content-Type: application/json; charset=utf-8
cache-control: no-cache
content-length: 14

14:56:59.084 [AsyncHttpClient-1-6] DEBUG org.asynchttpclient.netty.channel.ChannelManager - Adding key: http://localhost:56684 for channel [id: 0xb14bbce9, L:/127.0.0.1:65280 - R:localhost/127.0.0.1:56684]
14:56:59.089 [Forwarding screenshot on session 8dd9ec7284d0369845a3dddc2df84aa0 to remote] DEBUG org.asynchttpclient.netty.request.NettyRequestSender - Using pooled Channel '[id: 0xb14bbce9, L:/127.0.0.1:65280 - R:localhost/127.0.0.1:56684]' for 'GET' to 'http://localhost:56684/session/8dd9ec7284d0369845a3dddc2df84aa0/screenshot'
14:56:59.089 [Forwarding screenshot on session 8dd9ec7284d0369845a3dddc2df84aa0 to remote] DEBUG org.asynchttpclient.netty.request.NettyRequestSender - Using open Channel [id: 0xb14bbce9, L:/127.0.0.1:65280 - R:localhost/127.0.0.1:56684] for GET '/session/8dd9ec7284d0369845a3dddc2df84aa0/screenshot'
14:56:59.226 [AsyncHttpClient-1-6] DEBUG org.asynchttpclient.netty.handler.HttpHandler - 

Request DefaultFullHttpRequest(decodeResult: success, version: HTTP/1.1, content: EmptyByteBufBE)
GET /session/8dd9ec7284d0369845a3dddc2df84aa0/screenshot HTTP/1.1
User-Agent: selenium/4.1.2 (java windows)
Cache-Control: no-cache
Content-Type: application/json; charset=utf-8
host: localhost:56684
accept: */*

Response DefaultHttpResponse(decodeResult: success, version: HTTP/1.1)
HTTP/1.1 200 OK
Content-Type: application/json; charset=utf-8
cache-control: no-cache
content-length: 25544

14:56:59.227 [AsyncHttpClient-1-6] DEBUG org.asynchttpclient.netty.channel.ChannelManager - Adding key: http://localhost:56684 for channel [id: 0xb14bbce9, L:/127.0.0.1:65280 - R:localhost/127.0.0.1:56684]
14:56:59.228 [main] DEBUG net.serenitybdd.core.photography.Darkroom - Send negative for processing for target\site\serenity\aee42ffac221b2663fddb2809e4271b8226d73348dba01ea4763cb768bf169ca.png
14:56:59.228 [main] DEBUG net.thucydides.core.steps.StepInterceptor - STEP DONE: inputPassword
  &amp#27;[32mAnd &amp#27;[0m&amp#27;[32mI input &amp#27;[0m&amp#27;[32m&amp#27;[1m"b"&amp#27;[0m&amp#27;[32m password&amp#27;[0m       &amp#27;[90m# Starter.StepDefinitions.LoginStep.iInputPassword(java.lang.String)&amp#27;[0m
14:56:59.229 [Darkroom Processing Line] DEBUG net.serenitybdd.core.photography.DarkroomProcessingLine - Processing screenshot image in /var/screenshots/screenshot-3326626305015383510
14:56:59.229 [Darkroom Processing Line] DEBUG net.serenitybdd.core.photography.DarkroomProcessingLine - Saving screenshot to target\site\serenity\aee42ffac221b2663fddb2809e4271b8226d73348dba01ea4763cb768bf169ca.png
14:56:59.240 [main] DEBUG net.thucydides.core.steps.StepInterceptor - STARTING STEP: LoginStep.clickLoginButton - clickLoginButton
14:56:59.242 [Forwarding findElement on session 8dd9ec7284d0369845a3dddc2df84aa0 to remote] DEBUG org.asynchttpclient.netty.request.NettyRequestSender - Using pooled Channel '[id: 0xb14bbce9, L:/127.0.0.1:65280 - R:localhost/127.0.0.1:56684]' for 'POST' to 'http://localhost:56684/session/8dd9ec7284d0369845a3dddc2df84aa0/element'
14:56:59.242 [Forwarding findElement on session 8dd9ec7284d0369845a3dddc2df84aa0 to remote] DEBUG org.asynchttpclient.netty.request.NettyRequestSender - Using open Channel [id: 0xb14bbce9, L:/127.0.0.1:65280 - R:localhost/127.0.0.1:56684] for POST '/session/8dd9ec7284d0369845a3dddc2df84aa0/element'
14:56:59.251 [AsyncHttpClient-1-6] DEBUG org.asynchttpclient.netty.handler.HttpHandler - 

Request DefaultHttpRequest(decodeResult: success, version: HTTP/1.1)
POST /session/8dd9ec7284d0369845a3dddc2df84aa0/element HTTP/1.1
User-Agent: selenium/4.1.2 (java windows)
Content-Length: 136
Content-Type: application/json; charset=utf-8
host: localhost:56684
accept: */*

Response DefaultHttpResponse(decodeResult: success, version: HTTP/1.1)
HTTP/1.1 200 OK
Content-Type: application/json; charset=utf-8
cache-control: no-cache
content-length: 88

14:56:59.251 [AsyncHttpClient-1-6] DEBUG org.asynchttpclient.netty.channel.ChannelManager - Adding key: http://localhost:56684 for channel [id: 0xb14bbce9, L:/127.0.0.1:65280 - R:localhost/127.0.0.1:56684]
14:56:59.254 [Forwarding getElementTagName on session 8dd9ec7284d0369845a3dddc2df84aa0 to remote] DEBUG org.asynchttpclient.netty.request.NettyRequestSender - Using pooled Channel '[id: 0xb14bbce9, L:/127.0.0.1:65280 - R:localhost/127.0.0.1:56684]' for 'GET' to 'http://localhost:56684/session/8dd9ec7284d0369845a3dddc2df84aa0/element/22113d9e-a07f-41f7-a259-6014630db8d2/name'
14:56:59.254 [Forwarding getElementTagName on session 8dd9ec7284d0369845a3dddc2df84aa0 to remote] DEBUG org.asynchttpclient.netty.request.NettyRequestSender - Using open Channel [id: 0xb14bbce9, L:/127.0.0.1:65280 - R:localhost/127.0.0.1:56684] for GET '/session/8dd9ec7284d0369845a3dddc2df84aa0/element/22113d9e-a07f-41f7-a259-6014630db8d2/name'
14:56:59.259 [AsyncHttpClient-1-6] DEBUG org.asynchttpclient.netty.handler.HttpHandler - 

Request DefaultFullHttpRequest(decodeResult: success, version: HTTP/1.1, content: EmptyByteBufBE)
GET /session/8dd9ec7284d0369845a3dddc2df84aa0/element/22113d9e-a07f-41f7-a259-6014630db8d2/name HTTP/1.1
User-Agent: selenium/4.1.2 (java windows)
Cache-Control: no-cache
Content-Type: application/json; charset=utf-8
host: localhost:56684
accept: */*

Response DefaultHttpResponse(decodeResult: success, version: HTTP/1.1)
HTTP/1.1 200 OK
Content-Type: application/json; charset=utf-8
cache-control: no-cache
content-length: 18

14:56:59.259 [AsyncHttpClient-1-6] DEBUG org.asynchttpclient.netty.channel.ChannelManager - Adding key: http://localhost:56684 for channel [id: 0xb14bbce9, L:/127.0.0.1:65280 - R:localhost/127.0.0.1:56684]
14:56:59.261 [Forwarding getElementTagName on session 8dd9ec7284d0369845a3dddc2df84aa0 to remote] DEBUG org.asynchttpclient.netty.request.NettyRequestSender - Using pooled Channel '[id: 0xb14bbce9, L:/127.0.0.1:65280 - R:localhost/127.0.0.1:56684]' for 'GET' to 'http://localhost:56684/session/8dd9ec7284d0369845a3dddc2df84aa0/element/22113d9e-a07f-41f7-a259-6014630db8d2/name'
14:56:59.261 [Forwarding getElementTagName on session 8dd9ec7284d0369845a3dddc2df84aa0 to remote] DEBUG org.asynchttpclient.netty.request.NettyRequestSender - Using open Channel [id: 0xb14bbce9, L:/127.0.0.1:65280 - R:localhost/127.0.0.1:56684] for GET '/session/8dd9ec7284d0369845a3dddc2df84aa0/element/22113d9e-a07f-41f7-a259-6014630db8d2/name'
14:56:59.270 [AsyncHttpClient-1-6] DEBUG org.asynchttpclient.netty.handler.HttpHandler - 

Request DefaultFullHttpRequest(decodeResult: success, version: HTTP/1.1, content: EmptyByteBufBE)
GET /session/8dd9ec7284d0369845a3dddc2df84aa0/element/22113d9e-a07f-41f7-a259-6014630db8d2/name HTTP/1.1
User-Agent: selenium/4.1.2 (java windows)
Cache-Control: no-cache
Content-Type: application/json; charset=utf-8
host: localhost:56684
accept: */*

Response DefaultHttpResponse(decodeResult: success, version: HTTP/1.1)
HTTP/1.1 200 OK
Content-Type: application/json; charset=utf-8
cache-control: no-cache
content-length: 18

14:56:59.270 [AsyncHttpClient-1-6] DEBUG org.asynchttpclient.netty.channel.ChannelManager - Adding key: http://localhost:56684 for channel [id: 0xb14bbce9, L:/127.0.0.1:65280 - R:localhost/127.0.0.1:56684]
14:56:59.273 [Forwarding isElementEnabled on session 8dd9ec7284d0369845a3dddc2df84aa0 to remote] DEBUG org.asynchttpclient.netty.request.NettyRequestSender - Using pooled Channel '[id: 0xb14bbce9, L:/127.0.0.1:65280 - R:localhost/127.0.0.1:56684]' for 'GET' to 'http://localhost:56684/session/8dd9ec7284d0369845a3dddc2df84aa0/element/22113d9e-a07f-41f7-a259-6014630db8d2/enabled'
14:56:59.273 [Forwarding isElementEnabled on session 8dd9ec7284d0369845a3dddc2df84aa0 to remote] DEBUG org.asynchttpclient.netty.request.NettyRequestSender - Using open Channel [id: 0xb14bbce9, L:/127.0.0.1:65280 - R:localhost/127.0.0.1:56684] for GET '/session/8dd9ec7284d0369845a3dddc2df84aa0/element/22113d9e-a07f-41f7-a259-6014630db8d2/enabled'
14:56:59.280 [AsyncHttpClient-1-6] DEBUG org.asynchttpclient.netty.handler.HttpHandler - 

Request DefaultFullHttpRequest(decodeResult: success, version: HTTP/1.1, content: EmptyByteBufBE)
GET /session/8dd9ec7284d0369845a3dddc2df84aa0/element/22113d9e-a07f-41f7-a259-6014630db8d2/enabled HTTP/1.1
User-Agent: selenium/4.1.2 (java windows)
Cache-Control: no-cache
Content-Type: application/json; charset=utf-8
host: localhost:56684
accept: */*

Response DefaultHttpResponse(decodeResult: success, version: HTTP/1.1)
HTTP/1.1 200 OK
Content-Type: application/json; charset=utf-8
cache-control: no-cache
content-length: 14

14:56:59.282 [AsyncHttpClient-1-6] DEBUG org.asynchttpclient.netty.channel.ChannelManager - Adding key: http://localhost:56684 for channel [id: 0xb14bbce9, L:/127.0.0.1:65280 - R:localhost/127.0.0.1:56684]
14:56:59.284 [Forwarding isElementEnabled on session 8dd9ec7284d0369845a3dddc2df84aa0 to remote] DEBUG org.asynchttpclient.netty.request.NettyRequestSender - Using pooled Channel '[id: 0xb14bbce9, L:/127.0.0.1:65280 - R:localhost/127.0.0.1:56684]' for 'GET' to 'http://localhost:56684/session/8dd9ec7284d0369845a3dddc2df84aa0/element/22113d9e-a07f-41f7-a259-6014630db8d2/enabled'
14:56:59.284 [Forwarding isElementEnabled on session 8dd9ec7284d0369845a3dddc2df84aa0 to remote] DEBUG org.asynchttpclient.netty.request.NettyRequestSender - Using open Channel [id: 0xb14bbce9, L:/127.0.0.1:65280 - R:localhost/127.0.0.1:56684] for GET '/session/8dd9ec7284d0369845a3dddc2df84aa0/element/22113d9e-a07f-41f7-a259-6014630db8d2/enabled'
14:56:59.291 [AsyncHttpClient-1-6] DEBUG org.asynchttpclient.netty.handler.HttpHandler - 

Request DefaultFullHttpRequest(decodeResult: success, version: HTTP/1.1, content: EmptyByteBufBE)
GET /session/8dd9ec7284d0369845a3dddc2df84aa0/element/22113d9e-a07f-41f7-a259-6014630db8d2/enabled HTTP/1.1
User-Agent: selenium/4.1.2 (java windows)
Cache-Control: no-cache
Content-Type: application/json; charset=utf-8
host: localhost:56684
accept: */*

Response DefaultHttpResponse(decodeResult: success, version: HTTP/1.1)
HTTP/1.1 200 OK
Content-Type: application/json; charset=utf-8
cache-control: no-cache
content-length: 14

14:56:59.291 [AsyncHttpClient-1-6] DEBUG org.asynchttpclient.netty.channel.ChannelManager - Adding key: http://localhost:56684 for channel [id: 0xb14bbce9, L:/127.0.0.1:65280 - R:localhost/127.0.0.1:56684]
14:56:59.294 [Forwarding findElement on session 8dd9ec7284d0369845a3dddc2df84aa0 to remote] DEBUG org.asynchttpclient.netty.request.NettyRequestSender - Using pooled Channel '[id: 0xb14bbce9, L:/127.0.0.1:65280 - R:localhost/127.0.0.1:56684]' for 'POST' to 'http://localhost:56684/session/8dd9ec7284d0369845a3dddc2df84aa0/element'
14:56:59.294 [Forwarding findElement on session 8dd9ec7284d0369845a3dddc2df84aa0 to remote] DEBUG org.asynchttpclient.netty.request.NettyRequestSender - Using open Channel [id: 0xb14bbce9, L:/127.0.0.1:65280 - R:localhost/127.0.0.1:56684] for POST '/session/8dd9ec7284d0369845a3dddc2df84aa0/element'
14:56:59.304 [AsyncHttpClient-1-6] DEBUG org.asynchttpclient.netty.handler.HttpHandler - 

Request DefaultHttpRequest(decodeResult: success, version: HTTP/1.1)
POST /session/8dd9ec7284d0369845a3dddc2df84aa0/element HTTP/1.1
User-Agent: selenium/4.1.2 (java windows)
Content-Length: 136
Content-Type: application/json; charset=utf-8
host: localhost:56684
accept: */*

Response DefaultHttpResponse(decodeResult: success, version: HTTP/1.1)
HTTP/1.1 200 OK
Content-Type: application/json; charset=utf-8
cache-control: no-cache
content-length: 88

14:56:59.304 [AsyncHttpClient-1-6] DEBUG org.asynchttpclient.netty.channel.ChannelManager - Adding key: http://localhost:56684 for channel [id: 0xb14bbce9, L:/127.0.0.1:65280 - R:localhost/127.0.0.1:56684]
14:56:59.305 [Forwarding clickElement on session 8dd9ec7284d0369845a3dddc2df84aa0 to remote] DEBUG org.asynchttpclient.netty.request.NettyRequestSender - Using pooled Channel '[id: 0xb14bbce9, L:/127.0.0.1:65280 - R:localhost/127.0.0.1:56684]' for 'POST' to 'http://localhost:56684/session/8dd9ec7284d0369845a3dddc2df84aa0/element/22113d9e-a07f-41f7-a259-6014630db8d2/click'
14:56:59.305 [Forwarding clickElement on session 8dd9ec7284d0369845a3dddc2df84aa0 to remote] DEBUG org.asynchttpclient.netty.request.NettyRequestSender - Using open Channel [id: 0xb14bbce9, L:/127.0.0.1:65280 - R:localhost/127.0.0.1:56684] for POST '/session/8dd9ec7284d0369845a3dddc2df84aa0/element/22113d9e-a07f-41f7-a259-6014630db8d2/click'
14:56:59.347 [AsyncHttpClient-1-6] DEBUG org.asynchttpclient.netty.handler.HttpHandler - 

Request DefaultHttpRequest(decodeResult: success, version: HTTP/1.1)
POST /session/8dd9ec7284d0369845a3dddc2df84aa0/element/22113d9e-a07f-41f7-a259-6014630db8d2/click HTTP/1.1
User-Agent: selenium/4.1.2 (java windows)
Content-Length: 50
Content-Type: application/json; charset=utf-8
host: localhost:56684
accept: */*

Response DefaultHttpResponse(decodeResult: success, version: HTTP/1.1)
HTTP/1.1 200 OK
Content-Type: application/json; charset=utf-8
cache-control: no-cache
content-length: 14

14:56:59.347 [AsyncHttpClient-1-6] DEBUG org.asynchttpclient.netty.channel.ChannelManager - Adding key: http://localhost:56684 for channel [id: 0xb14bbce9, L:/127.0.0.1:65280 - R:localhost/127.0.0.1:56684]
14:56:59.356 [Forwarding screenshot on session 8dd9ec7284d0369845a3dddc2df84aa0 to remote] DEBUG org.asynchttpclient.netty.request.NettyRequestSender - Using pooled Channel '[id: 0xb14bbce9, L:/127.0.0.1:65280 - R:localhost/127.0.0.1:56684]' for 'GET' to 'http://localhost:56684/session/8dd9ec7284d0369845a3dddc2df84aa0/screenshot'
14:56:59.356 [Forwarding screenshot on session 8dd9ec7284d0369845a3dddc2df84aa0 to remote] DEBUG org.asynchttpclient.netty.request.NettyRequestSender - Using open Channel [id: 0xb14bbce9, L:/127.0.0.1:65280 - R:localhost/127.0.0.1:56684] for GET '/session/8dd9ec7284d0369845a3dddc2df84aa0/screenshot'
14:56:59.530 [AsyncHttpClient-1-6] DEBUG org.asynchttpclient.netty.handler.HttpHandler - 

Request DefaultFullHttpRequest(decodeResult: success, version: HTTP/1.1, content: EmptyByteBufBE)
GET /session/8dd9ec7284d0369845a3dddc2df84aa0/screenshot HTTP/1.1
User-Agent: selenium/4.1.2 (java windows)
Cache-Control: no-cache
Content-Type: application/json; charset=utf-8
host: localhost:56684
accept: */*

Response DefaultHttpResponse(decodeResult: success, version: HTTP/1.1)
HTTP/1.1 200 OK
Content-Type: application/json; charset=utf-8
cache-control: no-cache
content-length: 24952

14:56:59.537 [AsyncHttpClient-1-6] DEBUG org.asynchttpclient.netty.channel.ChannelManager - Adding key: http://localhost:56684 for channel [id: 0xb14bbce9, L:/127.0.0.1:65280 - R:localhost/127.0.0.1:56684]
14:56:59.546 [main] DEBUG net.serenitybdd.core.photography.Darkroom - Send negative for processing for target\site\serenity\434d2ea1a4d243919a423db3c9a3387aaaac974d67d1a13d6de4e81ce1d22ccf.png
14:56:59.547 [main] DEBUG net.thucydides.core.steps.StepInterceptor - STEP DONE: clickLoginButton
  &amp#27;[32mAnd &amp#27;[0m&amp#27;[32mclick login button&amp#27;[0m         &amp#27;[90m# Starter.StepDefinitions.LoginStep.clickLoginButton()&amp#27;[0m
14:56:59.552 [Darkroom Processing Line] DEBUG net.serenitybdd.core.photography.DarkroomProcessingLine - Processing screenshot image in /var/screenshots/screenshot-2239455967794242935
14:56:59.552 [Darkroom Processing Line] DEBUG net.serenitybdd.core.photography.DarkroomProcessingLine - Saving screenshot to target\site\serenity\434d2ea1a4d243919a423db3c9a3387aaaac974d67d1a13d6de4e81ce1d22ccf.png
14:56:59.579 [main] DEBUG net.thucydides.core.steps.StepInterceptor - STARTING STEP: LoginStep.iGetThe - errorMessageAppears
14:56:59.583 [Forwarding findElement on session 8dd9ec7284d0369845a3dddc2df84aa0 to remote] DEBUG org.asynchttpclient.netty.request.NettyRequestSender - Using pooled Channel '[id: 0xb14bbce9, L:/127.0.0.1:65280 - R:localhost/127.0.0.1:56684]' for 'POST' to 'http://localhost:56684/session/8dd9ec7284d0369845a3dddc2df84aa0/element'
14:56:59.583 [Forwarding findElement on session 8dd9ec7284d0369845a3dddc2df84aa0 to remote] DEBUG org.asynchttpclient.netty.request.NettyRequestSender - Using open Channel [id: 0xb14bbce9, L:/127.0.0.1:65280 - R:localhost/127.0.0.1:56684] for POST '/session/8dd9ec7284d0369845a3dddc2df84aa0/element'
14:56:59.599 [AsyncHttpClient-1-6] DEBUG org.asynchttpclient.netty.handler.HttpHandler - 

Request DefaultHttpRequest(decodeResult: success, version: HTTP/1.1)
POST /session/8dd9ec7284d0369845a3dddc2df84aa0/element HTTP/1.1
User-Agent: selenium/4.1.2 (java windows)
Content-Length: 53
Content-Type: application/json; charset=utf-8
host: localhost:56684
accept: */*

Response DefaultHttpResponse(decodeResult: success, version: HTTP/1.1)
HTTP/1.1 400 Bad Request
Content-Type: application/json; charset=utf-8
cache-control: no-cache
content-length: 957

14:56:59.600 [AsyncHttpClient-1-6] DEBUG org.asynchttpclient.netty.channel.ChannelManager - Adding key: http://localhost:56684 for channel [id: 0xb14bbce9, L:/127.0.0.1:65280 - R:localhost/127.0.0.1:56684]
14:56:59.601 [Forwarding findElement on session 8dd9ec7284d0369845a3dddc2df84aa0 to remote] DEBUG org.asynchttpclient.netty.request.NettyRequestSender - Using pooled Channel '[id: 0xb14bbce9, L:/127.0.0.1:65280 - R:localhost/127.0.0.1:56684]' for 'POST' to 'http://localhost:56684/session/8dd9ec7284d0369845a3dddc2df84aa0/element'
14:56:59.601 [Forwarding findElement on session 8dd9ec7284d0369845a3dddc2df84aa0 to remote] DEBUG org.asynchttpclient.netty.request.NettyRequestSender - Using open Channel [id: 0xb14bbce9, L:/127.0.0.1:65280 - R:localhost/127.0.0.1:56684] for POST '/session/8dd9ec7284d0369845a3dddc2df84aa0/element'
14:56:59.616 [AsyncHttpClient-1-6] DEBUG org.asynchttpclient.netty.handler.HttpHandler - 

Request DefaultHttpRequest(decodeResult: success, version: HTTP/1.1)
POST /session/8dd9ec7284d0369845a3dddc2df84aa0/element HTTP/1.1
User-Agent: selenium/4.1.2 (java windows)
Content-Length: 63
Content-Type: application/json; charset=utf-8
host: localhost:56684
accept: */*

Response DefaultHttpResponse(decodeResult: success, version: HTTP/1.1)
HTTP/1.1 200 OK
Content-Type: application/json; charset=utf-8
cache-control: no-cache
content-length: 88

14:56:59.618 [AsyncHttpClient-1-6] DEBUG org.asynchttpclient.netty.channel.ChannelManager - Adding key: http://localhost:56684 for channel [id: 0xb14bbce9, L:/127.0.0.1:65280 - R:localhost/127.0.0.1:56684]
14:56:59.622 [Forwarding isElementDisplayed on session 8dd9ec7284d0369845a3dddc2df84aa0 to remote] DEBUG org.asynchttpclient.netty.request.NettyRequestSender - Using pooled Channel '[id: 0xb14bbce9, L:/127.0.0.1:65280 - R:localhost/127.0.0.1:56684]' for 'POST' to 'http://localhost:56684/session/8dd9ec7284d0369845a3dddc2df84aa0/execute/sync'
14:56:59.622 [Forwarding isElementDisplayed on session 8dd9ec7284d0369845a3dddc2df84aa0 to remote] DEBUG org.asynchttpclient.netty.request.NettyRequestSender - Using open Channel [id: 0xb14bbce9, L:/127.0.0.1:65280 - R:localhost/127.0.0.1:56684] for POST '/session/8dd9ec7284d0369845a3dddc2df84aa0/execute/sync'
14:56:59.642 [AsyncHttpClient-1-6] DEBUG org.asynchttpclient.netty.handler.HttpHandler - 

Request DefaultHttpRequest(decodeResult: success, version: HTTP/1.1)
POST /session/8dd9ec7284d0369845a3dddc2df84aa0/execute/sync HTTP/1.1
User-Agent: selenium/4.1.2 (java windows)
Content-Length: 48780
Content-Type: application/json; charset=utf-8
host: localhost:56684
accept: */*

Response DefaultHttpResponse(decodeResult: success, version: HTTP/1.1)
HTTP/1.1 200 OK
Content-Type: application/json; charset=utf-8
cache-control: no-cache
content-length: 14

14:56:59.643 [AsyncHttpClient-1-6] DEBUG org.asynchttpclient.netty.channel.ChannelManager - Adding key: http://localhost:56684 for channel [id: 0xb14bbce9, L:/127.0.0.1:65280 - R:localhost/127.0.0.1:56684]
14:56:59.657 [Forwarding screenshot on session 8dd9ec7284d0369845a3dddc2df84aa0 to remote] DEBUG org.asynchttpclient.netty.request.NettyRequestSender - Using pooled Channel '[id: 0xb14bbce9, L:/127.0.0.1:65280 - R:localhost/127.0.0.1:56684]' for 'GET' to 'http://localhost:56684/session/8dd9ec7284d0369845a3dddc2df84aa0/screenshot'
14:56:59.657 [Forwarding screenshot on session 8dd9ec7284d0369845a3dddc2df84aa0 to remote] DEBUG org.asynchttpclient.netty.request.NettyRequestSender - Using open Channel [id: 0xb14bbce9, L:/127.0.0.1:65280 - R:localhost/127.0.0.1:56684] for GET '/session/8dd9ec7284d0369845a3dddc2df84aa0/screenshot'
14:56:59.822 [AsyncHttpClient-1-6] DEBUG org.asynchttpclient.netty.handler.HttpHandler - 

Request DefaultFullHttpRequest(decodeResult: success, version: HTTP/1.1, content: EmptyByteBufBE)
GET /session/8dd9ec7284d0369845a3dddc2df84aa0/screenshot HTTP/1.1
User-Agent: selenium/4.1.2 (java windows)
Cache-Control: no-cache
Content-Type: application/json; charset=utf-8
host: localhost:56684
accept: */*

Response DefaultHttpResponse(decodeResult: success, version: HTTP/1.1)
HTTP/1.1 200 OK
Content-Type: application/json; charset=utf-8
cache-control: no-cache
content-length: 31004

14:56:59.822 [AsyncHttpClient-1-6] DEBUG org.asynchttpclient.netty.channel.ChannelManager - Adding key: http://localhost:56684 for channel [id: 0xb14bbce9, L:/127.0.0.1:65280 - R:localhost/127.0.0.1:56684]
14:56:59.824 [main] DEBUG net.serenitybdd.core.photography.Darkroom - Send negative for processing for target\site\serenity\38b238a7f8afe18cf1086c0c21b06a091f7fc6fa508575755b8e776fa4c8a62c.png
14:56:59.825 [main] DEBUG net.thucydides.core.steps.StepInterceptor - STEP DONE: errorMessageAppears
14:56:59.825 [Darkroom Processing Line] DEBUG net.serenitybdd.core.photography.DarkroomProcessingLine - Processing screenshot image in /var/screenshots/screenshot-11991053840374531267
14:56:59.825 [Darkroom Processing Line] DEBUG net.serenitybdd.core.photography.DarkroomProcessingLine - Saving screenshot to target\site\serenity\38b238a7f8afe18cf1086c0c21b06a091f7fc6fa508575755b8e776fa4c8a62c.png
14:56:59.828 [main] DEBUG net.thucydides.core.steps.StepInterceptor - STARTING STEP: LoginStep.iGetThe - errorMessageEquals
14:56:59.832 [Forwarding findElement on session 8dd9ec7284d0369845a3dddc2df84aa0 to remote] DEBUG org.asynchttpclient.netty.request.NettyRequestSender - Using pooled Channel '[id: 0xb14bbce9, L:/127.0.0.1:65280 - R:localhost/127.0.0.1:56684]' for 'POST' to 'http://localhost:56684/session/8dd9ec7284d0369845a3dddc2df84aa0/element'
14:56:59.832 [Forwarding findElement on session 8dd9ec7284d0369845a3dddc2df84aa0 to remote] DEBUG org.asynchttpclient.netty.request.NettyRequestSender - Using open Channel [id: 0xb14bbce9, L:/127.0.0.1:65280 - R:localhost/127.0.0.1:56684] for POST '/session/8dd9ec7284d0369845a3dddc2df84aa0/element'
14:56:59.837 [AsyncHttpClient-1-6] DEBUG org.asynchttpclient.netty.handler.HttpHandler - 

Request DefaultHttpRequest(decodeResult: success, version: HTTP/1.1)
POST /session/8dd9ec7284d0369845a3dddc2df84aa0/element HTTP/1.1
User-Agent: selenium/4.1.2 (java windows)
Content-Length: 63
Content-Type: application/json; charset=utf-8
host: localhost:56684
accept: */*

Response DefaultHttpResponse(decodeResult: success, version: HTTP/1.1)
HTTP/1.1 200 OK
Content-Type: application/json; charset=utf-8
cache-control: no-cache
content-length: 88

14:56:59.837 [AsyncHttpClient-1-6] DEBUG org.asynchttpclient.netty.channel.ChannelManager - Adding key: http://localhost:56684 for channel [id: 0xb14bbce9, L:/127.0.0.1:65280 - R:localhost/127.0.0.1:56684]
14:56:59.838 [Forwarding getElementText on session 8dd9ec7284d0369845a3dddc2df84aa0 to remote] DEBUG org.asynchttpclient.netty.request.NettyRequestSender - Using pooled Channel '[id: 0xb14bbce9, L:/127.0.0.1:65280 - R:localhost/127.0.0.1:56684]' for 'GET' to 'http://localhost:56684/session/8dd9ec7284d0369845a3dddc2df84aa0/element/5378d024-b3cf-4c92-b96a-29eacbddd422/text'
14:56:59.838 [Forwarding getElementText on session 8dd9ec7284d0369845a3dddc2df84aa0 to remote] DEBUG org.asynchttpclient.netty.request.NettyRequestSender - Using open Channel [id: 0xb14bbce9, L:/127.0.0.1:65280 - R:localhost/127.0.0.1:56684] for GET '/session/8dd9ec7284d0369845a3dddc2df84aa0/element/5378d024-b3cf-4c92-b96a-29eacbddd422/text'
14:56:59.850 [AsyncHttpClient-1-6] DEBUG org.asynchttpclient.netty.handler.HttpHandler - 

Request DefaultFullHttpRequest(decodeResult: success, version: HTTP/1.1, content: EmptyByteBufBE)
GET /session/8dd9ec7284d0369845a3dddc2df84aa0/element/5378d024-b3cf-4c92-b96a-29eacbddd422/text HTTP/1.1
User-Agent: selenium/4.1.2 (java windows)
Cache-Control: no-cache
Content-Type: application/json; charset=utf-8
host: localhost:56684
accept: */*

Response DefaultHttpResponse(decodeResult: success, version: HTTP/1.1)
HTTP/1.1 200 OK
Content-Type: application/json; charset=utf-8
cache-control: no-cache
content-length: 40

14:56:59.851 [AsyncHttpClient-1-6] DEBUG org.asynchttpclient.netty.channel.ChannelManager - Adding key: http://localhost:56684 for channel [id: 0xb14bbce9, L:/127.0.0.1:65280 - R:localhost/127.0.0.1:56684]
14:56:59.854 [main] DEBUG net.thucydides.core.steps.StepInterceptor - STEP DONE: errorMessageEquals
  &amp#27;[32mThen &amp#27;[0m&amp#27;[32mI get the &amp#27;[0m&amp#27;[32m&amp#27;[1m"login page"&amp#27;[0m    &amp#27;[90m# Starter.StepDefinitions.LoginStep.iGetThe(java.lang.String)&amp#27;[0m
14:56:59.861 [AsyncHttpClient-1-8] DEBUG org.asynchttpclient.netty.handler.WebSocketHandler - Channel Closed: [id: 0xf5e0907d, L:/127.0.0.1:65288 ! R:localhost/127.0.0.1:65281] with attribute NettyResponseFuture{currentRetry=5,
	isDone=1,
	isCancelled=0,
	asyncHandler=org.asynchttpclient.ws.WebSocketUpgradeHandler@f28d6a9,
	nettyRequest=org.asynchttpclient.netty.request.NettyRequest@475e8582,
	future=java.util.concurrent.CompletableFuture@77fefb8e[Completed normally],
	uri=ws://localhost:65281/devtools/browser/5e216f54-9ee7-458c-9ac3-27cb188f7287,
	keepAlive=true,
	redirectCount=0,
	timeoutsHolder=null,
	inAuth=0,
	touch=1652687817544}
14:56:59.861 [AsyncHttpClient-1-8] DEBUG org.asynchttpclient.netty.channel.ChannelManager - Closing Channel [id: 0xf5e0907d, L:/127.0.0.1:65288 ! R:localhost/127.0.0.1:65281] 
14:56:59.861 [Driver Command Executor] DEBUG org.asynchttpclient.netty.request.NettyRequestSender - Using pooled Channel '[id: 0xb14bbce9, L:/127.0.0.1:65280 - R:localhost/127.0.0.1:56684]' for 'DELETE' to 'http://localhost:56684/session/8dd9ec7284d0369845a3dddc2df84aa0'
14:56:59.862 [Driver Command Executor] DEBUG org.asynchttpclient.netty.request.NettyRequestSender - Using open Channel [id: 0xb14bbce9, L:/127.0.0.1:65280 - R:localhost/127.0.0.1:56684] for DELETE '/session/8dd9ec7284d0369845a3dddc2df84aa0'
14:56:59.901 [AsyncHttpClient-1-1] DEBUG org.asynchttpclient.netty.channel.DefaultChannelPool - Entry count for : http://localhost:65281 : 1
14:56:59.925 [AsyncHttpClient-1-7] DEBUG org.asynchttpclient.netty.handler.HttpHandler - Unexpected I/O exception on channel [id: 0xb0c61122, L:/127.0.0.1:65287 - R:localhost/127.0.0.1:65281]
java.net.SocketException: Connection reset
	at java.base/sun.nio.ch.SocketChannelImpl.throwConnectionReset(SocketChannelImpl.java:367)
	at java.base/sun.nio.ch.SocketChannelImpl.read(SocketChannelImpl.java:398)
	at io.netty.buffer.PooledByteBuf.setBytes(PooledByteBuf.java:258)
	at io.netty.buffer.AbstractByteBuf.writeBytes(AbstractByteBuf.java:1132)
	at io.netty.channel.socket.nio.NioSocketChannel.doReadBytes(NioSocketChannel.java:350)
	at io.netty.channel.nio.AbstractNioByteChannel$NioByteUnsafe.read(AbstractNioByteChannel.java:151)
	at io.netty.channel.nio.NioEventLoop.processSelectedKey(NioEventLoop.java:722)
	at io.netty.channel.nio.NioEventLoop.processSelectedKeysOptimized(NioEventLoop.java:658)
	at io.netty.channel.nio.NioEventLoop.processSelectedKeys(NioEventLoop.java:584)
	at io.netty.channel.nio.NioEventLoop.run(NioEventLoop.java:496)
	at io.netty.util.concurrent.SingleThreadEventExecutor$4.run(SingleThreadEventExecutor.java:986)
	at io.netty.util.internal.ThreadExecutorMap$2.run(ThreadExecutorMap.java:74)
	at io.netty.util.concurrent.FastThreadLocalRunnable.run(FastThreadLocalRunnable.java:30)
	at java.base/java.lang.Thread.run(Thread.java:832)
14:56:59.926 [AsyncHttpClient-1-7] DEBUG org.asynchttpclient.netty.channel.ChannelManager - Closing Channel [id: 0xb0c61122, L:/127.0.0.1:65287 - R:localhost/127.0.0.1:65281] 
14:56:59.926 [AsyncHttpClient-1-7] DEBUG org.asynchttpclient.netty.handler.HttpHandler - Channel Closed: [id: 0xb0c61122, L:/127.0.0.1:65287 ! R:localhost/127.0.0.1:65281] with attribute DISCARD
14:56:59.974 [AsyncHttpClient-1-6] DEBUG org.asynchttpclient.netty.handler.HttpHandler - 

Request DefaultFullHttpRequest(decodeResult: success, version: HTTP/1.1, content: EmptyByteBufBE)
DELETE /session/8dd9ec7284d0369845a3dddc2df84aa0 HTTP/1.1
User-Agent: selenium/4.1.2 (java windows)
Content-Type: application/json; charset=utf-8
host: localhost:56684
accept: */*

Response DefaultHttpResponse(decodeResult: success, version: HTTP/1.1)
HTTP/1.1 200 OK
Content-Type: application/json; charset=utf-8
cache-control: no-cache
content-length: 14

14:56:59.974 [AsyncHttpClient-1-6] DEBUG org.asynchttpclient.netty.channel.ChannelManager - Adding key: http://localhost:56684 for channel [id: 0xb14bbce9, L:/127.0.0.1:65280 - R:localhost/127.0.0.1:56684]
14:57:00.072 [AsyncHttpClient-1-6] DEBUG org.asynchttpclient.netty.handler.HttpHandler - Channel Closed: [id: 0xb14bbce9, L:/127.0.0.1:65280 ! R:localhost/127.0.0.1:56684] with attribute DISCARD
]]></system-out>
    <system-err><![CDATA[Starting ChromeDriver 101.0.4951.41 (93c720db8323b3ec10d056025ab95c23a31997c9-refs/branch-heads/4951@{#904}) on port 56684
Only local connections are allowed.
Please see https://chromedriver.chromium.org/security-considerations for suggestions on keeping ChromeDriver safe.
ChromeDriver was started successfully.
May 16, 2022 2:56:57 PM org.openqa.selenium.remote.ProtocolHandshake createSession
INFO: Detected dialect: W3C
May 16, 2022 2:56:57 PM org.openqa.selenium.devtools.CdpVersionFinder findNearestMatch
WARNING: Unable to find an exact match for CDP version 101, so returning the closest version found: 97
May 16, 2022 2:56:57 PM org.openqa.selenium.devtools.CdpVersionFinder findNearestMatch
INFO: Found CDP implementation for version 101 of 97
]]></system-err>
  </testcase>
  <testcase name="Success Logout" classname="Logout" time="6.339">
    <system-out><![CDATA[14:57:00.602 [main] INFO io.cucumber.core.plugin.SerenityReporter - Running feature from file:///D:/data%20hakim/Mini%20Project%20Alterra/WebAlta/src/test/resources/features/Logout.feature
14:57:00.608 [main] DEBUG net.thucydides.core.steps.StepEventBus - Test suite started for story net.thucydides.core.model.Story@7960de68
14:57:00.609 [main] INFO  - Test Suite Started: Logout

@Logout
Scenario Outline: Success Logout         &amp#27;[90m# src/test/resources/features/Logout.feature:18&amp#27;[0m
14:57:00.623 [main] INFO io.cucumber.core.plugin.SerenityReporter - Running feature from file:///D:/data%20hakim/Mini%20Project%20Alterra/WebAlta/src/test/resources/features/Logout.feature
14:57:00.625 [main] INFO  - 
  _____   ___   ___   _____     ___   _____     _     ___   _____   ___   ___  
 |_   _| | __| / __| |_   _|   / __| |_   _|   /_\   | _ \ |_   _| | __| |   \ 
   | |   | _|  \__ \   | |     \__ \   | |    / _ \  |   /   | |   | _|  | |) |
   |_|   |___| |___/   |_|     |___/   |_|   /_/ \_\ |_|_\   |_|   |___| |___/ 

Success Logout(logout;success-logout)
--------------------------------------------------------------------------------
14:57:00.650 [main] INFO net.serenitybdd.core.webdriver.driverproviders.ChromeDriverProvider - Using automatically driver download
14:57:00.786 [main] DEBUG io.github.bonigarcia.wdm.cache.ResolutionCache - Resolution chrome=101 in cache (valid until 15:32:06 16/05/2022 WIB)
14:57:00.792 [main] DEBUG io.github.bonigarcia.wdm.cache.ResolutionCache - Resolution chrome101=101.0.4951.41 in cache (valid until 14:32:06 17/05/2022 WIB)
14:57:00.794 [main] INFO io.github.bonigarcia.wdm.WebDriverManager - Using chromedriver 101.0.4951.41 (resolved driver for Chrome 101)
14:57:00.816 [main] DEBUG io.github.bonigarcia.wdm.WebDriverManager - Driver chromedriver 101.0.4951.41 found in cache
14:57:00.816 [main] INFO io.github.bonigarcia.wdm.WebDriverManager - Exporting webdriver.chrome.driver as C:\Users\hp pc\.cache\selenium\chromedriver\win32\101.0.4951.41\chromedriver.exe
14:57:00.952 [main] DEBUG net.serenitybdd.core.webdriver.driverproviders.ProvideNewDriver - Instantiating driver
14:57:00.952 [main] DEBUG net.serenitybdd.core.webdriver.driverproviders.ProvideNewDriver - Driver capabilities: Capabilities {acceptInsecureCerts: false, base.url: https://qa.alta.id/, browserName: chrome, chrome.driver: src/test/resources/webdrive..., driver: chrome, goog:chromeOptions: {args: [], extensions: []}}
14:57:01.007 [AsyncHttpClient-1-1] DEBUG org.asynchttpclient.netty.channel.DefaultChannelPool - Entry count for : http://localhost:65281 : 1
14:57:01.008 [AsyncHttpClient-1-1] DEBUG org.asynchttpclient.netty.channel.DefaultChannelPool - Entry count for : http://localhost:56684 : 1
14:57:01.008 [AsyncHttpClient-1-1] DEBUG org.asynchttpclient.netty.channel.DefaultChannelPool - Adding Candidate expired Channel [id: 0xb0c61122, L:/127.0.0.1:65287 ! R:localhost/127.0.0.1:65281] isIdleTimeoutExpired=false isRemotelyClosed=true isTtlExpired=false
14:57:01.008 [AsyncHttpClient-1-1] DEBUG org.asynchttpclient.netty.channel.DefaultChannelPool - Closing Idle Channel [id: 0xb0c61122, L:/127.0.0.1:65287 ! R:localhost/127.0.0.1:65281]
14:57:01.008 [AsyncHttpClient-1-1] DEBUG org.asynchttpclient.netty.channel.DefaultChannelPool - Adding Candidate expired Channel [id: 0xb14bbce9, L:/127.0.0.1:65280 ! R:localhost/127.0.0.1:56684] isIdleTimeoutExpired=false isRemotelyClosed=true isTtlExpired=false
14:57:01.008 [AsyncHttpClient-1-1] DEBUG org.asynchttpclient.netty.channel.DefaultChannelPool - Closing Idle Channel [id: 0xb14bbce9, L:/127.0.0.1:65280 ! R:localhost/127.0.0.1:56684]
14:57:01.008 [AsyncHttpClient-1-1] DEBUG org.asynchttpclient.netty.channel.DefaultChannelPool - Closed 2 connections out of 2 in 0 ms
14:57:01.490 [AsyncHttpClient-1-9] DEBUG org.asynchttpclient.netty.channel.NettyConnectListener - Using new Channel '[id: 0x32fe3944, L:/127.0.0.1:65310 - R:localhost/127.0.0.1:54202]' for 'POST' to '/session'
14:57:02.296 [AsyncHttpClient-1-9] DEBUG org.asynchttpclient.netty.handler.HttpHandler - 

Request DefaultHttpRequest(decodeResult: success, version: HTTP/1.1)
POST /session HTTP/1.1
User-Agent: selenium/4.1.2 (java windows)
Content-Length: 605
Content-Type: application/json; charset=utf-8
host: localhost:54202
accept: */*

Response DefaultHttpResponse(decodeResult: success, version: HTTP/1.1)
HTTP/1.1 200 OK
Content-Type: application/json; charset=utf-8
cache-control: no-cache
content-length: 789

14:57:02.297 [AsyncHttpClient-1-9] DEBUG org.asynchttpclient.netty.channel.ChannelManager - Adding key: http://localhost:54202 for channel [id: 0x32fe3944, L:/127.0.0.1:65310 - R:localhost/127.0.0.1:54202]
14:57:02.308 [AsyncHttpClient-1-2] DEBUG org.asynchttpclient.netty.channel.NettyConnectListener - Using new Channel '[id: 0x0f27b142, L:/127.0.0.1:65317 - R:localhost/127.0.0.1:65311]' for 'GET' to '/json/version'
14:57:02.309 [AsyncHttpClient-1-2] DEBUG org.asynchttpclient.netty.handler.HttpHandler - 

Request DefaultFullHttpRequest(decodeResult: success, version: HTTP/1.1, content: EmptyByteBufBE)
GET /json/version HTTP/1.1
User-Agent: selenium/4.1.2 (java windows)
host: localhost:65311
accept: */*

Response DefaultHttpResponse(decodeResult: success, version: HTTP/1.1)
HTTP/1.1 200 OK
Content-Type: application/json; charset=UTF-8
content-length: 427

14:57:02.309 [AsyncHttpClient-1-2] DEBUG org.asynchttpclient.netty.channel.ChannelManager - Adding key: http://localhost:65311 for channel [id: 0x0f27b142, L:/127.0.0.1:65317 - R:localhost/127.0.0.1:65311]
14:57:02.311 [AsyncHttpClient-1-3] DEBUG org.asynchttpclient.netty.channel.NettyConnectListener - Using new Channel '[id: 0xab426320, L:/127.0.0.1:65318 - R:localhost/127.0.0.1:65311]' for 'GET' to '/devtools/browser/f47a9f3f-95f6-4b38-8f6f-4fd655a44f29'
14:57:02.312 [AsyncHttpClient-1-3] DEBUG org.asynchttpclient.netty.handler.WebSocketHandler - 

Request DefaultFullHttpRequest(decodeResult: success, version: HTTP/1.1, content: EmptyByteBufBE)
GET /devtools/browser/f47a9f3f-95f6-4b38-8f6f-4fd655a44f29 HTTP/1.1
upgrade: websocket
connection: upgrade
sec-websocket-key: PQtJwBsuzhqwZAf9Db9Ihg==
sec-websocket-version: 13
origin: http://localhost:65311
host: localhost:65311
accept: */*
user-agent: AHC/2.1

Response DefaultHttpResponse(decodeResult: success, version: HTTP/1.1)
HTTP/1.1 101 WebSocket Protocol Handshake
Upgrade: WebSocket
Connection: Upgrade
Sec-WebSocket-Accept: JuMr4LlqyaHuGc1MIqnU64TpJ/o=

14:57:02.318 [Forwarding maximizeCurrentWindow on session c8229354b444430cac5850c068860cd4 to remote] DEBUG org.asynchttpclient.netty.request.NettyRequestSender - Using pooled Channel '[id: 0x32fe3944, L:/127.0.0.1:65310 - R:localhost/127.0.0.1:54202]' for 'POST' to 'http://localhost:54202/session/c8229354b444430cac5850c068860cd4/window/maximize'
14:57:02.318 [Forwarding maximizeCurrentWindow on session c8229354b444430cac5850c068860cd4 to remote] DEBUG org.asynchttpclient.netty.request.NettyRequestSender - Using open Channel [id: 0x32fe3944, L:/127.0.0.1:65310 - R:localhost/127.0.0.1:54202] for POST '/session/c8229354b444430cac5850c068860cd4/window/maximize'
14:57:02.454 [AsyncHttpClient-1-9] DEBUG org.asynchttpclient.netty.handler.HttpHandler - 

Request DefaultHttpRequest(decodeResult: success, version: HTTP/1.1)
POST /session/c8229354b444430cac5850c068860cd4/window/maximize HTTP/1.1
User-Agent: selenium/4.1.2 (java windows)
Content-Length: 3
Content-Type: application/json; charset=utf-8
host: localhost:54202
accept: */*

Response DefaultHttpResponse(decodeResult: success, version: HTTP/1.1)
HTTP/1.1 200 OK
Content-Type: application/json; charset=utf-8
cache-control: no-cache
content-length: 51

14:57:02.454 [AsyncHttpClient-1-9] DEBUG org.asynchttpclient.netty.channel.ChannelManager - Adding key: http://localhost:54202 for channel [id: 0x32fe3944, L:/127.0.0.1:65310 - R:localhost/127.0.0.1:54202]
14:57:02.455 [Forwarding get on session c8229354b444430cac5850c068860cd4 to remote] DEBUG org.asynchttpclient.netty.request.NettyRequestSender - Using pooled Channel '[id: 0x32fe3944, L:/127.0.0.1:65310 - R:localhost/127.0.0.1:54202]' for 'POST' to 'http://localhost:54202/session/c8229354b444430cac5850c068860cd4/url'
14:57:02.455 [Forwarding get on session c8229354b444430cac5850c068860cd4 to remote] DEBUG org.asynchttpclient.netty.request.NettyRequestSender - Using open Channel [id: 0x32fe3944, L:/127.0.0.1:65310 - R:localhost/127.0.0.1:54202] for POST '/session/c8229354b444430cac5850c068860cd4/url'
14:57:03.202 [AsyncHttpClient-1-1] DEBUG org.asynchttpclient.netty.channel.DefaultChannelPool - Entry count for : http://localhost:65311 : 1
14:57:04.152 [AsyncHttpClient-1-9] DEBUG org.asynchttpclient.netty.handler.HttpHandler - 

Request DefaultHttpRequest(decodeResult: success, version: HTTP/1.1)
POST /session/c8229354b444430cac5850c068860cd4/url HTTP/1.1
User-Agent: selenium/4.1.2 (java windows)
Content-Length: 64
Content-Type: application/json; charset=utf-8
host: localhost:54202
accept: */*

Response DefaultHttpResponse(decodeResult: success, version: HTTP/1.1)
HTTP/1.1 200 OK
Content-Type: application/json; charset=utf-8
cache-control: no-cache
content-length: 14

14:57:04.152 [AsyncHttpClient-1-9] DEBUG org.asynchttpclient.netty.channel.ChannelManager - Adding key: http://localhost:54202 for channel [id: 0x32fe3944, L:/127.0.0.1:65310 - R:localhost/127.0.0.1:54202]
14:57:04.154 [Forwarding setTimeout on session c8229354b444430cac5850c068860cd4 to remote] DEBUG org.asynchttpclient.netty.request.NettyRequestSender - Using pooled Channel '[id: 0x32fe3944, L:/127.0.0.1:65310 - R:localhost/127.0.0.1:54202]' for 'POST' to 'http://localhost:54202/session/c8229354b444430cac5850c068860cd4/timeouts'
14:57:04.154 [Forwarding setTimeout on session c8229354b444430cac5850c068860cd4 to remote] DEBUG org.asynchttpclient.netty.request.NettyRequestSender - Using open Channel [id: 0x32fe3944, L:/127.0.0.1:65310 - R:localhost/127.0.0.1:54202] for POST '/session/c8229354b444430cac5850c068860cd4/timeouts'
14:57:04.155 [AsyncHttpClient-1-9] DEBUG org.asynchttpclient.netty.handler.HttpHandler - 

Request DefaultHttpRequest(decodeResult: success, version: HTTP/1.1)
POST /session/c8229354b444430cac5850c068860cd4/timeouts HTTP/1.1
User-Agent: selenium/4.1.2 (java windows)
Content-Length: 22
Content-Type: application/json; charset=utf-8
host: localhost:54202
accept: */*

Response DefaultHttpResponse(decodeResult: success, version: HTTP/1.1)
HTTP/1.1 200 OK
Content-Type: application/json; charset=utf-8
cache-control: no-cache
content-length: 14

14:57:04.155 [AsyncHttpClient-1-9] DEBUG org.asynchttpclient.netty.channel.ChannelManager - Adding key: http://localhost:54202 for channel [id: 0x32fe3944, L:/127.0.0.1:65310 - R:localhost/127.0.0.1:54202]
14:57:04.157 [Forwarding getCurrentUrl on session c8229354b444430cac5850c068860cd4 to remote] DEBUG org.asynchttpclient.netty.request.NettyRequestSender - Using pooled Channel '[id: 0x32fe3944, L:/127.0.0.1:65310 - R:localhost/127.0.0.1:54202]' for 'GET' to 'http://localhost:54202/session/c8229354b444430cac5850c068860cd4/url'
14:57:04.157 [Forwarding getCurrentUrl on session c8229354b444430cac5850c068860cd4 to remote] DEBUG org.asynchttpclient.netty.request.NettyRequestSender - Using open Channel [id: 0x32fe3944, L:/127.0.0.1:65310 - R:localhost/127.0.0.1:54202] for GET '/session/c8229354b444430cac5850c068860cd4/url'
14:57:04.161 [AsyncHttpClient-1-9] DEBUG org.asynchttpclient.netty.handler.HttpHandler - 

Request DefaultFullHttpRequest(decodeResult: success, version: HTTP/1.1, content: EmptyByteBufBE)
GET /session/c8229354b444430cac5850c068860cd4/url HTTP/1.1
User-Agent: selenium/4.1.2 (java windows)
Cache-Control: no-cache
Content-Type: application/json; charset=utf-8
host: localhost:54202
accept: */*

Response DefaultHttpResponse(decodeResult: success, version: HTTP/1.1)
HTTP/1.1 200 OK
Content-Type: application/json; charset=utf-8
cache-control: no-cache
content-length: 41

14:57:04.161 [AsyncHttpClient-1-9] DEBUG org.asynchttpclient.netty.channel.ChannelManager - Adding key: http://localhost:54202 for channel [id: 0x32fe3944, L:/127.0.0.1:65310 - R:localhost/127.0.0.1:54202]
14:57:04.171 [main] DEBUG net.serenitybdd.core.photography.Darkroom - Opening darkroom
14:57:04.172 [Forwarding screenshot on session c8229354b444430cac5850c068860cd4 to remote] DEBUG org.asynchttpclient.netty.request.NettyRequestSender - Using pooled Channel '[id: 0x32fe3944, L:/127.0.0.1:65310 - R:localhost/127.0.0.1:54202]' for 'GET' to 'http://localhost:54202/session/c8229354b444430cac5850c068860cd4/screenshot'
14:57:04.172 [Forwarding screenshot on session c8229354b444430cac5850c068860cd4 to remote] DEBUG org.asynchttpclient.netty.request.NettyRequestSender - Using open Channel [id: 0x32fe3944, L:/127.0.0.1:65310 - R:localhost/127.0.0.1:54202] for GET '/session/c8229354b444430cac5850c068860cd4/screenshot'
14:57:04.172 [Darkroom Processing Line] DEBUG net.serenitybdd.core.photography.DarkroomProcessingLine - Darkroom processing line starting up
14:57:04.302 [AsyncHttpClient-1-1] DEBUG org.asynchttpclient.netty.channel.DefaultChannelPool - Entry count for : http://localhost:65311 : 1
14:57:04.347 [AsyncHttpClient-1-9] DEBUG org.asynchttpclient.netty.handler.HttpHandler - 

Request DefaultFullHttpRequest(decodeResult: success, version: HTTP/1.1, content: EmptyByteBufBE)
GET /session/c8229354b444430cac5850c068860cd4/screenshot HTTP/1.1
User-Agent: selenium/4.1.2 (java windows)
Cache-Control: no-cache
Content-Type: application/json; charset=utf-8
host: localhost:54202
accept: */*

Response DefaultHttpResponse(decodeResult: success, version: HTTP/1.1)
HTTP/1.1 200 OK
Content-Type: application/json; charset=utf-8
cache-control: no-cache
content-length: 24940

14:57:04.348 [AsyncHttpClient-1-9] DEBUG org.asynchttpclient.netty.channel.ChannelManager - Adding key: http://localhost:54202 for channel [id: 0x32fe3944, L:/127.0.0.1:65310 - R:localhost/127.0.0.1:54202]
14:57:04.350 [main] DEBUG net.serenitybdd.core.photography.Darkroom - Send negative for processing for target\site\serenity\11023edac3681808080020daf60d8cb00148736924ac340653f27273a0570072.png
14:57:04.350 [main] DEBUG net.thucydides.core.steps.StepInterceptor - STARTING STEP: LogoutStep.iAmOnTheLoginPage - validateOnLoginPage
14:57:04.352 [Forwarding findElement on session c8229354b444430cac5850c068860cd4 to remote] DEBUG org.asynchttpclient.netty.request.NettyRequestSender - Using pooled Channel '[id: 0x32fe3944, L:/127.0.0.1:65310 - R:localhost/127.0.0.1:54202]' for 'POST' to 'http://localhost:54202/session/c8229354b444430cac5850c068860cd4/element'
14:57:04.352 [Forwarding findElement on session c8229354b444430cac5850c068860cd4 to remote] DEBUG org.asynchttpclient.netty.request.NettyRequestSender - Using open Channel [id: 0x32fe3944, L:/127.0.0.1:65310 - R:localhost/127.0.0.1:54202] for POST '/session/c8229354b444430cac5850c068860cd4/element'
14:57:04.365 [AsyncHttpClient-1-9] DEBUG org.asynchttpclient.netty.handler.HttpHandler - 

Request DefaultHttpRequest(decodeResult: success, version: HTTP/1.1)
POST /session/c8229354b444430cac5850c068860cd4/element HTTP/1.1
User-Agent: selenium/4.1.2 (java windows)
Content-Length: 136
Content-Type: application/json; charset=utf-8
host: localhost:54202
accept: */*

Response DefaultHttpResponse(decodeResult: success, version: HTTP/1.1)
HTTP/1.1 200 OK
Content-Type: application/json; charset=utf-8
cache-control: no-cache
content-length: 88

14:57:04.365 [AsyncHttpClient-1-9] DEBUG org.asynchttpclient.netty.channel.ChannelManager - Adding key: http://localhost:54202 for channel [id: 0x32fe3944, L:/127.0.0.1:65310 - R:localhost/127.0.0.1:54202]
14:57:04.369 [Forwarding isElementDisplayed on session c8229354b444430cac5850c068860cd4 to remote] DEBUG org.asynchttpclient.netty.request.NettyRequestSender - Using pooled Channel '[id: 0x32fe3944, L:/127.0.0.1:65310 - R:localhost/127.0.0.1:54202]' for 'POST' to 'http://localhost:54202/session/c8229354b444430cac5850c068860cd4/execute/sync'
14:57:04.369 [Forwarding isElementDisplayed on session c8229354b444430cac5850c068860cd4 to remote] DEBUG org.asynchttpclient.netty.request.NettyRequestSender - Using open Channel [id: 0x32fe3944, L:/127.0.0.1:65310 - R:localhost/127.0.0.1:54202] for POST '/session/c8229354b444430cac5850c068860cd4/execute/sync'
14:57:04.381 [AsyncHttpClient-1-9] DEBUG org.asynchttpclient.netty.handler.HttpHandler - 

Request DefaultHttpRequest(decodeResult: success, version: HTTP/1.1)
POST /session/c8229354b444430cac5850c068860cd4/execute/sync HTTP/1.1
User-Agent: selenium/4.1.2 (java windows)
Content-Length: 48780
Content-Type: application/json; charset=utf-8
host: localhost:54202
accept: */*

Response DefaultHttpResponse(decodeResult: success, version: HTTP/1.1)
HTTP/1.1 200 OK
Content-Type: application/json; charset=utf-8
cache-control: no-cache
content-length: 14

14:57:04.381 [AsyncHttpClient-1-9] DEBUG org.asynchttpclient.netty.channel.ChannelManager - Adding key: http://localhost:54202 for channel [id: 0x32fe3944, L:/127.0.0.1:65310 - R:localhost/127.0.0.1:54202]
14:57:04.384 [main] DEBUG net.thucydides.core.steps.StepInterceptor - STEP DONE: validateOnLoginPage
  &amp#27;[32mGiven &amp#27;[0m&amp#27;[32mI am login account page&amp#27;[0m          &amp#27;[90m# Starter.StepDefinitions.LogoutStep.iAmOnTheLoginPage()&amp#27;[0m
14:57:04.393 [main] DEBUG net.thucydides.core.steps.StepInterceptor - STARTING STEP: LogoutStep.iInputEmail - inputEmail
14:57:04.395 [Forwarding findElement on session c8229354b444430cac5850c068860cd4 to remote] DEBUG org.asynchttpclient.netty.request.NettyRequestSender - Using pooled Channel '[id: 0x32fe3944, L:/127.0.0.1:65310 - R:localhost/127.0.0.1:54202]' for 'POST' to 'http://localhost:54202/session/c8229354b444430cac5850c068860cd4/element'
14:57:04.395 [Forwarding findElement on session c8229354b444430cac5850c068860cd4 to remote] DEBUG org.asynchttpclient.netty.request.NettyRequestSender - Using open Channel [id: 0x32fe3944, L:/127.0.0.1:65310 - R:localhost/127.0.0.1:54202] for POST '/session/c8229354b444430cac5850c068860cd4/element'
14:57:04.405 [AsyncHttpClient-1-9] DEBUG org.asynchttpclient.netty.handler.HttpHandler - 

Request DefaultHttpRequest(decodeResult: success, version: HTTP/1.1)
POST /session/c8229354b444430cac5850c068860cd4/element HTTP/1.1
User-Agent: selenium/4.1.2 (java windows)
Content-Length: 91
Content-Type: application/json; charset=utf-8
host: localhost:54202
accept: */*

Response DefaultHttpResponse(decodeResult: success, version: HTTP/1.1)
HTTP/1.1 200 OK
Content-Type: application/json; charset=utf-8
cache-control: no-cache
content-length: 88

14:57:04.405 [AsyncHttpClient-1-9] DEBUG org.asynchttpclient.netty.channel.ChannelManager - Adding key: http://localhost:54202 for channel [id: 0x32fe3944, L:/127.0.0.1:65310 - R:localhost/127.0.0.1:54202]
14:57:04.406 [Forwarding clearElement on session c8229354b444430cac5850c068860cd4 to remote] DEBUG org.asynchttpclient.netty.request.NettyRequestSender - Using pooled Channel '[id: 0x32fe3944, L:/127.0.0.1:65310 - R:localhost/127.0.0.1:54202]' for 'POST' to 'http://localhost:54202/session/c8229354b444430cac5850c068860cd4/element/bc4ee882-19ae-441c-9eb3-6b4e975ba45d/clear'
14:57:04.406 [Forwarding clearElement on session c8229354b444430cac5850c068860cd4 to remote] DEBUG org.asynchttpclient.netty.request.NettyRequestSender - Using open Channel [id: 0x32fe3944, L:/127.0.0.1:65310 - R:localhost/127.0.0.1:54202] for POST '/session/c8229354b444430cac5850c068860cd4/element/bc4ee882-19ae-441c-9eb3-6b4e975ba45d/clear'
14:57:04.433 [AsyncHttpClient-1-9] DEBUG org.asynchttpclient.netty.handler.HttpHandler - 

Request DefaultHttpRequest(decodeResult: success, version: HTTP/1.1)
POST /session/c8229354b444430cac5850c068860cd4/element/bc4ee882-19ae-441c-9eb3-6b4e975ba45d/clear HTTP/1.1
User-Agent: selenium/4.1.2 (java windows)
Content-Length: 50
Content-Type: application/json; charset=utf-8
host: localhost:54202
accept: */*

Response DefaultHttpResponse(decodeResult: success, version: HTTP/1.1)
HTTP/1.1 200 OK
Content-Type: application/json; charset=utf-8
cache-control: no-cache
content-length: 14

14:57:04.433 [AsyncHttpClient-1-9] DEBUG org.asynchttpclient.netty.channel.ChannelManager - Adding key: http://localhost:54202 for channel [id: 0x32fe3944, L:/127.0.0.1:65310 - R:localhost/127.0.0.1:54202]
14:57:04.434 [Forwarding sendKeysToElement on session c8229354b444430cac5850c068860cd4 to remote] DEBUG org.asynchttpclient.netty.request.NettyRequestSender - Using pooled Channel '[id: 0x32fe3944, L:/127.0.0.1:65310 - R:localhost/127.0.0.1:54202]' for 'POST' to 'http://localhost:54202/session/c8229354b444430cac5850c068860cd4/element/bc4ee882-19ae-441c-9eb3-6b4e975ba45d/value'
14:57:04.435 [Forwarding sendKeysToElement on session c8229354b444430cac5850c068860cd4 to remote] DEBUG org.asynchttpclient.netty.request.NettyRequestSender - Using open Channel [id: 0x32fe3944, L:/127.0.0.1:65310 - R:localhost/127.0.0.1:54202] for POST '/session/c8229354b444430cac5850c068860cd4/element/bc4ee882-19ae-441c-9eb3-6b4e975ba45d/value'
14:57:04.551 [AsyncHttpClient-1-9] DEBUG org.asynchttpclient.netty.handler.HttpHandler - 

Request DefaultHttpRequest(decodeResult: success, version: HTTP/1.1)
POST /session/c8229354b444430cac5850c068860cd4/element/bc4ee882-19ae-441c-9eb3-6b4e975ba45d/value HTTP/1.1
User-Agent: selenium/4.1.2 (java windows)
Content-Length: 261
Content-Type: application/json; charset=utf-8
host: localhost:54202
accept: */*

Response DefaultHttpResponse(decodeResult: success, version: HTTP/1.1)
HTTP/1.1 200 OK
Content-Type: application/json; charset=utf-8
cache-control: no-cache
content-length: 14

14:57:04.552 [AsyncHttpClient-1-9] DEBUG org.asynchttpclient.netty.channel.ChannelManager - Adding key: http://localhost:54202 for channel [id: 0x32fe3944, L:/127.0.0.1:65310 - R:localhost/127.0.0.1:54202]
14:57:04.556 [Forwarding screenshot on session c8229354b444430cac5850c068860cd4 to remote] DEBUG org.asynchttpclient.netty.request.NettyRequestSender - Using pooled Channel '[id: 0x32fe3944, L:/127.0.0.1:65310 - R:localhost/127.0.0.1:54202]' for 'GET' to 'http://localhost:54202/session/c8229354b444430cac5850c068860cd4/screenshot'
14:57:04.556 [Forwarding screenshot on session c8229354b444430cac5850c068860cd4 to remote] DEBUG org.asynchttpclient.netty.request.NettyRequestSender - Using open Channel [id: 0x32fe3944, L:/127.0.0.1:65310 - R:localhost/127.0.0.1:54202] for GET '/session/c8229354b444430cac5850c068860cd4/screenshot'
14:57:04.670 [AsyncHttpClient-1-9] DEBUG org.asynchttpclient.netty.handler.HttpHandler - 

Request DefaultFullHttpRequest(decodeResult: success, version: HTTP/1.1, content: EmptyByteBufBE)
GET /session/c8229354b444430cac5850c068860cd4/screenshot HTTP/1.1
User-Agent: selenium/4.1.2 (java windows)
Cache-Control: no-cache
Content-Type: application/json; charset=utf-8
host: localhost:54202
accept: */*

Response DefaultHttpResponse(decodeResult: success, version: HTTP/1.1)
HTTP/1.1 200 OK
Content-Type: application/json; charset=utf-8
cache-control: no-cache
content-length: 28984

14:57:04.671 [AsyncHttpClient-1-9] DEBUG org.asynchttpclient.netty.channel.ChannelManager - Adding key: http://localhost:54202 for channel [id: 0x32fe3944, L:/127.0.0.1:65310 - R:localhost/127.0.0.1:54202]
14:57:04.672 [main] DEBUG net.serenitybdd.core.photography.Darkroom - Send negative for processing for target\site\serenity\7c7d6a34ffe036a07faca116fea90f5a0cf59a8975e319d904365f391fd376a0.png
14:57:04.673 [main] DEBUG net.thucydides.core.steps.StepInterceptor - STEP DONE: inputEmail
  &amp#27;[32mAnd &amp#27;[0m&amp#27;[32mI Input &amp#27;[0m&amp#27;[32m&amp#27;[1m"hakim001@gmail.com"&amp#27;[0m&amp#27;[32m email&amp#27;[0m &amp#27;[90m# Starter.StepDefinitions.LogoutStep.iInputEmail(java.lang.String)&amp#27;[0m
14:57:04.674 [Darkroom Processing Line] DEBUG net.serenitybdd.core.photography.DarkroomProcessingLine - Processing screenshot image in /var/screenshots/screenshot-4054691442273136974
14:57:04.674 [Darkroom Processing Line] DEBUG net.serenitybdd.core.photography.DarkroomProcessingLine - Saving screenshot to target\site\serenity\7c7d6a34ffe036a07faca116fea90f5a0cf59a8975e319d904365f391fd376a0.png
14:57:04.690 [main] DEBUG net.thucydides.core.steps.StepInterceptor - STARTING STEP: LogoutStep.iInputPassword - inputPassword
14:57:04.692 [Forwarding findElement on session c8229354b444430cac5850c068860cd4 to remote] DEBUG org.asynchttpclient.netty.request.NettyRequestSender - Using pooled Channel '[id: 0x32fe3944, L:/127.0.0.1:65310 - R:localhost/127.0.0.1:54202]' for 'POST' to 'http://localhost:54202/session/c8229354b444430cac5850c068860cd4/element'
14:57:04.692 [Forwarding findElement on session c8229354b444430cac5850c068860cd4 to remote] DEBUG org.asynchttpclient.netty.request.NettyRequestSender - Using open Channel [id: 0x32fe3944, L:/127.0.0.1:65310 - R:localhost/127.0.0.1:54202] for POST '/session/c8229354b444430cac5850c068860cd4/element'
14:57:04.704 [AsyncHttpClient-1-9] DEBUG org.asynchttpclient.netty.handler.HttpHandler - 

Request DefaultHttpRequest(decodeResult: success, version: HTTP/1.1)
POST /session/c8229354b444430cac5850c068860cd4/element HTTP/1.1
User-Agent: selenium/4.1.2 (java windows)
Content-Length: 94
Content-Type: application/json; charset=utf-8
host: localhost:54202
accept: */*

Response DefaultHttpResponse(decodeResult: success, version: HTTP/1.1)
HTTP/1.1 200 OK
Content-Type: application/json; charset=utf-8
cache-control: no-cache
content-length: 88

14:57:04.704 [AsyncHttpClient-1-9] DEBUG org.asynchttpclient.netty.channel.ChannelManager - Adding key: http://localhost:54202 for channel [id: 0x32fe3944, L:/127.0.0.1:65310 - R:localhost/127.0.0.1:54202]
14:57:04.705 [Forwarding clearElement on session c8229354b444430cac5850c068860cd4 to remote] DEBUG org.asynchttpclient.netty.request.NettyRequestSender - Using pooled Channel '[id: 0x32fe3944, L:/127.0.0.1:65310 - R:localhost/127.0.0.1:54202]' for 'POST' to 'http://localhost:54202/session/c8229354b444430cac5850c068860cd4/element/af55b86f-cfa2-4b1c-a232-0b322382f65d/clear'
14:57:04.705 [Forwarding clearElement on session c8229354b444430cac5850c068860cd4 to remote] DEBUG org.asynchttpclient.netty.request.NettyRequestSender - Using open Channel [id: 0x32fe3944, L:/127.0.0.1:65310 - R:localhost/127.0.0.1:54202] for POST '/session/c8229354b444430cac5850c068860cd4/element/af55b86f-cfa2-4b1c-a232-0b322382f65d/clear'
14:57:04.736 [AsyncHttpClient-1-9] DEBUG org.asynchttpclient.netty.handler.HttpHandler - 

Request DefaultHttpRequest(decodeResult: success, version: HTTP/1.1)
POST /session/c8229354b444430cac5850c068860cd4/element/af55b86f-cfa2-4b1c-a232-0b322382f65d/clear HTTP/1.1
User-Agent: selenium/4.1.2 (java windows)
Content-Length: 50
Content-Type: application/json; charset=utf-8
host: localhost:54202
accept: */*

Response DefaultHttpResponse(decodeResult: success, version: HTTP/1.1)
HTTP/1.1 200 OK
Content-Type: application/json; charset=utf-8
cache-control: no-cache
content-length: 14

14:57:04.737 [AsyncHttpClient-1-9] DEBUG org.asynchttpclient.netty.channel.ChannelManager - Adding key: http://localhost:54202 for channel [id: 0x32fe3944, L:/127.0.0.1:65310 - R:localhost/127.0.0.1:54202]
14:57:04.738 [Forwarding sendKeysToElement on session c8229354b444430cac5850c068860cd4 to remote] DEBUG org.asynchttpclient.netty.request.NettyRequestSender - Using pooled Channel '[id: 0x32fe3944, L:/127.0.0.1:65310 - R:localhost/127.0.0.1:54202]' for 'POST' to 'http://localhost:54202/session/c8229354b444430cac5850c068860cd4/element/af55b86f-cfa2-4b1c-a232-0b322382f65d/value'
14:57:04.738 [Forwarding sendKeysToElement on session c8229354b444430cac5850c068860cd4 to remote] DEBUG org.asynchttpclient.netty.request.NettyRequestSender - Using open Channel [id: 0x32fe3944, L:/127.0.0.1:65310 - R:localhost/127.0.0.1:54202] for POST '/session/c8229354b444430cac5850c068860cd4/element/af55b86f-cfa2-4b1c-a232-0b322382f65d/value'
14:57:04.812 [AsyncHttpClient-1-9] DEBUG org.asynchttpclient.netty.handler.HttpHandler - 

Request DefaultHttpRequest(decodeResult: success, version: HTTP/1.1)
POST /session/c8229354b444430cac5850c068860cd4/element/af55b86f-cfa2-4b1c-a232-0b322382f65d/value HTTP/1.1
User-Agent: selenium/4.1.2 (java windows)
Content-Length: 161
Content-Type: application/json; charset=utf-8
host: localhost:54202
accept: */*

Response DefaultHttpResponse(decodeResult: success, version: HTTP/1.1)
HTTP/1.1 200 OK
Content-Type: application/json; charset=utf-8
cache-control: no-cache
content-length: 14

14:57:04.812 [AsyncHttpClient-1-9] DEBUG org.asynchttpclient.netty.channel.ChannelManager - Adding key: http://localhost:54202 for channel [id: 0x32fe3944, L:/127.0.0.1:65310 - R:localhost/127.0.0.1:54202]
14:57:04.821 [Forwarding screenshot on session c8229354b444430cac5850c068860cd4 to remote] DEBUG org.asynchttpclient.netty.request.NettyRequestSender - Using pooled Channel '[id: 0x32fe3944, L:/127.0.0.1:65310 - R:localhost/127.0.0.1:54202]' for 'GET' to 'http://localhost:54202/session/c8229354b444430cac5850c068860cd4/screenshot'
14:57:04.821 [Forwarding screenshot on session c8229354b444430cac5850c068860cd4 to remote] DEBUG org.asynchttpclient.netty.request.NettyRequestSender - Using open Channel [id: 0x32fe3944, L:/127.0.0.1:65310 - R:localhost/127.0.0.1:54202] for GET '/session/c8229354b444430cac5850c068860cd4/screenshot'
14:57:04.960 [AsyncHttpClient-1-9] DEBUG org.asynchttpclient.netty.handler.HttpHandler - 

Request DefaultFullHttpRequest(decodeResult: success, version: HTTP/1.1, content: EmptyByteBufBE)
GET /session/c8229354b444430cac5850c068860cd4/screenshot HTTP/1.1
User-Agent: selenium/4.1.2 (java windows)
Cache-Control: no-cache
Content-Type: application/json; charset=utf-8
host: localhost:54202
accept: */*

Response DefaultHttpResponse(decodeResult: success, version: HTTP/1.1)
HTTP/1.1 200 OK
Content-Type: application/json; charset=utf-8
cache-control: no-cache
content-length: 30876

14:57:04.960 [AsyncHttpClient-1-9] DEBUG org.asynchttpclient.netty.channel.ChannelManager - Adding key: http://localhost:54202 for channel [id: 0x32fe3944, L:/127.0.0.1:65310 - R:localhost/127.0.0.1:54202]
14:57:04.963 [main] DEBUG net.serenitybdd.core.photography.Darkroom - Send negative for processing for target\site\serenity\2ff20530db9cbbc95bc504c58b8712f5c9d595b8619c058fc50851b7a4401d8f.png
14:57:04.963 [main] DEBUG net.thucydides.core.steps.StepInterceptor - STEP DONE: inputPassword
  &amp#27;[32mAnd &amp#27;[0m&amp#27;[32mI Input &amp#27;[0m&amp#27;[32m&amp#27;[1m"Valid@01"&amp#27;[0m&amp#27;[32m password&amp#27;[0m        &amp#27;[90m# Starter.StepDefinitions.LogoutStep.iInputPassword(java.lang.String)&amp#27;[0m
14:57:04.963 [Darkroom Processing Line] DEBUG net.serenitybdd.core.photography.DarkroomProcessingLine - Processing screenshot image in /var/screenshots/screenshot-760844508910183416
14:57:04.963 [Darkroom Processing Line] DEBUG net.serenitybdd.core.photography.DarkroomProcessingLine - Saving screenshot to target\site\serenity\2ff20530db9cbbc95bc504c58b8712f5c9d595b8619c058fc50851b7a4401d8f.png
14:57:04.982 [main] DEBUG net.thucydides.core.steps.StepInterceptor - STARTING STEP: LogoutStep.clickLoginButton - clickLoginButton
14:57:04.986 [Forwarding findElement on session c8229354b444430cac5850c068860cd4 to remote] DEBUG org.asynchttpclient.netty.request.NettyRequestSender - Using pooled Channel '[id: 0x32fe3944, L:/127.0.0.1:65310 - R:localhost/127.0.0.1:54202]' for 'POST' to 'http://localhost:54202/session/c8229354b444430cac5850c068860cd4/element'
14:57:04.986 [Forwarding findElement on session c8229354b444430cac5850c068860cd4 to remote] DEBUG org.asynchttpclient.netty.request.NettyRequestSender - Using open Channel [id: 0x32fe3944, L:/127.0.0.1:65310 - R:localhost/127.0.0.1:54202] for POST '/session/c8229354b444430cac5850c068860cd4/element'
14:57:04.993 [AsyncHttpClient-1-9] DEBUG org.asynchttpclient.netty.handler.HttpHandler - 

Request DefaultHttpRequest(decodeResult: success, version: HTTP/1.1)
POST /session/c8229354b444430cac5850c068860cd4/element HTTP/1.1
User-Agent: selenium/4.1.2 (java windows)
Content-Length: 136
Content-Type: application/json; charset=utf-8
host: localhost:54202
accept: */*

Response DefaultHttpResponse(decodeResult: success, version: HTTP/1.1)
HTTP/1.1 200 OK
Content-Type: application/json; charset=utf-8
cache-control: no-cache
content-length: 88

14:57:04.993 [AsyncHttpClient-1-9] DEBUG org.asynchttpclient.netty.channel.ChannelManager - Adding key: http://localhost:54202 for channel [id: 0x32fe3944, L:/127.0.0.1:65310 - R:localhost/127.0.0.1:54202]
14:57:04.994 [Forwarding getElementTagName on session c8229354b444430cac5850c068860cd4 to remote] DEBUG org.asynchttpclient.netty.request.NettyRequestSender - Using pooled Channel '[id: 0x32fe3944, L:/127.0.0.1:65310 - R:localhost/127.0.0.1:54202]' for 'GET' to 'http://localhost:54202/session/c8229354b444430cac5850c068860cd4/element/b2f99df0-9bcb-440b-a4fd-da8340e94244/name'
14:57:04.995 [Forwarding getElementTagName on session c8229354b444430cac5850c068860cd4 to remote] DEBUG org.asynchttpclient.netty.request.NettyRequestSender - Using open Channel [id: 0x32fe3944, L:/127.0.0.1:65310 - R:localhost/127.0.0.1:54202] for GET '/session/c8229354b444430cac5850c068860cd4/element/b2f99df0-9bcb-440b-a4fd-da8340e94244/name'
14:57:05.002 [AsyncHttpClient-1-9] DEBUG org.asynchttpclient.netty.handler.HttpHandler - 

Request DefaultFullHttpRequest(decodeResult: success, version: HTTP/1.1, content: EmptyByteBufBE)
GET /session/c8229354b444430cac5850c068860cd4/element/b2f99df0-9bcb-440b-a4fd-da8340e94244/name HTTP/1.1
User-Agent: selenium/4.1.2 (java windows)
Cache-Control: no-cache
Content-Type: application/json; charset=utf-8
host: localhost:54202
accept: */*

Response DefaultHttpResponse(decodeResult: success, version: HTTP/1.1)
HTTP/1.1 200 OK
Content-Type: application/json; charset=utf-8
cache-control: no-cache
content-length: 18

14:57:05.003 [AsyncHttpClient-1-9] DEBUG org.asynchttpclient.netty.channel.ChannelManager - Adding key: http://localhost:54202 for channel [id: 0x32fe3944, L:/127.0.0.1:65310 - R:localhost/127.0.0.1:54202]
14:57:05.004 [Forwarding getElementTagName on session c8229354b444430cac5850c068860cd4 to remote] DEBUG org.asynchttpclient.netty.request.NettyRequestSender - Using pooled Channel '[id: 0x32fe3944, L:/127.0.0.1:65310 - R:localhost/127.0.0.1:54202]' for 'GET' to 'http://localhost:54202/session/c8229354b444430cac5850c068860cd4/element/b2f99df0-9bcb-440b-a4fd-da8340e94244/name'
14:57:05.004 [Forwarding getElementTagName on session c8229354b444430cac5850c068860cd4 to remote] DEBUG org.asynchttpclient.netty.request.NettyRequestSender - Using open Channel [id: 0x32fe3944, L:/127.0.0.1:65310 - R:localhost/127.0.0.1:54202] for GET '/session/c8229354b444430cac5850c068860cd4/element/b2f99df0-9bcb-440b-a4fd-da8340e94244/name'
14:57:05.009 [AsyncHttpClient-1-9] DEBUG org.asynchttpclient.netty.handler.HttpHandler - 

Request DefaultFullHttpRequest(decodeResult: success, version: HTTP/1.1, content: EmptyByteBufBE)
GET /session/c8229354b444430cac5850c068860cd4/element/b2f99df0-9bcb-440b-a4fd-da8340e94244/name HTTP/1.1
User-Agent: selenium/4.1.2 (java windows)
Cache-Control: no-cache
Content-Type: application/json; charset=utf-8
host: localhost:54202
accept: */*

Response DefaultHttpResponse(decodeResult: success, version: HTTP/1.1)
HTTP/1.1 200 OK
Content-Type: application/json; charset=utf-8
cache-control: no-cache
content-length: 18

14:57:05.009 [AsyncHttpClient-1-9] DEBUG org.asynchttpclient.netty.channel.ChannelManager - Adding key: http://localhost:54202 for channel [id: 0x32fe3944, L:/127.0.0.1:65310 - R:localhost/127.0.0.1:54202]
14:57:05.012 [Forwarding isElementEnabled on session c8229354b444430cac5850c068860cd4 to remote] DEBUG org.asynchttpclient.netty.request.NettyRequestSender - Using pooled Channel '[id: 0x32fe3944, L:/127.0.0.1:65310 - R:localhost/127.0.0.1:54202]' for 'GET' to 'http://localhost:54202/session/c8229354b444430cac5850c068860cd4/element/b2f99df0-9bcb-440b-a4fd-da8340e94244/enabled'
14:57:05.012 [Forwarding isElementEnabled on session c8229354b444430cac5850c068860cd4 to remote] DEBUG org.asynchttpclient.netty.request.NettyRequestSender - Using open Channel [id: 0x32fe3944, L:/127.0.0.1:65310 - R:localhost/127.0.0.1:54202] for GET '/session/c8229354b444430cac5850c068860cd4/element/b2f99df0-9bcb-440b-a4fd-da8340e94244/enabled'
14:57:05.026 [AsyncHttpClient-1-9] DEBUG org.asynchttpclient.netty.handler.HttpHandler - 

Request DefaultFullHttpRequest(decodeResult: success, version: HTTP/1.1, content: EmptyByteBufBE)
GET /session/c8229354b444430cac5850c068860cd4/element/b2f99df0-9bcb-440b-a4fd-da8340e94244/enabled HTTP/1.1
User-Agent: selenium/4.1.2 (java windows)
Cache-Control: no-cache
Content-Type: application/json; charset=utf-8
host: localhost:54202
accept: */*

Response DefaultHttpResponse(decodeResult: success, version: HTTP/1.1)
HTTP/1.1 200 OK
Content-Type: application/json; charset=utf-8
cache-control: no-cache
content-length: 14

14:57:05.026 [AsyncHttpClient-1-9] DEBUG org.asynchttpclient.netty.channel.ChannelManager - Adding key: http://localhost:54202 for channel [id: 0x32fe3944, L:/127.0.0.1:65310 - R:localhost/127.0.0.1:54202]
14:57:05.027 [Forwarding isElementEnabled on session c8229354b444430cac5850c068860cd4 to remote] DEBUG org.asynchttpclient.netty.request.NettyRequestSender - Using pooled Channel '[id: 0x32fe3944, L:/127.0.0.1:65310 - R:localhost/127.0.0.1:54202]' for 'GET' to 'http://localhost:54202/session/c8229354b444430cac5850c068860cd4/element/b2f99df0-9bcb-440b-a4fd-da8340e94244/enabled'
14:57:05.027 [Forwarding isElementEnabled on session c8229354b444430cac5850c068860cd4 to remote] DEBUG org.asynchttpclient.netty.request.NettyRequestSender - Using open Channel [id: 0x32fe3944, L:/127.0.0.1:65310 - R:localhost/127.0.0.1:54202] for GET '/session/c8229354b444430cac5850c068860cd4/element/b2f99df0-9bcb-440b-a4fd-da8340e94244/enabled'
14:57:05.036 [AsyncHttpClient-1-9] DEBUG org.asynchttpclient.netty.handler.HttpHandler - 

Request DefaultFullHttpRequest(decodeResult: success, version: HTTP/1.1, content: EmptyByteBufBE)
GET /session/c8229354b444430cac5850c068860cd4/element/b2f99df0-9bcb-440b-a4fd-da8340e94244/enabled HTTP/1.1
User-Agent: selenium/4.1.2 (java windows)
Cache-Control: no-cache
Content-Type: application/json; charset=utf-8
host: localhost:54202
accept: */*

Response DefaultHttpResponse(decodeResult: success, version: HTTP/1.1)
HTTP/1.1 200 OK
Content-Type: application/json; charset=utf-8
cache-control: no-cache
content-length: 14

14:57:05.036 [AsyncHttpClient-1-9] DEBUG org.asynchttpclient.netty.channel.ChannelManager - Adding key: http://localhost:54202 for channel [id: 0x32fe3944, L:/127.0.0.1:65310 - R:localhost/127.0.0.1:54202]
14:57:05.038 [Forwarding findElement on session c8229354b444430cac5850c068860cd4 to remote] DEBUG org.asynchttpclient.netty.request.NettyRequestSender - Using pooled Channel '[id: 0x32fe3944, L:/127.0.0.1:65310 - R:localhost/127.0.0.1:54202]' for 'POST' to 'http://localhost:54202/session/c8229354b444430cac5850c068860cd4/element'
14:57:05.038 [Forwarding findElement on session c8229354b444430cac5850c068860cd4 to remote] DEBUG org.asynchttpclient.netty.request.NettyRequestSender - Using open Channel [id: 0x32fe3944, L:/127.0.0.1:65310 - R:localhost/127.0.0.1:54202] for POST '/session/c8229354b444430cac5850c068860cd4/element'
14:57:05.045 [AsyncHttpClient-1-9] DEBUG org.asynchttpclient.netty.handler.HttpHandler - 

Request DefaultHttpRequest(decodeResult: success, version: HTTP/1.1)
POST /session/c8229354b444430cac5850c068860cd4/element HTTP/1.1
User-Agent: selenium/4.1.2 (java windows)
Content-Length: 136
Content-Type: application/json; charset=utf-8
host: localhost:54202
accept: */*

Response DefaultHttpResponse(decodeResult: success, version: HTTP/1.1)
HTTP/1.1 200 OK
Content-Type: application/json; charset=utf-8
cache-control: no-cache
content-length: 88

14:57:05.045 [AsyncHttpClient-1-9] DEBUG org.asynchttpclient.netty.channel.ChannelManager - Adding key: http://localhost:54202 for channel [id: 0x32fe3944, L:/127.0.0.1:65310 - R:localhost/127.0.0.1:54202]
14:57:05.046 [Forwarding clickElement on session c8229354b444430cac5850c068860cd4 to remote] DEBUG org.asynchttpclient.netty.request.NettyRequestSender - Using pooled Channel '[id: 0x32fe3944, L:/127.0.0.1:65310 - R:localhost/127.0.0.1:54202]' for 'POST' to 'http://localhost:54202/session/c8229354b444430cac5850c068860cd4/element/b2f99df0-9bcb-440b-a4fd-da8340e94244/click'
14:57:05.046 [Forwarding clickElement on session c8229354b444430cac5850c068860cd4 to remote] DEBUG org.asynchttpclient.netty.request.NettyRequestSender - Using open Channel [id: 0x32fe3944, L:/127.0.0.1:65310 - R:localhost/127.0.0.1:54202] for POST '/session/c8229354b444430cac5850c068860cd4/element/b2f99df0-9bcb-440b-a4fd-da8340e94244/click'
14:57:05.094 [AsyncHttpClient-1-9] DEBUG org.asynchttpclient.netty.handler.HttpHandler - 

Request DefaultHttpRequest(decodeResult: success, version: HTTP/1.1)
POST /session/c8229354b444430cac5850c068860cd4/element/b2f99df0-9bcb-440b-a4fd-da8340e94244/click HTTP/1.1
User-Agent: selenium/4.1.2 (java windows)
Content-Length: 50
Content-Type: application/json; charset=utf-8
host: localhost:54202
accept: */*

Response DefaultHttpResponse(decodeResult: success, version: HTTP/1.1)
HTTP/1.1 200 OK
Content-Type: application/json; charset=utf-8
cache-control: no-cache
content-length: 14

14:57:05.094 [AsyncHttpClient-1-9] DEBUG org.asynchttpclient.netty.channel.ChannelManager - Adding key: http://localhost:54202 for channel [id: 0x32fe3944, L:/127.0.0.1:65310 - R:localhost/127.0.0.1:54202]
14:57:05.101 [Forwarding screenshot on session c8229354b444430cac5850c068860cd4 to remote] DEBUG org.asynchttpclient.netty.request.NettyRequestSender - Using pooled Channel '[id: 0x32fe3944, L:/127.0.0.1:65310 - R:localhost/127.0.0.1:54202]' for 'GET' to 'http://localhost:54202/session/c8229354b444430cac5850c068860cd4/screenshot'
14:57:05.101 [Forwarding screenshot on session c8229354b444430cac5850c068860cd4 to remote] DEBUG org.asynchttpclient.netty.request.NettyRequestSender - Using open Channel [id: 0x32fe3944, L:/127.0.0.1:65310 - R:localhost/127.0.0.1:54202] for GET '/session/c8229354b444430cac5850c068860cd4/screenshot'
14:57:05.277 [AsyncHttpClient-1-9] DEBUG org.asynchttpclient.netty.handler.HttpHandler - 

Request DefaultFullHttpRequest(decodeResult: success, version: HTTP/1.1, content: EmptyByteBufBE)
GET /session/c8229354b444430cac5850c068860cd4/screenshot HTTP/1.1
User-Agent: selenium/4.1.2 (java windows)
Cache-Control: no-cache
Content-Type: application/json; charset=utf-8
host: localhost:54202
accept: */*

Response DefaultHttpResponse(decodeResult: success, version: HTTP/1.1)
HTTP/1.1 200 OK
Content-Type: application/json; charset=utf-8
cache-control: no-cache
content-length: 30416

14:57:05.278 [AsyncHttpClient-1-9] DEBUG org.asynchttpclient.netty.channel.ChannelManager - Adding key: http://localhost:54202 for channel [id: 0x32fe3944, L:/127.0.0.1:65310 - R:localhost/127.0.0.1:54202]
14:57:05.281 [main] DEBUG net.serenitybdd.core.photography.Darkroom - Send negative for processing for target\site\serenity\5c97ab152e4f2f21f4c5e60c54763f36c90f108d7e74935845058d0962bc370f.png
14:57:05.283 [main] DEBUG net.thucydides.core.steps.StepInterceptor - STEP DONE: clickLoginButton
14:57:05.283 [Darkroom Processing Line] DEBUG net.serenitybdd.core.photography.DarkroomProcessingLine - Processing screenshot image in /var/screenshots/screenshot-3662946289497810065
14:57:05.283 [Darkroom Processing Line] DEBUG net.serenitybdd.core.photography.DarkroomProcessingLine - Saving screenshot to target\site\serenity\5c97ab152e4f2f21f4c5e60c54763f36c90f108d7e74935845058d0962bc370f.png
  &amp#27;[32mAnd &amp#27;[0m&amp#27;[32mI Click login button&amp#27;[0m               &amp#27;[90m# Starter.StepDefinitions.LogoutStep.clickLoginButton()&amp#27;[0m
14:57:05.304 [main] DEBUG net.thucydides.core.steps.StepInterceptor - STARTING STEP: LogoutStep.clickButtonAccount - clickButtonAccount
14:57:05.307 [Forwarding findElement on session c8229354b444430cac5850c068860cd4 to remote] DEBUG org.asynchttpclient.netty.request.NettyRequestSender - Using pooled Channel '[id: 0x32fe3944, L:/127.0.0.1:65310 - R:localhost/127.0.0.1:54202]' for 'POST' to 'http://localhost:54202/session/c8229354b444430cac5850c068860cd4/element'
14:57:05.307 [Forwarding findElement on session c8229354b444430cac5850c068860cd4 to remote] DEBUG org.asynchttpclient.netty.request.NettyRequestSender - Using open Channel [id: 0x32fe3944, L:/127.0.0.1:65310 - R:localhost/127.0.0.1:54202] for POST '/session/c8229354b444430cac5850c068860cd4/element'
14:57:05.319 [AsyncHttpClient-1-9] DEBUG org.asynchttpclient.netty.handler.HttpHandler - 

Request DefaultHttpRequest(decodeResult: success, version: HTTP/1.1)
POST /session/c8229354b444430cac5850c068860cd4/element HTTP/1.1
User-Agent: selenium/4.1.2 (java windows)
Content-Length: 103
Content-Type: application/json; charset=utf-8
host: localhost:54202
accept: */*

Response DefaultHttpResponse(decodeResult: success, version: HTTP/1.1)
HTTP/1.1 200 OK
Content-Type: application/json; charset=utf-8
cache-control: no-cache
content-length: 88

14:57:05.319 [AsyncHttpClient-1-9] DEBUG org.asynchttpclient.netty.channel.ChannelManager - Adding key: http://localhost:54202 for channel [id: 0x32fe3944, L:/127.0.0.1:65310 - R:localhost/127.0.0.1:54202]
14:57:05.323 [Forwarding getElementTagName on session c8229354b444430cac5850c068860cd4 to remote] DEBUG org.asynchttpclient.netty.request.NettyRequestSender - Using pooled Channel '[id: 0x32fe3944, L:/127.0.0.1:65310 - R:localhost/127.0.0.1:54202]' for 'GET' to 'http://localhost:54202/session/c8229354b444430cac5850c068860cd4/element/299b8eae-9339-4a8b-8dfb-d1a0feccf497/name'
14:57:05.323 [Forwarding getElementTagName on session c8229354b444430cac5850c068860cd4 to remote] DEBUG org.asynchttpclient.netty.request.NettyRequestSender - Using open Channel [id: 0x32fe3944, L:/127.0.0.1:65310 - R:localhost/127.0.0.1:54202] for GET '/session/c8229354b444430cac5850c068860cd4/element/299b8eae-9339-4a8b-8dfb-d1a0feccf497/name'
14:57:05.328 [AsyncHttpClient-1-9] DEBUG org.asynchttpclient.netty.handler.HttpHandler - 

Request DefaultFullHttpRequest(decodeResult: success, version: HTTP/1.1, content: EmptyByteBufBE)
GET /session/c8229354b444430cac5850c068860cd4/element/299b8eae-9339-4a8b-8dfb-d1a0feccf497/name HTTP/1.1
User-Agent: selenium/4.1.2 (java windows)
Cache-Control: no-cache
Content-Type: application/json; charset=utf-8
host: localhost:54202
accept: */*

Response DefaultHttpResponse(decodeResult: success, version: HTTP/1.1)
HTTP/1.1 200 OK
Content-Type: application/json; charset=utf-8
cache-control: no-cache
content-length: 13

14:57:05.329 [AsyncHttpClient-1-9] DEBUG org.asynchttpclient.netty.channel.ChannelManager - Adding key: http://localhost:54202 for channel [id: 0x32fe3944, L:/127.0.0.1:65310 - R:localhost/127.0.0.1:54202]
14:57:05.333 [Forwarding getElementTagName on session c8229354b444430cac5850c068860cd4 to remote] DEBUG org.asynchttpclient.netty.request.NettyRequestSender - Using pooled Channel '[id: 0x32fe3944, L:/127.0.0.1:65310 - R:localhost/127.0.0.1:54202]' for 'GET' to 'http://localhost:54202/session/c8229354b444430cac5850c068860cd4/element/299b8eae-9339-4a8b-8dfb-d1a0feccf497/name'
14:57:05.333 [Forwarding getElementTagName on session c8229354b444430cac5850c068860cd4 to remote] DEBUG org.asynchttpclient.netty.request.NettyRequestSender - Using open Channel [id: 0x32fe3944, L:/127.0.0.1:65310 - R:localhost/127.0.0.1:54202] for GET '/session/c8229354b444430cac5850c068860cd4/element/299b8eae-9339-4a8b-8dfb-d1a0feccf497/name'
14:57:05.339 [AsyncHttpClient-1-9] DEBUG org.asynchttpclient.netty.handler.HttpHandler - 

Request DefaultFullHttpRequest(decodeResult: success, version: HTTP/1.1, content: EmptyByteBufBE)
GET /session/c8229354b444430cac5850c068860cd4/element/299b8eae-9339-4a8b-8dfb-d1a0feccf497/name HTTP/1.1
User-Agent: selenium/4.1.2 (java windows)
Cache-Control: no-cache
Content-Type: application/json; charset=utf-8
host: localhost:54202
accept: */*

Response DefaultHttpResponse(decodeResult: success, version: HTTP/1.1)
HTTP/1.1 200 OK
Content-Type: application/json; charset=utf-8
cache-control: no-cache
content-length: 13

14:57:05.339 [AsyncHttpClient-1-9] DEBUG org.asynchttpclient.netty.channel.ChannelManager - Adding key: http://localhost:54202 for channel [id: 0x32fe3944, L:/127.0.0.1:65310 - R:localhost/127.0.0.1:54202]
14:57:05.343 [Forwarding findElement on session c8229354b444430cac5850c068860cd4 to remote] DEBUG org.asynchttpclient.netty.request.NettyRequestSender - Using pooled Channel '[id: 0x32fe3944, L:/127.0.0.1:65310 - R:localhost/127.0.0.1:54202]' for 'POST' to 'http://localhost:54202/session/c8229354b444430cac5850c068860cd4/element'
14:57:05.343 [Forwarding findElement on session c8229354b444430cac5850c068860cd4 to remote] DEBUG org.asynchttpclient.netty.request.NettyRequestSender - Using open Channel [id: 0x32fe3944, L:/127.0.0.1:65310 - R:localhost/127.0.0.1:54202] for POST '/session/c8229354b444430cac5850c068860cd4/element'
14:57:05.349 [AsyncHttpClient-1-9] DEBUG org.asynchttpclient.netty.handler.HttpHandler - 

Request DefaultHttpRequest(decodeResult: success, version: HTTP/1.1)
POST /session/c8229354b444430cac5850c068860cd4/element HTTP/1.1
User-Agent: selenium/4.1.2 (java windows)
Content-Length: 103
Content-Type: application/json; charset=utf-8
host: localhost:54202
accept: */*

Response DefaultHttpResponse(decodeResult: success, version: HTTP/1.1)
HTTP/1.1 200 OK
Content-Type: application/json; charset=utf-8
cache-control: no-cache
content-length: 88

14:57:05.350 [AsyncHttpClient-1-9] DEBUG org.asynchttpclient.netty.channel.ChannelManager - Adding key: http://localhost:54202 for channel [id: 0x32fe3944, L:/127.0.0.1:65310 - R:localhost/127.0.0.1:54202]
14:57:05.351 [Forwarding clickElement on session c8229354b444430cac5850c068860cd4 to remote] DEBUG org.asynchttpclient.netty.request.NettyRequestSender - Using pooled Channel '[id: 0x32fe3944, L:/127.0.0.1:65310 - R:localhost/127.0.0.1:54202]' for 'POST' to 'http://localhost:54202/session/c8229354b444430cac5850c068860cd4/element/299b8eae-9339-4a8b-8dfb-d1a0feccf497/click'
14:57:05.351 [Forwarding clickElement on session c8229354b444430cac5850c068860cd4 to remote] DEBUG org.asynchttpclient.netty.request.NettyRequestSender - Using open Channel [id: 0x32fe3944, L:/127.0.0.1:65310 - R:localhost/127.0.0.1:54202] for POST '/session/c8229354b444430cac5850c068860cd4/element/299b8eae-9339-4a8b-8dfb-d1a0feccf497/click'
14:57:05.403 [AsyncHttpClient-1-1] DEBUG org.asynchttpclient.netty.channel.DefaultChannelPool - Entry count for : http://localhost:65311 : 1
14:57:05.443 [AsyncHttpClient-1-9] DEBUG org.asynchttpclient.netty.handler.HttpHandler - 

Request DefaultHttpRequest(decodeResult: success, version: HTTP/1.1)
POST /session/c8229354b444430cac5850c068860cd4/element/299b8eae-9339-4a8b-8dfb-d1a0feccf497/click HTTP/1.1
User-Agent: selenium/4.1.2 (java windows)
Content-Length: 50
Content-Type: application/json; charset=utf-8
host: localhost:54202
accept: */*

Response DefaultHttpResponse(decodeResult: success, version: HTTP/1.1)
HTTP/1.1 200 OK
Content-Type: application/json; charset=utf-8
cache-control: no-cache
content-length: 14

14:57:05.444 [AsyncHttpClient-1-9] DEBUG org.asynchttpclient.netty.channel.ChannelManager - Adding key: http://localhost:54202 for channel [id: 0x32fe3944, L:/127.0.0.1:65310 - R:localhost/127.0.0.1:54202]
14:57:05.455 [Forwarding screenshot on session c8229354b444430cac5850c068860cd4 to remote] DEBUG org.asynchttpclient.netty.request.NettyRequestSender - Using pooled Channel '[id: 0x32fe3944, L:/127.0.0.1:65310 - R:localhost/127.0.0.1:54202]' for 'GET' to 'http://localhost:54202/session/c8229354b444430cac5850c068860cd4/screenshot'
14:57:05.455 [Forwarding screenshot on session c8229354b444430cac5850c068860cd4 to remote] DEBUG org.asynchttpclient.netty.request.NettyRequestSender - Using open Channel [id: 0x32fe3944, L:/127.0.0.1:65310 - R:localhost/127.0.0.1:54202] for GET '/session/c8229354b444430cac5850c068860cd4/screenshot'
14:57:05.671 [AsyncHttpClient-1-9] DEBUG org.asynchttpclient.netty.handler.HttpHandler - 

Request DefaultFullHttpRequest(decodeResult: success, version: HTTP/1.1, content: EmptyByteBufBE)
GET /session/c8229354b444430cac5850c068860cd4/screenshot HTTP/1.1
User-Agent: selenium/4.1.2 (java windows)
Cache-Control: no-cache
Content-Type: application/json; charset=utf-8
host: localhost:54202
accept: */*

Response DefaultHttpResponse(decodeResult: success, version: HTTP/1.1)
HTTP/1.1 200 OK
Content-Type: application/json; charset=utf-8
cache-control: no-cache
content-length: 43132

14:57:05.672 [AsyncHttpClient-1-9] DEBUG org.asynchttpclient.netty.channel.ChannelManager - Adding key: http://localhost:54202 for channel [id: 0x32fe3944, L:/127.0.0.1:65310 - R:localhost/127.0.0.1:54202]
14:57:05.674 [main] DEBUG net.serenitybdd.core.photography.Darkroom - Send negative for processing for target\site\serenity\40a84743e094571b08564bd8d5d92c8aa7127331fccf8428ce3fbd699d5baf18.png
14:57:05.674 [main] DEBUG net.thucydides.core.steps.StepInterceptor - STEP DONE: clickButtonAccount
  &amp#27;[32mWhen &amp#27;[0m&amp#27;[32mI Click button account&amp#27;[0m            &amp#27;[90m# Starter.StepDefinitions.LogoutStep.clickButtonAccount()&amp#27;[0m
14:57:05.674 [Darkroom Processing Line] DEBUG net.serenitybdd.core.photography.DarkroomProcessingLine - Processing screenshot image in /var/screenshots/screenshot-5297543689789043927
14:57:05.674 [Darkroom Processing Line] DEBUG net.serenitybdd.core.photography.DarkroomProcessingLine - Saving screenshot to target\site\serenity\40a84743e094571b08564bd8d5d92c8aa7127331fccf8428ce3fbd699d5baf18.png
14:57:05.704 [main] DEBUG net.thucydides.core.steps.StepInterceptor - STARTING STEP: LogoutStep.iClickButtonLogout - clickButtonLogout
14:57:05.711 [Forwarding findElement on session c8229354b444430cac5850c068860cd4 to remote] DEBUG org.asynchttpclient.netty.request.NettyRequestSender - Using pooled Channel '[id: 0x32fe3944, L:/127.0.0.1:65310 - R:localhost/127.0.0.1:54202]' for 'POST' to 'http://localhost:54202/session/c8229354b444430cac5850c068860cd4/element'
14:57:05.711 [Forwarding findElement on session c8229354b444430cac5850c068860cd4 to remote] DEBUG org.asynchttpclient.netty.request.NettyRequestSender - Using open Channel [id: 0x32fe3944, L:/127.0.0.1:65310 - R:localhost/127.0.0.1:54202] for POST '/session/c8229354b444430cac5850c068860cd4/element'
14:57:05.742 [AsyncHttpClient-1-9] DEBUG org.asynchttpclient.netty.handler.HttpHandler - 

Request DefaultHttpRequest(decodeResult: success, version: HTTP/1.1)
POST /session/c8229354b444430cac5850c068860cd4/element HTTP/1.1
User-Agent: selenium/4.1.2 (java windows)
Content-Length: 107
Content-Type: application/json; charset=utf-8
host: localhost:54202
accept: */*

Response DefaultHttpResponse(decodeResult: success, version: HTTP/1.1)
HTTP/1.1 200 OK
Content-Type: application/json; charset=utf-8
cache-control: no-cache
content-length: 88

14:57:05.742 [AsyncHttpClient-1-9] DEBUG org.asynchttpclient.netty.channel.ChannelManager - Adding key: http://localhost:54202 for channel [id: 0x32fe3944, L:/127.0.0.1:65310 - R:localhost/127.0.0.1:54202]
14:57:05.743 [Forwarding getElementTagName on session c8229354b444430cac5850c068860cd4 to remote] DEBUG org.asynchttpclient.netty.request.NettyRequestSender - Using pooled Channel '[id: 0x32fe3944, L:/127.0.0.1:65310 - R:localhost/127.0.0.1:54202]' for 'GET' to 'http://localhost:54202/session/c8229354b444430cac5850c068860cd4/element/e8fc4a94-4bb7-4cc0-8e6f-2f0ac739dbf3/name'
14:57:05.743 [Forwarding getElementTagName on session c8229354b444430cac5850c068860cd4 to remote] DEBUG org.asynchttpclient.netty.request.NettyRequestSender - Using open Channel [id: 0x32fe3944, L:/127.0.0.1:65310 - R:localhost/127.0.0.1:54202] for GET '/session/c8229354b444430cac5850c068860cd4/element/e8fc4a94-4bb7-4cc0-8e6f-2f0ac739dbf3/name'
14:57:05.753 [AsyncHttpClient-1-9] DEBUG org.asynchttpclient.netty.handler.HttpHandler - 

Request DefaultFullHttpRequest(decodeResult: success, version: HTTP/1.1, content: EmptyByteBufBE)
GET /session/c8229354b444430cac5850c068860cd4/element/e8fc4a94-4bb7-4cc0-8e6f-2f0ac739dbf3/name HTTP/1.1
User-Agent: selenium/4.1.2 (java windows)
Cache-Control: no-cache
Content-Type: application/json; charset=utf-8
host: localhost:54202
accept: */*

Response DefaultHttpResponse(decodeResult: success, version: HTTP/1.1)
HTTP/1.1 200 OK
Content-Type: application/json; charset=utf-8
cache-control: no-cache
content-length: 13

14:57:05.753 [AsyncHttpClient-1-9] DEBUG org.asynchttpclient.netty.channel.ChannelManager - Adding key: http://localhost:54202 for channel [id: 0x32fe3944, L:/127.0.0.1:65310 - R:localhost/127.0.0.1:54202]
14:57:05.754 [Forwarding getElementTagName on session c8229354b444430cac5850c068860cd4 to remote] DEBUG org.asynchttpclient.netty.request.NettyRequestSender - Using pooled Channel '[id: 0x32fe3944, L:/127.0.0.1:65310 - R:localhost/127.0.0.1:54202]' for 'GET' to 'http://localhost:54202/session/c8229354b444430cac5850c068860cd4/element/e8fc4a94-4bb7-4cc0-8e6f-2f0ac739dbf3/name'
14:57:05.754 [Forwarding getElementTagName on session c8229354b444430cac5850c068860cd4 to remote] DEBUG org.asynchttpclient.netty.request.NettyRequestSender - Using open Channel [id: 0x32fe3944, L:/127.0.0.1:65310 - R:localhost/127.0.0.1:54202] for GET '/session/c8229354b444430cac5850c068860cd4/element/e8fc4a94-4bb7-4cc0-8e6f-2f0ac739dbf3/name'
14:57:05.757 [AsyncHttpClient-1-9] DEBUG org.asynchttpclient.netty.handler.HttpHandler - 

Request DefaultFullHttpRequest(decodeResult: success, version: HTTP/1.1, content: EmptyByteBufBE)
GET /session/c8229354b444430cac5850c068860cd4/element/e8fc4a94-4bb7-4cc0-8e6f-2f0ac739dbf3/name HTTP/1.1
User-Agent: selenium/4.1.2 (java windows)
Cache-Control: no-cache
Content-Type: application/json; charset=utf-8
host: localhost:54202
accept: */*

Response DefaultHttpResponse(decodeResult: success, version: HTTP/1.1)
HTTP/1.1 200 OK
Content-Type: application/json; charset=utf-8
cache-control: no-cache
content-length: 13

14:57:05.757 [AsyncHttpClient-1-9] DEBUG org.asynchttpclient.netty.channel.ChannelManager - Adding key: http://localhost:54202 for channel [id: 0x32fe3944, L:/127.0.0.1:65310 - R:localhost/127.0.0.1:54202]
14:57:05.759 [Forwarding findElement on session c8229354b444430cac5850c068860cd4 to remote] DEBUG org.asynchttpclient.netty.request.NettyRequestSender - Using pooled Channel '[id: 0x32fe3944, L:/127.0.0.1:65310 - R:localhost/127.0.0.1:54202]' for 'POST' to 'http://localhost:54202/session/c8229354b444430cac5850c068860cd4/element'
14:57:05.759 [Forwarding findElement on session c8229354b444430cac5850c068860cd4 to remote] DEBUG org.asynchttpclient.netty.request.NettyRequestSender - Using open Channel [id: 0x32fe3944, L:/127.0.0.1:65310 - R:localhost/127.0.0.1:54202] for POST '/session/c8229354b444430cac5850c068860cd4/element'
14:57:05.770 [AsyncHttpClient-1-9] DEBUG org.asynchttpclient.netty.handler.HttpHandler - 

Request DefaultHttpRequest(decodeResult: success, version: HTTP/1.1)
POST /session/c8229354b444430cac5850c068860cd4/element HTTP/1.1
User-Agent: selenium/4.1.2 (java windows)
Content-Length: 107
Content-Type: application/json; charset=utf-8
host: localhost:54202
accept: */*

Response DefaultHttpResponse(decodeResult: success, version: HTTP/1.1)
HTTP/1.1 200 OK
Content-Type: application/json; charset=utf-8
cache-control: no-cache
content-length: 88

14:57:05.770 [AsyncHttpClient-1-9] DEBUG org.asynchttpclient.netty.channel.ChannelManager - Adding key: http://localhost:54202 for channel [id: 0x32fe3944, L:/127.0.0.1:65310 - R:localhost/127.0.0.1:54202]
14:57:05.771 [Forwarding clickElement on session c8229354b444430cac5850c068860cd4 to remote] DEBUG org.asynchttpclient.netty.request.NettyRequestSender - Using pooled Channel '[id: 0x32fe3944, L:/127.0.0.1:65310 - R:localhost/127.0.0.1:54202]' for 'POST' to 'http://localhost:54202/session/c8229354b444430cac5850c068860cd4/element/e8fc4a94-4bb7-4cc0-8e6f-2f0ac739dbf3/click'
14:57:05.771 [Forwarding clickElement on session c8229354b444430cac5850c068860cd4 to remote] DEBUG org.asynchttpclient.netty.request.NettyRequestSender - Using open Channel [id: 0x32fe3944, L:/127.0.0.1:65310 - R:localhost/127.0.0.1:54202] for POST '/session/c8229354b444430cac5850c068860cd4/element/e8fc4a94-4bb7-4cc0-8e6f-2f0ac739dbf3/click'
14:57:05.846 [AsyncHttpClient-1-9] DEBUG org.asynchttpclient.netty.handler.HttpHandler - 

Request DefaultHttpRequest(decodeResult: success, version: HTTP/1.1)
POST /session/c8229354b444430cac5850c068860cd4/element/e8fc4a94-4bb7-4cc0-8e6f-2f0ac739dbf3/click HTTP/1.1
User-Agent: selenium/4.1.2 (java windows)
Content-Length: 50
Content-Type: application/json; charset=utf-8
host: localhost:54202
accept: */*

Response DefaultHttpResponse(decodeResult: success, version: HTTP/1.1)
HTTP/1.1 200 OK
Content-Type: application/json; charset=utf-8
cache-control: no-cache
content-length: 14

14:57:05.847 [AsyncHttpClient-1-9] DEBUG org.asynchttpclient.netty.channel.ChannelManager - Adding key: http://localhost:54202 for channel [id: 0x32fe3944, L:/127.0.0.1:65310 - R:localhost/127.0.0.1:54202]
14:57:05.859 [Forwarding screenshot on session c8229354b444430cac5850c068860cd4 to remote] DEBUG org.asynchttpclient.netty.request.NettyRequestSender - Using pooled Channel '[id: 0x32fe3944, L:/127.0.0.1:65310 - R:localhost/127.0.0.1:54202]' for 'GET' to 'http://localhost:54202/session/c8229354b444430cac5850c068860cd4/screenshot'
14:57:05.859 [Forwarding screenshot on session c8229354b444430cac5850c068860cd4 to remote] DEBUG org.asynchttpclient.netty.request.NettyRequestSender - Using open Channel [id: 0x32fe3944, L:/127.0.0.1:65310 - R:localhost/127.0.0.1:54202] for GET '/session/c8229354b444430cac5850c068860cd4/screenshot'
14:57:05.994 [AsyncHttpClient-1-9] DEBUG org.asynchttpclient.netty.handler.HttpHandler - 

Request DefaultFullHttpRequest(decodeResult: success, version: HTTP/1.1, content: EmptyByteBufBE)
GET /session/c8229354b444430cac5850c068860cd4/screenshot HTTP/1.1
User-Agent: selenium/4.1.2 (java windows)
Cache-Control: no-cache
Content-Type: application/json; charset=utf-8
host: localhost:54202
accept: */*

Response DefaultHttpResponse(decodeResult: success, version: HTTP/1.1)
HTTP/1.1 200 OK
Content-Type: application/json; charset=utf-8
cache-control: no-cache
content-length: 24940

14:57:05.994 [AsyncHttpClient-1-9] DEBUG org.asynchttpclient.netty.channel.ChannelManager - Adding key: http://localhost:54202 for channel [id: 0x32fe3944, L:/127.0.0.1:65310 - R:localhost/127.0.0.1:54202]
14:57:05.996 [main] DEBUG net.serenitybdd.core.photography.Darkroom - Send negative for processing for target\site\serenity\11023edac3681808080020daf60d8cb00148736924ac340653f27273a0570072.png
14:57:05.996 [main] DEBUG net.thucydides.core.steps.StepInterceptor - STEP DONE: clickButtonLogout
  &amp#27;[32mAnd &amp#27;[0m&amp#27;[32mI choose button logout&amp#27;[0m             &amp#27;[90m# Starter.StepDefinitions.LogoutStep.iClickButtonLogout()&amp#27;[0m
14:57:06.006 [main] DEBUG net.thucydides.core.steps.StepInterceptor - STARTING STEP: LogoutStep.iGetSuccessLogout - headerAppears
14:57:06.007 [Forwarding findElement on session c8229354b444430cac5850c068860cd4 to remote] DEBUG org.asynchttpclient.netty.request.NettyRequestSender - Using pooled Channel '[id: 0x32fe3944, L:/127.0.0.1:65310 - R:localhost/127.0.0.1:54202]' for 'POST' to 'http://localhost:54202/session/c8229354b444430cac5850c068860cd4/element'
14:57:06.007 [Forwarding findElement on session c8229354b444430cac5850c068860cd4 to remote] DEBUG org.asynchttpclient.netty.request.NettyRequestSender - Using open Channel [id: 0x32fe3944, L:/127.0.0.1:65310 - R:localhost/127.0.0.1:54202] for POST '/session/c8229354b444430cac5850c068860cd4/element'
14:57:06.019 [AsyncHttpClient-1-9] DEBUG org.asynchttpclient.netty.handler.HttpHandler - 

Request DefaultHttpRequest(decodeResult: success, version: HTTP/1.1)
POST /session/c8229354b444430cac5850c068860cd4/element HTTP/1.1
User-Agent: selenium/4.1.2 (java windows)
Content-Length: 70
Content-Type: application/json; charset=utf-8
host: localhost:54202
accept: */*

Response DefaultHttpResponse(decodeResult: success, version: HTTP/1.1)
HTTP/1.1 200 OK
Content-Type: application/json; charset=utf-8
cache-control: no-cache
content-length: 88

14:57:06.019 [AsyncHttpClient-1-9] DEBUG org.asynchttpclient.netty.channel.ChannelManager - Adding key: http://localhost:54202 for channel [id: 0x32fe3944, L:/127.0.0.1:65310 - R:localhost/127.0.0.1:54202]
14:57:06.021 [Forwarding isElementDisplayed on session c8229354b444430cac5850c068860cd4 to remote] DEBUG org.asynchttpclient.netty.request.NettyRequestSender - Using pooled Channel '[id: 0x32fe3944, L:/127.0.0.1:65310 - R:localhost/127.0.0.1:54202]' for 'POST' to 'http://localhost:54202/session/c8229354b444430cac5850c068860cd4/execute/sync'
14:57:06.021 [Forwarding isElementDisplayed on session c8229354b444430cac5850c068860cd4 to remote] DEBUG org.asynchttpclient.netty.request.NettyRequestSender - Using open Channel [id: 0x32fe3944, L:/127.0.0.1:65310 - R:localhost/127.0.0.1:54202] for POST '/session/c8229354b444430cac5850c068860cd4/execute/sync'
14:57:06.033 [AsyncHttpClient-1-9] DEBUG org.asynchttpclient.netty.handler.HttpHandler - 

Request DefaultHttpRequest(decodeResult: success, version: HTTP/1.1)
POST /session/c8229354b444430cac5850c068860cd4/execute/sync HTTP/1.1
User-Agent: selenium/4.1.2 (java windows)
Content-Length: 48780
Content-Type: application/json; charset=utf-8
host: localhost:54202
accept: */*

Response DefaultHttpResponse(decodeResult: success, version: HTTP/1.1)
HTTP/1.1 200 OK
Content-Type: application/json; charset=utf-8
cache-control: no-cache
content-length: 14

14:57:06.033 [AsyncHttpClient-1-9] DEBUG org.asynchttpclient.netty.channel.ChannelManager - Adding key: http://localhost:54202 for channel [id: 0x32fe3944, L:/127.0.0.1:65310 - R:localhost/127.0.0.1:54202]
14:57:06.036 [main] DEBUG net.thucydides.core.steps.StepInterceptor - STEP DONE: headerAppears
14:57:06.039 [main] DEBUG net.thucydides.core.steps.StepInterceptor - STARTING STEP: LogoutStep.iGetSuccessLogout - headerTextEqual
14:57:06.040 [Forwarding findElement on session c8229354b444430cac5850c068860cd4 to remote] DEBUG org.asynchttpclient.netty.request.NettyRequestSender - Using pooled Channel '[id: 0x32fe3944, L:/127.0.0.1:65310 - R:localhost/127.0.0.1:54202]' for 'POST' to 'http://localhost:54202/session/c8229354b444430cac5850c068860cd4/element'
14:57:06.040 [Forwarding findElement on session c8229354b444430cac5850c068860cd4 to remote] DEBUG org.asynchttpclient.netty.request.NettyRequestSender - Using open Channel [id: 0x32fe3944, L:/127.0.0.1:65310 - R:localhost/127.0.0.1:54202] for POST '/session/c8229354b444430cac5850c068860cd4/element'
14:57:06.046 [AsyncHttpClient-1-9] DEBUG org.asynchttpclient.netty.handler.HttpHandler - 

Request DefaultHttpRequest(decodeResult: success, version: HTTP/1.1)
POST /session/c8229354b444430cac5850c068860cd4/element HTTP/1.1
User-Agent: selenium/4.1.2 (java windows)
Content-Length: 70
Content-Type: application/json; charset=utf-8
host: localhost:54202
accept: */*

Response DefaultHttpResponse(decodeResult: success, version: HTTP/1.1)
HTTP/1.1 200 OK
Content-Type: application/json; charset=utf-8
cache-control: no-cache
content-length: 88

14:57:06.046 [AsyncHttpClient-1-9] DEBUG org.asynchttpclient.netty.channel.ChannelManager - Adding key: http://localhost:54202 for channel [id: 0x32fe3944, L:/127.0.0.1:65310 - R:localhost/127.0.0.1:54202]
14:57:06.047 [Forwarding getElementText on session c8229354b444430cac5850c068860cd4 to remote] DEBUG org.asynchttpclient.netty.request.NettyRequestSender - Using pooled Channel '[id: 0x32fe3944, L:/127.0.0.1:65310 - R:localhost/127.0.0.1:54202]' for 'GET' to 'http://localhost:54202/session/c8229354b444430cac5850c068860cd4/element/8b92e204-4cc7-4afa-9ca0-beb2065c8a3a/text'
14:57:06.047 [Forwarding getElementText on session c8229354b444430cac5850c068860cd4 to remote] DEBUG org.asynchttpclient.netty.request.NettyRequestSender - Using open Channel [id: 0x32fe3944, L:/127.0.0.1:65310 - R:localhost/127.0.0.1:54202] for GET '/session/c8229354b444430cac5850c068860cd4/element/8b92e204-4cc7-4afa-9ca0-beb2065c8a3a/text'
14:57:06.058 [AsyncHttpClient-1-9] DEBUG org.asynchttpclient.netty.handler.HttpHandler - 

Request DefaultFullHttpRequest(decodeResult: success, version: HTTP/1.1, content: EmptyByteBufBE)
GET /session/c8229354b444430cac5850c068860cd4/element/8b92e204-4cc7-4afa-9ca0-beb2065c8a3a/text HTTP/1.1
User-Agent: selenium/4.1.2 (java windows)
Cache-Control: no-cache
Content-Type: application/json; charset=utf-8
host: localhost:54202
accept: */*

Response DefaultHttpResponse(decodeResult: success, version: HTTP/1.1)
HTTP/1.1 200 OK
Content-Type: application/json; charset=utf-8
cache-control: no-cache
content-length: 17

14:57:06.058 [AsyncHttpClient-1-9] DEBUG org.asynchttpclient.netty.channel.ChannelManager - Adding key: http://localhost:54202 for channel [id: 0x32fe3944, L:/127.0.0.1:65310 - R:localhost/127.0.0.1:54202]
14:57:06.061 [Forwarding screenshot on session c8229354b444430cac5850c068860cd4 to remote] DEBUG org.asynchttpclient.netty.request.NettyRequestSender - Using pooled Channel '[id: 0x32fe3944, L:/127.0.0.1:65310 - R:localhost/127.0.0.1:54202]' for 'GET' to 'http://localhost:54202/session/c8229354b444430cac5850c068860cd4/screenshot'
14:57:06.061 [Forwarding screenshot on session c8229354b444430cac5850c068860cd4 to remote] DEBUG org.asynchttpclient.netty.request.NettyRequestSender - Using open Channel [id: 0x32fe3944, L:/127.0.0.1:65310 - R:localhost/127.0.0.1:54202] for GET '/session/c8229354b444430cac5850c068860cd4/screenshot'
14:57:06.144 [AsyncHttpClient-1-9] DEBUG org.asynchttpclient.netty.handler.HttpHandler - 

Request DefaultFullHttpRequest(decodeResult: success, version: HTTP/1.1, content: EmptyByteBufBE)
GET /session/c8229354b444430cac5850c068860cd4/screenshot HTTP/1.1
User-Agent: selenium/4.1.2 (java windows)
Cache-Control: no-cache
Content-Type: application/json; charset=utf-8
host: localhost:54202
accept: */*

Response DefaultHttpResponse(decodeResult: success, version: HTTP/1.1)
HTTP/1.1 200 OK
Content-Type: application/json; charset=utf-8
cache-control: no-cache
content-length: 24940

14:57:06.144 [AsyncHttpClient-1-9] DEBUG org.asynchttpclient.netty.channel.ChannelManager - Adding key: http://localhost:54202 for channel [id: 0x32fe3944, L:/127.0.0.1:65310 - R:localhost/127.0.0.1:54202]
14:57:06.145 [main] DEBUG net.serenitybdd.core.photography.Darkroom - Send negative for processing for target\site\serenity\11023edac3681808080020daf60d8cb00148736924ac340653f27273a0570072.png
14:57:06.146 [main] DEBUG net.thucydides.core.steps.StepInterceptor - STEP DONE: headerTextEqual
14:57:06.152 [main] DEBUG net.thucydides.core.steps.StepInterceptor - STARTING STEP: LogoutStep.iGetSuccessLogout - validateOnLoginPage
14:57:06.153 [Forwarding findElement on session c8229354b444430cac5850c068860cd4 to remote] DEBUG org.asynchttpclient.netty.request.NettyRequestSender - Using pooled Channel '[id: 0x32fe3944, L:/127.0.0.1:65310 - R:localhost/127.0.0.1:54202]' for 'POST' to 'http://localhost:54202/session/c8229354b444430cac5850c068860cd4/element'
14:57:06.153 [Forwarding findElement on session c8229354b444430cac5850c068860cd4 to remote] DEBUG org.asynchttpclient.netty.request.NettyRequestSender - Using open Channel [id: 0x32fe3944, L:/127.0.0.1:65310 - R:localhost/127.0.0.1:54202] for POST '/session/c8229354b444430cac5850c068860cd4/element'
14:57:06.160 [AsyncHttpClient-1-9] DEBUG org.asynchttpclient.netty.handler.HttpHandler - 

Request DefaultHttpRequest(decodeResult: success, version: HTTP/1.1)
POST /session/c8229354b444430cac5850c068860cd4/element HTTP/1.1
User-Agent: selenium/4.1.2 (java windows)
Content-Length: 136
Content-Type: application/json; charset=utf-8
host: localhost:54202
accept: */*

Response DefaultHttpResponse(decodeResult: success, version: HTTP/1.1)
HTTP/1.1 200 OK
Content-Type: application/json; charset=utf-8
cache-control: no-cache
content-length: 88

14:57:06.160 [AsyncHttpClient-1-9] DEBUG org.asynchttpclient.netty.channel.ChannelManager - Adding key: http://localhost:54202 for channel [id: 0x32fe3944, L:/127.0.0.1:65310 - R:localhost/127.0.0.1:54202]
14:57:06.165 [Forwarding isElementDisplayed on session c8229354b444430cac5850c068860cd4 to remote] DEBUG org.asynchttpclient.netty.request.NettyRequestSender - Using pooled Channel '[id: 0x32fe3944, L:/127.0.0.1:65310 - R:localhost/127.0.0.1:54202]' for 'POST' to 'http://localhost:54202/session/c8229354b444430cac5850c068860cd4/execute/sync'
14:57:06.165 [Forwarding isElementDisplayed on session c8229354b444430cac5850c068860cd4 to remote] DEBUG org.asynchttpclient.netty.request.NettyRequestSender - Using open Channel [id: 0x32fe3944, L:/127.0.0.1:65310 - R:localhost/127.0.0.1:54202] for POST '/session/c8229354b444430cac5850c068860cd4/execute/sync'
14:57:06.176 [AsyncHttpClient-1-9] DEBUG org.asynchttpclient.netty.handler.HttpHandler - 

Request DefaultHttpRequest(decodeResult: success, version: HTTP/1.1)
POST /session/c8229354b444430cac5850c068860cd4/execute/sync HTTP/1.1
User-Agent: selenium/4.1.2 (java windows)
Content-Length: 48780
Content-Type: application/json; charset=utf-8
host: localhost:54202
accept: */*

Response DefaultHttpResponse(decodeResult: success, version: HTTP/1.1)
HTTP/1.1 200 OK
Content-Type: application/json; charset=utf-8
cache-control: no-cache
content-length: 14

14:57:06.176 [AsyncHttpClient-1-9] DEBUG org.asynchttpclient.netty.channel.ChannelManager - Adding key: http://localhost:54202 for channel [id: 0x32fe3944, L:/127.0.0.1:65310 - R:localhost/127.0.0.1:54202]
14:57:06.183 [main] DEBUG net.thucydides.core.steps.StepInterceptor - STEP DONE: validateOnLoginPage
  &amp#27;[32mThen &amp#27;[0m&amp#27;[32mI get success logout&amp#27;[0m              &amp#27;[90m# Starter.StepDefinitions.LogoutStep.iGetSuccessLogout()&amp#27;[0m
14:57:06.196 [AsyncHttpClient-1-3] DEBUG org.asynchttpclient.netty.handler.WebSocketHandler - Channel Closed: [id: 0xab426320, L:/127.0.0.1:65318 ! R:localhost/127.0.0.1:65311] with attribute NettyResponseFuture{currentRetry=5,
	isDone=1,
	isCancelled=0,
	asyncHandler=org.asynchttpclient.ws.WebSocketUpgradeHandler@573d169b,
	nettyRequest=org.asynchttpclient.netty.request.NettyRequest@5b208eba,
	future=java.util.concurrent.CompletableFuture@72690a5c[Completed normally],
	uri=ws://localhost:65311/devtools/browser/f47a9f3f-95f6-4b38-8f6f-4fd655a44f29,
	keepAlive=true,
	redirectCount=0,
	timeoutsHolder=null,
	inAuth=0,
	touch=1652687822312}
14:57:06.196 [AsyncHttpClient-1-3] DEBUG org.asynchttpclient.netty.channel.ChannelManager - Closing Channel [id: 0xab426320, L:/127.0.0.1:65318 ! R:localhost/127.0.0.1:65311] 
14:57:06.198 [Driver Command Executor] DEBUG org.asynchttpclient.netty.request.NettyRequestSender - Using pooled Channel '[id: 0x32fe3944, L:/127.0.0.1:65310 - R:localhost/127.0.0.1:54202]' for 'DELETE' to 'http://localhost:54202/session/c8229354b444430cac5850c068860cd4'
14:57:06.199 [Driver Command Executor] DEBUG org.asynchttpclient.netty.request.NettyRequestSender - Using open Channel [id: 0x32fe3944, L:/127.0.0.1:65310 - R:localhost/127.0.0.1:54202] for DELETE '/session/c8229354b444430cac5850c068860cd4'
14:57:06.319 [AsyncHttpClient-1-2] DEBUG org.asynchttpclient.netty.handler.HttpHandler - Unexpected I/O exception on channel [id: 0x0f27b142, L:/127.0.0.1:65317 - R:localhost/127.0.0.1:65311]
java.net.SocketException: Connection reset
	at java.base/sun.nio.ch.SocketChannelImpl.throwConnectionReset(SocketChannelImpl.java:367)
	at java.base/sun.nio.ch.SocketChannelImpl.read(SocketChannelImpl.java:398)
	at io.netty.buffer.PooledByteBuf.setBytes(PooledByteBuf.java:258)
	at io.netty.buffer.AbstractByteBuf.writeBytes(AbstractByteBuf.java:1132)
	at io.netty.channel.socket.nio.NioSocketChannel.doReadBytes(NioSocketChannel.java:350)
	at io.netty.channel.nio.AbstractNioByteChannel$NioByteUnsafe.read(AbstractNioByteChannel.java:151)
	at io.netty.channel.nio.NioEventLoop.processSelectedKey(NioEventLoop.java:722)
	at io.netty.channel.nio.NioEventLoop.processSelectedKeysOptimized(NioEventLoop.java:658)
	at io.netty.channel.nio.NioEventLoop.processSelectedKeys(NioEventLoop.java:584)
	at io.netty.channel.nio.NioEventLoop.run(NioEventLoop.java:496)
	at io.netty.util.concurrent.SingleThreadEventExecutor$4.run(SingleThreadEventExecutor.java:986)
	at io.netty.util.internal.ThreadExecutorMap$2.run(ThreadExecutorMap.java:74)
	at io.netty.util.concurrent.FastThreadLocalRunnable.run(FastThreadLocalRunnable.java:30)
	at java.base/java.lang.Thread.run(Thread.java:832)
14:57:06.319 [AsyncHttpClient-1-2] DEBUG org.asynchttpclient.netty.channel.ChannelManager - Closing Channel [id: 0x0f27b142, L:/127.0.0.1:65317 - R:localhost/127.0.0.1:65311] 
14:57:06.320 [AsyncHttpClient-1-2] DEBUG org.asynchttpclient.netty.handler.HttpHandler - Channel Closed: [id: 0x0f27b142, L:/127.0.0.1:65317 ! R:localhost/127.0.0.1:65311] with attribute DISCARD
14:57:06.331 [AsyncHttpClient-1-9] DEBUG org.asynchttpclient.netty.handler.HttpHandler - 

Request DefaultFullHttpRequest(decodeResult: success, version: HTTP/1.1, content: EmptyByteBufBE)
DELETE /session/c8229354b444430cac5850c068860cd4 HTTP/1.1
User-Agent: selenium/4.1.2 (java windows)
Content-Type: application/json; charset=utf-8
host: localhost:54202
accept: */*

Response DefaultHttpResponse(decodeResult: success, version: HTTP/1.1)
HTTP/1.1 200 OK
Content-Type: application/json; charset=utf-8
cache-control: no-cache
content-length: 14

14:57:06.331 [AsyncHttpClient-1-9] DEBUG org.asynchttpclient.netty.channel.ChannelManager - Adding key: http://localhost:54202 for channel [id: 0x32fe3944, L:/127.0.0.1:65310 - R:localhost/127.0.0.1:54202]
14:57:06.426 [AsyncHttpClient-1-9] DEBUG org.asynchttpclient.netty.handler.HttpHandler - Channel Closed: [id: 0x32fe3944, L:/127.0.0.1:65310 ! R:localhost/127.0.0.1:54202] with attribute DISCARD
14:57:06.502 [AsyncHttpClient-1-1] DEBUG org.asynchttpclient.netty.channel.DefaultChannelPool - Entry count for : http://localhost:54202 : 1
14:57:06.502 [AsyncHttpClient-1-1] DEBUG org.asynchttpclient.netty.channel.DefaultChannelPool - Entry count for : http://localhost:65311 : 1
14:57:06.502 [AsyncHttpClient-1-1] DEBUG org.asynchttpclient.netty.channel.DefaultChannelPool - Adding Candidate expired Channel [id: 0x32fe3944, L:/127.0.0.1:65310 ! R:localhost/127.0.0.1:54202] isIdleTimeoutExpired=false isRemotelyClosed=true isTtlExpired=false
14:57:06.502 [AsyncHttpClient-1-1] DEBUG org.asynchttpclient.netty.channel.DefaultChannelPool - Closing Idle Channel [id: 0x32fe3944, L:/127.0.0.1:65310 ! R:localhost/127.0.0.1:54202]
14:57:06.502 [AsyncHttpClient-1-1] DEBUG org.asynchttpclient.netty.channel.DefaultChannelPool - Adding Candidate expired Channel [id: 0x0f27b142, L:/127.0.0.1:65317 ! R:localhost/127.0.0.1:65311] isIdleTimeoutExpired=false isRemotelyClosed=true isTtlExpired=false
14:57:06.502 [AsyncHttpClient-1-1] DEBUG org.asynchttpclient.netty.channel.DefaultChannelPool - Closing Idle Channel [id: 0x0f27b142, L:/127.0.0.1:65317 ! R:localhost/127.0.0.1:65311]
14:57:06.502 [AsyncHttpClient-1-1] DEBUG org.asynchttpclient.netty.channel.DefaultChannelPool - Closed 2 connections out of 2 in 0 ms
14:57:06.949 [main] INFO  - 
  _____   ___   ___   _____     ___     _     ___   ___   ___   ___  
 |_   _| | __| / __| |_   _|   | _ \   /_\   / __| / __| | __| |   \ 
   | |   | _|  \__ \   | |     |  _/  / _ \  \__ \ \__ \ | _|  | |) |
   |_|   |___| |___/   |_|     |_|   /_/ \_\ |___/ |___/ |___| |___/ 

Success Logout
----------------------------------------------------------------------
]]></system-out>
    <system-err><![CDATA[Starting ChromeDriver 101.0.4951.41 (93c720db8323b3ec10d056025ab95c23a31997c9-refs/branch-heads/4951@{#904}) on port 54202
Only local connections are allowed.
Please see https://chromedriver.chromium.org/security-considerations for suggestions on keeping ChromeDriver safe.
ChromeDriver was started successfully.
May 16, 2022 2:57:02 PM org.openqa.selenium.remote.ProtocolHandshake createSession
INFO: Detected dialect: W3C
May 16, 2022 2:57:02 PM org.openqa.selenium.devtools.CdpVersionFinder findNearestMatch
WARNING: Unable to find an exact match for CDP version 101, so returning the closest version found: 97
May 16, 2022 2:57:02 PM org.openqa.selenium.devtools.CdpVersionFinder findNearestMatch
INFO: Found CDP implementation for version 101 of 97
]]></system-err>
  </testcase>
  <testcase name="Preparation Order" classname="Order" time="6.473">
    <system-out><![CDATA[14:57:06.951 [main] INFO io.cucumber.core.plugin.SerenityReporter - Running feature from file:///D:/data%20hakim/Mini%20Project%20Alterra/WebAlta/src/test/resources/features/Order.feature
14:57:06.952 [main] DEBUG net.thucydides.core.steps.StepEventBus - Test suite started for story net.thucydides.core.model.Story@cc4b76a8
14:57:06.953 [main] INFO  - Test Suite Started: Order

@Order
Scenario Template: Preparation Order     &amp#27;[90m# src/test/resources/features/Order.feature:16&amp#27;[0m
14:57:06.960 [main] INFO io.cucumber.core.plugin.SerenityReporter - Running feature from file:///D:/data%20hakim/Mini%20Project%20Alterra/WebAlta/src/test/resources/features/Order.feature
14:57:06.962 [main] INFO  - 
  _____   ___   ___   _____     ___   _____     _     ___   _____   ___   ___  
 |_   _| | __| / __| |_   _|   / __| |_   _|   /_\   | _ \ |_   _| | __| |   \ 
   | |   | _|  \__ \   | |     \__ \   | |    / _ \  |   /   | |   | _|  | |) |
   |_|   |___| |___/   |_|     |___/   |_|   /_/ \_\ |_|_\   |_|   |___| |___/ 

Preparation Order(order;preparation-order)
--------------------------------------------------------------------------------
14:57:07.084 [main] INFO net.serenitybdd.core.webdriver.driverproviders.ChromeDriverProvider - Using automatically driver download
14:57:07.177 [main] DEBUG io.github.bonigarcia.wdm.cache.ResolutionCache - Resolution chrome=101 in cache (valid until 15:32:06 16/05/2022 WIB)
14:57:07.181 [main] DEBUG io.github.bonigarcia.wdm.cache.ResolutionCache - Resolution chrome101=101.0.4951.41 in cache (valid until 14:32:06 17/05/2022 WIB)
14:57:07.183 [main] INFO io.github.bonigarcia.wdm.WebDriverManager - Using chromedriver 101.0.4951.41 (resolved driver for Chrome 101)
14:57:07.192 [main] DEBUG io.github.bonigarcia.wdm.WebDriverManager - Driver chromedriver 101.0.4951.41 found in cache
14:57:07.192 [main] INFO io.github.bonigarcia.wdm.WebDriverManager - Exporting webdriver.chrome.driver as C:\Users\hp pc\.cache\selenium\chromedriver\win32\101.0.4951.41\chromedriver.exe
14:57:07.281 [main] DEBUG net.serenitybdd.core.webdriver.driverproviders.ProvideNewDriver - Instantiating driver
14:57:07.281 [main] DEBUG net.serenitybdd.core.webdriver.driverproviders.ProvideNewDriver - Driver capabilities: Capabilities {acceptInsecureCerts: false, base.url: https://qa.alta.id/, browserName: chrome, chrome.driver: src/test/resources/webdrive..., driver: chrome, goog:chromeOptions: {args: [], extensions: []}}
14:57:07.797 [AsyncHttpClient-1-4] DEBUG org.asynchttpclient.netty.channel.NettyConnectListener - Using new Channel '[id: 0xe540e755, L:/127.0.0.1:65339 - R:localhost/127.0.0.1:52283]' for 'POST' to '/session'
14:57:08.559 [AsyncHttpClient-1-4] DEBUG org.asynchttpclient.netty.handler.HttpHandler - 

Request DefaultHttpRequest(decodeResult: success, version: HTTP/1.1)
POST /session HTTP/1.1
User-Agent: selenium/4.1.2 (java windows)
Content-Length: 605
Content-Type: application/json; charset=utf-8
host: localhost:52283
accept: */*

Response DefaultHttpResponse(decodeResult: success, version: HTTP/1.1)
HTTP/1.1 200 OK
Content-Type: application/json; charset=utf-8
cache-control: no-cache
content-length: 789

14:57:08.559 [AsyncHttpClient-1-4] DEBUG org.asynchttpclient.netty.channel.ChannelManager - Adding key: http://localhost:52283 for channel [id: 0xe540e755, L:/127.0.0.1:65339 - R:localhost/127.0.0.1:52283]
14:57:08.569 [AsyncHttpClient-1-5] DEBUG org.asynchttpclient.netty.channel.NettyConnectListener - Using new Channel '[id: 0x180f59a3, L:/127.0.0.1:65346 - R:localhost/127.0.0.1:65340]' for 'GET' to '/json/version'
14:57:08.570 [AsyncHttpClient-1-5] DEBUG org.asynchttpclient.netty.handler.HttpHandler - 

Request DefaultFullHttpRequest(decodeResult: success, version: HTTP/1.1, content: EmptyByteBufBE)
GET /json/version HTTP/1.1
User-Agent: selenium/4.1.2 (java windows)
host: localhost:65340
accept: */*

Response DefaultHttpResponse(decodeResult: success, version: HTTP/1.1)
HTTP/1.1 200 OK
Content-Type: application/json; charset=UTF-8
content-length: 427

14:57:08.570 [AsyncHttpClient-1-5] DEBUG org.asynchttpclient.netty.channel.ChannelManager - Adding key: http://localhost:65340 for channel [id: 0x180f59a3, L:/127.0.0.1:65346 - R:localhost/127.0.0.1:65340]
14:57:08.572 [AsyncHttpClient-1-6] DEBUG org.asynchttpclient.netty.channel.NettyConnectListener - Using new Channel '[id: 0xef1d291d, L:/127.0.0.1:65347 - R:localhost/127.0.0.1:65340]' for 'GET' to '/devtools/browser/9513bab7-86fe-473e-a34a-74da1c241295'
14:57:08.572 [AsyncHttpClient-1-6] DEBUG org.asynchttpclient.netty.handler.WebSocketHandler - 

Request DefaultFullHttpRequest(decodeResult: success, version: HTTP/1.1, content: EmptyByteBufBE)
GET /devtools/browser/9513bab7-86fe-473e-a34a-74da1c241295 HTTP/1.1
upgrade: websocket
connection: upgrade
sec-websocket-key: lSa0dwy1n1I+iUEa5rwb/A==
sec-websocket-version: 13
origin: http://localhost:65340
host: localhost:65340
accept: */*
user-agent: AHC/2.1

Response DefaultHttpResponse(decodeResult: success, version: HTTP/1.1)
HTTP/1.1 101 WebSocket Protocol Handshake
Upgrade: WebSocket
Connection: Upgrade
Sec-WebSocket-Accept: 7mpguxv80nJImG3XaCsfaPqPtsk=

14:57:08.576 [Forwarding maximizeCurrentWindow on session edd892c0046daf335fb8d82cdc26651c to remote] DEBUG org.asynchttpclient.netty.request.NettyRequestSender - Using pooled Channel '[id: 0xe540e755, L:/127.0.0.1:65339 - R:localhost/127.0.0.1:52283]' for 'POST' to 'http://localhost:52283/session/edd892c0046daf335fb8d82cdc26651c/window/maximize'
14:57:08.576 [Forwarding maximizeCurrentWindow on session edd892c0046daf335fb8d82cdc26651c to remote] DEBUG org.asynchttpclient.netty.request.NettyRequestSender - Using open Channel [id: 0xe540e755, L:/127.0.0.1:65339 - R:localhost/127.0.0.1:52283] for POST '/session/edd892c0046daf335fb8d82cdc26651c/window/maximize'
14:57:08.701 [AsyncHttpClient-1-1] DEBUG org.asynchttpclient.netty.channel.DefaultChannelPool - Entry count for : http://localhost:65340 : 1
14:57:08.716 [AsyncHttpClient-1-4] DEBUG org.asynchttpclient.netty.handler.HttpHandler - 

Request DefaultHttpRequest(decodeResult: success, version: HTTP/1.1)
POST /session/edd892c0046daf335fb8d82cdc26651c/window/maximize HTTP/1.1
User-Agent: selenium/4.1.2 (java windows)
Content-Length: 3
Content-Type: application/json; charset=utf-8
host: localhost:52283
accept: */*

Response DefaultHttpResponse(decodeResult: success, version: HTTP/1.1)
HTTP/1.1 200 OK
Content-Type: application/json; charset=utf-8
cache-control: no-cache
content-length: 51

14:57:08.716 [AsyncHttpClient-1-4] DEBUG org.asynchttpclient.netty.channel.ChannelManager - Adding key: http://localhost:52283 for channel [id: 0xe540e755, L:/127.0.0.1:65339 - R:localhost/127.0.0.1:52283]
14:57:08.717 [Forwarding get on session edd892c0046daf335fb8d82cdc26651c to remote] DEBUG org.asynchttpclient.netty.request.NettyRequestSender - Using pooled Channel '[id: 0xe540e755, L:/127.0.0.1:65339 - R:localhost/127.0.0.1:52283]' for 'POST' to 'http://localhost:52283/session/edd892c0046daf335fb8d82cdc26651c/url'
14:57:08.717 [Forwarding get on session edd892c0046daf335fb8d82cdc26651c to remote] DEBUG org.asynchttpclient.netty.request.NettyRequestSender - Using open Channel [id: 0xe540e755, L:/127.0.0.1:65339 - R:localhost/127.0.0.1:52283] for POST '/session/edd892c0046daf335fb8d82cdc26651c/url'
14:57:09.507 [AsyncHttpClient-1-4] DEBUG org.asynchttpclient.netty.handler.HttpHandler - 

Request DefaultHttpRequest(decodeResult: success, version: HTTP/1.1)
POST /session/edd892c0046daf335fb8d82cdc26651c/url HTTP/1.1
User-Agent: selenium/4.1.2 (java windows)
Content-Length: 64
Content-Type: application/json; charset=utf-8
host: localhost:52283
accept: */*

Response DefaultHttpResponse(decodeResult: success, version: HTTP/1.1)
HTTP/1.1 200 OK
Content-Type: application/json; charset=utf-8
cache-control: no-cache
content-length: 14

14:57:09.507 [AsyncHttpClient-1-4] DEBUG org.asynchttpclient.netty.channel.ChannelManager - Adding key: http://localhost:52283 for channel [id: 0xe540e755, L:/127.0.0.1:65339 - R:localhost/127.0.0.1:52283]
14:57:09.509 [Forwarding setTimeout on session edd892c0046daf335fb8d82cdc26651c to remote] DEBUG org.asynchttpclient.netty.request.NettyRequestSender - Using pooled Channel '[id: 0xe540e755, L:/127.0.0.1:65339 - R:localhost/127.0.0.1:52283]' for 'POST' to 'http://localhost:52283/session/edd892c0046daf335fb8d82cdc26651c/timeouts'
14:57:09.509 [Forwarding setTimeout on session edd892c0046daf335fb8d82cdc26651c to remote] DEBUG org.asynchttpclient.netty.request.NettyRequestSender - Using open Channel [id: 0xe540e755, L:/127.0.0.1:65339 - R:localhost/127.0.0.1:52283] for POST '/session/edd892c0046daf335fb8d82cdc26651c/timeouts'
14:57:09.510 [AsyncHttpClient-1-4] DEBUG org.asynchttpclient.netty.handler.HttpHandler - 

Request DefaultHttpRequest(decodeResult: success, version: HTTP/1.1)
POST /session/edd892c0046daf335fb8d82cdc26651c/timeouts HTTP/1.1
User-Agent: selenium/4.1.2 (java windows)
Content-Length: 22
Content-Type: application/json; charset=utf-8
host: localhost:52283
accept: */*

Response DefaultHttpResponse(decodeResult: success, version: HTTP/1.1)
HTTP/1.1 200 OK
Content-Type: application/json; charset=utf-8
cache-control: no-cache
content-length: 14

14:57:09.510 [AsyncHttpClient-1-4] DEBUG org.asynchttpclient.netty.channel.ChannelManager - Adding key: http://localhost:52283 for channel [id: 0xe540e755, L:/127.0.0.1:65339 - R:localhost/127.0.0.1:52283]
14:57:09.514 [Forwarding getCurrentUrl on session edd892c0046daf335fb8d82cdc26651c to remote] DEBUG org.asynchttpclient.netty.request.NettyRequestSender - Using pooled Channel '[id: 0xe540e755, L:/127.0.0.1:65339 - R:localhost/127.0.0.1:52283]' for 'GET' to 'http://localhost:52283/session/edd892c0046daf335fb8d82cdc26651c/url'
14:57:09.514 [Forwarding getCurrentUrl on session edd892c0046daf335fb8d82cdc26651c to remote] DEBUG org.asynchttpclient.netty.request.NettyRequestSender - Using open Channel [id: 0xe540e755, L:/127.0.0.1:65339 - R:localhost/127.0.0.1:52283] for GET '/session/edd892c0046daf335fb8d82cdc26651c/url'
14:57:09.518 [AsyncHttpClient-1-4] DEBUG org.asynchttpclient.netty.handler.HttpHandler - 

Request DefaultFullHttpRequest(decodeResult: success, version: HTTP/1.1, content: EmptyByteBufBE)
GET /session/edd892c0046daf335fb8d82cdc26651c/url HTTP/1.1
User-Agent: selenium/4.1.2 (java windows)
Cache-Control: no-cache
Content-Type: application/json; charset=utf-8
host: localhost:52283
accept: */*

Response DefaultHttpResponse(decodeResult: success, version: HTTP/1.1)
HTTP/1.1 200 OK
Content-Type: application/json; charset=utf-8
cache-control: no-cache
content-length: 41

14:57:09.518 [AsyncHttpClient-1-4] DEBUG org.asynchttpclient.netty.channel.ChannelManager - Adding key: http://localhost:52283 for channel [id: 0xe540e755, L:/127.0.0.1:65339 - R:localhost/127.0.0.1:52283]
14:57:09.524 [main] DEBUG net.serenitybdd.core.photography.Darkroom - Opening darkroom
14:57:09.524 [Darkroom Processing Line] DEBUG net.serenitybdd.core.photography.DarkroomProcessingLine - Darkroom processing line starting up
14:57:09.524 [Forwarding screenshot on session edd892c0046daf335fb8d82cdc26651c to remote] DEBUG org.asynchttpclient.netty.request.NettyRequestSender - Using pooled Channel '[id: 0xe540e755, L:/127.0.0.1:65339 - R:localhost/127.0.0.1:52283]' for 'GET' to 'http://localhost:52283/session/edd892c0046daf335fb8d82cdc26651c/screenshot'
14:57:09.525 [Forwarding screenshot on session edd892c0046daf335fb8d82cdc26651c to remote] DEBUG org.asynchttpclient.netty.request.NettyRequestSender - Using open Channel [id: 0xe540e755, L:/127.0.0.1:65339 - R:localhost/127.0.0.1:52283] for GET '/session/edd892c0046daf335fb8d82cdc26651c/screenshot'
14:57:09.698 [AsyncHttpClient-1-4] DEBUG org.asynchttpclient.netty.handler.HttpHandler - 

Request DefaultFullHttpRequest(decodeResult: success, version: HTTP/1.1, content: EmptyByteBufBE)
GET /session/edd892c0046daf335fb8d82cdc26651c/screenshot HTTP/1.1
User-Agent: selenium/4.1.2 (java windows)
Cache-Control: no-cache
Content-Type: application/json; charset=utf-8
host: localhost:52283
accept: */*

Response DefaultHttpResponse(decodeResult: success, version: HTTP/1.1)
HTTP/1.1 200 OK
Content-Type: application/json; charset=utf-8
cache-control: no-cache
content-length: 24940

14:57:09.699 [AsyncHttpClient-1-4] DEBUG org.asynchttpclient.netty.channel.ChannelManager - Adding key: http://localhost:52283 for channel [id: 0xe540e755, L:/127.0.0.1:65339 - R:localhost/127.0.0.1:52283]
14:57:09.700 [main] DEBUG net.serenitybdd.core.photography.Darkroom - Send negative for processing for target\site\serenity\11023edac3681808080020daf60d8cb00148736924ac340653f27273a0570072.png
14:57:09.701 [main] DEBUG net.thucydides.core.steps.StepInterceptor - STARTING STEP: OrderStep.iAmOnTheLoginPage - validateOnLoginPage
14:57:09.703 [Forwarding findElement on session edd892c0046daf335fb8d82cdc26651c to remote] DEBUG org.asynchttpclient.netty.request.NettyRequestSender - Using pooled Channel '[id: 0xe540e755, L:/127.0.0.1:65339 - R:localhost/127.0.0.1:52283]' for 'POST' to 'http://localhost:52283/session/edd892c0046daf335fb8d82cdc26651c/element'
14:57:09.703 [Forwarding findElement on session edd892c0046daf335fb8d82cdc26651c to remote] DEBUG org.asynchttpclient.netty.request.NettyRequestSender - Using open Channel [id: 0xe540e755, L:/127.0.0.1:65339 - R:localhost/127.0.0.1:52283] for POST '/session/edd892c0046daf335fb8d82cdc26651c/element'
14:57:09.714 [AsyncHttpClient-1-4] DEBUG org.asynchttpclient.netty.handler.HttpHandler - 

Request DefaultHttpRequest(decodeResult: success, version: HTTP/1.1)
POST /session/edd892c0046daf335fb8d82cdc26651c/element HTTP/1.1
User-Agent: selenium/4.1.2 (java windows)
Content-Length: 136
Content-Type: application/json; charset=utf-8
host: localhost:52283
accept: */*

Response DefaultHttpResponse(decodeResult: success, version: HTTP/1.1)
HTTP/1.1 200 OK
Content-Type: application/json; charset=utf-8
cache-control: no-cache
content-length: 88

14:57:09.715 [AsyncHttpClient-1-4] DEBUG org.asynchttpclient.netty.channel.ChannelManager - Adding key: http://localhost:52283 for channel [id: 0xe540e755, L:/127.0.0.1:65339 - R:localhost/127.0.0.1:52283]
14:57:09.717 [Forwarding isElementDisplayed on session edd892c0046daf335fb8d82cdc26651c to remote] DEBUG org.asynchttpclient.netty.request.NettyRequestSender - Using pooled Channel '[id: 0xe540e755, L:/127.0.0.1:65339 - R:localhost/127.0.0.1:52283]' for 'POST' to 'http://localhost:52283/session/edd892c0046daf335fb8d82cdc26651c/execute/sync'
14:57:09.717 [Forwarding isElementDisplayed on session edd892c0046daf335fb8d82cdc26651c to remote] DEBUG org.asynchttpclient.netty.request.NettyRequestSender - Using open Channel [id: 0xe540e755, L:/127.0.0.1:65339 - R:localhost/127.0.0.1:52283] for POST '/session/edd892c0046daf335fb8d82cdc26651c/execute/sync'
14:57:09.729 [AsyncHttpClient-1-4] DEBUG org.asynchttpclient.netty.handler.HttpHandler - 

Request DefaultHttpRequest(decodeResult: success, version: HTTP/1.1)
POST /session/edd892c0046daf335fb8d82cdc26651c/execute/sync HTTP/1.1
User-Agent: selenium/4.1.2 (java windows)
Content-Length: 48780
Content-Type: application/json; charset=utf-8
host: localhost:52283
accept: */*

Response DefaultHttpResponse(decodeResult: success, version: HTTP/1.1)
HTTP/1.1 200 OK
Content-Type: application/json; charset=utf-8
cache-control: no-cache
content-length: 14

14:57:09.729 [AsyncHttpClient-1-4] DEBUG org.asynchttpclient.netty.channel.ChannelManager - Adding key: http://localhost:52283 for channel [id: 0xe540e755, L:/127.0.0.1:65339 - R:localhost/127.0.0.1:52283]
14:57:09.733 [main] DEBUG net.thucydides.core.steps.StepInterceptor - STEP DONE: validateOnLoginPage
  &amp#27;[32mGiven &amp#27;[0m&amp#27;[32mI am login account AltaShop&amp#27;[0m      &amp#27;[90m# Starter.StepDefinitions.OrderStep.iAmOnTheLoginPage()&amp#27;[0m
14:57:09.743 [main] DEBUG net.thucydides.core.steps.StepInterceptor - STARTING STEP: OrderStep.iInputEmail - inputEmail
14:57:09.744 [Forwarding findElement on session edd892c0046daf335fb8d82cdc26651c to remote] DEBUG org.asynchttpclient.netty.request.NettyRequestSender - Using pooled Channel '[id: 0xe540e755, L:/127.0.0.1:65339 - R:localhost/127.0.0.1:52283]' for 'POST' to 'http://localhost:52283/session/edd892c0046daf335fb8d82cdc26651c/element'
14:57:09.744 [Forwarding findElement on session edd892c0046daf335fb8d82cdc26651c to remote] DEBUG org.asynchttpclient.netty.request.NettyRequestSender - Using open Channel [id: 0xe540e755, L:/127.0.0.1:65339 - R:localhost/127.0.0.1:52283] for POST '/session/edd892c0046daf335fb8d82cdc26651c/element'
14:57:09.754 [AsyncHttpClient-1-4] DEBUG org.asynchttpclient.netty.handler.HttpHandler - 

Request DefaultHttpRequest(decodeResult: success, version: HTTP/1.1)
POST /session/edd892c0046daf335fb8d82cdc26651c/element HTTP/1.1
User-Agent: selenium/4.1.2 (java windows)
Content-Length: 91
Content-Type: application/json; charset=utf-8
host: localhost:52283
accept: */*

Response DefaultHttpResponse(decodeResult: success, version: HTTP/1.1)
HTTP/1.1 200 OK
Content-Type: application/json; charset=utf-8
cache-control: no-cache
content-length: 88

14:57:09.754 [AsyncHttpClient-1-4] DEBUG org.asynchttpclient.netty.channel.ChannelManager - Adding key: http://localhost:52283 for channel [id: 0xe540e755, L:/127.0.0.1:65339 - R:localhost/127.0.0.1:52283]
14:57:09.755 [Forwarding clearElement on session edd892c0046daf335fb8d82cdc26651c to remote] DEBUG org.asynchttpclient.netty.request.NettyRequestSender - Using pooled Channel '[id: 0xe540e755, L:/127.0.0.1:65339 - R:localhost/127.0.0.1:52283]' for 'POST' to 'http://localhost:52283/session/edd892c0046daf335fb8d82cdc26651c/element/218beb4e-b801-45a2-8651-5b20a10caf14/clear'
14:57:09.755 [Forwarding clearElement on session edd892c0046daf335fb8d82cdc26651c to remote] DEBUG org.asynchttpclient.netty.request.NettyRequestSender - Using open Channel [id: 0xe540e755, L:/127.0.0.1:65339 - R:localhost/127.0.0.1:52283] for POST '/session/edd892c0046daf335fb8d82cdc26651c/element/218beb4e-b801-45a2-8651-5b20a10caf14/clear'
14:57:09.783 [AsyncHttpClient-1-4] DEBUG org.asynchttpclient.netty.handler.HttpHandler - 

Request DefaultHttpRequest(decodeResult: success, version: HTTP/1.1)
POST /session/edd892c0046daf335fb8d82cdc26651c/element/218beb4e-b801-45a2-8651-5b20a10caf14/clear HTTP/1.1
User-Agent: selenium/4.1.2 (java windows)
Content-Length: 50
Content-Type: application/json; charset=utf-8
host: localhost:52283
accept: */*

Response DefaultHttpResponse(decodeResult: success, version: HTTP/1.1)
HTTP/1.1 200 OK
Content-Type: application/json; charset=utf-8
cache-control: no-cache
content-length: 14

14:57:09.783 [AsyncHttpClient-1-4] DEBUG org.asynchttpclient.netty.channel.ChannelManager - Adding key: http://localhost:52283 for channel [id: 0xe540e755, L:/127.0.0.1:65339 - R:localhost/127.0.0.1:52283]
14:57:09.784 [Forwarding sendKeysToElement on session edd892c0046daf335fb8d82cdc26651c to remote] DEBUG org.asynchttpclient.netty.request.NettyRequestSender - Using pooled Channel '[id: 0xe540e755, L:/127.0.0.1:65339 - R:localhost/127.0.0.1:52283]' for 'POST' to 'http://localhost:52283/session/edd892c0046daf335fb8d82cdc26651c/element/218beb4e-b801-45a2-8651-5b20a10caf14/value'
14:57:09.784 [Forwarding sendKeysToElement on session edd892c0046daf335fb8d82cdc26651c to remote] DEBUG org.asynchttpclient.netty.request.NettyRequestSender - Using open Channel [id: 0xe540e755, L:/127.0.0.1:65339 - R:localhost/127.0.0.1:52283] for POST '/session/edd892c0046daf335fb8d82cdc26651c/element/218beb4e-b801-45a2-8651-5b20a10caf14/value'
14:57:09.803 [AsyncHttpClient-1-1] DEBUG org.asynchttpclient.netty.channel.DefaultChannelPool - Entry count for : http://localhost:65340 : 1
14:57:09.898 [AsyncHttpClient-1-4] DEBUG org.asynchttpclient.netty.handler.HttpHandler - 

Request DefaultHttpRequest(decodeResult: success, version: HTTP/1.1)
POST /session/edd892c0046daf335fb8d82cdc26651c/element/218beb4e-b801-45a2-8651-5b20a10caf14/value HTTP/1.1
User-Agent: selenium/4.1.2 (java windows)
Content-Length: 261
Content-Type: application/json; charset=utf-8
host: localhost:52283
accept: */*

Response DefaultHttpResponse(decodeResult: success, version: HTTP/1.1)
HTTP/1.1 200 OK
Content-Type: application/json; charset=utf-8
cache-control: no-cache
content-length: 14

14:57:09.898 [AsyncHttpClient-1-4] DEBUG org.asynchttpclient.netty.channel.ChannelManager - Adding key: http://localhost:52283 for channel [id: 0xe540e755, L:/127.0.0.1:65339 - R:localhost/127.0.0.1:52283]
14:57:09.903 [Forwarding screenshot on session edd892c0046daf335fb8d82cdc26651c to remote] DEBUG org.asynchttpclient.netty.request.NettyRequestSender - Using pooled Channel '[id: 0xe540e755, L:/127.0.0.1:65339 - R:localhost/127.0.0.1:52283]' for 'GET' to 'http://localhost:52283/session/edd892c0046daf335fb8d82cdc26651c/screenshot'
14:57:09.904 [Forwarding screenshot on session edd892c0046daf335fb8d82cdc26651c to remote] DEBUG org.asynchttpclient.netty.request.NettyRequestSender - Using open Channel [id: 0xe540e755, L:/127.0.0.1:65339 - R:localhost/127.0.0.1:52283] for GET '/session/edd892c0046daf335fb8d82cdc26651c/screenshot'
14:57:10.044 [AsyncHttpClient-1-4] DEBUG org.asynchttpclient.netty.handler.HttpHandler - 

Request DefaultFullHttpRequest(decodeResult: success, version: HTTP/1.1, content: EmptyByteBufBE)
GET /session/edd892c0046daf335fb8d82cdc26651c/screenshot HTTP/1.1
User-Agent: selenium/4.1.2 (java windows)
Cache-Control: no-cache
Content-Type: application/json; charset=utf-8
host: localhost:52283
accept: */*

Response DefaultHttpResponse(decodeResult: success, version: HTTP/1.1)
HTTP/1.1 200 OK
Content-Type: application/json; charset=utf-8
cache-control: no-cache
content-length: 29120

14:57:10.044 [AsyncHttpClient-1-4] DEBUG org.asynchttpclient.netty.channel.ChannelManager - Adding key: http://localhost:52283 for channel [id: 0xe540e755, L:/127.0.0.1:65339 - R:localhost/127.0.0.1:52283]
14:57:10.046 [main] DEBUG net.serenitybdd.core.photography.Darkroom - Send negative for processing for target\site\serenity\794c96aff1e733803d75059fb8a69ade9eb5414a478ecbf278c42406690ee40e.png
14:57:10.046 [main] DEBUG net.thucydides.core.steps.StepInterceptor - STEP DONE: inputEmail
  &amp#27;[32mAnd &amp#27;[0m&amp#27;[32mI enter &amp#27;[0m&amp#27;[32m&amp#27;[1m"hakim001@gmail.com"&amp#27;[0m&amp#27;[32m Email&amp#27;[0m &amp#27;[90m# Starter.StepDefinitions.OrderStep.iInputEmail(java.lang.String)&amp#27;[0m
14:57:10.046 [Darkroom Processing Line] DEBUG net.serenitybdd.core.photography.DarkroomProcessingLine - Processing screenshot image in /var/screenshots/screenshot-7803714719320113210
14:57:10.046 [Darkroom Processing Line] DEBUG net.serenitybdd.core.photography.DarkroomProcessingLine - Saving screenshot to target\site\serenity\794c96aff1e733803d75059fb8a69ade9eb5414a478ecbf278c42406690ee40e.png
14:57:10.059 [main] DEBUG net.thucydides.core.steps.StepInterceptor - STARTING STEP: OrderStep.iInputPassword - inputPassword
14:57:10.061 [Forwarding findElement on session edd892c0046daf335fb8d82cdc26651c to remote] DEBUG org.asynchttpclient.netty.request.NettyRequestSender - Using pooled Channel '[id: 0xe540e755, L:/127.0.0.1:65339 - R:localhost/127.0.0.1:52283]' for 'POST' to 'http://localhost:52283/session/edd892c0046daf335fb8d82cdc26651c/element'
14:57:10.061 [Forwarding findElement on session edd892c0046daf335fb8d82cdc26651c to remote] DEBUG org.asynchttpclient.netty.request.NettyRequestSender - Using open Channel [id: 0xe540e755, L:/127.0.0.1:65339 - R:localhost/127.0.0.1:52283] for POST '/session/edd892c0046daf335fb8d82cdc26651c/element'
14:57:10.071 [AsyncHttpClient-1-4] DEBUG org.asynchttpclient.netty.handler.HttpHandler - 

Request DefaultHttpRequest(decodeResult: success, version: HTTP/1.1)
POST /session/edd892c0046daf335fb8d82cdc26651c/element HTTP/1.1
User-Agent: selenium/4.1.2 (java windows)
Content-Length: 94
Content-Type: application/json; charset=utf-8
host: localhost:52283
accept: */*

Response DefaultHttpResponse(decodeResult: success, version: HTTP/1.1)
HTTP/1.1 200 OK
Content-Type: application/json; charset=utf-8
cache-control: no-cache
content-length: 88

14:57:10.071 [AsyncHttpClient-1-4] DEBUG org.asynchttpclient.netty.channel.ChannelManager - Adding key: http://localhost:52283 for channel [id: 0xe540e755, L:/127.0.0.1:65339 - R:localhost/127.0.0.1:52283]
14:57:10.072 [Forwarding clearElement on session edd892c0046daf335fb8d82cdc26651c to remote] DEBUG org.asynchttpclient.netty.request.NettyRequestSender - Using pooled Channel '[id: 0xe540e755, L:/127.0.0.1:65339 - R:localhost/127.0.0.1:52283]' for 'POST' to 'http://localhost:52283/session/edd892c0046daf335fb8d82cdc26651c/element/fa2e0287-d227-4993-b569-9171c1cea928/clear'
14:57:10.072 [Forwarding clearElement on session edd892c0046daf335fb8d82cdc26651c to remote] DEBUG org.asynchttpclient.netty.request.NettyRequestSender - Using open Channel [id: 0xe540e755, L:/127.0.0.1:65339 - R:localhost/127.0.0.1:52283] for POST '/session/edd892c0046daf335fb8d82cdc26651c/element/fa2e0287-d227-4993-b569-9171c1cea928/clear'
14:57:10.100 [AsyncHttpClient-1-4] DEBUG org.asynchttpclient.netty.handler.HttpHandler - 

Request DefaultHttpRequest(decodeResult: success, version: HTTP/1.1)
POST /session/edd892c0046daf335fb8d82cdc26651c/element/fa2e0287-d227-4993-b569-9171c1cea928/clear HTTP/1.1
User-Agent: selenium/4.1.2 (java windows)
Content-Length: 50
Content-Type: application/json; charset=utf-8
host: localhost:52283
accept: */*

Response DefaultHttpResponse(decodeResult: success, version: HTTP/1.1)
HTTP/1.1 200 OK
Content-Type: application/json; charset=utf-8
cache-control: no-cache
content-length: 14

14:57:10.100 [AsyncHttpClient-1-4] DEBUG org.asynchttpclient.netty.channel.ChannelManager - Adding key: http://localhost:52283 for channel [id: 0xe540e755, L:/127.0.0.1:65339 - R:localhost/127.0.0.1:52283]
14:57:10.101 [Forwarding sendKeysToElement on session edd892c0046daf335fb8d82cdc26651c to remote] DEBUG org.asynchttpclient.netty.request.NettyRequestSender - Using pooled Channel '[id: 0xe540e755, L:/127.0.0.1:65339 - R:localhost/127.0.0.1:52283]' for 'POST' to 'http://localhost:52283/session/edd892c0046daf335fb8d82cdc26651c/element/fa2e0287-d227-4993-b569-9171c1cea928/value'
14:57:10.101 [Forwarding sendKeysToElement on session edd892c0046daf335fb8d82cdc26651c to remote] DEBUG org.asynchttpclient.netty.request.NettyRequestSender - Using open Channel [id: 0xe540e755, L:/127.0.0.1:65339 - R:localhost/127.0.0.1:52283] for POST '/session/edd892c0046daf335fb8d82cdc26651c/element/fa2e0287-d227-4993-b569-9171c1cea928/value'
14:57:10.169 [AsyncHttpClient-1-4] DEBUG org.asynchttpclient.netty.handler.HttpHandler - 

Request DefaultHttpRequest(decodeResult: success, version: HTTP/1.1)
POST /session/edd892c0046daf335fb8d82cdc26651c/element/fa2e0287-d227-4993-b569-9171c1cea928/value HTTP/1.1
User-Agent: selenium/4.1.2 (java windows)
Content-Length: 161
Content-Type: application/json; charset=utf-8
host: localhost:52283
accept: */*

Response DefaultHttpResponse(decodeResult: success, version: HTTP/1.1)
HTTP/1.1 200 OK
Content-Type: application/json; charset=utf-8
cache-control: no-cache
content-length: 14

14:57:10.170 [AsyncHttpClient-1-4] DEBUG org.asynchttpclient.netty.channel.ChannelManager - Adding key: http://localhost:52283 for channel [id: 0xe540e755, L:/127.0.0.1:65339 - R:localhost/127.0.0.1:52283]
14:57:10.174 [Forwarding screenshot on session edd892c0046daf335fb8d82cdc26651c to remote] DEBUG org.asynchttpclient.netty.request.NettyRequestSender - Using pooled Channel '[id: 0xe540e755, L:/127.0.0.1:65339 - R:localhost/127.0.0.1:52283]' for 'GET' to 'http://localhost:52283/session/edd892c0046daf335fb8d82cdc26651c/screenshot'
14:57:10.174 [Forwarding screenshot on session edd892c0046daf335fb8d82cdc26651c to remote] DEBUG org.asynchttpclient.netty.request.NettyRequestSender - Using open Channel [id: 0xe540e755, L:/127.0.0.1:65339 - R:localhost/127.0.0.1:52283] for GET '/session/edd892c0046daf335fb8d82cdc26651c/screenshot'
14:57:10.315 [AsyncHttpClient-1-4] DEBUG org.asynchttpclient.netty.handler.HttpHandler - 

Request DefaultFullHttpRequest(decodeResult: success, version: HTTP/1.1, content: EmptyByteBufBE)
GET /session/edd892c0046daf335fb8d82cdc26651c/screenshot HTTP/1.1
User-Agent: selenium/4.1.2 (java windows)
Cache-Control: no-cache
Content-Type: application/json; charset=utf-8
host: localhost:52283
accept: */*

Response DefaultHttpResponse(decodeResult: success, version: HTTP/1.1)
HTTP/1.1 200 OK
Content-Type: application/json; charset=utf-8
cache-control: no-cache
content-length: 30864

14:57:10.316 [AsyncHttpClient-1-4] DEBUG org.asynchttpclient.netty.channel.ChannelManager - Adding key: http://localhost:52283 for channel [id: 0xe540e755, L:/127.0.0.1:65339 - R:localhost/127.0.0.1:52283]
14:57:10.317 [main] DEBUG net.serenitybdd.core.photography.Darkroom - Send negative for processing for target\site\serenity\7f136618f9fe5db40f1299ad50bc6f6a5aa3c3cb93c7c2f672af9c954a21817d.png
14:57:10.317 [main] DEBUG net.thucydides.core.steps.StepInterceptor - STEP DONE: inputPassword
  &amp#27;[32mAnd &amp#27;[0m&amp#27;[32mI enter &amp#27;[0m&amp#27;[32m&amp#27;[1m"Valid@01"&amp#27;[0m&amp#27;[32m Password&amp#27;[0m        &amp#27;[90m# Starter.StepDefinitions.OrderStep.iInputPassword(java.lang.String)&amp#27;[0m
14:57:10.318 [Darkroom Processing Line] DEBUG net.serenitybdd.core.photography.DarkroomProcessingLine - Processing screenshot image in /var/screenshots/screenshot-14595789151912033673
14:57:10.318 [Darkroom Processing Line] DEBUG net.serenitybdd.core.photography.DarkroomProcessingLine - Saving screenshot to target\site\serenity\7f136618f9fe5db40f1299ad50bc6f6a5aa3c3cb93c7c2f672af9c954a21817d.png
14:57:10.331 [main] DEBUG net.thucydides.core.steps.StepInterceptor - STARTING STEP: OrderStep.clickLoginButton - clickLoginButton
14:57:10.334 [Forwarding findElement on session edd892c0046daf335fb8d82cdc26651c to remote] DEBUG org.asynchttpclient.netty.request.NettyRequestSender - Using pooled Channel '[id: 0xe540e755, L:/127.0.0.1:65339 - R:localhost/127.0.0.1:52283]' for 'POST' to 'http://localhost:52283/session/edd892c0046daf335fb8d82cdc26651c/element'
14:57:10.335 [Forwarding findElement on session edd892c0046daf335fb8d82cdc26651c to remote] DEBUG org.asynchttpclient.netty.request.NettyRequestSender - Using open Channel [id: 0xe540e755, L:/127.0.0.1:65339 - R:localhost/127.0.0.1:52283] for POST '/session/edd892c0046daf335fb8d82cdc26651c/element'
14:57:10.343 [AsyncHttpClient-1-4] DEBUG org.asynchttpclient.netty.handler.HttpHandler - 

Request DefaultHttpRequest(decodeResult: success, version: HTTP/1.1)
POST /session/edd892c0046daf335fb8d82cdc26651c/element HTTP/1.1
User-Agent: selenium/4.1.2 (java windows)
Content-Length: 136
Content-Type: application/json; charset=utf-8
host: localhost:52283
accept: */*

Response DefaultHttpResponse(decodeResult: success, version: HTTP/1.1)
HTTP/1.1 200 OK
Content-Type: application/json; charset=utf-8
cache-control: no-cache
content-length: 88

14:57:10.343 [AsyncHttpClient-1-4] DEBUG org.asynchttpclient.netty.channel.ChannelManager - Adding key: http://localhost:52283 for channel [id: 0xe540e755, L:/127.0.0.1:65339 - R:localhost/127.0.0.1:52283]
14:57:10.344 [Forwarding getElementTagName on session edd892c0046daf335fb8d82cdc26651c to remote] DEBUG org.asynchttpclient.netty.request.NettyRequestSender - Using pooled Channel '[id: 0xe540e755, L:/127.0.0.1:65339 - R:localhost/127.0.0.1:52283]' for 'GET' to 'http://localhost:52283/session/edd892c0046daf335fb8d82cdc26651c/element/e04bf1f8-7c08-4671-bd0d-c557616b9c50/name'
14:57:10.344 [Forwarding getElementTagName on session edd892c0046daf335fb8d82cdc26651c to remote] DEBUG org.asynchttpclient.netty.request.NettyRequestSender - Using open Channel [id: 0xe540e755, L:/127.0.0.1:65339 - R:localhost/127.0.0.1:52283] for GET '/session/edd892c0046daf335fb8d82cdc26651c/element/e04bf1f8-7c08-4671-bd0d-c557616b9c50/name'
14:57:10.352 [AsyncHttpClient-1-4] DEBUG org.asynchttpclient.netty.handler.HttpHandler - 

Request DefaultFullHttpRequest(decodeResult: success, version: HTTP/1.1, content: EmptyByteBufBE)
GET /session/edd892c0046daf335fb8d82cdc26651c/element/e04bf1f8-7c08-4671-bd0d-c557616b9c50/name HTTP/1.1
User-Agent: selenium/4.1.2 (java windows)
Cache-Control: no-cache
Content-Type: application/json; charset=utf-8
host: localhost:52283
accept: */*

Response DefaultHttpResponse(decodeResult: success, version: HTTP/1.1)
HTTP/1.1 200 OK
Content-Type: application/json; charset=utf-8
cache-control: no-cache
content-length: 18

14:57:10.352 [AsyncHttpClient-1-4] DEBUG org.asynchttpclient.netty.channel.ChannelManager - Adding key: http://localhost:52283 for channel [id: 0xe540e755, L:/127.0.0.1:65339 - R:localhost/127.0.0.1:52283]
14:57:10.354 [Forwarding getElementTagName on session edd892c0046daf335fb8d82cdc26651c to remote] DEBUG org.asynchttpclient.netty.request.NettyRequestSender - Using pooled Channel '[id: 0xe540e755, L:/127.0.0.1:65339 - R:localhost/127.0.0.1:52283]' for 'GET' to 'http://localhost:52283/session/edd892c0046daf335fb8d82cdc26651c/element/e04bf1f8-7c08-4671-bd0d-c557616b9c50/name'
14:57:10.354 [Forwarding getElementTagName on session edd892c0046daf335fb8d82cdc26651c to remote] DEBUG org.asynchttpclient.netty.request.NettyRequestSender - Using open Channel [id: 0xe540e755, L:/127.0.0.1:65339 - R:localhost/127.0.0.1:52283] for GET '/session/edd892c0046daf335fb8d82cdc26651c/element/e04bf1f8-7c08-4671-bd0d-c557616b9c50/name'
14:57:10.357 [AsyncHttpClient-1-4] DEBUG org.asynchttpclient.netty.handler.HttpHandler - 

Request DefaultFullHttpRequest(decodeResult: success, version: HTTP/1.1, content: EmptyByteBufBE)
GET /session/edd892c0046daf335fb8d82cdc26651c/element/e04bf1f8-7c08-4671-bd0d-c557616b9c50/name HTTP/1.1
User-Agent: selenium/4.1.2 (java windows)
Cache-Control: no-cache
Content-Type: application/json; charset=utf-8
host: localhost:52283
accept: */*

Response DefaultHttpResponse(decodeResult: success, version: HTTP/1.1)
HTTP/1.1 200 OK
Content-Type: application/json; charset=utf-8
cache-control: no-cache
content-length: 18

14:57:10.357 [AsyncHttpClient-1-4] DEBUG org.asynchttpclient.netty.channel.ChannelManager - Adding key: http://localhost:52283 for channel [id: 0xe540e755, L:/127.0.0.1:65339 - R:localhost/127.0.0.1:52283]
14:57:10.359 [Forwarding isElementEnabled on session edd892c0046daf335fb8d82cdc26651c to remote] DEBUG org.asynchttpclient.netty.request.NettyRequestSender - Using pooled Channel '[id: 0xe540e755, L:/127.0.0.1:65339 - R:localhost/127.0.0.1:52283]' for 'GET' to 'http://localhost:52283/session/edd892c0046daf335fb8d82cdc26651c/element/e04bf1f8-7c08-4671-bd0d-c557616b9c50/enabled'
14:57:10.360 [Forwarding isElementEnabled on session edd892c0046daf335fb8d82cdc26651c to remote] DEBUG org.asynchttpclient.netty.request.NettyRequestSender - Using open Channel [id: 0xe540e755, L:/127.0.0.1:65339 - R:localhost/127.0.0.1:52283] for GET '/session/edd892c0046daf335fb8d82cdc26651c/element/e04bf1f8-7c08-4671-bd0d-c557616b9c50/enabled'
14:57:10.372 [AsyncHttpClient-1-4] DEBUG org.asynchttpclient.netty.handler.HttpHandler - 

Request DefaultFullHttpRequest(decodeResult: success, version: HTTP/1.1, content: EmptyByteBufBE)
GET /session/edd892c0046daf335fb8d82cdc26651c/element/e04bf1f8-7c08-4671-bd0d-c557616b9c50/enabled HTTP/1.1
User-Agent: selenium/4.1.2 (java windows)
Cache-Control: no-cache
Content-Type: application/json; charset=utf-8
host: localhost:52283
accept: */*

Response DefaultHttpResponse(decodeResult: success, version: HTTP/1.1)
HTTP/1.1 200 OK
Content-Type: application/json; charset=utf-8
cache-control: no-cache
content-length: 14

14:57:10.372 [AsyncHttpClient-1-4] DEBUG org.asynchttpclient.netty.channel.ChannelManager - Adding key: http://localhost:52283 for channel [id: 0xe540e755, L:/127.0.0.1:65339 - R:localhost/127.0.0.1:52283]
14:57:10.373 [Forwarding isElementEnabled on session edd892c0046daf335fb8d82cdc26651c to remote] DEBUG org.asynchttpclient.netty.request.NettyRequestSender - Using pooled Channel '[id: 0xe540e755, L:/127.0.0.1:65339 - R:localhost/127.0.0.1:52283]' for 'GET' to 'http://localhost:52283/session/edd892c0046daf335fb8d82cdc26651c/element/e04bf1f8-7c08-4671-bd0d-c557616b9c50/enabled'
14:57:10.373 [Forwarding isElementEnabled on session edd892c0046daf335fb8d82cdc26651c to remote] DEBUG org.asynchttpclient.netty.request.NettyRequestSender - Using open Channel [id: 0xe540e755, L:/127.0.0.1:65339 - R:localhost/127.0.0.1:52283] for GET '/session/edd892c0046daf335fb8d82cdc26651c/element/e04bf1f8-7c08-4671-bd0d-c557616b9c50/enabled'
14:57:10.379 [AsyncHttpClient-1-4] DEBUG org.asynchttpclient.netty.handler.HttpHandler - 

Request DefaultFullHttpRequest(decodeResult: success, version: HTTP/1.1, content: EmptyByteBufBE)
GET /session/edd892c0046daf335fb8d82cdc26651c/element/e04bf1f8-7c08-4671-bd0d-c557616b9c50/enabled HTTP/1.1
User-Agent: selenium/4.1.2 (java windows)
Cache-Control: no-cache
Content-Type: application/json; charset=utf-8
host: localhost:52283
accept: */*

Response DefaultHttpResponse(decodeResult: success, version: HTTP/1.1)
HTTP/1.1 200 OK
Content-Type: application/json; charset=utf-8
cache-control: no-cache
content-length: 14

14:57:10.379 [AsyncHttpClient-1-4] DEBUG org.asynchttpclient.netty.channel.ChannelManager - Adding key: http://localhost:52283 for channel [id: 0xe540e755, L:/127.0.0.1:65339 - R:localhost/127.0.0.1:52283]
14:57:10.383 [Forwarding findElement on session edd892c0046daf335fb8d82cdc26651c to remote] DEBUG org.asynchttpclient.netty.request.NettyRequestSender - Using pooled Channel '[id: 0xe540e755, L:/127.0.0.1:65339 - R:localhost/127.0.0.1:52283]' for 'POST' to 'http://localhost:52283/session/edd892c0046daf335fb8d82cdc26651c/element'
14:57:10.383 [Forwarding findElement on session edd892c0046daf335fb8d82cdc26651c to remote] DEBUG org.asynchttpclient.netty.request.NettyRequestSender - Using open Channel [id: 0xe540e755, L:/127.0.0.1:65339 - R:localhost/127.0.0.1:52283] for POST '/session/edd892c0046daf335fb8d82cdc26651c/element'
14:57:10.390 [AsyncHttpClient-1-4] DEBUG org.asynchttpclient.netty.handler.HttpHandler - 

Request DefaultHttpRequest(decodeResult: success, version: HTTP/1.1)
POST /session/edd892c0046daf335fb8d82cdc26651c/element HTTP/1.1
User-Agent: selenium/4.1.2 (java windows)
Content-Length: 136
Content-Type: application/json; charset=utf-8
host: localhost:52283
accept: */*

Response DefaultHttpResponse(decodeResult: success, version: HTTP/1.1)
HTTP/1.1 200 OK
Content-Type: application/json; charset=utf-8
cache-control: no-cache
content-length: 88

14:57:10.390 [AsyncHttpClient-1-4] DEBUG org.asynchttpclient.netty.channel.ChannelManager - Adding key: http://localhost:52283 for channel [id: 0xe540e755, L:/127.0.0.1:65339 - R:localhost/127.0.0.1:52283]
14:57:10.391 [Forwarding clickElement on session edd892c0046daf335fb8d82cdc26651c to remote] DEBUG org.asynchttpclient.netty.request.NettyRequestSender - Using pooled Channel '[id: 0xe540e755, L:/127.0.0.1:65339 - R:localhost/127.0.0.1:52283]' for 'POST' to 'http://localhost:52283/session/edd892c0046daf335fb8d82cdc26651c/element/e04bf1f8-7c08-4671-bd0d-c557616b9c50/click'
14:57:10.391 [Forwarding clickElement on session edd892c0046daf335fb8d82cdc26651c to remote] DEBUG org.asynchttpclient.netty.request.NettyRequestSender - Using open Channel [id: 0xe540e755, L:/127.0.0.1:65339 - R:localhost/127.0.0.1:52283] for POST '/session/edd892c0046daf335fb8d82cdc26651c/element/e04bf1f8-7c08-4671-bd0d-c557616b9c50/click'
14:57:10.439 [AsyncHttpClient-1-4] DEBUG org.asynchttpclient.netty.handler.HttpHandler - 

Request DefaultHttpRequest(decodeResult: success, version: HTTP/1.1)
POST /session/edd892c0046daf335fb8d82cdc26651c/element/e04bf1f8-7c08-4671-bd0d-c557616b9c50/click HTTP/1.1
User-Agent: selenium/4.1.2 (java windows)
Content-Length: 50
Content-Type: application/json; charset=utf-8
host: localhost:52283
accept: */*

Response DefaultHttpResponse(decodeResult: success, version: HTTP/1.1)
HTTP/1.1 200 OK
Content-Type: application/json; charset=utf-8
cache-control: no-cache
content-length: 14

14:57:10.439 [AsyncHttpClient-1-4] DEBUG org.asynchttpclient.netty.channel.ChannelManager - Adding key: http://localhost:52283 for channel [id: 0xe540e755, L:/127.0.0.1:65339 - R:localhost/127.0.0.1:52283]
14:57:10.444 [Forwarding screenshot on session edd892c0046daf335fb8d82cdc26651c to remote] DEBUG org.asynchttpclient.netty.request.NettyRequestSender - Using pooled Channel '[id: 0xe540e755, L:/127.0.0.1:65339 - R:localhost/127.0.0.1:52283]' for 'GET' to 'http://localhost:52283/session/edd892c0046daf335fb8d82cdc26651c/screenshot'
14:57:10.444 [Forwarding screenshot on session edd892c0046daf335fb8d82cdc26651c to remote] DEBUG org.asynchttpclient.netty.request.NettyRequestSender - Using open Channel [id: 0xe540e755, L:/127.0.0.1:65339 - R:localhost/127.0.0.1:52283] for GET '/session/edd892c0046daf335fb8d82cdc26651c/screenshot'
14:57:10.583 [AsyncHttpClient-1-4] DEBUG org.asynchttpclient.netty.handler.HttpHandler - 

Request DefaultFullHttpRequest(decodeResult: success, version: HTTP/1.1, content: EmptyByteBufBE)
GET /session/edd892c0046daf335fb8d82cdc26651c/screenshot HTTP/1.1
User-Agent: selenium/4.1.2 (java windows)
Cache-Control: no-cache
Content-Type: application/json; charset=utf-8
host: localhost:52283
accept: */*

Response DefaultHttpResponse(decodeResult: success, version: HTTP/1.1)
HTTP/1.1 200 OK
Content-Type: application/json; charset=utf-8
cache-control: no-cache
content-length: 30400

14:57:10.583 [AsyncHttpClient-1-4] DEBUG org.asynchttpclient.netty.channel.ChannelManager - Adding key: http://localhost:52283 for channel [id: 0xe540e755, L:/127.0.0.1:65339 - R:localhost/127.0.0.1:52283]
14:57:10.585 [main] DEBUG net.serenitybdd.core.photography.Darkroom - Send negative for processing for target\site\serenity\0b47d92859270c8234a43129f521d2f2152a5b73548848b1561c83435c483afb.png
14:57:10.585 [main] DEBUG net.thucydides.core.steps.StepInterceptor - STEP DONE: clickLoginButton
  &amp#27;[32mAnd &amp#27;[0m&amp#27;[32mI click login button&amp#27;[0m               &amp#27;[90m# Starter.StepDefinitions.OrderStep.clickLoginButton()&amp#27;[0m
14:57:10.585 [Darkroom Processing Line] DEBUG net.serenitybdd.core.photography.DarkroomProcessingLine - Processing screenshot image in /var/screenshots/screenshot-16459010584972912558
14:57:10.585 [Darkroom Processing Line] DEBUG net.serenitybdd.core.photography.DarkroomProcessingLine - Saving screenshot to target\site\serenity\0b47d92859270c8234a43129f521d2f2152a5b73548848b1561c83435c483afb.png
14:57:10.597 [main] DEBUG net.thucydides.core.steps.StepInterceptor - STARTING STEP: OrderStep.iClickButtonBuy - clickProductSatu
14:57:10.601 [Forwarding findElement on session edd892c0046daf335fb8d82cdc26651c to remote] DEBUG org.asynchttpclient.netty.request.NettyRequestSender - Using pooled Channel '[id: 0xe540e755, L:/127.0.0.1:65339 - R:localhost/127.0.0.1:52283]' for 'POST' to 'http://localhost:52283/session/edd892c0046daf335fb8d82cdc26651c/element'
14:57:10.601 [Forwarding findElement on session edd892c0046daf335fb8d82cdc26651c to remote] DEBUG org.asynchttpclient.netty.request.NettyRequestSender - Using open Channel [id: 0xe540e755, L:/127.0.0.1:65339 - R:localhost/127.0.0.1:52283] for POST '/session/edd892c0046daf335fb8d82cdc26651c/element'
14:57:10.906 [AsyncHttpClient-1-1] DEBUG org.asynchttpclient.netty.channel.DefaultChannelPool - Entry count for : http://localhost:65340 : 1
14:57:12.002 [AsyncHttpClient-1-1] DEBUG org.asynchttpclient.netty.channel.DefaultChannelPool - Entry count for : http://localhost:65340 : 1
14:57:12.096 [AsyncHttpClient-1-4] DEBUG org.asynchttpclient.netty.handler.HttpHandler - 

Request DefaultHttpRequest(decodeResult: success, version: HTTP/1.1)
POST /session/edd892c0046daf335fb8d82cdc26651c/element HTTP/1.1
User-Agent: selenium/4.1.2 (java windows)
Content-Length: 122
Content-Type: application/json; charset=utf-8
host: localhost:52283
accept: */*

Response DefaultHttpResponse(decodeResult: success, version: HTTP/1.1)
HTTP/1.1 200 OK
Content-Type: application/json; charset=utf-8
cache-control: no-cache
content-length: 88

14:57:12.096 [AsyncHttpClient-1-4] DEBUG org.asynchttpclient.netty.channel.ChannelManager - Adding key: http://localhost:52283 for channel [id: 0xe540e755, L:/127.0.0.1:65339 - R:localhost/127.0.0.1:52283]
14:57:12.100 [Forwarding getElementTagName on session edd892c0046daf335fb8d82cdc26651c to remote] DEBUG org.asynchttpclient.netty.request.NettyRequestSender - Using pooled Channel '[id: 0xe540e755, L:/127.0.0.1:65339 - R:localhost/127.0.0.1:52283]' for 'GET' to 'http://localhost:52283/session/edd892c0046daf335fb8d82cdc26651c/element/2e8e10a2-b7a1-48d1-baab-9630f7c543b1/name'
14:57:12.100 [Forwarding getElementTagName on session edd892c0046daf335fb8d82cdc26651c to remote] DEBUG org.asynchttpclient.netty.request.NettyRequestSender - Using open Channel [id: 0xe540e755, L:/127.0.0.1:65339 - R:localhost/127.0.0.1:52283] for GET '/session/edd892c0046daf335fb8d82cdc26651c/element/2e8e10a2-b7a1-48d1-baab-9630f7c543b1/name'
14:57:12.105 [AsyncHttpClient-1-4] DEBUG org.asynchttpclient.netty.handler.HttpHandler - 

Request DefaultFullHttpRequest(decodeResult: success, version: HTTP/1.1, content: EmptyByteBufBE)
GET /session/edd892c0046daf335fb8d82cdc26651c/element/2e8e10a2-b7a1-48d1-baab-9630f7c543b1/name HTTP/1.1
User-Agent: selenium/4.1.2 (java windows)
Cache-Control: no-cache
Content-Type: application/json; charset=utf-8
host: localhost:52283
accept: */*

Response DefaultHttpResponse(decodeResult: success, version: HTTP/1.1)
HTTP/1.1 200 OK
Content-Type: application/json; charset=utf-8
cache-control: no-cache
content-length: 16

14:57:12.105 [AsyncHttpClient-1-4] DEBUG org.asynchttpclient.netty.channel.ChannelManager - Adding key: http://localhost:52283 for channel [id: 0xe540e755, L:/127.0.0.1:65339 - R:localhost/127.0.0.1:52283]
14:57:12.107 [Forwarding getElementTagName on session edd892c0046daf335fb8d82cdc26651c to remote] DEBUG org.asynchttpclient.netty.request.NettyRequestSender - Using pooled Channel '[id: 0xe540e755, L:/127.0.0.1:65339 - R:localhost/127.0.0.1:52283]' for 'GET' to 'http://localhost:52283/session/edd892c0046daf335fb8d82cdc26651c/element/2e8e10a2-b7a1-48d1-baab-9630f7c543b1/name'
14:57:12.107 [Forwarding getElementTagName on session edd892c0046daf335fb8d82cdc26651c to remote] DEBUG org.asynchttpclient.netty.request.NettyRequestSender - Using open Channel [id: 0xe540e755, L:/127.0.0.1:65339 - R:localhost/127.0.0.1:52283] for GET '/session/edd892c0046daf335fb8d82cdc26651c/element/2e8e10a2-b7a1-48d1-baab-9630f7c543b1/name'
14:57:12.111 [AsyncHttpClient-1-4] DEBUG org.asynchttpclient.netty.handler.HttpHandler - 

Request DefaultFullHttpRequest(decodeResult: success, version: HTTP/1.1, content: EmptyByteBufBE)
GET /session/edd892c0046daf335fb8d82cdc26651c/element/2e8e10a2-b7a1-48d1-baab-9630f7c543b1/name HTTP/1.1
User-Agent: selenium/4.1.2 (java windows)
Cache-Control: no-cache
Content-Type: application/json; charset=utf-8
host: localhost:52283
accept: */*

Response DefaultHttpResponse(decodeResult: success, version: HTTP/1.1)
HTTP/1.1 200 OK
Content-Type: application/json; charset=utf-8
cache-control: no-cache
content-length: 16

14:57:12.111 [AsyncHttpClient-1-4] DEBUG org.asynchttpclient.netty.channel.ChannelManager - Adding key: http://localhost:52283 for channel [id: 0xe540e755, L:/127.0.0.1:65339 - R:localhost/127.0.0.1:52283]
14:57:12.113 [Forwarding findElement on session edd892c0046daf335fb8d82cdc26651c to remote] DEBUG org.asynchttpclient.netty.request.NettyRequestSender - Using pooled Channel '[id: 0xe540e755, L:/127.0.0.1:65339 - R:localhost/127.0.0.1:52283]' for 'POST' to 'http://localhost:52283/session/edd892c0046daf335fb8d82cdc26651c/element'
14:57:12.113 [Forwarding findElement on session edd892c0046daf335fb8d82cdc26651c to remote] DEBUG org.asynchttpclient.netty.request.NettyRequestSender - Using open Channel [id: 0xe540e755, L:/127.0.0.1:65339 - R:localhost/127.0.0.1:52283] for POST '/session/edd892c0046daf335fb8d82cdc26651c/element'
14:57:12.123 [AsyncHttpClient-1-4] DEBUG org.asynchttpclient.netty.handler.HttpHandler - 

Request DefaultHttpRequest(decodeResult: success, version: HTTP/1.1)
POST /session/edd892c0046daf335fb8d82cdc26651c/element HTTP/1.1
User-Agent: selenium/4.1.2 (java windows)
Content-Length: 122
Content-Type: application/json; charset=utf-8
host: localhost:52283
accept: */*

Response DefaultHttpResponse(decodeResult: success, version: HTTP/1.1)
HTTP/1.1 200 OK
Content-Type: application/json; charset=utf-8
cache-control: no-cache
content-length: 88

14:57:12.123 [AsyncHttpClient-1-4] DEBUG org.asynchttpclient.netty.channel.ChannelManager - Adding key: http://localhost:52283 for channel [id: 0xe540e755, L:/127.0.0.1:65339 - R:localhost/127.0.0.1:52283]
14:57:12.124 [Forwarding clickElement on session edd892c0046daf335fb8d82cdc26651c to remote] DEBUG org.asynchttpclient.netty.request.NettyRequestSender - Using pooled Channel '[id: 0xe540e755, L:/127.0.0.1:65339 - R:localhost/127.0.0.1:52283]' for 'POST' to 'http://localhost:52283/session/edd892c0046daf335fb8d82cdc26651c/element/2e8e10a2-b7a1-48d1-baab-9630f7c543b1/click'
14:57:12.124 [Forwarding clickElement on session edd892c0046daf335fb8d82cdc26651c to remote] DEBUG org.asynchttpclient.netty.request.NettyRequestSender - Using open Channel [id: 0xe540e755, L:/127.0.0.1:65339 - R:localhost/127.0.0.1:52283] for POST '/session/edd892c0046daf335fb8d82cdc26651c/element/2e8e10a2-b7a1-48d1-baab-9630f7c543b1/click'
14:57:12.191 [AsyncHttpClient-1-4] DEBUG org.asynchttpclient.netty.handler.HttpHandler - 

Request DefaultHttpRequest(decodeResult: success, version: HTTP/1.1)
POST /session/edd892c0046daf335fb8d82cdc26651c/element/2e8e10a2-b7a1-48d1-baab-9630f7c543b1/click HTTP/1.1
User-Agent: selenium/4.1.2 (java windows)
Content-Length: 50
Content-Type: application/json; charset=utf-8
host: localhost:52283
accept: */*

Response DefaultHttpResponse(decodeResult: success, version: HTTP/1.1)
HTTP/1.1 200 OK
Content-Type: application/json; charset=utf-8
cache-control: no-cache
content-length: 14

14:57:12.192 [AsyncHttpClient-1-4] DEBUG org.asynchttpclient.netty.channel.ChannelManager - Adding key: http://localhost:52283 for channel [id: 0xe540e755, L:/127.0.0.1:65339 - R:localhost/127.0.0.1:52283]
14:57:12.203 [Forwarding screenshot on session edd892c0046daf335fb8d82cdc26651c to remote] DEBUG org.asynchttpclient.netty.request.NettyRequestSender - Using pooled Channel '[id: 0xe540e755, L:/127.0.0.1:65339 - R:localhost/127.0.0.1:52283]' for 'GET' to 'http://localhost:52283/session/edd892c0046daf335fb8d82cdc26651c/screenshot'
14:57:12.203 [Forwarding screenshot on session edd892c0046daf335fb8d82cdc26651c to remote] DEBUG org.asynchttpclient.netty.request.NettyRequestSender - Using open Channel [id: 0xe540e755, L:/127.0.0.1:65339 - R:localhost/127.0.0.1:52283] for GET '/session/edd892c0046daf335fb8d82cdc26651c/screenshot'
14:57:12.345 [AsyncHttpClient-1-4] DEBUG org.asynchttpclient.netty.handler.HttpHandler - 

Request DefaultFullHttpRequest(decodeResult: success, version: HTTP/1.1, content: EmptyByteBufBE)
GET /session/edd892c0046daf335fb8d82cdc26651c/screenshot HTTP/1.1
User-Agent: selenium/4.1.2 (java windows)
Cache-Control: no-cache
Content-Type: application/json; charset=utf-8
host: localhost:52283
accept: */*

Response DefaultHttpResponse(decodeResult: success, version: HTTP/1.1)
HTTP/1.1 200 OK
Content-Type: application/json; charset=utf-8
cache-control: no-cache
content-length: 82440

14:57:12.346 [AsyncHttpClient-1-4] DEBUG org.asynchttpclient.netty.channel.ChannelManager - Adding key: http://localhost:52283 for channel [id: 0xe540e755, L:/127.0.0.1:65339 - R:localhost/127.0.0.1:52283]
14:57:12.350 [main] DEBUG net.serenitybdd.core.photography.Darkroom - Send negative for processing for target\site\serenity\21677e421a8198d4459661fec246ebbe3009a994106621da5b115adae4043c58.png
14:57:12.351 [Darkroom Processing Line] DEBUG net.serenitybdd.core.photography.DarkroomProcessingLine - Processing screenshot image in /var/screenshots/screenshot-15294520338033514943
14:57:12.351 [main] DEBUG net.thucydides.core.steps.StepInterceptor - STEP DONE: clickProductSatu
14:57:12.351 [Darkroom Processing Line] DEBUG net.serenitybdd.core.photography.DarkroomProcessingLine - Saving screenshot to target\site\serenity\21677e421a8198d4459661fec246ebbe3009a994106621da5b115adae4043c58.png
  &amp#27;[32mAnd &amp#27;[0m&amp#27;[32mI choose buy product&amp#27;[0m               &amp#27;[90m# Starter.StepDefinitions.OrderStep.iClickButtonBuy()&amp#27;[0m
14:57:12.370 [main] DEBUG net.thucydides.core.steps.StepInterceptor - STARTING STEP: OrderStep.clickButtonCart - clickButtonCart
14:57:12.372 [Forwarding findElement on session edd892c0046daf335fb8d82cdc26651c to remote] DEBUG org.asynchttpclient.netty.request.NettyRequestSender - Using pooled Channel '[id: 0xe540e755, L:/127.0.0.1:65339 - R:localhost/127.0.0.1:52283]' for 'POST' to 'http://localhost:52283/session/edd892c0046daf335fb8d82cdc26651c/element'
14:57:12.372 [Forwarding findElement on session edd892c0046daf335fb8d82cdc26651c to remote] DEBUG org.asynchttpclient.netty.request.NettyRequestSender - Using open Channel [id: 0xe540e755, L:/127.0.0.1:65339 - R:localhost/127.0.0.1:52283] for POST '/session/edd892c0046daf335fb8d82cdc26651c/element'
14:57:12.390 [AsyncHttpClient-1-4] DEBUG org.asynchttpclient.netty.handler.HttpHandler - 

Request DefaultHttpRequest(decodeResult: success, version: HTTP/1.1)
POST /session/edd892c0046daf335fb8d82cdc26651c/element HTTP/1.1
User-Agent: selenium/4.1.2 (java windows)
Content-Length: 127
Content-Type: application/json; charset=utf-8
host: localhost:52283
accept: */*

Response DefaultHttpResponse(decodeResult: success, version: HTTP/1.1)
HTTP/1.1 200 OK
Content-Type: application/json; charset=utf-8
cache-control: no-cache
content-length: 88

14:57:12.390 [AsyncHttpClient-1-4] DEBUG org.asynchttpclient.netty.channel.ChannelManager - Adding key: http://localhost:52283 for channel [id: 0xe540e755, L:/127.0.0.1:65339 - R:localhost/127.0.0.1:52283]
14:57:12.391 [Forwarding getElementTagName on session edd892c0046daf335fb8d82cdc26651c to remote] DEBUG org.asynchttpclient.netty.request.NettyRequestSender - Using pooled Channel '[id: 0xe540e755, L:/127.0.0.1:65339 - R:localhost/127.0.0.1:52283]' for 'GET' to 'http://localhost:52283/session/edd892c0046daf335fb8d82cdc26651c/element/535e3cea-f84a-4fdc-baa8-ee02c3cfdae5/name'
14:57:12.391 [Forwarding getElementTagName on session edd892c0046daf335fb8d82cdc26651c to remote] DEBUG org.asynchttpclient.netty.request.NettyRequestSender - Using open Channel [id: 0xe540e755, L:/127.0.0.1:65339 - R:localhost/127.0.0.1:52283] for GET '/session/edd892c0046daf335fb8d82cdc26651c/element/535e3cea-f84a-4fdc-baa8-ee02c3cfdae5/name'
14:57:12.394 [AsyncHttpClient-1-4] DEBUG org.asynchttpclient.netty.handler.HttpHandler - 

Request DefaultFullHttpRequest(decodeResult: success, version: HTTP/1.1, content: EmptyByteBufBE)
GET /session/edd892c0046daf335fb8d82cdc26651c/element/535e3cea-f84a-4fdc-baa8-ee02c3cfdae5/name HTTP/1.1
User-Agent: selenium/4.1.2 (java windows)
Cache-Control: no-cache
Content-Type: application/json; charset=utf-8
host: localhost:52283
accept: */*

Response DefaultHttpResponse(decodeResult: success, version: HTTP/1.1)
HTTP/1.1 200 OK
Content-Type: application/json; charset=utf-8
cache-control: no-cache
content-length: 16

14:57:12.394 [AsyncHttpClient-1-4] DEBUG org.asynchttpclient.netty.channel.ChannelManager - Adding key: http://localhost:52283 for channel [id: 0xe540e755, L:/127.0.0.1:65339 - R:localhost/127.0.0.1:52283]
14:57:12.395 [Forwarding getElementTagName on session edd892c0046daf335fb8d82cdc26651c to remote] DEBUG org.asynchttpclient.netty.request.NettyRequestSender - Using pooled Channel '[id: 0xe540e755, L:/127.0.0.1:65339 - R:localhost/127.0.0.1:52283]' for 'GET' to 'http://localhost:52283/session/edd892c0046daf335fb8d82cdc26651c/element/535e3cea-f84a-4fdc-baa8-ee02c3cfdae5/name'
14:57:12.395 [Forwarding getElementTagName on session edd892c0046daf335fb8d82cdc26651c to remote] DEBUG org.asynchttpclient.netty.request.NettyRequestSender - Using open Channel [id: 0xe540e755, L:/127.0.0.1:65339 - R:localhost/127.0.0.1:52283] for GET '/session/edd892c0046daf335fb8d82cdc26651c/element/535e3cea-f84a-4fdc-baa8-ee02c3cfdae5/name'
14:57:12.400 [AsyncHttpClient-1-4] DEBUG org.asynchttpclient.netty.handler.HttpHandler - 

Request DefaultFullHttpRequest(decodeResult: success, version: HTTP/1.1, content: EmptyByteBufBE)
GET /session/edd892c0046daf335fb8d82cdc26651c/element/535e3cea-f84a-4fdc-baa8-ee02c3cfdae5/name HTTP/1.1
User-Agent: selenium/4.1.2 (java windows)
Cache-Control: no-cache
Content-Type: application/json; charset=utf-8
host: localhost:52283
accept: */*

Response DefaultHttpResponse(decodeResult: success, version: HTTP/1.1)
HTTP/1.1 200 OK
Content-Type: application/json; charset=utf-8
cache-control: no-cache
content-length: 16

14:57:12.401 [AsyncHttpClient-1-4] DEBUG org.asynchttpclient.netty.channel.ChannelManager - Adding key: http://localhost:52283 for channel [id: 0xe540e755, L:/127.0.0.1:65339 - R:localhost/127.0.0.1:52283]
14:57:12.402 [Forwarding findElement on session edd892c0046daf335fb8d82cdc26651c to remote] DEBUG org.asynchttpclient.netty.request.NettyRequestSender - Using pooled Channel '[id: 0xe540e755, L:/127.0.0.1:65339 - R:localhost/127.0.0.1:52283]' for 'POST' to 'http://localhost:52283/session/edd892c0046daf335fb8d82cdc26651c/element'
14:57:12.402 [Forwarding findElement on session edd892c0046daf335fb8d82cdc26651c to remote] DEBUG org.asynchttpclient.netty.request.NettyRequestSender - Using open Channel [id: 0xe540e755, L:/127.0.0.1:65339 - R:localhost/127.0.0.1:52283] for POST '/session/edd892c0046daf335fb8d82cdc26651c/element'
14:57:12.409 [AsyncHttpClient-1-4] DEBUG org.asynchttpclient.netty.handler.HttpHandler - 

Request DefaultHttpRequest(decodeResult: success, version: HTTP/1.1)
POST /session/edd892c0046daf335fb8d82cdc26651c/element HTTP/1.1
User-Agent: selenium/4.1.2 (java windows)
Content-Length: 127
Content-Type: application/json; charset=utf-8
host: localhost:52283
accept: */*

Response DefaultHttpResponse(decodeResult: success, version: HTTP/1.1)
HTTP/1.1 200 OK
Content-Type: application/json; charset=utf-8
cache-control: no-cache
content-length: 88

14:57:12.409 [AsyncHttpClient-1-4] DEBUG org.asynchttpclient.netty.channel.ChannelManager - Adding key: http://localhost:52283 for channel [id: 0xe540e755, L:/127.0.0.1:65339 - R:localhost/127.0.0.1:52283]
14:57:12.410 [Forwarding clickElement on session edd892c0046daf335fb8d82cdc26651c to remote] DEBUG org.asynchttpclient.netty.request.NettyRequestSender - Using pooled Channel '[id: 0xe540e755, L:/127.0.0.1:65339 - R:localhost/127.0.0.1:52283]' for 'POST' to 'http://localhost:52283/session/edd892c0046daf335fb8d82cdc26651c/element/535e3cea-f84a-4fdc-baa8-ee02c3cfdae5/click'
14:57:12.410 [Forwarding clickElement on session edd892c0046daf335fb8d82cdc26651c to remote] DEBUG org.asynchttpclient.netty.request.NettyRequestSender - Using open Channel [id: 0xe540e755, L:/127.0.0.1:65339 - R:localhost/127.0.0.1:52283] for POST '/session/edd892c0046daf335fb8d82cdc26651c/element/535e3cea-f84a-4fdc-baa8-ee02c3cfdae5/click'
14:57:12.441 [AsyncHttpClient-1-4] DEBUG org.asynchttpclient.netty.handler.HttpHandler - 

Request DefaultHttpRequest(decodeResult: success, version: HTTP/1.1)
POST /session/edd892c0046daf335fb8d82cdc26651c/element/535e3cea-f84a-4fdc-baa8-ee02c3cfdae5/click HTTP/1.1
User-Agent: selenium/4.1.2 (java windows)
Content-Length: 50
Content-Type: application/json; charset=utf-8
host: localhost:52283
accept: */*

Response DefaultHttpResponse(decodeResult: success, version: HTTP/1.1)
HTTP/1.1 200 OK
Content-Type: application/json; charset=utf-8
cache-control: no-cache
content-length: 14

14:57:12.442 [AsyncHttpClient-1-4] DEBUG org.asynchttpclient.netty.channel.ChannelManager - Adding key: http://localhost:52283 for channel [id: 0xe540e755, L:/127.0.0.1:65339 - R:localhost/127.0.0.1:52283]
14:57:12.448 [Forwarding screenshot on session edd892c0046daf335fb8d82cdc26651c to remote] DEBUG org.asynchttpclient.netty.request.NettyRequestSender - Using pooled Channel '[id: 0xe540e755, L:/127.0.0.1:65339 - R:localhost/127.0.0.1:52283]' for 'GET' to 'http://localhost:52283/session/edd892c0046daf335fb8d82cdc26651c/screenshot'
14:57:12.448 [Forwarding screenshot on session edd892c0046daf335fb8d82cdc26651c to remote] DEBUG org.asynchttpclient.netty.request.NettyRequestSender - Using open Channel [id: 0xe540e755, L:/127.0.0.1:65339 - R:localhost/127.0.0.1:52283] for GET '/session/edd892c0046daf335fb8d82cdc26651c/screenshot'
14:57:12.707 [AsyncHttpClient-1-4] DEBUG org.asynchttpclient.netty.handler.HttpHandler - 

Request DefaultFullHttpRequest(decodeResult: success, version: HTTP/1.1, content: EmptyByteBufBE)
GET /session/edd892c0046daf335fb8d82cdc26651c/screenshot HTTP/1.1
User-Agent: selenium/4.1.2 (java windows)
Cache-Control: no-cache
Content-Type: application/json; charset=utf-8
host: localhost:52283
accept: */*

Response DefaultHttpResponse(decodeResult: success, version: HTTP/1.1)
HTTP/1.1 200 OK
Content-Type: application/json; charset=utf-8
cache-control: no-cache
content-length: 33212

14:57:12.707 [AsyncHttpClient-1-4] DEBUG org.asynchttpclient.netty.channel.ChannelManager - Adding key: http://localhost:52283 for channel [id: 0xe540e755, L:/127.0.0.1:65339 - R:localhost/127.0.0.1:52283]
14:57:12.709 [main] DEBUG net.serenitybdd.core.photography.Darkroom - Send negative for processing for target\site\serenity\c3583806810e548053c12a4d86f2fe24a5001f1f47d491246bd65a7605cef4d4.png
14:57:12.709 [main] DEBUG net.thucydides.core.steps.StepInterceptor - STEP DONE: clickButtonCart
  &amp#27;[32mWhen &amp#27;[0m&amp#27;[32mI click button cart&amp#27;[0m               &amp#27;[90m# Starter.StepDefinitions.OrderStep.clickButtonCart()&amp#27;[0m
14:57:12.709 [Darkroom Processing Line] DEBUG net.serenitybdd.core.photography.DarkroomProcessingLine - Processing screenshot image in /var/screenshots/screenshot-15525020850054501528
14:57:12.709 [Darkroom Processing Line] DEBUG net.serenitybdd.core.photography.DarkroomProcessingLine - Saving screenshot to target\site\serenity\c3583806810e548053c12a4d86f2fe24a5001f1f47d491246bd65a7605cef4d4.png
14:57:12.718 [AsyncHttpClient-1-6] DEBUG org.asynchttpclient.netty.handler.WebSocketHandler - Channel Closed: [id: 0xef1d291d, L:/127.0.0.1:65347 ! R:localhost/127.0.0.1:65340] with attribute NettyResponseFuture{currentRetry=5,
	isDone=1,
	isCancelled=0,
	asyncHandler=org.asynchttpclient.ws.WebSocketUpgradeHandler@542bb86,
	nettyRequest=org.asynchttpclient.netty.request.NettyRequest@5403333b,
	future=java.util.concurrent.CompletableFuture@110dc240[Completed normally],
	uri=ws://localhost:65340/devtools/browser/9513bab7-86fe-473e-a34a-74da1c241295,
	keepAlive=true,
	redirectCount=0,
	timeoutsHolder=null,
	inAuth=0,
	touch=1652687828573}
14:57:12.719 [AsyncHttpClient-1-6] DEBUG org.asynchttpclient.netty.channel.ChannelManager - Closing Channel [id: 0xef1d291d, L:/127.0.0.1:65347 ! R:localhost/127.0.0.1:65340] 
14:57:12.719 [Driver Command Executor] DEBUG org.asynchttpclient.netty.request.NettyRequestSender - Using pooled Channel '[id: 0xe540e755, L:/127.0.0.1:65339 - R:localhost/127.0.0.1:52283]' for 'DELETE' to 'http://localhost:52283/session/edd892c0046daf335fb8d82cdc26651c'
14:57:12.719 [Driver Command Executor] DEBUG org.asynchttpclient.netty.request.NettyRequestSender - Using open Channel [id: 0xe540e755, L:/127.0.0.1:65339 - R:localhost/127.0.0.1:52283] for DELETE '/session/edd892c0046daf335fb8d82cdc26651c'
14:57:12.777 [AsyncHttpClient-1-5] DEBUG org.asynchttpclient.netty.handler.HttpHandler - Unexpected I/O exception on channel [id: 0x180f59a3, L:/127.0.0.1:65346 - R:localhost/127.0.0.1:65340]
java.net.SocketException: Connection reset
	at java.base/sun.nio.ch.SocketChannelImpl.throwConnectionReset(SocketChannelImpl.java:367)
	at java.base/sun.nio.ch.SocketChannelImpl.read(SocketChannelImpl.java:398)
	at io.netty.buffer.PooledByteBuf.setBytes(PooledByteBuf.java:258)
	at io.netty.buffer.AbstractByteBuf.writeBytes(AbstractByteBuf.java:1132)
	at io.netty.channel.socket.nio.NioSocketChannel.doReadBytes(NioSocketChannel.java:350)
	at io.netty.channel.nio.AbstractNioByteChannel$NioByteUnsafe.read(AbstractNioByteChannel.java:151)
	at io.netty.channel.nio.NioEventLoop.processSelectedKey(NioEventLoop.java:722)
	at io.netty.channel.nio.NioEventLoop.processSelectedKeysOptimized(NioEventLoop.java:658)
	at io.netty.channel.nio.NioEventLoop.processSelectedKeys(NioEventLoop.java:584)
	at io.netty.channel.nio.NioEventLoop.run(NioEventLoop.java:496)
	at io.netty.util.concurrent.SingleThreadEventExecutor$4.run(SingleThreadEventExecutor.java:986)
	at io.netty.util.internal.ThreadExecutorMap$2.run(ThreadExecutorMap.java:74)
	at io.netty.util.concurrent.FastThreadLocalRunnable.run(FastThreadLocalRunnable.java:30)
	at java.base/java.lang.Thread.run(Thread.java:832)
14:57:12.778 [AsyncHttpClient-1-5] DEBUG org.asynchttpclient.netty.channel.ChannelManager - Closing Channel [id: 0x180f59a3, L:/127.0.0.1:65346 - R:localhost/127.0.0.1:65340] 
14:57:12.778 [AsyncHttpClient-1-5] DEBUG org.asynchttpclient.netty.handler.HttpHandler - Channel Closed: [id: 0x180f59a3, L:/127.0.0.1:65346 ! R:localhost/127.0.0.1:65340] with attribute DISCARD
14:57:12.827 [AsyncHttpClient-1-4] DEBUG org.asynchttpclient.netty.handler.HttpHandler - 

Request DefaultFullHttpRequest(decodeResult: success, version: HTTP/1.1, content: EmptyByteBufBE)
DELETE /session/edd892c0046daf335fb8d82cdc26651c HTTP/1.1
User-Agent: selenium/4.1.2 (java windows)
Content-Type: application/json; charset=utf-8
host: localhost:52283
accept: */*

Response DefaultHttpResponse(decodeResult: success, version: HTTP/1.1)
HTTP/1.1 200 OK
Content-Type: application/json; charset=utf-8
cache-control: no-cache
content-length: 14

14:57:12.828 [AsyncHttpClient-1-4] DEBUG org.asynchttpclient.netty.channel.ChannelManager - Adding key: http://localhost:52283 for channel [id: 0xe540e755, L:/127.0.0.1:65339 - R:localhost/127.0.0.1:52283]
14:57:12.901 [AsyncHttpClient-1-4] DEBUG org.asynchttpclient.netty.handler.HttpHandler - Channel Closed: [id: 0xe540e755, L:/127.0.0.1:65339 ! R:localhost/127.0.0.1:52283] with attribute DISCARD
14:57:13.102 [AsyncHttpClient-1-1] DEBUG org.asynchttpclient.netty.channel.DefaultChannelPool - Entry count for : http://localhost:52283 : 1
14:57:13.102 [AsyncHttpClient-1-1] DEBUG org.asynchttpclient.netty.channel.DefaultChannelPool - Entry count for : http://localhost:65340 : 1
14:57:13.102 [AsyncHttpClient-1-1] DEBUG org.asynchttpclient.netty.channel.DefaultChannelPool - Adding Candidate expired Channel [id: 0xe540e755, L:/127.0.0.1:65339 ! R:localhost/127.0.0.1:52283] isIdleTimeoutExpired=false isRemotelyClosed=true isTtlExpired=false
14:57:13.102 [AsyncHttpClient-1-1] DEBUG org.asynchttpclient.netty.channel.DefaultChannelPool - Closing Idle Channel [id: 0xe540e755, L:/127.0.0.1:65339 ! R:localhost/127.0.0.1:52283]
14:57:13.102 [AsyncHttpClient-1-1] DEBUG org.asynchttpclient.netty.channel.DefaultChannelPool - Adding Candidate expired Channel [id: 0x180f59a3, L:/127.0.0.1:65346 ! R:localhost/127.0.0.1:65340] isIdleTimeoutExpired=false isRemotelyClosed=true isTtlExpired=false
14:57:13.102 [AsyncHttpClient-1-1] DEBUG org.asynchttpclient.netty.channel.DefaultChannelPool - Closing Idle Channel [id: 0x180f59a3, L:/127.0.0.1:65346 ! R:localhost/127.0.0.1:65340]
14:57:13.102 [AsyncHttpClient-1-1] DEBUG org.asynchttpclient.netty.channel.DefaultChannelPool - Closed 2 connections out of 2 in 0 ms
14:57:13.423 [main] INFO  - 
  _____   ___   ___   _____     ___     _     ___   ___   ___   ___  
 |_   _| | __| / __| |_   _|   | _ \   /_\   / __| / __| | __| |   \ 
   | |   | _|  \__ \   | |     |  _/  / _ \  \__ \ \__ \ | _|  | |) |
   |_|   |___| |___/   |_|     |_|   /_/ \_\ |___/ |___/ |___| |___/ 

Preparation Order
----------------------------------------------------------------------
]]></system-out>
    <system-err><![CDATA[Starting ChromeDriver 101.0.4951.41 (93c720db8323b3ec10d056025ab95c23a31997c9-refs/branch-heads/4951@{#904}) on port 52283
Only local connections are allowed.
Please see https://chromedriver.chromium.org/security-considerations for suggestions on keeping ChromeDriver safe.
ChromeDriver was started successfully.
May 16, 2022 2:57:08 PM org.openqa.selenium.remote.ProtocolHandshake createSession
INFO: Detected dialect: W3C
May 16, 2022 2:57:08 PM org.openqa.selenium.devtools.CdpVersionFinder findNearestMatch
WARNING: Unable to find an exact match for CDP version 101, so returning the closest version found: 97
May 16, 2022 2:57:08 PM org.openqa.selenium.devtools.CdpVersionFinder findNearestMatch
INFO: Found CDP implementation for version 101 of 97
]]></system-err>
  </testcase>
  <testcase name="Add amount order Product" classname="Order" time="0.06">
    <system-out><![CDATA[
@Order
Scenario: Add amount order Product &amp#27;[90m# src/test/resources/features/Order.feature:19&amp#27;[0m
14:57:13.436 [main] INFO io.cucumber.core.plugin.SerenityReporter - Running feature from file:///D:/data%20hakim/Mini%20Project%20Alterra/WebAlta/src/test/resources/features/Order.feature
14:57:13.439 [main] INFO  - 
  _____   ___   ___   _____     ___   _____     _     ___   _____   ___   ___  
 |_   _| | __| / __| |_   _|   / __| |_   _|   /_\   | _ \ |_   _| | __| |   \ 
   | |   | _|  \__ \   | |     \__ \   | |    / _ \  |   /   | |   | _|  | |) |
   |_|   |___| |___/   |_|     |___/   |_|   /_/ \_\ |_|_\   |_|   |___| |___/ 

Add amount order Product(order;add-amount-order-product)
--------------------------------------------------------------------------------
14:57:13.470 [main] DEBUG net.thucydides.core.steps.StepInterceptor - STARTING STEP: OrderStep.iClickButtonPlus - clickAddQuantity
14:57:13.476 [main] DEBUG net.thucydides.core.steps.StepInterceptor - STEP DONE: clickAddQuantity
  &amp#27;[32mAnd &amp#27;[0m&amp#27;[32mI click button plus&amp#27;[0m          &amp#27;[90m# Starter.StepDefinitions.OrderStep.iClickButtonPlus()&amp#27;[0m
14:57:13.481 [main] DEBUG net.thucydides.core.steps.StepInterceptor - STARTING STEP: OrderStep.iGetAddAmountOrder - validateQuantity
14:57:13.483 [main] DEBUG net.thucydides.core.steps.StepInterceptor - STEP DONE: validateQuantity
  &amp#27;[32mThen &amp#27;[0m&amp#27;[32mI get add amount order&amp#27;[0m      &amp#27;[90m# Starter.StepDefinitions.OrderStep.iGetAddAmountOrder()&amp#27;[0m
14:57:13.486 [main] INFO  - 
  _____   ___   ___   _____     ___     _     ___   ___   ___   ___  
 |_   _| | __| / __| |_   _|   | _ \   /_\   / __| / __| | __| |   \ 
   | |   | _|  \__ \   | |     |  _/  / _ \  \__ \ \__ \ | _|  | |) |
   |_|   |___| |___/   |_|     |_|   /_/ \_\ |___/ |___/ |___| |___/ 

Add amount order Product
----------------------------------------------------------------------
]]></system-out>
  </testcase>
  <testcase name="Minus amount order Product" classname="Order" time="0.04">
    <system-out><![CDATA[
@Order
Scenario: Minus amount order Product &amp#27;[90m# src/test/resources/features/Order.feature:23&amp#27;[0m
14:57:13.492 [main] INFO io.cucumber.core.plugin.SerenityReporter - Running feature from file:///D:/data%20hakim/Mini%20Project%20Alterra/WebAlta/src/test/resources/features/Order.feature
14:57:13.493 [main] INFO  - 
  _____   ___   ___   _____     ___   _____     _     ___   _____   ___   ___  
 |_   _| | __| / __| |_   _|   / __| |_   _|   /_\   | _ \ |_   _| | __| |   \ 
   | |   | _|  \__ \   | |     \__ \   | |    / _ \  |   /   | |   | _|  | |) |
   |_|   |___| |___/   |_|     |___/   |_|   /_/ \_\ |_|_\   |_|   |___| |___/ 

Minus amount order Product(order;minus-amount-order-product)
--------------------------------------------------------------------------------
14:57:13.515 [main] DEBUG net.thucydides.core.steps.StepInterceptor - STARTING STEP: OrderStep.iClickButtonMinus - clickMinusQuantity
14:57:13.519 [main] DEBUG net.thucydides.core.steps.StepInterceptor - STEP DONE: clickMinusQuantity
14:57:13.520 [main] DEBUG net.thucydides.core.steps.StepInterceptor - STARTING STEP: OrderStep.iClickButtonMinus - emptyTextEqual
14:57:13.521 [main] DEBUG net.thucydides.core.steps.StepInterceptor - STEP DONE: emptyTextEqual
  &amp#27;[32mAnd &amp#27;[0m&amp#27;[32mI click button minus&amp#27;[0m           &amp#27;[90m# Starter.StepDefinitions.OrderStep.iClickButtonMinus()&amp#27;[0m
14:57:13.523 [main] DEBUG net.thucydides.core.steps.StepInterceptor - STARTING STEP: OrderStep.iGetMinusAmountOrder - validateQuantity
14:57:13.524 [main] DEBUG net.thucydides.core.steps.StepInterceptor - STEP DONE: validateQuantity
14:57:13.525 [main] DEBUG net.thucydides.core.steps.StepInterceptor - STARTING STEP: OrderStep.iGetMinusAmountOrder - amountTextEqual
14:57:13.525 [main] DEBUG net.thucydides.core.steps.StepInterceptor - STEP DONE: amountTextEqual
  &amp#27;[32mThen &amp#27;[0m&amp#27;[32mI get minus amount order&amp#27;[0m      &amp#27;[90m# Starter.StepDefinitions.OrderStep.iGetMinusAmountOrder()&amp#27;[0m
14:57:13.526 [main] INFO  - 
  _____   ___   ___   _____     ___     _     ___   ___   ___   ___  
 |_   _| | __| / __| |_   _|   | _ \   /_\   / __| / __| | __| |   \ 
   | |   | _|  \__ \   | |     |  _/  / _ \  \__ \ \__ \ | _|  | |) |
   |_|   |___| |___/   |_|     |_|   /_/ \_\ |___/ |___/ |___| |___/ 

Minus amount order Product
----------------------------------------------------------------------
]]></system-out>
  </testcase>
  <testcase name="See Product AltaShop" classname="Product" time="5.392">
    <system-out><![CDATA[14:57:13.527 [main] INFO io.cucumber.core.plugin.SerenityReporter - Running feature from file:///D:/data%20hakim/Mini%20Project%20Alterra/WebAlta/src/test/resources/features/Product.feature
14:57:13.532 [main] DEBUG net.thucydides.core.steps.StepEventBus - Test suite started for story net.thucydides.core.model.Story@fdbc81c8
14:57:13.532 [main] INFO  - Test Suite Started: Product

@Product
Scenario: See Product AltaShop        &amp#27;[90m# src/test/resources/features/Product.feature:7&amp#27;[0m
14:57:13.539 [main] INFO io.cucumber.core.plugin.SerenityReporter - Running feature from file:///D:/data%20hakim/Mini%20Project%20Alterra/WebAlta/src/test/resources/features/Product.feature
14:57:13.540 [main] INFO  - 
  _____   ___   ___   _____     ___   _____     _     ___   _____   ___   ___  
 |_   _| | __| / __| |_   _|   / __| |_   _|   /_\   | _ \ |_   _| | __| |   \ 
   | |   | _|  \__ \   | |     \__ \   | |    / _ \  |   /   | |   | _|  | |) |
   |_|   |___| |___/   |_|     |___/   |_|   /_/ \_\ |_|_\   |_|   |___| |___/ 

See Product AltaShop(product;see-product-altashop)
--------------------------------------------------------------------------------
14:57:13.611 [main] INFO net.serenitybdd.core.webdriver.driverproviders.ChromeDriverProvider - Using automatically driver download
14:57:13.702 [main] DEBUG io.github.bonigarcia.wdm.cache.ResolutionCache - Resolution chrome=101 in cache (valid until 15:32:06 16/05/2022 WIB)
14:57:13.705 [main] DEBUG io.github.bonigarcia.wdm.cache.ResolutionCache - Resolution chrome101=101.0.4951.41 in cache (valid until 14:32:06 17/05/2022 WIB)
14:57:13.706 [main] INFO io.github.bonigarcia.wdm.WebDriverManager - Using chromedriver 101.0.4951.41 (resolved driver for Chrome 101)
14:57:13.714 [main] DEBUG io.github.bonigarcia.wdm.WebDriverManager - Driver chromedriver 101.0.4951.41 found in cache
14:57:13.714 [main] INFO io.github.bonigarcia.wdm.WebDriverManager - Exporting webdriver.chrome.driver as C:\Users\hp pc\.cache\selenium\chromedriver\win32\101.0.4951.41\chromedriver.exe
14:57:13.800 [main] DEBUG net.serenitybdd.core.webdriver.driverproviders.ProvideNewDriver - Instantiating driver
14:57:13.800 [main] DEBUG net.serenitybdd.core.webdriver.driverproviders.ProvideNewDriver - Driver capabilities: Capabilities {acceptInsecureCerts: false, base.url: https://qa.alta.id/, browserName: chrome, chrome.driver: src/test/resources/webdrive..., driver: chrome, goog:chromeOptions: {args: [], extensions: []}}
14:57:14.334 [AsyncHttpClient-1-7] DEBUG org.asynchttpclient.netty.channel.NettyConnectListener - Using new Channel '[id: 0x0160f068, L:/127.0.0.1:65371 - R:localhost/127.0.0.1:56276]' for 'POST' to '/session'
14:57:15.180 [AsyncHttpClient-1-7] DEBUG org.asynchttpclient.netty.handler.HttpHandler - 

Request DefaultHttpRequest(decodeResult: success, version: HTTP/1.1)
POST /session HTTP/1.1
User-Agent: selenium/4.1.2 (java windows)
Content-Length: 605
Content-Type: application/json; charset=utf-8
host: localhost:56276
accept: */*

Response DefaultHttpResponse(decodeResult: success, version: HTTP/1.1)
HTTP/1.1 200 OK
Content-Type: application/json; charset=utf-8
cache-control: no-cache
content-length: 790

14:57:15.182 [AsyncHttpClient-1-7] DEBUG org.asynchttpclient.netty.channel.ChannelManager - Adding key: http://localhost:56276 for channel [id: 0x0160f068, L:/127.0.0.1:65371 - R:localhost/127.0.0.1:56276]
14:57:15.190 [AsyncHttpClient-1-8] DEBUG org.asynchttpclient.netty.channel.NettyConnectListener - Using new Channel '[id: 0x7ee8b325, L:/127.0.0.1:65378 - R:localhost/127.0.0.1:65372]' for 'GET' to '/json/version'
14:57:15.190 [AsyncHttpClient-1-8] DEBUG org.asynchttpclient.netty.handler.HttpHandler - 

Request DefaultFullHttpRequest(decodeResult: success, version: HTTP/1.1, content: EmptyByteBufBE)
GET /json/version HTTP/1.1
User-Agent: selenium/4.1.2 (java windows)
host: localhost:65372
accept: */*

Response DefaultHttpResponse(decodeResult: success, version: HTTP/1.1)
HTTP/1.1 200 OK
Content-Type: application/json; charset=UTF-8
content-length: 427

14:57:15.191 [AsyncHttpClient-1-8] DEBUG org.asynchttpclient.netty.channel.ChannelManager - Adding key: http://localhost:65372 for channel [id: 0x7ee8b325, L:/127.0.0.1:65378 - R:localhost/127.0.0.1:65372]
14:57:15.193 [AsyncHttpClient-1-9] DEBUG org.asynchttpclient.netty.channel.NettyConnectListener - Using new Channel '[id: 0x0131acf4, L:/127.0.0.1:65379 - R:localhost/127.0.0.1:65372]' for 'GET' to '/devtools/browser/c3762b49-28d2-4870-a1ec-a8296b663aaa'
14:57:15.194 [AsyncHttpClient-1-9] DEBUG org.asynchttpclient.netty.handler.WebSocketHandler - 

Request DefaultFullHttpRequest(decodeResult: success, version: HTTP/1.1, content: EmptyByteBufBE)
GET /devtools/browser/c3762b49-28d2-4870-a1ec-a8296b663aaa HTTP/1.1
upgrade: websocket
connection: upgrade
sec-websocket-key: Hoscr4emsfu+Ei1OG9wX6w==
sec-websocket-version: 13
origin: http://localhost:65372
host: localhost:65372
accept: */*
user-agent: AHC/2.1

Response DefaultHttpResponse(decodeResult: success, version: HTTP/1.1)
HTTP/1.1 101 WebSocket Protocol Handshake
Upgrade: WebSocket
Connection: Upgrade
Sec-WebSocket-Accept: kOdhVsTiVixDWhkkSk/keEuqU+0=

14:57:15.199 [Forwarding maximizeCurrentWindow on session 59bfa4dc0a34074dcc1fb2ec5c177c2a to remote] DEBUG org.asynchttpclient.netty.request.NettyRequestSender - Using pooled Channel '[id: 0x0160f068, L:/127.0.0.1:65371 - R:localhost/127.0.0.1:56276]' for 'POST' to 'http://localhost:56276/session/59bfa4dc0a34074dcc1fb2ec5c177c2a/window/maximize'
14:57:15.199 [Forwarding maximizeCurrentWindow on session 59bfa4dc0a34074dcc1fb2ec5c177c2a to remote] DEBUG org.asynchttpclient.netty.request.NettyRequestSender - Using open Channel [id: 0x0160f068, L:/127.0.0.1:65371 - R:localhost/127.0.0.1:56276] for POST '/session/59bfa4dc0a34074dcc1fb2ec5c177c2a/window/maximize'
14:57:15.302 [AsyncHttpClient-1-1] DEBUG org.asynchttpclient.netty.channel.DefaultChannelPool - Entry count for : http://localhost:65372 : 1
14:57:15.328 [AsyncHttpClient-1-7] DEBUG org.asynchttpclient.netty.handler.HttpHandler - 

Request DefaultHttpRequest(decodeResult: success, version: HTTP/1.1)
POST /session/59bfa4dc0a34074dcc1fb2ec5c177c2a/window/maximize HTTP/1.1
User-Agent: selenium/4.1.2 (java windows)
Content-Length: 3
Content-Type: application/json; charset=utf-8
host: localhost:56276
accept: */*

Response DefaultHttpResponse(decodeResult: success, version: HTTP/1.1)
HTTP/1.1 200 OK
Content-Type: application/json; charset=utf-8
cache-control: no-cache
content-length: 51

14:57:15.328 [AsyncHttpClient-1-7] DEBUG org.asynchttpclient.netty.channel.ChannelManager - Adding key: http://localhost:56276 for channel [id: 0x0160f068, L:/127.0.0.1:65371 - R:localhost/127.0.0.1:56276]
14:57:15.329 [Forwarding get on session 59bfa4dc0a34074dcc1fb2ec5c177c2a to remote] DEBUG org.asynchttpclient.netty.request.NettyRequestSender - Using pooled Channel '[id: 0x0160f068, L:/127.0.0.1:65371 - R:localhost/127.0.0.1:56276]' for 'POST' to 'http://localhost:56276/session/59bfa4dc0a34074dcc1fb2ec5c177c2a/url'
14:57:15.329 [Forwarding get on session 59bfa4dc0a34074dcc1fb2ec5c177c2a to remote] DEBUG org.asynchttpclient.netty.request.NettyRequestSender - Using open Channel [id: 0x0160f068, L:/127.0.0.1:65371 - R:localhost/127.0.0.1:56276] for POST '/session/59bfa4dc0a34074dcc1fb2ec5c177c2a/url'
14:57:16.197 [AsyncHttpClient-1-7] DEBUG org.asynchttpclient.netty.handler.HttpHandler - 

Request DefaultHttpRequest(decodeResult: success, version: HTTP/1.1)
POST /session/59bfa4dc0a34074dcc1fb2ec5c177c2a/url HTTP/1.1
User-Agent: selenium/4.1.2 (java windows)
Content-Length: 49
Content-Type: application/json; charset=utf-8
host: localhost:56276
accept: */*

Response DefaultHttpResponse(decodeResult: success, version: HTTP/1.1)
HTTP/1.1 200 OK
Content-Type: application/json; charset=utf-8
cache-control: no-cache
content-length: 14

14:57:16.198 [AsyncHttpClient-1-7] DEBUG org.asynchttpclient.netty.channel.ChannelManager - Adding key: http://localhost:56276 for channel [id: 0x0160f068, L:/127.0.0.1:65371 - R:localhost/127.0.0.1:56276]
14:57:16.199 [Forwarding setTimeout on session 59bfa4dc0a34074dcc1fb2ec5c177c2a to remote] DEBUG org.asynchttpclient.netty.request.NettyRequestSender - Using pooled Channel '[id: 0x0160f068, L:/127.0.0.1:65371 - R:localhost/127.0.0.1:56276]' for 'POST' to 'http://localhost:56276/session/59bfa4dc0a34074dcc1fb2ec5c177c2a/timeouts'
14:57:16.200 [Forwarding setTimeout on session 59bfa4dc0a34074dcc1fb2ec5c177c2a to remote] DEBUG org.asynchttpclient.netty.request.NettyRequestSender - Using open Channel [id: 0x0160f068, L:/127.0.0.1:65371 - R:localhost/127.0.0.1:56276] for POST '/session/59bfa4dc0a34074dcc1fb2ec5c177c2a/timeouts'
14:57:16.200 [AsyncHttpClient-1-7] DEBUG org.asynchttpclient.netty.handler.HttpHandler - 

Request DefaultHttpRequest(decodeResult: success, version: HTTP/1.1)
POST /session/59bfa4dc0a34074dcc1fb2ec5c177c2a/timeouts HTTP/1.1
User-Agent: selenium/4.1.2 (java windows)
Content-Length: 22
Content-Type: application/json; charset=utf-8
host: localhost:56276
accept: */*

Response DefaultHttpResponse(decodeResult: success, version: HTTP/1.1)
HTTP/1.1 200 OK
Content-Type: application/json; charset=utf-8
cache-control: no-cache
content-length: 14

14:57:16.201 [AsyncHttpClient-1-7] DEBUG org.asynchttpclient.netty.channel.ChannelManager - Adding key: http://localhost:56276 for channel [id: 0x0160f068, L:/127.0.0.1:65371 - R:localhost/127.0.0.1:56276]
14:57:16.204 [Forwarding getCurrentUrl on session 59bfa4dc0a34074dcc1fb2ec5c177c2a to remote] DEBUG org.asynchttpclient.netty.request.NettyRequestSender - Using pooled Channel '[id: 0x0160f068, L:/127.0.0.1:65371 - R:localhost/127.0.0.1:56276]' for 'GET' to 'http://localhost:56276/session/59bfa4dc0a34074dcc1fb2ec5c177c2a/url'
14:57:16.204 [Forwarding getCurrentUrl on session 59bfa4dc0a34074dcc1fb2ec5c177c2a to remote] DEBUG org.asynchttpclient.netty.request.NettyRequestSender - Using open Channel [id: 0x0160f068, L:/127.0.0.1:65371 - R:localhost/127.0.0.1:56276] for GET '/session/59bfa4dc0a34074dcc1fb2ec5c177c2a/url'
14:57:16.210 [AsyncHttpClient-1-7] DEBUG org.asynchttpclient.netty.handler.HttpHandler - 

Request DefaultFullHttpRequest(decodeResult: success, version: HTTP/1.1, content: EmptyByteBufBE)
GET /session/59bfa4dc0a34074dcc1fb2ec5c177c2a/url HTTP/1.1
User-Agent: selenium/4.1.2 (java windows)
Cache-Control: no-cache
Content-Type: application/json; charset=utf-8
host: localhost:56276
accept: */*

Response DefaultHttpResponse(decodeResult: success, version: HTTP/1.1)
HTTP/1.1 200 OK
Content-Type: application/json; charset=utf-8
cache-control: no-cache
content-length: 31

14:57:16.210 [AsyncHttpClient-1-7] DEBUG org.asynchttpclient.netty.channel.ChannelManager - Adding key: http://localhost:56276 for channel [id: 0x0160f068, L:/127.0.0.1:65371 - R:localhost/127.0.0.1:56276]
14:57:16.218 [main] DEBUG net.serenitybdd.core.photography.Darkroom - Opening darkroom
14:57:16.224 [Forwarding screenshot on session 59bfa4dc0a34074dcc1fb2ec5c177c2a to remote] DEBUG org.asynchttpclient.netty.request.NettyRequestSender - Using pooled Channel '[id: 0x0160f068, L:/127.0.0.1:65371 - R:localhost/127.0.0.1:56276]' for 'GET' to 'http://localhost:56276/session/59bfa4dc0a34074dcc1fb2ec5c177c2a/screenshot'
14:57:16.224 [Forwarding screenshot on session 59bfa4dc0a34074dcc1fb2ec5c177c2a to remote] DEBUG org.asynchttpclient.netty.request.NettyRequestSender - Using open Channel [id: 0x0160f068, L:/127.0.0.1:65371 - R:localhost/127.0.0.1:56276] for GET '/session/59bfa4dc0a34074dcc1fb2ec5c177c2a/screenshot'
14:57:16.257 [Darkroom Processing Line] DEBUG net.serenitybdd.core.photography.DarkroomProcessingLine - Darkroom processing line starting up
14:57:16.403 [AsyncHttpClient-1-1] DEBUG org.asynchttpclient.netty.channel.DefaultChannelPool - Entry count for : http://localhost:65372 : 1
14:57:16.537 [AsyncHttpClient-1-7] DEBUG org.asynchttpclient.netty.handler.HttpHandler - 

Request DefaultFullHttpRequest(decodeResult: success, version: HTTP/1.1, content: EmptyByteBufBE)
GET /session/59bfa4dc0a34074dcc1fb2ec5c177c2a/screenshot HTTP/1.1
User-Agent: selenium/4.1.2 (java windows)
Cache-Control: no-cache
Content-Type: application/json; charset=utf-8
host: localhost:56276
accept: */*

Response DefaultHttpResponse(decodeResult: success, version: HTTP/1.1)
HTTP/1.1 200 OK
Content-Type: application/json; charset=utf-8
cache-control: no-cache
content-length: 37112

14:57:16.537 [AsyncHttpClient-1-7] DEBUG org.asynchttpclient.netty.channel.ChannelManager - Adding key: http://localhost:56276 for channel [id: 0x0160f068, L:/127.0.0.1:65371 - R:localhost/127.0.0.1:56276]
14:57:16.539 [main] DEBUG net.serenitybdd.core.photography.Darkroom - Send negative for processing for target\site\serenity\b77185a5cd00ee269d3977f94cdf277c11ababcc4acdd8d4dc5db4ae9130594f.png
14:57:16.540 [main] DEBUG net.thucydides.core.steps.StepInterceptor - STARTING STEP: ProductStep.iOnTheHomePage - validateOnHomePage
14:57:16.540 [Darkroom Processing Line] DEBUG net.serenitybdd.core.photography.DarkroomProcessingLine - Processing screenshot image in /var/screenshots/screenshot-4586884465161847357
14:57:16.540 [Darkroom Processing Line] DEBUG net.serenitybdd.core.photography.DarkroomProcessingLine - Saving screenshot to target\site\serenity\b77185a5cd00ee269d3977f94cdf277c11ababcc4acdd8d4dc5db4ae9130594f.png
14:57:16.542 [Forwarding findElement on session 59bfa4dc0a34074dcc1fb2ec5c177c2a to remote] DEBUG org.asynchttpclient.netty.request.NettyRequestSender - Using pooled Channel '[id: 0x0160f068, L:/127.0.0.1:65371 - R:localhost/127.0.0.1:56276]' for 'POST' to 'http://localhost:56276/session/59bfa4dc0a34074dcc1fb2ec5c177c2a/element'
14:57:16.542 [Forwarding findElement on session 59bfa4dc0a34074dcc1fb2ec5c177c2a to remote] DEBUG org.asynchttpclient.netty.request.NettyRequestSender - Using open Channel [id: 0x0160f068, L:/127.0.0.1:65371 - R:localhost/127.0.0.1:56276] for POST '/session/59bfa4dc0a34074dcc1fb2ec5c177c2a/element'
14:57:16.554 [AsyncHttpClient-1-7] DEBUG org.asynchttpclient.netty.handler.HttpHandler - 

Request DefaultHttpRequest(decodeResult: success, version: HTTP/1.1)
POST /session/59bfa4dc0a34074dcc1fb2ec5c177c2a/element HTTP/1.1
User-Agent: selenium/4.1.2 (java windows)
Content-Length: 127
Content-Type: application/json; charset=utf-8
host: localhost:56276
accept: */*

Response DefaultHttpResponse(decodeResult: success, version: HTTP/1.1)
HTTP/1.1 200 OK
Content-Type: application/json; charset=utf-8
cache-control: no-cache
content-length: 88

14:57:16.554 [AsyncHttpClient-1-7] DEBUG org.asynchttpclient.netty.channel.ChannelManager - Adding key: http://localhost:56276 for channel [id: 0x0160f068, L:/127.0.0.1:65371 - R:localhost/127.0.0.1:56276]
14:57:16.556 [Forwarding isElementDisplayed on session 59bfa4dc0a34074dcc1fb2ec5c177c2a to remote] DEBUG org.asynchttpclient.netty.request.NettyRequestSender - Using pooled Channel '[id: 0x0160f068, L:/127.0.0.1:65371 - R:localhost/127.0.0.1:56276]' for 'POST' to 'http://localhost:56276/session/59bfa4dc0a34074dcc1fb2ec5c177c2a/execute/sync'
14:57:16.556 [Forwarding isElementDisplayed on session 59bfa4dc0a34074dcc1fb2ec5c177c2a to remote] DEBUG org.asynchttpclient.netty.request.NettyRequestSender - Using open Channel [id: 0x0160f068, L:/127.0.0.1:65371 - R:localhost/127.0.0.1:56276] for POST '/session/59bfa4dc0a34074dcc1fb2ec5c177c2a/execute/sync'
14:57:16.570 [AsyncHttpClient-1-7] DEBUG org.asynchttpclient.netty.handler.HttpHandler - 

Request DefaultHttpRequest(decodeResult: success, version: HTTP/1.1)
POST /session/59bfa4dc0a34074dcc1fb2ec5c177c2a/execute/sync HTTP/1.1
User-Agent: selenium/4.1.2 (java windows)
Content-Length: 48780
Content-Type: application/json; charset=utf-8
host: localhost:56276
accept: */*

Response DefaultHttpResponse(decodeResult: success, version: HTTP/1.1)
HTTP/1.1 200 OK
Content-Type: application/json; charset=utf-8
cache-control: no-cache
content-length: 14

14:57:16.570 [AsyncHttpClient-1-7] DEBUG org.asynchttpclient.netty.channel.ChannelManager - Adding key: http://localhost:56276 for channel [id: 0x0160f068, L:/127.0.0.1:65371 - R:localhost/127.0.0.1:56276]
14:57:16.573 [main] DEBUG net.thucydides.core.steps.StepInterceptor - STEP DONE: validateOnHomePage
  &amp#27;[32mGiven &amp#27;[0m&amp#27;[32mI am on the HomePage AltaShop&amp#27;[0m &amp#27;[90m# Starter.StepDefinitions.ProductStep.iOnTheHomePage()&amp#27;[0m
14:57:16.587 [main] DEBUG net.thucydides.core.steps.StepInterceptor - STARTING STEP: ProductStep.iSeeProduct - categoryAppears
14:57:16.589 [Forwarding findElement on session 59bfa4dc0a34074dcc1fb2ec5c177c2a to remote] DEBUG org.asynchttpclient.netty.request.NettyRequestSender - Using pooled Channel '[id: 0x0160f068, L:/127.0.0.1:65371 - R:localhost/127.0.0.1:56276]' for 'POST' to 'http://localhost:56276/session/59bfa4dc0a34074dcc1fb2ec5c177c2a/element'
14:57:16.589 [Forwarding findElement on session 59bfa4dc0a34074dcc1fb2ec5c177c2a to remote] DEBUG org.asynchttpclient.netty.request.NettyRequestSender - Using open Channel [id: 0x0160f068, L:/127.0.0.1:65371 - R:localhost/127.0.0.1:56276] for POST '/session/59bfa4dc0a34074dcc1fb2ec5c177c2a/element'
14:57:17.432 [AsyncHttpClient-1-7] DEBUG org.asynchttpclient.netty.handler.HttpHandler - 

Request DefaultHttpRequest(decodeResult: success, version: HTTP/1.1)
POST /session/59bfa4dc0a34074dcc1fb2ec5c177c2a/element HTTP/1.1
User-Agent: selenium/4.1.2 (java windows)
Content-Length: 57
Content-Type: application/json; charset=utf-8
host: localhost:56276
accept: */*

Response DefaultHttpResponse(decodeResult: success, version: HTTP/1.1)
HTTP/1.1 400 Bad Request
Content-Type: application/json; charset=utf-8
cache-control: no-cache
content-length: 957

14:57:17.433 [AsyncHttpClient-1-7] DEBUG org.asynchttpclient.netty.channel.ChannelManager - Adding key: http://localhost:56276 for channel [id: 0x0160f068, L:/127.0.0.1:65371 - R:localhost/127.0.0.1:56276]
14:57:17.434 [Forwarding findElement on session 59bfa4dc0a34074dcc1fb2ec5c177c2a to remote] DEBUG org.asynchttpclient.netty.request.NettyRequestSender - Using pooled Channel '[id: 0x0160f068, L:/127.0.0.1:65371 - R:localhost/127.0.0.1:56276]' for 'POST' to 'http://localhost:56276/session/59bfa4dc0a34074dcc1fb2ec5c177c2a/element'
14:57:17.434 [Forwarding findElement on session 59bfa4dc0a34074dcc1fb2ec5c177c2a to remote] DEBUG org.asynchttpclient.netty.request.NettyRequestSender - Using open Channel [id: 0x0160f068, L:/127.0.0.1:65371 - R:localhost/127.0.0.1:56276] for POST '/session/59bfa4dc0a34074dcc1fb2ec5c177c2a/element'
14:57:17.444 [AsyncHttpClient-1-7] DEBUG org.asynchttpclient.netty.handler.HttpHandler - 

Request DefaultHttpRequest(decodeResult: success, version: HTTP/1.1)
POST /session/59bfa4dc0a34074dcc1fb2ec5c177c2a/element HTTP/1.1
User-Agent: selenium/4.1.2 (java windows)
Content-Length: 67
Content-Type: application/json; charset=utf-8
host: localhost:56276
accept: */*

Response DefaultHttpResponse(decodeResult: success, version: HTTP/1.1)
HTTP/1.1 200 OK
Content-Type: application/json; charset=utf-8
cache-control: no-cache
content-length: 88

14:57:17.444 [AsyncHttpClient-1-7] DEBUG org.asynchttpclient.netty.channel.ChannelManager - Adding key: http://localhost:56276 for channel [id: 0x0160f068, L:/127.0.0.1:65371 - R:localhost/127.0.0.1:56276]
14:57:17.448 [Forwarding isElementDisplayed on session 59bfa4dc0a34074dcc1fb2ec5c177c2a to remote] DEBUG org.asynchttpclient.netty.request.NettyRequestSender - Using pooled Channel '[id: 0x0160f068, L:/127.0.0.1:65371 - R:localhost/127.0.0.1:56276]' for 'POST' to 'http://localhost:56276/session/59bfa4dc0a34074dcc1fb2ec5c177c2a/execute/sync'
14:57:17.448 [Forwarding isElementDisplayed on session 59bfa4dc0a34074dcc1fb2ec5c177c2a to remote] DEBUG org.asynchttpclient.netty.request.NettyRequestSender - Using open Channel [id: 0x0160f068, L:/127.0.0.1:65371 - R:localhost/127.0.0.1:56276] for POST '/session/59bfa4dc0a34074dcc1fb2ec5c177c2a/execute/sync'
14:57:17.460 [AsyncHttpClient-1-7] DEBUG org.asynchttpclient.netty.handler.HttpHandler - 

Request DefaultHttpRequest(decodeResult: success, version: HTTP/1.1)
POST /session/59bfa4dc0a34074dcc1fb2ec5c177c2a/execute/sync HTTP/1.1
User-Agent: selenium/4.1.2 (java windows)
Content-Length: 48780
Content-Type: application/json; charset=utf-8
host: localhost:56276
accept: */*

Response DefaultHttpResponse(decodeResult: success, version: HTTP/1.1)
HTTP/1.1 200 OK
Content-Type: application/json; charset=utf-8
cache-control: no-cache
content-length: 14

14:57:17.460 [AsyncHttpClient-1-7] DEBUG org.asynchttpclient.netty.channel.ChannelManager - Adding key: http://localhost:56276 for channel [id: 0x0160f068, L:/127.0.0.1:65371 - R:localhost/127.0.0.1:56276]
14:57:17.463 [Forwarding screenshot on session 59bfa4dc0a34074dcc1fb2ec5c177c2a to remote] DEBUG org.asynchttpclient.netty.request.NettyRequestSender - Using pooled Channel '[id: 0x0160f068, L:/127.0.0.1:65371 - R:localhost/127.0.0.1:56276]' for 'GET' to 'http://localhost:56276/session/59bfa4dc0a34074dcc1fb2ec5c177c2a/screenshot'
14:57:17.463 [Forwarding screenshot on session 59bfa4dc0a34074dcc1fb2ec5c177c2a to remote] DEBUG org.asynchttpclient.netty.request.NettyRequestSender - Using open Channel [id: 0x0160f068, L:/127.0.0.1:65371 - R:localhost/127.0.0.1:56276] for GET '/session/59bfa4dc0a34074dcc1fb2ec5c177c2a/screenshot'
14:57:17.501 [AsyncHttpClient-1-1] DEBUG org.asynchttpclient.netty.channel.DefaultChannelPool - Entry count for : http://localhost:65372 : 1
14:57:17.573 [AsyncHttpClient-1-7] DEBUG org.asynchttpclient.netty.handler.HttpHandler - 

Request DefaultFullHttpRequest(decodeResult: success, version: HTTP/1.1, content: EmptyByteBufBE)
GET /session/59bfa4dc0a34074dcc1fb2ec5c177c2a/screenshot HTTP/1.1
User-Agent: selenium/4.1.2 (java windows)
Cache-Control: no-cache
Content-Type: application/json; charset=utf-8
host: localhost:56276
accept: */*

Response DefaultHttpResponse(decodeResult: success, version: HTTP/1.1)
HTTP/1.1 200 OK
Content-Type: application/json; charset=utf-8
cache-control: no-cache
content-length: 81040

14:57:17.573 [AsyncHttpClient-1-7] DEBUG org.asynchttpclient.netty.channel.ChannelManager - Adding key: http://localhost:56276 for channel [id: 0x0160f068, L:/127.0.0.1:65371 - R:localhost/127.0.0.1:56276]
14:57:17.578 [main] DEBUG net.serenitybdd.core.photography.Darkroom - Send negative for processing for target\site\serenity\6d13440a212f491a2859705754c4584550c84f411872b463521210a3aa41cae7.png
14:57:17.578 [main] DEBUG net.thucydides.core.steps.StepInterceptor - STEP DONE: categoryAppears
14:57:17.578 [Darkroom Processing Line] DEBUG net.serenitybdd.core.photography.DarkroomProcessingLine - Processing screenshot image in /var/screenshots/screenshot-12282902060322065694
  &amp#27;[32mWhen &amp#27;[0m&amp#27;[32mI don't buy product&amp#27;[0m            &amp#27;[90m# Starter.StepDefinitions.ProductStep.iSeeProduct()&amp#27;[0m
14:57:17.578 [Darkroom Processing Line] DEBUG net.serenitybdd.core.photography.DarkroomProcessingLine - Saving screenshot to target\site\serenity\6d13440a212f491a2859705754c4584550c84f411872b463521210a3aa41cae7.png
14:57:17.606 [main] DEBUG net.thucydides.core.steps.StepInterceptor - STARTING STEP: OrderStep.clickButtonCart - clickButtonCart
14:57:17.608 [Forwarding findElement on session 59bfa4dc0a34074dcc1fb2ec5c177c2a to remote] DEBUG org.asynchttpclient.netty.request.NettyRequestSender - Using pooled Channel '[id: 0x0160f068, L:/127.0.0.1:65371 - R:localhost/127.0.0.1:56276]' for 'POST' to 'http://localhost:56276/session/59bfa4dc0a34074dcc1fb2ec5c177c2a/element'
14:57:17.608 [Forwarding findElement on session 59bfa4dc0a34074dcc1fb2ec5c177c2a to remote] DEBUG org.asynchttpclient.netty.request.NettyRequestSender - Using open Channel [id: 0x0160f068, L:/127.0.0.1:65371 - R:localhost/127.0.0.1:56276] for POST '/session/59bfa4dc0a34074dcc1fb2ec5c177c2a/element'
14:57:17.618 [AsyncHttpClient-1-7] DEBUG org.asynchttpclient.netty.handler.HttpHandler - 

Request DefaultHttpRequest(decodeResult: success, version: HTTP/1.1)
POST /session/59bfa4dc0a34074dcc1fb2ec5c177c2a/element HTTP/1.1
User-Agent: selenium/4.1.2 (java windows)
Content-Length: 127
Content-Type: application/json; charset=utf-8
host: localhost:56276
accept: */*

Response DefaultHttpResponse(decodeResult: success, version: HTTP/1.1)
HTTP/1.1 200 OK
Content-Type: application/json; charset=utf-8
cache-control: no-cache
content-length: 88

14:57:17.618 [AsyncHttpClient-1-7] DEBUG org.asynchttpclient.netty.channel.ChannelManager - Adding key: http://localhost:56276 for channel [id: 0x0160f068, L:/127.0.0.1:65371 - R:localhost/127.0.0.1:56276]
14:57:17.619 [Forwarding getElementTagName on session 59bfa4dc0a34074dcc1fb2ec5c177c2a to remote] DEBUG org.asynchttpclient.netty.request.NettyRequestSender - Using pooled Channel '[id: 0x0160f068, L:/127.0.0.1:65371 - R:localhost/127.0.0.1:56276]' for 'GET' to 'http://localhost:56276/session/59bfa4dc0a34074dcc1fb2ec5c177c2a/element/f988826b-9075-4515-878a-2b083f81ec12/name'
14:57:17.620 [Forwarding getElementTagName on session 59bfa4dc0a34074dcc1fb2ec5c177c2a to remote] DEBUG org.asynchttpclient.netty.request.NettyRequestSender - Using open Channel [id: 0x0160f068, L:/127.0.0.1:65371 - R:localhost/127.0.0.1:56276] for GET '/session/59bfa4dc0a34074dcc1fb2ec5c177c2a/element/f988826b-9075-4515-878a-2b083f81ec12/name'
14:57:17.624 [AsyncHttpClient-1-7] DEBUG org.asynchttpclient.netty.handler.HttpHandler - 

Request DefaultFullHttpRequest(decodeResult: success, version: HTTP/1.1, content: EmptyByteBufBE)
GET /session/59bfa4dc0a34074dcc1fb2ec5c177c2a/element/f988826b-9075-4515-878a-2b083f81ec12/name HTTP/1.1
User-Agent: selenium/4.1.2 (java windows)
Cache-Control: no-cache
Content-Type: application/json; charset=utf-8
host: localhost:56276
accept: */*

Response DefaultHttpResponse(decodeResult: success, version: HTTP/1.1)
HTTP/1.1 200 OK
Content-Type: application/json; charset=utf-8
cache-control: no-cache
content-length: 16

14:57:17.624 [AsyncHttpClient-1-7] DEBUG org.asynchttpclient.netty.channel.ChannelManager - Adding key: http://localhost:56276 for channel [id: 0x0160f068, L:/127.0.0.1:65371 - R:localhost/127.0.0.1:56276]
14:57:17.625 [Forwarding getElementTagName on session 59bfa4dc0a34074dcc1fb2ec5c177c2a to remote] DEBUG org.asynchttpclient.netty.request.NettyRequestSender - Using pooled Channel '[id: 0x0160f068, L:/127.0.0.1:65371 - R:localhost/127.0.0.1:56276]' for 'GET' to 'http://localhost:56276/session/59bfa4dc0a34074dcc1fb2ec5c177c2a/element/f988826b-9075-4515-878a-2b083f81ec12/name'
14:57:17.625 [Forwarding getElementTagName on session 59bfa4dc0a34074dcc1fb2ec5c177c2a to remote] DEBUG org.asynchttpclient.netty.request.NettyRequestSender - Using open Channel [id: 0x0160f068, L:/127.0.0.1:65371 - R:localhost/127.0.0.1:56276] for GET '/session/59bfa4dc0a34074dcc1fb2ec5c177c2a/element/f988826b-9075-4515-878a-2b083f81ec12/name'
14:57:17.629 [AsyncHttpClient-1-7] DEBUG org.asynchttpclient.netty.handler.HttpHandler - 

Request DefaultFullHttpRequest(decodeResult: success, version: HTTP/1.1, content: EmptyByteBufBE)
GET /session/59bfa4dc0a34074dcc1fb2ec5c177c2a/element/f988826b-9075-4515-878a-2b083f81ec12/name HTTP/1.1
User-Agent: selenium/4.1.2 (java windows)
Cache-Control: no-cache
Content-Type: application/json; charset=utf-8
host: localhost:56276
accept: */*

Response DefaultHttpResponse(decodeResult: success, version: HTTP/1.1)
HTTP/1.1 200 OK
Content-Type: application/json; charset=utf-8
cache-control: no-cache
content-length: 16

14:57:17.629 [AsyncHttpClient-1-7] DEBUG org.asynchttpclient.netty.channel.ChannelManager - Adding key: http://localhost:56276 for channel [id: 0x0160f068, L:/127.0.0.1:65371 - R:localhost/127.0.0.1:56276]
14:57:17.631 [Forwarding findElement on session 59bfa4dc0a34074dcc1fb2ec5c177c2a to remote] DEBUG org.asynchttpclient.netty.request.NettyRequestSender - Using pooled Channel '[id: 0x0160f068, L:/127.0.0.1:65371 - R:localhost/127.0.0.1:56276]' for 'POST' to 'http://localhost:56276/session/59bfa4dc0a34074dcc1fb2ec5c177c2a/element'
14:57:17.631 [Forwarding findElement on session 59bfa4dc0a34074dcc1fb2ec5c177c2a to remote] DEBUG org.asynchttpclient.netty.request.NettyRequestSender - Using open Channel [id: 0x0160f068, L:/127.0.0.1:65371 - R:localhost/127.0.0.1:56276] for POST '/session/59bfa4dc0a34074dcc1fb2ec5c177c2a/element'
14:57:17.641 [AsyncHttpClient-1-7] DEBUG org.asynchttpclient.netty.handler.HttpHandler - 

Request DefaultHttpRequest(decodeResult: success, version: HTTP/1.1)
POST /session/59bfa4dc0a34074dcc1fb2ec5c177c2a/element HTTP/1.1
User-Agent: selenium/4.1.2 (java windows)
Content-Length: 127
Content-Type: application/json; charset=utf-8
host: localhost:56276
accept: */*

Response DefaultHttpResponse(decodeResult: success, version: HTTP/1.1)
HTTP/1.1 200 OK
Content-Type: application/json; charset=utf-8
cache-control: no-cache
content-length: 88

14:57:17.641 [AsyncHttpClient-1-7] DEBUG org.asynchttpclient.netty.channel.ChannelManager - Adding key: http://localhost:56276 for channel [id: 0x0160f068, L:/127.0.0.1:65371 - R:localhost/127.0.0.1:56276]
14:57:17.642 [Forwarding clickElement on session 59bfa4dc0a34074dcc1fb2ec5c177c2a to remote] DEBUG org.asynchttpclient.netty.request.NettyRequestSender - Using pooled Channel '[id: 0x0160f068, L:/127.0.0.1:65371 - R:localhost/127.0.0.1:56276]' for 'POST' to 'http://localhost:56276/session/59bfa4dc0a34074dcc1fb2ec5c177c2a/element/f988826b-9075-4515-878a-2b083f81ec12/click'
14:57:17.642 [Forwarding clickElement on session 59bfa4dc0a34074dcc1fb2ec5c177c2a to remote] DEBUG org.asynchttpclient.netty.request.NettyRequestSender - Using open Channel [id: 0x0160f068, L:/127.0.0.1:65371 - R:localhost/127.0.0.1:56276] for POST '/session/59bfa4dc0a34074dcc1fb2ec5c177c2a/element/f988826b-9075-4515-878a-2b083f81ec12/click'
14:57:17.674 [AsyncHttpClient-1-7] DEBUG org.asynchttpclient.netty.handler.HttpHandler - 

Request DefaultHttpRequest(decodeResult: success, version: HTTP/1.1)
POST /session/59bfa4dc0a34074dcc1fb2ec5c177c2a/element/f988826b-9075-4515-878a-2b083f81ec12/click HTTP/1.1
User-Agent: selenium/4.1.2 (java windows)
Content-Length: 50
Content-Type: application/json; charset=utf-8
host: localhost:56276
accept: */*

Response DefaultHttpResponse(decodeResult: success, version: HTTP/1.1)
HTTP/1.1 200 OK
Content-Type: application/json; charset=utf-8
cache-control: no-cache
content-length: 14

14:57:17.675 [AsyncHttpClient-1-7] DEBUG org.asynchttpclient.netty.channel.ChannelManager - Adding key: http://localhost:56276 for channel [id: 0x0160f068, L:/127.0.0.1:65371 - R:localhost/127.0.0.1:56276]
14:57:17.683 [Forwarding screenshot on session 59bfa4dc0a34074dcc1fb2ec5c177c2a to remote] DEBUG org.asynchttpclient.netty.request.NettyRequestSender - Using pooled Channel '[id: 0x0160f068, L:/127.0.0.1:65371 - R:localhost/127.0.0.1:56276]' for 'GET' to 'http://localhost:56276/session/59bfa4dc0a34074dcc1fb2ec5c177c2a/screenshot'
14:57:17.683 [Forwarding screenshot on session 59bfa4dc0a34074dcc1fb2ec5c177c2a to remote] DEBUG org.asynchttpclient.netty.request.NettyRequestSender - Using open Channel [id: 0x0160f068, L:/127.0.0.1:65371 - R:localhost/127.0.0.1:56276] for GET '/session/59bfa4dc0a34074dcc1fb2ec5c177c2a/screenshot'
14:57:18.006 [AsyncHttpClient-1-7] DEBUG org.asynchttpclient.netty.handler.HttpHandler - 

Request DefaultFullHttpRequest(decodeResult: success, version: HTTP/1.1, content: EmptyByteBufBE)
GET /session/59bfa4dc0a34074dcc1fb2ec5c177c2a/screenshot HTTP/1.1
User-Agent: selenium/4.1.2 (java windows)
Cache-Control: no-cache
Content-Type: application/json; charset=utf-8
host: localhost:56276
accept: */*

Response DefaultHttpResponse(decodeResult: success, version: HTTP/1.1)
HTTP/1.1 200 OK
Content-Type: application/json; charset=utf-8
cache-control: no-cache
content-length: 19460

14:57:18.007 [AsyncHttpClient-1-7] DEBUG org.asynchttpclient.netty.channel.ChannelManager - Adding key: http://localhost:56276 for channel [id: 0x0160f068, L:/127.0.0.1:65371 - R:localhost/127.0.0.1:56276]
14:57:18.008 [main] DEBUG net.serenitybdd.core.photography.Darkroom - Send negative for processing for target\site\serenity\3b4bc7cf6935317cca90472ccb9757c516d6e0c3b590c40fc407cd3638d76736.png
14:57:18.008 [main] DEBUG net.thucydides.core.steps.StepInterceptor - STEP DONE: clickButtonCart
  &amp#27;[32mAnd &amp#27;[0m&amp#27;[32mI click button cart&amp#27;[0m             &amp#27;[90m# Starter.StepDefinitions.OrderStep.clickButtonCart()&amp#27;[0m
14:57:18.008 [Darkroom Processing Line] DEBUG net.serenitybdd.core.photography.DarkroomProcessingLine - Processing screenshot image in /var/screenshots/screenshot-4726245215302535376
14:57:18.008 [Darkroom Processing Line] DEBUG net.serenitybdd.core.photography.DarkroomProcessingLine - Saving screenshot to target\site\serenity\3b4bc7cf6935317cca90472ccb9757c516d6e0c3b590c40fc407cd3638d76736.png
14:57:18.018 [main] DEBUG net.thucydides.core.steps.StepInterceptor - STARTING STEP: ProductStep.iGetEmptyCartProduct - validateEmptyProduct
14:57:18.019 [Forwarding findElement on session 59bfa4dc0a34074dcc1fb2ec5c177c2a to remote] DEBUG org.asynchttpclient.netty.request.NettyRequestSender - Using pooled Channel '[id: 0x0160f068, L:/127.0.0.1:65371 - R:localhost/127.0.0.1:56276]' for 'POST' to 'http://localhost:56276/session/59bfa4dc0a34074dcc1fb2ec5c177c2a/element'
14:57:18.019 [Forwarding findElement on session 59bfa4dc0a34074dcc1fb2ec5c177c2a to remote] DEBUG org.asynchttpclient.netty.request.NettyRequestSender - Using open Channel [id: 0x0160f068, L:/127.0.0.1:65371 - R:localhost/127.0.0.1:56276] for POST '/session/59bfa4dc0a34074dcc1fb2ec5c177c2a/element'
14:57:18.030 [AsyncHttpClient-1-7] DEBUG org.asynchttpclient.netty.handler.HttpHandler - 

Request DefaultHttpRequest(decodeResult: success, version: HTTP/1.1)
POST /session/59bfa4dc0a34074dcc1fb2ec5c177c2a/element HTTP/1.1
User-Agent: selenium/4.1.2 (java windows)
Content-Length: 71
Content-Type: application/json; charset=utf-8
host: localhost:56276
accept: */*

Response DefaultHttpResponse(decodeResult: success, version: HTTP/1.1)
HTTP/1.1 200 OK
Content-Type: application/json; charset=utf-8
cache-control: no-cache
content-length: 88

14:57:18.030 [AsyncHttpClient-1-7] DEBUG org.asynchttpclient.netty.channel.ChannelManager - Adding key: http://localhost:56276 for channel [id: 0x0160f068, L:/127.0.0.1:65371 - R:localhost/127.0.0.1:56276]
14:57:18.033 [Forwarding isElementDisplayed on session 59bfa4dc0a34074dcc1fb2ec5c177c2a to remote] DEBUG org.asynchttpclient.netty.request.NettyRequestSender - Using pooled Channel '[id: 0x0160f068, L:/127.0.0.1:65371 - R:localhost/127.0.0.1:56276]' for 'POST' to 'http://localhost:56276/session/59bfa4dc0a34074dcc1fb2ec5c177c2a/execute/sync'
14:57:18.033 [Forwarding isElementDisplayed on session 59bfa4dc0a34074dcc1fb2ec5c177c2a to remote] DEBUG org.asynchttpclient.netty.request.NettyRequestSender - Using open Channel [id: 0x0160f068, L:/127.0.0.1:65371 - R:localhost/127.0.0.1:56276] for POST '/session/59bfa4dc0a34074dcc1fb2ec5c177c2a/execute/sync'
14:57:18.042 [AsyncHttpClient-1-7] DEBUG org.asynchttpclient.netty.handler.HttpHandler - 

Request DefaultHttpRequest(decodeResult: success, version: HTTP/1.1)
POST /session/59bfa4dc0a34074dcc1fb2ec5c177c2a/execute/sync HTTP/1.1
User-Agent: selenium/4.1.2 (java windows)
Content-Length: 48780
Content-Type: application/json; charset=utf-8
host: localhost:56276
accept: */*

Response DefaultHttpResponse(decodeResult: success, version: HTTP/1.1)
HTTP/1.1 200 OK
Content-Type: application/json; charset=utf-8
cache-control: no-cache
content-length: 15

14:57:18.042 [AsyncHttpClient-1-7] DEBUG org.asynchttpclient.netty.channel.ChannelManager - Adding key: http://localhost:56276 for channel [id: 0x0160f068, L:/127.0.0.1:65371 - R:localhost/127.0.0.1:56276]
14:57:18.044 [main] DEBUG net.thucydides.core.steps.StepInterceptor - STEP DONE: validateEmptyProduct
14:57:18.049 [main] DEBUG net.thucydides.core.steps.StepInterceptor - STARTING STEP: ProductStep.iGetEmptyCartProduct - emptyTextEqual
14:57:18.050 [Forwarding findElement on session 59bfa4dc0a34074dcc1fb2ec5c177c2a to remote] DEBUG org.asynchttpclient.netty.request.NettyRequestSender - Using pooled Channel '[id: 0x0160f068, L:/127.0.0.1:65371 - R:localhost/127.0.0.1:56276]' for 'POST' to 'http://localhost:56276/session/59bfa4dc0a34074dcc1fb2ec5c177c2a/element'
14:57:18.050 [Forwarding findElement on session 59bfa4dc0a34074dcc1fb2ec5c177c2a to remote] DEBUG org.asynchttpclient.netty.request.NettyRequestSender - Using open Channel [id: 0x0160f068, L:/127.0.0.1:65371 - R:localhost/127.0.0.1:56276] for POST '/session/59bfa4dc0a34074dcc1fb2ec5c177c2a/element'
14:57:18.056 [AsyncHttpClient-1-7] DEBUG org.asynchttpclient.netty.handler.HttpHandler - 

Request DefaultHttpRequest(decodeResult: success, version: HTTP/1.1)
POST /session/59bfa4dc0a34074dcc1fb2ec5c177c2a/element HTTP/1.1
User-Agent: selenium/4.1.2 (java windows)
Content-Length: 71
Content-Type: application/json; charset=utf-8
host: localhost:56276
accept: */*

Response DefaultHttpResponse(decodeResult: success, version: HTTP/1.1)
HTTP/1.1 200 OK
Content-Type: application/json; charset=utf-8
cache-control: no-cache
content-length: 88

14:57:18.056 [AsyncHttpClient-1-7] DEBUG org.asynchttpclient.netty.channel.ChannelManager - Adding key: http://localhost:56276 for channel [id: 0x0160f068, L:/127.0.0.1:65371 - R:localhost/127.0.0.1:56276]
14:57:18.057 [Forwarding getElementText on session 59bfa4dc0a34074dcc1fb2ec5c177c2a to remote] DEBUG org.asynchttpclient.netty.request.NettyRequestSender - Using pooled Channel '[id: 0x0160f068, L:/127.0.0.1:65371 - R:localhost/127.0.0.1:56276]' for 'GET' to 'http://localhost:56276/session/59bfa4dc0a34074dcc1fb2ec5c177c2a/element/f8779fb9-d69c-4a52-a00d-d62dba607e9e/text'
14:57:18.057 [Forwarding getElementText on session 59bfa4dc0a34074dcc1fb2ec5c177c2a to remote] DEBUG org.asynchttpclient.netty.request.NettyRequestSender - Using open Channel [id: 0x0160f068, L:/127.0.0.1:65371 - R:localhost/127.0.0.1:56276] for GET '/session/59bfa4dc0a34074dcc1fb2ec5c177c2a/element/f8779fb9-d69c-4a52-a00d-d62dba607e9e/text'
14:57:18.069 [AsyncHttpClient-1-7] DEBUG org.asynchttpclient.netty.handler.HttpHandler - 

Request DefaultFullHttpRequest(decodeResult: success, version: HTTP/1.1, content: EmptyByteBufBE)
GET /session/59bfa4dc0a34074dcc1fb2ec5c177c2a/element/f8779fb9-d69c-4a52-a00d-d62dba607e9e/text HTTP/1.1
User-Agent: selenium/4.1.2 (java windows)
Cache-Control: no-cache
Content-Type: application/json; charset=utf-8
host: localhost:56276
accept: */*

Response DefaultHttpResponse(decodeResult: success, version: HTTP/1.1)
HTTP/1.1 200 OK
Content-Type: application/json; charset=utf-8
cache-control: no-cache
content-length: 12

14:57:18.069 [AsyncHttpClient-1-7] DEBUG org.asynchttpclient.netty.channel.ChannelManager - Adding key: http://localhost:56276 for channel [id: 0x0160f068, L:/127.0.0.1:65371 - R:localhost/127.0.0.1:56276]
14:57:18.071 [Forwarding screenshot on session 59bfa4dc0a34074dcc1fb2ec5c177c2a to remote] DEBUG org.asynchttpclient.netty.request.NettyRequestSender - Using pooled Channel '[id: 0x0160f068, L:/127.0.0.1:65371 - R:localhost/127.0.0.1:56276]' for 'GET' to 'http://localhost:56276/session/59bfa4dc0a34074dcc1fb2ec5c177c2a/screenshot'
14:57:18.072 [Forwarding screenshot on session 59bfa4dc0a34074dcc1fb2ec5c177c2a to remote] DEBUG org.asynchttpclient.netty.request.NettyRequestSender - Using open Channel [id: 0x0160f068, L:/127.0.0.1:65371 - R:localhost/127.0.0.1:56276] for GET '/session/59bfa4dc0a34074dcc1fb2ec5c177c2a/screenshot'
14:57:18.221 [AsyncHttpClient-1-7] DEBUG org.asynchttpclient.netty.handler.HttpHandler - 

Request DefaultFullHttpRequest(decodeResult: success, version: HTTP/1.1, content: EmptyByteBufBE)
GET /session/59bfa4dc0a34074dcc1fb2ec5c177c2a/screenshot HTTP/1.1
User-Agent: selenium/4.1.2 (java windows)
Cache-Control: no-cache
Content-Type: application/json; charset=utf-8
host: localhost:56276
accept: */*

Response DefaultHttpResponse(decodeResult: success, version: HTTP/1.1)
HTTP/1.1 200 OK
Content-Type: application/json; charset=utf-8
cache-control: no-cache
content-length: 18416

14:57:18.221 [AsyncHttpClient-1-7] DEBUG org.asynchttpclient.netty.channel.ChannelManager - Adding key: http://localhost:56276 for channel [id: 0x0160f068, L:/127.0.0.1:65371 - R:localhost/127.0.0.1:56276]
14:57:18.222 [main] DEBUG net.serenitybdd.core.photography.Darkroom - Send negative for processing for target\site\serenity\ee644ec3ba20c7056086a33ee9285fafb99f1b37b40bfcc3ba6ae94e3a0a5871.png
14:57:18.223 [main] DEBUG net.thucydides.core.steps.StepInterceptor - STEP DONE: emptyTextEqual
  &amp#27;[32mThen &amp#27;[0m&amp#27;[32mI get empty cart product&amp#27;[0m       &amp#27;[90m# Starter.StepDefinitions.ProductStep.iGetEmptyCartProduct()&amp#27;[0m
14:57:18.223 [Darkroom Processing Line] DEBUG net.serenitybdd.core.photography.DarkroomProcessingLine - Processing screenshot image in /var/screenshots/screenshot-4270083455648768684
14:57:18.223 [Darkroom Processing Line] DEBUG net.serenitybdd.core.photography.DarkroomProcessingLine - Saving screenshot to target\site\serenity\ee644ec3ba20c7056086a33ee9285fafb99f1b37b40bfcc3ba6ae94e3a0a5871.png
14:57:18.227 [main] INFO  - 
  _____   ___   ___   _____     ___     _     ___   ___   ___   ___  
 |_   _| | __| / __| |_   _|   | _ \   /_\   / __| / __| | __| |   \ 
   | |   | _|  \__ \   | |     |  _/  / _ \  \__ \ \__ \ | _|  | |) |
   |_|   |___| |___/   |_|     |_|   /_/ \_\ |___/ |___/ |___| |___/ 

See Product AltaShop
----------------------------------------------------------------------
14:57:18.228 [AsyncHttpClient-1-9] DEBUG org.asynchttpclient.netty.handler.WebSocketHandler - Channel Closed: [id: 0x0131acf4, L:/127.0.0.1:65379 ! R:localhost/127.0.0.1:65372] with attribute NettyResponseFuture{currentRetry=5,
	isDone=1,
	isCancelled=0,
	asyncHandler=org.asynchttpclient.ws.WebSocketUpgradeHandler@38790d0e,
	nettyRequest=org.asynchttpclient.netty.request.NettyRequest@5824e984,
	future=java.util.concurrent.CompletableFuture@147431e7[Completed normally],
	uri=ws://localhost:65372/devtools/browser/c3762b49-28d2-4870-a1ec-a8296b663aaa,
	keepAlive=true,
	redirectCount=0,
	timeoutsHolder=null,
	inAuth=0,
	touch=1652687835194}
14:57:18.228 [AsyncHttpClient-1-9] DEBUG org.asynchttpclient.netty.channel.ChannelManager - Closing Channel [id: 0x0131acf4, L:/127.0.0.1:65379 ! R:localhost/127.0.0.1:65372] 
14:57:18.230 [Driver Command Executor] DEBUG org.asynchttpclient.netty.request.NettyRequestSender - Using pooled Channel '[id: 0x0160f068, L:/127.0.0.1:65371 - R:localhost/127.0.0.1:56276]' for 'DELETE' to 'http://localhost:56276/session/59bfa4dc0a34074dcc1fb2ec5c177c2a'
14:57:18.231 [Driver Command Executor] DEBUG org.asynchttpclient.netty.request.NettyRequestSender - Using open Channel [id: 0x0160f068, L:/127.0.0.1:65371 - R:localhost/127.0.0.1:56276] for DELETE '/session/59bfa4dc0a34074dcc1fb2ec5c177c2a'
14:57:18.309 [AsyncHttpClient-1-8] DEBUG org.asynchttpclient.netty.handler.HttpHandler - Unexpected I/O exception on channel [id: 0x7ee8b325, L:/127.0.0.1:65378 - R:localhost/127.0.0.1:65372]
java.net.SocketException: Connection reset
	at java.base/sun.nio.ch.SocketChannelImpl.throwConnectionReset(SocketChannelImpl.java:367)
	at java.base/sun.nio.ch.SocketChannelImpl.read(SocketChannelImpl.java:398)
	at io.netty.buffer.PooledByteBuf.setBytes(PooledByteBuf.java:258)
	at io.netty.buffer.AbstractByteBuf.writeBytes(AbstractByteBuf.java:1132)
	at io.netty.channel.socket.nio.NioSocketChannel.doReadBytes(NioSocketChannel.java:350)
	at io.netty.channel.nio.AbstractNioByteChannel$NioByteUnsafe.read(AbstractNioByteChannel.java:151)
	at io.netty.channel.nio.NioEventLoop.processSelectedKey(NioEventLoop.java:722)
	at io.netty.channel.nio.NioEventLoop.processSelectedKeysOptimized(NioEventLoop.java:658)
	at io.netty.channel.nio.NioEventLoop.processSelectedKeys(NioEventLoop.java:584)
	at io.netty.channel.nio.NioEventLoop.run(NioEventLoop.java:496)
	at io.netty.util.concurrent.SingleThreadEventExecutor$4.run(SingleThreadEventExecutor.java:986)
	at io.netty.util.internal.ThreadExecutorMap$2.run(ThreadExecutorMap.java:74)
	at io.netty.util.concurrent.FastThreadLocalRunnable.run(FastThreadLocalRunnable.java:30)
	at java.base/java.lang.Thread.run(Thread.java:832)
14:57:18.309 [AsyncHttpClient-1-8] DEBUG org.asynchttpclient.netty.channel.ChannelManager - Closing Channel [id: 0x7ee8b325, L:/127.0.0.1:65378 - R:localhost/127.0.0.1:65372] 
14:57:18.309 [AsyncHttpClient-1-8] DEBUG org.asynchttpclient.netty.handler.HttpHandler - Channel Closed: [id: 0x7ee8b325, L:/127.0.0.1:65378 ! R:localhost/127.0.0.1:65372] with attribute DISCARD
14:57:18.336 [AsyncHttpClient-1-7] DEBUG org.asynchttpclient.netty.handler.HttpHandler - 

Request DefaultFullHttpRequest(decodeResult: success, version: HTTP/1.1, content: EmptyByteBufBE)
DELETE /session/59bfa4dc0a34074dcc1fb2ec5c177c2a HTTP/1.1
User-Agent: selenium/4.1.2 (java windows)
Content-Type: application/json; charset=utf-8
host: localhost:56276
accept: */*

Response DefaultHttpResponse(decodeResult: success, version: HTTP/1.1)
HTTP/1.1 200 OK
Content-Type: application/json; charset=utf-8
cache-control: no-cache
content-length: 14

14:57:18.336 [AsyncHttpClient-1-7] DEBUG org.asynchttpclient.netty.channel.ChannelManager - Adding key: http://localhost:56276 for channel [id: 0x0160f068, L:/127.0.0.1:65371 - R:localhost/127.0.0.1:56276]
14:57:18.397 [AsyncHttpClient-1-7] DEBUG org.asynchttpclient.netty.handler.HttpHandler - Channel Closed: [id: 0x0160f068, L:/127.0.0.1:65371 ! R:localhost/127.0.0.1:56276] with attribute DISCARD
14:57:18.603 [AsyncHttpClient-1-1] DEBUG org.asynchttpclient.netty.channel.DefaultChannelPool - Entry count for : http://localhost:56276 : 1
14:57:18.603 [AsyncHttpClient-1-1] DEBUG org.asynchttpclient.netty.channel.DefaultChannelPool - Entry count for : http://localhost:65372 : 1
14:57:18.603 [AsyncHttpClient-1-1] DEBUG org.asynchttpclient.netty.channel.DefaultChannelPool - Adding Candidate expired Channel [id: 0x0160f068, L:/127.0.0.1:65371 ! R:localhost/127.0.0.1:56276] isIdleTimeoutExpired=false isRemotelyClosed=true isTtlExpired=false
14:57:18.603 [AsyncHttpClient-1-1] DEBUG org.asynchttpclient.netty.channel.DefaultChannelPool - Closing Idle Channel [id: 0x0160f068, L:/127.0.0.1:65371 ! R:localhost/127.0.0.1:56276]
14:57:18.603 [AsyncHttpClient-1-1] DEBUG org.asynchttpclient.netty.channel.DefaultChannelPool - Adding Candidate expired Channel [id: 0x7ee8b325, L:/127.0.0.1:65378 ! R:localhost/127.0.0.1:65372] isIdleTimeoutExpired=false isRemotelyClosed=true isTtlExpired=false
14:57:18.603 [AsyncHttpClient-1-1] DEBUG org.asynchttpclient.netty.channel.DefaultChannelPool - Closing Idle Channel [id: 0x7ee8b325, L:/127.0.0.1:65378 ! R:localhost/127.0.0.1:65372]
14:57:18.603 [AsyncHttpClient-1-1] DEBUG org.asynchttpclient.netty.channel.DefaultChannelPool - Closed 2 connections out of 2 in 0 ms
]]></system-out>
    <system-err><![CDATA[Starting ChromeDriver 101.0.4951.41 (93c720db8323b3ec10d056025ab95c23a31997c9-refs/branch-heads/4951@{#904}) on port 56276
Only local connections are allowed.
Please see https://chromedriver.chromium.org/security-considerations for suggestions on keeping ChromeDriver safe.
ChromeDriver was started successfully.
May 16, 2022 2:57:15 PM org.openqa.selenium.remote.ProtocolHandshake createSession
INFO: Detected dialect: W3C
May 16, 2022 2:57:15 PM org.openqa.selenium.devtools.CdpVersionFinder findNearestMatch
WARNING: Unable to find an exact match for CDP version 101, so returning the closest version found: 97
May 16, 2022 2:57:15 PM org.openqa.selenium.devtools.CdpVersionFinder findNearestMatch
INFO: Found CDP implementation for version 101 of 97
]]></system-err>
  </testcase>
  <testcase name="Buying Product AltaShop" classname="Product" time="5.462">
    <system-out><![CDATA[
@Product
Scenario: Buying Product AltaShop     &amp#27;[90m# src/test/resources/features/Product.feature:13&amp#27;[0m
14:57:18.932 [main] INFO io.cucumber.core.plugin.SerenityReporter - Running feature from file:///D:/data%20hakim/Mini%20Project%20Alterra/WebAlta/src/test/resources/features/Product.feature
14:57:18.934 [main] INFO  - 
  _____   ___   ___   _____     ___   _____     _     ___   _____   ___   ___  
 |_   _| | __| / __| |_   _|   / __| |_   _|   /_\   | _ \ |_   _| | __| |   \ 
   | |   | _|  \__ \   | |     \__ \   | |    / _ \  |   /   | |   | _|  | |) |
   |_|   |___| |___/   |_|     |___/   |_|   /_/ \_\ |_|_\   |_|   |___| |___/ 

Buying Product AltaShop(product;buying-product-altashop)
--------------------------------------------------------------------------------
14:57:18.952 [main] INFO net.serenitybdd.core.webdriver.driverproviders.ChromeDriverProvider - Using automatically driver download
14:57:19.057 [main] DEBUG io.github.bonigarcia.wdm.cache.ResolutionCache - Resolution chrome=101 in cache (valid until 15:32:06 16/05/2022 WIB)
14:57:19.060 [main] DEBUG io.github.bonigarcia.wdm.cache.ResolutionCache - Resolution chrome101=101.0.4951.41 in cache (valid until 14:32:06 17/05/2022 WIB)
14:57:19.063 [main] INFO io.github.bonigarcia.wdm.WebDriverManager - Using chromedriver 101.0.4951.41 (resolved driver for Chrome 101)
14:57:19.074 [main] DEBUG io.github.bonigarcia.wdm.WebDriverManager - Driver chromedriver 101.0.4951.41 found in cache
14:57:19.074 [main] INFO io.github.bonigarcia.wdm.WebDriverManager - Exporting webdriver.chrome.driver as C:\Users\hp pc\.cache\selenium\chromedriver\win32\101.0.4951.41\chromedriver.exe
14:57:19.164 [main] DEBUG net.serenitybdd.core.webdriver.driverproviders.ProvideNewDriver - Instantiating driver
14:57:19.164 [main] DEBUG net.serenitybdd.core.webdriver.driverproviders.ProvideNewDriver - Driver capabilities: Capabilities {acceptInsecureCerts: false, base.url: https://qa.alta.id/, browserName: chrome, chrome.driver: src/test/resources/webdrive..., driver: chrome, goog:chromeOptions: {args: [], extensions: []}}
14:57:19.695 [AsyncHttpClient-1-2] DEBUG org.asynchttpclient.netty.channel.NettyConnectListener - Using new Channel '[id: 0x97a51816, L:/127.0.0.1:65402 - R:localhost/127.0.0.1:60604]' for 'POST' to '/session'
14:57:20.441 [AsyncHttpClient-1-2] DEBUG org.asynchttpclient.netty.handler.HttpHandler - 

Request DefaultHttpRequest(decodeResult: success, version: HTTP/1.1)
POST /session HTTP/1.1
User-Agent: selenium/4.1.2 (java windows)
Content-Length: 605
Content-Type: application/json; charset=utf-8
host: localhost:60604
accept: */*

Response DefaultHttpResponse(decodeResult: success, version: HTTP/1.1)
HTTP/1.1 200 OK
Content-Type: application/json; charset=utf-8
cache-control: no-cache
content-length: 789

14:57:20.441 [AsyncHttpClient-1-2] DEBUG org.asynchttpclient.netty.channel.ChannelManager - Adding key: http://localhost:60604 for channel [id: 0x97a51816, L:/127.0.0.1:65402 - R:localhost/127.0.0.1:60604]
14:57:20.447 [AsyncHttpClient-1-3] DEBUG org.asynchttpclient.netty.channel.NettyConnectListener - Using new Channel '[id: 0x6df946d4, L:/127.0.0.1:65409 - R:localhost/127.0.0.1:65403]' for 'GET' to '/json/version'
14:57:20.449 [AsyncHttpClient-1-3] DEBUG org.asynchttpclient.netty.handler.HttpHandler - 

Request DefaultFullHttpRequest(decodeResult: success, version: HTTP/1.1, content: EmptyByteBufBE)
GET /json/version HTTP/1.1
User-Agent: selenium/4.1.2 (java windows)
host: localhost:65403
accept: */*

Response DefaultHttpResponse(decodeResult: success, version: HTTP/1.1)
HTTP/1.1 200 OK
Content-Type: application/json; charset=UTF-8
content-length: 427

14:57:20.449 [AsyncHttpClient-1-3] DEBUG org.asynchttpclient.netty.channel.ChannelManager - Adding key: http://localhost:65403 for channel [id: 0x6df946d4, L:/127.0.0.1:65409 - R:localhost/127.0.0.1:65403]
14:57:20.451 [AsyncHttpClient-1-4] DEBUG org.asynchttpclient.netty.channel.NettyConnectListener - Using new Channel '[id: 0x4582e194, L:/127.0.0.1:65410 - R:localhost/127.0.0.1:65403]' for 'GET' to '/devtools/browser/73b356c2-c559-411f-84ec-56a64b8fe23a'
14:57:20.452 [AsyncHttpClient-1-4] DEBUG org.asynchttpclient.netty.handler.WebSocketHandler - 

Request DefaultFullHttpRequest(decodeResult: success, version: HTTP/1.1, content: EmptyByteBufBE)
GET /devtools/browser/73b356c2-c559-411f-84ec-56a64b8fe23a HTTP/1.1
upgrade: websocket
connection: upgrade
sec-websocket-key: S08kxm/m9rifHLNFdwuygA==
sec-websocket-version: 13
origin: http://localhost:65403
host: localhost:65403
accept: */*
user-agent: AHC/2.1

Response DefaultHttpResponse(decodeResult: success, version: HTTP/1.1)
HTTP/1.1 101 WebSocket Protocol Handshake
Upgrade: WebSocket
Connection: Upgrade
Sec-WebSocket-Accept: MDlFj+K9jtu1Oc20tvVwtzYATM4=

14:57:20.455 [Forwarding maximizeCurrentWindow on session 0e5ff4d45f200b2a31d7e7abdaab2f79 to remote] DEBUG org.asynchttpclient.netty.request.NettyRequestSender - Using pooled Channel '[id: 0x97a51816, L:/127.0.0.1:65402 - R:localhost/127.0.0.1:60604]' for 'POST' to 'http://localhost:60604/session/0e5ff4d45f200b2a31d7e7abdaab2f79/window/maximize'
14:57:20.455 [Forwarding maximizeCurrentWindow on session 0e5ff4d45f200b2a31d7e7abdaab2f79 to remote] DEBUG org.asynchttpclient.netty.request.NettyRequestSender - Using open Channel [id: 0x97a51816, L:/127.0.0.1:65402 - R:localhost/127.0.0.1:60604] for POST '/session/0e5ff4d45f200b2a31d7e7abdaab2f79/window/maximize'
14:57:20.576 [AsyncHttpClient-1-2] DEBUG org.asynchttpclient.netty.handler.HttpHandler - 

Request DefaultHttpRequest(decodeResult: success, version: HTTP/1.1)
POST /session/0e5ff4d45f200b2a31d7e7abdaab2f79/window/maximize HTTP/1.1
User-Agent: selenium/4.1.2 (java windows)
Content-Length: 3
Content-Type: application/json; charset=utf-8
host: localhost:60604
accept: */*

Response DefaultHttpResponse(decodeResult: success, version: HTTP/1.1)
HTTP/1.1 200 OK
Content-Type: application/json; charset=utf-8
cache-control: no-cache
content-length: 51

14:57:20.576 [AsyncHttpClient-1-2] DEBUG org.asynchttpclient.netty.channel.ChannelManager - Adding key: http://localhost:60604 for channel [id: 0x97a51816, L:/127.0.0.1:65402 - R:localhost/127.0.0.1:60604]
14:57:20.578 [Forwarding get on session 0e5ff4d45f200b2a31d7e7abdaab2f79 to remote] DEBUG org.asynchttpclient.netty.request.NettyRequestSender - Using pooled Channel '[id: 0x97a51816, L:/127.0.0.1:65402 - R:localhost/127.0.0.1:60604]' for 'POST' to 'http://localhost:60604/session/0e5ff4d45f200b2a31d7e7abdaab2f79/url'
14:57:20.578 [Forwarding get on session 0e5ff4d45f200b2a31d7e7abdaab2f79 to remote] DEBUG org.asynchttpclient.netty.request.NettyRequestSender - Using open Channel [id: 0x97a51816, L:/127.0.0.1:65402 - R:localhost/127.0.0.1:60604] for POST '/session/0e5ff4d45f200b2a31d7e7abdaab2f79/url'
14:57:20.805 [AsyncHttpClient-1-1] DEBUG org.asynchttpclient.netty.channel.DefaultChannelPool - Entry count for : http://localhost:65403 : 1
14:57:21.338 [AsyncHttpClient-1-2] DEBUG org.asynchttpclient.netty.handler.HttpHandler - 

Request DefaultHttpRequest(decodeResult: success, version: HTTP/1.1)
POST /session/0e5ff4d45f200b2a31d7e7abdaab2f79/url HTTP/1.1
User-Agent: selenium/4.1.2 (java windows)
Content-Length: 49
Content-Type: application/json; charset=utf-8
host: localhost:60604
accept: */*

Response DefaultHttpResponse(decodeResult: success, version: HTTP/1.1)
HTTP/1.1 200 OK
Content-Type: application/json; charset=utf-8
cache-control: no-cache
content-length: 14

14:57:21.338 [AsyncHttpClient-1-2] DEBUG org.asynchttpclient.netty.channel.ChannelManager - Adding key: http://localhost:60604 for channel [id: 0x97a51816, L:/127.0.0.1:65402 - R:localhost/127.0.0.1:60604]
14:57:21.340 [Forwarding setTimeout on session 0e5ff4d45f200b2a31d7e7abdaab2f79 to remote] DEBUG org.asynchttpclient.netty.request.NettyRequestSender - Using pooled Channel '[id: 0x97a51816, L:/127.0.0.1:65402 - R:localhost/127.0.0.1:60604]' for 'POST' to 'http://localhost:60604/session/0e5ff4d45f200b2a31d7e7abdaab2f79/timeouts'
14:57:21.340 [Forwarding setTimeout on session 0e5ff4d45f200b2a31d7e7abdaab2f79 to remote] DEBUG org.asynchttpclient.netty.request.NettyRequestSender - Using open Channel [id: 0x97a51816, L:/127.0.0.1:65402 - R:localhost/127.0.0.1:60604] for POST '/session/0e5ff4d45f200b2a31d7e7abdaab2f79/timeouts'
14:57:21.342 [AsyncHttpClient-1-2] DEBUG org.asynchttpclient.netty.handler.HttpHandler - 

Request DefaultHttpRequest(decodeResult: success, version: HTTP/1.1)
POST /session/0e5ff4d45f200b2a31d7e7abdaab2f79/timeouts HTTP/1.1
User-Agent: selenium/4.1.2 (java windows)
Content-Length: 22
Content-Type: application/json; charset=utf-8
host: localhost:60604
accept: */*

Response DefaultHttpResponse(decodeResult: success, version: HTTP/1.1)
HTTP/1.1 200 OK
Content-Type: application/json; charset=utf-8
cache-control: no-cache
content-length: 14

14:57:21.342 [AsyncHttpClient-1-2] DEBUG org.asynchttpclient.netty.channel.ChannelManager - Adding key: http://localhost:60604 for channel [id: 0x97a51816, L:/127.0.0.1:65402 - R:localhost/127.0.0.1:60604]
14:57:21.345 [Forwarding getCurrentUrl on session 0e5ff4d45f200b2a31d7e7abdaab2f79 to remote] DEBUG org.asynchttpclient.netty.request.NettyRequestSender - Using pooled Channel '[id: 0x97a51816, L:/127.0.0.1:65402 - R:localhost/127.0.0.1:60604]' for 'GET' to 'http://localhost:60604/session/0e5ff4d45f200b2a31d7e7abdaab2f79/url'
14:57:21.345 [Forwarding getCurrentUrl on session 0e5ff4d45f200b2a31d7e7abdaab2f79 to remote] DEBUG org.asynchttpclient.netty.request.NettyRequestSender - Using open Channel [id: 0x97a51816, L:/127.0.0.1:65402 - R:localhost/127.0.0.1:60604] for GET '/session/0e5ff4d45f200b2a31d7e7abdaab2f79/url'
14:57:21.349 [AsyncHttpClient-1-2] DEBUG org.asynchttpclient.netty.handler.HttpHandler - 

Request DefaultFullHttpRequest(decodeResult: success, version: HTTP/1.1, content: EmptyByteBufBE)
GET /session/0e5ff4d45f200b2a31d7e7abdaab2f79/url HTTP/1.1
User-Agent: selenium/4.1.2 (java windows)
Cache-Control: no-cache
Content-Type: application/json; charset=utf-8
host: localhost:60604
accept: */*

Response DefaultHttpResponse(decodeResult: success, version: HTTP/1.1)
HTTP/1.1 200 OK
Content-Type: application/json; charset=utf-8
cache-control: no-cache
content-length: 31

14:57:21.349 [AsyncHttpClient-1-2] DEBUG org.asynchttpclient.netty.channel.ChannelManager - Adding key: http://localhost:60604 for channel [id: 0x97a51816, L:/127.0.0.1:65402 - R:localhost/127.0.0.1:60604]
14:57:21.358 [Forwarding screenshot on session 0e5ff4d45f200b2a31d7e7abdaab2f79 to remote] DEBUG org.asynchttpclient.netty.request.NettyRequestSender - Using pooled Channel '[id: 0x97a51816, L:/127.0.0.1:65402 - R:localhost/127.0.0.1:60604]' for 'GET' to 'http://localhost:60604/session/0e5ff4d45f200b2a31d7e7abdaab2f79/screenshot'
14:57:21.358 [Forwarding screenshot on session 0e5ff4d45f200b2a31d7e7abdaab2f79 to remote] DEBUG org.asynchttpclient.netty.request.NettyRequestSender - Using open Channel [id: 0x97a51816, L:/127.0.0.1:65402 - R:localhost/127.0.0.1:60604] for GET '/session/0e5ff4d45f200b2a31d7e7abdaab2f79/screenshot'
14:57:21.682 [AsyncHttpClient-1-2] DEBUG org.asynchttpclient.netty.handler.HttpHandler - 

Request DefaultFullHttpRequest(decodeResult: success, version: HTTP/1.1, content: EmptyByteBufBE)
GET /session/0e5ff4d45f200b2a31d7e7abdaab2f79/screenshot HTTP/1.1
User-Agent: selenium/4.1.2 (java windows)
Cache-Control: no-cache
Content-Type: application/json; charset=utf-8
host: localhost:60604
accept: */*

Response DefaultHttpResponse(decodeResult: success, version: HTTP/1.1)
HTTP/1.1 200 OK
Content-Type: application/json; charset=utf-8
cache-control: no-cache
content-length: 37112

14:57:21.683 [AsyncHttpClient-1-2] DEBUG org.asynchttpclient.netty.channel.ChannelManager - Adding key: http://localhost:60604 for channel [id: 0x97a51816, L:/127.0.0.1:65402 - R:localhost/127.0.0.1:60604]
14:57:21.684 [main] DEBUG net.serenitybdd.core.photography.Darkroom - Send negative for processing for target\site\serenity\b77185a5cd00ee269d3977f94cdf277c11ababcc4acdd8d4dc5db4ae9130594f.png
14:57:21.684 [main] DEBUG net.thucydides.core.steps.StepInterceptor - STARTING STEP: ProductStep.iOnTheHomePage - validateOnHomePage
14:57:21.686 [Forwarding findElement on session 0e5ff4d45f200b2a31d7e7abdaab2f79 to remote] DEBUG org.asynchttpclient.netty.request.NettyRequestSender - Using pooled Channel '[id: 0x97a51816, L:/127.0.0.1:65402 - R:localhost/127.0.0.1:60604]' for 'POST' to 'http://localhost:60604/session/0e5ff4d45f200b2a31d7e7abdaab2f79/element'
14:57:21.686 [Forwarding findElement on session 0e5ff4d45f200b2a31d7e7abdaab2f79 to remote] DEBUG org.asynchttpclient.netty.request.NettyRequestSender - Using open Channel [id: 0x97a51816, L:/127.0.0.1:65402 - R:localhost/127.0.0.1:60604] for POST '/session/0e5ff4d45f200b2a31d7e7abdaab2f79/element'
14:57:21.901 [AsyncHttpClient-1-1] DEBUG org.asynchttpclient.netty.channel.DefaultChannelPool - Entry count for : http://localhost:65403 : 1
14:57:22.506 [AsyncHttpClient-1-2] DEBUG org.asynchttpclient.netty.handler.HttpHandler - 

Request DefaultHttpRequest(decodeResult: success, version: HTTP/1.1)
POST /session/0e5ff4d45f200b2a31d7e7abdaab2f79/element HTTP/1.1
User-Agent: selenium/4.1.2 (java windows)
Content-Length: 127
Content-Type: application/json; charset=utf-8
host: localhost:60604
accept: */*

Response DefaultHttpResponse(decodeResult: success, version: HTTP/1.1)
HTTP/1.1 200 OK
Content-Type: application/json; charset=utf-8
cache-control: no-cache
content-length: 88

14:57:22.506 [AsyncHttpClient-1-2] DEBUG org.asynchttpclient.netty.channel.ChannelManager - Adding key: http://localhost:60604 for channel [id: 0x97a51816, L:/127.0.0.1:65402 - R:localhost/127.0.0.1:60604]
14:57:22.509 [Forwarding isElementDisplayed on session 0e5ff4d45f200b2a31d7e7abdaab2f79 to remote] DEBUG org.asynchttpclient.netty.request.NettyRequestSender - Using pooled Channel '[id: 0x97a51816, L:/127.0.0.1:65402 - R:localhost/127.0.0.1:60604]' for 'POST' to 'http://localhost:60604/session/0e5ff4d45f200b2a31d7e7abdaab2f79/execute/sync'
14:57:22.510 [Forwarding isElementDisplayed on session 0e5ff4d45f200b2a31d7e7abdaab2f79 to remote] DEBUG org.asynchttpclient.netty.request.NettyRequestSender - Using open Channel [id: 0x97a51816, L:/127.0.0.1:65402 - R:localhost/127.0.0.1:60604] for POST '/session/0e5ff4d45f200b2a31d7e7abdaab2f79/execute/sync'
14:57:22.524 [AsyncHttpClient-1-2] DEBUG org.asynchttpclient.netty.handler.HttpHandler - 

Request DefaultHttpRequest(decodeResult: success, version: HTTP/1.1)
POST /session/0e5ff4d45f200b2a31d7e7abdaab2f79/execute/sync HTTP/1.1
User-Agent: selenium/4.1.2 (java windows)
Content-Length: 48780
Content-Type: application/json; charset=utf-8
host: localhost:60604
accept: */*

Response DefaultHttpResponse(decodeResult: success, version: HTTP/1.1)
HTTP/1.1 200 OK
Content-Type: application/json; charset=utf-8
cache-control: no-cache
content-length: 14

14:57:22.524 [AsyncHttpClient-1-2] DEBUG org.asynchttpclient.netty.channel.ChannelManager - Adding key: http://localhost:60604 for channel [id: 0x97a51816, L:/127.0.0.1:65402 - R:localhost/127.0.0.1:60604]
14:57:22.528 [Forwarding screenshot on session 0e5ff4d45f200b2a31d7e7abdaab2f79 to remote] DEBUG org.asynchttpclient.netty.request.NettyRequestSender - Using pooled Channel '[id: 0x97a51816, L:/127.0.0.1:65402 - R:localhost/127.0.0.1:60604]' for 'GET' to 'http://localhost:60604/session/0e5ff4d45f200b2a31d7e7abdaab2f79/screenshot'
14:57:22.528 [Forwarding screenshot on session 0e5ff4d45f200b2a31d7e7abdaab2f79 to remote] DEBUG org.asynchttpclient.netty.request.NettyRequestSender - Using open Channel [id: 0x97a51816, L:/127.0.0.1:65402 - R:localhost/127.0.0.1:60604] for GET '/session/0e5ff4d45f200b2a31d7e7abdaab2f79/screenshot'
14:57:22.658 [AsyncHttpClient-1-2] DEBUG org.asynchttpclient.netty.handler.HttpHandler - 

Request DefaultFullHttpRequest(decodeResult: success, version: HTTP/1.1, content: EmptyByteBufBE)
GET /session/0e5ff4d45f200b2a31d7e7abdaab2f79/screenshot HTTP/1.1
User-Agent: selenium/4.1.2 (java windows)
Cache-Control: no-cache
Content-Type: application/json; charset=utf-8
host: localhost:60604
accept: */*

Response DefaultHttpResponse(decodeResult: success, version: HTTP/1.1)
HTTP/1.1 200 OK
Content-Type: application/json; charset=utf-8
cache-control: no-cache
content-length: 81040

14:57:22.659 [AsyncHttpClient-1-2] DEBUG org.asynchttpclient.netty.channel.ChannelManager - Adding key: http://localhost:60604 for channel [id: 0x97a51816, L:/127.0.0.1:65402 - R:localhost/127.0.0.1:60604]
14:57:22.660 [main] DEBUG net.serenitybdd.core.photography.Darkroom - Send negative for processing for target\site\serenity\6d13440a212f491a2859705754c4584550c84f411872b463521210a3aa41cae7.png
14:57:22.660 [main] DEBUG net.thucydides.core.steps.StepInterceptor - STEP DONE: validateOnHomePage
  &amp#27;[32mGiven &amp#27;[0m&amp#27;[32mI am on the HomePage AltaShop&amp#27;[0m &amp#27;[90m# Starter.StepDefinitions.ProductStep.iOnTheHomePage()&amp#27;[0m
14:57:22.668 [main] DEBUG net.thucydides.core.steps.StepInterceptor - STARTING STEP: ProductStep.iClickButtonBuy - clickProductSatu
14:57:22.670 [Forwarding findElement on session 0e5ff4d45f200b2a31d7e7abdaab2f79 to remote] DEBUG org.asynchttpclient.netty.request.NettyRequestSender - Using pooled Channel '[id: 0x97a51816, L:/127.0.0.1:65402 - R:localhost/127.0.0.1:60604]' for 'POST' to 'http://localhost:60604/session/0e5ff4d45f200b2a31d7e7abdaab2f79/element'
14:57:22.670 [Forwarding findElement on session 0e5ff4d45f200b2a31d7e7abdaab2f79 to remote] DEBUG org.asynchttpclient.netty.request.NettyRequestSender - Using open Channel [id: 0x97a51816, L:/127.0.0.1:65402 - R:localhost/127.0.0.1:60604] for POST '/session/0e5ff4d45f200b2a31d7e7abdaab2f79/element'
14:57:22.684 [AsyncHttpClient-1-2] DEBUG org.asynchttpclient.netty.handler.HttpHandler - 

Request DefaultHttpRequest(decodeResult: success, version: HTTP/1.1)
POST /session/0e5ff4d45f200b2a31d7e7abdaab2f79/element HTTP/1.1
User-Agent: selenium/4.1.2 (java windows)
Content-Length: 122
Content-Type: application/json; charset=utf-8
host: localhost:60604
accept: */*

Response DefaultHttpResponse(decodeResult: success, version: HTTP/1.1)
HTTP/1.1 200 OK
Content-Type: application/json; charset=utf-8
cache-control: no-cache
content-length: 88

14:57:22.684 [AsyncHttpClient-1-2] DEBUG org.asynchttpclient.netty.channel.ChannelManager - Adding key: http://localhost:60604 for channel [id: 0x97a51816, L:/127.0.0.1:65402 - R:localhost/127.0.0.1:60604]
14:57:22.685 [Forwarding getElementTagName on session 0e5ff4d45f200b2a31d7e7abdaab2f79 to remote] DEBUG org.asynchttpclient.netty.request.NettyRequestSender - Using pooled Channel '[id: 0x97a51816, L:/127.0.0.1:65402 - R:localhost/127.0.0.1:60604]' for 'GET' to 'http://localhost:60604/session/0e5ff4d45f200b2a31d7e7abdaab2f79/element/16ac165c-55b1-4108-96fa-04c462cfafa7/name'
14:57:22.685 [Forwarding getElementTagName on session 0e5ff4d45f200b2a31d7e7abdaab2f79 to remote] DEBUG org.asynchttpclient.netty.request.NettyRequestSender - Using open Channel [id: 0x97a51816, L:/127.0.0.1:65402 - R:localhost/127.0.0.1:60604] for GET '/session/0e5ff4d45f200b2a31d7e7abdaab2f79/element/16ac165c-55b1-4108-96fa-04c462cfafa7/name'
14:57:22.689 [AsyncHttpClient-1-2] DEBUG org.asynchttpclient.netty.handler.HttpHandler - 

Request DefaultFullHttpRequest(decodeResult: success, version: HTTP/1.1, content: EmptyByteBufBE)
GET /session/0e5ff4d45f200b2a31d7e7abdaab2f79/element/16ac165c-55b1-4108-96fa-04c462cfafa7/name HTTP/1.1
User-Agent: selenium/4.1.2 (java windows)
Cache-Control: no-cache
Content-Type: application/json; charset=utf-8
host: localhost:60604
accept: */*

Response DefaultHttpResponse(decodeResult: success, version: HTTP/1.1)
HTTP/1.1 200 OK
Content-Type: application/json; charset=utf-8
cache-control: no-cache
content-length: 16

14:57:22.689 [AsyncHttpClient-1-2] DEBUG org.asynchttpclient.netty.channel.ChannelManager - Adding key: http://localhost:60604 for channel [id: 0x97a51816, L:/127.0.0.1:65402 - R:localhost/127.0.0.1:60604]
14:57:22.690 [Forwarding getElementTagName on session 0e5ff4d45f200b2a31d7e7abdaab2f79 to remote] DEBUG org.asynchttpclient.netty.request.NettyRequestSender - Using pooled Channel '[id: 0x97a51816, L:/127.0.0.1:65402 - R:localhost/127.0.0.1:60604]' for 'GET' to 'http://localhost:60604/session/0e5ff4d45f200b2a31d7e7abdaab2f79/element/16ac165c-55b1-4108-96fa-04c462cfafa7/name'
14:57:22.690 [Forwarding getElementTagName on session 0e5ff4d45f200b2a31d7e7abdaab2f79 to remote] DEBUG org.asynchttpclient.netty.request.NettyRequestSender - Using open Channel [id: 0x97a51816, L:/127.0.0.1:65402 - R:localhost/127.0.0.1:60604] for GET '/session/0e5ff4d45f200b2a31d7e7abdaab2f79/element/16ac165c-55b1-4108-96fa-04c462cfafa7/name'
14:57:22.695 [AsyncHttpClient-1-2] DEBUG org.asynchttpclient.netty.handler.HttpHandler - 

Request DefaultFullHttpRequest(decodeResult: success, version: HTTP/1.1, content: EmptyByteBufBE)
GET /session/0e5ff4d45f200b2a31d7e7abdaab2f79/element/16ac165c-55b1-4108-96fa-04c462cfafa7/name HTTP/1.1
User-Agent: selenium/4.1.2 (java windows)
Cache-Control: no-cache
Content-Type: application/json; charset=utf-8
host: localhost:60604
accept: */*

Response DefaultHttpResponse(decodeResult: success, version: HTTP/1.1)
HTTP/1.1 200 OK
Content-Type: application/json; charset=utf-8
cache-control: no-cache
content-length: 16

14:57:22.696 [AsyncHttpClient-1-2] DEBUG org.asynchttpclient.netty.channel.ChannelManager - Adding key: http://localhost:60604 for channel [id: 0x97a51816, L:/127.0.0.1:65402 - R:localhost/127.0.0.1:60604]
14:57:22.697 [Forwarding findElement on session 0e5ff4d45f200b2a31d7e7abdaab2f79 to remote] DEBUG org.asynchttpclient.netty.request.NettyRequestSender - Using pooled Channel '[id: 0x97a51816, L:/127.0.0.1:65402 - R:localhost/127.0.0.1:60604]' for 'POST' to 'http://localhost:60604/session/0e5ff4d45f200b2a31d7e7abdaab2f79/element'
14:57:22.697 [Forwarding findElement on session 0e5ff4d45f200b2a31d7e7abdaab2f79 to remote] DEBUG org.asynchttpclient.netty.request.NettyRequestSender - Using open Channel [id: 0x97a51816, L:/127.0.0.1:65402 - R:localhost/127.0.0.1:60604] for POST '/session/0e5ff4d45f200b2a31d7e7abdaab2f79/element'
14:57:22.707 [AsyncHttpClient-1-2] DEBUG org.asynchttpclient.netty.handler.HttpHandler - 

Request DefaultHttpRequest(decodeResult: success, version: HTTP/1.1)
POST /session/0e5ff4d45f200b2a31d7e7abdaab2f79/element HTTP/1.1
User-Agent: selenium/4.1.2 (java windows)
Content-Length: 122
Content-Type: application/json; charset=utf-8
host: localhost:60604
accept: */*

Response DefaultHttpResponse(decodeResult: success, version: HTTP/1.1)
HTTP/1.1 200 OK
Content-Type: application/json; charset=utf-8
cache-control: no-cache
content-length: 88

14:57:22.707 [AsyncHttpClient-1-2] DEBUG org.asynchttpclient.netty.channel.ChannelManager - Adding key: http://localhost:60604 for channel [id: 0x97a51816, L:/127.0.0.1:65402 - R:localhost/127.0.0.1:60604]
14:57:22.708 [Forwarding clickElement on session 0e5ff4d45f200b2a31d7e7abdaab2f79 to remote] DEBUG org.asynchttpclient.netty.request.NettyRequestSender - Using pooled Channel '[id: 0x97a51816, L:/127.0.0.1:65402 - R:localhost/127.0.0.1:60604]' for 'POST' to 'http://localhost:60604/session/0e5ff4d45f200b2a31d7e7abdaab2f79/element/16ac165c-55b1-4108-96fa-04c462cfafa7/click'
14:57:22.708 [Forwarding clickElement on session 0e5ff4d45f200b2a31d7e7abdaab2f79 to remote] DEBUG org.asynchttpclient.netty.request.NettyRequestSender - Using open Channel [id: 0x97a51816, L:/127.0.0.1:65402 - R:localhost/127.0.0.1:60604] for POST '/session/0e5ff4d45f200b2a31d7e7abdaab2f79/element/16ac165c-55b1-4108-96fa-04c462cfafa7/click'
14:57:22.761 [AsyncHttpClient-1-2] DEBUG org.asynchttpclient.netty.handler.HttpHandler - 

Request DefaultHttpRequest(decodeResult: success, version: HTTP/1.1)
POST /session/0e5ff4d45f200b2a31d7e7abdaab2f79/element/16ac165c-55b1-4108-96fa-04c462cfafa7/click HTTP/1.1
User-Agent: selenium/4.1.2 (java windows)
Content-Length: 50
Content-Type: application/json; charset=utf-8
host: localhost:60604
accept: */*

Response DefaultHttpResponse(decodeResult: success, version: HTTP/1.1)
HTTP/1.1 200 OK
Content-Type: application/json; charset=utf-8
cache-control: no-cache
content-length: 14

14:57:22.761 [AsyncHttpClient-1-2] DEBUG org.asynchttpclient.netty.channel.ChannelManager - Adding key: http://localhost:60604 for channel [id: 0x97a51816, L:/127.0.0.1:65402 - R:localhost/127.0.0.1:60604]
14:57:22.767 [Forwarding screenshot on session 0e5ff4d45f200b2a31d7e7abdaab2f79 to remote] DEBUG org.asynchttpclient.netty.request.NettyRequestSender - Using pooled Channel '[id: 0x97a51816, L:/127.0.0.1:65402 - R:localhost/127.0.0.1:60604]' for 'GET' to 'http://localhost:60604/session/0e5ff4d45f200b2a31d7e7abdaab2f79/screenshot'
14:57:22.767 [Forwarding screenshot on session 0e5ff4d45f200b2a31d7e7abdaab2f79 to remote] DEBUG org.asynchttpclient.netty.request.NettyRequestSender - Using open Channel [id: 0x97a51816, L:/127.0.0.1:65402 - R:localhost/127.0.0.1:60604] for GET '/session/0e5ff4d45f200b2a31d7e7abdaab2f79/screenshot'
14:57:22.884 [AsyncHttpClient-1-2] DEBUG org.asynchttpclient.netty.handler.HttpHandler - 

Request DefaultFullHttpRequest(decodeResult: success, version: HTTP/1.1, content: EmptyByteBufBE)
GET /session/0e5ff4d45f200b2a31d7e7abdaab2f79/screenshot HTTP/1.1
User-Agent: selenium/4.1.2 (java windows)
Cache-Control: no-cache
Content-Type: application/json; charset=utf-8
host: localhost:60604
accept: */*

Response DefaultHttpResponse(decodeResult: success, version: HTTP/1.1)
HTTP/1.1 200 OK
Content-Type: application/json; charset=utf-8
cache-control: no-cache
content-length: 82336

14:57:22.884 [AsyncHttpClient-1-2] DEBUG org.asynchttpclient.netty.channel.ChannelManager - Adding key: http://localhost:60604 for channel [id: 0x97a51816, L:/127.0.0.1:65402 - R:localhost/127.0.0.1:60604]
14:57:22.885 [main] DEBUG net.serenitybdd.core.photography.Darkroom - Send negative for processing for target\site\serenity\edde16633b34056c97247349c0df2b8fd64235574e55adc25937c9497e397f23.png
14:57:22.886 [main] DEBUG net.thucydides.core.steps.StepInterceptor - STEP DONE: clickProductSatu
14:57:22.886 [Darkroom Processing Line] DEBUG net.serenitybdd.core.photography.DarkroomProcessingLine - Processing screenshot image in /var/screenshots/screenshot-10658810345225934596
14:57:22.886 [Darkroom Processing Line] DEBUG net.serenitybdd.core.photography.DarkroomProcessingLine - Saving screenshot to target\site\serenity\edde16633b34056c97247349c0df2b8fd64235574e55adc25937c9497e397f23.png
14:57:22.894 [main] DEBUG net.thucydides.core.steps.StepInterceptor - STARTING STEP: ProductStep.iClickButtonBuy - clickProductDua
14:57:22.895 [Forwarding findElement on session 0e5ff4d45f200b2a31d7e7abdaab2f79 to remote] DEBUG org.asynchttpclient.netty.request.NettyRequestSender - Using pooled Channel '[id: 0x97a51816, L:/127.0.0.1:65402 - R:localhost/127.0.0.1:60604]' for 'POST' to 'http://localhost:60604/session/0e5ff4d45f200b2a31d7e7abdaab2f79/element'
14:57:22.895 [Forwarding findElement on session 0e5ff4d45f200b2a31d7e7abdaab2f79 to remote] DEBUG org.asynchttpclient.netty.request.NettyRequestSender - Using open Channel [id: 0x97a51816, L:/127.0.0.1:65402 - R:localhost/127.0.0.1:60604] for POST '/session/0e5ff4d45f200b2a31d7e7abdaab2f79/element'
14:57:22.911 [AsyncHttpClient-1-2] DEBUG org.asynchttpclient.netty.handler.HttpHandler - 

Request DefaultHttpRequest(decodeResult: success, version: HTTP/1.1)
POST /session/0e5ff4d45f200b2a31d7e7abdaab2f79/element HTTP/1.1
User-Agent: selenium/4.1.2 (java windows)
Content-Length: 122
Content-Type: application/json; charset=utf-8
host: localhost:60604
accept: */*

Response DefaultHttpResponse(decodeResult: success, version: HTTP/1.1)
HTTP/1.1 200 OK
Content-Type: application/json; charset=utf-8
cache-control: no-cache
content-length: 88

14:57:22.911 [AsyncHttpClient-1-2] DEBUG org.asynchttpclient.netty.channel.ChannelManager - Adding key: http://localhost:60604 for channel [id: 0x97a51816, L:/127.0.0.1:65402 - R:localhost/127.0.0.1:60604]
14:57:22.912 [Forwarding getElementTagName on session 0e5ff4d45f200b2a31d7e7abdaab2f79 to remote] DEBUG org.asynchttpclient.netty.request.NettyRequestSender - Using pooled Channel '[id: 0x97a51816, L:/127.0.0.1:65402 - R:localhost/127.0.0.1:60604]' for 'GET' to 'http://localhost:60604/session/0e5ff4d45f200b2a31d7e7abdaab2f79/element/8474a137-943d-4919-91d8-aa2bda0c6845/name'
14:57:22.912 [Forwarding getElementTagName on session 0e5ff4d45f200b2a31d7e7abdaab2f79 to remote] DEBUG org.asynchttpclient.netty.request.NettyRequestSender - Using open Channel [id: 0x97a51816, L:/127.0.0.1:65402 - R:localhost/127.0.0.1:60604] for GET '/session/0e5ff4d45f200b2a31d7e7abdaab2f79/element/8474a137-943d-4919-91d8-aa2bda0c6845/name'
14:57:22.918 [AsyncHttpClient-1-2] DEBUG org.asynchttpclient.netty.handler.HttpHandler - 

Request DefaultFullHttpRequest(decodeResult: success, version: HTTP/1.1, content: EmptyByteBufBE)
GET /session/0e5ff4d45f200b2a31d7e7abdaab2f79/element/8474a137-943d-4919-91d8-aa2bda0c6845/name HTTP/1.1
User-Agent: selenium/4.1.2 (java windows)
Cache-Control: no-cache
Content-Type: application/json; charset=utf-8
host: localhost:60604
accept: */*

Response DefaultHttpResponse(decodeResult: success, version: HTTP/1.1)
HTTP/1.1 200 OK
Content-Type: application/json; charset=utf-8
cache-control: no-cache
content-length: 16

14:57:22.919 [AsyncHttpClient-1-2] DEBUG org.asynchttpclient.netty.channel.ChannelManager - Adding key: http://localhost:60604 for channel [id: 0x97a51816, L:/127.0.0.1:65402 - R:localhost/127.0.0.1:60604]
14:57:22.920 [Forwarding getElementTagName on session 0e5ff4d45f200b2a31d7e7abdaab2f79 to remote] DEBUG org.asynchttpclient.netty.request.NettyRequestSender - Using pooled Channel '[id: 0x97a51816, L:/127.0.0.1:65402 - R:localhost/127.0.0.1:60604]' for 'GET' to 'http://localhost:60604/session/0e5ff4d45f200b2a31d7e7abdaab2f79/element/8474a137-943d-4919-91d8-aa2bda0c6845/name'
14:57:22.920 [Forwarding getElementTagName on session 0e5ff4d45f200b2a31d7e7abdaab2f79 to remote] DEBUG org.asynchttpclient.netty.request.NettyRequestSender - Using open Channel [id: 0x97a51816, L:/127.0.0.1:65402 - R:localhost/127.0.0.1:60604] for GET '/session/0e5ff4d45f200b2a31d7e7abdaab2f79/element/8474a137-943d-4919-91d8-aa2bda0c6845/name'
14:57:22.923 [AsyncHttpClient-1-2] DEBUG org.asynchttpclient.netty.handler.HttpHandler - 

Request DefaultFullHttpRequest(decodeResult: success, version: HTTP/1.1, content: EmptyByteBufBE)
GET /session/0e5ff4d45f200b2a31d7e7abdaab2f79/element/8474a137-943d-4919-91d8-aa2bda0c6845/name HTTP/1.1
User-Agent: selenium/4.1.2 (java windows)
Cache-Control: no-cache
Content-Type: application/json; charset=utf-8
host: localhost:60604
accept: */*

Response DefaultHttpResponse(decodeResult: success, version: HTTP/1.1)
HTTP/1.1 200 OK
Content-Type: application/json; charset=utf-8
cache-control: no-cache
content-length: 16

14:57:22.923 [AsyncHttpClient-1-2] DEBUG org.asynchttpclient.netty.channel.ChannelManager - Adding key: http://localhost:60604 for channel [id: 0x97a51816, L:/127.0.0.1:65402 - R:localhost/127.0.0.1:60604]
14:57:22.925 [Forwarding findElement on session 0e5ff4d45f200b2a31d7e7abdaab2f79 to remote] DEBUG org.asynchttpclient.netty.request.NettyRequestSender - Using pooled Channel '[id: 0x97a51816, L:/127.0.0.1:65402 - R:localhost/127.0.0.1:60604]' for 'POST' to 'http://localhost:60604/session/0e5ff4d45f200b2a31d7e7abdaab2f79/element'
14:57:22.926 [Forwarding findElement on session 0e5ff4d45f200b2a31d7e7abdaab2f79 to remote] DEBUG org.asynchttpclient.netty.request.NettyRequestSender - Using open Channel [id: 0x97a51816, L:/127.0.0.1:65402 - R:localhost/127.0.0.1:60604] for POST '/session/0e5ff4d45f200b2a31d7e7abdaab2f79/element'
14:57:22.943 [AsyncHttpClient-1-2] DEBUG org.asynchttpclient.netty.handler.HttpHandler - 

Request DefaultHttpRequest(decodeResult: success, version: HTTP/1.1)
POST /session/0e5ff4d45f200b2a31d7e7abdaab2f79/element HTTP/1.1
User-Agent: selenium/4.1.2 (java windows)
Content-Length: 122
Content-Type: application/json; charset=utf-8
host: localhost:60604
accept: */*

Response DefaultHttpResponse(decodeResult: success, version: HTTP/1.1)
HTTP/1.1 200 OK
Content-Type: application/json; charset=utf-8
cache-control: no-cache
content-length: 88

14:57:22.944 [AsyncHttpClient-1-2] DEBUG org.asynchttpclient.netty.channel.ChannelManager - Adding key: http://localhost:60604 for channel [id: 0x97a51816, L:/127.0.0.1:65402 - R:localhost/127.0.0.1:60604]
14:57:22.945 [Forwarding clickElement on session 0e5ff4d45f200b2a31d7e7abdaab2f79 to remote] DEBUG org.asynchttpclient.netty.request.NettyRequestSender - Using pooled Channel '[id: 0x97a51816, L:/127.0.0.1:65402 - R:localhost/127.0.0.1:60604]' for 'POST' to 'http://localhost:60604/session/0e5ff4d45f200b2a31d7e7abdaab2f79/element/8474a137-943d-4919-91d8-aa2bda0c6845/click'
14:57:22.945 [Forwarding clickElement on session 0e5ff4d45f200b2a31d7e7abdaab2f79 to remote] DEBUG org.asynchttpclient.netty.request.NettyRequestSender - Using open Channel [id: 0x97a51816, L:/127.0.0.1:65402 - R:localhost/127.0.0.1:60604] for POST '/session/0e5ff4d45f200b2a31d7e7abdaab2f79/element/8474a137-943d-4919-91d8-aa2bda0c6845/click'
14:57:23.001 [AsyncHttpClient-1-1] DEBUG org.asynchttpclient.netty.channel.DefaultChannelPool - Entry count for : http://localhost:65403 : 1
14:57:23.014 [AsyncHttpClient-1-2] DEBUG org.asynchttpclient.netty.handler.HttpHandler - 

Request DefaultHttpRequest(decodeResult: success, version: HTTP/1.1)
POST /session/0e5ff4d45f200b2a31d7e7abdaab2f79/element/8474a137-943d-4919-91d8-aa2bda0c6845/click HTTP/1.1
User-Agent: selenium/4.1.2 (java windows)
Content-Length: 50
Content-Type: application/json; charset=utf-8
host: localhost:60604
accept: */*

Response DefaultHttpResponse(decodeResult: success, version: HTTP/1.1)
HTTP/1.1 200 OK
Content-Type: application/json; charset=utf-8
cache-control: no-cache
content-length: 14

14:57:23.015 [AsyncHttpClient-1-2] DEBUG org.asynchttpclient.netty.channel.ChannelManager - Adding key: http://localhost:60604 for channel [id: 0x97a51816, L:/127.0.0.1:65402 - R:localhost/127.0.0.1:60604]
14:57:23.019 [Forwarding screenshot on session 0e5ff4d45f200b2a31d7e7abdaab2f79 to remote] DEBUG org.asynchttpclient.netty.request.NettyRequestSender - Using pooled Channel '[id: 0x97a51816, L:/127.0.0.1:65402 - R:localhost/127.0.0.1:60604]' for 'GET' to 'http://localhost:60604/session/0e5ff4d45f200b2a31d7e7abdaab2f79/screenshot'
14:57:23.019 [Forwarding screenshot on session 0e5ff4d45f200b2a31d7e7abdaab2f79 to remote] DEBUG org.asynchttpclient.netty.request.NettyRequestSender - Using open Channel [id: 0x97a51816, L:/127.0.0.1:65402 - R:localhost/127.0.0.1:60604] for GET '/session/0e5ff4d45f200b2a31d7e7abdaab2f79/screenshot'
14:57:23.155 [AsyncHttpClient-1-2] DEBUG org.asynchttpclient.netty.handler.HttpHandler - 

Request DefaultFullHttpRequest(decodeResult: success, version: HTTP/1.1, content: EmptyByteBufBE)
GET /session/0e5ff4d45f200b2a31d7e7abdaab2f79/screenshot HTTP/1.1
User-Agent: selenium/4.1.2 (java windows)
Cache-Control: no-cache
Content-Type: application/json; charset=utf-8
host: localhost:60604
accept: */*

Response DefaultHttpResponse(decodeResult: success, version: HTTP/1.1)
HTTP/1.1 200 OK
Content-Type: application/json; charset=utf-8
cache-control: no-cache
content-length: 82864

14:57:23.155 [AsyncHttpClient-1-2] DEBUG org.asynchttpclient.netty.channel.ChannelManager - Adding key: http://localhost:60604 for channel [id: 0x97a51816, L:/127.0.0.1:65402 - R:localhost/127.0.0.1:60604]
14:57:23.157 [main] DEBUG net.serenitybdd.core.photography.Darkroom - Send negative for processing for target\site\serenity\d48e162581a1226ff63ae3a2d29398366f07755c6a977341123d21f051b2f815.png
14:57:23.157 [main] DEBUG net.thucydides.core.steps.StepInterceptor - STEP DONE: clickProductDua
  &amp#27;[32mWhen &amp#27;[0m&amp#27;[32mI click button buy product&amp#27;[0m     &amp#27;[90m# Starter.StepDefinitions.ProductStep.iClickButtonBuy()&amp#27;[0m
14:57:23.157 [Darkroom Processing Line] DEBUG net.serenitybdd.core.photography.DarkroomProcessingLine - Processing screenshot image in /var/screenshots/screenshot-4141380326415146774
14:57:23.157 [Darkroom Processing Line] DEBUG net.serenitybdd.core.photography.DarkroomProcessingLine - Saving screenshot to target\site\serenity\d48e162581a1226ff63ae3a2d29398366f07755c6a977341123d21f051b2f815.png
14:57:23.176 [main] DEBUG net.thucydides.core.steps.StepInterceptor - STARTING STEP: OrderStep.clickButtonCart - clickButtonCart
14:57:23.178 [Forwarding findElement on session 0e5ff4d45f200b2a31d7e7abdaab2f79 to remote] DEBUG org.asynchttpclient.netty.request.NettyRequestSender - Using pooled Channel '[id: 0x97a51816, L:/127.0.0.1:65402 - R:localhost/127.0.0.1:60604]' for 'POST' to 'http://localhost:60604/session/0e5ff4d45f200b2a31d7e7abdaab2f79/element'
14:57:23.178 [Forwarding findElement on session 0e5ff4d45f200b2a31d7e7abdaab2f79 to remote] DEBUG org.asynchttpclient.netty.request.NettyRequestSender - Using open Channel [id: 0x97a51816, L:/127.0.0.1:65402 - R:localhost/127.0.0.1:60604] for POST '/session/0e5ff4d45f200b2a31d7e7abdaab2f79/element'
14:57:23.188 [AsyncHttpClient-1-2] DEBUG org.asynchttpclient.netty.handler.HttpHandler - 

Request DefaultHttpRequest(decodeResult: success, version: HTTP/1.1)
POST /session/0e5ff4d45f200b2a31d7e7abdaab2f79/element HTTP/1.1
User-Agent: selenium/4.1.2 (java windows)
Content-Length: 127
Content-Type: application/json; charset=utf-8
host: localhost:60604
accept: */*

Response DefaultHttpResponse(decodeResult: success, version: HTTP/1.1)
HTTP/1.1 200 OK
Content-Type: application/json; charset=utf-8
cache-control: no-cache
content-length: 88

14:57:23.188 [AsyncHttpClient-1-2] DEBUG org.asynchttpclient.netty.channel.ChannelManager - Adding key: http://localhost:60604 for channel [id: 0x97a51816, L:/127.0.0.1:65402 - R:localhost/127.0.0.1:60604]
14:57:23.189 [Forwarding getElementTagName on session 0e5ff4d45f200b2a31d7e7abdaab2f79 to remote] DEBUG org.asynchttpclient.netty.request.NettyRequestSender - Using pooled Channel '[id: 0x97a51816, L:/127.0.0.1:65402 - R:localhost/127.0.0.1:60604]' for 'GET' to 'http://localhost:60604/session/0e5ff4d45f200b2a31d7e7abdaab2f79/element/50c39915-ac47-417b-86f9-b0f627806992/name'
14:57:23.189 [Forwarding getElementTagName on session 0e5ff4d45f200b2a31d7e7abdaab2f79 to remote] DEBUG org.asynchttpclient.netty.request.NettyRequestSender - Using open Channel [id: 0x97a51816, L:/127.0.0.1:65402 - R:localhost/127.0.0.1:60604] for GET '/session/0e5ff4d45f200b2a31d7e7abdaab2f79/element/50c39915-ac47-417b-86f9-b0f627806992/name'
14:57:23.193 [AsyncHttpClient-1-2] DEBUG org.asynchttpclient.netty.handler.HttpHandler - 

Request DefaultFullHttpRequest(decodeResult: success, version: HTTP/1.1, content: EmptyByteBufBE)
GET /session/0e5ff4d45f200b2a31d7e7abdaab2f79/element/50c39915-ac47-417b-86f9-b0f627806992/name HTTP/1.1
User-Agent: selenium/4.1.2 (java windows)
Cache-Control: no-cache
Content-Type: application/json; charset=utf-8
host: localhost:60604
accept: */*

Response DefaultHttpResponse(decodeResult: success, version: HTTP/1.1)
HTTP/1.1 200 OK
Content-Type: application/json; charset=utf-8
cache-control: no-cache
content-length: 16

14:57:23.193 [AsyncHttpClient-1-2] DEBUG org.asynchttpclient.netty.channel.ChannelManager - Adding key: http://localhost:60604 for channel [id: 0x97a51816, L:/127.0.0.1:65402 - R:localhost/127.0.0.1:60604]
14:57:23.194 [Forwarding getElementTagName on session 0e5ff4d45f200b2a31d7e7abdaab2f79 to remote] DEBUG org.asynchttpclient.netty.request.NettyRequestSender - Using pooled Channel '[id: 0x97a51816, L:/127.0.0.1:65402 - R:localhost/127.0.0.1:60604]' for 'GET' to 'http://localhost:60604/session/0e5ff4d45f200b2a31d7e7abdaab2f79/element/50c39915-ac47-417b-86f9-b0f627806992/name'
14:57:23.194 [Forwarding getElementTagName on session 0e5ff4d45f200b2a31d7e7abdaab2f79 to remote] DEBUG org.asynchttpclient.netty.request.NettyRequestSender - Using open Channel [id: 0x97a51816, L:/127.0.0.1:65402 - R:localhost/127.0.0.1:60604] for GET '/session/0e5ff4d45f200b2a31d7e7abdaab2f79/element/50c39915-ac47-417b-86f9-b0f627806992/name'
14:57:23.201 [AsyncHttpClient-1-2] DEBUG org.asynchttpclient.netty.handler.HttpHandler - 

Request DefaultFullHttpRequest(decodeResult: success, version: HTTP/1.1, content: EmptyByteBufBE)
GET /session/0e5ff4d45f200b2a31d7e7abdaab2f79/element/50c39915-ac47-417b-86f9-b0f627806992/name HTTP/1.1
User-Agent: selenium/4.1.2 (java windows)
Cache-Control: no-cache
Content-Type: application/json; charset=utf-8
host: localhost:60604
accept: */*

Response DefaultHttpResponse(decodeResult: success, version: HTTP/1.1)
HTTP/1.1 200 OK
Content-Type: application/json; charset=utf-8
cache-control: no-cache
content-length: 16

14:57:23.201 [AsyncHttpClient-1-2] DEBUG org.asynchttpclient.netty.channel.ChannelManager - Adding key: http://localhost:60604 for channel [id: 0x97a51816, L:/127.0.0.1:65402 - R:localhost/127.0.0.1:60604]
14:57:23.202 [Forwarding findElement on session 0e5ff4d45f200b2a31d7e7abdaab2f79 to remote] DEBUG org.asynchttpclient.netty.request.NettyRequestSender - Using pooled Channel '[id: 0x97a51816, L:/127.0.0.1:65402 - R:localhost/127.0.0.1:60604]' for 'POST' to 'http://localhost:60604/session/0e5ff4d45f200b2a31d7e7abdaab2f79/element'
14:57:23.202 [Forwarding findElement on session 0e5ff4d45f200b2a31d7e7abdaab2f79 to remote] DEBUG org.asynchttpclient.netty.request.NettyRequestSender - Using open Channel [id: 0x97a51816, L:/127.0.0.1:65402 - R:localhost/127.0.0.1:60604] for POST '/session/0e5ff4d45f200b2a31d7e7abdaab2f79/element'
14:57:23.211 [AsyncHttpClient-1-2] DEBUG org.asynchttpclient.netty.handler.HttpHandler - 

Request DefaultHttpRequest(decodeResult: success, version: HTTP/1.1)
POST /session/0e5ff4d45f200b2a31d7e7abdaab2f79/element HTTP/1.1
User-Agent: selenium/4.1.2 (java windows)
Content-Length: 127
Content-Type: application/json; charset=utf-8
host: localhost:60604
accept: */*

Response DefaultHttpResponse(decodeResult: success, version: HTTP/1.1)
HTTP/1.1 200 OK
Content-Type: application/json; charset=utf-8
cache-control: no-cache
content-length: 88

14:57:23.211 [AsyncHttpClient-1-2] DEBUG org.asynchttpclient.netty.channel.ChannelManager - Adding key: http://localhost:60604 for channel [id: 0x97a51816, L:/127.0.0.1:65402 - R:localhost/127.0.0.1:60604]
14:57:23.212 [Forwarding clickElement on session 0e5ff4d45f200b2a31d7e7abdaab2f79 to remote] DEBUG org.asynchttpclient.netty.request.NettyRequestSender - Using pooled Channel '[id: 0x97a51816, L:/127.0.0.1:65402 - R:localhost/127.0.0.1:60604]' for 'POST' to 'http://localhost:60604/session/0e5ff4d45f200b2a31d7e7abdaab2f79/element/50c39915-ac47-417b-86f9-b0f627806992/click'
14:57:23.212 [Forwarding clickElement on session 0e5ff4d45f200b2a31d7e7abdaab2f79 to remote] DEBUG org.asynchttpclient.netty.request.NettyRequestSender - Using open Channel [id: 0x97a51816, L:/127.0.0.1:65402 - R:localhost/127.0.0.1:60604] for POST '/session/0e5ff4d45f200b2a31d7e7abdaab2f79/element/50c39915-ac47-417b-86f9-b0f627806992/click'
14:57:23.246 [AsyncHttpClient-1-2] DEBUG org.asynchttpclient.netty.handler.HttpHandler - 

Request DefaultHttpRequest(decodeResult: success, version: HTTP/1.1)
POST /session/0e5ff4d45f200b2a31d7e7abdaab2f79/element/50c39915-ac47-417b-86f9-b0f627806992/click HTTP/1.1
User-Agent: selenium/4.1.2 (java windows)
Content-Length: 50
Content-Type: application/json; charset=utf-8
host: localhost:60604
accept: */*

Response DefaultHttpResponse(decodeResult: success, version: HTTP/1.1)
HTTP/1.1 200 OK
Content-Type: application/json; charset=utf-8
cache-control: no-cache
content-length: 14

14:57:23.247 [AsyncHttpClient-1-2] DEBUG org.asynchttpclient.netty.channel.ChannelManager - Adding key: http://localhost:60604 for channel [id: 0x97a51816, L:/127.0.0.1:65402 - R:localhost/127.0.0.1:60604]
14:57:23.251 [Forwarding screenshot on session 0e5ff4d45f200b2a31d7e7abdaab2f79 to remote] DEBUG org.asynchttpclient.netty.request.NettyRequestSender - Using pooled Channel '[id: 0x97a51816, L:/127.0.0.1:65402 - R:localhost/127.0.0.1:60604]' for 'GET' to 'http://localhost:60604/session/0e5ff4d45f200b2a31d7e7abdaab2f79/screenshot'
14:57:23.251 [Forwarding screenshot on session 0e5ff4d45f200b2a31d7e7abdaab2f79 to remote] DEBUG org.asynchttpclient.netty.request.NettyRequestSender - Using open Channel [id: 0x97a51816, L:/127.0.0.1:65402 - R:localhost/127.0.0.1:60604] for GET '/session/0e5ff4d45f200b2a31d7e7abdaab2f79/screenshot'
14:57:23.453 [AsyncHttpClient-1-2] DEBUG org.asynchttpclient.netty.handler.HttpHandler - 

Request DefaultFullHttpRequest(decodeResult: success, version: HTTP/1.1, content: EmptyByteBufBE)
GET /session/0e5ff4d45f200b2a31d7e7abdaab2f79/screenshot HTTP/1.1
User-Agent: selenium/4.1.2 (java windows)
Cache-Control: no-cache
Content-Type: application/json; charset=utf-8
host: localhost:60604
accept: */*

Response DefaultHttpResponse(decodeResult: success, version: HTTP/1.1)
HTTP/1.1 200 OK
Content-Type: application/json; charset=utf-8
cache-control: no-cache
content-length: 42088

14:57:23.453 [AsyncHttpClient-1-2] DEBUG org.asynchttpclient.netty.channel.ChannelManager - Adding key: http://localhost:60604 for channel [id: 0x97a51816, L:/127.0.0.1:65402 - R:localhost/127.0.0.1:60604]
14:57:23.455 [main] DEBUG net.serenitybdd.core.photography.Darkroom - Send negative for processing for target\site\serenity\79a42c18fdb22a807d86e1c0901cdbc74d862576a3bc1215782b8f6d09a35744.png
14:57:23.455 [main] DEBUG net.thucydides.core.steps.StepInterceptor - STEP DONE: clickButtonCart
  &amp#27;[32mAnd &amp#27;[0m&amp#27;[32mI click button cart&amp#27;[0m             &amp#27;[90m# Starter.StepDefinitions.OrderStep.clickButtonCart()&amp#27;[0m
14:57:23.455 [Darkroom Processing Line] DEBUG net.serenitybdd.core.photography.DarkroomProcessingLine - Processing screenshot image in /var/screenshots/screenshot-17373460414958938388
14:57:23.455 [Darkroom Processing Line] DEBUG net.serenitybdd.core.photography.DarkroomProcessingLine - Saving screenshot to target\site\serenity\79a42c18fdb22a807d86e1c0901cdbc74d862576a3bc1215782b8f6d09a35744.png
14:57:23.466 [main] DEBUG net.thucydides.core.steps.StepInterceptor - STARTING STEP: ProductStep.iGetPurchaseProduct - validateAmountProduct
14:57:23.467 [Forwarding findElement on session 0e5ff4d45f200b2a31d7e7abdaab2f79 to remote] DEBUG org.asynchttpclient.netty.request.NettyRequestSender - Using pooled Channel '[id: 0x97a51816, L:/127.0.0.1:65402 - R:localhost/127.0.0.1:60604]' for 'POST' to 'http://localhost:60604/session/0e5ff4d45f200b2a31d7e7abdaab2f79/element'
14:57:23.467 [Forwarding findElement on session 0e5ff4d45f200b2a31d7e7abdaab2f79 to remote] DEBUG org.asynchttpclient.netty.request.NettyRequestSender - Using open Channel [id: 0x97a51816, L:/127.0.0.1:65402 - R:localhost/127.0.0.1:60604] for POST '/session/0e5ff4d45f200b2a31d7e7abdaab2f79/element'
14:57:23.477 [AsyncHttpClient-1-2] DEBUG org.asynchttpclient.netty.handler.HttpHandler - 

Request DefaultHttpRequest(decodeResult: success, version: HTTP/1.1)
POST /session/0e5ff4d45f200b2a31d7e7abdaab2f79/element HTTP/1.1
User-Agent: selenium/4.1.2 (java windows)
Content-Length: 71
Content-Type: application/json; charset=utf-8
host: localhost:60604
accept: */*

Response DefaultHttpResponse(decodeResult: success, version: HTTP/1.1)
HTTP/1.1 200 OK
Content-Type: application/json; charset=utf-8
cache-control: no-cache
content-length: 88

14:57:23.477 [AsyncHttpClient-1-2] DEBUG org.asynchttpclient.netty.channel.ChannelManager - Adding key: http://localhost:60604 for channel [id: 0x97a51816, L:/127.0.0.1:65402 - R:localhost/127.0.0.1:60604]
14:57:23.479 [Forwarding isElementDisplayed on session 0e5ff4d45f200b2a31d7e7abdaab2f79 to remote] DEBUG org.asynchttpclient.netty.request.NettyRequestSender - Using pooled Channel '[id: 0x97a51816, L:/127.0.0.1:65402 - R:localhost/127.0.0.1:60604]' for 'POST' to 'http://localhost:60604/session/0e5ff4d45f200b2a31d7e7abdaab2f79/execute/sync'
14:57:23.479 [Forwarding isElementDisplayed on session 0e5ff4d45f200b2a31d7e7abdaab2f79 to remote] DEBUG org.asynchttpclient.netty.request.NettyRequestSender - Using open Channel [id: 0x97a51816, L:/127.0.0.1:65402 - R:localhost/127.0.0.1:60604] for POST '/session/0e5ff4d45f200b2a31d7e7abdaab2f79/execute/sync'
14:57:23.492 [AsyncHttpClient-1-2] DEBUG org.asynchttpclient.netty.handler.HttpHandler - 

Request DefaultHttpRequest(decodeResult: success, version: HTTP/1.1)
POST /session/0e5ff4d45f200b2a31d7e7abdaab2f79/execute/sync HTTP/1.1
User-Agent: selenium/4.1.2 (java windows)
Content-Length: 48780
Content-Type: application/json; charset=utf-8
host: localhost:60604
accept: */*

Response DefaultHttpResponse(decodeResult: success, version: HTTP/1.1)
HTTP/1.1 200 OK
Content-Type: application/json; charset=utf-8
cache-control: no-cache
content-length: 14

14:57:23.492 [AsyncHttpClient-1-2] DEBUG org.asynchttpclient.netty.channel.ChannelManager - Adding key: http://localhost:60604 for channel [id: 0x97a51816, L:/127.0.0.1:65402 - R:localhost/127.0.0.1:60604]
14:57:23.494 [main] DEBUG net.thucydides.core.steps.StepInterceptor - STEP DONE: validateAmountProduct
14:57:23.500 [main] DEBUG net.thucydides.core.steps.StepInterceptor - STARTING STEP: ProductStep.iGetPurchaseProduct - amountTextEqual
14:57:23.502 [Forwarding findElement on session 0e5ff4d45f200b2a31d7e7abdaab2f79 to remote] DEBUG org.asynchttpclient.netty.request.NettyRequestSender - Using pooled Channel '[id: 0x97a51816, L:/127.0.0.1:65402 - R:localhost/127.0.0.1:60604]' for 'POST' to 'http://localhost:60604/session/0e5ff4d45f200b2a31d7e7abdaab2f79/element'
14:57:23.502 [Forwarding findElement on session 0e5ff4d45f200b2a31d7e7abdaab2f79 to remote] DEBUG org.asynchttpclient.netty.request.NettyRequestSender - Using open Channel [id: 0x97a51816, L:/127.0.0.1:65402 - R:localhost/127.0.0.1:60604] for POST '/session/0e5ff4d45f200b2a31d7e7abdaab2f79/element'
14:57:23.507 [AsyncHttpClient-1-2] DEBUG org.asynchttpclient.netty.handler.HttpHandler - 

Request DefaultHttpRequest(decodeResult: success, version: HTTP/1.1)
POST /session/0e5ff4d45f200b2a31d7e7abdaab2f79/element HTTP/1.1
User-Agent: selenium/4.1.2 (java windows)
Content-Length: 71
Content-Type: application/json; charset=utf-8
host: localhost:60604
accept: */*

Response DefaultHttpResponse(decodeResult: success, version: HTTP/1.1)
HTTP/1.1 200 OK
Content-Type: application/json; charset=utf-8
cache-control: no-cache
content-length: 88

14:57:23.508 [AsyncHttpClient-1-2] DEBUG org.asynchttpclient.netty.channel.ChannelManager - Adding key: http://localhost:60604 for channel [id: 0x97a51816, L:/127.0.0.1:65402 - R:localhost/127.0.0.1:60604]
14:57:23.508 [Forwarding getElementText on session 0e5ff4d45f200b2a31d7e7abdaab2f79 to remote] DEBUG org.asynchttpclient.netty.request.NettyRequestSender - Using pooled Channel '[id: 0x97a51816, L:/127.0.0.1:65402 - R:localhost/127.0.0.1:60604]' for 'GET' to 'http://localhost:60604/session/0e5ff4d45f200b2a31d7e7abdaab2f79/element/b4b0250b-bd16-46b5-b9f1-73f864927637/text'
14:57:23.508 [Forwarding getElementText on session 0e5ff4d45f200b2a31d7e7abdaab2f79 to remote] DEBUG org.asynchttpclient.netty.request.NettyRequestSender - Using open Channel [id: 0x97a51816, L:/127.0.0.1:65402 - R:localhost/127.0.0.1:60604] for GET '/session/0e5ff4d45f200b2a31d7e7abdaab2f79/element/b4b0250b-bd16-46b5-b9f1-73f864927637/text'
14:57:23.523 [AsyncHttpClient-1-2] DEBUG org.asynchttpclient.netty.handler.HttpHandler - 

Request DefaultFullHttpRequest(decodeResult: success, version: HTTP/1.1, content: EmptyByteBufBE)
GET /session/0e5ff4d45f200b2a31d7e7abdaab2f79/element/b4b0250b-bd16-46b5-b9f1-73f864927637/text HTTP/1.1
User-Agent: selenium/4.1.2 (java windows)
Cache-Control: no-cache
Content-Type: application/json; charset=utf-8
host: localhost:60604
accept: */*

Response DefaultHttpResponse(decodeResult: success, version: HTTP/1.1)
HTTP/1.1 200 OK
Content-Type: application/json; charset=utf-8
cache-control: no-cache
content-length: 13

14:57:23.523 [AsyncHttpClient-1-2] DEBUG org.asynchttpclient.netty.channel.ChannelManager - Adding key: http://localhost:60604 for channel [id: 0x97a51816, L:/127.0.0.1:65402 - R:localhost/127.0.0.1:60604]
14:57:23.526 [Forwarding screenshot on session 0e5ff4d45f200b2a31d7e7abdaab2f79 to remote] DEBUG org.asynchttpclient.netty.request.NettyRequestSender - Using pooled Channel '[id: 0x97a51816, L:/127.0.0.1:65402 - R:localhost/127.0.0.1:60604]' for 'GET' to 'http://localhost:60604/session/0e5ff4d45f200b2a31d7e7abdaab2f79/screenshot'
14:57:23.526 [Forwarding screenshot on session 0e5ff4d45f200b2a31d7e7abdaab2f79 to remote] DEBUG org.asynchttpclient.netty.request.NettyRequestSender - Using open Channel [id: 0x97a51816, L:/127.0.0.1:65402 - R:localhost/127.0.0.1:60604] for GET '/session/0e5ff4d45f200b2a31d7e7abdaab2f79/screenshot'
14:57:23.676 [AsyncHttpClient-1-2] DEBUG org.asynchttpclient.netty.handler.HttpHandler - 

Request DefaultFullHttpRequest(decodeResult: success, version: HTTP/1.1, content: EmptyByteBufBE)
GET /session/0e5ff4d45f200b2a31d7e7abdaab2f79/screenshot HTTP/1.1
User-Agent: selenium/4.1.2 (java windows)
Cache-Control: no-cache
Content-Type: application/json; charset=utf-8
host: localhost:60604
accept: */*

Response DefaultHttpResponse(decodeResult: success, version: HTTP/1.1)
HTTP/1.1 200 OK
Content-Type: application/json; charset=utf-8
cache-control: no-cache
content-length: 41236

14:57:23.676 [AsyncHttpClient-1-2] DEBUG org.asynchttpclient.netty.channel.ChannelManager - Adding key: http://localhost:60604 for channel [id: 0x97a51816, L:/127.0.0.1:65402 - R:localhost/127.0.0.1:60604]
14:57:23.677 [main] DEBUG net.serenitybdd.core.photography.Darkroom - Send negative for processing for target\site\serenity\5d006db6beb018dfc2504d98b2e6f6da2f790fdb16e79a970e56462abe69b45e.png
14:57:23.677 [main] DEBUG net.thucydides.core.steps.StepInterceptor - STEP DONE: amountTextEqual
  &amp#27;[32mThen &amp#27;[0m&amp#27;[32mI get purchase amount product&amp#27;[0m  &amp#27;[90m# Starter.StepDefinitions.ProductStep.iGetPurchaseProduct()&amp#27;[0m
14:57:23.677 [Darkroom Processing Line] DEBUG net.serenitybdd.core.photography.DarkroomProcessingLine - Processing screenshot image in /var/screenshots/screenshot-14203999237351976551
14:57:23.677 [Darkroom Processing Line] DEBUG net.serenitybdd.core.photography.DarkroomProcessingLine - Saving screenshot to target\site\serenity\5d006db6beb018dfc2504d98b2e6f6da2f790fdb16e79a970e56462abe69b45e.png
14:57:23.682 [main] INFO  - 
  _____   ___   ___   _____     ___     _     ___   ___   ___   ___  
 |_   _| | __| / __| |_   _|   | _ \   /_\   / __| / __| | __| |   \ 
   | |   | _|  \__ \   | |     |  _/  / _ \  \__ \ \__ \ | _|  | |) |
   |_|   |___| |___/   |_|     |_|   /_/ \_\ |___/ |___/ |___| |___/ 

Buying Product AltaShop
----------------------------------------------------------------------
14:57:23.683 [AsyncHttpClient-1-4] DEBUG org.asynchttpclient.netty.handler.WebSocketHandler - Channel Closed: [id: 0x4582e194, L:/127.0.0.1:65410 ! R:localhost/127.0.0.1:65403] with attribute NettyResponseFuture{currentRetry=5,
	isDone=1,
	isCancelled=0,
	asyncHandler=org.asynchttpclient.ws.WebSocketUpgradeHandler@21c3b7ef,
	nettyRequest=org.asynchttpclient.netty.request.NettyRequest@33846386,
	future=java.util.concurrent.CompletableFuture@1649d247[Completed normally],
	uri=ws://localhost:65403/devtools/browser/73b356c2-c559-411f-84ec-56a64b8fe23a,
	keepAlive=true,
	redirectCount=0,
	timeoutsHolder=null,
	inAuth=0,
	touch=1652687840452}
14:57:23.683 [AsyncHttpClient-1-4] DEBUG org.asynchttpclient.netty.channel.ChannelManager - Closing Channel [id: 0x4582e194, L:/127.0.0.1:65410 ! R:localhost/127.0.0.1:65403] 
14:57:23.683 [Driver Command Executor] DEBUG org.asynchttpclient.netty.request.NettyRequestSender - Using pooled Channel '[id: 0x97a51816, L:/127.0.0.1:65402 - R:localhost/127.0.0.1:60604]' for 'DELETE' to 'http://localhost:60604/session/0e5ff4d45f200b2a31d7e7abdaab2f79'
14:57:23.683 [Driver Command Executor] DEBUG org.asynchttpclient.netty.request.NettyRequestSender - Using open Channel [id: 0x97a51816, L:/127.0.0.1:65402 - R:localhost/127.0.0.1:60604] for DELETE '/session/0e5ff4d45f200b2a31d7e7abdaab2f79'
14:57:23.786 [AsyncHttpClient-1-3] DEBUG org.asynchttpclient.netty.handler.HttpHandler - Unexpected I/O exception on channel [id: 0x6df946d4, L:/127.0.0.1:65409 - R:localhost/127.0.0.1:65403]
java.net.SocketException: Connection reset
	at java.base/sun.nio.ch.SocketChannelImpl.throwConnectionReset(SocketChannelImpl.java:367)
	at java.base/sun.nio.ch.SocketChannelImpl.read(SocketChannelImpl.java:398)
	at io.netty.buffer.PooledByteBuf.setBytes(PooledByteBuf.java:258)
	at io.netty.buffer.AbstractByteBuf.writeBytes(AbstractByteBuf.java:1132)
	at io.netty.channel.socket.nio.NioSocketChannel.doReadBytes(NioSocketChannel.java:350)
	at io.netty.channel.nio.AbstractNioByteChannel$NioByteUnsafe.read(AbstractNioByteChannel.java:151)
	at io.netty.channel.nio.NioEventLoop.processSelectedKey(NioEventLoop.java:722)
	at io.netty.channel.nio.NioEventLoop.processSelectedKeysOptimized(NioEventLoop.java:658)
	at io.netty.channel.nio.NioEventLoop.processSelectedKeys(NioEventLoop.java:584)
	at io.netty.channel.nio.NioEventLoop.run(NioEventLoop.java:496)
	at io.netty.util.concurrent.SingleThreadEventExecutor$4.run(SingleThreadEventExecutor.java:986)
	at io.netty.util.internal.ThreadExecutorMap$2.run(ThreadExecutorMap.java:74)
	at io.netty.util.concurrent.FastThreadLocalRunnable.run(FastThreadLocalRunnable.java:30)
	at java.base/java.lang.Thread.run(Thread.java:832)
14:57:23.786 [AsyncHttpClient-1-3] DEBUG org.asynchttpclient.netty.channel.ChannelManager - Closing Channel [id: 0x6df946d4, L:/127.0.0.1:65409 - R:localhost/127.0.0.1:65403] 
14:57:23.786 [AsyncHttpClient-1-3] DEBUG org.asynchttpclient.netty.handler.HttpHandler - Channel Closed: [id: 0x6df946d4, L:/127.0.0.1:65409 ! R:localhost/127.0.0.1:65403] with attribute DISCARD
14:57:23.799 [AsyncHttpClient-1-2] DEBUG org.asynchttpclient.netty.handler.HttpHandler - 

Request DefaultFullHttpRequest(decodeResult: success, version: HTTP/1.1, content: EmptyByteBufBE)
DELETE /session/0e5ff4d45f200b2a31d7e7abdaab2f79 HTTP/1.1
User-Agent: selenium/4.1.2 (java windows)
Content-Type: application/json; charset=utf-8
host: localhost:60604
accept: */*

Response DefaultHttpResponse(decodeResult: success, version: HTTP/1.1)
HTTP/1.1 200 OK
Content-Type: application/json; charset=utf-8
cache-control: no-cache
content-length: 14

14:57:23.799 [AsyncHttpClient-1-2] DEBUG org.asynchttpclient.netty.channel.ChannelManager - Adding key: http://localhost:60604 for channel [id: 0x97a51816, L:/127.0.0.1:65402 - R:localhost/127.0.0.1:60604]
14:57:23.858 [AsyncHttpClient-1-2] DEBUG org.asynchttpclient.netty.handler.HttpHandler - Channel Closed: [id: 0x97a51816, L:/127.0.0.1:65402 ! R:localhost/127.0.0.1:60604] with attribute DISCARD
14:57:24.104 [AsyncHttpClient-1-1] DEBUG org.asynchttpclient.netty.channel.DefaultChannelPool - Entry count for : http://localhost:60604 : 1
14:57:24.104 [AsyncHttpClient-1-1] DEBUG org.asynchttpclient.netty.channel.DefaultChannelPool - Entry count for : http://localhost:65403 : 1
14:57:24.104 [AsyncHttpClient-1-1] DEBUG org.asynchttpclient.netty.channel.DefaultChannelPool - Adding Candidate expired Channel [id: 0x97a51816, L:/127.0.0.1:65402 ! R:localhost/127.0.0.1:60604] isIdleTimeoutExpired=false isRemotelyClosed=true isTtlExpired=false
14:57:24.105 [AsyncHttpClient-1-1] DEBUG org.asynchttpclient.netty.channel.DefaultChannelPool - Closing Idle Channel [id: 0x97a51816, L:/127.0.0.1:65402 ! R:localhost/127.0.0.1:60604]
14:57:24.105 [AsyncHttpClient-1-1] DEBUG org.asynchttpclient.netty.channel.DefaultChannelPool - Adding Candidate expired Channel [id: 0x6df946d4, L:/127.0.0.1:65409 ! R:localhost/127.0.0.1:65403] isIdleTimeoutExpired=false isRemotelyClosed=true isTtlExpired=false
14:57:24.105 [AsyncHttpClient-1-1] DEBUG org.asynchttpclient.netty.channel.DefaultChannelPool - Closing Idle Channel [id: 0x6df946d4, L:/127.0.0.1:65409 ! R:localhost/127.0.0.1:65403]
14:57:24.105 [AsyncHttpClient-1-1] DEBUG org.asynchttpclient.netty.channel.DefaultChannelPool - Closed 2 connections out of 2 in 1 ms
]]></system-out>
    <system-err><![CDATA[Starting ChromeDriver 101.0.4951.41 (93c720db8323b3ec10d056025ab95c23a31997c9-refs/branch-heads/4951@{#904}) on port 60604
Only local connections are allowed.
Please see https://chromedriver.chromium.org/security-considerations for suggestions on keeping ChromeDriver safe.
ChromeDriver was started successfully.
May 16, 2022 2:57:20 PM org.openqa.selenium.remote.ProtocolHandshake createSession
INFO: Detected dialect: W3C
May 16, 2022 2:57:20 PM org.openqa.selenium.devtools.CdpVersionFinder findNearestMatch
WARNING: Unable to find an exact match for CDP version 101, so returning the closest version found: 97
May 16, 2022 2:57:20 PM org.openqa.selenium.devtools.CdpVersionFinder findNearestMatch
INFO: Found CDP implementation for version 101 of 97
]]></system-err>
  </testcase>
  <testcase name="Rating Product AltaShop" classname="Product" time="5.311">
    <system-out><![CDATA[
@Product
Scenario: Rating Product AltaShop     &amp#27;[90m# src/test/resources/features/Product.feature:19&amp#27;[0m
14:57:24.401 [main] INFO io.cucumber.core.plugin.SerenityReporter - Running feature from file:///D:/data%20hakim/Mini%20Project%20Alterra/WebAlta/src/test/resources/features/Product.feature
14:57:24.403 [main] INFO  - 
  _____   ___   ___   _____     ___   _____     _     ___   _____   ___   ___  
 |_   _| | __| / __| |_   _|   / __| |_   _|   /_\   | _ \ |_   _| | __| |   \ 
   | |   | _|  \__ \   | |     \__ \   | |    / _ \  |   /   | |   | _|  | |) |
   |_|   |___| |___/   |_|     |___/   |_|   /_/ \_\ |_|_\   |_|   |___| |___/ 

Rating Product AltaShop(product;rating-product-altashop)
--------------------------------------------------------------------------------
14:57:24.419 [main] INFO net.serenitybdd.core.webdriver.driverproviders.ChromeDriverProvider - Using automatically driver download
14:57:24.533 [main] DEBUG io.github.bonigarcia.wdm.cache.ResolutionCache - Resolution chrome=101 in cache (valid until 15:32:06 16/05/2022 WIB)
14:57:24.535 [main] DEBUG io.github.bonigarcia.wdm.cache.ResolutionCache - Resolution chrome101=101.0.4951.41 in cache (valid until 14:32:06 17/05/2022 WIB)
14:57:24.536 [main] INFO io.github.bonigarcia.wdm.WebDriverManager - Using chromedriver 101.0.4951.41 (resolved driver for Chrome 101)
14:57:24.544 [main] DEBUG io.github.bonigarcia.wdm.WebDriverManager - Driver chromedriver 101.0.4951.41 found in cache
14:57:24.544 [main] INFO io.github.bonigarcia.wdm.WebDriverManager - Exporting webdriver.chrome.driver as C:\Users\hp pc\.cache\selenium\chromedriver\win32\101.0.4951.41\chromedriver.exe
14:57:24.649 [main] DEBUG net.serenitybdd.core.webdriver.driverproviders.ProvideNewDriver - Instantiating driver
14:57:24.649 [main] DEBUG net.serenitybdd.core.webdriver.driverproviders.ProvideNewDriver - Driver capabilities: Capabilities {acceptInsecureCerts: false, base.url: https://qa.alta.id/, browserName: chrome, chrome.driver: src/test/resources/webdrive..., driver: chrome, goog:chromeOptions: {args: [], extensions: []}}
14:57:25.185 [AsyncHttpClient-1-5] DEBUG org.asynchttpclient.netty.channel.NettyConnectListener - Using new Channel '[id: 0x6dd77adc, L:/127.0.0.1:65429 - R:localhost/127.0.0.1:58333]' for 'POST' to '/session'
14:57:25.924 [AsyncHttpClient-1-5] DEBUG org.asynchttpclient.netty.handler.HttpHandler - 

Request DefaultHttpRequest(decodeResult: success, version: HTTP/1.1)
POST /session HTTP/1.1
User-Agent: selenium/4.1.2 (java windows)
Content-Length: 605
Content-Type: application/json; charset=utf-8
host: localhost:58333
accept: */*

Response DefaultHttpResponse(decodeResult: success, version: HTTP/1.1)
HTTP/1.1 200 OK
Content-Type: application/json; charset=utf-8
cache-control: no-cache
content-length: 791

14:57:25.924 [AsyncHttpClient-1-5] DEBUG org.asynchttpclient.netty.channel.ChannelManager - Adding key: http://localhost:58333 for channel [id: 0x6dd77adc, L:/127.0.0.1:65429 - R:localhost/127.0.0.1:58333]
14:57:25.930 [AsyncHttpClient-1-6] DEBUG org.asynchttpclient.netty.channel.NettyConnectListener - Using new Channel '[id: 0x6fa46255, L:/127.0.0.1:65436 - R:localhost/127.0.0.1:65430]' for 'GET' to '/json/version'
14:57:25.931 [AsyncHttpClient-1-6] DEBUG org.asynchttpclient.netty.handler.HttpHandler - 

Request DefaultFullHttpRequest(decodeResult: success, version: HTTP/1.1, content: EmptyByteBufBE)
GET /json/version HTTP/1.1
User-Agent: selenium/4.1.2 (java windows)
host: localhost:65430
accept: */*

Response DefaultHttpResponse(decodeResult: success, version: HTTP/1.1)
HTTP/1.1 200 OK
Content-Type: application/json; charset=UTF-8
content-length: 427

14:57:25.931 [AsyncHttpClient-1-6] DEBUG org.asynchttpclient.netty.channel.ChannelManager - Adding key: http://localhost:65430 for channel [id: 0x6fa46255, L:/127.0.0.1:65436 - R:localhost/127.0.0.1:65430]
14:57:25.933 [AsyncHttpClient-1-7] DEBUG org.asynchttpclient.netty.channel.NettyConnectListener - Using new Channel '[id: 0xe23f9919, L:/127.0.0.1:65437 - R:localhost/127.0.0.1:65430]' for 'GET' to '/devtools/browser/ec2e38a5-51a9-4c77-a783-46ff2d189201'
14:57:25.934 [AsyncHttpClient-1-7] DEBUG org.asynchttpclient.netty.handler.WebSocketHandler - 

Request DefaultFullHttpRequest(decodeResult: success, version: HTTP/1.1, content: EmptyByteBufBE)
GET /devtools/browser/ec2e38a5-51a9-4c77-a783-46ff2d189201 HTTP/1.1
upgrade: websocket
connection: upgrade
sec-websocket-key: 4Ch1chbQWdh/lgJ+9mIrpQ==
sec-websocket-version: 13
origin: http://localhost:65430
host: localhost:65430
accept: */*
user-agent: AHC/2.1

Response DefaultHttpResponse(decodeResult: success, version: HTTP/1.1)
HTTP/1.1 101 WebSocket Protocol Handshake
Upgrade: WebSocket
Connection: Upgrade
Sec-WebSocket-Accept: CluUzjsJTd0VpWwMtgwTv5+UosE=

14:57:25.936 [Forwarding maximizeCurrentWindow on session bf6692cfedd973a90e0ad674d00ae911 to remote] DEBUG org.asynchttpclient.netty.request.NettyRequestSender - Using pooled Channel '[id: 0x6dd77adc, L:/127.0.0.1:65429 - R:localhost/127.0.0.1:58333]' for 'POST' to 'http://localhost:58333/session/bf6692cfedd973a90e0ad674d00ae911/window/maximize'
14:57:25.937 [Forwarding maximizeCurrentWindow on session bf6692cfedd973a90e0ad674d00ae911 to remote] DEBUG org.asynchttpclient.netty.request.NettyRequestSender - Using open Channel [id: 0x6dd77adc, L:/127.0.0.1:65429 - R:localhost/127.0.0.1:58333] for POST '/session/bf6692cfedd973a90e0ad674d00ae911/window/maximize'
14:57:26.068 [AsyncHttpClient-1-5] DEBUG org.asynchttpclient.netty.handler.HttpHandler - 

Request DefaultHttpRequest(decodeResult: success, version: HTTP/1.1)
POST /session/bf6692cfedd973a90e0ad674d00ae911/window/maximize HTTP/1.1
User-Agent: selenium/4.1.2 (java windows)
Content-Length: 3
Content-Type: application/json; charset=utf-8
host: localhost:58333
accept: */*

Response DefaultHttpResponse(decodeResult: success, version: HTTP/1.1)
HTTP/1.1 200 OK
Content-Type: application/json; charset=utf-8
cache-control: no-cache
content-length: 51

14:57:26.068 [AsyncHttpClient-1-5] DEBUG org.asynchttpclient.netty.channel.ChannelManager - Adding key: http://localhost:58333 for channel [id: 0x6dd77adc, L:/127.0.0.1:65429 - R:localhost/127.0.0.1:58333]
14:57:26.070 [Forwarding get on session bf6692cfedd973a90e0ad674d00ae911 to remote] DEBUG org.asynchttpclient.netty.request.NettyRequestSender - Using pooled Channel '[id: 0x6dd77adc, L:/127.0.0.1:65429 - R:localhost/127.0.0.1:58333]' for 'POST' to 'http://localhost:58333/session/bf6692cfedd973a90e0ad674d00ae911/url'
14:57:26.070 [Forwarding get on session bf6692cfedd973a90e0ad674d00ae911 to remote] DEBUG org.asynchttpclient.netty.request.NettyRequestSender - Using open Channel [id: 0x6dd77adc, L:/127.0.0.1:65429 - R:localhost/127.0.0.1:58333] for POST '/session/bf6692cfedd973a90e0ad674d00ae911/url'
14:57:26.301 [AsyncHttpClient-1-1] DEBUG org.asynchttpclient.netty.channel.DefaultChannelPool - Entry count for : http://localhost:65430 : 1
14:57:26.910 [AsyncHttpClient-1-5] DEBUG org.asynchttpclient.netty.handler.HttpHandler - 

Request DefaultHttpRequest(decodeResult: success, version: HTTP/1.1)
POST /session/bf6692cfedd973a90e0ad674d00ae911/url HTTP/1.1
User-Agent: selenium/4.1.2 (java windows)
Content-Length: 49
Content-Type: application/json; charset=utf-8
host: localhost:58333
accept: */*

Response DefaultHttpResponse(decodeResult: success, version: HTTP/1.1)
HTTP/1.1 200 OK
Content-Type: application/json; charset=utf-8
cache-control: no-cache
content-length: 14

14:57:26.910 [AsyncHttpClient-1-5] DEBUG org.asynchttpclient.netty.channel.ChannelManager - Adding key: http://localhost:58333 for channel [id: 0x6dd77adc, L:/127.0.0.1:65429 - R:localhost/127.0.0.1:58333]
14:57:26.911 [Forwarding setTimeout on session bf6692cfedd973a90e0ad674d00ae911 to remote] DEBUG org.asynchttpclient.netty.request.NettyRequestSender - Using pooled Channel '[id: 0x6dd77adc, L:/127.0.0.1:65429 - R:localhost/127.0.0.1:58333]' for 'POST' to 'http://localhost:58333/session/bf6692cfedd973a90e0ad674d00ae911/timeouts'
14:57:26.911 [Forwarding setTimeout on session bf6692cfedd973a90e0ad674d00ae911 to remote] DEBUG org.asynchttpclient.netty.request.NettyRequestSender - Using open Channel [id: 0x6dd77adc, L:/127.0.0.1:65429 - R:localhost/127.0.0.1:58333] for POST '/session/bf6692cfedd973a90e0ad674d00ae911/timeouts'
14:57:26.912 [AsyncHttpClient-1-5] DEBUG org.asynchttpclient.netty.handler.HttpHandler - 

Request DefaultHttpRequest(decodeResult: success, version: HTTP/1.1)
POST /session/bf6692cfedd973a90e0ad674d00ae911/timeouts HTTP/1.1
User-Agent: selenium/4.1.2 (java windows)
Content-Length: 22
Content-Type: application/json; charset=utf-8
host: localhost:58333
accept: */*

Response DefaultHttpResponse(decodeResult: success, version: HTTP/1.1)
HTTP/1.1 200 OK
Content-Type: application/json; charset=utf-8
cache-control: no-cache
content-length: 14

14:57:26.912 [AsyncHttpClient-1-5] DEBUG org.asynchttpclient.netty.channel.ChannelManager - Adding key: http://localhost:58333 for channel [id: 0x6dd77adc, L:/127.0.0.1:65429 - R:localhost/127.0.0.1:58333]
14:57:26.914 [Forwarding getCurrentUrl on session bf6692cfedd973a90e0ad674d00ae911 to remote] DEBUG org.asynchttpclient.netty.request.NettyRequestSender - Using pooled Channel '[id: 0x6dd77adc, L:/127.0.0.1:65429 - R:localhost/127.0.0.1:58333]' for 'GET' to 'http://localhost:58333/session/bf6692cfedd973a90e0ad674d00ae911/url'
14:57:26.914 [Forwarding getCurrentUrl on session bf6692cfedd973a90e0ad674d00ae911 to remote] DEBUG org.asynchttpclient.netty.request.NettyRequestSender - Using open Channel [id: 0x6dd77adc, L:/127.0.0.1:65429 - R:localhost/127.0.0.1:58333] for GET '/session/bf6692cfedd973a90e0ad674d00ae911/url'
14:57:26.918 [AsyncHttpClient-1-5] DEBUG org.asynchttpclient.netty.handler.HttpHandler - 

Request DefaultFullHttpRequest(decodeResult: success, version: HTTP/1.1, content: EmptyByteBufBE)
GET /session/bf6692cfedd973a90e0ad674d00ae911/url HTTP/1.1
User-Agent: selenium/4.1.2 (java windows)
Cache-Control: no-cache
Content-Type: application/json; charset=utf-8
host: localhost:58333
accept: */*

Response DefaultHttpResponse(decodeResult: success, version: HTTP/1.1)
HTTP/1.1 200 OK
Content-Type: application/json; charset=utf-8
cache-control: no-cache
content-length: 31

14:57:26.918 [AsyncHttpClient-1-5] DEBUG org.asynchttpclient.netty.channel.ChannelManager - Adding key: http://localhost:58333 for channel [id: 0x6dd77adc, L:/127.0.0.1:65429 - R:localhost/127.0.0.1:58333]
14:57:26.925 [Forwarding screenshot on session bf6692cfedd973a90e0ad674d00ae911 to remote] DEBUG org.asynchttpclient.netty.request.NettyRequestSender - Using pooled Channel '[id: 0x6dd77adc, L:/127.0.0.1:65429 - R:localhost/127.0.0.1:58333]' for 'GET' to 'http://localhost:58333/session/bf6692cfedd973a90e0ad674d00ae911/screenshot'
14:57:26.926 [Forwarding screenshot on session bf6692cfedd973a90e0ad674d00ae911 to remote] DEBUG org.asynchttpclient.netty.request.NettyRequestSender - Using open Channel [id: 0x6dd77adc, L:/127.0.0.1:65429 - R:localhost/127.0.0.1:58333] for GET '/session/bf6692cfedd973a90e0ad674d00ae911/screenshot'
14:57:27.259 [AsyncHttpClient-1-5] DEBUG org.asynchttpclient.netty.handler.HttpHandler - 

Request DefaultFullHttpRequest(decodeResult: success, version: HTTP/1.1, content: EmptyByteBufBE)
GET /session/bf6692cfedd973a90e0ad674d00ae911/screenshot HTTP/1.1
User-Agent: selenium/4.1.2 (java windows)
Cache-Control: no-cache
Content-Type: application/json; charset=utf-8
host: localhost:58333
accept: */*

Response DefaultHttpResponse(decodeResult: success, version: HTTP/1.1)
HTTP/1.1 200 OK
Content-Type: application/json; charset=utf-8
cache-control: no-cache
content-length: 37112

14:57:27.259 [AsyncHttpClient-1-5] DEBUG org.asynchttpclient.netty.channel.ChannelManager - Adding key: http://localhost:58333 for channel [id: 0x6dd77adc, L:/127.0.0.1:65429 - R:localhost/127.0.0.1:58333]
14:57:27.260 [main] DEBUG net.serenitybdd.core.photography.Darkroom - Send negative for processing for target\site\serenity\b77185a5cd00ee269d3977f94cdf277c11ababcc4acdd8d4dc5db4ae9130594f.png
14:57:27.260 [main] DEBUG net.thucydides.core.steps.StepInterceptor - STARTING STEP: ProductStep.iOnTheHomePage - validateOnHomePage
14:57:27.262 [Forwarding findElement on session bf6692cfedd973a90e0ad674d00ae911 to remote] DEBUG org.asynchttpclient.netty.request.NettyRequestSender - Using pooled Channel '[id: 0x6dd77adc, L:/127.0.0.1:65429 - R:localhost/127.0.0.1:58333]' for 'POST' to 'http://localhost:58333/session/bf6692cfedd973a90e0ad674d00ae911/element'
14:57:27.262 [Forwarding findElement on session bf6692cfedd973a90e0ad674d00ae911 to remote] DEBUG org.asynchttpclient.netty.request.NettyRequestSender - Using open Channel [id: 0x6dd77adc, L:/127.0.0.1:65429 - R:localhost/127.0.0.1:58333] for POST '/session/bf6692cfedd973a90e0ad674d00ae911/element'
14:57:27.275 [AsyncHttpClient-1-5] DEBUG org.asynchttpclient.netty.handler.HttpHandler - 

Request DefaultHttpRequest(decodeResult: success, version: HTTP/1.1)
POST /session/bf6692cfedd973a90e0ad674d00ae911/element HTTP/1.1
User-Agent: selenium/4.1.2 (java windows)
Content-Length: 127
Content-Type: application/json; charset=utf-8
host: localhost:58333
accept: */*

Response DefaultHttpResponse(decodeResult: success, version: HTTP/1.1)
HTTP/1.1 200 OK
Content-Type: application/json; charset=utf-8
cache-control: no-cache
content-length: 88

14:57:27.275 [AsyncHttpClient-1-5] DEBUG org.asynchttpclient.netty.channel.ChannelManager - Adding key: http://localhost:58333 for channel [id: 0x6dd77adc, L:/127.0.0.1:65429 - R:localhost/127.0.0.1:58333]
14:57:27.278 [Forwarding isElementDisplayed on session bf6692cfedd973a90e0ad674d00ae911 to remote] DEBUG org.asynchttpclient.netty.request.NettyRequestSender - Using pooled Channel '[id: 0x6dd77adc, L:/127.0.0.1:65429 - R:localhost/127.0.0.1:58333]' for 'POST' to 'http://localhost:58333/session/bf6692cfedd973a90e0ad674d00ae911/execute/sync'
14:57:27.278 [Forwarding isElementDisplayed on session bf6692cfedd973a90e0ad674d00ae911 to remote] DEBUG org.asynchttpclient.netty.request.NettyRequestSender - Using open Channel [id: 0x6dd77adc, L:/127.0.0.1:65429 - R:localhost/127.0.0.1:58333] for POST '/session/bf6692cfedd973a90e0ad674d00ae911/execute/sync'
14:57:27.292 [AsyncHttpClient-1-5] DEBUG org.asynchttpclient.netty.handler.HttpHandler - 

Request DefaultHttpRequest(decodeResult: success, version: HTTP/1.1)
POST /session/bf6692cfedd973a90e0ad674d00ae911/execute/sync HTTP/1.1
User-Agent: selenium/4.1.2 (java windows)
Content-Length: 48780
Content-Type: application/json; charset=utf-8
host: localhost:58333
accept: */*

Response DefaultHttpResponse(decodeResult: success, version: HTTP/1.1)
HTTP/1.1 200 OK
Content-Type: application/json; charset=utf-8
cache-control: no-cache
content-length: 14

14:57:27.292 [AsyncHttpClient-1-5] DEBUG org.asynchttpclient.netty.channel.ChannelManager - Adding key: http://localhost:58333 for channel [id: 0x6dd77adc, L:/127.0.0.1:65429 - R:localhost/127.0.0.1:58333]
14:57:27.294 [main] DEBUG net.thucydides.core.steps.StepInterceptor - STEP DONE: validateOnHomePage
  &amp#27;[32mGiven &amp#27;[0m&amp#27;[32mI am on the HomePage AltaShop&amp#27;[0m &amp#27;[90m# Starter.StepDefinitions.ProductStep.iOnTheHomePage()&amp#27;[0m
14:57:27.309 [main] DEBUG net.thucydides.core.steps.StepInterceptor - STARTING STEP: ProductStep.iClickButtonDetailProduct - clickDetailProduct
14:57:27.311 [Forwarding findElement on session bf6692cfedd973a90e0ad674d00ae911 to remote] DEBUG org.asynchttpclient.netty.request.NettyRequestSender - Using pooled Channel '[id: 0x6dd77adc, L:/127.0.0.1:65429 - R:localhost/127.0.0.1:58333]' for 'POST' to 'http://localhost:58333/session/bf6692cfedd973a90e0ad674d00ae911/element'
14:57:27.311 [Forwarding findElement on session bf6692cfedd973a90e0ad674d00ae911 to remote] DEBUG org.asynchttpclient.netty.request.NettyRequestSender - Using open Channel [id: 0x6dd77adc, L:/127.0.0.1:65429 - R:localhost/127.0.0.1:58333] for POST '/session/bf6692cfedd973a90e0ad674d00ae911/element'
14:57:27.407 [AsyncHttpClient-1-1] DEBUG org.asynchttpclient.netty.channel.DefaultChannelPool - Entry count for : http://localhost:65430 : 1
14:57:28.178 [AsyncHttpClient-1-5] DEBUG org.asynchttpclient.netty.handler.HttpHandler - 

Request DefaultHttpRequest(decodeResult: success, version: HTTP/1.1)
POST /session/bf6692cfedd973a90e0ad674d00ae911/element HTTP/1.1
User-Agent: selenium/4.1.2 (java windows)
Content-Length: 113
Content-Type: application/json; charset=utf-8
host: localhost:58333
accept: */*

Response DefaultHttpResponse(decodeResult: success, version: HTTP/1.1)
HTTP/1.1 200 OK
Content-Type: application/json; charset=utf-8
cache-control: no-cache
content-length: 88

14:57:28.178 [AsyncHttpClient-1-5] DEBUG org.asynchttpclient.netty.channel.ChannelManager - Adding key: http://localhost:58333 for channel [id: 0x6dd77adc, L:/127.0.0.1:65429 - R:localhost/127.0.0.1:58333]
14:57:28.181 [Forwarding getElementTagName on session bf6692cfedd973a90e0ad674d00ae911 to remote] DEBUG org.asynchttpclient.netty.request.NettyRequestSender - Using pooled Channel '[id: 0x6dd77adc, L:/127.0.0.1:65429 - R:localhost/127.0.0.1:58333]' for 'GET' to 'http://localhost:58333/session/bf6692cfedd973a90e0ad674d00ae911/element/326acb87-b159-4cf6-8ced-dbac29b225d5/name'
14:57:28.181 [Forwarding getElementTagName on session bf6692cfedd973a90e0ad674d00ae911 to remote] DEBUG org.asynchttpclient.netty.request.NettyRequestSender - Using open Channel [id: 0x6dd77adc, L:/127.0.0.1:65429 - R:localhost/127.0.0.1:58333] for GET '/session/bf6692cfedd973a90e0ad674d00ae911/element/326acb87-b159-4cf6-8ced-dbac29b225d5/name'
14:57:28.186 [AsyncHttpClient-1-5] DEBUG org.asynchttpclient.netty.handler.HttpHandler - 

Request DefaultFullHttpRequest(decodeResult: success, version: HTTP/1.1, content: EmptyByteBufBE)
GET /session/bf6692cfedd973a90e0ad674d00ae911/element/326acb87-b159-4cf6-8ced-dbac29b225d5/name HTTP/1.1
User-Agent: selenium/4.1.2 (java windows)
Cache-Control: no-cache
Content-Type: application/json; charset=utf-8
host: localhost:58333
accept: */*

Response DefaultHttpResponse(decodeResult: success, version: HTTP/1.1)
HTTP/1.1 200 OK
Content-Type: application/json; charset=utf-8
cache-control: no-cache
content-length: 16

14:57:28.186 [AsyncHttpClient-1-5] DEBUG org.asynchttpclient.netty.channel.ChannelManager - Adding key: http://localhost:58333 for channel [id: 0x6dd77adc, L:/127.0.0.1:65429 - R:localhost/127.0.0.1:58333]
14:57:28.187 [Forwarding getElementTagName on session bf6692cfedd973a90e0ad674d00ae911 to remote] DEBUG org.asynchttpclient.netty.request.NettyRequestSender - Using pooled Channel '[id: 0x6dd77adc, L:/127.0.0.1:65429 - R:localhost/127.0.0.1:58333]' for 'GET' to 'http://localhost:58333/session/bf6692cfedd973a90e0ad674d00ae911/element/326acb87-b159-4cf6-8ced-dbac29b225d5/name'
14:57:28.187 [Forwarding getElementTagName on session bf6692cfedd973a90e0ad674d00ae911 to remote] DEBUG org.asynchttpclient.netty.request.NettyRequestSender - Using open Channel [id: 0x6dd77adc, L:/127.0.0.1:65429 - R:localhost/127.0.0.1:58333] for GET '/session/bf6692cfedd973a90e0ad674d00ae911/element/326acb87-b159-4cf6-8ced-dbac29b225d5/name'
14:57:28.191 [AsyncHttpClient-1-5] DEBUG org.asynchttpclient.netty.handler.HttpHandler - 

Request DefaultFullHttpRequest(decodeResult: success, version: HTTP/1.1, content: EmptyByteBufBE)
GET /session/bf6692cfedd973a90e0ad674d00ae911/element/326acb87-b159-4cf6-8ced-dbac29b225d5/name HTTP/1.1
User-Agent: selenium/4.1.2 (java windows)
Cache-Control: no-cache
Content-Type: application/json; charset=utf-8
host: localhost:58333
accept: */*

Response DefaultHttpResponse(decodeResult: success, version: HTTP/1.1)
HTTP/1.1 200 OK
Content-Type: application/json; charset=utf-8
cache-control: no-cache
content-length: 16

14:57:28.191 [AsyncHttpClient-1-5] DEBUG org.asynchttpclient.netty.channel.ChannelManager - Adding key: http://localhost:58333 for channel [id: 0x6dd77adc, L:/127.0.0.1:65429 - R:localhost/127.0.0.1:58333]
14:57:28.192 [Forwarding findElement on session bf6692cfedd973a90e0ad674d00ae911 to remote] DEBUG org.asynchttpclient.netty.request.NettyRequestSender - Using pooled Channel '[id: 0x6dd77adc, L:/127.0.0.1:65429 - R:localhost/127.0.0.1:58333]' for 'POST' to 'http://localhost:58333/session/bf6692cfedd973a90e0ad674d00ae911/element'
14:57:28.192 [Forwarding findElement on session bf6692cfedd973a90e0ad674d00ae911 to remote] DEBUG org.asynchttpclient.netty.request.NettyRequestSender - Using open Channel [id: 0x6dd77adc, L:/127.0.0.1:65429 - R:localhost/127.0.0.1:58333] for POST '/session/bf6692cfedd973a90e0ad674d00ae911/element'
14:57:28.203 [AsyncHttpClient-1-5] DEBUG org.asynchttpclient.netty.handler.HttpHandler - 

Request DefaultHttpRequest(decodeResult: success, version: HTTP/1.1)
POST /session/bf6692cfedd973a90e0ad674d00ae911/element HTTP/1.1
User-Agent: selenium/4.1.2 (java windows)
Content-Length: 113
Content-Type: application/json; charset=utf-8
host: localhost:58333
accept: */*

Response DefaultHttpResponse(decodeResult: success, version: HTTP/1.1)
HTTP/1.1 200 OK
Content-Type: application/json; charset=utf-8
cache-control: no-cache
content-length: 88

14:57:28.204 [AsyncHttpClient-1-5] DEBUG org.asynchttpclient.netty.channel.ChannelManager - Adding key: http://localhost:58333 for channel [id: 0x6dd77adc, L:/127.0.0.1:65429 - R:localhost/127.0.0.1:58333]
14:57:28.204 [Forwarding clickElement on session bf6692cfedd973a90e0ad674d00ae911 to remote] DEBUG org.asynchttpclient.netty.request.NettyRequestSender - Using pooled Channel '[id: 0x6dd77adc, L:/127.0.0.1:65429 - R:localhost/127.0.0.1:58333]' for 'POST' to 'http://localhost:58333/session/bf6692cfedd973a90e0ad674d00ae911/element/326acb87-b159-4cf6-8ced-dbac29b225d5/click'
14:57:28.204 [Forwarding clickElement on session bf6692cfedd973a90e0ad674d00ae911 to remote] DEBUG org.asynchttpclient.netty.request.NettyRequestSender - Using open Channel [id: 0x6dd77adc, L:/127.0.0.1:65429 - R:localhost/127.0.0.1:58333] for POST '/session/bf6692cfedd973a90e0ad674d00ae911/element/326acb87-b159-4cf6-8ced-dbac29b225d5/click'
14:57:28.306 [AsyncHttpClient-1-5] DEBUG org.asynchttpclient.netty.handler.HttpHandler - 

Request DefaultHttpRequest(decodeResult: success, version: HTTP/1.1)
POST /session/bf6692cfedd973a90e0ad674d00ae911/element/326acb87-b159-4cf6-8ced-dbac29b225d5/click HTTP/1.1
User-Agent: selenium/4.1.2 (java windows)
Content-Length: 50
Content-Type: application/json; charset=utf-8
host: localhost:58333
accept: */*

Response DefaultHttpResponse(decodeResult: success, version: HTTP/1.1)
HTTP/1.1 200 OK
Content-Type: application/json; charset=utf-8
cache-control: no-cache
content-length: 14

14:57:28.306 [AsyncHttpClient-1-5] DEBUG org.asynchttpclient.netty.channel.ChannelManager - Adding key: http://localhost:58333 for channel [id: 0x6dd77adc, L:/127.0.0.1:65429 - R:localhost/127.0.0.1:58333]
14:57:28.311 [Forwarding screenshot on session bf6692cfedd973a90e0ad674d00ae911 to remote] DEBUG org.asynchttpclient.netty.request.NettyRequestSender - Using pooled Channel '[id: 0x6dd77adc, L:/127.0.0.1:65429 - R:localhost/127.0.0.1:58333]' for 'GET' to 'http://localhost:58333/session/bf6692cfedd973a90e0ad674d00ae911/screenshot'
14:57:28.311 [Forwarding screenshot on session bf6692cfedd973a90e0ad674d00ae911 to remote] DEBUG org.asynchttpclient.netty.request.NettyRequestSender - Using open Channel [id: 0x6dd77adc, L:/127.0.0.1:65429 - R:localhost/127.0.0.1:58333] for GET '/session/bf6692cfedd973a90e0ad674d00ae911/screenshot'
14:57:28.507 [AsyncHttpClient-1-1] DEBUG org.asynchttpclient.netty.channel.DefaultChannelPool - Entry count for : http://localhost:65430 : 1
14:57:28.568 [AsyncHttpClient-1-5] DEBUG org.asynchttpclient.netty.handler.HttpHandler - 

Request DefaultFullHttpRequest(decodeResult: success, version: HTTP/1.1, content: EmptyByteBufBE)
GET /session/bf6692cfedd973a90e0ad674d00ae911/screenshot HTTP/1.1
User-Agent: selenium/4.1.2 (java windows)
Cache-Control: no-cache
Content-Type: application/json; charset=utf-8
host: localhost:58333
accept: */*

Response DefaultHttpResponse(decodeResult: success, version: HTTP/1.1)
HTTP/1.1 200 OK
Content-Type: application/json; charset=utf-8
cache-control: no-cache
content-length: 15016

14:57:28.568 [AsyncHttpClient-1-5] DEBUG org.asynchttpclient.netty.channel.ChannelManager - Adding key: http://localhost:58333 for channel [id: 0x6dd77adc, L:/127.0.0.1:65429 - R:localhost/127.0.0.1:58333]
14:57:28.569 [main] DEBUG net.serenitybdd.core.photography.Darkroom - Send negative for processing for target\site\serenity\0cd5352db1e850eb3de9995a059236ff6675eec91e8efffd769095d8eaad7dc4.png
14:57:28.570 [Darkroom Processing Line] DEBUG net.serenitybdd.core.photography.DarkroomProcessingLine - Processing screenshot image in /var/screenshots/screenshot-7600124385569716459
14:57:28.570 [Darkroom Processing Line] DEBUG net.serenitybdd.core.photography.DarkroomProcessingLine - Saving screenshot to target\site\serenity\0cd5352db1e850eb3de9995a059236ff6675eec91e8efffd769095d8eaad7dc4.png
14:57:28.570 [main] DEBUG net.thucydides.core.steps.StepInterceptor - STEP DONE: clickDetailProduct
  &amp#27;[32mWhen &amp#27;[0m&amp#27;[32mI click button detail product&amp#27;[0m  &amp#27;[90m# Starter.StepDefinitions.ProductStep.iClickButtonDetailProduct()&amp#27;[0m
14:57:28.582 [main] DEBUG net.thucydides.core.steps.StepInterceptor - STARTING STEP: ProductStep.iGetDetailRatingProduct - validateRatingProduct
14:57:28.584 [Forwarding findElement on session bf6692cfedd973a90e0ad674d00ae911 to remote] DEBUG org.asynchttpclient.netty.request.NettyRequestSender - Using pooled Channel '[id: 0x6dd77adc, L:/127.0.0.1:65429 - R:localhost/127.0.0.1:58333]' for 'POST' to 'http://localhost:58333/session/bf6692cfedd973a90e0ad674d00ae911/element'
14:57:28.584 [Forwarding findElement on session bf6692cfedd973a90e0ad674d00ae911 to remote] DEBUG org.asynchttpclient.netty.request.NettyRequestSender - Using open Channel [id: 0x6dd77adc, L:/127.0.0.1:65429 - R:localhost/127.0.0.1:58333] for POST '/session/bf6692cfedd973a90e0ad674d00ae911/element'
14:57:28.715 [AsyncHttpClient-1-5] DEBUG org.asynchttpclient.netty.handler.HttpHandler - 

Request DefaultHttpRequest(decodeResult: success, version: HTTP/1.1)
POST /session/bf6692cfedd973a90e0ad674d00ae911/element HTTP/1.1
User-Agent: selenium/4.1.2 (java windows)
Content-Length: 106
Content-Type: application/json; charset=utf-8
host: localhost:58333
accept: */*

Response DefaultHttpResponse(decodeResult: success, version: HTTP/1.1)
HTTP/1.1 200 OK
Content-Type: application/json; charset=utf-8
cache-control: no-cache
content-length: 88

14:57:28.715 [AsyncHttpClient-1-5] DEBUG org.asynchttpclient.netty.channel.ChannelManager - Adding key: http://localhost:58333 for channel [id: 0x6dd77adc, L:/127.0.0.1:65429 - R:localhost/127.0.0.1:58333]
14:57:28.717 [Forwarding isElementDisplayed on session bf6692cfedd973a90e0ad674d00ae911 to remote] DEBUG org.asynchttpclient.netty.request.NettyRequestSender - Using pooled Channel '[id: 0x6dd77adc, L:/127.0.0.1:65429 - R:localhost/127.0.0.1:58333]' for 'POST' to 'http://localhost:58333/session/bf6692cfedd973a90e0ad674d00ae911/execute/sync'
14:57:28.718 [Forwarding isElementDisplayed on session bf6692cfedd973a90e0ad674d00ae911 to remote] DEBUG org.asynchttpclient.netty.request.NettyRequestSender - Using open Channel [id: 0x6dd77adc, L:/127.0.0.1:65429 - R:localhost/127.0.0.1:58333] for POST '/session/bf6692cfedd973a90e0ad674d00ae911/execute/sync'
14:57:28.728 [AsyncHttpClient-1-5] DEBUG org.asynchttpclient.netty.handler.HttpHandler - 

Request DefaultHttpRequest(decodeResult: success, version: HTTP/1.1)
POST /session/bf6692cfedd973a90e0ad674d00ae911/execute/sync HTTP/1.1
User-Agent: selenium/4.1.2 (java windows)
Content-Length: 48780
Content-Type: application/json; charset=utf-8
host: localhost:58333
accept: */*

Response DefaultHttpResponse(decodeResult: success, version: HTTP/1.1)
HTTP/1.1 200 OK
Content-Type: application/json; charset=utf-8
cache-control: no-cache
content-length: 14

14:57:28.728 [AsyncHttpClient-1-5] DEBUG org.asynchttpclient.netty.channel.ChannelManager - Adding key: http://localhost:58333 for channel [id: 0x6dd77adc, L:/127.0.0.1:65429 - R:localhost/127.0.0.1:58333]
14:57:28.731 [Forwarding screenshot on session bf6692cfedd973a90e0ad674d00ae911 to remote] DEBUG org.asynchttpclient.netty.request.NettyRequestSender - Using pooled Channel '[id: 0x6dd77adc, L:/127.0.0.1:65429 - R:localhost/127.0.0.1:58333]' for 'GET' to 'http://localhost:58333/session/bf6692cfedd973a90e0ad674d00ae911/screenshot'
14:57:28.731 [Forwarding screenshot on session bf6692cfedd973a90e0ad674d00ae911 to remote] DEBUG org.asynchttpclient.netty.request.NettyRequestSender - Using open Channel [id: 0x6dd77adc, L:/127.0.0.1:65429 - R:localhost/127.0.0.1:58333] for GET '/session/bf6692cfedd973a90e0ad674d00ae911/screenshot'
14:57:28.840 [AsyncHttpClient-1-5] DEBUG org.asynchttpclient.netty.handler.HttpHandler - 

Request DefaultFullHttpRequest(decodeResult: success, version: HTTP/1.1, content: EmptyByteBufBE)
GET /session/bf6692cfedd973a90e0ad674d00ae911/screenshot HTTP/1.1
User-Agent: selenium/4.1.2 (java windows)
Cache-Control: no-cache
Content-Type: application/json; charset=utf-8
host: localhost:58333
accept: */*

Response DefaultHttpResponse(decodeResult: success, version: HTTP/1.1)
HTTP/1.1 200 OK
Content-Type: application/json; charset=utf-8
cache-control: no-cache
content-length: 30224

14:57:28.840 [AsyncHttpClient-1-5] DEBUG org.asynchttpclient.netty.channel.ChannelManager - Adding key: http://localhost:58333 for channel [id: 0x6dd77adc, L:/127.0.0.1:65429 - R:localhost/127.0.0.1:58333]
14:57:28.842 [main] DEBUG net.serenitybdd.core.photography.Darkroom - Send negative for processing for target\site\serenity\857f76d74822a3dfe7e04af1b833361444f6284a32184ad7f873952fbd55ff1e.png
14:57:28.842 [main] DEBUG net.thucydides.core.steps.StepInterceptor - STEP DONE: validateRatingProduct
14:57:28.843 [Darkroom Processing Line] DEBUG net.serenitybdd.core.photography.DarkroomProcessingLine - Processing screenshot image in /var/screenshots/screenshot-17241247743085700607
14:57:28.843 [Darkroom Processing Line] DEBUG net.serenitybdd.core.photography.DarkroomProcessingLine - Saving screenshot to target\site\serenity\857f76d74822a3dfe7e04af1b833361444f6284a32184ad7f873952fbd55ff1e.png
14:57:28.851 [main] DEBUG net.thucydides.core.steps.StepInterceptor - STARTING STEP: ProductStep.iGetDetailRatingProduct - qualityRatingProduct
14:57:28.855 [main] DEBUG net.thucydides.core.steps.StepInterceptor - STEP DONE: qualityRatingProduct
  &amp#27;[32mThen &amp#27;[0m&amp#27;[32mI get detail rating product&amp#27;[0m    &amp#27;[90m# Starter.StepDefinitions.ProductStep.iGetDetailRatingProduct()&amp#27;[0m
14:57:28.861 [main] INFO  - 
  _____   ___   ___   _____     ___     _     ___   ___   ___   ___  
 |_   _| | __| / __| |_   _|   | _ \   /_\   / __| / __| | __| |   \ 
   | |   | _|  \__ \   | |     |  _/  / _ \  \__ \ \__ \ | _|  | |) |
   |_|   |___| |___/   |_|     |_|   /_/ \_\ |___/ |___/ |___| |___/ 

Rating Product AltaShop
----------------------------------------------------------------------
14:57:28.862 [AsyncHttpClient-1-7] DEBUG org.asynchttpclient.netty.handler.WebSocketHandler - Channel Closed: [id: 0xe23f9919, L:/127.0.0.1:65437 ! R:localhost/127.0.0.1:65430] with attribute NettyResponseFuture{currentRetry=5,
	isDone=1,
	isCancelled=0,
	asyncHandler=org.asynchttpclient.ws.WebSocketUpgradeHandler@596eb96c,
	nettyRequest=org.asynchttpclient.netty.request.NettyRequest@414eff05,
	future=java.util.concurrent.CompletableFuture@4cc9c415[Completed normally],
	uri=ws://localhost:65430/devtools/browser/ec2e38a5-51a9-4c77-a783-46ff2d189201,
	keepAlive=true,
	redirectCount=0,
	timeoutsHolder=null,
	inAuth=0,
	touch=1652687845934}
14:57:28.862 [AsyncHttpClient-1-7] DEBUG org.asynchttpclient.netty.channel.ChannelManager - Closing Channel [id: 0xe23f9919, L:/127.0.0.1:65437 ! R:localhost/127.0.0.1:65430] 
14:57:28.865 [Driver Command Executor] DEBUG org.asynchttpclient.netty.request.NettyRequestSender - Using pooled Channel '[id: 0x6dd77adc, L:/127.0.0.1:65429 - R:localhost/127.0.0.1:58333]' for 'DELETE' to 'http://localhost:58333/session/bf6692cfedd973a90e0ad674d00ae911'
14:57:28.865 [Driver Command Executor] DEBUG org.asynchttpclient.netty.request.NettyRequestSender - Using open Channel [id: 0x6dd77adc, L:/127.0.0.1:65429 - R:localhost/127.0.0.1:58333] for DELETE '/session/bf6692cfedd973a90e0ad674d00ae911'
14:57:29.074 [AsyncHttpClient-1-6] DEBUG org.asynchttpclient.netty.handler.HttpHandler - Unexpected I/O exception on channel [id: 0x6fa46255, L:/127.0.0.1:65436 - R:localhost/127.0.0.1:65430]
java.net.SocketException: Connection reset
	at java.base/sun.nio.ch.SocketChannelImpl.throwConnectionReset(SocketChannelImpl.java:367)
	at java.base/sun.nio.ch.SocketChannelImpl.read(SocketChannelImpl.java:398)
	at io.netty.buffer.PooledByteBuf.setBytes(PooledByteBuf.java:258)
	at io.netty.buffer.AbstractByteBuf.writeBytes(AbstractByteBuf.java:1132)
	at io.netty.channel.socket.nio.NioSocketChannel.doReadBytes(NioSocketChannel.java:350)
	at io.netty.channel.nio.AbstractNioByteChannel$NioByteUnsafe.read(AbstractNioByteChannel.java:151)
	at io.netty.channel.nio.NioEventLoop.processSelectedKey(NioEventLoop.java:722)
	at io.netty.channel.nio.NioEventLoop.processSelectedKeysOptimized(NioEventLoop.java:658)
	at io.netty.channel.nio.NioEventLoop.processSelectedKeys(NioEventLoop.java:584)
	at io.netty.channel.nio.NioEventLoop.run(NioEventLoop.java:496)
	at io.netty.util.concurrent.SingleThreadEventExecutor$4.run(SingleThreadEventExecutor.java:986)
	at io.netty.util.internal.ThreadExecutorMap$2.run(ThreadExecutorMap.java:74)
	at io.netty.util.concurrent.FastThreadLocalRunnable.run(FastThreadLocalRunnable.java:30)
	at java.base/java.lang.Thread.run(Thread.java:832)
14:57:29.074 [AsyncHttpClient-1-6] DEBUG org.asynchttpclient.netty.channel.ChannelManager - Closing Channel [id: 0x6fa46255, L:/127.0.0.1:65436 - R:localhost/127.0.0.1:65430] 
14:57:29.074 [AsyncHttpClient-1-6] DEBUG org.asynchttpclient.netty.handler.HttpHandler - Channel Closed: [id: 0x6fa46255, L:/127.0.0.1:65436 ! R:localhost/127.0.0.1:65430] with attribute DISCARD
14:57:29.099 [AsyncHttpClient-1-5] DEBUG org.asynchttpclient.netty.handler.HttpHandler - 

Request DefaultFullHttpRequest(decodeResult: success, version: HTTP/1.1, content: EmptyByteBufBE)
DELETE /session/bf6692cfedd973a90e0ad674d00ae911 HTTP/1.1
User-Agent: selenium/4.1.2 (java windows)
Content-Type: application/json; charset=utf-8
host: localhost:58333
accept: */*

Response DefaultHttpResponse(decodeResult: success, version: HTTP/1.1)
HTTP/1.1 200 OK
Content-Type: application/json; charset=utf-8
cache-control: no-cache
content-length: 14

14:57:29.099 [AsyncHttpClient-1-5] DEBUG org.asynchttpclient.netty.channel.ChannelManager - Adding key: http://localhost:58333 for channel [id: 0x6dd77adc, L:/127.0.0.1:65429 - R:localhost/127.0.0.1:58333]
14:57:29.184 [AsyncHttpClient-1-5] DEBUG org.asynchttpclient.netty.handler.HttpHandler - Channel Closed: [id: 0x6dd77adc, L:/127.0.0.1:65429 ! R:localhost/127.0.0.1:58333] with attribute DISCARD
14:57:29.601 [AsyncHttpClient-1-1] DEBUG org.asynchttpclient.netty.channel.DefaultChannelPool - Entry count for : http://localhost:58333 : 1
14:57:29.601 [AsyncHttpClient-1-1] DEBUG org.asynchttpclient.netty.channel.DefaultChannelPool - Entry count for : http://localhost:65430 : 1
14:57:29.601 [AsyncHttpClient-1-1] DEBUG org.asynchttpclient.netty.channel.DefaultChannelPool - Adding Candidate expired Channel [id: 0x6dd77adc, L:/127.0.0.1:65429 ! R:localhost/127.0.0.1:58333] isIdleTimeoutExpired=false isRemotelyClosed=true isTtlExpired=false
14:57:29.601 [AsyncHttpClient-1-1] DEBUG org.asynchttpclient.netty.channel.DefaultChannelPool - Closing Idle Channel [id: 0x6dd77adc, L:/127.0.0.1:65429 ! R:localhost/127.0.0.1:58333]
14:57:29.601 [AsyncHttpClient-1-1] DEBUG org.asynchttpclient.netty.channel.DefaultChannelPool - Adding Candidate expired Channel [id: 0x6fa46255, L:/127.0.0.1:65436 ! R:localhost/127.0.0.1:65430] isIdleTimeoutExpired=false isRemotelyClosed=true isTtlExpired=false
14:57:29.601 [AsyncHttpClient-1-1] DEBUG org.asynchttpclient.netty.channel.DefaultChannelPool - Closing Idle Channel [id: 0x6fa46255, L:/127.0.0.1:65436 ! R:localhost/127.0.0.1:65430]
14:57:29.601 [AsyncHttpClient-1-1] DEBUG org.asynchttpclient.netty.channel.DefaultChannelPool - Closed 2 connections out of 2 in 0 ms
]]></system-out>
    <system-err><![CDATA[Starting ChromeDriver 101.0.4951.41 (93c720db8323b3ec10d056025ab95c23a31997c9-refs/branch-heads/4951@{#904}) on port 58333
Only local connections are allowed.
Please see https://chromedriver.chromium.org/security-considerations for suggestions on keeping ChromeDriver safe.
ChromeDriver was started successfully.
May 16, 2022 2:57:25 PM org.openqa.selenium.remote.ProtocolHandshake createSession
INFO: Detected dialect: W3C
May 16, 2022 2:57:25 PM org.openqa.selenium.devtools.CdpVersionFinder findNearestMatch
WARNING: Unable to find an exact match for CDP version 101, so returning the closest version found: 97
May 16, 2022 2:57:25 PM org.openqa.selenium.devtools.CdpVersionFinder findNearestMatch
INFO: Found CDP implementation for version 101 of 97
]]></system-err>
  </testcase>
  <testcase name="Register scenario #1" classname="Register" time="5.223">
    <system-out><![CDATA[14:57:29.699 [main] INFO io.cucumber.core.plugin.SerenityReporter - Running feature from file:///D:/data%20hakim/Mini%20Project%20Alterra/WebAlta/src/test/resources/features/Register.feature
14:57:29.702 [main] DEBUG net.thucydides.core.steps.StepEventBus - Test suite started for story net.thucydides.core.model.Story@30e75088
14:57:29.702 [main] INFO  - Test Suite Started: Register

@Register
Scenario Outline: Register scenario &amp#27;[90m# src/test/resources/features/Register.feature:17&amp#27;[0m
14:57:29.709 [main] INFO io.cucumber.core.plugin.SerenityReporter - Running feature from file:///D:/data%20hakim/Mini%20Project%20Alterra/WebAlta/src/test/resources/features/Register.feature
14:57:29.711 [main] INFO  - 
  _____   ___   ___   _____     ___   _____     _     ___   _____   ___   ___  
 |_   _| | __| / __| |_   _|   / __| |_   _|   /_\   | _ \ |_   _| | __| |   \ 
   | |   | _|  \__ \   | |     \__ \   | |    / _ \  |   /   | |   | _|  | |) |
   |_|   |___| |___/   |_|     |___/   |_|   /_/ \_\ |_|_\   |_|   |___| |___/ 

Register scenario(register;register-scenario)
--------------------------------------------------------------------------------
14:57:29.808 [main] INFO net.serenitybdd.core.webdriver.driverproviders.ChromeDriverProvider - Using automatically driver download
14:57:29.932 [main] DEBUG io.github.bonigarcia.wdm.cache.ResolutionCache - Resolution chrome=101 in cache (valid until 15:32:06 16/05/2022 WIB)
14:57:29.936 [main] DEBUG io.github.bonigarcia.wdm.cache.ResolutionCache - Resolution chrome101=101.0.4951.41 in cache (valid until 14:32:06 17/05/2022 WIB)
14:57:29.937 [main] INFO io.github.bonigarcia.wdm.WebDriverManager - Using chromedriver 101.0.4951.41 (resolved driver for Chrome 101)
14:57:29.944 [main] DEBUG io.github.bonigarcia.wdm.WebDriverManager - Driver chromedriver 101.0.4951.41 found in cache
14:57:29.945 [main] INFO io.github.bonigarcia.wdm.WebDriverManager - Exporting webdriver.chrome.driver as C:\Users\hp pc\.cache\selenium\chromedriver\win32\101.0.4951.41\chromedriver.exe
14:57:30.045 [main] DEBUG net.serenitybdd.core.webdriver.driverproviders.ProvideNewDriver - Instantiating driver
14:57:30.045 [main] DEBUG net.serenitybdd.core.webdriver.driverproviders.ProvideNewDriver - Driver capabilities: Capabilities {acceptInsecureCerts: false, base.url: https://qa.alta.id/, browserName: chrome, chrome.driver: src/test/resources/webdrive..., driver: chrome, goog:chromeOptions: {args: [], extensions: []}}
14:57:30.573 [AsyncHttpClient-1-8] DEBUG org.asynchttpclient.netty.channel.NettyConnectListener - Using new Channel '[id: 0xe9c916ec, L:/127.0.0.1:65460 - R:localhost/127.0.0.1:65140]' for 'POST' to '/session'
14:57:31.240 [AsyncHttpClient-1-8] DEBUG org.asynchttpclient.netty.handler.HttpHandler - 

Request DefaultHttpRequest(decodeResult: success, version: HTTP/1.1)
POST /session HTTP/1.1
User-Agent: selenium/4.1.2 (java windows)
Content-Length: 605
Content-Type: application/json; charset=utf-8
host: localhost:65140
accept: */*

Response DefaultHttpResponse(decodeResult: success, version: HTTP/1.1)
HTTP/1.1 200 OK
Content-Type: application/json; charset=utf-8
cache-control: no-cache
content-length: 791

14:57:31.240 [AsyncHttpClient-1-8] DEBUG org.asynchttpclient.netty.channel.ChannelManager - Adding key: http://localhost:65140 for channel [id: 0xe9c916ec, L:/127.0.0.1:65460 - R:localhost/127.0.0.1:65140]
14:57:31.249 [AsyncHttpClient-1-9] DEBUG org.asynchttpclient.netty.channel.NettyConnectListener - Using new Channel '[id: 0x12bb3924, L:/127.0.0.1:65467 - R:localhost/127.0.0.1:65461]' for 'GET' to '/json/version'
14:57:31.250 [AsyncHttpClient-1-9] DEBUG org.asynchttpclient.netty.handler.HttpHandler - 

Request DefaultFullHttpRequest(decodeResult: success, version: HTTP/1.1, content: EmptyByteBufBE)
GET /json/version HTTP/1.1
User-Agent: selenium/4.1.2 (java windows)
host: localhost:65461
accept: */*

Response DefaultHttpResponse(decodeResult: success, version: HTTP/1.1)
HTTP/1.1 200 OK
Content-Type: application/json; charset=UTF-8
content-length: 427

14:57:31.250 [AsyncHttpClient-1-9] DEBUG org.asynchttpclient.netty.channel.ChannelManager - Adding key: http://localhost:65461 for channel [id: 0x12bb3924, L:/127.0.0.1:65467 - R:localhost/127.0.0.1:65461]
14:57:31.252 [AsyncHttpClient-1-2] DEBUG org.asynchttpclient.netty.channel.NettyConnectListener - Using new Channel '[id: 0x7105837f, L:/127.0.0.1:65468 - R:localhost/127.0.0.1:65461]' for 'GET' to '/devtools/browser/e4bd6035-421b-422d-8d20-7dbda6d91f51'
14:57:31.252 [AsyncHttpClient-1-2] DEBUG org.asynchttpclient.netty.handler.WebSocketHandler - 

Request DefaultFullHttpRequest(decodeResult: success, version: HTTP/1.1, content: EmptyByteBufBE)
GET /devtools/browser/e4bd6035-421b-422d-8d20-7dbda6d91f51 HTTP/1.1
upgrade: websocket
connection: upgrade
sec-websocket-key: 45BZ3UmguyaVEAfzSnsNpw==
sec-websocket-version: 13
origin: http://localhost:65461
host: localhost:65461
accept: */*
user-agent: AHC/2.1

Response DefaultHttpResponse(decodeResult: success, version: HTTP/1.1)
HTTP/1.1 101 WebSocket Protocol Handshake
Upgrade: WebSocket
Connection: Upgrade
Sec-WebSocket-Accept: TfV4V2d3vKF+hQ6C4nxFSyiwq8g=

14:57:31.255 [Forwarding maximizeCurrentWindow on session fcd37fd5fac479a35ce7033546f14d64 to remote] DEBUG org.asynchttpclient.netty.request.NettyRequestSender - Using pooled Channel '[id: 0xe9c916ec, L:/127.0.0.1:65460 - R:localhost/127.0.0.1:65140]' for 'POST' to 'http://localhost:65140/session/fcd37fd5fac479a35ce7033546f14d64/window/maximize'
14:57:31.255 [Forwarding maximizeCurrentWindow on session fcd37fd5fac479a35ce7033546f14d64 to remote] DEBUG org.asynchttpclient.netty.request.NettyRequestSender - Using open Channel [id: 0xe9c916ec, L:/127.0.0.1:65460 - R:localhost/127.0.0.1:65140] for POST '/session/fcd37fd5fac479a35ce7033546f14d64/window/maximize'
14:57:31.383 [AsyncHttpClient-1-8] DEBUG org.asynchttpclient.netty.handler.HttpHandler - 

Request DefaultHttpRequest(decodeResult: success, version: HTTP/1.1)
POST /session/fcd37fd5fac479a35ce7033546f14d64/window/maximize HTTP/1.1
User-Agent: selenium/4.1.2 (java windows)
Content-Length: 3
Content-Type: application/json; charset=utf-8
host: localhost:65140
accept: */*

Response DefaultHttpResponse(decodeResult: success, version: HTTP/1.1)
HTTP/1.1 200 OK
Content-Type: application/json; charset=utf-8
cache-control: no-cache
content-length: 51

14:57:31.383 [AsyncHttpClient-1-8] DEBUG org.asynchttpclient.netty.channel.ChannelManager - Adding key: http://localhost:65140 for channel [id: 0xe9c916ec, L:/127.0.0.1:65460 - R:localhost/127.0.0.1:65140]
14:57:31.385 [Forwarding get on session fcd37fd5fac479a35ce7033546f14d64 to remote] DEBUG org.asynchttpclient.netty.request.NettyRequestSender - Using pooled Channel '[id: 0xe9c916ec, L:/127.0.0.1:65460 - R:localhost/127.0.0.1:65140]' for 'POST' to 'http://localhost:65140/session/fcd37fd5fac479a35ce7033546f14d64/url'
14:57:31.385 [Forwarding get on session fcd37fd5fac479a35ce7033546f14d64 to remote] DEBUG org.asynchttpclient.netty.request.NettyRequestSender - Using open Channel [id: 0xe9c916ec, L:/127.0.0.1:65460 - R:localhost/127.0.0.1:65140] for POST '/session/fcd37fd5fac479a35ce7033546f14d64/url'
14:57:31.806 [AsyncHttpClient-1-1] DEBUG org.asynchttpclient.netty.channel.DefaultChannelPool - Entry count for : http://localhost:65461 : 1
14:57:32.173 [AsyncHttpClient-1-8] DEBUG org.asynchttpclient.netty.handler.HttpHandler - 

Request DefaultHttpRequest(decodeResult: success, version: HTTP/1.1)
POST /session/fcd37fd5fac479a35ce7033546f14d64/url HTTP/1.1
User-Agent: selenium/4.1.2 (java windows)
Content-Length: 67
Content-Type: application/json; charset=utf-8
host: localhost:65140
accept: */*

Response DefaultHttpResponse(decodeResult: success, version: HTTP/1.1)
HTTP/1.1 200 OK
Content-Type: application/json; charset=utf-8
cache-control: no-cache
content-length: 14

14:57:32.173 [AsyncHttpClient-1-8] DEBUG org.asynchttpclient.netty.channel.ChannelManager - Adding key: http://localhost:65140 for channel [id: 0xe9c916ec, L:/127.0.0.1:65460 - R:localhost/127.0.0.1:65140]
14:57:32.174 [Forwarding setTimeout on session fcd37fd5fac479a35ce7033546f14d64 to remote] DEBUG org.asynchttpclient.netty.request.NettyRequestSender - Using pooled Channel '[id: 0xe9c916ec, L:/127.0.0.1:65460 - R:localhost/127.0.0.1:65140]' for 'POST' to 'http://localhost:65140/session/fcd37fd5fac479a35ce7033546f14d64/timeouts'
14:57:32.174 [Forwarding setTimeout on session fcd37fd5fac479a35ce7033546f14d64 to remote] DEBUG org.asynchttpclient.netty.request.NettyRequestSender - Using open Channel [id: 0xe9c916ec, L:/127.0.0.1:65460 - R:localhost/127.0.0.1:65140] for POST '/session/fcd37fd5fac479a35ce7033546f14d64/timeouts'
14:57:32.175 [AsyncHttpClient-1-8] DEBUG org.asynchttpclient.netty.handler.HttpHandler - 

Request DefaultHttpRequest(decodeResult: success, version: HTTP/1.1)
POST /session/fcd37fd5fac479a35ce7033546f14d64/timeouts HTTP/1.1
User-Agent: selenium/4.1.2 (java windows)
Content-Length: 22
Content-Type: application/json; charset=utf-8
host: localhost:65140
accept: */*

Response DefaultHttpResponse(decodeResult: success, version: HTTP/1.1)
HTTP/1.1 200 OK
Content-Type: application/json; charset=utf-8
cache-control: no-cache
content-length: 14

14:57:32.175 [AsyncHttpClient-1-8] DEBUG org.asynchttpclient.netty.channel.ChannelManager - Adding key: http://localhost:65140 for channel [id: 0xe9c916ec, L:/127.0.0.1:65460 - R:localhost/127.0.0.1:65140]
14:57:32.177 [Forwarding getCurrentUrl on session fcd37fd5fac479a35ce7033546f14d64 to remote] DEBUG org.asynchttpclient.netty.request.NettyRequestSender - Using pooled Channel '[id: 0xe9c916ec, L:/127.0.0.1:65460 - R:localhost/127.0.0.1:65140]' for 'GET' to 'http://localhost:65140/session/fcd37fd5fac479a35ce7033546f14d64/url'
14:57:32.177 [Forwarding getCurrentUrl on session fcd37fd5fac479a35ce7033546f14d64 to remote] DEBUG org.asynchttpclient.netty.request.NettyRequestSender - Using open Channel [id: 0xe9c916ec, L:/127.0.0.1:65460 - R:localhost/127.0.0.1:65140] for GET '/session/fcd37fd5fac479a35ce7033546f14d64/url'
14:57:32.181 [AsyncHttpClient-1-8] DEBUG org.asynchttpclient.netty.handler.HttpHandler - 

Request DefaultFullHttpRequest(decodeResult: success, version: HTTP/1.1, content: EmptyByteBufBE)
GET /session/fcd37fd5fac479a35ce7033546f14d64/url HTTP/1.1
User-Agent: selenium/4.1.2 (java windows)
Cache-Control: no-cache
Content-Type: application/json; charset=utf-8
host: localhost:65140
accept: */*

Response DefaultHttpResponse(decodeResult: success, version: HTTP/1.1)
HTTP/1.1 200 OK
Content-Type: application/json; charset=utf-8
cache-control: no-cache
content-length: 44

14:57:32.181 [AsyncHttpClient-1-8] DEBUG org.asynchttpclient.netty.channel.ChannelManager - Adding key: http://localhost:65140 for channel [id: 0xe9c916ec, L:/127.0.0.1:65460 - R:localhost/127.0.0.1:65140]
14:57:32.189 [main] DEBUG net.serenitybdd.core.photography.Darkroom - Opening darkroom
14:57:32.189 [Forwarding screenshot on session fcd37fd5fac479a35ce7033546f14d64 to remote] DEBUG org.asynchttpclient.netty.request.NettyRequestSender - Using pooled Channel '[id: 0xe9c916ec, L:/127.0.0.1:65460 - R:localhost/127.0.0.1:65140]' for 'GET' to 'http://localhost:65140/session/fcd37fd5fac479a35ce7033546f14d64/screenshot'
14:57:32.189 [Forwarding screenshot on session fcd37fd5fac479a35ce7033546f14d64 to remote] DEBUG org.asynchttpclient.netty.request.NettyRequestSender - Using open Channel [id: 0xe9c916ec, L:/127.0.0.1:65460 - R:localhost/127.0.0.1:65140] for GET '/session/fcd37fd5fac479a35ce7033546f14d64/screenshot'
14:57:32.190 [Darkroom Processing Line] DEBUG net.serenitybdd.core.photography.DarkroomProcessingLine - Darkroom processing line starting up
14:57:32.392 [AsyncHttpClient-1-8] DEBUG org.asynchttpclient.netty.handler.HttpHandler - 

Request DefaultFullHttpRequest(decodeResult: success, version: HTTP/1.1, content: EmptyByteBufBE)
GET /session/fcd37fd5fac479a35ce7033546f14d64/screenshot HTTP/1.1
User-Agent: selenium/4.1.2 (java windows)
Cache-Control: no-cache
Content-Type: application/json; charset=utf-8
host: localhost:65140
accept: */*

Response DefaultHttpResponse(decodeResult: success, version: HTTP/1.1)
HTTP/1.1 200 OK
Content-Type: application/json; charset=utf-8
cache-control: no-cache
content-length: 29612

14:57:32.392 [AsyncHttpClient-1-8] DEBUG org.asynchttpclient.netty.channel.ChannelManager - Adding key: http://localhost:65140 for channel [id: 0xe9c916ec, L:/127.0.0.1:65460 - R:localhost/127.0.0.1:65140]
14:57:32.394 [main] DEBUG net.serenitybdd.core.photography.Darkroom - Send negative for processing for target\site\serenity\fbcccbfc142cbf792a2bfdff1d2e9f24344bbc61d767f43922554c6ad0002405.png
14:57:32.394 [main] DEBUG net.thucydides.core.steps.StepInterceptor - STARTING STEP: RegisterStep.iAmOnTheRegisterPage - validateOnRegisterPage
14:57:32.394 [Darkroom Processing Line] DEBUG net.serenitybdd.core.photography.DarkroomProcessingLine - Processing screenshot image in /var/screenshots/screenshot-14404318025537782950
14:57:32.394 [Darkroom Processing Line] DEBUG net.serenitybdd.core.photography.DarkroomProcessingLine - Saving screenshot to target\site\serenity\fbcccbfc142cbf792a2bfdff1d2e9f24344bbc61d767f43922554c6ad0002405.png
14:57:32.396 [Forwarding findElement on session fcd37fd5fac479a35ce7033546f14d64 to remote] DEBUG org.asynchttpclient.netty.request.NettyRequestSender - Using pooled Channel '[id: 0xe9c916ec, L:/127.0.0.1:65460 - R:localhost/127.0.0.1:65140]' for 'POST' to 'http://localhost:65140/session/fcd37fd5fac479a35ce7033546f14d64/element'
14:57:32.396 [Forwarding findElement on session fcd37fd5fac479a35ce7033546f14d64 to remote] DEBUG org.asynchttpclient.netty.request.NettyRequestSender - Using open Channel [id: 0xe9c916ec, L:/127.0.0.1:65460 - R:localhost/127.0.0.1:65140] for POST '/session/fcd37fd5fac479a35ce7033546f14d64/element'
14:57:32.407 [AsyncHttpClient-1-8] DEBUG org.asynchttpclient.netty.handler.HttpHandler - 

Request DefaultHttpRequest(decodeResult: success, version: HTTP/1.1)
POST /session/fcd37fd5fac479a35ce7033546f14d64/element HTTP/1.1
User-Agent: selenium/4.1.2 (java windows)
Content-Length: 164
Content-Type: application/json; charset=utf-8
host: localhost:65140
accept: */*

Response DefaultHttpResponse(decodeResult: success, version: HTTP/1.1)
HTTP/1.1 200 OK
Content-Type: application/json; charset=utf-8
cache-control: no-cache
content-length: 88

14:57:32.407 [AsyncHttpClient-1-8] DEBUG org.asynchttpclient.netty.channel.ChannelManager - Adding key: http://localhost:65140 for channel [id: 0xe9c916ec, L:/127.0.0.1:65460 - R:localhost/127.0.0.1:65140]
14:57:32.410 [Forwarding isElementDisplayed on session fcd37fd5fac479a35ce7033546f14d64 to remote] DEBUG org.asynchttpclient.netty.request.NettyRequestSender - Using pooled Channel '[id: 0xe9c916ec, L:/127.0.0.1:65460 - R:localhost/127.0.0.1:65140]' for 'POST' to 'http://localhost:65140/session/fcd37fd5fac479a35ce7033546f14d64/execute/sync'
14:57:32.410 [Forwarding isElementDisplayed on session fcd37fd5fac479a35ce7033546f14d64 to remote] DEBUG org.asynchttpclient.netty.request.NettyRequestSender - Using open Channel [id: 0xe9c916ec, L:/127.0.0.1:65460 - R:localhost/127.0.0.1:65140] for POST '/session/fcd37fd5fac479a35ce7033546f14d64/execute/sync'
14:57:32.422 [AsyncHttpClient-1-8] DEBUG org.asynchttpclient.netty.handler.HttpHandler - 

Request DefaultHttpRequest(decodeResult: success, version: HTTP/1.1)
POST /session/fcd37fd5fac479a35ce7033546f14d64/execute/sync HTTP/1.1
User-Agent: selenium/4.1.2 (java windows)
Content-Length: 48780
Content-Type: application/json; charset=utf-8
host: localhost:65140
accept: */*

Response DefaultHttpResponse(decodeResult: success, version: HTTP/1.1)
HTTP/1.1 200 OK
Content-Type: application/json; charset=utf-8
cache-control: no-cache
content-length: 14

14:57:32.422 [AsyncHttpClient-1-8] DEBUG org.asynchttpclient.netty.channel.ChannelManager - Adding key: http://localhost:65140 for channel [id: 0xe9c916ec, L:/127.0.0.1:65460 - R:localhost/127.0.0.1:65140]
14:57:32.424 [main] DEBUG net.thucydides.core.steps.StepInterceptor - STEP DONE: validateOnRegisterPage
  &amp#27;[32mGiven &amp#27;[0m&amp#27;[32mI am on the register page&amp#27;[0m   &amp#27;[90m# Starter.StepDefinitions.RegisterStep.iAmOnTheRegisterPage()&amp#27;[0m
14:57:32.433 [main] DEBUG net.thucydides.core.steps.StepInterceptor - STARTING STEP: RegisterStep.iInputFullName - inputFullName
14:57:32.434 [Forwarding findElement on session fcd37fd5fac479a35ce7033546f14d64 to remote] DEBUG org.asynchttpclient.netty.request.NettyRequestSender - Using pooled Channel '[id: 0xe9c916ec, L:/127.0.0.1:65460 - R:localhost/127.0.0.1:65140]' for 'POST' to 'http://localhost:65140/session/fcd37fd5fac479a35ce7033546f14d64/element'
14:57:32.434 [Forwarding findElement on session fcd37fd5fac479a35ce7033546f14d64 to remote] DEBUG org.asynchttpclient.netty.request.NettyRequestSender - Using open Channel [id: 0xe9c916ec, L:/127.0.0.1:65460 - R:localhost/127.0.0.1:65140] for POST '/session/fcd37fd5fac479a35ce7033546f14d64/element'
14:57:32.444 [AsyncHttpClient-1-8] DEBUG org.asynchttpclient.netty.handler.HttpHandler - 

Request DefaultHttpRequest(decodeResult: success, version: HTTP/1.1)
POST /session/fcd37fd5fac479a35ce7033546f14d64/element HTTP/1.1
User-Agent: selenium/4.1.2 (java windows)
Content-Length: 98
Content-Type: application/json; charset=utf-8
host: localhost:65140
accept: */*

Response DefaultHttpResponse(decodeResult: success, version: HTTP/1.1)
HTTP/1.1 200 OK
Content-Type: application/json; charset=utf-8
cache-control: no-cache
content-length: 88

14:57:32.444 [AsyncHttpClient-1-8] DEBUG org.asynchttpclient.netty.channel.ChannelManager - Adding key: http://localhost:65140 for channel [id: 0xe9c916ec, L:/127.0.0.1:65460 - R:localhost/127.0.0.1:65140]
14:57:32.444 [Forwarding clearElement on session fcd37fd5fac479a35ce7033546f14d64 to remote] DEBUG org.asynchttpclient.netty.request.NettyRequestSender - Using pooled Channel '[id: 0xe9c916ec, L:/127.0.0.1:65460 - R:localhost/127.0.0.1:65140]' for 'POST' to 'http://localhost:65140/session/fcd37fd5fac479a35ce7033546f14d64/element/a45edc7b-df46-4b8c-94c4-1d4f96decc7c/clear'
14:57:32.445 [Forwarding clearElement on session fcd37fd5fac479a35ce7033546f14d64 to remote] DEBUG org.asynchttpclient.netty.request.NettyRequestSender - Using open Channel [id: 0xe9c916ec, L:/127.0.0.1:65460 - R:localhost/127.0.0.1:65140] for POST '/session/fcd37fd5fac479a35ce7033546f14d64/element/a45edc7b-df46-4b8c-94c4-1d4f96decc7c/clear'
14:57:32.470 [AsyncHttpClient-1-8] DEBUG org.asynchttpclient.netty.handler.HttpHandler - 

Request DefaultHttpRequest(decodeResult: success, version: HTTP/1.1)
POST /session/fcd37fd5fac479a35ce7033546f14d64/element/a45edc7b-df46-4b8c-94c4-1d4f96decc7c/clear HTTP/1.1
User-Agent: selenium/4.1.2 (java windows)
Content-Length: 50
Content-Type: application/json; charset=utf-8
host: localhost:65140
accept: */*

Response DefaultHttpResponse(decodeResult: success, version: HTTP/1.1)
HTTP/1.1 200 OK
Content-Type: application/json; charset=utf-8
cache-control: no-cache
content-length: 14

14:57:32.470 [AsyncHttpClient-1-8] DEBUG org.asynchttpclient.netty.channel.ChannelManager - Adding key: http://localhost:65140 for channel [id: 0xe9c916ec, L:/127.0.0.1:65460 - R:localhost/127.0.0.1:65140]
14:57:32.471 [Forwarding sendKeysToElement on session fcd37fd5fac479a35ce7033546f14d64 to remote] DEBUG org.asynchttpclient.netty.request.NettyRequestSender - Using pooled Channel '[id: 0xe9c916ec, L:/127.0.0.1:65460 - R:localhost/127.0.0.1:65140]' for 'POST' to 'http://localhost:65140/session/fcd37fd5fac479a35ce7033546f14d64/element/a45edc7b-df46-4b8c-94c4-1d4f96decc7c/value'
14:57:32.471 [Forwarding sendKeysToElement on session fcd37fd5fac479a35ce7033546f14d64 to remote] DEBUG org.asynchttpclient.netty.request.NettyRequestSender - Using open Channel [id: 0xe9c916ec, L:/127.0.0.1:65460 - R:localhost/127.0.0.1:65140] for POST '/session/fcd37fd5fac479a35ce7033546f14d64/element/a45edc7b-df46-4b8c-94c4-1d4f96decc7c/value'
14:57:32.546 [AsyncHttpClient-1-8] DEBUG org.asynchttpclient.netty.handler.HttpHandler - 

Request DefaultHttpRequest(decodeResult: success, version: HTTP/1.1)
POST /session/fcd37fd5fac479a35ce7033546f14d64/element/a45edc7b-df46-4b8c-94c4-1d4f96decc7c/value HTTP/1.1
User-Agent: selenium/4.1.2 (java windows)
Content-Length: 151
Content-Type: application/json; charset=utf-8
host: localhost:65140
accept: */*

Response DefaultHttpResponse(decodeResult: success, version: HTTP/1.1)
HTTP/1.1 200 OK
Content-Type: application/json; charset=utf-8
cache-control: no-cache
content-length: 14

14:57:32.546 [AsyncHttpClient-1-8] DEBUG org.asynchttpclient.netty.channel.ChannelManager - Adding key: http://localhost:65140 for channel [id: 0xe9c916ec, L:/127.0.0.1:65460 - R:localhost/127.0.0.1:65140]
14:57:32.550 [Forwarding screenshot on session fcd37fd5fac479a35ce7033546f14d64 to remote] DEBUG org.asynchttpclient.netty.request.NettyRequestSender - Using pooled Channel '[id: 0xe9c916ec, L:/127.0.0.1:65460 - R:localhost/127.0.0.1:65140]' for 'GET' to 'http://localhost:65140/session/fcd37fd5fac479a35ce7033546f14d64/screenshot'
14:57:32.550 [Forwarding screenshot on session fcd37fd5fac479a35ce7033546f14d64 to remote] DEBUG org.asynchttpclient.netty.request.NettyRequestSender - Using open Channel [id: 0xe9c916ec, L:/127.0.0.1:65460 - R:localhost/127.0.0.1:65140] for GET '/session/fcd37fd5fac479a35ce7033546f14d64/screenshot'
14:57:32.665 [AsyncHttpClient-1-8] DEBUG org.asynchttpclient.netty.handler.HttpHandler - 

Request DefaultFullHttpRequest(decodeResult: success, version: HTTP/1.1, content: EmptyByteBufBE)
GET /session/fcd37fd5fac479a35ce7033546f14d64/screenshot HTTP/1.1
User-Agent: selenium/4.1.2 (java windows)
Cache-Control: no-cache
Content-Type: application/json; charset=utf-8
host: localhost:65140
accept: */*

Response DefaultHttpResponse(decodeResult: success, version: HTTP/1.1)
HTTP/1.1 200 OK
Content-Type: application/json; charset=utf-8
cache-control: no-cache
content-length: 31160

14:57:32.665 [AsyncHttpClient-1-8] DEBUG org.asynchttpclient.netty.channel.ChannelManager - Adding key: http://localhost:65140 for channel [id: 0xe9c916ec, L:/127.0.0.1:65460 - R:localhost/127.0.0.1:65140]
14:57:32.666 [main] DEBUG net.serenitybdd.core.photography.Darkroom - Send negative for processing for target\site\serenity\cce42f123d114b4132c67769a61d336a14678a16133ee8bff54bf98d8aef4753.png
14:57:32.666 [main] DEBUG net.thucydides.core.steps.StepInterceptor - STEP DONE: inputFullName
  &amp#27;[32mWhen &amp#27;[0m&amp#27;[32mI input &amp#27;[0m&amp#27;[32m&amp#27;[1m"Hakim01"&amp#27;[0m&amp#27;[32m fullName&amp#27;[0m   &amp#27;[90m# Starter.StepDefinitions.RegisterStep.iInputFullName(java.lang.String)&amp#27;[0m
14:57:32.666 [Darkroom Processing Line] DEBUG net.serenitybdd.core.photography.DarkroomProcessingLine - Processing screenshot image in /var/screenshots/screenshot-3409449387356301802
14:57:32.666 [Darkroom Processing Line] DEBUG net.serenitybdd.core.photography.DarkroomProcessingLine - Saving screenshot to target\site\serenity\cce42f123d114b4132c67769a61d336a14678a16133ee8bff54bf98d8aef4753.png
14:57:32.674 [main] DEBUG net.thucydides.core.steps.StepInterceptor - STARTING STEP: RegisterStep.iInputEmail - inputEmail
14:57:32.775 [Forwarding findElement on session fcd37fd5fac479a35ce7033546f14d64 to remote] DEBUG org.asynchttpclient.netty.request.NettyRequestSender - Using pooled Channel '[id: 0xe9c916ec, L:/127.0.0.1:65460 - R:localhost/127.0.0.1:65140]' for 'POST' to 'http://localhost:65140/session/fcd37fd5fac479a35ce7033546f14d64/element'
14:57:32.775 [Forwarding findElement on session fcd37fd5fac479a35ce7033546f14d64 to remote] DEBUG org.asynchttpclient.netty.request.NettyRequestSender - Using open Channel [id: 0xe9c916ec, L:/127.0.0.1:65460 - R:localhost/127.0.0.1:65140] for POST '/session/fcd37fd5fac479a35ce7033546f14d64/element'
14:57:32.785 [AsyncHttpClient-1-8] DEBUG org.asynchttpclient.netty.handler.HttpHandler - 

Request DefaultHttpRequest(decodeResult: success, version: HTTP/1.1)
POST /session/fcd37fd5fac479a35ce7033546f14d64/element HTTP/1.1
User-Agent: selenium/4.1.2 (java windows)
Content-Length: 91
Content-Type: application/json; charset=utf-8
host: localhost:65140
accept: */*

Response DefaultHttpResponse(decodeResult: success, version: HTTP/1.1)
HTTP/1.1 200 OK
Content-Type: application/json; charset=utf-8
cache-control: no-cache
content-length: 88

14:57:32.786 [AsyncHttpClient-1-8] DEBUG org.asynchttpclient.netty.channel.ChannelManager - Adding key: http://localhost:65140 for channel [id: 0xe9c916ec, L:/127.0.0.1:65460 - R:localhost/127.0.0.1:65140]
14:57:32.787 [Forwarding clearElement on session fcd37fd5fac479a35ce7033546f14d64 to remote] DEBUG org.asynchttpclient.netty.request.NettyRequestSender - Using pooled Channel '[id: 0xe9c916ec, L:/127.0.0.1:65460 - R:localhost/127.0.0.1:65140]' for 'POST' to 'http://localhost:65140/session/fcd37fd5fac479a35ce7033546f14d64/element/28a9afe9-f192-4c4c-a3b2-f8f9ac97cfc5/clear'
14:57:32.787 [Forwarding clearElement on session fcd37fd5fac479a35ce7033546f14d64 to remote] DEBUG org.asynchttpclient.netty.request.NettyRequestSender - Using open Channel [id: 0xe9c916ec, L:/127.0.0.1:65460 - R:localhost/127.0.0.1:65140] for POST '/session/fcd37fd5fac479a35ce7033546f14d64/element/28a9afe9-f192-4c4c-a3b2-f8f9ac97cfc5/clear'
14:57:32.816 [AsyncHttpClient-1-8] DEBUG org.asynchttpclient.netty.handler.HttpHandler - 

Request DefaultHttpRequest(decodeResult: success, version: HTTP/1.1)
POST /session/fcd37fd5fac479a35ce7033546f14d64/element/28a9afe9-f192-4c4c-a3b2-f8f9ac97cfc5/clear HTTP/1.1
User-Agent: selenium/4.1.2 (java windows)
Content-Length: 50
Content-Type: application/json; charset=utf-8
host: localhost:65140
accept: */*

Response DefaultHttpResponse(decodeResult: success, version: HTTP/1.1)
HTTP/1.1 200 OK
Content-Type: application/json; charset=utf-8
cache-control: no-cache
content-length: 14

14:57:32.816 [AsyncHttpClient-1-8] DEBUG org.asynchttpclient.netty.channel.ChannelManager - Adding key: http://localhost:65140 for channel [id: 0xe9c916ec, L:/127.0.0.1:65460 - R:localhost/127.0.0.1:65140]
14:57:32.817 [Forwarding sendKeysToElement on session fcd37fd5fac479a35ce7033546f14d64 to remote] DEBUG org.asynchttpclient.netty.request.NettyRequestSender - Using pooled Channel '[id: 0xe9c916ec, L:/127.0.0.1:65460 - R:localhost/127.0.0.1:65140]' for 'POST' to 'http://localhost:65140/session/fcd37fd5fac479a35ce7033546f14d64/element/28a9afe9-f192-4c4c-a3b2-f8f9ac97cfc5/value'
14:57:32.817 [Forwarding sendKeysToElement on session fcd37fd5fac479a35ce7033546f14d64 to remote] DEBUG org.asynchttpclient.netty.request.NettyRequestSender - Using open Channel [id: 0xe9c916ec, L:/127.0.0.1:65460 - R:localhost/127.0.0.1:65140] for POST '/session/fcd37fd5fac479a35ce7033546f14d64/element/28a9afe9-f192-4c4c-a3b2-f8f9ac97cfc5/value'
14:57:32.902 [AsyncHttpClient-1-1] DEBUG org.asynchttpclient.netty.channel.DefaultChannelPool - Entry count for : http://localhost:65461 : 1
14:57:32.949 [AsyncHttpClient-1-8] DEBUG org.asynchttpclient.netty.handler.HttpHandler - 

Request DefaultHttpRequest(decodeResult: success, version: HTTP/1.1)
POST /session/fcd37fd5fac479a35ce7033546f14d64/element/28a9afe9-f192-4c4c-a3b2-f8f9ac97cfc5/value HTTP/1.1
User-Agent: selenium/4.1.2 (java windows)
Content-Length: 331
Content-Type: application/json; charset=utf-8
host: localhost:65140
accept: */*

Response DefaultHttpResponse(decodeResult: success, version: HTTP/1.1)
HTTP/1.1 200 OK
Content-Type: application/json; charset=utf-8
cache-control: no-cache
content-length: 14

14:57:32.949 [AsyncHttpClient-1-8] DEBUG org.asynchttpclient.netty.channel.ChannelManager - Adding key: http://localhost:65140 for channel [id: 0xe9c916ec, L:/127.0.0.1:65460 - R:localhost/127.0.0.1:65140]
14:57:32.954 [Forwarding screenshot on session fcd37fd5fac479a35ce7033546f14d64 to remote] DEBUG org.asynchttpclient.netty.request.NettyRequestSender - Using pooled Channel '[id: 0xe9c916ec, L:/127.0.0.1:65460 - R:localhost/127.0.0.1:65140]' for 'GET' to 'http://localhost:65140/session/fcd37fd5fac479a35ce7033546f14d64/screenshot'
14:57:32.954 [Forwarding screenshot on session fcd37fd5fac479a35ce7033546f14d64 to remote] DEBUG org.asynchttpclient.netty.request.NettyRequestSender - Using open Channel [id: 0xe9c916ec, L:/127.0.0.1:65460 - R:localhost/127.0.0.1:65140] for GET '/session/fcd37fd5fac479a35ce7033546f14d64/screenshot'
14:57:33.090 [AsyncHttpClient-1-8] DEBUG org.asynchttpclient.netty.handler.HttpHandler - 

Request DefaultFullHttpRequest(decodeResult: success, version: HTTP/1.1, content: EmptyByteBufBE)
GET /session/fcd37fd5fac479a35ce7033546f14d64/screenshot HTTP/1.1
User-Agent: selenium/4.1.2 (java windows)
Cache-Control: no-cache
Content-Type: application/json; charset=utf-8
host: localhost:65140
accept: */*

Response DefaultHttpResponse(decodeResult: success, version: HTTP/1.1)
HTTP/1.1 200 OK
Content-Type: application/json; charset=utf-8
cache-control: no-cache
content-length: 35708

14:57:33.090 [AsyncHttpClient-1-8] DEBUG org.asynchttpclient.netty.channel.ChannelManager - Adding key: http://localhost:65140 for channel [id: 0xe9c916ec, L:/127.0.0.1:65460 - R:localhost/127.0.0.1:65140]
14:57:33.091 [main] DEBUG net.serenitybdd.core.photography.Darkroom - Send negative for processing for target\site\serenity\835fd651aa417c62dcd478150a92fe817036a8cd42206c8a40feb86df8977336.png
14:57:33.091 [main] DEBUG net.thucydides.core.steps.StepInterceptor - STEP DONE: inputEmail
  &amp#27;[32mAnd &amp#27;[0m&amp#27;[32mI input &amp#27;[0m&amp#27;[32m&amp#27;[1m"New"&amp#27;[0m&amp#27;[32m Email&amp#27;[0m           &amp#27;[90m# Starter.StepDefinitions.RegisterStep.iInputEmail(java.lang.String)&amp#27;[0m
14:57:33.092 [Darkroom Processing Line] DEBUG net.serenitybdd.core.photography.DarkroomProcessingLine - Processing screenshot image in /var/screenshots/screenshot-6018456482929098139
14:57:33.092 [Darkroom Processing Line] DEBUG net.serenitybdd.core.photography.DarkroomProcessingLine - Saving screenshot to target\site\serenity\835fd651aa417c62dcd478150a92fe817036a8cd42206c8a40feb86df8977336.png
14:57:33.118 [main] DEBUG net.thucydides.core.steps.StepInterceptor - STARTING STEP: RegisterStep.iInputPassword - inputPassword
14:57:33.121 [Forwarding findElement on session fcd37fd5fac479a35ce7033546f14d64 to remote] DEBUG org.asynchttpclient.netty.request.NettyRequestSender - Using pooled Channel '[id: 0xe9c916ec, L:/127.0.0.1:65460 - R:localhost/127.0.0.1:65140]' for 'POST' to 'http://localhost:65140/session/fcd37fd5fac479a35ce7033546f14d64/element'
14:57:33.121 [Forwarding findElement on session fcd37fd5fac479a35ce7033546f14d64 to remote] DEBUG org.asynchttpclient.netty.request.NettyRequestSender - Using open Channel [id: 0xe9c916ec, L:/127.0.0.1:65460 - R:localhost/127.0.0.1:65140] for POST '/session/fcd37fd5fac479a35ce7033546f14d64/element'
14:57:33.161 [AsyncHttpClient-1-8] DEBUG org.asynchttpclient.netty.handler.HttpHandler - 

Request DefaultHttpRequest(decodeResult: success, version: HTTP/1.1)
POST /session/fcd37fd5fac479a35ce7033546f14d64/element HTTP/1.1
User-Agent: selenium/4.1.2 (java windows)
Content-Length: 94
Content-Type: application/json; charset=utf-8
host: localhost:65140
accept: */*

Response DefaultHttpResponse(decodeResult: success, version: HTTP/1.1)
HTTP/1.1 200 OK
Content-Type: application/json; charset=utf-8
cache-control: no-cache
content-length: 88

14:57:33.161 [AsyncHttpClient-1-8] DEBUG org.asynchttpclient.netty.channel.ChannelManager - Adding key: http://localhost:65140 for channel [id: 0xe9c916ec, L:/127.0.0.1:65460 - R:localhost/127.0.0.1:65140]
14:57:33.165 [Forwarding clearElement on session fcd37fd5fac479a35ce7033546f14d64 to remote] DEBUG org.asynchttpclient.netty.request.NettyRequestSender - Using pooled Channel '[id: 0xe9c916ec, L:/127.0.0.1:65460 - R:localhost/127.0.0.1:65140]' for 'POST' to 'http://localhost:65140/session/fcd37fd5fac479a35ce7033546f14d64/element/c5e29b02-4776-485b-9418-2b283c820c79/clear'
14:57:33.165 [Forwarding clearElement on session fcd37fd5fac479a35ce7033546f14d64 to remote] DEBUG org.asynchttpclient.netty.request.NettyRequestSender - Using open Channel [id: 0xe9c916ec, L:/127.0.0.1:65460 - R:localhost/127.0.0.1:65140] for POST '/session/fcd37fd5fac479a35ce7033546f14d64/element/c5e29b02-4776-485b-9418-2b283c820c79/clear'
14:57:33.198 [AsyncHttpClient-1-8] DEBUG org.asynchttpclient.netty.handler.HttpHandler - 

Request DefaultHttpRequest(decodeResult: success, version: HTTP/1.1)
POST /session/fcd37fd5fac479a35ce7033546f14d64/element/c5e29b02-4776-485b-9418-2b283c820c79/clear HTTP/1.1
User-Agent: selenium/4.1.2 (java windows)
Content-Length: 50
Content-Type: application/json; charset=utf-8
host: localhost:65140
accept: */*

Response DefaultHttpResponse(decodeResult: success, version: HTTP/1.1)
HTTP/1.1 200 OK
Content-Type: application/json; charset=utf-8
cache-control: no-cache
content-length: 14

14:57:33.199 [AsyncHttpClient-1-8] DEBUG org.asynchttpclient.netty.channel.ChannelManager - Adding key: http://localhost:65140 for channel [id: 0xe9c916ec, L:/127.0.0.1:65460 - R:localhost/127.0.0.1:65140]
14:57:33.200 [Forwarding sendKeysToElement on session fcd37fd5fac479a35ce7033546f14d64 to remote] DEBUG org.asynchttpclient.netty.request.NettyRequestSender - Using pooled Channel '[id: 0xe9c916ec, L:/127.0.0.1:65460 - R:localhost/127.0.0.1:65140]' for 'POST' to 'http://localhost:65140/session/fcd37fd5fac479a35ce7033546f14d64/element/c5e29b02-4776-485b-9418-2b283c820c79/value'
14:57:33.200 [Forwarding sendKeysToElement on session fcd37fd5fac479a35ce7033546f14d64 to remote] DEBUG org.asynchttpclient.netty.request.NettyRequestSender - Using open Channel [id: 0xe9c916ec, L:/127.0.0.1:65460 - R:localhost/127.0.0.1:65140] for POST '/session/fcd37fd5fac479a35ce7033546f14d64/element/c5e29b02-4776-485b-9418-2b283c820c79/value'
14:57:33.264 [AsyncHttpClient-1-8] DEBUG org.asynchttpclient.netty.handler.HttpHandler - 

Request DefaultHttpRequest(decodeResult: success, version: HTTP/1.1)
POST /session/fcd37fd5fac479a35ce7033546f14d64/element/c5e29b02-4776-485b-9418-2b283c820c79/value HTTP/1.1
User-Agent: selenium/4.1.2 (java windows)
Content-Length: 161
Content-Type: application/json; charset=utf-8
host: localhost:65140
accept: */*

Response DefaultHttpResponse(decodeResult: success, version: HTTP/1.1)
HTTP/1.1 200 OK
Content-Type: application/json; charset=utf-8
cache-control: no-cache
content-length: 14

14:57:33.264 [AsyncHttpClient-1-8] DEBUG org.asynchttpclient.netty.channel.ChannelManager - Adding key: http://localhost:65140 for channel [id: 0xe9c916ec, L:/127.0.0.1:65460 - R:localhost/127.0.0.1:65140]
14:57:33.268 [Forwarding screenshot on session fcd37fd5fac479a35ce7033546f14d64 to remote] DEBUG org.asynchttpclient.netty.request.NettyRequestSender - Using pooled Channel '[id: 0xe9c916ec, L:/127.0.0.1:65460 - R:localhost/127.0.0.1:65140]' for 'GET' to 'http://localhost:65140/session/fcd37fd5fac479a35ce7033546f14d64/screenshot'
14:57:33.268 [Forwarding screenshot on session fcd37fd5fac479a35ce7033546f14d64 to remote] DEBUG org.asynchttpclient.netty.request.NettyRequestSender - Using open Channel [id: 0xe9c916ec, L:/127.0.0.1:65460 - R:localhost/127.0.0.1:65140] for GET '/session/fcd37fd5fac479a35ce7033546f14d64/screenshot'
14:57:33.427 [AsyncHttpClient-1-8] DEBUG org.asynchttpclient.netty.handler.HttpHandler - 

Request DefaultFullHttpRequest(decodeResult: success, version: HTTP/1.1, content: EmptyByteBufBE)
GET /session/fcd37fd5fac479a35ce7033546f14d64/screenshot HTTP/1.1
User-Agent: selenium/4.1.2 (java windows)
Cache-Control: no-cache
Content-Type: application/json; charset=utf-8
host: localhost:65140
accept: */*

Response DefaultHttpResponse(decodeResult: success, version: HTTP/1.1)
HTTP/1.1 200 OK
Content-Type: application/json; charset=utf-8
cache-control: no-cache
content-length: 37612

14:57:33.427 [AsyncHttpClient-1-8] DEBUG org.asynchttpclient.netty.channel.ChannelManager - Adding key: http://localhost:65140 for channel [id: 0xe9c916ec, L:/127.0.0.1:65460 - R:localhost/127.0.0.1:65140]
14:57:33.428 [main] DEBUG net.serenitybdd.core.photography.Darkroom - Send negative for processing for target\site\serenity\a4bb296ea747ea1ade6b3944b080af3c1b99591da1f230faf1da7339c8a004d1.png
14:57:33.429 [main] DEBUG net.thucydides.core.steps.StepInterceptor - STEP DONE: inputPassword
  &amp#27;[32mAnd &amp#27;[0m&amp#27;[32mI input &amp#27;[0m&amp#27;[32m&amp#27;[1m"Valid@01"&amp#27;[0m&amp#27;[32m Password&amp#27;[0m   &amp#27;[90m# Starter.StepDefinitions.RegisterStep.iInputPassword(java.lang.String)&amp#27;[0m
14:57:33.429 [Darkroom Processing Line] DEBUG net.serenitybdd.core.photography.DarkroomProcessingLine - Processing screenshot image in /var/screenshots/screenshot-3199859422912211163
14:57:33.429 [Darkroom Processing Line] DEBUG net.serenitybdd.core.photography.DarkroomProcessingLine - Saving screenshot to target\site\serenity\a4bb296ea747ea1ade6b3944b080af3c1b99591da1f230faf1da7339c8a004d1.png
14:57:33.439 [main] DEBUG net.thucydides.core.steps.StepInterceptor - STARTING STEP: RegisterStep.clickRegisterButton - scrollTo
14:57:33.441 [Forwarding findElement on session fcd37fd5fac479a35ce7033546f14d64 to remote] DEBUG org.asynchttpclient.netty.request.NettyRequestSender - Using pooled Channel '[id: 0xe9c916ec, L:/127.0.0.1:65460 - R:localhost/127.0.0.1:65140]' for 'POST' to 'http://localhost:65140/session/fcd37fd5fac479a35ce7033546f14d64/element'
14:57:33.441 [Forwarding findElement on session fcd37fd5fac479a35ce7033546f14d64 to remote] DEBUG org.asynchttpclient.netty.request.NettyRequestSender - Using open Channel [id: 0xe9c916ec, L:/127.0.0.1:65460 - R:localhost/127.0.0.1:65140] for POST '/session/fcd37fd5fac479a35ce7033546f14d64/element'
14:57:33.453 [AsyncHttpClient-1-8] DEBUG org.asynchttpclient.netty.handler.HttpHandler - 

Request DefaultHttpRequest(decodeResult: success, version: HTTP/1.1)
POST /session/fcd37fd5fac479a35ce7033546f14d64/element HTTP/1.1
User-Agent: selenium/4.1.2 (java windows)
Content-Length: 73
Content-Type: application/json; charset=utf-8
host: localhost:65140
accept: */*

Response DefaultHttpResponse(decodeResult: success, version: HTTP/1.1)
HTTP/1.1 200 OK
Content-Type: application/json; charset=utf-8
cache-control: no-cache
content-length: 88

14:57:33.453 [AsyncHttpClient-1-8] DEBUG org.asynchttpclient.netty.channel.ChannelManager - Adding key: http://localhost:65140 for channel [id: 0xe9c916ec, L:/127.0.0.1:65460 - R:localhost/127.0.0.1:65140]
14:57:33.457 [Forwarding actions on session fcd37fd5fac479a35ce7033546f14d64 to remote] DEBUG org.asynchttpclient.netty.request.NettyRequestSender - Using pooled Channel '[id: 0xe9c916ec, L:/127.0.0.1:65460 - R:localhost/127.0.0.1:65140]' for 'POST' to 'http://localhost:65140/session/fcd37fd5fac479a35ce7033546f14d64/actions'
14:57:33.457 [Forwarding actions on session fcd37fd5fac479a35ce7033546f14d64 to remote] DEBUG org.asynchttpclient.netty.request.NettyRequestSender - Using open Channel [id: 0xe9c916ec, L:/127.0.0.1:65460 - R:localhost/127.0.0.1:65140] for POST '/session/fcd37fd5fac479a35ce7033546f14d64/actions'
14:57:33.589 [AsyncHttpClient-1-8] DEBUG org.asynchttpclient.netty.handler.HttpHandler - 

Request DefaultHttpRequest(decodeResult: success, version: HTTP/1.1)
POST /session/fcd37fd5fac479a35ce7033546f14d64/actions HTTP/1.1
User-Agent: selenium/4.1.2 (java windows)
Content-Length: 480
Content-Type: application/json; charset=utf-8
host: localhost:65140
accept: */*

Response DefaultHttpResponse(decodeResult: success, version: HTTP/1.1)
HTTP/1.1 200 OK
Content-Type: application/json; charset=utf-8
cache-control: no-cache
content-length: 14

14:57:33.589 [AsyncHttpClient-1-8] DEBUG org.asynchttpclient.netty.channel.ChannelManager - Adding key: http://localhost:65140 for channel [id: 0xe9c916ec, L:/127.0.0.1:65460 - R:localhost/127.0.0.1:65140]
14:57:33.597 [Forwarding screenshot on session fcd37fd5fac479a35ce7033546f14d64 to remote] DEBUG org.asynchttpclient.netty.request.NettyRequestSender - Using pooled Channel '[id: 0xe9c916ec, L:/127.0.0.1:65460 - R:localhost/127.0.0.1:65140]' for 'GET' to 'http://localhost:65140/session/fcd37fd5fac479a35ce7033546f14d64/screenshot'
14:57:33.597 [Forwarding screenshot on session fcd37fd5fac479a35ce7033546f14d64 to remote] DEBUG org.asynchttpclient.netty.request.NettyRequestSender - Using open Channel [id: 0xe9c916ec, L:/127.0.0.1:65460 - R:localhost/127.0.0.1:65140] for GET '/session/fcd37fd5fac479a35ce7033546f14d64/screenshot'
14:57:33.726 [AsyncHttpClient-1-8] DEBUG org.asynchttpclient.netty.handler.HttpHandler - 

Request DefaultFullHttpRequest(decodeResult: success, version: HTTP/1.1, content: EmptyByteBufBE)
GET /session/fcd37fd5fac479a35ce7033546f14d64/screenshot HTTP/1.1
User-Agent: selenium/4.1.2 (java windows)
Cache-Control: no-cache
Content-Type: application/json; charset=utf-8
host: localhost:65140
accept: */*

Response DefaultHttpResponse(decodeResult: success, version: HTTP/1.1)
HTTP/1.1 200 OK
Content-Type: application/json; charset=utf-8
cache-control: no-cache
content-length: 36784

14:57:33.726 [AsyncHttpClient-1-8] DEBUG org.asynchttpclient.netty.channel.ChannelManager - Adding key: http://localhost:65140 for channel [id: 0xe9c916ec, L:/127.0.0.1:65460 - R:localhost/127.0.0.1:65140]
14:57:33.728 [main] DEBUG net.serenitybdd.core.photography.Darkroom - Send negative for processing for target\site\serenity\ced992116c152362fc24dfbcdcb47ae1f2e9ad16cd37711ad5fcd2d5e4591004.png
14:57:33.728 [main] DEBUG net.thucydides.core.steps.StepInterceptor - STEP DONE: scrollTo
14:57:33.728 [Darkroom Processing Line] DEBUG net.serenitybdd.core.photography.DarkroomProcessingLine - Processing screenshot image in /var/screenshots/screenshot-11244734568324288819
14:57:33.728 [Darkroom Processing Line] DEBUG net.serenitybdd.core.photography.DarkroomProcessingLine - Saving screenshot to target\site\serenity\ced992116c152362fc24dfbcdcb47ae1f2e9ad16cd37711ad5fcd2d5e4591004.png
14:57:33.732 [main] DEBUG net.thucydides.core.steps.StepInterceptor - STARTING STEP: RegisterStep.clickRegisterButton - clickRegisterButton
14:57:33.734 [Forwarding findElement on session fcd37fd5fac479a35ce7033546f14d64 to remote] DEBUG org.asynchttpclient.netty.request.NettyRequestSender - Using pooled Channel '[id: 0xe9c916ec, L:/127.0.0.1:65460 - R:localhost/127.0.0.1:65140]' for 'POST' to 'http://localhost:65140/session/fcd37fd5fac479a35ce7033546f14d64/element'
14:57:33.734 [Forwarding findElement on session fcd37fd5fac479a35ce7033546f14d64 to remote] DEBUG org.asynchttpclient.netty.request.NettyRequestSender - Using open Channel [id: 0xe9c916ec, L:/127.0.0.1:65460 - R:localhost/127.0.0.1:65140] for POST '/session/fcd37fd5fac479a35ce7033546f14d64/element'
14:57:33.741 [AsyncHttpClient-1-8] DEBUG org.asynchttpclient.netty.handler.HttpHandler - 

Request DefaultHttpRequest(decodeResult: success, version: HTTP/1.1)
POST /session/fcd37fd5fac479a35ce7033546f14d64/element HTTP/1.1
User-Agent: selenium/4.1.2 (java windows)
Content-Length: 164
Content-Type: application/json; charset=utf-8
host: localhost:65140
accept: */*

Response DefaultHttpResponse(decodeResult: success, version: HTTP/1.1)
HTTP/1.1 200 OK
Content-Type: application/json; charset=utf-8
cache-control: no-cache
content-length: 88

14:57:33.741 [AsyncHttpClient-1-8] DEBUG org.asynchttpclient.netty.channel.ChannelManager - Adding key: http://localhost:65140 for channel [id: 0xe9c916ec, L:/127.0.0.1:65460 - R:localhost/127.0.0.1:65140]
14:57:33.741 [Forwarding getElementTagName on session fcd37fd5fac479a35ce7033546f14d64 to remote] DEBUG org.asynchttpclient.netty.request.NettyRequestSender - Using pooled Channel '[id: 0xe9c916ec, L:/127.0.0.1:65460 - R:localhost/127.0.0.1:65140]' for 'GET' to 'http://localhost:65140/session/fcd37fd5fac479a35ce7033546f14d64/element/0e9a70e2-a0cc-43bf-ae3b-1196c713af2a/name'
14:57:33.741 [Forwarding getElementTagName on session fcd37fd5fac479a35ce7033546f14d64 to remote] DEBUG org.asynchttpclient.netty.request.NettyRequestSender - Using open Channel [id: 0xe9c916ec, L:/127.0.0.1:65460 - R:localhost/127.0.0.1:65140] for GET '/session/fcd37fd5fac479a35ce7033546f14d64/element/0e9a70e2-a0cc-43bf-ae3b-1196c713af2a/name'
14:57:33.746 [AsyncHttpClient-1-8] DEBUG org.asynchttpclient.netty.handler.HttpHandler - 

Request DefaultFullHttpRequest(decodeResult: success, version: HTTP/1.1, content: EmptyByteBufBE)
GET /session/fcd37fd5fac479a35ce7033546f14d64/element/0e9a70e2-a0cc-43bf-ae3b-1196c713af2a/name HTTP/1.1
User-Agent: selenium/4.1.2 (java windows)
Cache-Control: no-cache
Content-Type: application/json; charset=utf-8
host: localhost:65140
accept: */*

Response DefaultHttpResponse(decodeResult: success, version: HTTP/1.1)
HTTP/1.1 200 OK
Content-Type: application/json; charset=utf-8
cache-control: no-cache
content-length: 16

14:57:33.746 [AsyncHttpClient-1-8] DEBUG org.asynchttpclient.netty.channel.ChannelManager - Adding key: http://localhost:65140 for channel [id: 0xe9c916ec, L:/127.0.0.1:65460 - R:localhost/127.0.0.1:65140]
14:57:33.748 [Forwarding getElementTagName on session fcd37fd5fac479a35ce7033546f14d64 to remote] DEBUG org.asynchttpclient.netty.request.NettyRequestSender - Using pooled Channel '[id: 0xe9c916ec, L:/127.0.0.1:65460 - R:localhost/127.0.0.1:65140]' for 'GET' to 'http://localhost:65140/session/fcd37fd5fac479a35ce7033546f14d64/element/0e9a70e2-a0cc-43bf-ae3b-1196c713af2a/name'
14:57:33.748 [Forwarding getElementTagName on session fcd37fd5fac479a35ce7033546f14d64 to remote] DEBUG org.asynchttpclient.netty.request.NettyRequestSender - Using open Channel [id: 0xe9c916ec, L:/127.0.0.1:65460 - R:localhost/127.0.0.1:65140] for GET '/session/fcd37fd5fac479a35ce7033546f14d64/element/0e9a70e2-a0cc-43bf-ae3b-1196c713af2a/name'
14:57:33.752 [AsyncHttpClient-1-8] DEBUG org.asynchttpclient.netty.handler.HttpHandler - 

Request DefaultFullHttpRequest(decodeResult: success, version: HTTP/1.1, content: EmptyByteBufBE)
GET /session/fcd37fd5fac479a35ce7033546f14d64/element/0e9a70e2-a0cc-43bf-ae3b-1196c713af2a/name HTTP/1.1
User-Agent: selenium/4.1.2 (java windows)
Cache-Control: no-cache
Content-Type: application/json; charset=utf-8
host: localhost:65140
accept: */*

Response DefaultHttpResponse(decodeResult: success, version: HTTP/1.1)
HTTP/1.1 200 OK
Content-Type: application/json; charset=utf-8
cache-control: no-cache
content-length: 16

14:57:33.752 [AsyncHttpClient-1-8] DEBUG org.asynchttpclient.netty.channel.ChannelManager - Adding key: http://localhost:65140 for channel [id: 0xe9c916ec, L:/127.0.0.1:65460 - R:localhost/127.0.0.1:65140]
14:57:33.754 [Forwarding findElement on session fcd37fd5fac479a35ce7033546f14d64 to remote] DEBUG org.asynchttpclient.netty.request.NettyRequestSender - Using pooled Channel '[id: 0xe9c916ec, L:/127.0.0.1:65460 - R:localhost/127.0.0.1:65140]' for 'POST' to 'http://localhost:65140/session/fcd37fd5fac479a35ce7033546f14d64/element'
14:57:33.754 [Forwarding findElement on session fcd37fd5fac479a35ce7033546f14d64 to remote] DEBUG org.asynchttpclient.netty.request.NettyRequestSender - Using open Channel [id: 0xe9c916ec, L:/127.0.0.1:65460 - R:localhost/127.0.0.1:65140] for POST '/session/fcd37fd5fac479a35ce7033546f14d64/element'
14:57:33.760 [AsyncHttpClient-1-8] DEBUG org.asynchttpclient.netty.handler.HttpHandler - 

Request DefaultHttpRequest(decodeResult: success, version: HTTP/1.1)
POST /session/fcd37fd5fac479a35ce7033546f14d64/element HTTP/1.1
User-Agent: selenium/4.1.2 (java windows)
Content-Length: 164
Content-Type: application/json; charset=utf-8
host: localhost:65140
accept: */*

Response DefaultHttpResponse(decodeResult: success, version: HTTP/1.1)
HTTP/1.1 200 OK
Content-Type: application/json; charset=utf-8
cache-control: no-cache
content-length: 88

14:57:33.760 [AsyncHttpClient-1-8] DEBUG org.asynchttpclient.netty.channel.ChannelManager - Adding key: http://localhost:65140 for channel [id: 0xe9c916ec, L:/127.0.0.1:65460 - R:localhost/127.0.0.1:65140]
14:57:33.761 [Forwarding clickElement on session fcd37fd5fac479a35ce7033546f14d64 to remote] DEBUG org.asynchttpclient.netty.request.NettyRequestSender - Using pooled Channel '[id: 0xe9c916ec, L:/127.0.0.1:65460 - R:localhost/127.0.0.1:65140]' for 'POST' to 'http://localhost:65140/session/fcd37fd5fac479a35ce7033546f14d64/element/0e9a70e2-a0cc-43bf-ae3b-1196c713af2a/click'
14:57:33.761 [Forwarding clickElement on session fcd37fd5fac479a35ce7033546f14d64 to remote] DEBUG org.asynchttpclient.netty.request.NettyRequestSender - Using open Channel [id: 0xe9c916ec, L:/127.0.0.1:65460 - R:localhost/127.0.0.1:65140] for POST '/session/fcd37fd5fac479a35ce7033546f14d64/element/0e9a70e2-a0cc-43bf-ae3b-1196c713af2a/click'
14:57:33.802 [AsyncHttpClient-1-8] DEBUG org.asynchttpclient.netty.handler.HttpHandler - 

Request DefaultHttpRequest(decodeResult: success, version: HTTP/1.1)
POST /session/fcd37fd5fac479a35ce7033546f14d64/element/0e9a70e2-a0cc-43bf-ae3b-1196c713af2a/click HTTP/1.1
User-Agent: selenium/4.1.2 (java windows)
Content-Length: 50
Content-Type: application/json; charset=utf-8
host: localhost:65140
accept: */*

Response DefaultHttpResponse(decodeResult: success, version: HTTP/1.1)
HTTP/1.1 200 OK
Content-Type: application/json; charset=utf-8
cache-control: no-cache
content-length: 14

14:57:33.802 [AsyncHttpClient-1-8] DEBUG org.asynchttpclient.netty.channel.ChannelManager - Adding key: http://localhost:65140 for channel [id: 0xe9c916ec, L:/127.0.0.1:65460 - R:localhost/127.0.0.1:65140]
14:57:33.808 [Forwarding screenshot on session fcd37fd5fac479a35ce7033546f14d64 to remote] DEBUG org.asynchttpclient.netty.request.NettyRequestSender - Using pooled Channel '[id: 0xe9c916ec, L:/127.0.0.1:65460 - R:localhost/127.0.0.1:65140]' for 'GET' to 'http://localhost:65140/session/fcd37fd5fac479a35ce7033546f14d64/screenshot'
14:57:33.808 [Forwarding screenshot on session fcd37fd5fac479a35ce7033546f14d64 to remote] DEBUG org.asynchttpclient.netty.request.NettyRequestSender - Using open Channel [id: 0xe9c916ec, L:/127.0.0.1:65460 - R:localhost/127.0.0.1:65140] for GET '/session/fcd37fd5fac479a35ce7033546f14d64/screenshot'
14:57:33.902 [AsyncHttpClient-1-8] DEBUG org.asynchttpclient.netty.handler.HttpHandler - 

Request DefaultFullHttpRequest(decodeResult: success, version: HTTP/1.1, content: EmptyByteBufBE)
GET /session/fcd37fd5fac479a35ce7033546f14d64/screenshot HTTP/1.1
User-Agent: selenium/4.1.2 (java windows)
Cache-Control: no-cache
Content-Type: application/json; charset=utf-8
host: localhost:65140
accept: */*

Response DefaultHttpResponse(decodeResult: success, version: HTTP/1.1)
HTTP/1.1 200 OK
Content-Type: application/json; charset=utf-8
cache-control: no-cache
content-length: 37096

14:57:33.903 [AsyncHttpClient-1-8] DEBUG org.asynchttpclient.netty.channel.ChannelManager - Adding key: http://localhost:65140 for channel [id: 0xe9c916ec, L:/127.0.0.1:65460 - R:localhost/127.0.0.1:65140]
14:57:33.904 [main] DEBUG net.serenitybdd.core.photography.Darkroom - Send negative for processing for target\site\serenity\df8ab0fa8c9f6e8ce1d4626d4cdd396abe04097a534c078fe686a9e1ec7ae2ed.png
14:57:34.008 [AsyncHttpClient-1-1] DEBUG org.asynchttpclient.netty.channel.DefaultChannelPool - Entry count for : http://localhost:65140 : 1
14:57:34.008 [AsyncHttpClient-1-1] DEBUG org.asynchttpclient.netty.channel.DefaultChannelPool - Entry count for : http://localhost:65461 : 1
14:57:34.081 [main] DEBUG net.thucydides.core.steps.StepInterceptor - STEP DONE: clickRegisterButton
  &amp#27;[32mAnd &amp#27;[0m&amp#27;[32mclick register button&amp#27;[0m         &amp#27;[90m# Starter.StepDefinitions.RegisterStep.clickRegisterButton()&amp#27;[0m
14:57:34.081 [Darkroom Processing Line] DEBUG net.serenitybdd.core.photography.DarkroomProcessingLine - Processing screenshot image in /var/screenshots/screenshot-14185199000602112552
14:57:34.081 [Darkroom Processing Line] DEBUG net.serenitybdd.core.photography.DarkroomProcessingLine - Saving screenshot to target\site\serenity\df8ab0fa8c9f6e8ce1d4626d4cdd396abe04097a534c078fe686a9e1ec7ae2ed.png
14:57:34.097 [main] DEBUG net.thucydides.core.steps.StepInterceptor - STARTING STEP: RegisterStep.iGetThe - headerAppears
14:57:34.098 [Forwarding findElement on session fcd37fd5fac479a35ce7033546f14d64 to remote] DEBUG org.asynchttpclient.netty.request.NettyRequestSender - Using pooled Channel '[id: 0xe9c916ec, L:/127.0.0.1:65460 - R:localhost/127.0.0.1:65140]' for 'POST' to 'http://localhost:65140/session/fcd37fd5fac479a35ce7033546f14d64/element'
14:57:34.098 [Forwarding findElement on session fcd37fd5fac479a35ce7033546f14d64 to remote] DEBUG org.asynchttpclient.netty.request.NettyRequestSender - Using open Channel [id: 0xe9c916ec, L:/127.0.0.1:65460 - R:localhost/127.0.0.1:65140] for POST '/session/fcd37fd5fac479a35ce7033546f14d64/element'
14:57:34.110 [AsyncHttpClient-1-8] DEBUG org.asynchttpclient.netty.handler.HttpHandler - 

Request DefaultHttpRequest(decodeResult: success, version: HTTP/1.1)
POST /session/fcd37fd5fac479a35ce7033546f14d64/element HTTP/1.1
User-Agent: selenium/4.1.2 (java windows)
Content-Length: 70
Content-Type: application/json; charset=utf-8
host: localhost:65140
accept: */*

Response DefaultHttpResponse(decodeResult: success, version: HTTP/1.1)
HTTP/1.1 200 OK
Content-Type: application/json; charset=utf-8
cache-control: no-cache
content-length: 88

14:57:34.110 [AsyncHttpClient-1-8] DEBUG org.asynchttpclient.netty.channel.ChannelManager - Adding key: http://localhost:65140 for channel [id: 0xe9c916ec, L:/127.0.0.1:65460 - R:localhost/127.0.0.1:65140]
14:57:34.112 [Forwarding isElementDisplayed on session fcd37fd5fac479a35ce7033546f14d64 to remote] DEBUG org.asynchttpclient.netty.request.NettyRequestSender - Using pooled Channel '[id: 0xe9c916ec, L:/127.0.0.1:65460 - R:localhost/127.0.0.1:65140]' for 'POST' to 'http://localhost:65140/session/fcd37fd5fac479a35ce7033546f14d64/execute/sync'
14:57:34.112 [Forwarding isElementDisplayed on session fcd37fd5fac479a35ce7033546f14d64 to remote] DEBUG org.asynchttpclient.netty.request.NettyRequestSender - Using open Channel [id: 0xe9c916ec, L:/127.0.0.1:65460 - R:localhost/127.0.0.1:65140] for POST '/session/fcd37fd5fac479a35ce7033546f14d64/execute/sync'
14:57:34.124 [AsyncHttpClient-1-8] DEBUG org.asynchttpclient.netty.handler.HttpHandler - 

Request DefaultHttpRequest(decodeResult: success, version: HTTP/1.1)
POST /session/fcd37fd5fac479a35ce7033546f14d64/execute/sync HTTP/1.1
User-Agent: selenium/4.1.2 (java windows)
Content-Length: 48780
Content-Type: application/json; charset=utf-8
host: localhost:65140
accept: */*

Response DefaultHttpResponse(decodeResult: success, version: HTTP/1.1)
HTTP/1.1 200 OK
Content-Type: application/json; charset=utf-8
cache-control: no-cache
content-length: 14

14:57:34.124 [AsyncHttpClient-1-8] DEBUG org.asynchttpclient.netty.channel.ChannelManager - Adding key: http://localhost:65140 for channel [id: 0xe9c916ec, L:/127.0.0.1:65460 - R:localhost/127.0.0.1:65140]
14:57:34.126 [main] DEBUG net.thucydides.core.steps.StepInterceptor - STEP DONE: headerAppears
14:57:34.129 [main] DEBUG net.thucydides.core.steps.StepInterceptor - STARTING STEP: RegisterStep.iGetThe - headerTextEqual
14:57:34.131 [Forwarding findElement on session fcd37fd5fac479a35ce7033546f14d64 to remote] DEBUG org.asynchttpclient.netty.request.NettyRequestSender - Using pooled Channel '[id: 0xe9c916ec, L:/127.0.0.1:65460 - R:localhost/127.0.0.1:65140]' for 'POST' to 'http://localhost:65140/session/fcd37fd5fac479a35ce7033546f14d64/element'
14:57:34.131 [Forwarding findElement on session fcd37fd5fac479a35ce7033546f14d64 to remote] DEBUG org.asynchttpclient.netty.request.NettyRequestSender - Using open Channel [id: 0xe9c916ec, L:/127.0.0.1:65460 - R:localhost/127.0.0.1:65140] for POST '/session/fcd37fd5fac479a35ce7033546f14d64/element'
14:57:34.137 [AsyncHttpClient-1-8] DEBUG org.asynchttpclient.netty.handler.HttpHandler - 

Request DefaultHttpRequest(decodeResult: success, version: HTTP/1.1)
POST /session/fcd37fd5fac479a35ce7033546f14d64/element HTTP/1.1
User-Agent: selenium/4.1.2 (java windows)
Content-Length: 70
Content-Type: application/json; charset=utf-8
host: localhost:65140
accept: */*

Response DefaultHttpResponse(decodeResult: success, version: HTTP/1.1)
HTTP/1.1 200 OK
Content-Type: application/json; charset=utf-8
cache-control: no-cache
content-length: 88

14:57:34.137 [AsyncHttpClient-1-8] DEBUG org.asynchttpclient.netty.channel.ChannelManager - Adding key: http://localhost:65140 for channel [id: 0xe9c916ec, L:/127.0.0.1:65460 - R:localhost/127.0.0.1:65140]
14:57:34.138 [Forwarding getElementText on session fcd37fd5fac479a35ce7033546f14d64 to remote] DEBUG org.asynchttpclient.netty.request.NettyRequestSender - Using pooled Channel '[id: 0xe9c916ec, L:/127.0.0.1:65460 - R:localhost/127.0.0.1:65140]' for 'GET' to 'http://localhost:65140/session/fcd37fd5fac479a35ce7033546f14d64/element/837f27e5-d38a-4fed-b711-e8534d6fa0ab/text'
14:57:34.138 [Forwarding getElementText on session fcd37fd5fac479a35ce7033546f14d64 to remote] DEBUG org.asynchttpclient.netty.request.NettyRequestSender - Using open Channel [id: 0xe9c916ec, L:/127.0.0.1:65460 - R:localhost/127.0.0.1:65140] for GET '/session/fcd37fd5fac479a35ce7033546f14d64/element/837f27e5-d38a-4fed-b711-e8534d6fa0ab/text'
14:57:34.147 [AsyncHttpClient-1-8] DEBUG org.asynchttpclient.netty.handler.HttpHandler - 

Request DefaultFullHttpRequest(decodeResult: success, version: HTTP/1.1, content: EmptyByteBufBE)
GET /session/fcd37fd5fac479a35ce7033546f14d64/element/837f27e5-d38a-4fed-b711-e8534d6fa0ab/text HTTP/1.1
User-Agent: selenium/4.1.2 (java windows)
Cache-Control: no-cache
Content-Type: application/json; charset=utf-8
host: localhost:65140
accept: */*

Response DefaultHttpResponse(decodeResult: success, version: HTTP/1.1)
HTTP/1.1 200 OK
Content-Type: application/json; charset=utf-8
cache-control: no-cache
content-length: 17

14:57:34.148 [AsyncHttpClient-1-8] DEBUG org.asynchttpclient.netty.channel.ChannelManager - Adding key: http://localhost:65140 for channel [id: 0xe9c916ec, L:/127.0.0.1:65460 - R:localhost/127.0.0.1:65140]
14:57:34.151 [Forwarding screenshot on session fcd37fd5fac479a35ce7033546f14d64 to remote] DEBUG org.asynchttpclient.netty.request.NettyRequestSender - Using pooled Channel '[id: 0xe9c916ec, L:/127.0.0.1:65460 - R:localhost/127.0.0.1:65140]' for 'GET' to 'http://localhost:65140/session/fcd37fd5fac479a35ce7033546f14d64/screenshot'
14:57:34.151 [Forwarding screenshot on session fcd37fd5fac479a35ce7033546f14d64 to remote] DEBUG org.asynchttpclient.netty.request.NettyRequestSender - Using open Channel [id: 0xe9c916ec, L:/127.0.0.1:65460 - R:localhost/127.0.0.1:65140] for GET '/session/fcd37fd5fac479a35ce7033546f14d64/screenshot'
14:57:34.230 [AsyncHttpClient-1-8] DEBUG org.asynchttpclient.netty.handler.HttpHandler - 

Request DefaultFullHttpRequest(decodeResult: success, version: HTTP/1.1, content: EmptyByteBufBE)
GET /session/fcd37fd5fac479a35ce7033546f14d64/screenshot HTTP/1.1
User-Agent: selenium/4.1.2 (java windows)
Cache-Control: no-cache
Content-Type: application/json; charset=utf-8
host: localhost:65140
accept: */*

Response DefaultHttpResponse(decodeResult: success, version: HTTP/1.1)
HTTP/1.1 200 OK
Content-Type: application/json; charset=utf-8
cache-control: no-cache
content-length: 24940

14:57:34.230 [AsyncHttpClient-1-8] DEBUG org.asynchttpclient.netty.channel.ChannelManager - Adding key: http://localhost:65140 for channel [id: 0xe9c916ec, L:/127.0.0.1:65460 - R:localhost/127.0.0.1:65140]
14:57:34.231 [main] DEBUG net.serenitybdd.core.photography.Darkroom - Send negative for processing for target\site\serenity\11023edac3681808080020daf60d8cb00148736924ac340653f27273a0570072.png
14:57:34.231 [main] DEBUG net.thucydides.core.steps.StepInterceptor - STEP DONE: headerTextEqual
  &amp#27;[32mThen &amp#27;[0m&amp#27;[32mI Get the &amp#27;[0m&amp#27;[32m&amp#27;[1m"login page"&amp#27;[0m       &amp#27;[90m# Starter.StepDefinitions.RegisterStep.iGetThe(java.lang.String)&amp#27;[0m
14:57:34.237 [AsyncHttpClient-1-2] DEBUG org.asynchttpclient.netty.handler.WebSocketHandler - Channel Closed: [id: 0x7105837f, L:/127.0.0.1:65468 ! R:localhost/127.0.0.1:65461] with attribute NettyResponseFuture{currentRetry=5,
	isDone=1,
	isCancelled=0,
	asyncHandler=org.asynchttpclient.ws.WebSocketUpgradeHandler@90d210d,
	nettyRequest=org.asynchttpclient.netty.request.NettyRequest@108a8849,
	future=java.util.concurrent.CompletableFuture@38b5765[Completed normally],
	uri=ws://localhost:65461/devtools/browser/e4bd6035-421b-422d-8d20-7dbda6d91f51,
	keepAlive=true,
	redirectCount=0,
	timeoutsHolder=null,
	inAuth=0,
	touch=1652687851252}
14:57:34.237 [AsyncHttpClient-1-2] DEBUG org.asynchttpclient.netty.channel.ChannelManager - Closing Channel [id: 0x7105837f, L:/127.0.0.1:65468 ! R:localhost/127.0.0.1:65461] 
14:57:34.237 [Driver Command Executor] DEBUG org.asynchttpclient.netty.request.NettyRequestSender - Using pooled Channel '[id: 0xe9c916ec, L:/127.0.0.1:65460 - R:localhost/127.0.0.1:65140]' for 'DELETE' to 'http://localhost:65140/session/fcd37fd5fac479a35ce7033546f14d64'
14:57:34.237 [Driver Command Executor] DEBUG org.asynchttpclient.netty.request.NettyRequestSender - Using open Channel [id: 0xe9c916ec, L:/127.0.0.1:65460 - R:localhost/127.0.0.1:65140] for DELETE '/session/fcd37fd5fac479a35ce7033546f14d64'
14:57:34.328 [AsyncHttpClient-1-9] DEBUG org.asynchttpclient.netty.handler.HttpHandler - Unexpected I/O exception on channel [id: 0x12bb3924, L:/127.0.0.1:65467 - R:localhost/127.0.0.1:65461]
java.net.SocketException: Connection reset
	at java.base/sun.nio.ch.SocketChannelImpl.throwConnectionReset(SocketChannelImpl.java:367)
	at java.base/sun.nio.ch.SocketChannelImpl.read(SocketChannelImpl.java:398)
	at io.netty.buffer.PooledByteBuf.setBytes(PooledByteBuf.java:258)
	at io.netty.buffer.AbstractByteBuf.writeBytes(AbstractByteBuf.java:1132)
	at io.netty.channel.socket.nio.NioSocketChannel.doReadBytes(NioSocketChannel.java:350)
	at io.netty.channel.nio.AbstractNioByteChannel$NioByteUnsafe.read(AbstractNioByteChannel.java:151)
	at io.netty.channel.nio.NioEventLoop.processSelectedKey(NioEventLoop.java:722)
	at io.netty.channel.nio.NioEventLoop.processSelectedKeysOptimized(NioEventLoop.java:658)
	at io.netty.channel.nio.NioEventLoop.processSelectedKeys(NioEventLoop.java:584)
	at io.netty.channel.nio.NioEventLoop.run(NioEventLoop.java:496)
	at io.netty.util.concurrent.SingleThreadEventExecutor$4.run(SingleThreadEventExecutor.java:986)
	at io.netty.util.internal.ThreadExecutorMap$2.run(ThreadExecutorMap.java:74)
	at io.netty.util.concurrent.FastThreadLocalRunnable.run(FastThreadLocalRunnable.java:30)
	at java.base/java.lang.Thread.run(Thread.java:832)
14:57:34.328 [AsyncHttpClient-1-9] DEBUG org.asynchttpclient.netty.channel.ChannelManager - Closing Channel [id: 0x12bb3924, L:/127.0.0.1:65467 - R:localhost/127.0.0.1:65461] 
14:57:34.328 [AsyncHttpClient-1-9] DEBUG org.asynchttpclient.netty.handler.HttpHandler - Channel Closed: [id: 0x12bb3924, L:/127.0.0.1:65467 ! R:localhost/127.0.0.1:65461] with attribute DISCARD
14:57:34.340 [AsyncHttpClient-1-8] DEBUG org.asynchttpclient.netty.handler.HttpHandler - 

Request DefaultFullHttpRequest(decodeResult: success, version: HTTP/1.1, content: EmptyByteBufBE)
DELETE /session/fcd37fd5fac479a35ce7033546f14d64 HTTP/1.1
User-Agent: selenium/4.1.2 (java windows)
Content-Type: application/json; charset=utf-8
host: localhost:65140
accept: */*

Response DefaultHttpResponse(decodeResult: success, version: HTTP/1.1)
HTTP/1.1 200 OK
Content-Type: application/json; charset=utf-8
cache-control: no-cache
content-length: 14

14:57:34.340 [AsyncHttpClient-1-8] DEBUG org.asynchttpclient.netty.channel.ChannelManager - Adding key: http://localhost:65140 for channel [id: 0xe9c916ec, L:/127.0.0.1:65460 - R:localhost/127.0.0.1:65140]
14:57:34.400 [AsyncHttpClient-1-8] DEBUG org.asynchttpclient.netty.handler.HttpHandler - Channel Closed: [id: 0xe9c916ec, L:/127.0.0.1:65460 ! R:localhost/127.0.0.1:65140] with attribute DISCARD
14:57:34.925 [main] INFO  - 
  _____   ___   ___   _____     ___     _     ___   ___   ___   ___  
 |_   _| | __| / __| |_   _|   | _ \   /_\   / __| / __| | __| |   \ 
   | |   | _|  \__ \   | |     |  _/  / _ \  \__ \ \__ \ | _|  | |) |
   |_|   |___| |___/   |_|     |_|   /_/ \_\ |___/ |___/ |___| |___/ 

Register scenario
----------------------------------------------------------------------
]]></system-out>
    <system-err><![CDATA[Starting ChromeDriver 101.0.4951.41 (93c720db8323b3ec10d056025ab95c23a31997c9-refs/branch-heads/4951@{#904}) on port 65140
Only local connections are allowed.
Please see https://chromedriver.chromium.org/security-considerations for suggestions on keeping ChromeDriver safe.
ChromeDriver was started successfully.
May 16, 2022 2:57:31 PM org.openqa.selenium.remote.ProtocolHandshake createSession
INFO: Detected dialect: W3C
May 16, 2022 2:57:31 PM org.openqa.selenium.devtools.CdpVersionFinder findNearestMatch
WARNING: Unable to find an exact match for CDP version 101, so returning the closest version found: 97
May 16, 2022 2:57:31 PM org.openqa.selenium.devtools.CdpVersionFinder findNearestMatch
INFO: Found CDP implementation for version 101 of 97
]]></system-err>
  </testcase>
  <testcase name="Register scenario #2" classname="Register" time="5.21">
    <system-out><![CDATA[
@Register
Scenario Outline: Register scenario      &amp#27;[90m# src/test/resources/features/Register.feature:18&amp#27;[0m
14:57:34.942 [main] INFO io.cucumber.core.plugin.SerenityReporter - Running feature from file:///D:/data%20hakim/Mini%20Project%20Alterra/WebAlta/src/test/resources/features/Register.feature
14:57:34.955 [main] INFO net.serenitybdd.core.webdriver.driverproviders.ChromeDriverProvider - Using automatically driver download
14:57:35.051 [main] DEBUG io.github.bonigarcia.wdm.cache.ResolutionCache - Resolution chrome=101 in cache (valid until 15:32:06 16/05/2022 WIB)
14:57:35.055 [main] DEBUG io.github.bonigarcia.wdm.cache.ResolutionCache - Resolution chrome101=101.0.4951.41 in cache (valid until 14:32:06 17/05/2022 WIB)
14:57:35.056 [main] INFO io.github.bonigarcia.wdm.WebDriverManager - Using chromedriver 101.0.4951.41 (resolved driver for Chrome 101)
14:57:35.066 [main] DEBUG io.github.bonigarcia.wdm.WebDriverManager - Driver chromedriver 101.0.4951.41 found in cache
14:57:35.066 [main] INFO io.github.bonigarcia.wdm.WebDriverManager - Exporting webdriver.chrome.driver as C:\Users\hp pc\.cache\selenium\chromedriver\win32\101.0.4951.41\chromedriver.exe
14:57:35.102 [AsyncHttpClient-1-1] DEBUG org.asynchttpclient.netty.channel.DefaultChannelPool - Entry count for : http://localhost:65140 : 1
14:57:35.102 [AsyncHttpClient-1-1] DEBUG org.asynchttpclient.netty.channel.DefaultChannelPool - Entry count for : http://localhost:65461 : 1
14:57:35.102 [AsyncHttpClient-1-1] DEBUG org.asynchttpclient.netty.channel.DefaultChannelPool - Adding Candidate expired Channel [id: 0xe9c916ec, L:/127.0.0.1:65460 ! R:localhost/127.0.0.1:65140] isIdleTimeoutExpired=false isRemotelyClosed=true isTtlExpired=false
14:57:35.102 [AsyncHttpClient-1-1] DEBUG org.asynchttpclient.netty.channel.DefaultChannelPool - Closing Idle Channel [id: 0xe9c916ec, L:/127.0.0.1:65460 ! R:localhost/127.0.0.1:65140]
14:57:35.102 [AsyncHttpClient-1-1] DEBUG org.asynchttpclient.netty.channel.DefaultChannelPool - Adding Candidate expired Channel [id: 0x12bb3924, L:/127.0.0.1:65467 ! R:localhost/127.0.0.1:65461] isIdleTimeoutExpired=false isRemotelyClosed=true isTtlExpired=false
14:57:35.102 [AsyncHttpClient-1-1] DEBUG org.asynchttpclient.netty.channel.DefaultChannelPool - Closing Idle Channel [id: 0x12bb3924, L:/127.0.0.1:65467 ! R:localhost/127.0.0.1:65461]
14:57:35.102 [AsyncHttpClient-1-1] DEBUG org.asynchttpclient.netty.channel.DefaultChannelPool - Closed 2 connections out of 2 in 0 ms
14:57:35.153 [main] DEBUG net.serenitybdd.core.webdriver.driverproviders.ProvideNewDriver - Instantiating driver
14:57:35.153 [main] DEBUG net.serenitybdd.core.webdriver.driverproviders.ProvideNewDriver - Driver capabilities: Capabilities {acceptInsecureCerts: false, base.url: https://qa.alta.id/, browserName: chrome, chrome.driver: src/test/resources/webdrive..., driver: chrome, goog:chromeOptions: {args: [], extensions: []}}
14:57:35.676 [AsyncHttpClient-1-3] DEBUG org.asynchttpclient.netty.channel.NettyConnectListener - Using new Channel '[id: 0x2c159a9b, L:/127.0.0.1:65485 - R:localhost/127.0.0.1:54776]' for 'POST' to '/session'
14:57:36.356 [AsyncHttpClient-1-3] DEBUG org.asynchttpclient.netty.handler.HttpHandler - 

Request DefaultHttpRequest(decodeResult: success, version: HTTP/1.1)
POST /session HTTP/1.1
User-Agent: selenium/4.1.2 (java windows)
Content-Length: 605
Content-Type: application/json; charset=utf-8
host: localhost:54776
accept: */*

Response DefaultHttpResponse(decodeResult: success, version: HTTP/1.1)
HTTP/1.1 200 OK
Content-Type: application/json; charset=utf-8
cache-control: no-cache
content-length: 790

14:57:36.356 [AsyncHttpClient-1-3] DEBUG org.asynchttpclient.netty.channel.ChannelManager - Adding key: http://localhost:54776 for channel [id: 0x2c159a9b, L:/127.0.0.1:65485 - R:localhost/127.0.0.1:54776]
14:57:36.366 [AsyncHttpClient-1-4] DEBUG org.asynchttpclient.netty.channel.NettyConnectListener - Using new Channel '[id: 0xcf0b1597, L:/127.0.0.1:65493 - R:localhost/127.0.0.1:65487]' for 'GET' to '/json/version'
14:57:36.366 [AsyncHttpClient-1-4] DEBUG org.asynchttpclient.netty.handler.HttpHandler - 

Request DefaultFullHttpRequest(decodeResult: success, version: HTTP/1.1, content: EmptyByteBufBE)
GET /json/version HTTP/1.1
User-Agent: selenium/4.1.2 (java windows)
host: localhost:65487
accept: */*

Response DefaultHttpResponse(decodeResult: success, version: HTTP/1.1)
HTTP/1.1 200 OK
Content-Type: application/json; charset=UTF-8
content-length: 427

14:57:36.367 [AsyncHttpClient-1-4] DEBUG org.asynchttpclient.netty.channel.ChannelManager - Adding key: http://localhost:65487 for channel [id: 0xcf0b1597, L:/127.0.0.1:65493 - R:localhost/127.0.0.1:65487]
14:57:36.369 [AsyncHttpClient-1-5] DEBUG org.asynchttpclient.netty.channel.NettyConnectListener - Using new Channel '[id: 0xb03fb55f, L:/127.0.0.1:65494 - R:localhost/127.0.0.1:65487]' for 'GET' to '/devtools/browser/fbbb4868-562f-441e-9480-cb527072be4c'
14:57:36.370 [AsyncHttpClient-1-5] DEBUG org.asynchttpclient.netty.handler.WebSocketHandler - 

Request DefaultFullHttpRequest(decodeResult: success, version: HTTP/1.1, content: EmptyByteBufBE)
GET /devtools/browser/fbbb4868-562f-441e-9480-cb527072be4c HTTP/1.1
upgrade: websocket
connection: upgrade
sec-websocket-key: d7TIj0PkWOQv/S3gAFbVgQ==
sec-websocket-version: 13
origin: http://localhost:65487
host: localhost:65487
accept: */*
user-agent: AHC/2.1

Response DefaultHttpResponse(decodeResult: success, version: HTTP/1.1)
HTTP/1.1 101 WebSocket Protocol Handshake
Upgrade: WebSocket
Connection: Upgrade
Sec-WebSocket-Accept: qCUYkS+PnrGOeMHd7NY2BZq0eQk=

14:57:36.376 [Forwarding maximizeCurrentWindow on session cf7cce5c97bac545833d6cb874730b83 to remote] DEBUG org.asynchttpclient.netty.request.NettyRequestSender - Using pooled Channel '[id: 0x2c159a9b, L:/127.0.0.1:65485 - R:localhost/127.0.0.1:54776]' for 'POST' to 'http://localhost:54776/session/cf7cce5c97bac545833d6cb874730b83/window/maximize'
14:57:36.376 [Forwarding maximizeCurrentWindow on session cf7cce5c97bac545833d6cb874730b83 to remote] DEBUG org.asynchttpclient.netty.request.NettyRequestSender - Using open Channel [id: 0x2c159a9b, L:/127.0.0.1:65485 - R:localhost/127.0.0.1:54776] for POST '/session/cf7cce5c97bac545833d6cb874730b83/window/maximize'
14:57:36.510 [AsyncHttpClient-1-3] DEBUG org.asynchttpclient.netty.handler.HttpHandler - 

Request DefaultHttpRequest(decodeResult: success, version: HTTP/1.1)
POST /session/cf7cce5c97bac545833d6cb874730b83/window/maximize HTTP/1.1
User-Agent: selenium/4.1.2 (java windows)
Content-Length: 3
Content-Type: application/json; charset=utf-8
host: localhost:54776
accept: */*

Response DefaultHttpResponse(decodeResult: success, version: HTTP/1.1)
HTTP/1.1 200 OK
Content-Type: application/json; charset=utf-8
cache-control: no-cache
content-length: 51

14:57:36.511 [AsyncHttpClient-1-3] DEBUG org.asynchttpclient.netty.channel.ChannelManager - Adding key: http://localhost:54776 for channel [id: 0x2c159a9b, L:/127.0.0.1:65485 - R:localhost/127.0.0.1:54776]
14:57:36.512 [Forwarding get on session cf7cce5c97bac545833d6cb874730b83 to remote] DEBUG org.asynchttpclient.netty.request.NettyRequestSender - Using pooled Channel '[id: 0x2c159a9b, L:/127.0.0.1:65485 - R:localhost/127.0.0.1:54776]' for 'POST' to 'http://localhost:54776/session/cf7cce5c97bac545833d6cb874730b83/url'
14:57:36.512 [Forwarding get on session cf7cce5c97bac545833d6cb874730b83 to remote] DEBUG org.asynchttpclient.netty.request.NettyRequestSender - Using open Channel [id: 0x2c159a9b, L:/127.0.0.1:65485 - R:localhost/127.0.0.1:54776] for POST '/session/cf7cce5c97bac545833d6cb874730b83/url'
14:57:37.300 [AsyncHttpClient-1-1] DEBUG org.asynchttpclient.netty.channel.DefaultChannelPool - Entry count for : http://localhost:65487 : 1
14:57:37.363 [AsyncHttpClient-1-3] DEBUG org.asynchttpclient.netty.handler.HttpHandler - 

Request DefaultHttpRequest(decodeResult: success, version: HTTP/1.1)
POST /session/cf7cce5c97bac545833d6cb874730b83/url HTTP/1.1
User-Agent: selenium/4.1.2 (java windows)
Content-Length: 67
Content-Type: application/json; charset=utf-8
host: localhost:54776
accept: */*

Response DefaultHttpResponse(decodeResult: success, version: HTTP/1.1)
HTTP/1.1 200 OK
Content-Type: application/json; charset=utf-8
cache-control: no-cache
content-length: 14

14:57:37.363 [AsyncHttpClient-1-3] DEBUG org.asynchttpclient.netty.channel.ChannelManager - Adding key: http://localhost:54776 for channel [id: 0x2c159a9b, L:/127.0.0.1:65485 - R:localhost/127.0.0.1:54776]
14:57:37.364 [Forwarding setTimeout on session cf7cce5c97bac545833d6cb874730b83 to remote] DEBUG org.asynchttpclient.netty.request.NettyRequestSender - Using pooled Channel '[id: 0x2c159a9b, L:/127.0.0.1:65485 - R:localhost/127.0.0.1:54776]' for 'POST' to 'http://localhost:54776/session/cf7cce5c97bac545833d6cb874730b83/timeouts'
14:57:37.364 [Forwarding setTimeout on session cf7cce5c97bac545833d6cb874730b83 to remote] DEBUG org.asynchttpclient.netty.request.NettyRequestSender - Using open Channel [id: 0x2c159a9b, L:/127.0.0.1:65485 - R:localhost/127.0.0.1:54776] for POST '/session/cf7cce5c97bac545833d6cb874730b83/timeouts'
14:57:37.365 [AsyncHttpClient-1-3] DEBUG org.asynchttpclient.netty.handler.HttpHandler - 

Request DefaultHttpRequest(decodeResult: success, version: HTTP/1.1)
POST /session/cf7cce5c97bac545833d6cb874730b83/timeouts HTTP/1.1
User-Agent: selenium/4.1.2 (java windows)
Content-Length: 22
Content-Type: application/json; charset=utf-8
host: localhost:54776
accept: */*

Response DefaultHttpResponse(decodeResult: success, version: HTTP/1.1)
HTTP/1.1 200 OK
Content-Type: application/json; charset=utf-8
cache-control: no-cache
content-length: 14

14:57:37.365 [AsyncHttpClient-1-3] DEBUG org.asynchttpclient.netty.channel.ChannelManager - Adding key: http://localhost:54776 for channel [id: 0x2c159a9b, L:/127.0.0.1:65485 - R:localhost/127.0.0.1:54776]
14:57:37.366 [Forwarding getCurrentUrl on session cf7cce5c97bac545833d6cb874730b83 to remote] DEBUG org.asynchttpclient.netty.request.NettyRequestSender - Using pooled Channel '[id: 0x2c159a9b, L:/127.0.0.1:65485 - R:localhost/127.0.0.1:54776]' for 'GET' to 'http://localhost:54776/session/cf7cce5c97bac545833d6cb874730b83/url'
14:57:37.367 [Forwarding getCurrentUrl on session cf7cce5c97bac545833d6cb874730b83 to remote] DEBUG org.asynchttpclient.netty.request.NettyRequestSender - Using open Channel [id: 0x2c159a9b, L:/127.0.0.1:65485 - R:localhost/127.0.0.1:54776] for GET '/session/cf7cce5c97bac545833d6cb874730b83/url'
14:57:37.371 [AsyncHttpClient-1-3] DEBUG org.asynchttpclient.netty.handler.HttpHandler - 

Request DefaultFullHttpRequest(decodeResult: success, version: HTTP/1.1, content: EmptyByteBufBE)
GET /session/cf7cce5c97bac545833d6cb874730b83/url HTTP/1.1
User-Agent: selenium/4.1.2 (java windows)
Cache-Control: no-cache
Content-Type: application/json; charset=utf-8
host: localhost:54776
accept: */*

Response DefaultHttpResponse(decodeResult: success, version: HTTP/1.1)
HTTP/1.1 200 OK
Content-Type: application/json; charset=utf-8
cache-control: no-cache
content-length: 44

14:57:37.371 [AsyncHttpClient-1-3] DEBUG org.asynchttpclient.netty.channel.ChannelManager - Adding key: http://localhost:54776 for channel [id: 0x2c159a9b, L:/127.0.0.1:65485 - R:localhost/127.0.0.1:54776]
14:57:37.378 [Forwarding screenshot on session cf7cce5c97bac545833d6cb874730b83 to remote] DEBUG org.asynchttpclient.netty.request.NettyRequestSender - Using pooled Channel '[id: 0x2c159a9b, L:/127.0.0.1:65485 - R:localhost/127.0.0.1:54776]' for 'GET' to 'http://localhost:54776/session/cf7cce5c97bac545833d6cb874730b83/screenshot'
14:57:37.378 [Forwarding screenshot on session cf7cce5c97bac545833d6cb874730b83 to remote] DEBUG org.asynchttpclient.netty.request.NettyRequestSender - Using open Channel [id: 0x2c159a9b, L:/127.0.0.1:65485 - R:localhost/127.0.0.1:54776] for GET '/session/cf7cce5c97bac545833d6cb874730b83/screenshot'
14:57:37.570 [AsyncHttpClient-1-3] DEBUG org.asynchttpclient.netty.handler.HttpHandler - 

Request DefaultFullHttpRequest(decodeResult: success, version: HTTP/1.1, content: EmptyByteBufBE)
GET /session/cf7cce5c97bac545833d6cb874730b83/screenshot HTTP/1.1
User-Agent: selenium/4.1.2 (java windows)
Cache-Control: no-cache
Content-Type: application/json; charset=utf-8
host: localhost:54776
accept: */*

Response DefaultHttpResponse(decodeResult: success, version: HTTP/1.1)
HTTP/1.1 200 OK
Content-Type: application/json; charset=utf-8
cache-control: no-cache
content-length: 29612

14:57:37.570 [AsyncHttpClient-1-3] DEBUG org.asynchttpclient.netty.channel.ChannelManager - Adding key: http://localhost:54776 for channel [id: 0x2c159a9b, L:/127.0.0.1:65485 - R:localhost/127.0.0.1:54776]
14:57:37.572 [main] DEBUG net.serenitybdd.core.photography.Darkroom - Send negative for processing for target\site\serenity\fbcccbfc142cbf792a2bfdff1d2e9f24344bbc61d767f43922554c6ad0002405.png
14:57:37.572 [main] DEBUG net.thucydides.core.steps.StepInterceptor - STARTING STEP: RegisterStep.iAmOnTheRegisterPage - validateOnRegisterPage
14:57:37.573 [Forwarding findElement on session cf7cce5c97bac545833d6cb874730b83 to remote] DEBUG org.asynchttpclient.netty.request.NettyRequestSender - Using pooled Channel '[id: 0x2c159a9b, L:/127.0.0.1:65485 - R:localhost/127.0.0.1:54776]' for 'POST' to 'http://localhost:54776/session/cf7cce5c97bac545833d6cb874730b83/element'
14:57:37.573 [Forwarding findElement on session cf7cce5c97bac545833d6cb874730b83 to remote] DEBUG org.asynchttpclient.netty.request.NettyRequestSender - Using open Channel [id: 0x2c159a9b, L:/127.0.0.1:65485 - R:localhost/127.0.0.1:54776] for POST '/session/cf7cce5c97bac545833d6cb874730b83/element'
14:57:37.583 [AsyncHttpClient-1-3] DEBUG org.asynchttpclient.netty.handler.HttpHandler - 

Request DefaultHttpRequest(decodeResult: success, version: HTTP/1.1)
POST /session/cf7cce5c97bac545833d6cb874730b83/element HTTP/1.1
User-Agent: selenium/4.1.2 (java windows)
Content-Length: 164
Content-Type: application/json; charset=utf-8
host: localhost:54776
accept: */*

Response DefaultHttpResponse(decodeResult: success, version: HTTP/1.1)
HTTP/1.1 200 OK
Content-Type: application/json; charset=utf-8
cache-control: no-cache
content-length: 88

14:57:37.583 [AsyncHttpClient-1-3] DEBUG org.asynchttpclient.netty.channel.ChannelManager - Adding key: http://localhost:54776 for channel [id: 0x2c159a9b, L:/127.0.0.1:65485 - R:localhost/127.0.0.1:54776]
14:57:37.585 [Forwarding isElementDisplayed on session cf7cce5c97bac545833d6cb874730b83 to remote] DEBUG org.asynchttpclient.netty.request.NettyRequestSender - Using pooled Channel '[id: 0x2c159a9b, L:/127.0.0.1:65485 - R:localhost/127.0.0.1:54776]' for 'POST' to 'http://localhost:54776/session/cf7cce5c97bac545833d6cb874730b83/execute/sync'
14:57:37.586 [Forwarding isElementDisplayed on session cf7cce5c97bac545833d6cb874730b83 to remote] DEBUG org.asynchttpclient.netty.request.NettyRequestSender - Using open Channel [id: 0x2c159a9b, L:/127.0.0.1:65485 - R:localhost/127.0.0.1:54776] for POST '/session/cf7cce5c97bac545833d6cb874730b83/execute/sync'
14:57:37.597 [AsyncHttpClient-1-3] DEBUG org.asynchttpclient.netty.handler.HttpHandler - 

Request DefaultHttpRequest(decodeResult: success, version: HTTP/1.1)
POST /session/cf7cce5c97bac545833d6cb874730b83/execute/sync HTTP/1.1
User-Agent: selenium/4.1.2 (java windows)
Content-Length: 48780
Content-Type: application/json; charset=utf-8
host: localhost:54776
accept: */*

Response DefaultHttpResponse(decodeResult: success, version: HTTP/1.1)
HTTP/1.1 200 OK
Content-Type: application/json; charset=utf-8
cache-control: no-cache
content-length: 14

14:57:37.597 [AsyncHttpClient-1-3] DEBUG org.asynchttpclient.netty.channel.ChannelManager - Adding key: http://localhost:54776 for channel [id: 0x2c159a9b, L:/127.0.0.1:65485 - R:localhost/127.0.0.1:54776]
14:57:37.600 [main] DEBUG net.thucydides.core.steps.StepInterceptor - STEP DONE: validateOnRegisterPage
  &amp#27;[32mGiven &amp#27;[0m&amp#27;[32mI am on the register page&amp#27;[0m        &amp#27;[90m# Starter.StepDefinitions.RegisterStep.iAmOnTheRegisterPage()&amp#27;[0m
14:57:37.608 [main] DEBUG net.thucydides.core.steps.StepInterceptor - STARTING STEP: RegisterStep.iInputFullName - inputFullName
14:57:37.609 [Forwarding findElement on session cf7cce5c97bac545833d6cb874730b83 to remote] DEBUG org.asynchttpclient.netty.request.NettyRequestSender - Using pooled Channel '[id: 0x2c159a9b, L:/127.0.0.1:65485 - R:localhost/127.0.0.1:54776]' for 'POST' to 'http://localhost:54776/session/cf7cce5c97bac545833d6cb874730b83/element'
14:57:37.609 [Forwarding findElement on session cf7cce5c97bac545833d6cb874730b83 to remote] DEBUG org.asynchttpclient.netty.request.NettyRequestSender - Using open Channel [id: 0x2c159a9b, L:/127.0.0.1:65485 - R:localhost/127.0.0.1:54776] for POST '/session/cf7cce5c97bac545833d6cb874730b83/element'
14:57:37.621 [AsyncHttpClient-1-3] DEBUG org.asynchttpclient.netty.handler.HttpHandler - 

Request DefaultHttpRequest(decodeResult: success, version: HTTP/1.1)
POST /session/cf7cce5c97bac545833d6cb874730b83/element HTTP/1.1
User-Agent: selenium/4.1.2 (java windows)
Content-Length: 98
Content-Type: application/json; charset=utf-8
host: localhost:54776
accept: */*

Response DefaultHttpResponse(decodeResult: success, version: HTTP/1.1)
HTTP/1.1 200 OK
Content-Type: application/json; charset=utf-8
cache-control: no-cache
content-length: 88

14:57:37.621 [AsyncHttpClient-1-3] DEBUG org.asynchttpclient.netty.channel.ChannelManager - Adding key: http://localhost:54776 for channel [id: 0x2c159a9b, L:/127.0.0.1:65485 - R:localhost/127.0.0.1:54776]
14:57:37.621 [Forwarding clearElement on session cf7cce5c97bac545833d6cb874730b83 to remote] DEBUG org.asynchttpclient.netty.request.NettyRequestSender - Using pooled Channel '[id: 0x2c159a9b, L:/127.0.0.1:65485 - R:localhost/127.0.0.1:54776]' for 'POST' to 'http://localhost:54776/session/cf7cce5c97bac545833d6cb874730b83/element/6efd531a-dc1b-4e93-99c8-03381b96bec1/clear'
14:57:37.621 [Forwarding clearElement on session cf7cce5c97bac545833d6cb874730b83 to remote] DEBUG org.asynchttpclient.netty.request.NettyRequestSender - Using open Channel [id: 0x2c159a9b, L:/127.0.0.1:65485 - R:localhost/127.0.0.1:54776] for POST '/session/cf7cce5c97bac545833d6cb874730b83/element/6efd531a-dc1b-4e93-99c8-03381b96bec1/clear'
14:57:37.648 [AsyncHttpClient-1-3] DEBUG org.asynchttpclient.netty.handler.HttpHandler - 

Request DefaultHttpRequest(decodeResult: success, version: HTTP/1.1)
POST /session/cf7cce5c97bac545833d6cb874730b83/element/6efd531a-dc1b-4e93-99c8-03381b96bec1/clear HTTP/1.1
User-Agent: selenium/4.1.2 (java windows)
Content-Length: 50
Content-Type: application/json; charset=utf-8
host: localhost:54776
accept: */*

Response DefaultHttpResponse(decodeResult: success, version: HTTP/1.1)
HTTP/1.1 200 OK
Content-Type: application/json; charset=utf-8
cache-control: no-cache
content-length: 14

14:57:37.648 [AsyncHttpClient-1-3] DEBUG org.asynchttpclient.netty.channel.ChannelManager - Adding key: http://localhost:54776 for channel [id: 0x2c159a9b, L:/127.0.0.1:65485 - R:localhost/127.0.0.1:54776]
14:57:37.649 [Forwarding sendKeysToElement on session cf7cce5c97bac545833d6cb874730b83 to remote] DEBUG org.asynchttpclient.netty.request.NettyRequestSender - Using pooled Channel '[id: 0x2c159a9b, L:/127.0.0.1:65485 - R:localhost/127.0.0.1:54776]' for 'POST' to 'http://localhost:54776/session/cf7cce5c97bac545833d6cb874730b83/element/6efd531a-dc1b-4e93-99c8-03381b96bec1/value'
14:57:37.649 [Forwarding sendKeysToElement on session cf7cce5c97bac545833d6cb874730b83 to remote] DEBUG org.asynchttpclient.netty.request.NettyRequestSender - Using open Channel [id: 0x2c159a9b, L:/127.0.0.1:65485 - R:localhost/127.0.0.1:54776] for POST '/session/cf7cce5c97bac545833d6cb874730b83/element/6efd531a-dc1b-4e93-99c8-03381b96bec1/value'
14:57:37.726 [AsyncHttpClient-1-3] DEBUG org.asynchttpclient.netty.handler.HttpHandler - 

Request DefaultHttpRequest(decodeResult: success, version: HTTP/1.1)
POST /session/cf7cce5c97bac545833d6cb874730b83/element/6efd531a-dc1b-4e93-99c8-03381b96bec1/value HTTP/1.1
User-Agent: selenium/4.1.2 (java windows)
Content-Length: 151
Content-Type: application/json; charset=utf-8
host: localhost:54776
accept: */*

Response DefaultHttpResponse(decodeResult: success, version: HTTP/1.1)
HTTP/1.1 200 OK
Content-Type: application/json; charset=utf-8
cache-control: no-cache
content-length: 14

14:57:37.726 [AsyncHttpClient-1-3] DEBUG org.asynchttpclient.netty.channel.ChannelManager - Adding key: http://localhost:54776 for channel [id: 0x2c159a9b, L:/127.0.0.1:65485 - R:localhost/127.0.0.1:54776]
14:57:37.731 [Forwarding screenshot on session cf7cce5c97bac545833d6cb874730b83 to remote] DEBUG org.asynchttpclient.netty.request.NettyRequestSender - Using pooled Channel '[id: 0x2c159a9b, L:/127.0.0.1:65485 - R:localhost/127.0.0.1:54776]' for 'GET' to 'http://localhost:54776/session/cf7cce5c97bac545833d6cb874730b83/screenshot'
14:57:37.731 [Forwarding screenshot on session cf7cce5c97bac545833d6cb874730b83 to remote] DEBUG org.asynchttpclient.netty.request.NettyRequestSender - Using open Channel [id: 0x2c159a9b, L:/127.0.0.1:65485 - R:localhost/127.0.0.1:54776] for GET '/session/cf7cce5c97bac545833d6cb874730b83/screenshot'
14:57:37.843 [AsyncHttpClient-1-3] DEBUG org.asynchttpclient.netty.handler.HttpHandler - 

Request DefaultFullHttpRequest(decodeResult: success, version: HTTP/1.1, content: EmptyByteBufBE)
GET /session/cf7cce5c97bac545833d6cb874730b83/screenshot HTTP/1.1
User-Agent: selenium/4.1.2 (java windows)
Cache-Control: no-cache
Content-Type: application/json; charset=utf-8
host: localhost:54776
accept: */*

Response DefaultHttpResponse(decodeResult: success, version: HTTP/1.1)
HTTP/1.1 200 OK
Content-Type: application/json; charset=utf-8
cache-control: no-cache
content-length: 31292

14:57:37.843 [AsyncHttpClient-1-3] DEBUG org.asynchttpclient.netty.channel.ChannelManager - Adding key: http://localhost:54776 for channel [id: 0x2c159a9b, L:/127.0.0.1:65485 - R:localhost/127.0.0.1:54776]
14:57:37.844 [main] DEBUG net.serenitybdd.core.photography.Darkroom - Send negative for processing for target\site\serenity\759a14ada9658ddc52089772053e3fa2f2b76aa4c311d4ea5ed72ac01a983b05.png
14:57:37.844 [main] DEBUG net.thucydides.core.steps.StepInterceptor - STEP DONE: inputFullName
  &amp#27;[32mWhen &amp#27;[0m&amp#27;[32mI input &amp#27;[0m&amp#27;[32m&amp#27;[1m"Hakim01"&amp#27;[0m&amp#27;[32m fullName&amp#27;[0m        &amp#27;[90m# Starter.StepDefinitions.RegisterStep.iInputFullName(java.lang.String)&amp#27;[0m
14:57:37.844 [Darkroom Processing Line] DEBUG net.serenitybdd.core.photography.DarkroomProcessingLine - Processing screenshot image in /var/screenshots/screenshot-11098289155987963961
14:57:37.844 [Darkroom Processing Line] DEBUG net.serenitybdd.core.photography.DarkroomProcessingLine - Saving screenshot to target\site\serenity\759a14ada9658ddc52089772053e3fa2f2b76aa4c311d4ea5ed72ac01a983b05.png
14:57:37.854 [main] DEBUG net.thucydides.core.steps.StepInterceptor - STARTING STEP: RegisterStep.iInputEmail - inputEmail
14:57:37.855 [Forwarding findElement on session cf7cce5c97bac545833d6cb874730b83 to remote] DEBUG org.asynchttpclient.netty.request.NettyRequestSender - Using pooled Channel '[id: 0x2c159a9b, L:/127.0.0.1:65485 - R:localhost/127.0.0.1:54776]' for 'POST' to 'http://localhost:54776/session/cf7cce5c97bac545833d6cb874730b83/element'
14:57:37.855 [Forwarding findElement on session cf7cce5c97bac545833d6cb874730b83 to remote] DEBUG org.asynchttpclient.netty.request.NettyRequestSender - Using open Channel [id: 0x2c159a9b, L:/127.0.0.1:65485 - R:localhost/127.0.0.1:54776] for POST '/session/cf7cce5c97bac545833d6cb874730b83/element'
14:57:37.866 [AsyncHttpClient-1-3] DEBUG org.asynchttpclient.netty.handler.HttpHandler - 

Request DefaultHttpRequest(decodeResult: success, version: HTTP/1.1)
POST /session/cf7cce5c97bac545833d6cb874730b83/element HTTP/1.1
User-Agent: selenium/4.1.2 (java windows)
Content-Length: 91
Content-Type: application/json; charset=utf-8
host: localhost:54776
accept: */*

Response DefaultHttpResponse(decodeResult: success, version: HTTP/1.1)
HTTP/1.1 200 OK
Content-Type: application/json; charset=utf-8
cache-control: no-cache
content-length: 88

14:57:37.867 [AsyncHttpClient-1-3] DEBUG org.asynchttpclient.netty.channel.ChannelManager - Adding key: http://localhost:54776 for channel [id: 0x2c159a9b, L:/127.0.0.1:65485 - R:localhost/127.0.0.1:54776]
14:57:37.868 [Forwarding clearElement on session cf7cce5c97bac545833d6cb874730b83 to remote] DEBUG org.asynchttpclient.netty.request.NettyRequestSender - Using pooled Channel '[id: 0x2c159a9b, L:/127.0.0.1:65485 - R:localhost/127.0.0.1:54776]' for 'POST' to 'http://localhost:54776/session/cf7cce5c97bac545833d6cb874730b83/element/07119ef6-9772-43b4-9aca-4a615719a5af/clear'
14:57:37.868 [Forwarding clearElement on session cf7cce5c97bac545833d6cb874730b83 to remote] DEBUG org.asynchttpclient.netty.request.NettyRequestSender - Using open Channel [id: 0x2c159a9b, L:/127.0.0.1:65485 - R:localhost/127.0.0.1:54776] for POST '/session/cf7cce5c97bac545833d6cb874730b83/element/07119ef6-9772-43b4-9aca-4a615719a5af/clear'
14:57:37.893 [AsyncHttpClient-1-3] DEBUG org.asynchttpclient.netty.handler.HttpHandler - 

Request DefaultHttpRequest(decodeResult: success, version: HTTP/1.1)
POST /session/cf7cce5c97bac545833d6cb874730b83/element/07119ef6-9772-43b4-9aca-4a615719a5af/clear HTTP/1.1
User-Agent: selenium/4.1.2 (java windows)
Content-Length: 50
Content-Type: application/json; charset=utf-8
host: localhost:54776
accept: */*

Response DefaultHttpResponse(decodeResult: success, version: HTTP/1.1)
HTTP/1.1 200 OK
Content-Type: application/json; charset=utf-8
cache-control: no-cache
content-length: 14

14:57:37.893 [AsyncHttpClient-1-3] DEBUG org.asynchttpclient.netty.channel.ChannelManager - Adding key: http://localhost:54776 for channel [id: 0x2c159a9b, L:/127.0.0.1:65485 - R:localhost/127.0.0.1:54776]
14:57:37.895 [Forwarding sendKeysToElement on session cf7cce5c97bac545833d6cb874730b83 to remote] DEBUG org.asynchttpclient.netty.request.NettyRequestSender - Using pooled Channel '[id: 0x2c159a9b, L:/127.0.0.1:65485 - R:localhost/127.0.0.1:54776]' for 'POST' to 'http://localhost:54776/session/cf7cce5c97bac545833d6cb874730b83/element/07119ef6-9772-43b4-9aca-4a615719a5af/value'
14:57:37.895 [Forwarding sendKeysToElement on session cf7cce5c97bac545833d6cb874730b83 to remote] DEBUG org.asynchttpclient.netty.request.NettyRequestSender - Using open Channel [id: 0x2c159a9b, L:/127.0.0.1:65485 - R:localhost/127.0.0.1:54776] for POST '/session/cf7cce5c97bac545833d6cb874730b83/element/07119ef6-9772-43b4-9aca-4a615719a5af/value'
14:57:38.006 [AsyncHttpClient-1-3] DEBUG org.asynchttpclient.netty.handler.HttpHandler - 

Request DefaultHttpRequest(decodeResult: success, version: HTTP/1.1)
POST /session/cf7cce5c97bac545833d6cb874730b83/element/07119ef6-9772-43b4-9aca-4a615719a5af/value HTTP/1.1
User-Agent: selenium/4.1.2 (java windows)
Content-Length: 261
Content-Type: application/json; charset=utf-8
host: localhost:54776
accept: */*

Response DefaultHttpResponse(decodeResult: success, version: HTTP/1.1)
HTTP/1.1 200 OK
Content-Type: application/json; charset=utf-8
cache-control: no-cache
content-length: 14

14:57:38.006 [AsyncHttpClient-1-3] DEBUG org.asynchttpclient.netty.channel.ChannelManager - Adding key: http://localhost:54776 for channel [id: 0x2c159a9b, L:/127.0.0.1:65485 - R:localhost/127.0.0.1:54776]
14:57:38.014 [Forwarding screenshot on session cf7cce5c97bac545833d6cb874730b83 to remote] DEBUG org.asynchttpclient.netty.request.NettyRequestSender - Using pooled Channel '[id: 0x2c159a9b, L:/127.0.0.1:65485 - R:localhost/127.0.0.1:54776]' for 'GET' to 'http://localhost:54776/session/cf7cce5c97bac545833d6cb874730b83/screenshot'
14:57:38.014 [Forwarding screenshot on session cf7cce5c97bac545833d6cb874730b83 to remote] DEBUG org.asynchttpclient.netty.request.NettyRequestSender - Using open Channel [id: 0x2c159a9b, L:/127.0.0.1:65485 - R:localhost/127.0.0.1:54776] for GET '/session/cf7cce5c97bac545833d6cb874730b83/screenshot'
14:57:38.186 [AsyncHttpClient-1-3] DEBUG org.asynchttpclient.netty.handler.HttpHandler - 

Request DefaultFullHttpRequest(decodeResult: success, version: HTTP/1.1, content: EmptyByteBufBE)
GET /session/cf7cce5c97bac545833d6cb874730b83/screenshot HTTP/1.1
User-Agent: selenium/4.1.2 (java windows)
Cache-Control: no-cache
Content-Type: application/json; charset=utf-8
host: localhost:54776
accept: */*

Response DefaultHttpResponse(decodeResult: success, version: HTTP/1.1)
HTTP/1.1 200 OK
Content-Type: application/json; charset=utf-8
cache-control: no-cache
content-length: 34336

14:57:38.186 [AsyncHttpClient-1-3] DEBUG org.asynchttpclient.netty.channel.ChannelManager - Adding key: http://localhost:54776 for channel [id: 0x2c159a9b, L:/127.0.0.1:65485 - R:localhost/127.0.0.1:54776]
14:57:38.187 [main] DEBUG net.serenitybdd.core.photography.Darkroom - Send negative for processing for target\site\serenity\007a5a6b5e1c9f1737c2d97e249a26009cb77815da018bfc4af4fcb48d79c82f.png
14:57:38.187 [main] DEBUG net.thucydides.core.steps.StepInterceptor - STEP DONE: inputEmail
  &amp#27;[32mAnd &amp#27;[0m&amp#27;[32mI input &amp#27;[0m&amp#27;[32m&amp#27;[1m"hakim001@gmail.com"&amp#27;[0m&amp#27;[32m Email&amp#27;[0m &amp#27;[90m# Starter.StepDefinitions.RegisterStep.iInputEmail(java.lang.String)&amp#27;[0m
14:57:38.187 [Darkroom Processing Line] DEBUG net.serenitybdd.core.photography.DarkroomProcessingLine - Processing screenshot image in /var/screenshots/screenshot-3233687478523881612
14:57:38.187 [Darkroom Processing Line] DEBUG net.serenitybdd.core.photography.DarkroomProcessingLine - Saving screenshot to target\site\serenity\007a5a6b5e1c9f1737c2d97e249a26009cb77815da018bfc4af4fcb48d79c82f.png
14:57:38.201 [main] DEBUG net.thucydides.core.steps.StepInterceptor - STARTING STEP: RegisterStep.iInputPassword - inputPassword
14:57:38.203 [Forwarding findElement on session cf7cce5c97bac545833d6cb874730b83 to remote] DEBUG org.asynchttpclient.netty.request.NettyRequestSender - Using pooled Channel '[id: 0x2c159a9b, L:/127.0.0.1:65485 - R:localhost/127.0.0.1:54776]' for 'POST' to 'http://localhost:54776/session/cf7cce5c97bac545833d6cb874730b83/element'
14:57:38.203 [Forwarding findElement on session cf7cce5c97bac545833d6cb874730b83 to remote] DEBUG org.asynchttpclient.netty.request.NettyRequestSender - Using open Channel [id: 0x2c159a9b, L:/127.0.0.1:65485 - R:localhost/127.0.0.1:54776] for POST '/session/cf7cce5c97bac545833d6cb874730b83/element'
14:57:38.218 [AsyncHttpClient-1-3] DEBUG org.asynchttpclient.netty.handler.HttpHandler - 

Request DefaultHttpRequest(decodeResult: success, version: HTTP/1.1)
POST /session/cf7cce5c97bac545833d6cb874730b83/element HTTP/1.1
User-Agent: selenium/4.1.2 (java windows)
Content-Length: 94
Content-Type: application/json; charset=utf-8
host: localhost:54776
accept: */*

Response DefaultHttpResponse(decodeResult: success, version: HTTP/1.1)
HTTP/1.1 200 OK
Content-Type: application/json; charset=utf-8
cache-control: no-cache
content-length: 88

14:57:38.218 [AsyncHttpClient-1-3] DEBUG org.asynchttpclient.netty.channel.ChannelManager - Adding key: http://localhost:54776 for channel [id: 0x2c159a9b, L:/127.0.0.1:65485 - R:localhost/127.0.0.1:54776]
14:57:38.219 [Forwarding clearElement on session cf7cce5c97bac545833d6cb874730b83 to remote] DEBUG org.asynchttpclient.netty.request.NettyRequestSender - Using pooled Channel '[id: 0x2c159a9b, L:/127.0.0.1:65485 - R:localhost/127.0.0.1:54776]' for 'POST' to 'http://localhost:54776/session/cf7cce5c97bac545833d6cb874730b83/element/084d0e12-dfe2-4769-890e-88351937458f/clear'
14:57:38.219 [Forwarding clearElement on session cf7cce5c97bac545833d6cb874730b83 to remote] DEBUG org.asynchttpclient.netty.request.NettyRequestSender - Using open Channel [id: 0x2c159a9b, L:/127.0.0.1:65485 - R:localhost/127.0.0.1:54776] for POST '/session/cf7cce5c97bac545833d6cb874730b83/element/084d0e12-dfe2-4769-890e-88351937458f/clear'
14:57:38.254 [AsyncHttpClient-1-3] DEBUG org.asynchttpclient.netty.handler.HttpHandler - 

Request DefaultHttpRequest(decodeResult: success, version: HTTP/1.1)
POST /session/cf7cce5c97bac545833d6cb874730b83/element/084d0e12-dfe2-4769-890e-88351937458f/clear HTTP/1.1
User-Agent: selenium/4.1.2 (java windows)
Content-Length: 50
Content-Type: application/json; charset=utf-8
host: localhost:54776
accept: */*

Response DefaultHttpResponse(decodeResult: success, version: HTTP/1.1)
HTTP/1.1 200 OK
Content-Type: application/json; charset=utf-8
cache-control: no-cache
content-length: 14

14:57:38.254 [AsyncHttpClient-1-3] DEBUG org.asynchttpclient.netty.channel.ChannelManager - Adding key: http://localhost:54776 for channel [id: 0x2c159a9b, L:/127.0.0.1:65485 - R:localhost/127.0.0.1:54776]
14:57:38.256 [Forwarding sendKeysToElement on session cf7cce5c97bac545833d6cb874730b83 to remote] DEBUG org.asynchttpclient.netty.request.NettyRequestSender - Using pooled Channel '[id: 0x2c159a9b, L:/127.0.0.1:65485 - R:localhost/127.0.0.1:54776]' for 'POST' to 'http://localhost:54776/session/cf7cce5c97bac545833d6cb874730b83/element/084d0e12-dfe2-4769-890e-88351937458f/value'
14:57:38.256 [Forwarding sendKeysToElement on session cf7cce5c97bac545833d6cb874730b83 to remote] DEBUG org.asynchttpclient.netty.request.NettyRequestSender - Using open Channel [id: 0x2c159a9b, L:/127.0.0.1:65485 - R:localhost/127.0.0.1:54776] for POST '/session/cf7cce5c97bac545833d6cb874730b83/element/084d0e12-dfe2-4769-890e-88351937458f/value'
14:57:38.292 [AsyncHttpClient-1-3] DEBUG org.asynchttpclient.netty.handler.HttpHandler - 

Request DefaultHttpRequest(decodeResult: success, version: HTTP/1.1)
POST /session/cf7cce5c97bac545833d6cb874730b83/element/084d0e12-dfe2-4769-890e-88351937458f/value HTTP/1.1
User-Agent: selenium/4.1.2 (java windows)
Content-Length: 82
Content-Type: application/json; charset=utf-8
host: localhost:54776
accept: */*

Response DefaultHttpResponse(decodeResult: success, version: HTTP/1.1)
HTTP/1.1 200 OK
Content-Type: application/json; charset=utf-8
cache-control: no-cache
content-length: 14

14:57:38.292 [AsyncHttpClient-1-3] DEBUG org.asynchttpclient.netty.channel.ChannelManager - Adding key: http://localhost:54776 for channel [id: 0x2c159a9b, L:/127.0.0.1:65485 - R:localhost/127.0.0.1:54776]
14:57:38.300 [Forwarding screenshot on session cf7cce5c97bac545833d6cb874730b83 to remote] DEBUG org.asynchttpclient.netty.request.NettyRequestSender - Using pooled Channel '[id: 0x2c159a9b, L:/127.0.0.1:65485 - R:localhost/127.0.0.1:54776]' for 'GET' to 'http://localhost:54776/session/cf7cce5c97bac545833d6cb874730b83/screenshot'
14:57:38.300 [Forwarding screenshot on session cf7cce5c97bac545833d6cb874730b83 to remote] DEBUG org.asynchttpclient.netty.request.NettyRequestSender - Using open Channel [id: 0x2c159a9b, L:/127.0.0.1:65485 - R:localhost/127.0.0.1:54776] for GET '/session/cf7cce5c97bac545833d6cb874730b83/screenshot'
14:57:38.401 [AsyncHttpClient-1-1] DEBUG org.asynchttpclient.netty.channel.DefaultChannelPool - Entry count for : http://localhost:65487 : 1
14:57:38.473 [AsyncHttpClient-1-3] DEBUG org.asynchttpclient.netty.handler.HttpHandler - 

Request DefaultFullHttpRequest(decodeResult: success, version: HTTP/1.1, content: EmptyByteBufBE)
GET /session/cf7cce5c97bac545833d6cb874730b83/screenshot HTTP/1.1
User-Agent: selenium/4.1.2 (java windows)
Cache-Control: no-cache
Content-Type: application/json; charset=utf-8
host: localhost:54776
accept: */*

Response DefaultHttpResponse(decodeResult: success, version: HTTP/1.1)
HTTP/1.1 200 OK
Content-Type: application/json; charset=utf-8
cache-control: no-cache
content-length: 33572

14:57:38.473 [AsyncHttpClient-1-3] DEBUG org.asynchttpclient.netty.channel.ChannelManager - Adding key: http://localhost:54776 for channel [id: 0x2c159a9b, L:/127.0.0.1:65485 - R:localhost/127.0.0.1:54776]
14:57:38.473 [main] DEBUG net.serenitybdd.core.photography.Darkroom - Send negative for processing for target\site\serenity\35061df216baee803df5d11781a728a3ce894c3b609c020aba9d68159ab4e7fe.png
14:57:38.474 [main] DEBUG net.thucydides.core.steps.StepInterceptor - STEP DONE: inputPassword
14:57:38.474 [Darkroom Processing Line] DEBUG net.serenitybdd.core.photography.DarkroomProcessingLine - Processing screenshot image in /var/screenshots/screenshot-1529885474597091316
14:57:38.474 [Darkroom Processing Line] DEBUG net.serenitybdd.core.photography.DarkroomProcessingLine - Saving screenshot to target\site\serenity\35061df216baee803df5d11781a728a3ce894c3b609c020aba9d68159ab4e7fe.png
  &amp#27;[32mAnd &amp#27;[0m&amp#27;[32mI input &amp#27;[0m&amp#27;[32m&amp#27;[1m""&amp#27;[0m&amp#27;[32m Password&amp#27;[0m                &amp#27;[90m# Starter.StepDefinitions.RegisterStep.iInputPassword(java.lang.String)&amp#27;[0m
14:57:38.486 [main] DEBUG net.thucydides.core.steps.StepInterceptor - STARTING STEP: RegisterStep.clickRegisterButton - scrollTo
14:57:38.488 [Forwarding findElement on session cf7cce5c97bac545833d6cb874730b83 to remote] DEBUG org.asynchttpclient.netty.request.NettyRequestSender - Using pooled Channel '[id: 0x2c159a9b, L:/127.0.0.1:65485 - R:localhost/127.0.0.1:54776]' for 'POST' to 'http://localhost:54776/session/cf7cce5c97bac545833d6cb874730b83/element'
14:57:38.488 [Forwarding findElement on session cf7cce5c97bac545833d6cb874730b83 to remote] DEBUG org.asynchttpclient.netty.request.NettyRequestSender - Using open Channel [id: 0x2c159a9b, L:/127.0.0.1:65485 - R:localhost/127.0.0.1:54776] for POST '/session/cf7cce5c97bac545833d6cb874730b83/element'
14:57:38.500 [AsyncHttpClient-1-3] DEBUG org.asynchttpclient.netty.handler.HttpHandler - 

Request DefaultHttpRequest(decodeResult: success, version: HTTP/1.1)
POST /session/cf7cce5c97bac545833d6cb874730b83/element HTTP/1.1
User-Agent: selenium/4.1.2 (java windows)
Content-Length: 73
Content-Type: application/json; charset=utf-8
host: localhost:54776
accept: */*

Response DefaultHttpResponse(decodeResult: success, version: HTTP/1.1)
HTTP/1.1 200 OK
Content-Type: application/json; charset=utf-8
cache-control: no-cache
content-length: 88

14:57:38.500 [AsyncHttpClient-1-3] DEBUG org.asynchttpclient.netty.channel.ChannelManager - Adding key: http://localhost:54776 for channel [id: 0x2c159a9b, L:/127.0.0.1:65485 - R:localhost/127.0.0.1:54776]
14:57:38.501 [Forwarding actions on session cf7cce5c97bac545833d6cb874730b83 to remote] DEBUG org.asynchttpclient.netty.request.NettyRequestSender - Using pooled Channel '[id: 0x2c159a9b, L:/127.0.0.1:65485 - R:localhost/127.0.0.1:54776]' for 'POST' to 'http://localhost:54776/session/cf7cce5c97bac545833d6cb874730b83/actions'
14:57:38.501 [Forwarding actions on session cf7cce5c97bac545833d6cb874730b83 to remote] DEBUG org.asynchttpclient.netty.request.NettyRequestSender - Using open Channel [id: 0x2c159a9b, L:/127.0.0.1:65485 - R:localhost/127.0.0.1:54776] for POST '/session/cf7cce5c97bac545833d6cb874730b83/actions'
14:57:38.633 [AsyncHttpClient-1-3] DEBUG org.asynchttpclient.netty.handler.HttpHandler - 

Request DefaultHttpRequest(decodeResult: success, version: HTTP/1.1)
POST /session/cf7cce5c97bac545833d6cb874730b83/actions HTTP/1.1
User-Agent: selenium/4.1.2 (java windows)
Content-Length: 480
Content-Type: application/json; charset=utf-8
host: localhost:54776
accept: */*

Response DefaultHttpResponse(decodeResult: success, version: HTTP/1.1)
HTTP/1.1 200 OK
Content-Type: application/json; charset=utf-8
cache-control: no-cache
content-length: 14

14:57:38.634 [AsyncHttpClient-1-3] DEBUG org.asynchttpclient.netty.channel.ChannelManager - Adding key: http://localhost:54776 for channel [id: 0x2c159a9b, L:/127.0.0.1:65485 - R:localhost/127.0.0.1:54776]
14:57:38.640 [Forwarding screenshot on session cf7cce5c97bac545833d6cb874730b83 to remote] DEBUG org.asynchttpclient.netty.request.NettyRequestSender - Using pooled Channel '[id: 0x2c159a9b, L:/127.0.0.1:65485 - R:localhost/127.0.0.1:54776]' for 'GET' to 'http://localhost:54776/session/cf7cce5c97bac545833d6cb874730b83/screenshot'
14:57:38.640 [Forwarding screenshot on session cf7cce5c97bac545833d6cb874730b83 to remote] DEBUG org.asynchttpclient.netty.request.NettyRequestSender - Using open Channel [id: 0x2c159a9b, L:/127.0.0.1:65485 - R:localhost/127.0.0.1:54776] for GET '/session/cf7cce5c97bac545833d6cb874730b83/screenshot'
14:57:38.793 [AsyncHttpClient-1-3] DEBUG org.asynchttpclient.netty.handler.HttpHandler - 

Request DefaultFullHttpRequest(decodeResult: success, version: HTTP/1.1, content: EmptyByteBufBE)
GET /session/cf7cce5c97bac545833d6cb874730b83/screenshot HTTP/1.1
User-Agent: selenium/4.1.2 (java windows)
Cache-Control: no-cache
Content-Type: application/json; charset=utf-8
host: localhost:54776
accept: */*

Response DefaultHttpResponse(decodeResult: success, version: HTTP/1.1)
HTTP/1.1 200 OK
Content-Type: application/json; charset=utf-8
cache-control: no-cache
content-length: 32600

14:57:38.793 [AsyncHttpClient-1-3] DEBUG org.asynchttpclient.netty.channel.ChannelManager - Adding key: http://localhost:54776 for channel [id: 0x2c159a9b, L:/127.0.0.1:65485 - R:localhost/127.0.0.1:54776]
14:57:38.795 [main] DEBUG net.serenitybdd.core.photography.Darkroom - Send negative for processing for target\site\serenity\b24246f948bfe99bb075cf2e0076c3a98944cd48333ca34db2fe99dc397b0013.png
14:57:38.795 [main] DEBUG net.thucydides.core.steps.StepInterceptor - STEP DONE: scrollTo
14:57:38.795 [Darkroom Processing Line] DEBUG net.serenitybdd.core.photography.DarkroomProcessingLine - Processing screenshot image in /var/screenshots/screenshot-15709749942484159702
14:57:38.795 [Darkroom Processing Line] DEBUG net.serenitybdd.core.photography.DarkroomProcessingLine - Saving screenshot to target\site\serenity\b24246f948bfe99bb075cf2e0076c3a98944cd48333ca34db2fe99dc397b0013.png
14:57:38.800 [main] DEBUG net.thucydides.core.steps.StepInterceptor - STARTING STEP: RegisterStep.clickRegisterButton - clickRegisterButton
14:57:38.803 [Forwarding findElement on session cf7cce5c97bac545833d6cb874730b83 to remote] DEBUG org.asynchttpclient.netty.request.NettyRequestSender - Using pooled Channel '[id: 0x2c159a9b, L:/127.0.0.1:65485 - R:localhost/127.0.0.1:54776]' for 'POST' to 'http://localhost:54776/session/cf7cce5c97bac545833d6cb874730b83/element'
14:57:38.803 [Forwarding findElement on session cf7cce5c97bac545833d6cb874730b83 to remote] DEBUG org.asynchttpclient.netty.request.NettyRequestSender - Using open Channel [id: 0x2c159a9b, L:/127.0.0.1:65485 - R:localhost/127.0.0.1:54776] for POST '/session/cf7cce5c97bac545833d6cb874730b83/element'
14:57:38.809 [AsyncHttpClient-1-3] DEBUG org.asynchttpclient.netty.handler.HttpHandler - 

Request DefaultHttpRequest(decodeResult: success, version: HTTP/1.1)
POST /session/cf7cce5c97bac545833d6cb874730b83/element HTTP/1.1
User-Agent: selenium/4.1.2 (java windows)
Content-Length: 164
Content-Type: application/json; charset=utf-8
host: localhost:54776
accept: */*

Response DefaultHttpResponse(decodeResult: success, version: HTTP/1.1)
HTTP/1.1 200 OK
Content-Type: application/json; charset=utf-8
cache-control: no-cache
content-length: 88

14:57:38.809 [AsyncHttpClient-1-3] DEBUG org.asynchttpclient.netty.channel.ChannelManager - Adding key: http://localhost:54776 for channel [id: 0x2c159a9b, L:/127.0.0.1:65485 - R:localhost/127.0.0.1:54776]
14:57:38.811 [Forwarding getElementTagName on session cf7cce5c97bac545833d6cb874730b83 to remote] DEBUG org.asynchttpclient.netty.request.NettyRequestSender - Using pooled Channel '[id: 0x2c159a9b, L:/127.0.0.1:65485 - R:localhost/127.0.0.1:54776]' for 'GET' to 'http://localhost:54776/session/cf7cce5c97bac545833d6cb874730b83/element/fec1aa49-ee8e-4213-be4f-9e0754801566/name'
14:57:38.811 [Forwarding getElementTagName on session cf7cce5c97bac545833d6cb874730b83 to remote] DEBUG org.asynchttpclient.netty.request.NettyRequestSender - Using open Channel [id: 0x2c159a9b, L:/127.0.0.1:65485 - R:localhost/127.0.0.1:54776] for GET '/session/cf7cce5c97bac545833d6cb874730b83/element/fec1aa49-ee8e-4213-be4f-9e0754801566/name'
14:57:38.816 [AsyncHttpClient-1-3] DEBUG org.asynchttpclient.netty.handler.HttpHandler - 

Request DefaultFullHttpRequest(decodeResult: success, version: HTTP/1.1, content: EmptyByteBufBE)
GET /session/cf7cce5c97bac545833d6cb874730b83/element/fec1aa49-ee8e-4213-be4f-9e0754801566/name HTTP/1.1
User-Agent: selenium/4.1.2 (java windows)
Cache-Control: no-cache
Content-Type: application/json; charset=utf-8
host: localhost:54776
accept: */*

Response DefaultHttpResponse(decodeResult: success, version: HTTP/1.1)
HTTP/1.1 200 OK
Content-Type: application/json; charset=utf-8
cache-control: no-cache
content-length: 16

14:57:38.817 [AsyncHttpClient-1-3] DEBUG org.asynchttpclient.netty.channel.ChannelManager - Adding key: http://localhost:54776 for channel [id: 0x2c159a9b, L:/127.0.0.1:65485 - R:localhost/127.0.0.1:54776]
14:57:38.818 [Forwarding getElementTagName on session cf7cce5c97bac545833d6cb874730b83 to remote] DEBUG org.asynchttpclient.netty.request.NettyRequestSender - Using pooled Channel '[id: 0x2c159a9b, L:/127.0.0.1:65485 - R:localhost/127.0.0.1:54776]' for 'GET' to 'http://localhost:54776/session/cf7cce5c97bac545833d6cb874730b83/element/fec1aa49-ee8e-4213-be4f-9e0754801566/name'
14:57:38.818 [Forwarding getElementTagName on session cf7cce5c97bac545833d6cb874730b83 to remote] DEBUG org.asynchttpclient.netty.request.NettyRequestSender - Using open Channel [id: 0x2c159a9b, L:/127.0.0.1:65485 - R:localhost/127.0.0.1:54776] for GET '/session/cf7cce5c97bac545833d6cb874730b83/element/fec1aa49-ee8e-4213-be4f-9e0754801566/name'
14:57:38.822 [AsyncHttpClient-1-3] DEBUG org.asynchttpclient.netty.handler.HttpHandler - 

Request DefaultFullHttpRequest(decodeResult: success, version: HTTP/1.1, content: EmptyByteBufBE)
GET /session/cf7cce5c97bac545833d6cb874730b83/element/fec1aa49-ee8e-4213-be4f-9e0754801566/name HTTP/1.1
User-Agent: selenium/4.1.2 (java windows)
Cache-Control: no-cache
Content-Type: application/json; charset=utf-8
host: localhost:54776
accept: */*

Response DefaultHttpResponse(decodeResult: success, version: HTTP/1.1)
HTTP/1.1 200 OK
Content-Type: application/json; charset=utf-8
cache-control: no-cache
content-length: 16

14:57:38.822 [AsyncHttpClient-1-3] DEBUG org.asynchttpclient.netty.channel.ChannelManager - Adding key: http://localhost:54776 for channel [id: 0x2c159a9b, L:/127.0.0.1:65485 - R:localhost/127.0.0.1:54776]
14:57:38.824 [Forwarding findElement on session cf7cce5c97bac545833d6cb874730b83 to remote] DEBUG org.asynchttpclient.netty.request.NettyRequestSender - Using pooled Channel '[id: 0x2c159a9b, L:/127.0.0.1:65485 - R:localhost/127.0.0.1:54776]' for 'POST' to 'http://localhost:54776/session/cf7cce5c97bac545833d6cb874730b83/element'
14:57:38.824 [Forwarding findElement on session cf7cce5c97bac545833d6cb874730b83 to remote] DEBUG org.asynchttpclient.netty.request.NettyRequestSender - Using open Channel [id: 0x2c159a9b, L:/127.0.0.1:65485 - R:localhost/127.0.0.1:54776] for POST '/session/cf7cce5c97bac545833d6cb874730b83/element'
14:57:38.833 [AsyncHttpClient-1-3] DEBUG org.asynchttpclient.netty.handler.HttpHandler - 

Request DefaultHttpRequest(decodeResult: success, version: HTTP/1.1)
POST /session/cf7cce5c97bac545833d6cb874730b83/element HTTP/1.1
User-Agent: selenium/4.1.2 (java windows)
Content-Length: 164
Content-Type: application/json; charset=utf-8
host: localhost:54776
accept: */*

Response DefaultHttpResponse(decodeResult: success, version: HTTP/1.1)
HTTP/1.1 200 OK
Content-Type: application/json; charset=utf-8
cache-control: no-cache
content-length: 88

14:57:38.833 [AsyncHttpClient-1-3] DEBUG org.asynchttpclient.netty.channel.ChannelManager - Adding key: http://localhost:54776 for channel [id: 0x2c159a9b, L:/127.0.0.1:65485 - R:localhost/127.0.0.1:54776]
14:57:38.834 [Forwarding clickElement on session cf7cce5c97bac545833d6cb874730b83 to remote] DEBUG org.asynchttpclient.netty.request.NettyRequestSender - Using pooled Channel '[id: 0x2c159a9b, L:/127.0.0.1:65485 - R:localhost/127.0.0.1:54776]' for 'POST' to 'http://localhost:54776/session/cf7cce5c97bac545833d6cb874730b83/element/fec1aa49-ee8e-4213-be4f-9e0754801566/click'
14:57:38.834 [Forwarding clickElement on session cf7cce5c97bac545833d6cb874730b83 to remote] DEBUG org.asynchttpclient.netty.request.NettyRequestSender - Using open Channel [id: 0x2c159a9b, L:/127.0.0.1:65485 - R:localhost/127.0.0.1:54776] for POST '/session/cf7cce5c97bac545833d6cb874730b83/element/fec1aa49-ee8e-4213-be4f-9e0754801566/click'
14:57:38.880 [AsyncHttpClient-1-3] DEBUG org.asynchttpclient.netty.handler.HttpHandler - 

Request DefaultHttpRequest(decodeResult: success, version: HTTP/1.1)
POST /session/cf7cce5c97bac545833d6cb874730b83/element/fec1aa49-ee8e-4213-be4f-9e0754801566/click HTTP/1.1
User-Agent: selenium/4.1.2 (java windows)
Content-Length: 50
Content-Type: application/json; charset=utf-8
host: localhost:54776
accept: */*

Response DefaultHttpResponse(decodeResult: success, version: HTTP/1.1)
HTTP/1.1 200 OK
Content-Type: application/json; charset=utf-8
cache-control: no-cache
content-length: 14

14:57:38.880 [AsyncHttpClient-1-3] DEBUG org.asynchttpclient.netty.channel.ChannelManager - Adding key: http://localhost:54776 for channel [id: 0x2c159a9b, L:/127.0.0.1:65485 - R:localhost/127.0.0.1:54776]
14:57:38.886 [Forwarding screenshot on session cf7cce5c97bac545833d6cb874730b83 to remote] DEBUG org.asynchttpclient.netty.request.NettyRequestSender - Using pooled Channel '[id: 0x2c159a9b, L:/127.0.0.1:65485 - R:localhost/127.0.0.1:54776]' for 'GET' to 'http://localhost:54776/session/cf7cce5c97bac545833d6cb874730b83/screenshot'
14:57:38.886 [Forwarding screenshot on session cf7cce5c97bac545833d6cb874730b83 to remote] DEBUG org.asynchttpclient.netty.request.NettyRequestSender - Using open Channel [id: 0x2c159a9b, L:/127.0.0.1:65485 - R:localhost/127.0.0.1:54776] for GET '/session/cf7cce5c97bac545833d6cb874730b83/screenshot'
14:57:38.996 [AsyncHttpClient-1-3] DEBUG org.asynchttpclient.netty.handler.HttpHandler - 

Request DefaultFullHttpRequest(decodeResult: success, version: HTTP/1.1, content: EmptyByteBufBE)
GET /session/cf7cce5c97bac545833d6cb874730b83/screenshot HTTP/1.1
User-Agent: selenium/4.1.2 (java windows)
Cache-Control: no-cache
Content-Type: application/json; charset=utf-8
host: localhost:54776
accept: */*

Response DefaultHttpResponse(decodeResult: success, version: HTTP/1.1)
HTTP/1.1 200 OK
Content-Type: application/json; charset=utf-8
cache-control: no-cache
content-length: 33720

14:57:38.997 [AsyncHttpClient-1-3] DEBUG org.asynchttpclient.netty.channel.ChannelManager - Adding key: http://localhost:54776 for channel [id: 0x2c159a9b, L:/127.0.0.1:65485 - R:localhost/127.0.0.1:54776]
14:57:38.999 [main] DEBUG net.serenitybdd.core.photography.Darkroom - Send negative for processing for target\site\serenity\dec458190272be5ba6ea23df618e7eaf1ae88194679a65fc138f3809ca9e442c.png
14:57:38.999 [main] DEBUG net.thucydides.core.steps.StepInterceptor - STEP DONE: clickRegisterButton
14:57:38.999 [Darkroom Processing Line] DEBUG net.serenitybdd.core.photography.DarkroomProcessingLine - Processing screenshot image in /var/screenshots/screenshot-5970343306888767601
14:57:38.999 [Darkroom Processing Line] DEBUG net.serenitybdd.core.photography.DarkroomProcessingLine - Saving screenshot to target\site\serenity\dec458190272be5ba6ea23df618e7eaf1ae88194679a65fc138f3809ca9e442c.png
  &amp#27;[32mAnd &amp#27;[0m&amp#27;[32mclick register button&amp#27;[0m              &amp#27;[90m# Starter.StepDefinitions.RegisterStep.clickRegisterButton()&amp#27;[0m
14:57:39.015 [main] DEBUG net.thucydides.core.steps.StepInterceptor - STARTING STEP: RegisterStep.iGetThe - errorFieldAlert
14:57:39.019 [Forwarding findElement on session cf7cce5c97bac545833d6cb874730b83 to remote] DEBUG org.asynchttpclient.netty.request.NettyRequestSender - Using pooled Channel '[id: 0x2c159a9b, L:/127.0.0.1:65485 - R:localhost/127.0.0.1:54776]' for 'POST' to 'http://localhost:54776/session/cf7cce5c97bac545833d6cb874730b83/element'
14:57:39.019 [Forwarding findElement on session cf7cce5c97bac545833d6cb874730b83 to remote] DEBUG org.asynchttpclient.netty.request.NettyRequestSender - Using open Channel [id: 0x2c159a9b, L:/127.0.0.1:65485 - R:localhost/127.0.0.1:54776] for POST '/session/cf7cce5c97bac545833d6cb874730b83/element'
14:57:39.022 [AsyncHttpClient-1-3] DEBUG org.asynchttpclient.netty.handler.HttpHandler - 

Request DefaultHttpRequest(decodeResult: success, version: HTTP/1.1)
POST /session/cf7cce5c97bac545833d6cb874730b83/element HTTP/1.1
User-Agent: selenium/4.1.2 (java windows)
Content-Length: 53
Content-Type: application/json; charset=utf-8
host: localhost:54776
accept: */*

Response DefaultHttpResponse(decodeResult: success, version: HTTP/1.1)
HTTP/1.1 400 Bad Request
Content-Type: application/json; charset=utf-8
cache-control: no-cache
content-length: 957

14:57:39.022 [AsyncHttpClient-1-3] DEBUG org.asynchttpclient.netty.channel.ChannelManager - Adding key: http://localhost:54776 for channel [id: 0x2c159a9b, L:/127.0.0.1:65485 - R:localhost/127.0.0.1:54776]
14:57:39.023 [Forwarding findElement on session cf7cce5c97bac545833d6cb874730b83 to remote] DEBUG org.asynchttpclient.netty.request.NettyRequestSender - Using pooled Channel '[id: 0x2c159a9b, L:/127.0.0.1:65485 - R:localhost/127.0.0.1:54776]' for 'POST' to 'http://localhost:54776/session/cf7cce5c97bac545833d6cb874730b83/element'
14:57:39.023 [Forwarding findElement on session cf7cce5c97bac545833d6cb874730b83 to remote] DEBUG org.asynchttpclient.netty.request.NettyRequestSender - Using open Channel [id: 0x2c159a9b, L:/127.0.0.1:65485 - R:localhost/127.0.0.1:54776] for POST '/session/cf7cce5c97bac545833d6cb874730b83/element'
14:57:39.166 [AsyncHttpClient-1-3] DEBUG org.asynchttpclient.netty.handler.HttpHandler - 

Request DefaultHttpRequest(decodeResult: success, version: HTTP/1.1)
POST /session/cf7cce5c97bac545833d6cb874730b83/element HTTP/1.1
User-Agent: selenium/4.1.2 (java windows)
Content-Length: 63
Content-Type: application/json; charset=utf-8
host: localhost:54776
accept: */*

Response DefaultHttpResponse(decodeResult: success, version: HTTP/1.1)
HTTP/1.1 200 OK
Content-Type: application/json; charset=utf-8
cache-control: no-cache
content-length: 88

14:57:39.166 [AsyncHttpClient-1-3] DEBUG org.asynchttpclient.netty.channel.ChannelManager - Adding key: http://localhost:54776 for channel [id: 0x2c159a9b, L:/127.0.0.1:65485 - R:localhost/127.0.0.1:54776]
14:57:39.167 [Forwarding isElementSelected on session cf7cce5c97bac545833d6cb874730b83 to remote] DEBUG org.asynchttpclient.netty.request.NettyRequestSender - Using pooled Channel '[id: 0x2c159a9b, L:/127.0.0.1:65485 - R:localhost/127.0.0.1:54776]' for 'GET' to 'http://localhost:54776/session/cf7cce5c97bac545833d6cb874730b83/element/4041b904-c7de-4c21-aa3d-04b7b62a153c/selected'
14:57:39.167 [Forwarding isElementSelected on session cf7cce5c97bac545833d6cb874730b83 to remote] DEBUG org.asynchttpclient.netty.request.NettyRequestSender - Using open Channel [id: 0x2c159a9b, L:/127.0.0.1:65485 - R:localhost/127.0.0.1:54776] for GET '/session/cf7cce5c97bac545833d6cb874730b83/element/4041b904-c7de-4c21-aa3d-04b7b62a153c/selected'
14:57:39.175 [AsyncHttpClient-1-3] DEBUG org.asynchttpclient.netty.handler.HttpHandler - 

Request DefaultFullHttpRequest(decodeResult: success, version: HTTP/1.1, content: EmptyByteBufBE)
GET /session/cf7cce5c97bac545833d6cb874730b83/element/4041b904-c7de-4c21-aa3d-04b7b62a153c/selected HTTP/1.1
User-Agent: selenium/4.1.2 (java windows)
Cache-Control: no-cache
Content-Type: application/json; charset=utf-8
host: localhost:54776
accept: */*

Response DefaultHttpResponse(decodeResult: success, version: HTTP/1.1)
HTTP/1.1 200 OK
Content-Type: application/json; charset=utf-8
cache-control: no-cache
content-length: 15

14:57:39.175 [AsyncHttpClient-1-3] DEBUG org.asynchttpclient.netty.channel.ChannelManager - Adding key: http://localhost:54776 for channel [id: 0x2c159a9b, L:/127.0.0.1:65485 - R:localhost/127.0.0.1:54776]
14:57:39.178 [Forwarding screenshot on session cf7cce5c97bac545833d6cb874730b83 to remote] DEBUG org.asynchttpclient.netty.request.NettyRequestSender - Using pooled Channel '[id: 0x2c159a9b, L:/127.0.0.1:65485 - R:localhost/127.0.0.1:54776]' for 'GET' to 'http://localhost:54776/session/cf7cce5c97bac545833d6cb874730b83/screenshot'
14:57:39.178 [Forwarding screenshot on session cf7cce5c97bac545833d6cb874730b83 to remote] DEBUG org.asynchttpclient.netty.request.NettyRequestSender - Using open Channel [id: 0x2c159a9b, L:/127.0.0.1:65485 - R:localhost/127.0.0.1:54776] for GET '/session/cf7cce5c97bac545833d6cb874730b83/screenshot'
14:57:39.348 [AsyncHttpClient-1-3] DEBUG org.asynchttpclient.netty.handler.HttpHandler - 

Request DefaultFullHttpRequest(decodeResult: success, version: HTTP/1.1, content: EmptyByteBufBE)
GET /session/cf7cce5c97bac545833d6cb874730b83/screenshot HTTP/1.1
User-Agent: selenium/4.1.2 (java windows)
Cache-Control: no-cache
Content-Type: application/json; charset=utf-8
host: localhost:54776
accept: */*

Response DefaultHttpResponse(decodeResult: success, version: HTTP/1.1)
HTTP/1.1 200 OK
Content-Type: application/json; charset=utf-8
cache-control: no-cache
content-length: 35192

14:57:39.348 [AsyncHttpClient-1-3] DEBUG org.asynchttpclient.netty.channel.ChannelManager - Adding key: http://localhost:54776 for channel [id: 0x2c159a9b, L:/127.0.0.1:65485 - R:localhost/127.0.0.1:54776]
14:57:39.350 [main] DEBUG net.serenitybdd.core.photography.Darkroom - Send negative for processing for target\site\serenity\a798df96a39a4536b73158532e74f9f92e32756119c64b433dfbb9fa81d48758.png
14:57:39.350 [main] DEBUG net.thucydides.core.steps.StepInterceptor - STEP DONE: errorFieldAlert
14:57:39.350 [Darkroom Processing Line] DEBUG net.serenitybdd.core.photography.DarkroomProcessingLine - Processing screenshot image in /var/screenshots/screenshot-8172521308514186744
14:57:39.350 [Darkroom Processing Line] DEBUG net.serenitybdd.core.photography.DarkroomProcessingLine - Saving screenshot to target\site\serenity\a798df96a39a4536b73158532e74f9f92e32756119c64b433dfbb9fa81d48758.png
14:57:39.354 [main] DEBUG net.thucydides.core.steps.StepInterceptor - STARTING STEP: RegisterStep.iGetThe - errorMessageAppears
14:57:39.355 [Forwarding findElement on session cf7cce5c97bac545833d6cb874730b83 to remote] DEBUG org.asynchttpclient.netty.request.NettyRequestSender - Using pooled Channel '[id: 0x2c159a9b, L:/127.0.0.1:65485 - R:localhost/127.0.0.1:54776]' for 'POST' to 'http://localhost:54776/session/cf7cce5c97bac545833d6cb874730b83/element'
14:57:39.355 [Forwarding findElement on session cf7cce5c97bac545833d6cb874730b83 to remote] DEBUG org.asynchttpclient.netty.request.NettyRequestSender - Using open Channel [id: 0x2c159a9b, L:/127.0.0.1:65485 - R:localhost/127.0.0.1:54776] for POST '/session/cf7cce5c97bac545833d6cb874730b83/element'
14:57:39.367 [AsyncHttpClient-1-3] DEBUG org.asynchttpclient.netty.handler.HttpHandler - 

Request DefaultHttpRequest(decodeResult: success, version: HTTP/1.1)
POST /session/cf7cce5c97bac545833d6cb874730b83/element HTTP/1.1
User-Agent: selenium/4.1.2 (java windows)
Content-Length: 63
Content-Type: application/json; charset=utf-8
host: localhost:54776
accept: */*

Response DefaultHttpResponse(decodeResult: success, version: HTTP/1.1)
HTTP/1.1 200 OK
Content-Type: application/json; charset=utf-8
cache-control: no-cache
content-length: 88

14:57:39.367 [AsyncHttpClient-1-3] DEBUG org.asynchttpclient.netty.channel.ChannelManager - Adding key: http://localhost:54776 for channel [id: 0x2c159a9b, L:/127.0.0.1:65485 - R:localhost/127.0.0.1:54776]
14:57:39.370 [Forwarding isElementDisplayed on session cf7cce5c97bac545833d6cb874730b83 to remote] DEBUG org.asynchttpclient.netty.request.NettyRequestSender - Using pooled Channel '[id: 0x2c159a9b, L:/127.0.0.1:65485 - R:localhost/127.0.0.1:54776]' for 'POST' to 'http://localhost:54776/session/cf7cce5c97bac545833d6cb874730b83/execute/sync'
14:57:39.370 [Forwarding isElementDisplayed on session cf7cce5c97bac545833d6cb874730b83 to remote] DEBUG org.asynchttpclient.netty.request.NettyRequestSender - Using open Channel [id: 0x2c159a9b, L:/127.0.0.1:65485 - R:localhost/127.0.0.1:54776] for POST '/session/cf7cce5c97bac545833d6cb874730b83/execute/sync'
14:57:39.383 [AsyncHttpClient-1-3] DEBUG org.asynchttpclient.netty.handler.HttpHandler - 

Request DefaultHttpRequest(decodeResult: success, version: HTTP/1.1)
POST /session/cf7cce5c97bac545833d6cb874730b83/execute/sync HTTP/1.1
User-Agent: selenium/4.1.2 (java windows)
Content-Length: 48780
Content-Type: application/json; charset=utf-8
host: localhost:54776
accept: */*

Response DefaultHttpResponse(decodeResult: success, version: HTTP/1.1)
HTTP/1.1 200 OK
Content-Type: application/json; charset=utf-8
cache-control: no-cache
content-length: 14

14:57:39.383 [AsyncHttpClient-1-3] DEBUG org.asynchttpclient.netty.channel.ChannelManager - Adding key: http://localhost:54776 for channel [id: 0x2c159a9b, L:/127.0.0.1:65485 - R:localhost/127.0.0.1:54776]
14:57:39.386 [main] DEBUG net.thucydides.core.steps.StepInterceptor - STEP DONE: errorMessageAppears
  &amp#27;[32mThen &amp#27;[0m&amp#27;[32mI Get the &amp#27;[0m&amp#27;[32m&amp#27;[1m"register page"&amp#27;[0m         &amp#27;[90m# Starter.StepDefinitions.RegisterStep.iGetThe(java.lang.String)&amp#27;[0m
14:57:39.393 [AsyncHttpClient-1-5] DEBUG org.asynchttpclient.netty.handler.WebSocketHandler - Channel Closed: [id: 0xb03fb55f, L:/127.0.0.1:65494 ! R:localhost/127.0.0.1:65487] with attribute NettyResponseFuture{currentRetry=5,
	isDone=1,
	isCancelled=0,
	asyncHandler=org.asynchttpclient.ws.WebSocketUpgradeHandler@41eb2fba,
	nettyRequest=org.asynchttpclient.netty.request.NettyRequest@3a7c6fce,
	future=java.util.concurrent.CompletableFuture@41546a76[Completed normally],
	uri=ws://localhost:65487/devtools/browser/fbbb4868-562f-441e-9480-cb527072be4c,
	keepAlive=true,
	redirectCount=0,
	timeoutsHolder=null,
	inAuth=0,
	touch=1652687856370}
14:57:39.394 [AsyncHttpClient-1-5] DEBUG org.asynchttpclient.netty.channel.ChannelManager - Closing Channel [id: 0xb03fb55f, L:/127.0.0.1:65494 ! R:localhost/127.0.0.1:65487] 
14:57:39.394 [Driver Command Executor] DEBUG org.asynchttpclient.netty.request.NettyRequestSender - Using pooled Channel '[id: 0x2c159a9b, L:/127.0.0.1:65485 - R:localhost/127.0.0.1:54776]' for 'DELETE' to 'http://localhost:54776/session/cf7cce5c97bac545833d6cb874730b83'
14:57:39.394 [Driver Command Executor] DEBUG org.asynchttpclient.netty.request.NettyRequestSender - Using open Channel [id: 0x2c159a9b, L:/127.0.0.1:65485 - R:localhost/127.0.0.1:54776] for DELETE '/session/cf7cce5c97bac545833d6cb874730b83'
14:57:39.480 [AsyncHttpClient-1-4] DEBUG org.asynchttpclient.netty.handler.HttpHandler - Unexpected I/O exception on channel [id: 0xcf0b1597, L:/127.0.0.1:65493 - R:localhost/127.0.0.1:65487]
java.net.SocketException: Connection reset
	at java.base/sun.nio.ch.SocketChannelImpl.throwConnectionReset(SocketChannelImpl.java:367)
	at java.base/sun.nio.ch.SocketChannelImpl.read(SocketChannelImpl.java:398)
	at io.netty.buffer.PooledByteBuf.setBytes(PooledByteBuf.java:258)
	at io.netty.buffer.AbstractByteBuf.writeBytes(AbstractByteBuf.java:1132)
	at io.netty.channel.socket.nio.NioSocketChannel.doReadBytes(NioSocketChannel.java:350)
	at io.netty.channel.nio.AbstractNioByteChannel$NioByteUnsafe.read(AbstractNioByteChannel.java:151)
	at io.netty.channel.nio.NioEventLoop.processSelectedKey(NioEventLoop.java:722)
	at io.netty.channel.nio.NioEventLoop.processSelectedKeysOptimized(NioEventLoop.java:658)
	at io.netty.channel.nio.NioEventLoop.processSelectedKeys(NioEventLoop.java:584)
	at io.netty.channel.nio.NioEventLoop.run(NioEventLoop.java:496)
	at io.netty.util.concurrent.SingleThreadEventExecutor$4.run(SingleThreadEventExecutor.java:986)
	at io.netty.util.internal.ThreadExecutorMap$2.run(ThreadExecutorMap.java:74)
	at io.netty.util.concurrent.FastThreadLocalRunnable.run(FastThreadLocalRunnable.java:30)
	at java.base/java.lang.Thread.run(Thread.java:832)
14:57:39.480 [AsyncHttpClient-1-4] DEBUG org.asynchttpclient.netty.channel.ChannelManager - Closing Channel [id: 0xcf0b1597, L:/127.0.0.1:65493 - R:localhost/127.0.0.1:65487] 
14:57:39.480 [AsyncHttpClient-1-4] DEBUG org.asynchttpclient.netty.handler.HttpHandler - Channel Closed: [id: 0xcf0b1597, L:/127.0.0.1:65493 ! R:localhost/127.0.0.1:65487] with attribute DISCARD
14:57:39.501 [AsyncHttpClient-1-1] DEBUG org.asynchttpclient.netty.channel.DefaultChannelPool - Entry count for : http://localhost:65487 : 1
14:57:39.502 [AsyncHttpClient-1-1] DEBUG org.asynchttpclient.netty.channel.DefaultChannelPool - Adding Candidate expired Channel [id: 0xcf0b1597, L:/127.0.0.1:65493 ! R:localhost/127.0.0.1:65487] isIdleTimeoutExpired=false isRemotelyClosed=true isTtlExpired=false
14:57:39.502 [AsyncHttpClient-1-1] DEBUG org.asynchttpclient.netty.channel.DefaultChannelPool - Closing Idle Channel [id: 0xcf0b1597, L:/127.0.0.1:65493 ! R:localhost/127.0.0.1:65487]
14:57:39.502 [AsyncHttpClient-1-1] DEBUG org.asynchttpclient.netty.channel.DefaultChannelPool - Closed 1 connections out of 1 in 0 ms
14:57:39.541 [AsyncHttpClient-1-3] DEBUG org.asynchttpclient.netty.handler.HttpHandler - 

Request DefaultFullHttpRequest(decodeResult: success, version: HTTP/1.1, content: EmptyByteBufBE)
DELETE /session/cf7cce5c97bac545833d6cb874730b83 HTTP/1.1
User-Agent: selenium/4.1.2 (java windows)
Content-Type: application/json; charset=utf-8
host: localhost:54776
accept: */*

Response DefaultHttpResponse(decodeResult: success, version: HTTP/1.1)
HTTP/1.1 200 OK
Content-Type: application/json; charset=utf-8
cache-control: no-cache
content-length: 14

14:57:39.541 [AsyncHttpClient-1-3] DEBUG org.asynchttpclient.netty.channel.ChannelManager - Adding key: http://localhost:54776 for channel [id: 0x2c159a9b, L:/127.0.0.1:65485 - R:localhost/127.0.0.1:54776]
14:57:39.606 [AsyncHttpClient-1-3] DEBUG org.asynchttpclient.netty.handler.HttpHandler - Channel Closed: [id: 0x2c159a9b, L:/127.0.0.1:65485 ! R:localhost/127.0.0.1:54776] with attribute DISCARD
14:57:40.135 [main] INFO  - 
  _____   ___   ___   _____     ___     _     ___   ___   ___   ___  
 |_   _| | __| / __| |_   _|   | _ \   /_\   / __| / __| | __| |   \ 
   | |   | _|  \__ \   | |     |  _/  / _ \  \__ \ \__ \ | _|  | |) |
   |_|   |___| |___/   |_|     |_|   /_/ \_\ |___/ |___/ |___| |___/ 

Register scenario
----------------------------------------------------------------------
]]></system-out>
    <system-err><![CDATA[Starting ChromeDriver 101.0.4951.41 (93c720db8323b3ec10d056025ab95c23a31997c9-refs/branch-heads/4951@{#904}) on port 54776
Only local connections are allowed.
Please see https://chromedriver.chromium.org/security-considerations for suggestions on keeping ChromeDriver safe.
ChromeDriver was started successfully.
May 16, 2022 2:57:36 PM org.openqa.selenium.remote.ProtocolHandshake createSession
INFO: Detected dialect: W3C
May 16, 2022 2:57:36 PM org.openqa.selenium.devtools.CdpVersionFinder findNearestMatch
WARNING: Unable to find an exact match for CDP version 101, so returning the closest version found: 97
May 16, 2022 2:57:36 PM org.openqa.selenium.devtools.CdpVersionFinder findNearestMatch
INFO: Found CDP implementation for version 101 of 97
]]></system-err>
  </testcase>
  <testcase name="Register scenario #3" classname="Register" time="5.921">
    <system-out><![CDATA[
@Register
Scenario Outline: Register scenario      &amp#27;[90m# src/test/resources/features/Register.feature:19&amp#27;[0m
14:57:40.148 [main] INFO io.cucumber.core.plugin.SerenityReporter - Running feature from file:///D:/data%20hakim/Mini%20Project%20Alterra/WebAlta/src/test/resources/features/Register.feature
14:57:40.167 [main] INFO net.serenitybdd.core.webdriver.driverproviders.ChromeDriverProvider - Using automatically driver download
14:57:40.300 [main] DEBUG io.github.bonigarcia.wdm.cache.ResolutionCache - Resolution chrome=101 in cache (valid until 15:32:06 16/05/2022 WIB)
14:57:40.303 [main] DEBUG io.github.bonigarcia.wdm.cache.ResolutionCache - Resolution chrome101=101.0.4951.41 in cache (valid until 14:32:06 17/05/2022 WIB)
14:57:40.305 [main] INFO io.github.bonigarcia.wdm.WebDriverManager - Using chromedriver 101.0.4951.41 (resolved driver for Chrome 101)
14:57:40.315 [main] DEBUG io.github.bonigarcia.wdm.WebDriverManager - Driver chromedriver 101.0.4951.41 found in cache
14:57:40.315 [main] INFO io.github.bonigarcia.wdm.WebDriverManager - Exporting webdriver.chrome.driver as C:\Users\hp pc\.cache\selenium\chromedriver\win32\101.0.4951.41\chromedriver.exe
14:57:40.407 [main] DEBUG net.serenitybdd.core.webdriver.driverproviders.ProvideNewDriver - Instantiating driver
14:57:40.407 [main] DEBUG net.serenitybdd.core.webdriver.driverproviders.ProvideNewDriver - Driver capabilities: Capabilities {acceptInsecureCerts: false, base.url: https://qa.alta.id/, browserName: chrome, chrome.driver: src/test/resources/webdrive..., driver: chrome, goog:chromeOptions: {args: [], extensions: []}}
14:57:40.603 [AsyncHttpClient-1-1] DEBUG org.asynchttpclient.netty.channel.DefaultChannelPool - Entry count for : http://localhost:54776 : 1
14:57:40.603 [AsyncHttpClient-1-1] DEBUG org.asynchttpclient.netty.channel.DefaultChannelPool - Adding Candidate expired Channel [id: 0x2c159a9b, L:/127.0.0.1:65485 ! R:localhost/127.0.0.1:54776] isIdleTimeoutExpired=false isRemotelyClosed=true isTtlExpired=false
14:57:40.603 [AsyncHttpClient-1-1] DEBUG org.asynchttpclient.netty.channel.DefaultChannelPool - Closing Idle Channel [id: 0x2c159a9b, L:/127.0.0.1:65485 ! R:localhost/127.0.0.1:54776]
14:57:40.603 [AsyncHttpClient-1-1] DEBUG org.asynchttpclient.netty.channel.DefaultChannelPool - Closed 1 connections out of 1 in 0 ms
14:57:40.943 [AsyncHttpClient-1-6] DEBUG org.asynchttpclient.netty.channel.NettyConnectListener - Using new Channel '[id: 0xcca12746, L:/127.0.0.1:65516 - R:localhost/127.0.0.1:50986]' for 'POST' to '/session'
14:57:42.083 [AsyncHttpClient-1-6] DEBUG org.asynchttpclient.netty.handler.HttpHandler - 

Request DefaultHttpRequest(decodeResult: success, version: HTTP/1.1)
POST /session HTTP/1.1
User-Agent: selenium/4.1.2 (java windows)
Content-Length: 605
Content-Type: application/json; charset=utf-8
host: localhost:50986
accept: */*

Response DefaultHttpResponse(decodeResult: success, version: HTTP/1.1)
HTTP/1.1 200 OK
Content-Type: application/json; charset=utf-8
cache-control: no-cache
content-length: 791

14:57:42.083 [AsyncHttpClient-1-6] DEBUG org.asynchttpclient.netty.channel.ChannelManager - Adding key: http://localhost:50986 for channel [id: 0xcca12746, L:/127.0.0.1:65516 - R:localhost/127.0.0.1:50986]
14:57:42.098 [AsyncHttpClient-1-7] DEBUG org.asynchttpclient.netty.channel.NettyConnectListener - Using new Channel '[id: 0x36b3f5d7, L:/127.0.0.1:65524 - R:localhost/127.0.0.1:65517]' for 'GET' to '/json/version'
14:57:42.099 [AsyncHttpClient-1-7] DEBUG org.asynchttpclient.netty.handler.HttpHandler - 

Request DefaultFullHttpRequest(decodeResult: success, version: HTTP/1.1, content: EmptyByteBufBE)
GET /json/version HTTP/1.1
User-Agent: selenium/4.1.2 (java windows)
host: localhost:65517
accept: */*

Response DefaultHttpResponse(decodeResult: success, version: HTTP/1.1)
HTTP/1.1 200 OK
Content-Type: application/json; charset=UTF-8
content-length: 427

14:57:42.099 [AsyncHttpClient-1-7] DEBUG org.asynchttpclient.netty.channel.ChannelManager - Adding key: http://localhost:65517 for channel [id: 0x36b3f5d7, L:/127.0.0.1:65524 - R:localhost/127.0.0.1:65517]
14:57:42.106 [AsyncHttpClient-1-8] DEBUG org.asynchttpclient.netty.channel.NettyConnectListener - Using new Channel '[id: 0x216ab54e, L:/127.0.0.1:65525 - R:localhost/127.0.0.1:65517]' for 'GET' to '/devtools/browser/6ce044e0-3a3e-4348-8da3-27fdf12cb5d1'
14:57:42.108 [AsyncHttpClient-1-8] DEBUG org.asynchttpclient.netty.handler.WebSocketHandler - 

Request DefaultFullHttpRequest(decodeResult: success, version: HTTP/1.1, content: EmptyByteBufBE)
GET /devtools/browser/6ce044e0-3a3e-4348-8da3-27fdf12cb5d1 HTTP/1.1
upgrade: websocket
connection: upgrade
sec-websocket-key: g+CXjI9UCb5Yu1eeadUwMw==
sec-websocket-version: 13
origin: http://localhost:65517
host: localhost:65517
accept: */*
user-agent: AHC/2.1

Response DefaultHttpResponse(decodeResult: success, version: HTTP/1.1)
HTTP/1.1 101 WebSocket Protocol Handshake
Upgrade: WebSocket
Connection: Upgrade
Sec-WebSocket-Accept: 7Mu/0yxwY65hP82jSmR+fUIzm70=

14:57:42.123 [Forwarding maximizeCurrentWindow on session b16f3b54142545f7c12269cb4fa1d95b to remote] DEBUG org.asynchttpclient.netty.request.NettyRequestSender - Using pooled Channel '[id: 0xcca12746, L:/127.0.0.1:65516 - R:localhost/127.0.0.1:50986]' for 'POST' to 'http://localhost:50986/session/b16f3b54142545f7c12269cb4fa1d95b/window/maximize'
14:57:42.125 [Forwarding maximizeCurrentWindow on session b16f3b54142545f7c12269cb4fa1d95b to remote] DEBUG org.asynchttpclient.netty.request.NettyRequestSender - Using open Channel [id: 0xcca12746, L:/127.0.0.1:65516 - R:localhost/127.0.0.1:50986] for POST '/session/b16f3b54142545f7c12269cb4fa1d95b/window/maximize'
14:57:42.311 [AsyncHttpClient-1-6] DEBUG org.asynchttpclient.netty.handler.HttpHandler - 

Request DefaultHttpRequest(decodeResult: success, version: HTTP/1.1)
POST /session/b16f3b54142545f7c12269cb4fa1d95b/window/maximize HTTP/1.1
User-Agent: selenium/4.1.2 (java windows)
Content-Length: 3
Content-Type: application/json; charset=utf-8
host: localhost:50986
accept: */*

Response DefaultHttpResponse(decodeResult: success, version: HTTP/1.1)
HTTP/1.1 200 OK
Content-Type: application/json; charset=utf-8
cache-control: no-cache
content-length: 51

14:57:42.311 [AsyncHttpClient-1-6] DEBUG org.asynchttpclient.netty.channel.ChannelManager - Adding key: http://localhost:50986 for channel [id: 0xcca12746, L:/127.0.0.1:65516 - R:localhost/127.0.0.1:50986]
14:57:42.316 [Forwarding get on session b16f3b54142545f7c12269cb4fa1d95b to remote] DEBUG org.asynchttpclient.netty.request.NettyRequestSender - Using pooled Channel '[id: 0xcca12746, L:/127.0.0.1:65516 - R:localhost/127.0.0.1:50986]' for 'POST' to 'http://localhost:50986/session/b16f3b54142545f7c12269cb4fa1d95b/url'
14:57:42.316 [Forwarding get on session b16f3b54142545f7c12269cb4fa1d95b to remote] DEBUG org.asynchttpclient.netty.request.NettyRequestSender - Using open Channel [id: 0xcca12746, L:/127.0.0.1:65516 - R:localhost/127.0.0.1:50986] for POST '/session/b16f3b54142545f7c12269cb4fa1d95b/url'
14:57:42.811 [AsyncHttpClient-1-1] DEBUG org.asynchttpclient.netty.channel.DefaultChannelPool - Entry count for : http://localhost:65517 : 1
14:57:43.409 [AsyncHttpClient-1-6] DEBUG org.asynchttpclient.netty.handler.HttpHandler - 

Request DefaultHttpRequest(decodeResult: success, version: HTTP/1.1)
POST /session/b16f3b54142545f7c12269cb4fa1d95b/url HTTP/1.1
User-Agent: selenium/4.1.2 (java windows)
Content-Length: 67
Content-Type: application/json; charset=utf-8
host: localhost:50986
accept: */*

Response DefaultHttpResponse(decodeResult: success, version: HTTP/1.1)
HTTP/1.1 200 OK
Content-Type: application/json; charset=utf-8
cache-control: no-cache
content-length: 14

14:57:43.409 [AsyncHttpClient-1-6] DEBUG org.asynchttpclient.netty.channel.ChannelManager - Adding key: http://localhost:50986 for channel [id: 0xcca12746, L:/127.0.0.1:65516 - R:localhost/127.0.0.1:50986]
14:57:43.411 [Forwarding setTimeout on session b16f3b54142545f7c12269cb4fa1d95b to remote] DEBUG org.asynchttpclient.netty.request.NettyRequestSender - Using pooled Channel '[id: 0xcca12746, L:/127.0.0.1:65516 - R:localhost/127.0.0.1:50986]' for 'POST' to 'http://localhost:50986/session/b16f3b54142545f7c12269cb4fa1d95b/timeouts'
14:57:43.411 [Forwarding setTimeout on session b16f3b54142545f7c12269cb4fa1d95b to remote] DEBUG org.asynchttpclient.netty.request.NettyRequestSender - Using open Channel [id: 0xcca12746, L:/127.0.0.1:65516 - R:localhost/127.0.0.1:50986] for POST '/session/b16f3b54142545f7c12269cb4fa1d95b/timeouts'
14:57:43.413 [AsyncHttpClient-1-6] DEBUG org.asynchttpclient.netty.handler.HttpHandler - 

Request DefaultHttpRequest(decodeResult: success, version: HTTP/1.1)
POST /session/b16f3b54142545f7c12269cb4fa1d95b/timeouts HTTP/1.1
User-Agent: selenium/4.1.2 (java windows)
Content-Length: 22
Content-Type: application/json; charset=utf-8
host: localhost:50986
accept: */*

Response DefaultHttpResponse(decodeResult: success, version: HTTP/1.1)
HTTP/1.1 200 OK
Content-Type: application/json; charset=utf-8
cache-control: no-cache
content-length: 14

14:57:43.414 [AsyncHttpClient-1-6] DEBUG org.asynchttpclient.netty.channel.ChannelManager - Adding key: http://localhost:50986 for channel [id: 0xcca12746, L:/127.0.0.1:65516 - R:localhost/127.0.0.1:50986]
14:57:43.417 [Forwarding getCurrentUrl on session b16f3b54142545f7c12269cb4fa1d95b to remote] DEBUG org.asynchttpclient.netty.request.NettyRequestSender - Using pooled Channel '[id: 0xcca12746, L:/127.0.0.1:65516 - R:localhost/127.0.0.1:50986]' for 'GET' to 'http://localhost:50986/session/b16f3b54142545f7c12269cb4fa1d95b/url'
14:57:43.417 [Forwarding getCurrentUrl on session b16f3b54142545f7c12269cb4fa1d95b to remote] DEBUG org.asynchttpclient.netty.request.NettyRequestSender - Using open Channel [id: 0xcca12746, L:/127.0.0.1:65516 - R:localhost/127.0.0.1:50986] for GET '/session/b16f3b54142545f7c12269cb4fa1d95b/url'
14:57:43.422 [AsyncHttpClient-1-6] DEBUG org.asynchttpclient.netty.handler.HttpHandler - 

Request DefaultFullHttpRequest(decodeResult: success, version: HTTP/1.1, content: EmptyByteBufBE)
GET /session/b16f3b54142545f7c12269cb4fa1d95b/url HTTP/1.1
User-Agent: selenium/4.1.2 (java windows)
Cache-Control: no-cache
Content-Type: application/json; charset=utf-8
host: localhost:50986
accept: */*

Response DefaultHttpResponse(decodeResult: success, version: HTTP/1.1)
HTTP/1.1 200 OK
Content-Type: application/json; charset=utf-8
cache-control: no-cache
content-length: 44

14:57:43.423 [AsyncHttpClient-1-6] DEBUG org.asynchttpclient.netty.channel.ChannelManager - Adding key: http://localhost:50986 for channel [id: 0xcca12746, L:/127.0.0.1:65516 - R:localhost/127.0.0.1:50986]
14:57:43.433 [Forwarding screenshot on session b16f3b54142545f7c12269cb4fa1d95b to remote] DEBUG org.asynchttpclient.netty.request.NettyRequestSender - Using pooled Channel '[id: 0xcca12746, L:/127.0.0.1:65516 - R:localhost/127.0.0.1:50986]' for 'GET' to 'http://localhost:50986/session/b16f3b54142545f7c12269cb4fa1d95b/screenshot'
14:57:43.433 [Forwarding screenshot on session b16f3b54142545f7c12269cb4fa1d95b to remote] DEBUG org.asynchttpclient.netty.request.NettyRequestSender - Using open Channel [id: 0xcca12746, L:/127.0.0.1:65516 - R:localhost/127.0.0.1:50986] for GET '/session/b16f3b54142545f7c12269cb4fa1d95b/screenshot'
14:57:43.619 [AsyncHttpClient-1-6] DEBUG org.asynchttpclient.netty.handler.HttpHandler - 

Request DefaultFullHttpRequest(decodeResult: success, version: HTTP/1.1, content: EmptyByteBufBE)
GET /session/b16f3b54142545f7c12269cb4fa1d95b/screenshot HTTP/1.1
User-Agent: selenium/4.1.2 (java windows)
Cache-Control: no-cache
Content-Type: application/json; charset=utf-8
host: localhost:50986
accept: */*

Response DefaultHttpResponse(decodeResult: success, version: HTTP/1.1)
HTTP/1.1 200 OK
Content-Type: application/json; charset=utf-8
cache-control: no-cache
content-length: 29612

14:57:43.620 [AsyncHttpClient-1-6] DEBUG org.asynchttpclient.netty.channel.ChannelManager - Adding key: http://localhost:50986 for channel [id: 0xcca12746, L:/127.0.0.1:65516 - R:localhost/127.0.0.1:50986]
14:57:43.622 [main] DEBUG net.serenitybdd.core.photography.Darkroom - Send negative for processing for target\site\serenity\fbcccbfc142cbf792a2bfdff1d2e9f24344bbc61d767f43922554c6ad0002405.png
14:57:43.623 [main] DEBUG net.thucydides.core.steps.StepInterceptor - STARTING STEP: RegisterStep.iAmOnTheRegisterPage - validateOnRegisterPage
14:57:43.624 [Forwarding findElement on session b16f3b54142545f7c12269cb4fa1d95b to remote] DEBUG org.asynchttpclient.netty.request.NettyRequestSender - Using pooled Channel '[id: 0xcca12746, L:/127.0.0.1:65516 - R:localhost/127.0.0.1:50986]' for 'POST' to 'http://localhost:50986/session/b16f3b54142545f7c12269cb4fa1d95b/element'
14:57:43.625 [Forwarding findElement on session b16f3b54142545f7c12269cb4fa1d95b to remote] DEBUG org.asynchttpclient.netty.request.NettyRequestSender - Using open Channel [id: 0xcca12746, L:/127.0.0.1:65516 - R:localhost/127.0.0.1:50986] for POST '/session/b16f3b54142545f7c12269cb4fa1d95b/element'
14:57:43.635 [AsyncHttpClient-1-6] DEBUG org.asynchttpclient.netty.handler.HttpHandler - 

Request DefaultHttpRequest(decodeResult: success, version: HTTP/1.1)
POST /session/b16f3b54142545f7c12269cb4fa1d95b/element HTTP/1.1
User-Agent: selenium/4.1.2 (java windows)
Content-Length: 164
Content-Type: application/json; charset=utf-8
host: localhost:50986
accept: */*

Response DefaultHttpResponse(decodeResult: success, version: HTTP/1.1)
HTTP/1.1 200 OK
Content-Type: application/json; charset=utf-8
cache-control: no-cache
content-length: 88

14:57:43.635 [AsyncHttpClient-1-6] DEBUG org.asynchttpclient.netty.channel.ChannelManager - Adding key: http://localhost:50986 for channel [id: 0xcca12746, L:/127.0.0.1:65516 - R:localhost/127.0.0.1:50986]
14:57:43.639 [Forwarding isElementDisplayed on session b16f3b54142545f7c12269cb4fa1d95b to remote] DEBUG org.asynchttpclient.netty.request.NettyRequestSender - Using pooled Channel '[id: 0xcca12746, L:/127.0.0.1:65516 - R:localhost/127.0.0.1:50986]' for 'POST' to 'http://localhost:50986/session/b16f3b54142545f7c12269cb4fa1d95b/execute/sync'
14:57:43.639 [Forwarding isElementDisplayed on session b16f3b54142545f7c12269cb4fa1d95b to remote] DEBUG org.asynchttpclient.netty.request.NettyRequestSender - Using open Channel [id: 0xcca12746, L:/127.0.0.1:65516 - R:localhost/127.0.0.1:50986] for POST '/session/b16f3b54142545f7c12269cb4fa1d95b/execute/sync'
14:57:43.653 [AsyncHttpClient-1-6] DEBUG org.asynchttpclient.netty.handler.HttpHandler - 

Request DefaultHttpRequest(decodeResult: success, version: HTTP/1.1)
POST /session/b16f3b54142545f7c12269cb4fa1d95b/execute/sync HTTP/1.1
User-Agent: selenium/4.1.2 (java windows)
Content-Length: 48780
Content-Type: application/json; charset=utf-8
host: localhost:50986
accept: */*

Response DefaultHttpResponse(decodeResult: success, version: HTTP/1.1)
HTTP/1.1 200 OK
Content-Type: application/json; charset=utf-8
cache-control: no-cache
content-length: 14

14:57:43.653 [AsyncHttpClient-1-6] DEBUG org.asynchttpclient.netty.channel.ChannelManager - Adding key: http://localhost:50986 for channel [id: 0xcca12746, L:/127.0.0.1:65516 - R:localhost/127.0.0.1:50986]
14:57:43.657 [main] DEBUG net.thucydides.core.steps.StepInterceptor - STEP DONE: validateOnRegisterPage
  &amp#27;[32mGiven &amp#27;[0m&amp#27;[32mI am on the register page&amp#27;[0m        &amp#27;[90m# Starter.StepDefinitions.RegisterStep.iAmOnTheRegisterPage()&amp#27;[0m
14:57:43.667 [main] DEBUG net.thucydides.core.steps.StepInterceptor - STARTING STEP: RegisterStep.iInputFullName - inputFullName
14:57:43.670 [Forwarding findElement on session b16f3b54142545f7c12269cb4fa1d95b to remote] DEBUG org.asynchttpclient.netty.request.NettyRequestSender - Using pooled Channel '[id: 0xcca12746, L:/127.0.0.1:65516 - R:localhost/127.0.0.1:50986]' for 'POST' to 'http://localhost:50986/session/b16f3b54142545f7c12269cb4fa1d95b/element'
14:57:43.670 [Forwarding findElement on session b16f3b54142545f7c12269cb4fa1d95b to remote] DEBUG org.asynchttpclient.netty.request.NettyRequestSender - Using open Channel [id: 0xcca12746, L:/127.0.0.1:65516 - R:localhost/127.0.0.1:50986] for POST '/session/b16f3b54142545f7c12269cb4fa1d95b/element'
14:57:43.681 [AsyncHttpClient-1-6] DEBUG org.asynchttpclient.netty.handler.HttpHandler - 

Request DefaultHttpRequest(decodeResult: success, version: HTTP/1.1)
POST /session/b16f3b54142545f7c12269cb4fa1d95b/element HTTP/1.1
User-Agent: selenium/4.1.2 (java windows)
Content-Length: 98
Content-Type: application/json; charset=utf-8
host: localhost:50986
accept: */*

Response DefaultHttpResponse(decodeResult: success, version: HTTP/1.1)
HTTP/1.1 200 OK
Content-Type: application/json; charset=utf-8
cache-control: no-cache
content-length: 88

14:57:43.681 [AsyncHttpClient-1-6] DEBUG org.asynchttpclient.netty.channel.ChannelManager - Adding key: http://localhost:50986 for channel [id: 0xcca12746, L:/127.0.0.1:65516 - R:localhost/127.0.0.1:50986]
14:57:43.682 [Forwarding clearElement on session b16f3b54142545f7c12269cb4fa1d95b to remote] DEBUG org.asynchttpclient.netty.request.NettyRequestSender - Using pooled Channel '[id: 0xcca12746, L:/127.0.0.1:65516 - R:localhost/127.0.0.1:50986]' for 'POST' to 'http://localhost:50986/session/b16f3b54142545f7c12269cb4fa1d95b/element/895e53ef-d3dd-4d9b-8c53-f702c7163a78/clear'
14:57:43.682 [Forwarding clearElement on session b16f3b54142545f7c12269cb4fa1d95b to remote] DEBUG org.asynchttpclient.netty.request.NettyRequestSender - Using open Channel [id: 0xcca12746, L:/127.0.0.1:65516 - R:localhost/127.0.0.1:50986] for POST '/session/b16f3b54142545f7c12269cb4fa1d95b/element/895e53ef-d3dd-4d9b-8c53-f702c7163a78/clear'
14:57:43.704 [AsyncHttpClient-1-6] DEBUG org.asynchttpclient.netty.handler.HttpHandler - 

Request DefaultHttpRequest(decodeResult: success, version: HTTP/1.1)
POST /session/b16f3b54142545f7c12269cb4fa1d95b/element/895e53ef-d3dd-4d9b-8c53-f702c7163a78/clear HTTP/1.1
User-Agent: selenium/4.1.2 (java windows)
Content-Length: 50
Content-Type: application/json; charset=utf-8
host: localhost:50986
accept: */*

Response DefaultHttpResponse(decodeResult: success, version: HTTP/1.1)
HTTP/1.1 200 OK
Content-Type: application/json; charset=utf-8
cache-control: no-cache
content-length: 14

14:57:43.704 [AsyncHttpClient-1-6] DEBUG org.asynchttpclient.netty.channel.ChannelManager - Adding key: http://localhost:50986 for channel [id: 0xcca12746, L:/127.0.0.1:65516 - R:localhost/127.0.0.1:50986]
14:57:43.706 [Forwarding sendKeysToElement on session b16f3b54142545f7c12269cb4fa1d95b to remote] DEBUG org.asynchttpclient.netty.request.NettyRequestSender - Using pooled Channel '[id: 0xcca12746, L:/127.0.0.1:65516 - R:localhost/127.0.0.1:50986]' for 'POST' to 'http://localhost:50986/session/b16f3b54142545f7c12269cb4fa1d95b/element/895e53ef-d3dd-4d9b-8c53-f702c7163a78/value'
14:57:43.706 [Forwarding sendKeysToElement on session b16f3b54142545f7c12269cb4fa1d95b to remote] DEBUG org.asynchttpclient.netty.request.NettyRequestSender - Using open Channel [id: 0xcca12746, L:/127.0.0.1:65516 - R:localhost/127.0.0.1:50986] for POST '/session/b16f3b54142545f7c12269cb4fa1d95b/element/895e53ef-d3dd-4d9b-8c53-f702c7163a78/value'
14:57:43.737 [AsyncHttpClient-1-6] DEBUG org.asynchttpclient.netty.handler.HttpHandler - 

Request DefaultHttpRequest(decodeResult: success, version: HTTP/1.1)
POST /session/b16f3b54142545f7c12269cb4fa1d95b/element/895e53ef-d3dd-4d9b-8c53-f702c7163a78/value HTTP/1.1
User-Agent: selenium/4.1.2 (java windows)
Content-Length: 82
Content-Type: application/json; charset=utf-8
host: localhost:50986
accept: */*

Response DefaultHttpResponse(decodeResult: success, version: HTTP/1.1)
HTTP/1.1 200 OK
Content-Type: application/json; charset=utf-8
cache-control: no-cache
content-length: 14

14:57:43.737 [AsyncHttpClient-1-6] DEBUG org.asynchttpclient.netty.channel.ChannelManager - Adding key: http://localhost:50986 for channel [id: 0xcca12746, L:/127.0.0.1:65516 - R:localhost/127.0.0.1:50986]
14:57:43.743 [Forwarding screenshot on session b16f3b54142545f7c12269cb4fa1d95b to remote] DEBUG org.asynchttpclient.netty.request.NettyRequestSender - Using pooled Channel '[id: 0xcca12746, L:/127.0.0.1:65516 - R:localhost/127.0.0.1:50986]' for 'GET' to 'http://localhost:50986/session/b16f3b54142545f7c12269cb4fa1d95b/screenshot'
14:57:43.744 [Forwarding screenshot on session b16f3b54142545f7c12269cb4fa1d95b to remote] DEBUG org.asynchttpclient.netty.request.NettyRequestSender - Using open Channel [id: 0xcca12746, L:/127.0.0.1:65516 - R:localhost/127.0.0.1:50986] for GET '/session/b16f3b54142545f7c12269cb4fa1d95b/screenshot'
14:57:43.848 [AsyncHttpClient-1-6] DEBUG org.asynchttpclient.netty.handler.HttpHandler - 

Request DefaultFullHttpRequest(decodeResult: success, version: HTTP/1.1, content: EmptyByteBufBE)
GET /session/b16f3b54142545f7c12269cb4fa1d95b/screenshot HTTP/1.1
User-Agent: selenium/4.1.2 (java windows)
Cache-Control: no-cache
Content-Type: application/json; charset=utf-8
host: localhost:50986
accept: */*

Response DefaultHttpResponse(decodeResult: success, version: HTTP/1.1)
HTTP/1.1 200 OK
Content-Type: application/json; charset=utf-8
cache-control: no-cache
content-length: 29708

14:57:43.848 [AsyncHttpClient-1-6] DEBUG org.asynchttpclient.netty.channel.ChannelManager - Adding key: http://localhost:50986 for channel [id: 0xcca12746, L:/127.0.0.1:65516 - R:localhost/127.0.0.1:50986]
14:57:43.849 [main] DEBUG net.serenitybdd.core.photography.Darkroom - Send negative for processing for target\site\serenity\ab3d3a9d71d61521b7947e9db1ac01d0022bf6dcb7cc70f9006f26e9926167c9.png
14:57:43.849 [main] DEBUG net.thucydides.core.steps.StepInterceptor - STEP DONE: inputFullName
  &amp#27;[32mWhen &amp#27;[0m&amp#27;[32mI input &amp#27;[0m&amp#27;[32m&amp#27;[1m""&amp#27;[0m&amp#27;[32m fullName&amp#27;[0m               &amp#27;[90m# Starter.StepDefinitions.RegisterStep.iInputFullName(java.lang.String)&amp#27;[0m
14:57:43.849 [Darkroom Processing Line] DEBUG net.serenitybdd.core.photography.DarkroomProcessingLine - Processing screenshot image in /var/screenshots/screenshot-4451151384402198610
14:57:43.849 [Darkroom Processing Line] DEBUG net.serenitybdd.core.photography.DarkroomProcessingLine - Saving screenshot to target\site\serenity\ab3d3a9d71d61521b7947e9db1ac01d0022bf6dcb7cc70f9006f26e9926167c9.png
14:57:43.860 [main] DEBUG net.thucydides.core.steps.StepInterceptor - STARTING STEP: RegisterStep.iInputEmail - inputEmail
14:57:43.861 [Forwarding findElement on session b16f3b54142545f7c12269cb4fa1d95b to remote] DEBUG org.asynchttpclient.netty.request.NettyRequestSender - Using pooled Channel '[id: 0xcca12746, L:/127.0.0.1:65516 - R:localhost/127.0.0.1:50986]' for 'POST' to 'http://localhost:50986/session/b16f3b54142545f7c12269cb4fa1d95b/element'
14:57:43.861 [Forwarding findElement on session b16f3b54142545f7c12269cb4fa1d95b to remote] DEBUG org.asynchttpclient.netty.request.NettyRequestSender - Using open Channel [id: 0xcca12746, L:/127.0.0.1:65516 - R:localhost/127.0.0.1:50986] for POST '/session/b16f3b54142545f7c12269cb4fa1d95b/element'
14:57:43.871 [AsyncHttpClient-1-6] DEBUG org.asynchttpclient.netty.handler.HttpHandler - 

Request DefaultHttpRequest(decodeResult: success, version: HTTP/1.1)
POST /session/b16f3b54142545f7c12269cb4fa1d95b/element HTTP/1.1
User-Agent: selenium/4.1.2 (java windows)
Content-Length: 91
Content-Type: application/json; charset=utf-8
host: localhost:50986
accept: */*

Response DefaultHttpResponse(decodeResult: success, version: HTTP/1.1)
HTTP/1.1 200 OK
Content-Type: application/json; charset=utf-8
cache-control: no-cache
content-length: 88

14:57:43.871 [AsyncHttpClient-1-6] DEBUG org.asynchttpclient.netty.channel.ChannelManager - Adding key: http://localhost:50986 for channel [id: 0xcca12746, L:/127.0.0.1:65516 - R:localhost/127.0.0.1:50986]
14:57:43.872 [Forwarding clearElement on session b16f3b54142545f7c12269cb4fa1d95b to remote] DEBUG org.asynchttpclient.netty.request.NettyRequestSender - Using pooled Channel '[id: 0xcca12746, L:/127.0.0.1:65516 - R:localhost/127.0.0.1:50986]' for 'POST' to 'http://localhost:50986/session/b16f3b54142545f7c12269cb4fa1d95b/element/58ca6921-2325-421d-9dae-a326c76a0aef/clear'
14:57:43.872 [Forwarding clearElement on session b16f3b54142545f7c12269cb4fa1d95b to remote] DEBUG org.asynchttpclient.netty.request.NettyRequestSender - Using open Channel [id: 0xcca12746, L:/127.0.0.1:65516 - R:localhost/127.0.0.1:50986] for POST '/session/b16f3b54142545f7c12269cb4fa1d95b/element/58ca6921-2325-421d-9dae-a326c76a0aef/clear'
14:57:43.897 [AsyncHttpClient-1-6] DEBUG org.asynchttpclient.netty.handler.HttpHandler - 

Request DefaultHttpRequest(decodeResult: success, version: HTTP/1.1)
POST /session/b16f3b54142545f7c12269cb4fa1d95b/element/58ca6921-2325-421d-9dae-a326c76a0aef/clear HTTP/1.1
User-Agent: selenium/4.1.2 (java windows)
Content-Length: 50
Content-Type: application/json; charset=utf-8
host: localhost:50986
accept: */*

Response DefaultHttpResponse(decodeResult: success, version: HTTP/1.1)
HTTP/1.1 200 OK
Content-Type: application/json; charset=utf-8
cache-control: no-cache
content-length: 14

14:57:43.898 [AsyncHttpClient-1-6] DEBUG org.asynchttpclient.netty.channel.ChannelManager - Adding key: http://localhost:50986 for channel [id: 0xcca12746, L:/127.0.0.1:65516 - R:localhost/127.0.0.1:50986]
14:57:43.900 [Forwarding sendKeysToElement on session b16f3b54142545f7c12269cb4fa1d95b to remote] DEBUG org.asynchttpclient.netty.request.NettyRequestSender - Using pooled Channel '[id: 0xcca12746, L:/127.0.0.1:65516 - R:localhost/127.0.0.1:50986]' for 'POST' to 'http://localhost:50986/session/b16f3b54142545f7c12269cb4fa1d95b/element/58ca6921-2325-421d-9dae-a326c76a0aef/value'
14:57:43.900 [Forwarding sendKeysToElement on session b16f3b54142545f7c12269cb4fa1d95b to remote] DEBUG org.asynchttpclient.netty.request.NettyRequestSender - Using open Channel [id: 0xcca12746, L:/127.0.0.1:65516 - R:localhost/127.0.0.1:50986] for POST '/session/b16f3b54142545f7c12269cb4fa1d95b/element/58ca6921-2325-421d-9dae-a326c76a0aef/value'
14:57:43.902 [AsyncHttpClient-1-1] DEBUG org.asynchttpclient.netty.channel.DefaultChannelPool - Entry count for : http://localhost:65517 : 1
14:57:44.019 [AsyncHttpClient-1-6] DEBUG org.asynchttpclient.netty.handler.HttpHandler - 

Request DefaultHttpRequest(decodeResult: success, version: HTTP/1.1)
POST /session/b16f3b54142545f7c12269cb4fa1d95b/element/58ca6921-2325-421d-9dae-a326c76a0aef/value HTTP/1.1
User-Agent: selenium/4.1.2 (java windows)
Content-Length: 261
Content-Type: application/json; charset=utf-8
host: localhost:50986
accept: */*

Response DefaultHttpResponse(decodeResult: success, version: HTTP/1.1)
HTTP/1.1 200 OK
Content-Type: application/json; charset=utf-8
cache-control: no-cache
content-length: 14

14:57:44.019 [AsyncHttpClient-1-6] DEBUG org.asynchttpclient.netty.channel.ChannelManager - Adding key: http://localhost:50986 for channel [id: 0xcca12746, L:/127.0.0.1:65516 - R:localhost/127.0.0.1:50986]
14:57:44.022 [Forwarding screenshot on session b16f3b54142545f7c12269cb4fa1d95b to remote] DEBUG org.asynchttpclient.netty.request.NettyRequestSender - Using pooled Channel '[id: 0xcca12746, L:/127.0.0.1:65516 - R:localhost/127.0.0.1:50986]' for 'GET' to 'http://localhost:50986/session/b16f3b54142545f7c12269cb4fa1d95b/screenshot'
14:57:44.023 [Forwarding screenshot on session b16f3b54142545f7c12269cb4fa1d95b to remote] DEBUG org.asynchttpclient.netty.request.NettyRequestSender - Using open Channel [id: 0xcca12746, L:/127.0.0.1:65516 - R:localhost/127.0.0.1:50986] for GET '/session/b16f3b54142545f7c12269cb4fa1d95b/screenshot'
14:57:44.169 [AsyncHttpClient-1-6] DEBUG org.asynchttpclient.netty.handler.HttpHandler - 

Request DefaultFullHttpRequest(decodeResult: success, version: HTTP/1.1, content: EmptyByteBufBE)
GET /session/b16f3b54142545f7c12269cb4fa1d95b/screenshot HTTP/1.1
User-Agent: selenium/4.1.2 (java windows)
Cache-Control: no-cache
Content-Type: application/json; charset=utf-8
host: localhost:50986
accept: */*

Response DefaultHttpResponse(decodeResult: success, version: HTTP/1.1)
HTTP/1.1 200 OK
Content-Type: application/json; charset=utf-8
cache-control: no-cache
content-length: 34732

14:57:44.169 [AsyncHttpClient-1-6] DEBUG org.asynchttpclient.netty.channel.ChannelManager - Adding key: http://localhost:50986 for channel [id: 0xcca12746, L:/127.0.0.1:65516 - R:localhost/127.0.0.1:50986]
14:57:44.171 [main] DEBUG net.serenitybdd.core.photography.Darkroom - Send negative for processing for target\site\serenity\682fe3914340d394df007926ddf66e788dbfe1fafa33130b60b9ecad34baac1b.png
14:57:44.171 [main] DEBUG net.thucydides.core.steps.StepInterceptor - STEP DONE: inputEmail
  &amp#27;[32mAnd &amp#27;[0m&amp#27;[32mI input &amp#27;[0m&amp#27;[32m&amp#27;[1m"hakim001@gmail.com"&amp#27;[0m&amp#27;[32m Email&amp#27;[0m &amp#27;[90m# Starter.StepDefinitions.RegisterStep.iInputEmail(java.lang.String)&amp#27;[0m
14:57:44.171 [Darkroom Processing Line] DEBUG net.serenitybdd.core.photography.DarkroomProcessingLine - Processing screenshot image in /var/screenshots/screenshot-1307224798070264845
14:57:44.171 [Darkroom Processing Line] DEBUG net.serenitybdd.core.photography.DarkroomProcessingLine - Saving screenshot to target\site\serenity\682fe3914340d394df007926ddf66e788dbfe1fafa33130b60b9ecad34baac1b.png
14:57:44.185 [main] DEBUG net.thucydides.core.steps.StepInterceptor - STARTING STEP: RegisterStep.iInputPassword - inputPassword
14:57:44.186 [Forwarding findElement on session b16f3b54142545f7c12269cb4fa1d95b to remote] DEBUG org.asynchttpclient.netty.request.NettyRequestSender - Using pooled Channel '[id: 0xcca12746, L:/127.0.0.1:65516 - R:localhost/127.0.0.1:50986]' for 'POST' to 'http://localhost:50986/session/b16f3b54142545f7c12269cb4fa1d95b/element'
14:57:44.187 [Forwarding findElement on session b16f3b54142545f7c12269cb4fa1d95b to remote] DEBUG org.asynchttpclient.netty.request.NettyRequestSender - Using open Channel [id: 0xcca12746, L:/127.0.0.1:65516 - R:localhost/127.0.0.1:50986] for POST '/session/b16f3b54142545f7c12269cb4fa1d95b/element'
14:57:44.201 [AsyncHttpClient-1-6] DEBUG org.asynchttpclient.netty.handler.HttpHandler - 

Request DefaultHttpRequest(decodeResult: success, version: HTTP/1.1)
POST /session/b16f3b54142545f7c12269cb4fa1d95b/element HTTP/1.1
User-Agent: selenium/4.1.2 (java windows)
Content-Length: 94
Content-Type: application/json; charset=utf-8
host: localhost:50986
accept: */*

Response DefaultHttpResponse(decodeResult: success, version: HTTP/1.1)
HTTP/1.1 200 OK
Content-Type: application/json; charset=utf-8
cache-control: no-cache
content-length: 88

14:57:44.201 [AsyncHttpClient-1-6] DEBUG org.asynchttpclient.netty.channel.ChannelManager - Adding key: http://localhost:50986 for channel [id: 0xcca12746, L:/127.0.0.1:65516 - R:localhost/127.0.0.1:50986]
14:57:44.202 [Forwarding clearElement on session b16f3b54142545f7c12269cb4fa1d95b to remote] DEBUG org.asynchttpclient.netty.request.NettyRequestSender - Using pooled Channel '[id: 0xcca12746, L:/127.0.0.1:65516 - R:localhost/127.0.0.1:50986]' for 'POST' to 'http://localhost:50986/session/b16f3b54142545f7c12269cb4fa1d95b/element/ea9cb49a-dc39-4313-9588-5fbabf1504c1/clear'
14:57:44.202 [Forwarding clearElement on session b16f3b54142545f7c12269cb4fa1d95b to remote] DEBUG org.asynchttpclient.netty.request.NettyRequestSender - Using open Channel [id: 0xcca12746, L:/127.0.0.1:65516 - R:localhost/127.0.0.1:50986] for POST '/session/b16f3b54142545f7c12269cb4fa1d95b/element/ea9cb49a-dc39-4313-9588-5fbabf1504c1/clear'
14:57:44.239 [AsyncHttpClient-1-6] DEBUG org.asynchttpclient.netty.handler.HttpHandler - 

Request DefaultHttpRequest(decodeResult: success, version: HTTP/1.1)
POST /session/b16f3b54142545f7c12269cb4fa1d95b/element/ea9cb49a-dc39-4313-9588-5fbabf1504c1/clear HTTP/1.1
User-Agent: selenium/4.1.2 (java windows)
Content-Length: 50
Content-Type: application/json; charset=utf-8
host: localhost:50986
accept: */*

Response DefaultHttpResponse(decodeResult: success, version: HTTP/1.1)
HTTP/1.1 200 OK
Content-Type: application/json; charset=utf-8
cache-control: no-cache
content-length: 14

14:57:44.239 [AsyncHttpClient-1-6] DEBUG org.asynchttpclient.netty.channel.ChannelManager - Adding key: http://localhost:50986 for channel [id: 0xcca12746, L:/127.0.0.1:65516 - R:localhost/127.0.0.1:50986]
14:57:44.241 [Forwarding sendKeysToElement on session b16f3b54142545f7c12269cb4fa1d95b to remote] DEBUG org.asynchttpclient.netty.request.NettyRequestSender - Using pooled Channel '[id: 0xcca12746, L:/127.0.0.1:65516 - R:localhost/127.0.0.1:50986]' for 'POST' to 'http://localhost:50986/session/b16f3b54142545f7c12269cb4fa1d95b/element/ea9cb49a-dc39-4313-9588-5fbabf1504c1/value'
14:57:44.241 [Forwarding sendKeysToElement on session b16f3b54142545f7c12269cb4fa1d95b to remote] DEBUG org.asynchttpclient.netty.request.NettyRequestSender - Using open Channel [id: 0xcca12746, L:/127.0.0.1:65516 - R:localhost/127.0.0.1:50986] for POST '/session/b16f3b54142545f7c12269cb4fa1d95b/element/ea9cb49a-dc39-4313-9588-5fbabf1504c1/value'
14:57:44.336 [AsyncHttpClient-1-6] DEBUG org.asynchttpclient.netty.handler.HttpHandler - 

Request DefaultHttpRequest(decodeResult: success, version: HTTP/1.1)
POST /session/b16f3b54142545f7c12269cb4fa1d95b/element/ea9cb49a-dc39-4313-9588-5fbabf1504c1/value HTTP/1.1
User-Agent: selenium/4.1.2 (java windows)
Content-Length: 161
Content-Type: application/json; charset=utf-8
host: localhost:50986
accept: */*

Response DefaultHttpResponse(decodeResult: success, version: HTTP/1.1)
HTTP/1.1 200 OK
Content-Type: application/json; charset=utf-8
cache-control: no-cache
content-length: 14

14:57:44.336 [AsyncHttpClient-1-6] DEBUG org.asynchttpclient.netty.channel.ChannelManager - Adding key: http://localhost:50986 for channel [id: 0xcca12746, L:/127.0.0.1:65516 - R:localhost/127.0.0.1:50986]
14:57:44.342 [Forwarding screenshot on session b16f3b54142545f7c12269cb4fa1d95b to remote] DEBUG org.asynchttpclient.netty.request.NettyRequestSender - Using pooled Channel '[id: 0xcca12746, L:/127.0.0.1:65516 - R:localhost/127.0.0.1:50986]' for 'GET' to 'http://localhost:50986/session/b16f3b54142545f7c12269cb4fa1d95b/screenshot'
14:57:44.342 [Forwarding screenshot on session b16f3b54142545f7c12269cb4fa1d95b to remote] DEBUG org.asynchttpclient.netty.request.NettyRequestSender - Using open Channel [id: 0xcca12746, L:/127.0.0.1:65516 - R:localhost/127.0.0.1:50986] for GET '/session/b16f3b54142545f7c12269cb4fa1d95b/screenshot'
14:57:44.452 [AsyncHttpClient-1-6] DEBUG org.asynchttpclient.netty.handler.HttpHandler - 

Request DefaultFullHttpRequest(decodeResult: success, version: HTTP/1.1, content: EmptyByteBufBE)
GET /session/b16f3b54142545f7c12269cb4fa1d95b/screenshot HTTP/1.1
User-Agent: selenium/4.1.2 (java windows)
Cache-Control: no-cache
Content-Type: application/json; charset=utf-8
host: localhost:50986
accept: */*

Response DefaultHttpResponse(decodeResult: success, version: HTTP/1.1)
HTTP/1.1 200 OK
Content-Type: application/json; charset=utf-8
cache-control: no-cache
content-length: 35764

14:57:44.452 [AsyncHttpClient-1-6] DEBUG org.asynchttpclient.netty.channel.ChannelManager - Adding key: http://localhost:50986 for channel [id: 0xcca12746, L:/127.0.0.1:65516 - R:localhost/127.0.0.1:50986]
14:57:44.453 [main] DEBUG net.serenitybdd.core.photography.Darkroom - Send negative for processing for target\site\serenity\692a6e5a40712e3a2d4fc1c76e47a6515d074a17796eaf14edb8ca5709dcc540.png
14:57:44.454 [main] DEBUG net.thucydides.core.steps.StepInterceptor - STEP DONE: inputPassword
14:57:44.454 [Darkroom Processing Line] DEBUG net.serenitybdd.core.photography.DarkroomProcessingLine - Processing screenshot image in /var/screenshots/screenshot-8507962771430265578
  &amp#27;[32mAnd &amp#27;[0m&amp#27;[32mI input &amp#27;[0m&amp#27;[32m&amp#27;[1m"Valid@01"&amp#27;[0m&amp#27;[32m Password&amp#27;[0m        &amp#27;[90m# Starter.StepDefinitions.RegisterStep.iInputPassword(java.lang.String)&amp#27;[0m
14:57:44.454 [Darkroom Processing Line] DEBUG net.serenitybdd.core.photography.DarkroomProcessingLine - Saving screenshot to target\site\serenity\692a6e5a40712e3a2d4fc1c76e47a6515d074a17796eaf14edb8ca5709dcc540.png
14:57:44.473 [main] DEBUG net.thucydides.core.steps.StepInterceptor - STARTING STEP: RegisterStep.clickRegisterButton - scrollTo
14:57:44.475 [Forwarding findElement on session b16f3b54142545f7c12269cb4fa1d95b to remote] DEBUG org.asynchttpclient.netty.request.NettyRequestSender - Using pooled Channel '[id: 0xcca12746, L:/127.0.0.1:65516 - R:localhost/127.0.0.1:50986]' for 'POST' to 'http://localhost:50986/session/b16f3b54142545f7c12269cb4fa1d95b/element'
14:57:44.475 [Forwarding findElement on session b16f3b54142545f7c12269cb4fa1d95b to remote] DEBUG org.asynchttpclient.netty.request.NettyRequestSender - Using open Channel [id: 0xcca12746, L:/127.0.0.1:65516 - R:localhost/127.0.0.1:50986] for POST '/session/b16f3b54142545f7c12269cb4fa1d95b/element'
14:57:44.490 [AsyncHttpClient-1-6] DEBUG org.asynchttpclient.netty.handler.HttpHandler - 

Request DefaultHttpRequest(decodeResult: success, version: HTTP/1.1)
POST /session/b16f3b54142545f7c12269cb4fa1d95b/element HTTP/1.1
User-Agent: selenium/4.1.2 (java windows)
Content-Length: 73
Content-Type: application/json; charset=utf-8
host: localhost:50986
accept: */*

Response DefaultHttpResponse(decodeResult: success, version: HTTP/1.1)
HTTP/1.1 200 OK
Content-Type: application/json; charset=utf-8
cache-control: no-cache
content-length: 88

14:57:44.490 [AsyncHttpClient-1-6] DEBUG org.asynchttpclient.netty.channel.ChannelManager - Adding key: http://localhost:50986 for channel [id: 0xcca12746, L:/127.0.0.1:65516 - R:localhost/127.0.0.1:50986]
14:57:44.492 [Forwarding actions on session b16f3b54142545f7c12269cb4fa1d95b to remote] DEBUG org.asynchttpclient.netty.request.NettyRequestSender - Using pooled Channel '[id: 0xcca12746, L:/127.0.0.1:65516 - R:localhost/127.0.0.1:50986]' for 'POST' to 'http://localhost:50986/session/b16f3b54142545f7c12269cb4fa1d95b/actions'
14:57:44.492 [Forwarding actions on session b16f3b54142545f7c12269cb4fa1d95b to remote] DEBUG org.asynchttpclient.netty.request.NettyRequestSender - Using open Channel [id: 0xcca12746, L:/127.0.0.1:65516 - R:localhost/127.0.0.1:50986] for POST '/session/b16f3b54142545f7c12269cb4fa1d95b/actions'
14:57:44.636 [AsyncHttpClient-1-6] DEBUG org.asynchttpclient.netty.handler.HttpHandler - 

Request DefaultHttpRequest(decodeResult: success, version: HTTP/1.1)
POST /session/b16f3b54142545f7c12269cb4fa1d95b/actions HTTP/1.1
User-Agent: selenium/4.1.2 (java windows)
Content-Length: 480
Content-Type: application/json; charset=utf-8
host: localhost:50986
accept: */*

Response DefaultHttpResponse(decodeResult: success, version: HTTP/1.1)
HTTP/1.1 200 OK
Content-Type: application/json; charset=utf-8
cache-control: no-cache
content-length: 14

14:57:44.637 [AsyncHttpClient-1-6] DEBUG org.asynchttpclient.netty.channel.ChannelManager - Adding key: http://localhost:50986 for channel [id: 0xcca12746, L:/127.0.0.1:65516 - R:localhost/127.0.0.1:50986]
14:57:44.640 [Forwarding screenshot on session b16f3b54142545f7c12269cb4fa1d95b to remote] DEBUG org.asynchttpclient.netty.request.NettyRequestSender - Using pooled Channel '[id: 0xcca12746, L:/127.0.0.1:65516 - R:localhost/127.0.0.1:50986]' for 'GET' to 'http://localhost:50986/session/b16f3b54142545f7c12269cb4fa1d95b/screenshot'
14:57:44.640 [Forwarding screenshot on session b16f3b54142545f7c12269cb4fa1d95b to remote] DEBUG org.asynchttpclient.netty.request.NettyRequestSender - Using open Channel [id: 0xcca12746, L:/127.0.0.1:65516 - R:localhost/127.0.0.1:50986] for GET '/session/b16f3b54142545f7c12269cb4fa1d95b/screenshot'
14:57:44.755 [AsyncHttpClient-1-6] DEBUG org.asynchttpclient.netty.handler.HttpHandler - 

Request DefaultFullHttpRequest(decodeResult: success, version: HTTP/1.1, content: EmptyByteBufBE)
GET /session/b16f3b54142545f7c12269cb4fa1d95b/screenshot HTTP/1.1
User-Agent: selenium/4.1.2 (java windows)
Cache-Control: no-cache
Content-Type: application/json; charset=utf-8
host: localhost:50986
accept: */*

Response DefaultHttpResponse(decodeResult: success, version: HTTP/1.1)
HTTP/1.1 200 OK
Content-Type: application/json; charset=utf-8
cache-control: no-cache
content-length: 34764

14:57:44.755 [AsyncHttpClient-1-6] DEBUG org.asynchttpclient.netty.channel.ChannelManager - Adding key: http://localhost:50986 for channel [id: 0xcca12746, L:/127.0.0.1:65516 - R:localhost/127.0.0.1:50986]
14:57:44.758 [main] DEBUG net.serenitybdd.core.photography.Darkroom - Send negative for processing for target\site\serenity\935bfa04ebf44eda835490e9891fd1100a15d39f5c3e52960125c712636e79a3.png
14:57:44.758 [main] DEBUG net.thucydides.core.steps.StepInterceptor - STEP DONE: scrollTo
14:57:44.758 [Darkroom Processing Line] DEBUG net.serenitybdd.core.photography.DarkroomProcessingLine - Processing screenshot image in /var/screenshots/screenshot-6023368250473374559
14:57:44.758 [Darkroom Processing Line] DEBUG net.serenitybdd.core.photography.DarkroomProcessingLine - Saving screenshot to target\site\serenity\935bfa04ebf44eda835490e9891fd1100a15d39f5c3e52960125c712636e79a3.png
14:57:44.763 [main] DEBUG net.thucydides.core.steps.StepInterceptor - STARTING STEP: RegisterStep.clickRegisterButton - clickRegisterButton
14:57:44.766 [Forwarding findElement on session b16f3b54142545f7c12269cb4fa1d95b to remote] DEBUG org.asynchttpclient.netty.request.NettyRequestSender - Using pooled Channel '[id: 0xcca12746, L:/127.0.0.1:65516 - R:localhost/127.0.0.1:50986]' for 'POST' to 'http://localhost:50986/session/b16f3b54142545f7c12269cb4fa1d95b/element'
14:57:44.766 [Forwarding findElement on session b16f3b54142545f7c12269cb4fa1d95b to remote] DEBUG org.asynchttpclient.netty.request.NettyRequestSender - Using open Channel [id: 0xcca12746, L:/127.0.0.1:65516 - R:localhost/127.0.0.1:50986] for POST '/session/b16f3b54142545f7c12269cb4fa1d95b/element'
14:57:44.772 [AsyncHttpClient-1-6] DEBUG org.asynchttpclient.netty.handler.HttpHandler - 

Request DefaultHttpRequest(decodeResult: success, version: HTTP/1.1)
POST /session/b16f3b54142545f7c12269cb4fa1d95b/element HTTP/1.1
User-Agent: selenium/4.1.2 (java windows)
Content-Length: 164
Content-Type: application/json; charset=utf-8
host: localhost:50986
accept: */*

Response DefaultHttpResponse(decodeResult: success, version: HTTP/1.1)
HTTP/1.1 200 OK
Content-Type: application/json; charset=utf-8
cache-control: no-cache
content-length: 88

14:57:44.772 [AsyncHttpClient-1-6] DEBUG org.asynchttpclient.netty.channel.ChannelManager - Adding key: http://localhost:50986 for channel [id: 0xcca12746, L:/127.0.0.1:65516 - R:localhost/127.0.0.1:50986]
14:57:44.773 [Forwarding getElementTagName on session b16f3b54142545f7c12269cb4fa1d95b to remote] DEBUG org.asynchttpclient.netty.request.NettyRequestSender - Using pooled Channel '[id: 0xcca12746, L:/127.0.0.1:65516 - R:localhost/127.0.0.1:50986]' for 'GET' to 'http://localhost:50986/session/b16f3b54142545f7c12269cb4fa1d95b/element/83ebd310-b648-4692-a176-157ec6444861/name'
14:57:44.773 [Forwarding getElementTagName on session b16f3b54142545f7c12269cb4fa1d95b to remote] DEBUG org.asynchttpclient.netty.request.NettyRequestSender - Using open Channel [id: 0xcca12746, L:/127.0.0.1:65516 - R:localhost/127.0.0.1:50986] for GET '/session/b16f3b54142545f7c12269cb4fa1d95b/element/83ebd310-b648-4692-a176-157ec6444861/name'
14:57:44.776 [AsyncHttpClient-1-6] DEBUG org.asynchttpclient.netty.handler.HttpHandler - 

Request DefaultFullHttpRequest(decodeResult: success, version: HTTP/1.1, content: EmptyByteBufBE)
GET /session/b16f3b54142545f7c12269cb4fa1d95b/element/83ebd310-b648-4692-a176-157ec6444861/name HTTP/1.1
User-Agent: selenium/4.1.2 (java windows)
Cache-Control: no-cache
Content-Type: application/json; charset=utf-8
host: localhost:50986
accept: */*

Response DefaultHttpResponse(decodeResult: success, version: HTTP/1.1)
HTTP/1.1 200 OK
Content-Type: application/json; charset=utf-8
cache-control: no-cache
content-length: 16

14:57:44.777 [AsyncHttpClient-1-6] DEBUG org.asynchttpclient.netty.channel.ChannelManager - Adding key: http://localhost:50986 for channel [id: 0xcca12746, L:/127.0.0.1:65516 - R:localhost/127.0.0.1:50986]
14:57:44.777 [Forwarding getElementTagName on session b16f3b54142545f7c12269cb4fa1d95b to remote] DEBUG org.asynchttpclient.netty.request.NettyRequestSender - Using pooled Channel '[id: 0xcca12746, L:/127.0.0.1:65516 - R:localhost/127.0.0.1:50986]' for 'GET' to 'http://localhost:50986/session/b16f3b54142545f7c12269cb4fa1d95b/element/83ebd310-b648-4692-a176-157ec6444861/name'
14:57:44.777 [Forwarding getElementTagName on session b16f3b54142545f7c12269cb4fa1d95b to remote] DEBUG org.asynchttpclient.netty.request.NettyRequestSender - Using open Channel [id: 0xcca12746, L:/127.0.0.1:65516 - R:localhost/127.0.0.1:50986] for GET '/session/b16f3b54142545f7c12269cb4fa1d95b/element/83ebd310-b648-4692-a176-157ec6444861/name'
14:57:44.781 [AsyncHttpClient-1-6] DEBUG org.asynchttpclient.netty.handler.HttpHandler - 

Request DefaultFullHttpRequest(decodeResult: success, version: HTTP/1.1, content: EmptyByteBufBE)
GET /session/b16f3b54142545f7c12269cb4fa1d95b/element/83ebd310-b648-4692-a176-157ec6444861/name HTTP/1.1
User-Agent: selenium/4.1.2 (java windows)
Cache-Control: no-cache
Content-Type: application/json; charset=utf-8
host: localhost:50986
accept: */*

Response DefaultHttpResponse(decodeResult: success, version: HTTP/1.1)
HTTP/1.1 200 OK
Content-Type: application/json; charset=utf-8
cache-control: no-cache
content-length: 16

14:57:44.782 [AsyncHttpClient-1-6] DEBUG org.asynchttpclient.netty.channel.ChannelManager - Adding key: http://localhost:50986 for channel [id: 0xcca12746, L:/127.0.0.1:65516 - R:localhost/127.0.0.1:50986]
14:57:44.783 [Forwarding findElement on session b16f3b54142545f7c12269cb4fa1d95b to remote] DEBUG org.asynchttpclient.netty.request.NettyRequestSender - Using pooled Channel '[id: 0xcca12746, L:/127.0.0.1:65516 - R:localhost/127.0.0.1:50986]' for 'POST' to 'http://localhost:50986/session/b16f3b54142545f7c12269cb4fa1d95b/element'
14:57:44.783 [Forwarding findElement on session b16f3b54142545f7c12269cb4fa1d95b to remote] DEBUG org.asynchttpclient.netty.request.NettyRequestSender - Using open Channel [id: 0xcca12746, L:/127.0.0.1:65516 - R:localhost/127.0.0.1:50986] for POST '/session/b16f3b54142545f7c12269cb4fa1d95b/element'
14:57:44.789 [AsyncHttpClient-1-6] DEBUG org.asynchttpclient.netty.handler.HttpHandler - 

Request DefaultHttpRequest(decodeResult: success, version: HTTP/1.1)
POST /session/b16f3b54142545f7c12269cb4fa1d95b/element HTTP/1.1
User-Agent: selenium/4.1.2 (java windows)
Content-Length: 164
Content-Type: application/json; charset=utf-8
host: localhost:50986
accept: */*

Response DefaultHttpResponse(decodeResult: success, version: HTTP/1.1)
HTTP/1.1 200 OK
Content-Type: application/json; charset=utf-8
cache-control: no-cache
content-length: 88

14:57:44.789 [AsyncHttpClient-1-6] DEBUG org.asynchttpclient.netty.channel.ChannelManager - Adding key: http://localhost:50986 for channel [id: 0xcca12746, L:/127.0.0.1:65516 - R:localhost/127.0.0.1:50986]
14:57:44.790 [Forwarding clickElement on session b16f3b54142545f7c12269cb4fa1d95b to remote] DEBUG org.asynchttpclient.netty.request.NettyRequestSender - Using pooled Channel '[id: 0xcca12746, L:/127.0.0.1:65516 - R:localhost/127.0.0.1:50986]' for 'POST' to 'http://localhost:50986/session/b16f3b54142545f7c12269cb4fa1d95b/element/83ebd310-b648-4692-a176-157ec6444861/click'
14:57:44.790 [Forwarding clickElement on session b16f3b54142545f7c12269cb4fa1d95b to remote] DEBUG org.asynchttpclient.netty.request.NettyRequestSender - Using open Channel [id: 0xcca12746, L:/127.0.0.1:65516 - R:localhost/127.0.0.1:50986] for POST '/session/b16f3b54142545f7c12269cb4fa1d95b/element/83ebd310-b648-4692-a176-157ec6444861/click'
14:57:44.832 [AsyncHttpClient-1-6] DEBUG org.asynchttpclient.netty.handler.HttpHandler - 

Request DefaultHttpRequest(decodeResult: success, version: HTTP/1.1)
POST /session/b16f3b54142545f7c12269cb4fa1d95b/element/83ebd310-b648-4692-a176-157ec6444861/click HTTP/1.1
User-Agent: selenium/4.1.2 (java windows)
Content-Length: 50
Content-Type: application/json; charset=utf-8
host: localhost:50986
accept: */*

Response DefaultHttpResponse(decodeResult: success, version: HTTP/1.1)
HTTP/1.1 200 OK
Content-Type: application/json; charset=utf-8
cache-control: no-cache
content-length: 14

14:57:44.833 [AsyncHttpClient-1-6] DEBUG org.asynchttpclient.netty.channel.ChannelManager - Adding key: http://localhost:50986 for channel [id: 0xcca12746, L:/127.0.0.1:65516 - R:localhost/127.0.0.1:50986]
14:57:44.837 [Forwarding screenshot on session b16f3b54142545f7c12269cb4fa1d95b to remote] DEBUG org.asynchttpclient.netty.request.NettyRequestSender - Using pooled Channel '[id: 0xcca12746, L:/127.0.0.1:65516 - R:localhost/127.0.0.1:50986]' for 'GET' to 'http://localhost:50986/session/b16f3b54142545f7c12269cb4fa1d95b/screenshot'
14:57:44.837 [Forwarding screenshot on session b16f3b54142545f7c12269cb4fa1d95b to remote] DEBUG org.asynchttpclient.netty.request.NettyRequestSender - Using open Channel [id: 0xcca12746, L:/127.0.0.1:65516 - R:localhost/127.0.0.1:50986] for GET '/session/b16f3b54142545f7c12269cb4fa1d95b/screenshot'
14:57:44.951 [AsyncHttpClient-1-6] DEBUG org.asynchttpclient.netty.handler.HttpHandler - 

Request DefaultFullHttpRequest(decodeResult: success, version: HTTP/1.1, content: EmptyByteBufBE)
GET /session/b16f3b54142545f7c12269cb4fa1d95b/screenshot HTTP/1.1
User-Agent: selenium/4.1.2 (java windows)
Cache-Control: no-cache
Content-Type: application/json; charset=utf-8
host: localhost:50986
accept: */*

Response DefaultHttpResponse(decodeResult: success, version: HTTP/1.1)
HTTP/1.1 200 OK
Content-Type: application/json; charset=utf-8
cache-control: no-cache
content-length: 35080

14:57:44.951 [AsyncHttpClient-1-6] DEBUG org.asynchttpclient.netty.channel.ChannelManager - Adding key: http://localhost:50986 for channel [id: 0xcca12746, L:/127.0.0.1:65516 - R:localhost/127.0.0.1:50986]
14:57:44.953 [main] DEBUG net.serenitybdd.core.photography.Darkroom - Send negative for processing for target\site\serenity\b15cf5fb78f2b55faf2478a404f3c1102e54738298c6cc148ae0d2f41f4dbac6.png
14:57:44.953 [main] DEBUG net.thucydides.core.steps.StepInterceptor - STEP DONE: clickRegisterButton
  &amp#27;[32mAnd &amp#27;[0m&amp#27;[32mclick register button&amp#27;[0m              &amp#27;[90m# Starter.StepDefinitions.RegisterStep.clickRegisterButton()&amp#27;[0m
14:57:44.953 [Darkroom Processing Line] DEBUG net.serenitybdd.core.photography.DarkroomProcessingLine - Processing screenshot image in /var/screenshots/screenshot-13002439048665626462
14:57:44.953 [Darkroom Processing Line] DEBUG net.serenitybdd.core.photography.DarkroomProcessingLine - Saving screenshot to target\site\serenity\b15cf5fb78f2b55faf2478a404f3c1102e54738298c6cc148ae0d2f41f4dbac6.png
14:57:44.965 [main] DEBUG net.thucydides.core.steps.StepInterceptor - STARTING STEP: RegisterStep.iGetThe - errorFieldAlert
14:57:44.968 [Forwarding findElement on session b16f3b54142545f7c12269cb4fa1d95b to remote] DEBUG org.asynchttpclient.netty.request.NettyRequestSender - Using pooled Channel '[id: 0xcca12746, L:/127.0.0.1:65516 - R:localhost/127.0.0.1:50986]' for 'POST' to 'http://localhost:50986/session/b16f3b54142545f7c12269cb4fa1d95b/element'
14:57:44.968 [Forwarding findElement on session b16f3b54142545f7c12269cb4fa1d95b to remote] DEBUG org.asynchttpclient.netty.request.NettyRequestSender - Using open Channel [id: 0xcca12746, L:/127.0.0.1:65516 - R:localhost/127.0.0.1:50986] for POST '/session/b16f3b54142545f7c12269cb4fa1d95b/element'
14:57:44.969 [AsyncHttpClient-1-6] DEBUG org.asynchttpclient.netty.handler.HttpHandler - 

Request DefaultHttpRequest(decodeResult: success, version: HTTP/1.1)
POST /session/b16f3b54142545f7c12269cb4fa1d95b/element HTTP/1.1
User-Agent: selenium/4.1.2 (java windows)
Content-Length: 53
Content-Type: application/json; charset=utf-8
host: localhost:50986
accept: */*

Response DefaultHttpResponse(decodeResult: success, version: HTTP/1.1)
HTTP/1.1 400 Bad Request
Content-Type: application/json; charset=utf-8
cache-control: no-cache
content-length: 957

14:57:44.970 [AsyncHttpClient-1-6] DEBUG org.asynchttpclient.netty.channel.ChannelManager - Adding key: http://localhost:50986 for channel [id: 0xcca12746, L:/127.0.0.1:65516 - R:localhost/127.0.0.1:50986]
14:57:44.972 [Forwarding findElement on session b16f3b54142545f7c12269cb4fa1d95b to remote] DEBUG org.asynchttpclient.netty.request.NettyRequestSender - Using pooled Channel '[id: 0xcca12746, L:/127.0.0.1:65516 - R:localhost/127.0.0.1:50986]' for 'POST' to 'http://localhost:50986/session/b16f3b54142545f7c12269cb4fa1d95b/element'
14:57:44.972 [Forwarding findElement on session b16f3b54142545f7c12269cb4fa1d95b to remote] DEBUG org.asynchttpclient.netty.request.NettyRequestSender - Using open Channel [id: 0xcca12746, L:/127.0.0.1:65516 - R:localhost/127.0.0.1:50986] for POST '/session/b16f3b54142545f7c12269cb4fa1d95b/element'
14:57:45.003 [AsyncHttpClient-1-1] DEBUG org.asynchttpclient.netty.channel.DefaultChannelPool - Entry count for : http://localhost:65517 : 1
14:57:45.100 [AsyncHttpClient-1-6] DEBUG org.asynchttpclient.netty.handler.HttpHandler - 

Request DefaultHttpRequest(decodeResult: success, version: HTTP/1.1)
POST /session/b16f3b54142545f7c12269cb4fa1d95b/element HTTP/1.1
User-Agent: selenium/4.1.2 (java windows)
Content-Length: 63
Content-Type: application/json; charset=utf-8
host: localhost:50986
accept: */*

Response DefaultHttpResponse(decodeResult: success, version: HTTP/1.1)
HTTP/1.1 200 OK
Content-Type: application/json; charset=utf-8
cache-control: no-cache
content-length: 88

14:57:45.100 [AsyncHttpClient-1-6] DEBUG org.asynchttpclient.netty.channel.ChannelManager - Adding key: http://localhost:50986 for channel [id: 0xcca12746, L:/127.0.0.1:65516 - R:localhost/127.0.0.1:50986]
14:57:45.101 [Forwarding isElementSelected on session b16f3b54142545f7c12269cb4fa1d95b to remote] DEBUG org.asynchttpclient.netty.request.NettyRequestSender - Using pooled Channel '[id: 0xcca12746, L:/127.0.0.1:65516 - R:localhost/127.0.0.1:50986]' for 'GET' to 'http://localhost:50986/session/b16f3b54142545f7c12269cb4fa1d95b/element/ab285343-9c5e-475e-9bc6-309ef4e39ad2/selected'
14:57:45.101 [Forwarding isElementSelected on session b16f3b54142545f7c12269cb4fa1d95b to remote] DEBUG org.asynchttpclient.netty.request.NettyRequestSender - Using open Channel [id: 0xcca12746, L:/127.0.0.1:65516 - R:localhost/127.0.0.1:50986] for GET '/session/b16f3b54142545f7c12269cb4fa1d95b/element/ab285343-9c5e-475e-9bc6-309ef4e39ad2/selected'
14:57:45.110 [AsyncHttpClient-1-6] DEBUG org.asynchttpclient.netty.handler.HttpHandler - 

Request DefaultFullHttpRequest(decodeResult: success, version: HTTP/1.1, content: EmptyByteBufBE)
GET /session/b16f3b54142545f7c12269cb4fa1d95b/element/ab285343-9c5e-475e-9bc6-309ef4e39ad2/selected HTTP/1.1
User-Agent: selenium/4.1.2 (java windows)
Cache-Control: no-cache
Content-Type: application/json; charset=utf-8
host: localhost:50986
accept: */*

Response DefaultHttpResponse(decodeResult: success, version: HTTP/1.1)
HTTP/1.1 200 OK
Content-Type: application/json; charset=utf-8
cache-control: no-cache
content-length: 15

14:57:45.110 [AsyncHttpClient-1-6] DEBUG org.asynchttpclient.netty.channel.ChannelManager - Adding key: http://localhost:50986 for channel [id: 0xcca12746, L:/127.0.0.1:65516 - R:localhost/127.0.0.1:50986]
14:57:45.114 [Forwarding screenshot on session b16f3b54142545f7c12269cb4fa1d95b to remote] DEBUG org.asynchttpclient.netty.request.NettyRequestSender - Using pooled Channel '[id: 0xcca12746, L:/127.0.0.1:65516 - R:localhost/127.0.0.1:50986]' for 'GET' to 'http://localhost:50986/session/b16f3b54142545f7c12269cb4fa1d95b/screenshot'
14:57:45.114 [Forwarding screenshot on session b16f3b54142545f7c12269cb4fa1d95b to remote] DEBUG org.asynchttpclient.netty.request.NettyRequestSender - Using open Channel [id: 0xcca12746, L:/127.0.0.1:65516 - R:localhost/127.0.0.1:50986] for GET '/session/b16f3b54142545f7c12269cb4fa1d95b/screenshot'
14:57:45.288 [AsyncHttpClient-1-6] DEBUG org.asynchttpclient.netty.handler.HttpHandler - 

Request DefaultFullHttpRequest(decodeResult: success, version: HTTP/1.1, content: EmptyByteBufBE)
GET /session/b16f3b54142545f7c12269cb4fa1d95b/screenshot HTTP/1.1
User-Agent: selenium/4.1.2 (java windows)
Cache-Control: no-cache
Content-Type: application/json; charset=utf-8
host: localhost:50986
accept: */*

Response DefaultHttpResponse(decodeResult: success, version: HTTP/1.1)
HTTP/1.1 200 OK
Content-Type: application/json; charset=utf-8
cache-control: no-cache
content-length: 36476

14:57:45.288 [AsyncHttpClient-1-6] DEBUG org.asynchttpclient.netty.channel.ChannelManager - Adding key: http://localhost:50986 for channel [id: 0xcca12746, L:/127.0.0.1:65516 - R:localhost/127.0.0.1:50986]
14:57:45.290 [main] DEBUG net.serenitybdd.core.photography.Darkroom - Send negative for processing for target\site\serenity\4cc561bd7fc2d6d2c2d53ee8c320436976c88d95763e6766d93b181f34db3913.png
14:57:45.290 [main] DEBUG net.thucydides.core.steps.StepInterceptor - STEP DONE: errorFieldAlert
14:57:45.290 [Darkroom Processing Line] DEBUG net.serenitybdd.core.photography.DarkroomProcessingLine - Processing screenshot image in /var/screenshots/screenshot-11159640228284622482
14:57:45.290 [Darkroom Processing Line] DEBUG net.serenitybdd.core.photography.DarkroomProcessingLine - Saving screenshot to target\site\serenity\4cc561bd7fc2d6d2c2d53ee8c320436976c88d95763e6766d93b181f34db3913.png
14:57:45.294 [main] DEBUG net.thucydides.core.steps.StepInterceptor - STARTING STEP: RegisterStep.iGetThe - errorMessageAppears
14:57:45.296 [Forwarding findElement on session b16f3b54142545f7c12269cb4fa1d95b to remote] DEBUG org.asynchttpclient.netty.request.NettyRequestSender - Using pooled Channel '[id: 0xcca12746, L:/127.0.0.1:65516 - R:localhost/127.0.0.1:50986]' for 'POST' to 'http://localhost:50986/session/b16f3b54142545f7c12269cb4fa1d95b/element'
14:57:45.296 [Forwarding findElement on session b16f3b54142545f7c12269cb4fa1d95b to remote] DEBUG org.asynchttpclient.netty.request.NettyRequestSender - Using open Channel [id: 0xcca12746, L:/127.0.0.1:65516 - R:localhost/127.0.0.1:50986] for POST '/session/b16f3b54142545f7c12269cb4fa1d95b/element'
14:57:45.304 [AsyncHttpClient-1-6] DEBUG org.asynchttpclient.netty.handler.HttpHandler - 

Request DefaultHttpRequest(decodeResult: success, version: HTTP/1.1)
POST /session/b16f3b54142545f7c12269cb4fa1d95b/element HTTP/1.1
User-Agent: selenium/4.1.2 (java windows)
Content-Length: 63
Content-Type: application/json; charset=utf-8
host: localhost:50986
accept: */*

Response DefaultHttpResponse(decodeResult: success, version: HTTP/1.1)
HTTP/1.1 200 OK
Content-Type: application/json; charset=utf-8
cache-control: no-cache
content-length: 88

14:57:45.304 [AsyncHttpClient-1-6] DEBUG org.asynchttpclient.netty.channel.ChannelManager - Adding key: http://localhost:50986 for channel [id: 0xcca12746, L:/127.0.0.1:65516 - R:localhost/127.0.0.1:50986]
14:57:45.307 [Forwarding isElementDisplayed on session b16f3b54142545f7c12269cb4fa1d95b to remote] DEBUG org.asynchttpclient.netty.request.NettyRequestSender - Using pooled Channel '[id: 0xcca12746, L:/127.0.0.1:65516 - R:localhost/127.0.0.1:50986]' for 'POST' to 'http://localhost:50986/session/b16f3b54142545f7c12269cb4fa1d95b/execute/sync'
14:57:45.308 [Forwarding isElementDisplayed on session b16f3b54142545f7c12269cb4fa1d95b to remote] DEBUG org.asynchttpclient.netty.request.NettyRequestSender - Using open Channel [id: 0xcca12746, L:/127.0.0.1:65516 - R:localhost/127.0.0.1:50986] for POST '/session/b16f3b54142545f7c12269cb4fa1d95b/execute/sync'
14:57:45.322 [AsyncHttpClient-1-6] DEBUG org.asynchttpclient.netty.handler.HttpHandler - 

Request DefaultHttpRequest(decodeResult: success, version: HTTP/1.1)
POST /session/b16f3b54142545f7c12269cb4fa1d95b/execute/sync HTTP/1.1
User-Agent: selenium/4.1.2 (java windows)
Content-Length: 48780
Content-Type: application/json; charset=utf-8
host: localhost:50986
accept: */*

Response DefaultHttpResponse(decodeResult: success, version: HTTP/1.1)
HTTP/1.1 200 OK
Content-Type: application/json; charset=utf-8
cache-control: no-cache
content-length: 14

14:57:45.322 [AsyncHttpClient-1-6] DEBUG org.asynchttpclient.netty.channel.ChannelManager - Adding key: http://localhost:50986 for channel [id: 0xcca12746, L:/127.0.0.1:65516 - R:localhost/127.0.0.1:50986]
14:57:45.325 [main] DEBUG net.thucydides.core.steps.StepInterceptor - STEP DONE: errorMessageAppears
  &amp#27;[32mThen &amp#27;[0m&amp#27;[32mI Get the &amp#27;[0m&amp#27;[32m&amp#27;[1m"register page"&amp#27;[0m         &amp#27;[90m# Starter.StepDefinitions.RegisterStep.iGetThe(java.lang.String)&amp#27;[0m
14:57:45.335 [AsyncHttpClient-1-8] DEBUG org.asynchttpclient.netty.handler.WebSocketHandler - Channel Closed: [id: 0x216ab54e, L:/127.0.0.1:65525 ! R:localhost/127.0.0.1:65517] with attribute NettyResponseFuture{currentRetry=5,
	isDone=1,
	isCancelled=0,
	asyncHandler=org.asynchttpclient.ws.WebSocketUpgradeHandler@3dca11ab,
	nettyRequest=org.asynchttpclient.netty.request.NettyRequest@744dea02,
	future=java.util.concurrent.CompletableFuture@2b35ce6e[Completed normally],
	uri=ws://localhost:65517/devtools/browser/6ce044e0-3a3e-4348-8da3-27fdf12cb5d1,
	keepAlive=true,
	redirectCount=0,
	timeoutsHolder=null,
	inAuth=0,
	touch=1652687862108}
14:57:45.335 [AsyncHttpClient-1-8] DEBUG org.asynchttpclient.netty.channel.ChannelManager - Closing Channel [id: 0x216ab54e, L:/127.0.0.1:65525 ! R:localhost/127.0.0.1:65517] 
14:57:45.336 [Driver Command Executor] DEBUG org.asynchttpclient.netty.request.NettyRequestSender - Using pooled Channel '[id: 0xcca12746, L:/127.0.0.1:65516 - R:localhost/127.0.0.1:50986]' for 'DELETE' to 'http://localhost:50986/session/b16f3b54142545f7c12269cb4fa1d95b'
14:57:45.336 [Driver Command Executor] DEBUG org.asynchttpclient.netty.request.NettyRequestSender - Using open Channel [id: 0xcca12746, L:/127.0.0.1:65516 - R:localhost/127.0.0.1:50986] for DELETE '/session/b16f3b54142545f7c12269cb4fa1d95b'
14:57:45.408 [AsyncHttpClient-1-7] DEBUG org.asynchttpclient.netty.handler.HttpHandler - Unexpected I/O exception on channel [id: 0x36b3f5d7, L:/127.0.0.1:65524 - R:localhost/127.0.0.1:65517]
java.net.SocketException: Connection reset
	at java.base/sun.nio.ch.SocketChannelImpl.throwConnectionReset(SocketChannelImpl.java:367)
	at java.base/sun.nio.ch.SocketChannelImpl.read(SocketChannelImpl.java:398)
	at io.netty.buffer.PooledByteBuf.setBytes(PooledByteBuf.java:258)
	at io.netty.buffer.AbstractByteBuf.writeBytes(AbstractByteBuf.java:1132)
	at io.netty.channel.socket.nio.NioSocketChannel.doReadBytes(NioSocketChannel.java:350)
	at io.netty.channel.nio.AbstractNioByteChannel$NioByteUnsafe.read(AbstractNioByteChannel.java:151)
	at io.netty.channel.nio.NioEventLoop.processSelectedKey(NioEventLoop.java:722)
	at io.netty.channel.nio.NioEventLoop.processSelectedKeysOptimized(NioEventLoop.java:658)
	at io.netty.channel.nio.NioEventLoop.processSelectedKeys(NioEventLoop.java:584)
	at io.netty.channel.nio.NioEventLoop.run(NioEventLoop.java:496)
	at io.netty.util.concurrent.SingleThreadEventExecutor$4.run(SingleThreadEventExecutor.java:986)
	at io.netty.util.internal.ThreadExecutorMap$2.run(ThreadExecutorMap.java:74)
	at io.netty.util.concurrent.FastThreadLocalRunnable.run(FastThreadLocalRunnable.java:30)
	at java.base/java.lang.Thread.run(Thread.java:832)
14:57:45.408 [AsyncHttpClient-1-7] DEBUG org.asynchttpclient.netty.channel.ChannelManager - Closing Channel [id: 0x36b3f5d7, L:/127.0.0.1:65524 - R:localhost/127.0.0.1:65517] 
14:57:45.408 [AsyncHttpClient-1-7] DEBUG org.asynchttpclient.netty.handler.HttpHandler - Channel Closed: [id: 0x36b3f5d7, L:/127.0.0.1:65524 ! R:localhost/127.0.0.1:65517] with attribute DISCARD
14:57:45.441 [AsyncHttpClient-1-6] DEBUG org.asynchttpclient.netty.handler.HttpHandler - 

Request DefaultFullHttpRequest(decodeResult: success, version: HTTP/1.1, content: EmptyByteBufBE)
DELETE /session/b16f3b54142545f7c12269cb4fa1d95b HTTP/1.1
User-Agent: selenium/4.1.2 (java windows)
Content-Type: application/json; charset=utf-8
host: localhost:50986
accept: */*

Response DefaultHttpResponse(decodeResult: success, version: HTTP/1.1)
HTTP/1.1 200 OK
Content-Type: application/json; charset=utf-8
cache-control: no-cache
content-length: 14

14:57:45.442 [AsyncHttpClient-1-6] DEBUG org.asynchttpclient.netty.channel.ChannelManager - Adding key: http://localhost:50986 for channel [id: 0xcca12746, L:/127.0.0.1:65516 - R:localhost/127.0.0.1:50986]
14:57:45.527 [AsyncHttpClient-1-6] DEBUG org.asynchttpclient.netty.handler.HttpHandler - Channel Closed: [id: 0xcca12746, L:/127.0.0.1:65516 ! R:localhost/127.0.0.1:50986] with attribute DISCARD
]]></system-out>
    <system-err><![CDATA[Starting ChromeDriver 101.0.4951.41 (93c720db8323b3ec10d056025ab95c23a31997c9-refs/branch-heads/4951@{#904}) on port 50986
Only local connections are allowed.
Please see https://chromedriver.chromium.org/security-considerations for suggestions on keeping ChromeDriver safe.
ChromeDriver was started successfully.
May 16, 2022 2:57:42 PM org.openqa.selenium.remote.ProtocolHandshake createSession
INFO: Detected dialect: W3C
May 16, 2022 2:57:42 PM org.openqa.selenium.devtools.CdpVersionFinder findNearestMatch
WARNING: Unable to find an exact match for CDP version 101, so returning the closest version found: 97
May 16, 2022 2:57:42 PM org.openqa.selenium.devtools.CdpVersionFinder findNearestMatch
INFO: Found CDP implementation for version 101 of 97
]]></system-err>
  </testcase>
  <testcase name="Register scenario #4" classname="Register" time="5.062">
    <system-out><![CDATA[
@Register
Scenario Outline: Register scenario &amp#27;[90m# src/test/resources/features/Register.feature:20&amp#27;[0m
14:57:46.064 [main] INFO io.cucumber.core.plugin.SerenityReporter - Running feature from file:///D:/data%20hakim/Mini%20Project%20Alterra/WebAlta/src/test/resources/features/Register.feature
14:57:46.081 [main] INFO net.serenitybdd.core.webdriver.driverproviders.ChromeDriverProvider - Using automatically driver download
14:57:46.103 [AsyncHttpClient-1-1] DEBUG org.asynchttpclient.netty.channel.DefaultChannelPool - Entry count for : http://localhost:65517 : 1
14:57:46.103 [AsyncHttpClient-1-1] DEBUG org.asynchttpclient.netty.channel.DefaultChannelPool - Entry count for : http://localhost:50986 : 1
14:57:46.103 [AsyncHttpClient-1-1] DEBUG org.asynchttpclient.netty.channel.DefaultChannelPool - Adding Candidate expired Channel [id: 0x36b3f5d7, L:/127.0.0.1:65524 ! R:localhost/127.0.0.1:65517] isIdleTimeoutExpired=false isRemotelyClosed=true isTtlExpired=false
14:57:46.103 [AsyncHttpClient-1-1] DEBUG org.asynchttpclient.netty.channel.DefaultChannelPool - Closing Idle Channel [id: 0x36b3f5d7, L:/127.0.0.1:65524 ! R:localhost/127.0.0.1:65517]
14:57:46.103 [AsyncHttpClient-1-1] DEBUG org.asynchttpclient.netty.channel.DefaultChannelPool - Adding Candidate expired Channel [id: 0xcca12746, L:/127.0.0.1:65516 ! R:localhost/127.0.0.1:50986] isIdleTimeoutExpired=false isRemotelyClosed=true isTtlExpired=false
14:57:46.103 [AsyncHttpClient-1-1] DEBUG org.asynchttpclient.netty.channel.DefaultChannelPool - Closing Idle Channel [id: 0xcca12746, L:/127.0.0.1:65516 ! R:localhost/127.0.0.1:50986]
14:57:46.103 [AsyncHttpClient-1-1] DEBUG org.asynchttpclient.netty.channel.DefaultChannelPool - Closed 2 connections out of 2 in 0 ms
14:57:46.204 [main] DEBUG io.github.bonigarcia.wdm.cache.ResolutionCache - Resolution chrome=101 in cache (valid until 15:32:06 16/05/2022 WIB)
14:57:46.206 [main] DEBUG io.github.bonigarcia.wdm.cache.ResolutionCache - Resolution chrome101=101.0.4951.41 in cache (valid until 14:32:06 17/05/2022 WIB)
14:57:46.207 [main] INFO io.github.bonigarcia.wdm.WebDriverManager - Using chromedriver 101.0.4951.41 (resolved driver for Chrome 101)
14:57:46.218 [main] DEBUG io.github.bonigarcia.wdm.WebDriverManager - Driver chromedriver 101.0.4951.41 found in cache
14:57:46.219 [main] INFO io.github.bonigarcia.wdm.WebDriverManager - Exporting webdriver.chrome.driver as C:\Users\hp pc\.cache\selenium\chromedriver\win32\101.0.4951.41\chromedriver.exe
14:57:46.315 [main] DEBUG net.serenitybdd.core.webdriver.driverproviders.ProvideNewDriver - Instantiating driver
14:57:46.315 [main] DEBUG net.serenitybdd.core.webdriver.driverproviders.ProvideNewDriver - Driver capabilities: Capabilities {acceptInsecureCerts: false, base.url: https://qa.alta.id/, browserName: chrome, chrome.driver: src/test/resources/webdrive..., driver: chrome, goog:chromeOptions: {args: [], extensions: []}}
14:57:46.865 [AsyncHttpClient-1-9] DEBUG org.asynchttpclient.netty.channel.NettyConnectListener - Using new Channel '[id: 0xa306cf21, L:/127.0.0.1:49160 - R:localhost/127.0.0.1:58327]' for 'POST' to '/session'
14:57:47.575 [AsyncHttpClient-1-9] DEBUG org.asynchttpclient.netty.handler.HttpHandler - 

Request DefaultHttpRequest(decodeResult: success, version: HTTP/1.1)
POST /session HTTP/1.1
User-Agent: selenium/4.1.2 (java windows)
Content-Length: 605
Content-Type: application/json; charset=utf-8
host: localhost:58327
accept: */*

Response DefaultHttpResponse(decodeResult: success, version: HTTP/1.1)
HTTP/1.1 200 OK
Content-Type: application/json; charset=utf-8
cache-control: no-cache
content-length: 791

14:57:47.575 [AsyncHttpClient-1-9] DEBUG org.asynchttpclient.netty.channel.ChannelManager - Adding key: http://localhost:58327 for channel [id: 0xa306cf21, L:/127.0.0.1:49160 - R:localhost/127.0.0.1:58327]
14:57:47.590 [AsyncHttpClient-1-2] DEBUG org.asynchttpclient.netty.channel.NettyConnectListener - Using new Channel '[id: 0xf0e62119, L:/127.0.0.1:49167 - R:localhost/127.0.0.1:49161]' for 'GET' to '/json/version'
14:57:47.592 [AsyncHttpClient-1-2] DEBUG org.asynchttpclient.netty.handler.HttpHandler - 

Request DefaultFullHttpRequest(decodeResult: success, version: HTTP/1.1, content: EmptyByteBufBE)
GET /json/version HTTP/1.1
User-Agent: selenium/4.1.2 (java windows)
host: localhost:49161
accept: */*

Response DefaultHttpResponse(decodeResult: success, version: HTTP/1.1)
HTTP/1.1 200 OK
Content-Type: application/json; charset=UTF-8
content-length: 427

14:57:47.592 [AsyncHttpClient-1-2] DEBUG org.asynchttpclient.netty.channel.ChannelManager - Adding key: http://localhost:49161 for channel [id: 0xf0e62119, L:/127.0.0.1:49167 - R:localhost/127.0.0.1:49161]
14:57:47.598 [AsyncHttpClient-1-3] DEBUG org.asynchttpclient.netty.channel.NettyConnectListener - Using new Channel '[id: 0x9597e9fb, L:/127.0.0.1:49168 - R:localhost/127.0.0.1:49161]' for 'GET' to '/devtools/browser/b5bc0970-423b-405e-abd9-0a03483cc314'
14:57:47.599 [AsyncHttpClient-1-3] DEBUG org.asynchttpclient.netty.handler.WebSocketHandler - 

Request DefaultFullHttpRequest(decodeResult: success, version: HTTP/1.1, content: EmptyByteBufBE)
GET /devtools/browser/b5bc0970-423b-405e-abd9-0a03483cc314 HTTP/1.1
upgrade: websocket
connection: upgrade
sec-websocket-key: ZT4HRxLH/KDuy0vppSaynw==
sec-websocket-version: 13
origin: http://localhost:49161
host: localhost:49161
accept: */*
user-agent: AHC/2.1

Response DefaultHttpResponse(decodeResult: success, version: HTTP/1.1)
HTTP/1.1 101 WebSocket Protocol Handshake
Upgrade: WebSocket
Connection: Upgrade
Sec-WebSocket-Accept: T80YYLqjt7nxTykt4vqVzNND7Co=

14:57:47.603 [Forwarding maximizeCurrentWindow on session d731769f486a981010245ba4e1e40075 to remote] DEBUG org.asynchttpclient.netty.request.NettyRequestSender - Using pooled Channel '[id: 0xa306cf21, L:/127.0.0.1:49160 - R:localhost/127.0.0.1:58327]' for 'POST' to 'http://localhost:58327/session/d731769f486a981010245ba4e1e40075/window/maximize'
14:57:47.603 [Forwarding maximizeCurrentWindow on session d731769f486a981010245ba4e1e40075 to remote] DEBUG org.asynchttpclient.netty.request.NettyRequestSender - Using open Channel [id: 0xa306cf21, L:/127.0.0.1:49160 - R:localhost/127.0.0.1:58327] for POST '/session/d731769f486a981010245ba4e1e40075/window/maximize'
14:57:47.731 [AsyncHttpClient-1-9] DEBUG org.asynchttpclient.netty.handler.HttpHandler - 

Request DefaultHttpRequest(decodeResult: success, version: HTTP/1.1)
POST /session/d731769f486a981010245ba4e1e40075/window/maximize HTTP/1.1
User-Agent: selenium/4.1.2 (java windows)
Content-Length: 3
Content-Type: application/json; charset=utf-8
host: localhost:58327
accept: */*

Response DefaultHttpResponse(decodeResult: success, version: HTTP/1.1)
HTTP/1.1 200 OK
Content-Type: application/json; charset=utf-8
cache-control: no-cache
content-length: 51

14:57:47.731 [AsyncHttpClient-1-9] DEBUG org.asynchttpclient.netty.channel.ChannelManager - Adding key: http://localhost:58327 for channel [id: 0xa306cf21, L:/127.0.0.1:49160 - R:localhost/127.0.0.1:58327]
14:57:47.732 [Forwarding get on session d731769f486a981010245ba4e1e40075 to remote] DEBUG org.asynchttpclient.netty.request.NettyRequestSender - Using pooled Channel '[id: 0xa306cf21, L:/127.0.0.1:49160 - R:localhost/127.0.0.1:58327]' for 'POST' to 'http://localhost:58327/session/d731769f486a981010245ba4e1e40075/url'
14:57:47.732 [Forwarding get on session d731769f486a981010245ba4e1e40075 to remote] DEBUG org.asynchttpclient.netty.request.NettyRequestSender - Using open Channel [id: 0xa306cf21, L:/127.0.0.1:49160 - R:localhost/127.0.0.1:58327] for POST '/session/d731769f486a981010245ba4e1e40075/url'
14:57:48.301 [AsyncHttpClient-1-1] DEBUG org.asynchttpclient.netty.channel.DefaultChannelPool - Entry count for : http://localhost:49161 : 1
14:57:48.616 [AsyncHttpClient-1-9] DEBUG org.asynchttpclient.netty.handler.HttpHandler - 

Request DefaultHttpRequest(decodeResult: success, version: HTTP/1.1)
POST /session/d731769f486a981010245ba4e1e40075/url HTTP/1.1
User-Agent: selenium/4.1.2 (java windows)
Content-Length: 67
Content-Type: application/json; charset=utf-8
host: localhost:58327
accept: */*

Response DefaultHttpResponse(decodeResult: success, version: HTTP/1.1)
HTTP/1.1 200 OK
Content-Type: application/json; charset=utf-8
cache-control: no-cache
content-length: 14

14:57:48.616 [AsyncHttpClient-1-9] DEBUG org.asynchttpclient.netty.channel.ChannelManager - Adding key: http://localhost:58327 for channel [id: 0xa306cf21, L:/127.0.0.1:49160 - R:localhost/127.0.0.1:58327]
14:57:48.617 [Forwarding setTimeout on session d731769f486a981010245ba4e1e40075 to remote] DEBUG org.asynchttpclient.netty.request.NettyRequestSender - Using pooled Channel '[id: 0xa306cf21, L:/127.0.0.1:49160 - R:localhost/127.0.0.1:58327]' for 'POST' to 'http://localhost:58327/session/d731769f486a981010245ba4e1e40075/timeouts'
14:57:48.617 [Forwarding setTimeout on session d731769f486a981010245ba4e1e40075 to remote] DEBUG org.asynchttpclient.netty.request.NettyRequestSender - Using open Channel [id: 0xa306cf21, L:/127.0.0.1:49160 - R:localhost/127.0.0.1:58327] for POST '/session/d731769f486a981010245ba4e1e40075/timeouts'
14:57:48.618 [AsyncHttpClient-1-9] DEBUG org.asynchttpclient.netty.handler.HttpHandler - 

Request DefaultHttpRequest(decodeResult: success, version: HTTP/1.1)
POST /session/d731769f486a981010245ba4e1e40075/timeouts HTTP/1.1
User-Agent: selenium/4.1.2 (java windows)
Content-Length: 22
Content-Type: application/json; charset=utf-8
host: localhost:58327
accept: */*

Response DefaultHttpResponse(decodeResult: success, version: HTTP/1.1)
HTTP/1.1 200 OK
Content-Type: application/json; charset=utf-8
cache-control: no-cache
content-length: 14

14:57:48.618 [AsyncHttpClient-1-9] DEBUG org.asynchttpclient.netty.channel.ChannelManager - Adding key: http://localhost:58327 for channel [id: 0xa306cf21, L:/127.0.0.1:49160 - R:localhost/127.0.0.1:58327]
14:57:48.620 [Forwarding getCurrentUrl on session d731769f486a981010245ba4e1e40075 to remote] DEBUG org.asynchttpclient.netty.request.NettyRequestSender - Using pooled Channel '[id: 0xa306cf21, L:/127.0.0.1:49160 - R:localhost/127.0.0.1:58327]' for 'GET' to 'http://localhost:58327/session/d731769f486a981010245ba4e1e40075/url'
14:57:48.620 [Forwarding getCurrentUrl on session d731769f486a981010245ba4e1e40075 to remote] DEBUG org.asynchttpclient.netty.request.NettyRequestSender - Using open Channel [id: 0xa306cf21, L:/127.0.0.1:49160 - R:localhost/127.0.0.1:58327] for GET '/session/d731769f486a981010245ba4e1e40075/url'
14:57:48.624 [AsyncHttpClient-1-9] DEBUG org.asynchttpclient.netty.handler.HttpHandler - 

Request DefaultFullHttpRequest(decodeResult: success, version: HTTP/1.1, content: EmptyByteBufBE)
GET /session/d731769f486a981010245ba4e1e40075/url HTTP/1.1
User-Agent: selenium/4.1.2 (java windows)
Cache-Control: no-cache
Content-Type: application/json; charset=utf-8
host: localhost:58327
accept: */*

Response DefaultHttpResponse(decodeResult: success, version: HTTP/1.1)
HTTP/1.1 200 OK
Content-Type: application/json; charset=utf-8
cache-control: no-cache
content-length: 44

14:57:48.624 [AsyncHttpClient-1-9] DEBUG org.asynchttpclient.netty.channel.ChannelManager - Adding key: http://localhost:58327 for channel [id: 0xa306cf21, L:/127.0.0.1:49160 - R:localhost/127.0.0.1:58327]
14:57:48.629 [Forwarding screenshot on session d731769f486a981010245ba4e1e40075 to remote] DEBUG org.asynchttpclient.netty.request.NettyRequestSender - Using pooled Channel '[id: 0xa306cf21, L:/127.0.0.1:49160 - R:localhost/127.0.0.1:58327]' for 'GET' to 'http://localhost:58327/session/d731769f486a981010245ba4e1e40075/screenshot'
14:57:48.630 [Forwarding screenshot on session d731769f486a981010245ba4e1e40075 to remote] DEBUG org.asynchttpclient.netty.request.NettyRequestSender - Using open Channel [id: 0xa306cf21, L:/127.0.0.1:49160 - R:localhost/127.0.0.1:58327] for GET '/session/d731769f486a981010245ba4e1e40075/screenshot'
14:57:48.753 [AsyncHttpClient-1-9] DEBUG org.asynchttpclient.netty.handler.HttpHandler - 

Request DefaultFullHttpRequest(decodeResult: success, version: HTTP/1.1, content: EmptyByteBufBE)
GET /session/d731769f486a981010245ba4e1e40075/screenshot HTTP/1.1
User-Agent: selenium/4.1.2 (java windows)
Cache-Control: no-cache
Content-Type: application/json; charset=utf-8
host: localhost:58327
accept: */*

Response DefaultHttpResponse(decodeResult: success, version: HTTP/1.1)
HTTP/1.1 200 OK
Content-Type: application/json; charset=utf-8
cache-control: no-cache
content-length: 29612

14:57:48.754 [AsyncHttpClient-1-9] DEBUG org.asynchttpclient.netty.channel.ChannelManager - Adding key: http://localhost:58327 for channel [id: 0xa306cf21, L:/127.0.0.1:49160 - R:localhost/127.0.0.1:58327]
14:57:48.755 [main] DEBUG net.serenitybdd.core.photography.Darkroom - Send negative for processing for target\site\serenity\fbcccbfc142cbf792a2bfdff1d2e9f24344bbc61d767f43922554c6ad0002405.png
14:57:48.755 [main] DEBUG net.thucydides.core.steps.StepInterceptor - STARTING STEP: RegisterStep.iAmOnTheRegisterPage - validateOnRegisterPage
14:57:48.757 [Forwarding findElement on session d731769f486a981010245ba4e1e40075 to remote] DEBUG org.asynchttpclient.netty.request.NettyRequestSender - Using pooled Channel '[id: 0xa306cf21, L:/127.0.0.1:49160 - R:localhost/127.0.0.1:58327]' for 'POST' to 'http://localhost:58327/session/d731769f486a981010245ba4e1e40075/element'
14:57:48.757 [Forwarding findElement on session d731769f486a981010245ba4e1e40075 to remote] DEBUG org.asynchttpclient.netty.request.NettyRequestSender - Using open Channel [id: 0xa306cf21, L:/127.0.0.1:49160 - R:localhost/127.0.0.1:58327] for POST '/session/d731769f486a981010245ba4e1e40075/element'
14:57:48.766 [AsyncHttpClient-1-9] DEBUG org.asynchttpclient.netty.handler.HttpHandler - 

Request DefaultHttpRequest(decodeResult: success, version: HTTP/1.1)
POST /session/d731769f486a981010245ba4e1e40075/element HTTP/1.1
User-Agent: selenium/4.1.2 (java windows)
Content-Length: 164
Content-Type: application/json; charset=utf-8
host: localhost:58327
accept: */*

Response DefaultHttpResponse(decodeResult: success, version: HTTP/1.1)
HTTP/1.1 200 OK
Content-Type: application/json; charset=utf-8
cache-control: no-cache
content-length: 88

14:57:48.766 [AsyncHttpClient-1-9] DEBUG org.asynchttpclient.netty.channel.ChannelManager - Adding key: http://localhost:58327 for channel [id: 0xa306cf21, L:/127.0.0.1:49160 - R:localhost/127.0.0.1:58327]
14:57:48.769 [Forwarding isElementDisplayed on session d731769f486a981010245ba4e1e40075 to remote] DEBUG org.asynchttpclient.netty.request.NettyRequestSender - Using pooled Channel '[id: 0xa306cf21, L:/127.0.0.1:49160 - R:localhost/127.0.0.1:58327]' for 'POST' to 'http://localhost:58327/session/d731769f486a981010245ba4e1e40075/execute/sync'
14:57:48.769 [Forwarding isElementDisplayed on session d731769f486a981010245ba4e1e40075 to remote] DEBUG org.asynchttpclient.netty.request.NettyRequestSender - Using open Channel [id: 0xa306cf21, L:/127.0.0.1:49160 - R:localhost/127.0.0.1:58327] for POST '/session/d731769f486a981010245ba4e1e40075/execute/sync'
14:57:48.781 [AsyncHttpClient-1-9] DEBUG org.asynchttpclient.netty.handler.HttpHandler - 

Request DefaultHttpRequest(decodeResult: success, version: HTTP/1.1)
POST /session/d731769f486a981010245ba4e1e40075/execute/sync HTTP/1.1
User-Agent: selenium/4.1.2 (java windows)
Content-Length: 48780
Content-Type: application/json; charset=utf-8
host: localhost:58327
accept: */*

Response DefaultHttpResponse(decodeResult: success, version: HTTP/1.1)
HTTP/1.1 200 OK
Content-Type: application/json; charset=utf-8
cache-control: no-cache
content-length: 14

14:57:48.781 [AsyncHttpClient-1-9] DEBUG org.asynchttpclient.netty.channel.ChannelManager - Adding key: http://localhost:58327 for channel [id: 0xa306cf21, L:/127.0.0.1:49160 - R:localhost/127.0.0.1:58327]
14:57:48.783 [main] DEBUG net.thucydides.core.steps.StepInterceptor - STEP DONE: validateOnRegisterPage
  &amp#27;[32mGiven &amp#27;[0m&amp#27;[32mI am on the register page&amp#27;[0m   &amp#27;[90m# Starter.StepDefinitions.RegisterStep.iAmOnTheRegisterPage()&amp#27;[0m
14:57:48.791 [main] DEBUG net.thucydides.core.steps.StepInterceptor - STARTING STEP: RegisterStep.iInputFullName - inputFullName
14:57:48.793 [Forwarding findElement on session d731769f486a981010245ba4e1e40075 to remote] DEBUG org.asynchttpclient.netty.request.NettyRequestSender - Using pooled Channel '[id: 0xa306cf21, L:/127.0.0.1:49160 - R:localhost/127.0.0.1:58327]' for 'POST' to 'http://localhost:58327/session/d731769f486a981010245ba4e1e40075/element'
14:57:48.793 [Forwarding findElement on session d731769f486a981010245ba4e1e40075 to remote] DEBUG org.asynchttpclient.netty.request.NettyRequestSender - Using open Channel [id: 0xa306cf21, L:/127.0.0.1:49160 - R:localhost/127.0.0.1:58327] for POST '/session/d731769f486a981010245ba4e1e40075/element'
14:57:48.805 [AsyncHttpClient-1-9] DEBUG org.asynchttpclient.netty.handler.HttpHandler - 

Request DefaultHttpRequest(decodeResult: success, version: HTTP/1.1)
POST /session/d731769f486a981010245ba4e1e40075/element HTTP/1.1
User-Agent: selenium/4.1.2 (java windows)
Content-Length: 98
Content-Type: application/json; charset=utf-8
host: localhost:58327
accept: */*

Response DefaultHttpResponse(decodeResult: success, version: HTTP/1.1)
HTTP/1.1 200 OK
Content-Type: application/json; charset=utf-8
cache-control: no-cache
content-length: 88

14:57:48.805 [AsyncHttpClient-1-9] DEBUG org.asynchttpclient.netty.channel.ChannelManager - Adding key: http://localhost:58327 for channel [id: 0xa306cf21, L:/127.0.0.1:49160 - R:localhost/127.0.0.1:58327]
14:57:48.805 [Forwarding clearElement on session d731769f486a981010245ba4e1e40075 to remote] DEBUG org.asynchttpclient.netty.request.NettyRequestSender - Using pooled Channel '[id: 0xa306cf21, L:/127.0.0.1:49160 - R:localhost/127.0.0.1:58327]' for 'POST' to 'http://localhost:58327/session/d731769f486a981010245ba4e1e40075/element/602cf099-5c87-472a-9bbd-3fd3693539f8/clear'
14:57:48.805 [Forwarding clearElement on session d731769f486a981010245ba4e1e40075 to remote] DEBUG org.asynchttpclient.netty.request.NettyRequestSender - Using open Channel [id: 0xa306cf21, L:/127.0.0.1:49160 - R:localhost/127.0.0.1:58327] for POST '/session/d731769f486a981010245ba4e1e40075/element/602cf099-5c87-472a-9bbd-3fd3693539f8/clear'
14:57:48.839 [AsyncHttpClient-1-9] DEBUG org.asynchttpclient.netty.handler.HttpHandler - 

Request DefaultHttpRequest(decodeResult: success, version: HTTP/1.1)
POST /session/d731769f486a981010245ba4e1e40075/element/602cf099-5c87-472a-9bbd-3fd3693539f8/clear HTTP/1.1
User-Agent: selenium/4.1.2 (java windows)
Content-Length: 50
Content-Type: application/json; charset=utf-8
host: localhost:58327
accept: */*

Response DefaultHttpResponse(decodeResult: success, version: HTTP/1.1)
HTTP/1.1 200 OK
Content-Type: application/json; charset=utf-8
cache-control: no-cache
content-length: 14

14:57:48.839 [AsyncHttpClient-1-9] DEBUG org.asynchttpclient.netty.channel.ChannelManager - Adding key: http://localhost:58327 for channel [id: 0xa306cf21, L:/127.0.0.1:49160 - R:localhost/127.0.0.1:58327]
14:57:48.841 [Forwarding sendKeysToElement on session d731769f486a981010245ba4e1e40075 to remote] DEBUG org.asynchttpclient.netty.request.NettyRequestSender - Using pooled Channel '[id: 0xa306cf21, L:/127.0.0.1:49160 - R:localhost/127.0.0.1:58327]' for 'POST' to 'http://localhost:58327/session/d731769f486a981010245ba4e1e40075/element/602cf099-5c87-472a-9bbd-3fd3693539f8/value'
14:57:48.841 [Forwarding sendKeysToElement on session d731769f486a981010245ba4e1e40075 to remote] DEBUG org.asynchttpclient.netty.request.NettyRequestSender - Using open Channel [id: 0xa306cf21, L:/127.0.0.1:49160 - R:localhost/127.0.0.1:58327] for POST '/session/d731769f486a981010245ba4e1e40075/element/602cf099-5c87-472a-9bbd-3fd3693539f8/value'
14:57:48.944 [AsyncHttpClient-1-9] DEBUG org.asynchttpclient.netty.handler.HttpHandler - 

Request DefaultHttpRequest(decodeResult: success, version: HTTP/1.1)
POST /session/d731769f486a981010245ba4e1e40075/element/602cf099-5c87-472a-9bbd-3fd3693539f8/value HTTP/1.1
User-Agent: selenium/4.1.2 (java windows)
Content-Length: 151
Content-Type: application/json; charset=utf-8
host: localhost:58327
accept: */*

Response DefaultHttpResponse(decodeResult: success, version: HTTP/1.1)
HTTP/1.1 200 OK
Content-Type: application/json; charset=utf-8
cache-control: no-cache
content-length: 14

14:57:48.944 [AsyncHttpClient-1-9] DEBUG org.asynchttpclient.netty.channel.ChannelManager - Adding key: http://localhost:58327 for channel [id: 0xa306cf21, L:/127.0.0.1:49160 - R:localhost/127.0.0.1:58327]
14:57:48.950 [Forwarding screenshot on session d731769f486a981010245ba4e1e40075 to remote] DEBUG org.asynchttpclient.netty.request.NettyRequestSender - Using pooled Channel '[id: 0xa306cf21, L:/127.0.0.1:49160 - R:localhost/127.0.0.1:58327]' for 'GET' to 'http://localhost:58327/session/d731769f486a981010245ba4e1e40075/screenshot'
14:57:48.950 [Forwarding screenshot on session d731769f486a981010245ba4e1e40075 to remote] DEBUG org.asynchttpclient.netty.request.NettyRequestSender - Using open Channel [id: 0xa306cf21, L:/127.0.0.1:49160 - R:localhost/127.0.0.1:58327] for GET '/session/d731769f486a981010245ba4e1e40075/screenshot'
14:57:49.047 [AsyncHttpClient-1-9] DEBUG org.asynchttpclient.netty.handler.HttpHandler - 

Request DefaultFullHttpRequest(decodeResult: success, version: HTTP/1.1, content: EmptyByteBufBE)
GET /session/d731769f486a981010245ba4e1e40075/screenshot HTTP/1.1
User-Agent: selenium/4.1.2 (java windows)
Cache-Control: no-cache
Content-Type: application/json; charset=utf-8
host: localhost:58327
accept: */*

Response DefaultHttpResponse(decodeResult: success, version: HTTP/1.1)
HTTP/1.1 200 OK
Content-Type: application/json; charset=utf-8
cache-control: no-cache
content-length: 31240

14:57:49.049 [AsyncHttpClient-1-9] DEBUG org.asynchttpclient.netty.channel.ChannelManager - Adding key: http://localhost:58327 for channel [id: 0xa306cf21, L:/127.0.0.1:49160 - R:localhost/127.0.0.1:58327]
14:57:49.050 [main] DEBUG net.serenitybdd.core.photography.Darkroom - Send negative for processing for target\site\serenity\12dadf297af8d3cd40fa5a5a2a87d28442aacf09965591b5ba60f6f9ca6a7879.png
14:57:49.050 [main] DEBUG net.thucydides.core.steps.StepInterceptor - STEP DONE: inputFullName
  &amp#27;[32mWhen &amp#27;[0m&amp#27;[32mI input &amp#27;[0m&amp#27;[32m&amp#27;[1m"Hakim01"&amp#27;[0m&amp#27;[32m fullName&amp#27;[0m   &amp#27;[90m# Starter.StepDefinitions.RegisterStep.iInputFullName(java.lang.String)&amp#27;[0m
14:57:49.050 [Darkroom Processing Line] DEBUG net.serenitybdd.core.photography.DarkroomProcessingLine - Processing screenshot image in /var/screenshots/screenshot-11733586059486208097
14:57:49.050 [Darkroom Processing Line] DEBUG net.serenitybdd.core.photography.DarkroomProcessingLine - Saving screenshot to target\site\serenity\12dadf297af8d3cd40fa5a5a2a87d28442aacf09965591b5ba60f6f9ca6a7879.png
14:57:49.059 [main] DEBUG net.thucydides.core.steps.StepInterceptor - STARTING STEP: RegisterStep.iInputEmail - inputEmail
14:57:49.062 [Forwarding findElement on session d731769f486a981010245ba4e1e40075 to remote] DEBUG org.asynchttpclient.netty.request.NettyRequestSender - Using pooled Channel '[id: 0xa306cf21, L:/127.0.0.1:49160 - R:localhost/127.0.0.1:58327]' for 'POST' to 'http://localhost:58327/session/d731769f486a981010245ba4e1e40075/element'
14:57:49.062 [Forwarding findElement on session d731769f486a981010245ba4e1e40075 to remote] DEBUG org.asynchttpclient.netty.request.NettyRequestSender - Using open Channel [id: 0xa306cf21, L:/127.0.0.1:49160 - R:localhost/127.0.0.1:58327] for POST '/session/d731769f486a981010245ba4e1e40075/element'
14:57:49.072 [AsyncHttpClient-1-9] DEBUG org.asynchttpclient.netty.handler.HttpHandler - 

Request DefaultHttpRequest(decodeResult: success, version: HTTP/1.1)
POST /session/d731769f486a981010245ba4e1e40075/element HTTP/1.1
User-Agent: selenium/4.1.2 (java windows)
Content-Length: 91
Content-Type: application/json; charset=utf-8
host: localhost:58327
accept: */*

Response DefaultHttpResponse(decodeResult: success, version: HTTP/1.1)
HTTP/1.1 200 OK
Content-Type: application/json; charset=utf-8
cache-control: no-cache
content-length: 88

14:57:49.072 [AsyncHttpClient-1-9] DEBUG org.asynchttpclient.netty.channel.ChannelManager - Adding key: http://localhost:58327 for channel [id: 0xa306cf21, L:/127.0.0.1:49160 - R:localhost/127.0.0.1:58327]
14:57:49.073 [Forwarding clearElement on session d731769f486a981010245ba4e1e40075 to remote] DEBUG org.asynchttpclient.netty.request.NettyRequestSender - Using pooled Channel '[id: 0xa306cf21, L:/127.0.0.1:49160 - R:localhost/127.0.0.1:58327]' for 'POST' to 'http://localhost:58327/session/d731769f486a981010245ba4e1e40075/element/ba1444ec-f2cf-4e38-bef2-a9c9cc0620c1/clear'
14:57:49.073 [Forwarding clearElement on session d731769f486a981010245ba4e1e40075 to remote] DEBUG org.asynchttpclient.netty.request.NettyRequestSender - Using open Channel [id: 0xa306cf21, L:/127.0.0.1:49160 - R:localhost/127.0.0.1:58327] for POST '/session/d731769f486a981010245ba4e1e40075/element/ba1444ec-f2cf-4e38-bef2-a9c9cc0620c1/clear'
14:57:49.099 [AsyncHttpClient-1-9] DEBUG org.asynchttpclient.netty.handler.HttpHandler - 

Request DefaultHttpRequest(decodeResult: success, version: HTTP/1.1)
POST /session/d731769f486a981010245ba4e1e40075/element/ba1444ec-f2cf-4e38-bef2-a9c9cc0620c1/clear HTTP/1.1
User-Agent: selenium/4.1.2 (java windows)
Content-Length: 50
Content-Type: application/json; charset=utf-8
host: localhost:58327
accept: */*

Response DefaultHttpResponse(decodeResult: success, version: HTTP/1.1)
HTTP/1.1 200 OK
Content-Type: application/json; charset=utf-8
cache-control: no-cache
content-length: 14

14:57:49.099 [AsyncHttpClient-1-9] DEBUG org.asynchttpclient.netty.channel.ChannelManager - Adding key: http://localhost:58327 for channel [id: 0xa306cf21, L:/127.0.0.1:49160 - R:localhost/127.0.0.1:58327]
14:57:49.101 [Forwarding sendKeysToElement on session d731769f486a981010245ba4e1e40075 to remote] DEBUG org.asynchttpclient.netty.request.NettyRequestSender - Using pooled Channel '[id: 0xa306cf21, L:/127.0.0.1:49160 - R:localhost/127.0.0.1:58327]' for 'POST' to 'http://localhost:58327/session/d731769f486a981010245ba4e1e40075/element/ba1444ec-f2cf-4e38-bef2-a9c9cc0620c1/value'
14:57:49.101 [Forwarding sendKeysToElement on session d731769f486a981010245ba4e1e40075 to remote] DEBUG org.asynchttpclient.netty.request.NettyRequestSender - Using open Channel [id: 0xa306cf21, L:/127.0.0.1:49160 - R:localhost/127.0.0.1:58327] for POST '/session/d731769f486a981010245ba4e1e40075/element/ba1444ec-f2cf-4e38-bef2-a9c9cc0620c1/value'
14:57:49.136 [AsyncHttpClient-1-9] DEBUG org.asynchttpclient.netty.handler.HttpHandler - 

Request DefaultHttpRequest(decodeResult: success, version: HTTP/1.1)
POST /session/d731769f486a981010245ba4e1e40075/element/ba1444ec-f2cf-4e38-bef2-a9c9cc0620c1/value HTTP/1.1
User-Agent: selenium/4.1.2 (java windows)
Content-Length: 82
Content-Type: application/json; charset=utf-8
host: localhost:58327
accept: */*

Response DefaultHttpResponse(decodeResult: success, version: HTTP/1.1)
HTTP/1.1 200 OK
Content-Type: application/json; charset=utf-8
cache-control: no-cache
content-length: 14

14:57:49.137 [AsyncHttpClient-1-9] DEBUG org.asynchttpclient.netty.channel.ChannelManager - Adding key: http://localhost:58327 for channel [id: 0xa306cf21, L:/127.0.0.1:49160 - R:localhost/127.0.0.1:58327]
14:57:49.142 [Forwarding screenshot on session d731769f486a981010245ba4e1e40075 to remote] DEBUG org.asynchttpclient.netty.request.NettyRequestSender - Using pooled Channel '[id: 0xa306cf21, L:/127.0.0.1:49160 - R:localhost/127.0.0.1:58327]' for 'GET' to 'http://localhost:58327/session/d731769f486a981010245ba4e1e40075/screenshot'
14:57:49.142 [Forwarding screenshot on session d731769f486a981010245ba4e1e40075 to remote] DEBUG org.asynchttpclient.netty.request.NettyRequestSender - Using open Channel [id: 0xa306cf21, L:/127.0.0.1:49160 - R:localhost/127.0.0.1:58327] for GET '/session/d731769f486a981010245ba4e1e40075/screenshot'
14:57:49.255 [AsyncHttpClient-1-9] DEBUG org.asynchttpclient.netty.handler.HttpHandler - 

Request DefaultFullHttpRequest(decodeResult: success, version: HTTP/1.1, content: EmptyByteBufBE)
GET /session/d731769f486a981010245ba4e1e40075/screenshot HTTP/1.1
User-Agent: selenium/4.1.2 (java windows)
Cache-Control: no-cache
Content-Type: application/json; charset=utf-8
host: localhost:58327
accept: */*

Response DefaultHttpResponse(decodeResult: success, version: HTTP/1.1)
HTTP/1.1 200 OK
Content-Type: application/json; charset=utf-8
cache-control: no-cache
content-length: 31336

14:57:49.256 [AsyncHttpClient-1-9] DEBUG org.asynchttpclient.netty.channel.ChannelManager - Adding key: http://localhost:58327 for channel [id: 0xa306cf21, L:/127.0.0.1:49160 - R:localhost/127.0.0.1:58327]
14:57:49.256 [main] DEBUG net.serenitybdd.core.photography.Darkroom - Send negative for processing for target\site\serenity\8a8a6deebb79f3ef96069560f8ca917cc53d70af686fe4949b5050ed2aae374e.png
14:57:49.256 [main] DEBUG net.thucydides.core.steps.StepInterceptor - STEP DONE: inputEmail
  &amp#27;[32mAnd &amp#27;[0m&amp#27;[32mI input &amp#27;[0m&amp#27;[32m&amp#27;[1m""&amp#27;[0m&amp#27;[32m Email&amp#27;[0m              &amp#27;[90m# Starter.StepDefinitions.RegisterStep.iInputEmail(java.lang.String)&amp#27;[0m
14:57:49.257 [Darkroom Processing Line] DEBUG net.serenitybdd.core.photography.DarkroomProcessingLine - Processing screenshot image in /var/screenshots/screenshot-12364564148936481264
14:57:49.257 [Darkroom Processing Line] DEBUG net.serenitybdd.core.photography.DarkroomProcessingLine - Saving screenshot to target\site\serenity\8a8a6deebb79f3ef96069560f8ca917cc53d70af686fe4949b5050ed2aae374e.png
14:57:49.272 [main] DEBUG net.thucydides.core.steps.StepInterceptor - STARTING STEP: RegisterStep.iInputPassword - inputPassword
14:57:49.274 [Forwarding findElement on session d731769f486a981010245ba4e1e40075 to remote] DEBUG org.asynchttpclient.netty.request.NettyRequestSender - Using pooled Channel '[id: 0xa306cf21, L:/127.0.0.1:49160 - R:localhost/127.0.0.1:58327]' for 'POST' to 'http://localhost:58327/session/d731769f486a981010245ba4e1e40075/element'
14:57:49.274 [Forwarding findElement on session d731769f486a981010245ba4e1e40075 to remote] DEBUG org.asynchttpclient.netty.request.NettyRequestSender - Using open Channel [id: 0xa306cf21, L:/127.0.0.1:49160 - R:localhost/127.0.0.1:58327] for POST '/session/d731769f486a981010245ba4e1e40075/element'
14:57:49.286 [AsyncHttpClient-1-9] DEBUG org.asynchttpclient.netty.handler.HttpHandler - 

Request DefaultHttpRequest(decodeResult: success, version: HTTP/1.1)
POST /session/d731769f486a981010245ba4e1e40075/element HTTP/1.1
User-Agent: selenium/4.1.2 (java windows)
Content-Length: 94
Content-Type: application/json; charset=utf-8
host: localhost:58327
accept: */*

Response DefaultHttpResponse(decodeResult: success, version: HTTP/1.1)
HTTP/1.1 200 OK
Content-Type: application/json; charset=utf-8
cache-control: no-cache
content-length: 88

14:57:49.286 [AsyncHttpClient-1-9] DEBUG org.asynchttpclient.netty.channel.ChannelManager - Adding key: http://localhost:58327 for channel [id: 0xa306cf21, L:/127.0.0.1:49160 - R:localhost/127.0.0.1:58327]
14:57:49.288 [Forwarding clearElement on session d731769f486a981010245ba4e1e40075 to remote] DEBUG org.asynchttpclient.netty.request.NettyRequestSender - Using pooled Channel '[id: 0xa306cf21, L:/127.0.0.1:49160 - R:localhost/127.0.0.1:58327]' for 'POST' to 'http://localhost:58327/session/d731769f486a981010245ba4e1e40075/element/1814aabc-4016-4c39-b77c-306f6633fdf9/clear'
14:57:49.288 [Forwarding clearElement on session d731769f486a981010245ba4e1e40075 to remote] DEBUG org.asynchttpclient.netty.request.NettyRequestSender - Using open Channel [id: 0xa306cf21, L:/127.0.0.1:49160 - R:localhost/127.0.0.1:58327] for POST '/session/d731769f486a981010245ba4e1e40075/element/1814aabc-4016-4c39-b77c-306f6633fdf9/clear'
14:57:49.319 [AsyncHttpClient-1-9] DEBUG org.asynchttpclient.netty.handler.HttpHandler - 

Request DefaultHttpRequest(decodeResult: success, version: HTTP/1.1)
POST /session/d731769f486a981010245ba4e1e40075/element/1814aabc-4016-4c39-b77c-306f6633fdf9/clear HTTP/1.1
User-Agent: selenium/4.1.2 (java windows)
Content-Length: 50
Content-Type: application/json; charset=utf-8
host: localhost:58327
accept: */*

Response DefaultHttpResponse(decodeResult: success, version: HTTP/1.1)
HTTP/1.1 200 OK
Content-Type: application/json; charset=utf-8
cache-control: no-cache
content-length: 14

14:57:49.320 [AsyncHttpClient-1-9] DEBUG org.asynchttpclient.netty.channel.ChannelManager - Adding key: http://localhost:58327 for channel [id: 0xa306cf21, L:/127.0.0.1:49160 - R:localhost/127.0.0.1:58327]
14:57:49.321 [Forwarding sendKeysToElement on session d731769f486a981010245ba4e1e40075 to remote] DEBUG org.asynchttpclient.netty.request.NettyRequestSender - Using pooled Channel '[id: 0xa306cf21, L:/127.0.0.1:49160 - R:localhost/127.0.0.1:58327]' for 'POST' to 'http://localhost:58327/session/d731769f486a981010245ba4e1e40075/element/1814aabc-4016-4c39-b77c-306f6633fdf9/value'
14:57:49.321 [Forwarding sendKeysToElement on session d731769f486a981010245ba4e1e40075 to remote] DEBUG org.asynchttpclient.netty.request.NettyRequestSender - Using open Channel [id: 0xa306cf21, L:/127.0.0.1:49160 - R:localhost/127.0.0.1:58327] for POST '/session/d731769f486a981010245ba4e1e40075/element/1814aabc-4016-4c39-b77c-306f6633fdf9/value'
14:57:49.397 [AsyncHttpClient-1-9] DEBUG org.asynchttpclient.netty.handler.HttpHandler - 

Request DefaultHttpRequest(decodeResult: success, version: HTTP/1.1)
POST /session/d731769f486a981010245ba4e1e40075/element/1814aabc-4016-4c39-b77c-306f6633fdf9/value HTTP/1.1
User-Agent: selenium/4.1.2 (java windows)
Content-Length: 161
Content-Type: application/json; charset=utf-8
host: localhost:58327
accept: */*

Response DefaultHttpResponse(decodeResult: success, version: HTTP/1.1)
HTTP/1.1 200 OK
Content-Type: application/json; charset=utf-8
cache-control: no-cache
content-length: 14

14:57:49.397 [AsyncHttpClient-1-9] DEBUG org.asynchttpclient.netty.channel.ChannelManager - Adding key: http://localhost:58327 for channel [id: 0xa306cf21, L:/127.0.0.1:49160 - R:localhost/127.0.0.1:58327]
14:57:49.401 [AsyncHttpClient-1-1] DEBUG org.asynchttpclient.netty.channel.DefaultChannelPool - Entry count for : http://localhost:58327 : 1
14:57:49.401 [AsyncHttpClient-1-1] DEBUG org.asynchttpclient.netty.channel.DefaultChannelPool - Entry count for : http://localhost:49161 : 1
14:57:49.403 [Forwarding screenshot on session d731769f486a981010245ba4e1e40075 to remote] DEBUG org.asynchttpclient.netty.request.NettyRequestSender - Using pooled Channel '[id: 0xa306cf21, L:/127.0.0.1:49160 - R:localhost/127.0.0.1:58327]' for 'GET' to 'http://localhost:58327/session/d731769f486a981010245ba4e1e40075/screenshot'
14:57:49.403 [Forwarding screenshot on session d731769f486a981010245ba4e1e40075 to remote] DEBUG org.asynchttpclient.netty.request.NettyRequestSender - Using open Channel [id: 0xa306cf21, L:/127.0.0.1:49160 - R:localhost/127.0.0.1:58327] for GET '/session/d731769f486a981010245ba4e1e40075/screenshot'
14:57:49.561 [AsyncHttpClient-1-9] DEBUG org.asynchttpclient.netty.handler.HttpHandler - 

Request DefaultFullHttpRequest(decodeResult: success, version: HTTP/1.1, content: EmptyByteBufBE)
GET /session/d731769f486a981010245ba4e1e40075/screenshot HTTP/1.1
User-Agent: selenium/4.1.2 (java windows)
Cache-Control: no-cache
Content-Type: application/json; charset=utf-8
host: localhost:58327
accept: */*

Response DefaultHttpResponse(decodeResult: success, version: HTTP/1.1)
HTTP/1.1 200 OK
Content-Type: application/json; charset=utf-8
cache-control: no-cache
content-length: 32836

14:57:49.561 [AsyncHttpClient-1-9] DEBUG org.asynchttpclient.netty.channel.ChannelManager - Adding key: http://localhost:58327 for channel [id: 0xa306cf21, L:/127.0.0.1:49160 - R:localhost/127.0.0.1:58327]
14:57:49.563 [main] DEBUG net.serenitybdd.core.photography.Darkroom - Send negative for processing for target\site\serenity\98bd9f236a9387930d34da46f29c99bba59e87fa0b977ff4672ac75b14e83719.png
14:57:49.563 [main] DEBUG net.thucydides.core.steps.StepInterceptor - STEP DONE: inputPassword
  &amp#27;[32mAnd &amp#27;[0m&amp#27;[32mI input &amp#27;[0m&amp#27;[32m&amp#27;[1m"Valid@01"&amp#27;[0m&amp#27;[32m Password&amp#27;[0m   &amp#27;[90m# Starter.StepDefinitions.RegisterStep.iInputPassword(java.lang.String)&amp#27;[0m
14:57:49.564 [Darkroom Processing Line] DEBUG net.serenitybdd.core.photography.DarkroomProcessingLine - Processing screenshot image in /var/screenshots/screenshot-4112606617015653008
14:57:49.564 [Darkroom Processing Line] DEBUG net.serenitybdd.core.photography.DarkroomProcessingLine - Saving screenshot to target\site\serenity\98bd9f236a9387930d34da46f29c99bba59e87fa0b977ff4672ac75b14e83719.png
14:57:49.572 [main] DEBUG net.thucydides.core.steps.StepInterceptor - STARTING STEP: RegisterStep.clickRegisterButton - scrollTo
14:57:49.574 [Forwarding findElement on session d731769f486a981010245ba4e1e40075 to remote] DEBUG org.asynchttpclient.netty.request.NettyRequestSender - Using pooled Channel '[id: 0xa306cf21, L:/127.0.0.1:49160 - R:localhost/127.0.0.1:58327]' for 'POST' to 'http://localhost:58327/session/d731769f486a981010245ba4e1e40075/element'
14:57:49.574 [Forwarding findElement on session d731769f486a981010245ba4e1e40075 to remote] DEBUG org.asynchttpclient.netty.request.NettyRequestSender - Using open Channel [id: 0xa306cf21, L:/127.0.0.1:49160 - R:localhost/127.0.0.1:58327] for POST '/session/d731769f486a981010245ba4e1e40075/element'
14:57:49.585 [AsyncHttpClient-1-9] DEBUG org.asynchttpclient.netty.handler.HttpHandler - 

Request DefaultHttpRequest(decodeResult: success, version: HTTP/1.1)
POST /session/d731769f486a981010245ba4e1e40075/element HTTP/1.1
User-Agent: selenium/4.1.2 (java windows)
Content-Length: 73
Content-Type: application/json; charset=utf-8
host: localhost:58327
accept: */*

Response DefaultHttpResponse(decodeResult: success, version: HTTP/1.1)
HTTP/1.1 200 OK
Content-Type: application/json; charset=utf-8
cache-control: no-cache
content-length: 88

14:57:49.585 [AsyncHttpClient-1-9] DEBUG org.asynchttpclient.netty.channel.ChannelManager - Adding key: http://localhost:58327 for channel [id: 0xa306cf21, L:/127.0.0.1:49160 - R:localhost/127.0.0.1:58327]
14:57:49.586 [Forwarding actions on session d731769f486a981010245ba4e1e40075 to remote] DEBUG org.asynchttpclient.netty.request.NettyRequestSender - Using pooled Channel '[id: 0xa306cf21, L:/127.0.0.1:49160 - R:localhost/127.0.0.1:58327]' for 'POST' to 'http://localhost:58327/session/d731769f486a981010245ba4e1e40075/actions'
14:57:49.586 [Forwarding actions on session d731769f486a981010245ba4e1e40075 to remote] DEBUG org.asynchttpclient.netty.request.NettyRequestSender - Using open Channel [id: 0xa306cf21, L:/127.0.0.1:49160 - R:localhost/127.0.0.1:58327] for POST '/session/d731769f486a981010245ba4e1e40075/actions'
14:57:49.709 [AsyncHttpClient-1-9] DEBUG org.asynchttpclient.netty.handler.HttpHandler - 

Request DefaultHttpRequest(decodeResult: success, version: HTTP/1.1)
POST /session/d731769f486a981010245ba4e1e40075/actions HTTP/1.1
User-Agent: selenium/4.1.2 (java windows)
Content-Length: 480
Content-Type: application/json; charset=utf-8
host: localhost:58327
accept: */*

Response DefaultHttpResponse(decodeResult: success, version: HTTP/1.1)
HTTP/1.1 200 OK
Content-Type: application/json; charset=utf-8
cache-control: no-cache
content-length: 14

14:57:49.709 [AsyncHttpClient-1-9] DEBUG org.asynchttpclient.netty.channel.ChannelManager - Adding key: http://localhost:58327 for channel [id: 0xa306cf21, L:/127.0.0.1:49160 - R:localhost/127.0.0.1:58327]
14:57:49.714 [Forwarding screenshot on session d731769f486a981010245ba4e1e40075 to remote] DEBUG org.asynchttpclient.netty.request.NettyRequestSender - Using pooled Channel '[id: 0xa306cf21, L:/127.0.0.1:49160 - R:localhost/127.0.0.1:58327]' for 'GET' to 'http://localhost:58327/session/d731769f486a981010245ba4e1e40075/screenshot'
14:57:49.714 [Forwarding screenshot on session d731769f486a981010245ba4e1e40075 to remote] DEBUG org.asynchttpclient.netty.request.NettyRequestSender - Using open Channel [id: 0xa306cf21, L:/127.0.0.1:49160 - R:localhost/127.0.0.1:58327] for GET '/session/d731769f486a981010245ba4e1e40075/screenshot'
14:57:49.864 [AsyncHttpClient-1-9] DEBUG org.asynchttpclient.netty.handler.HttpHandler - 

Request DefaultFullHttpRequest(decodeResult: success, version: HTTP/1.1, content: EmptyByteBufBE)
GET /session/d731769f486a981010245ba4e1e40075/screenshot HTTP/1.1
User-Agent: selenium/4.1.2 (java windows)
Cache-Control: no-cache
Content-Type: application/json; charset=utf-8
host: localhost:58327
accept: */*

Response DefaultHttpResponse(decodeResult: success, version: HTTP/1.1)
HTTP/1.1 200 OK
Content-Type: application/json; charset=utf-8
cache-control: no-cache
content-length: 31672

14:57:49.864 [AsyncHttpClient-1-9] DEBUG org.asynchttpclient.netty.channel.ChannelManager - Adding key: http://localhost:58327 for channel [id: 0xa306cf21, L:/127.0.0.1:49160 - R:localhost/127.0.0.1:58327]
14:57:49.865 [main] DEBUG net.serenitybdd.core.photography.Darkroom - Send negative for processing for target\site\serenity\e4d45591b998a541ec07105103cd6b6632882a1be09b48c86a761bcf94b90002.png
14:57:49.865 [main] DEBUG net.thucydides.core.steps.StepInterceptor - STEP DONE: scrollTo
14:57:49.865 [Darkroom Processing Line] DEBUG net.serenitybdd.core.photography.DarkroomProcessingLine - Processing screenshot image in /var/screenshots/screenshot-9225592063137300436
14:57:49.865 [Darkroom Processing Line] DEBUG net.serenitybdd.core.photography.DarkroomProcessingLine - Saving screenshot to target\site\serenity\e4d45591b998a541ec07105103cd6b6632882a1be09b48c86a761bcf94b90002.png
14:57:49.869 [main] DEBUG net.thucydides.core.steps.StepInterceptor - STARTING STEP: RegisterStep.clickRegisterButton - clickRegisterButton
14:57:49.871 [Forwarding findElement on session d731769f486a981010245ba4e1e40075 to remote] DEBUG org.asynchttpclient.netty.request.NettyRequestSender - Using pooled Channel '[id: 0xa306cf21, L:/127.0.0.1:49160 - R:localhost/127.0.0.1:58327]' for 'POST' to 'http://localhost:58327/session/d731769f486a981010245ba4e1e40075/element'
14:57:49.871 [Forwarding findElement on session d731769f486a981010245ba4e1e40075 to remote] DEBUG org.asynchttpclient.netty.request.NettyRequestSender - Using open Channel [id: 0xa306cf21, L:/127.0.0.1:49160 - R:localhost/127.0.0.1:58327] for POST '/session/d731769f486a981010245ba4e1e40075/element'
14:57:49.877 [AsyncHttpClient-1-9] DEBUG org.asynchttpclient.netty.handler.HttpHandler - 

Request DefaultHttpRequest(decodeResult: success, version: HTTP/1.1)
POST /session/d731769f486a981010245ba4e1e40075/element HTTP/1.1
User-Agent: selenium/4.1.2 (java windows)
Content-Length: 164
Content-Type: application/json; charset=utf-8
host: localhost:58327
accept: */*

Response DefaultHttpResponse(decodeResult: success, version: HTTP/1.1)
HTTP/1.1 200 OK
Content-Type: application/json; charset=utf-8
cache-control: no-cache
content-length: 88

14:57:49.877 [AsyncHttpClient-1-9] DEBUG org.asynchttpclient.netty.channel.ChannelManager - Adding key: http://localhost:58327 for channel [id: 0xa306cf21, L:/127.0.0.1:49160 - R:localhost/127.0.0.1:58327]
14:57:49.879 [Forwarding getElementTagName on session d731769f486a981010245ba4e1e40075 to remote] DEBUG org.asynchttpclient.netty.request.NettyRequestSender - Using pooled Channel '[id: 0xa306cf21, L:/127.0.0.1:49160 - R:localhost/127.0.0.1:58327]' for 'GET' to 'http://localhost:58327/session/d731769f486a981010245ba4e1e40075/element/26babaab-eda6-45ff-8fad-bd179b7b783d/name'
14:57:49.879 [Forwarding getElementTagName on session d731769f486a981010245ba4e1e40075 to remote] DEBUG org.asynchttpclient.netty.request.NettyRequestSender - Using open Channel [id: 0xa306cf21, L:/127.0.0.1:49160 - R:localhost/127.0.0.1:58327] for GET '/session/d731769f486a981010245ba4e1e40075/element/26babaab-eda6-45ff-8fad-bd179b7b783d/name'
14:57:49.884 [AsyncHttpClient-1-9] DEBUG org.asynchttpclient.netty.handler.HttpHandler - 

Request DefaultFullHttpRequest(decodeResult: success, version: HTTP/1.1, content: EmptyByteBufBE)
GET /session/d731769f486a981010245ba4e1e40075/element/26babaab-eda6-45ff-8fad-bd179b7b783d/name HTTP/1.1
User-Agent: selenium/4.1.2 (java windows)
Cache-Control: no-cache
Content-Type: application/json; charset=utf-8
host: localhost:58327
accept: */*

Response DefaultHttpResponse(decodeResult: success, version: HTTP/1.1)
HTTP/1.1 200 OK
Content-Type: application/json; charset=utf-8
cache-control: no-cache
content-length: 16

14:57:49.884 [AsyncHttpClient-1-9] DEBUG org.asynchttpclient.netty.channel.ChannelManager - Adding key: http://localhost:58327 for channel [id: 0xa306cf21, L:/127.0.0.1:49160 - R:localhost/127.0.0.1:58327]
14:57:49.884 [Forwarding getElementTagName on session d731769f486a981010245ba4e1e40075 to remote] DEBUG org.asynchttpclient.netty.request.NettyRequestSender - Using pooled Channel '[id: 0xa306cf21, L:/127.0.0.1:49160 - R:localhost/127.0.0.1:58327]' for 'GET' to 'http://localhost:58327/session/d731769f486a981010245ba4e1e40075/element/26babaab-eda6-45ff-8fad-bd179b7b783d/name'
14:57:49.884 [Forwarding getElementTagName on session d731769f486a981010245ba4e1e40075 to remote] DEBUG org.asynchttpclient.netty.request.NettyRequestSender - Using open Channel [id: 0xa306cf21, L:/127.0.0.1:49160 - R:localhost/127.0.0.1:58327] for GET '/session/d731769f486a981010245ba4e1e40075/element/26babaab-eda6-45ff-8fad-bd179b7b783d/name'
14:57:49.888 [AsyncHttpClient-1-9] DEBUG org.asynchttpclient.netty.handler.HttpHandler - 

Request DefaultFullHttpRequest(decodeResult: success, version: HTTP/1.1, content: EmptyByteBufBE)
GET /session/d731769f486a981010245ba4e1e40075/element/26babaab-eda6-45ff-8fad-bd179b7b783d/name HTTP/1.1
User-Agent: selenium/4.1.2 (java windows)
Cache-Control: no-cache
Content-Type: application/json; charset=utf-8
host: localhost:58327
accept: */*

Response DefaultHttpResponse(decodeResult: success, version: HTTP/1.1)
HTTP/1.1 200 OK
Content-Type: application/json; charset=utf-8
cache-control: no-cache
content-length: 16

14:57:49.888 [AsyncHttpClient-1-9] DEBUG org.asynchttpclient.netty.channel.ChannelManager - Adding key: http://localhost:58327 for channel [id: 0xa306cf21, L:/127.0.0.1:49160 - R:localhost/127.0.0.1:58327]
14:57:49.890 [Forwarding findElement on session d731769f486a981010245ba4e1e40075 to remote] DEBUG org.asynchttpclient.netty.request.NettyRequestSender - Using pooled Channel '[id: 0xa306cf21, L:/127.0.0.1:49160 - R:localhost/127.0.0.1:58327]' for 'POST' to 'http://localhost:58327/session/d731769f486a981010245ba4e1e40075/element'
14:57:49.890 [Forwarding findElement on session d731769f486a981010245ba4e1e40075 to remote] DEBUG org.asynchttpclient.netty.request.NettyRequestSender - Using open Channel [id: 0xa306cf21, L:/127.0.0.1:49160 - R:localhost/127.0.0.1:58327] for POST '/session/d731769f486a981010245ba4e1e40075/element'
14:57:49.897 [AsyncHttpClient-1-9] DEBUG org.asynchttpclient.netty.handler.HttpHandler - 

Request DefaultHttpRequest(decodeResult: success, version: HTTP/1.1)
POST /session/d731769f486a981010245ba4e1e40075/element HTTP/1.1
User-Agent: selenium/4.1.2 (java windows)
Content-Length: 164
Content-Type: application/json; charset=utf-8
host: localhost:58327
accept: */*

Response DefaultHttpResponse(decodeResult: success, version: HTTP/1.1)
HTTP/1.1 200 OK
Content-Type: application/json; charset=utf-8
cache-control: no-cache
content-length: 88

14:57:49.897 [AsyncHttpClient-1-9] DEBUG org.asynchttpclient.netty.channel.ChannelManager - Adding key: http://localhost:58327 for channel [id: 0xa306cf21, L:/127.0.0.1:49160 - R:localhost/127.0.0.1:58327]
14:57:49.898 [Forwarding clickElement on session d731769f486a981010245ba4e1e40075 to remote] DEBUG org.asynchttpclient.netty.request.NettyRequestSender - Using pooled Channel '[id: 0xa306cf21, L:/127.0.0.1:49160 - R:localhost/127.0.0.1:58327]' for 'POST' to 'http://localhost:58327/session/d731769f486a981010245ba4e1e40075/element/26babaab-eda6-45ff-8fad-bd179b7b783d/click'
14:57:49.898 [Forwarding clickElement on session d731769f486a981010245ba4e1e40075 to remote] DEBUG org.asynchttpclient.netty.request.NettyRequestSender - Using open Channel [id: 0xa306cf21, L:/127.0.0.1:49160 - R:localhost/127.0.0.1:58327] for POST '/session/d731769f486a981010245ba4e1e40075/element/26babaab-eda6-45ff-8fad-bd179b7b783d/click'
14:57:49.936 [AsyncHttpClient-1-9] DEBUG org.asynchttpclient.netty.handler.HttpHandler - 

Request DefaultHttpRequest(decodeResult: success, version: HTTP/1.1)
POST /session/d731769f486a981010245ba4e1e40075/element/26babaab-eda6-45ff-8fad-bd179b7b783d/click HTTP/1.1
User-Agent: selenium/4.1.2 (java windows)
Content-Length: 50
Content-Type: application/json; charset=utf-8
host: localhost:58327
accept: */*

Response DefaultHttpResponse(decodeResult: success, version: HTTP/1.1)
HTTP/1.1 200 OK
Content-Type: application/json; charset=utf-8
cache-control: no-cache
content-length: 14

14:57:49.936 [AsyncHttpClient-1-9] DEBUG org.asynchttpclient.netty.channel.ChannelManager - Adding key: http://localhost:58327 for channel [id: 0xa306cf21, L:/127.0.0.1:49160 - R:localhost/127.0.0.1:58327]
14:57:49.939 [Forwarding screenshot on session d731769f486a981010245ba4e1e40075 to remote] DEBUG org.asynchttpclient.netty.request.NettyRequestSender - Using pooled Channel '[id: 0xa306cf21, L:/127.0.0.1:49160 - R:localhost/127.0.0.1:58327]' for 'GET' to 'http://localhost:58327/session/d731769f486a981010245ba4e1e40075/screenshot'
14:57:49.939 [Forwarding screenshot on session d731769f486a981010245ba4e1e40075 to remote] DEBUG org.asynchttpclient.netty.request.NettyRequestSender - Using open Channel [id: 0xa306cf21, L:/127.0.0.1:49160 - R:localhost/127.0.0.1:58327] for GET '/session/d731769f486a981010245ba4e1e40075/screenshot'
14:57:50.073 [AsyncHttpClient-1-9] DEBUG org.asynchttpclient.netty.handler.HttpHandler - 

Request DefaultFullHttpRequest(decodeResult: success, version: HTTP/1.1, content: EmptyByteBufBE)
GET /session/d731769f486a981010245ba4e1e40075/screenshot HTTP/1.1
User-Agent: selenium/4.1.2 (java windows)
Cache-Control: no-cache
Content-Type: application/json; charset=utf-8
host: localhost:58327
accept: */*

Response DefaultHttpResponse(decodeResult: success, version: HTTP/1.1)
HTTP/1.1 200 OK
Content-Type: application/json; charset=utf-8
cache-control: no-cache
content-length: 31908

14:57:50.073 [AsyncHttpClient-1-9] DEBUG org.asynchttpclient.netty.channel.ChannelManager - Adding key: http://localhost:58327 for channel [id: 0xa306cf21, L:/127.0.0.1:49160 - R:localhost/127.0.0.1:58327]
14:57:50.074 [main] DEBUG net.serenitybdd.core.photography.Darkroom - Send negative for processing for target\site\serenity\a2a83483ddbbbc24682501cc007aa8bc3fa1ddac55ff74490904060baa3d5b9a.png
14:57:50.074 [main] DEBUG net.thucydides.core.steps.StepInterceptor - STEP DONE: clickRegisterButton
  &amp#27;[32mAnd &amp#27;[0m&amp#27;[32mclick register button&amp#27;[0m         &amp#27;[90m# Starter.StepDefinitions.RegisterStep.clickRegisterButton()&amp#27;[0m
14:57:50.074 [Darkroom Processing Line] DEBUG net.serenitybdd.core.photography.DarkroomProcessingLine - Processing screenshot image in /var/screenshots/screenshot-9885918267377200686
14:57:50.074 [Darkroom Processing Line] DEBUG net.serenitybdd.core.photography.DarkroomProcessingLine - Saving screenshot to target\site\serenity\a2a83483ddbbbc24682501cc007aa8bc3fa1ddac55ff74490904060baa3d5b9a.png
14:57:50.087 [main] DEBUG net.thucydides.core.steps.StepInterceptor - STARTING STEP: RegisterStep.iGetThe - errorFieldAlert
14:57:50.089 [Forwarding findElement on session d731769f486a981010245ba4e1e40075 to remote] DEBUG org.asynchttpclient.netty.request.NettyRequestSender - Using pooled Channel '[id: 0xa306cf21, L:/127.0.0.1:49160 - R:localhost/127.0.0.1:58327]' for 'POST' to 'http://localhost:58327/session/d731769f486a981010245ba4e1e40075/element'
14:57:50.089 [Forwarding findElement on session d731769f486a981010245ba4e1e40075 to remote] DEBUG org.asynchttpclient.netty.request.NettyRequestSender - Using open Channel [id: 0xa306cf21, L:/127.0.0.1:49160 - R:localhost/127.0.0.1:58327] for POST '/session/d731769f486a981010245ba4e1e40075/element'
14:57:50.092 [AsyncHttpClient-1-9] DEBUG org.asynchttpclient.netty.handler.HttpHandler - 

Request DefaultHttpRequest(decodeResult: success, version: HTTP/1.1)
POST /session/d731769f486a981010245ba4e1e40075/element HTTP/1.1
User-Agent: selenium/4.1.2 (java windows)
Content-Length: 53
Content-Type: application/json; charset=utf-8
host: localhost:58327
accept: */*

Response DefaultHttpResponse(decodeResult: success, version: HTTP/1.1)
HTTP/1.1 400 Bad Request
Content-Type: application/json; charset=utf-8
cache-control: no-cache
content-length: 957

14:57:50.092 [AsyncHttpClient-1-9] DEBUG org.asynchttpclient.netty.channel.ChannelManager - Adding key: http://localhost:58327 for channel [id: 0xa306cf21, L:/127.0.0.1:49160 - R:localhost/127.0.0.1:58327]
14:57:50.093 [Forwarding findElement on session d731769f486a981010245ba4e1e40075 to remote] DEBUG org.asynchttpclient.netty.request.NettyRequestSender - Using pooled Channel '[id: 0xa306cf21, L:/127.0.0.1:49160 - R:localhost/127.0.0.1:58327]' for 'POST' to 'http://localhost:58327/session/d731769f486a981010245ba4e1e40075/element'
14:57:50.093 [Forwarding findElement on session d731769f486a981010245ba4e1e40075 to remote] DEBUG org.asynchttpclient.netty.request.NettyRequestSender - Using open Channel [id: 0xa306cf21, L:/127.0.0.1:49160 - R:localhost/127.0.0.1:58327] for POST '/session/d731769f486a981010245ba4e1e40075/element'
14:57:50.224 [AsyncHttpClient-1-9] DEBUG org.asynchttpclient.netty.handler.HttpHandler - 

Request DefaultHttpRequest(decodeResult: success, version: HTTP/1.1)
POST /session/d731769f486a981010245ba4e1e40075/element HTTP/1.1
User-Agent: selenium/4.1.2 (java windows)
Content-Length: 63
Content-Type: application/json; charset=utf-8
host: localhost:58327
accept: */*

Response DefaultHttpResponse(decodeResult: success, version: HTTP/1.1)
HTTP/1.1 200 OK
Content-Type: application/json; charset=utf-8
cache-control: no-cache
content-length: 88

14:57:50.224 [AsyncHttpClient-1-9] DEBUG org.asynchttpclient.netty.channel.ChannelManager - Adding key: http://localhost:58327 for channel [id: 0xa306cf21, L:/127.0.0.1:49160 - R:localhost/127.0.0.1:58327]
14:57:50.224 [Forwarding isElementSelected on session d731769f486a981010245ba4e1e40075 to remote] DEBUG org.asynchttpclient.netty.request.NettyRequestSender - Using pooled Channel '[id: 0xa306cf21, L:/127.0.0.1:49160 - R:localhost/127.0.0.1:58327]' for 'GET' to 'http://localhost:58327/session/d731769f486a981010245ba4e1e40075/element/31698610-ab2b-4bd3-82ac-968e5a041089/selected'
14:57:50.224 [Forwarding isElementSelected on session d731769f486a981010245ba4e1e40075 to remote] DEBUG org.asynchttpclient.netty.request.NettyRequestSender - Using open Channel [id: 0xa306cf21, L:/127.0.0.1:49160 - R:localhost/127.0.0.1:58327] for GET '/session/d731769f486a981010245ba4e1e40075/element/31698610-ab2b-4bd3-82ac-968e5a041089/selected'
14:57:50.232 [AsyncHttpClient-1-9] DEBUG org.asynchttpclient.netty.handler.HttpHandler - 

Request DefaultFullHttpRequest(decodeResult: success, version: HTTP/1.1, content: EmptyByteBufBE)
GET /session/d731769f486a981010245ba4e1e40075/element/31698610-ab2b-4bd3-82ac-968e5a041089/selected HTTP/1.1
User-Agent: selenium/4.1.2 (java windows)
Cache-Control: no-cache
Content-Type: application/json; charset=utf-8
host: localhost:58327
accept: */*

Response DefaultHttpResponse(decodeResult: success, version: HTTP/1.1)
HTTP/1.1 200 OK
Content-Type: application/json; charset=utf-8
cache-control: no-cache
content-length: 15

14:57:50.232 [AsyncHttpClient-1-9] DEBUG org.asynchttpclient.netty.channel.ChannelManager - Adding key: http://localhost:58327 for channel [id: 0xa306cf21, L:/127.0.0.1:49160 - R:localhost/127.0.0.1:58327]
14:57:50.238 [Forwarding screenshot on session d731769f486a981010245ba4e1e40075 to remote] DEBUG org.asynchttpclient.netty.request.NettyRequestSender - Using pooled Channel '[id: 0xa306cf21, L:/127.0.0.1:49160 - R:localhost/127.0.0.1:58327]' for 'GET' to 'http://localhost:58327/session/d731769f486a981010245ba4e1e40075/screenshot'
14:57:50.238 [Forwarding screenshot on session d731769f486a981010245ba4e1e40075 to remote] DEBUG org.asynchttpclient.netty.request.NettyRequestSender - Using open Channel [id: 0xa306cf21, L:/127.0.0.1:49160 - R:localhost/127.0.0.1:58327] for GET '/session/d731769f486a981010245ba4e1e40075/screenshot'
14:57:50.394 [AsyncHttpClient-1-9] DEBUG org.asynchttpclient.netty.handler.HttpHandler - 

Request DefaultFullHttpRequest(decodeResult: success, version: HTTP/1.1, content: EmptyByteBufBE)
GET /session/d731769f486a981010245ba4e1e40075/screenshot HTTP/1.1
User-Agent: selenium/4.1.2 (java windows)
Cache-Control: no-cache
Content-Type: application/json; charset=utf-8
host: localhost:58327
accept: */*

Response DefaultHttpResponse(decodeResult: success, version: HTTP/1.1)
HTTP/1.1 200 OK
Content-Type: application/json; charset=utf-8
cache-control: no-cache
content-length: 33072

14:57:50.394 [AsyncHttpClient-1-9] DEBUG org.asynchttpclient.netty.channel.ChannelManager - Adding key: http://localhost:58327 for channel [id: 0xa306cf21, L:/127.0.0.1:49160 - R:localhost/127.0.0.1:58327]
14:57:50.397 [main] DEBUG net.serenitybdd.core.photography.Darkroom - Send negative for processing for target\site\serenity\4510ab48398290b1aca27151a36a98a3e1692faa681a53049ba9a526ea0bb30d.png
14:57:50.397 [main] DEBUG net.thucydides.core.steps.StepInterceptor - STEP DONE: errorFieldAlert
14:57:50.397 [Darkroom Processing Line] DEBUG net.serenitybdd.core.photography.DarkroomProcessingLine - Processing screenshot image in /var/screenshots/screenshot-16020010934389497118
14:57:50.397 [Darkroom Processing Line] DEBUG net.serenitybdd.core.photography.DarkroomProcessingLine - Saving screenshot to target\site\serenity\4510ab48398290b1aca27151a36a98a3e1692faa681a53049ba9a526ea0bb30d.png
14:57:50.401 [main] DEBUG net.thucydides.core.steps.StepInterceptor - STARTING STEP: RegisterStep.iGetThe - errorMessageAppears
14:57:50.402 [Forwarding findElement on session d731769f486a981010245ba4e1e40075 to remote] DEBUG org.asynchttpclient.netty.request.NettyRequestSender - Using pooled Channel '[id: 0xa306cf21, L:/127.0.0.1:49160 - R:localhost/127.0.0.1:58327]' for 'POST' to 'http://localhost:58327/session/d731769f486a981010245ba4e1e40075/element'
14:57:50.402 [Forwarding findElement on session d731769f486a981010245ba4e1e40075 to remote] DEBUG org.asynchttpclient.netty.request.NettyRequestSender - Using open Channel [id: 0xa306cf21, L:/127.0.0.1:49160 - R:localhost/127.0.0.1:58327] for POST '/session/d731769f486a981010245ba4e1e40075/element'
14:57:50.412 [AsyncHttpClient-1-9] DEBUG org.asynchttpclient.netty.handler.HttpHandler - 

Request DefaultHttpRequest(decodeResult: success, version: HTTP/1.1)
POST /session/d731769f486a981010245ba4e1e40075/element HTTP/1.1
User-Agent: selenium/4.1.2 (java windows)
Content-Length: 63
Content-Type: application/json; charset=utf-8
host: localhost:58327
accept: */*

Response DefaultHttpResponse(decodeResult: success, version: HTTP/1.1)
HTTP/1.1 200 OK
Content-Type: application/json; charset=utf-8
cache-control: no-cache
content-length: 88

14:57:50.412 [AsyncHttpClient-1-9] DEBUG org.asynchttpclient.netty.channel.ChannelManager - Adding key: http://localhost:58327 for channel [id: 0xa306cf21, L:/127.0.0.1:49160 - R:localhost/127.0.0.1:58327]
14:57:50.415 [Forwarding isElementDisplayed on session d731769f486a981010245ba4e1e40075 to remote] DEBUG org.asynchttpclient.netty.request.NettyRequestSender - Using pooled Channel '[id: 0xa306cf21, L:/127.0.0.1:49160 - R:localhost/127.0.0.1:58327]' for 'POST' to 'http://localhost:58327/session/d731769f486a981010245ba4e1e40075/execute/sync'
14:57:50.415 [Forwarding isElementDisplayed on session d731769f486a981010245ba4e1e40075 to remote] DEBUG org.asynchttpclient.netty.request.NettyRequestSender - Using open Channel [id: 0xa306cf21, L:/127.0.0.1:49160 - R:localhost/127.0.0.1:58327] for POST '/session/d731769f486a981010245ba4e1e40075/execute/sync'
14:57:50.426 [AsyncHttpClient-1-9] DEBUG org.asynchttpclient.netty.handler.HttpHandler - 

Request DefaultHttpRequest(decodeResult: success, version: HTTP/1.1)
POST /session/d731769f486a981010245ba4e1e40075/execute/sync HTTP/1.1
User-Agent: selenium/4.1.2 (java windows)
Content-Length: 48780
Content-Type: application/json; charset=utf-8
host: localhost:58327
accept: */*

Response DefaultHttpResponse(decodeResult: success, version: HTTP/1.1)
HTTP/1.1 200 OK
Content-Type: application/json; charset=utf-8
cache-control: no-cache
content-length: 14

14:57:50.426 [AsyncHttpClient-1-9] DEBUG org.asynchttpclient.netty.channel.ChannelManager - Adding key: http://localhost:58327 for channel [id: 0xa306cf21, L:/127.0.0.1:49160 - R:localhost/127.0.0.1:58327]
14:57:50.431 [main] DEBUG net.thucydides.core.steps.StepInterceptor - STEP DONE: errorMessageAppears
  &amp#27;[32mThen &amp#27;[0m&amp#27;[32mI Get the &amp#27;[0m&amp#27;[32m&amp#27;[1m"register page"&amp#27;[0m    &amp#27;[90m# Starter.StepDefinitions.RegisterStep.iGetThe(java.lang.String)&amp#27;[0m
14:57:50.436 [AsyncHttpClient-1-3] DEBUG org.asynchttpclient.netty.handler.WebSocketHandler - Channel Closed: [id: 0x9597e9fb, L:/127.0.0.1:49168 ! R:localhost/127.0.0.1:49161] with attribute NettyResponseFuture{currentRetry=5,
	isDone=1,
	isCancelled=0,
	asyncHandler=org.asynchttpclient.ws.WebSocketUpgradeHandler@113df4a8,
	nettyRequest=org.asynchttpclient.netty.request.NettyRequest@1c8c5722,
	future=java.util.concurrent.CompletableFuture@3a6ae03a[Completed normally],
	uri=ws://localhost:49161/devtools/browser/b5bc0970-423b-405e-abd9-0a03483cc314,
	keepAlive=true,
	redirectCount=0,
	timeoutsHolder=null,
	inAuth=0,
	touch=1652687867600}
14:57:50.436 [AsyncHttpClient-1-3] DEBUG org.asynchttpclient.netty.channel.ChannelManager - Closing Channel [id: 0x9597e9fb, L:/127.0.0.1:49168 ! R:localhost/127.0.0.1:49161] 
14:57:50.437 [Driver Command Executor] DEBUG org.asynchttpclient.netty.request.NettyRequestSender - Using pooled Channel '[id: 0xa306cf21, L:/127.0.0.1:49160 - R:localhost/127.0.0.1:58327]' for 'DELETE' to 'http://localhost:58327/session/d731769f486a981010245ba4e1e40075'
14:57:50.437 [Driver Command Executor] DEBUG org.asynchttpclient.netty.request.NettyRequestSender - Using open Channel [id: 0xa306cf21, L:/127.0.0.1:49160 - R:localhost/127.0.0.1:58327] for DELETE '/session/d731769f486a981010245ba4e1e40075'
14:57:50.483 [AsyncHttpClient-1-2] DEBUG org.asynchttpclient.netty.handler.HttpHandler - Unexpected I/O exception on channel [id: 0xf0e62119, L:/127.0.0.1:49167 - R:localhost/127.0.0.1:49161]
java.net.SocketException: Connection reset
	at java.base/sun.nio.ch.SocketChannelImpl.throwConnectionReset(SocketChannelImpl.java:367)
	at java.base/sun.nio.ch.SocketChannelImpl.read(SocketChannelImpl.java:398)
	at io.netty.buffer.PooledByteBuf.setBytes(PooledByteBuf.java:258)
	at io.netty.buffer.AbstractByteBuf.writeBytes(AbstractByteBuf.java:1132)
	at io.netty.channel.socket.nio.NioSocketChannel.doReadBytes(NioSocketChannel.java:350)
	at io.netty.channel.nio.AbstractNioByteChannel$NioByteUnsafe.read(AbstractNioByteChannel.java:151)
	at io.netty.channel.nio.NioEventLoop.processSelectedKey(NioEventLoop.java:722)
	at io.netty.channel.nio.NioEventLoop.processSelectedKeysOptimized(NioEventLoop.java:658)
	at io.netty.channel.nio.NioEventLoop.processSelectedKeys(NioEventLoop.java:584)
	at io.netty.channel.nio.NioEventLoop.run(NioEventLoop.java:496)
	at io.netty.util.concurrent.SingleThreadEventExecutor$4.run(SingleThreadEventExecutor.java:986)
	at io.netty.util.internal.ThreadExecutorMap$2.run(ThreadExecutorMap.java:74)
	at io.netty.util.concurrent.FastThreadLocalRunnable.run(FastThreadLocalRunnable.java:30)
	at java.base/java.lang.Thread.run(Thread.java:832)
14:57:50.484 [AsyncHttpClient-1-2] DEBUG org.asynchttpclient.netty.channel.ChannelManager - Closing Channel [id: 0xf0e62119, L:/127.0.0.1:49167 - R:localhost/127.0.0.1:49161] 
14:57:50.484 [AsyncHttpClient-1-2] DEBUG org.asynchttpclient.netty.handler.HttpHandler - Channel Closed: [id: 0xf0e62119, L:/127.0.0.1:49167 ! R:localhost/127.0.0.1:49161] with attribute DISCARD
14:57:50.502 [AsyncHttpClient-1-9] DEBUG org.asynchttpclient.netty.handler.HttpHandler - 

Request DefaultFullHttpRequest(decodeResult: success, version: HTTP/1.1, content: EmptyByteBufBE)
DELETE /session/d731769f486a981010245ba4e1e40075 HTTP/1.1
User-Agent: selenium/4.1.2 (java windows)
Content-Type: application/json; charset=utf-8
host: localhost:58327
accept: */*

Response DefaultHttpResponse(decodeResult: success, version: HTTP/1.1)
HTTP/1.1 200 OK
Content-Type: application/json; charset=utf-8
cache-control: no-cache
content-length: 14

14:57:50.503 [AsyncHttpClient-1-9] DEBUG org.asynchttpclient.netty.channel.ChannelManager - Adding key: http://localhost:58327 for channel [id: 0xa306cf21, L:/127.0.0.1:49160 - R:localhost/127.0.0.1:58327]
14:57:50.503 [AsyncHttpClient-1-1] DEBUG org.asynchttpclient.netty.channel.DefaultChannelPool - Entry count for : http://localhost:58327 : 1
14:57:50.503 [AsyncHttpClient-1-1] DEBUG org.asynchttpclient.netty.channel.DefaultChannelPool - Entry count for : http://localhost:49161 : 1
14:57:50.504 [AsyncHttpClient-1-1] DEBUG org.asynchttpclient.netty.channel.DefaultChannelPool - Adding Candidate expired Channel [id: 0xf0e62119, L:/127.0.0.1:49167 ! R:localhost/127.0.0.1:49161] isIdleTimeoutExpired=false isRemotelyClosed=true isTtlExpired=false
14:57:50.504 [AsyncHttpClient-1-1] DEBUG org.asynchttpclient.netty.channel.DefaultChannelPool - Closing Idle Channel [id: 0xf0e62119, L:/127.0.0.1:49167 ! R:localhost/127.0.0.1:49161]
14:57:50.504 [AsyncHttpClient-1-1] DEBUG org.asynchttpclient.netty.channel.DefaultChannelPool - Closed 1 connections out of 2 in 1 ms
14:57:50.599 [AsyncHttpClient-1-9] DEBUG org.asynchttpclient.netty.handler.HttpHandler - Channel Closed: [id: 0xa306cf21, L:/127.0.0.1:49160 ! R:localhost/127.0.0.1:58327] with attribute DISCARD
]]></system-out>
    <system-err><![CDATA[Starting ChromeDriver 101.0.4951.41 (93c720db8323b3ec10d056025ab95c23a31997c9-refs/branch-heads/4951@{#904}) on port 58327
Only local connections are allowed.
Please see https://chromedriver.chromium.org/security-considerations for suggestions on keeping ChromeDriver safe.
ChromeDriver was started successfully.
May 16, 2022 2:57:47 PM org.openqa.selenium.remote.ProtocolHandshake createSession
INFO: Detected dialect: W3C
May 16, 2022 2:57:47 PM org.openqa.selenium.devtools.CdpVersionFinder findNearestMatch
WARNING: Unable to find an exact match for CDP version 101, so returning the closest version found: 97
May 16, 2022 2:57:47 PM org.openqa.selenium.devtools.CdpVersionFinder findNearestMatch
INFO: Found CDP implementation for version 101 of 97
]]></system-err>
  </testcase>
  <testcase name="Register scenario #5" classname="Register" time="5.005">
    <system-out><![CDATA[
@Register
Scenario Outline: Register scenario &amp#27;[90m# src/test/resources/features/Register.feature:21&amp#27;[0m
14:57:51.128 [main] INFO io.cucumber.core.plugin.SerenityReporter - Running feature from file:///D:/data%20hakim/Mini%20Project%20Alterra/WebAlta/src/test/resources/features/Register.feature
14:57:51.145 [main] INFO net.serenitybdd.core.webdriver.driverproviders.ChromeDriverProvider - Using automatically driver download
14:57:51.244 [main] DEBUG io.github.bonigarcia.wdm.cache.ResolutionCache - Resolution chrome=101 in cache (valid until 15:32:06 16/05/2022 WIB)
14:57:51.247 [main] DEBUG io.github.bonigarcia.wdm.cache.ResolutionCache - Resolution chrome101=101.0.4951.41 in cache (valid until 14:32:06 17/05/2022 WIB)
14:57:51.248 [main] INFO io.github.bonigarcia.wdm.WebDriverManager - Using chromedriver 101.0.4951.41 (resolved driver for Chrome 101)
14:57:51.256 [main] DEBUG io.github.bonigarcia.wdm.WebDriverManager - Driver chromedriver 101.0.4951.41 found in cache
14:57:51.257 [main] INFO io.github.bonigarcia.wdm.WebDriverManager - Exporting webdriver.chrome.driver as C:\Users\hp pc\.cache\selenium\chromedriver\win32\101.0.4951.41\chromedriver.exe
14:57:51.342 [main] DEBUG net.serenitybdd.core.webdriver.driverproviders.ProvideNewDriver - Instantiating driver
14:57:51.342 [main] DEBUG net.serenitybdd.core.webdriver.driverproviders.ProvideNewDriver - Driver capabilities: Capabilities {acceptInsecureCerts: false, base.url: https://qa.alta.id/, browserName: chrome, chrome.driver: src/test/resources/webdrive..., driver: chrome, goog:chromeOptions: {args: [], extensions: []}}
14:57:51.600 [AsyncHttpClient-1-1] DEBUG org.asynchttpclient.netty.channel.DefaultChannelPool - Entry count for : http://localhost:58327 : 1
14:57:51.600 [AsyncHttpClient-1-1] DEBUG org.asynchttpclient.netty.channel.DefaultChannelPool - Adding Candidate expired Channel [id: 0xa306cf21, L:/127.0.0.1:49160 ! R:localhost/127.0.0.1:58327] isIdleTimeoutExpired=false isRemotelyClosed=true isTtlExpired=false
14:57:51.600 [AsyncHttpClient-1-1] DEBUG org.asynchttpclient.netty.channel.DefaultChannelPool - Closing Idle Channel [id: 0xa306cf21, L:/127.0.0.1:49160 ! R:localhost/127.0.0.1:58327]
14:57:51.600 [AsyncHttpClient-1-1] DEBUG org.asynchttpclient.netty.channel.DefaultChannelPool - Closed 1 connections out of 1 in 0 ms
14:57:51.888 [AsyncHttpClient-1-4] DEBUG org.asynchttpclient.netty.channel.NettyConnectListener - Using new Channel '[id: 0x2d5cf301, L:/127.0.0.1:49190 - R:localhost/127.0.0.1:54218]' for 'POST' to '/session'
14:57:52.605 [AsyncHttpClient-1-4] DEBUG org.asynchttpclient.netty.handler.HttpHandler - 

Request DefaultHttpRequest(decodeResult: success, version: HTTP/1.1)
POST /session HTTP/1.1
User-Agent: selenium/4.1.2 (java windows)
Content-Length: 605
Content-Type: application/json; charset=utf-8
host: localhost:54218
accept: */*

Response DefaultHttpResponse(decodeResult: success, version: HTTP/1.1)
HTTP/1.1 200 OK
Content-Type: application/json; charset=utf-8
cache-control: no-cache
content-length: 789

14:57:52.606 [AsyncHttpClient-1-4] DEBUG org.asynchttpclient.netty.channel.ChannelManager - Adding key: http://localhost:54218 for channel [id: 0x2d5cf301, L:/127.0.0.1:49190 - R:localhost/127.0.0.1:54218]
14:57:52.611 [AsyncHttpClient-1-5] DEBUG org.asynchttpclient.netty.channel.NettyConnectListener - Using new Channel '[id: 0xe6fcf3ff, L:/127.0.0.1:49197 - R:localhost/127.0.0.1:49191]' for 'GET' to '/json/version'
14:57:52.611 [AsyncHttpClient-1-5] DEBUG org.asynchttpclient.netty.handler.HttpHandler - 

Request DefaultFullHttpRequest(decodeResult: success, version: HTTP/1.1, content: EmptyByteBufBE)
GET /json/version HTTP/1.1
User-Agent: selenium/4.1.2 (java windows)
host: localhost:49191
accept: */*

Response DefaultHttpResponse(decodeResult: success, version: HTTP/1.1)
HTTP/1.1 200 OK
Content-Type: application/json; charset=UTF-8
content-length: 427

14:57:52.611 [AsyncHttpClient-1-5] DEBUG org.asynchttpclient.netty.channel.ChannelManager - Adding key: http://localhost:49191 for channel [id: 0xe6fcf3ff, L:/127.0.0.1:49197 - R:localhost/127.0.0.1:49191]
14:57:52.612 [AsyncHttpClient-1-6] DEBUG org.asynchttpclient.netty.channel.NettyConnectListener - Using new Channel '[id: 0x1d3bff1b, L:/127.0.0.1:49198 - R:localhost/127.0.0.1:49191]' for 'GET' to '/devtools/browser/48f57b91-2e32-4c4f-a5f5-bf5492b86928'
14:57:52.613 [AsyncHttpClient-1-6] DEBUG org.asynchttpclient.netty.handler.WebSocketHandler - 

Request DefaultFullHttpRequest(decodeResult: success, version: HTTP/1.1, content: EmptyByteBufBE)
GET /devtools/browser/48f57b91-2e32-4c4f-a5f5-bf5492b86928 HTTP/1.1
upgrade: websocket
connection: upgrade
sec-websocket-key: Ff/vVrw42qLDBwwLd6T03g==
sec-websocket-version: 13
origin: http://localhost:49191
host: localhost:49191
accept: */*
user-agent: AHC/2.1

Response DefaultHttpResponse(decodeResult: success, version: HTTP/1.1)
HTTP/1.1 101 WebSocket Protocol Handshake
Upgrade: WebSocket
Connection: Upgrade
Sec-WebSocket-Accept: akazMViaBLNhwlc0ELqiXGB3jUA=

14:57:52.615 [Forwarding maximizeCurrentWindow on session 2ee5e9f9314c7e072bb3aa65144e588b to remote] DEBUG org.asynchttpclient.netty.request.NettyRequestSender - Using pooled Channel '[id: 0x2d5cf301, L:/127.0.0.1:49190 - R:localhost/127.0.0.1:54218]' for 'POST' to 'http://localhost:54218/session/2ee5e9f9314c7e072bb3aa65144e588b/window/maximize'
14:57:52.615 [Forwarding maximizeCurrentWindow on session 2ee5e9f9314c7e072bb3aa65144e588b to remote] DEBUG org.asynchttpclient.netty.request.NettyRequestSender - Using open Channel [id: 0x2d5cf301, L:/127.0.0.1:49190 - R:localhost/127.0.0.1:54218] for POST '/session/2ee5e9f9314c7e072bb3aa65144e588b/window/maximize'
14:57:52.701 [AsyncHttpClient-1-1] DEBUG org.asynchttpclient.netty.channel.DefaultChannelPool - Entry count for : http://localhost:49191 : 1
14:57:52.742 [AsyncHttpClient-1-4] DEBUG org.asynchttpclient.netty.handler.HttpHandler - 

Request DefaultHttpRequest(decodeResult: success, version: HTTP/1.1)
POST /session/2ee5e9f9314c7e072bb3aa65144e588b/window/maximize HTTP/1.1
User-Agent: selenium/4.1.2 (java windows)
Content-Length: 3
Content-Type: application/json; charset=utf-8
host: localhost:54218
accept: */*

Response DefaultHttpResponse(decodeResult: success, version: HTTP/1.1)
HTTP/1.1 200 OK
Content-Type: application/json; charset=utf-8
cache-control: no-cache
content-length: 51

14:57:52.742 [AsyncHttpClient-1-4] DEBUG org.asynchttpclient.netty.channel.ChannelManager - Adding key: http://localhost:54218 for channel [id: 0x2d5cf301, L:/127.0.0.1:49190 - R:localhost/127.0.0.1:54218]
14:57:52.744 [Forwarding get on session 2ee5e9f9314c7e072bb3aa65144e588b to remote] DEBUG org.asynchttpclient.netty.request.NettyRequestSender - Using pooled Channel '[id: 0x2d5cf301, L:/127.0.0.1:49190 - R:localhost/127.0.0.1:54218]' for 'POST' to 'http://localhost:54218/session/2ee5e9f9314c7e072bb3aa65144e588b/url'
14:57:52.744 [Forwarding get on session 2ee5e9f9314c7e072bb3aa65144e588b to remote] DEBUG org.asynchttpclient.netty.request.NettyRequestSender - Using open Channel [id: 0x2d5cf301, L:/127.0.0.1:49190 - R:localhost/127.0.0.1:54218] for POST '/session/2ee5e9f9314c7e072bb3aa65144e588b/url'
14:57:53.766 [AsyncHttpClient-1-4] DEBUG org.asynchttpclient.netty.handler.HttpHandler - 

Request DefaultHttpRequest(decodeResult: success, version: HTTP/1.1)
POST /session/2ee5e9f9314c7e072bb3aa65144e588b/url HTTP/1.1
User-Agent: selenium/4.1.2 (java windows)
Content-Length: 67
Content-Type: application/json; charset=utf-8
host: localhost:54218
accept: */*

Response DefaultHttpResponse(decodeResult: success, version: HTTP/1.1)
HTTP/1.1 200 OK
Content-Type: application/json; charset=utf-8
cache-control: no-cache
content-length: 14

14:57:53.767 [AsyncHttpClient-1-4] DEBUG org.asynchttpclient.netty.channel.ChannelManager - Adding key: http://localhost:54218 for channel [id: 0x2d5cf301, L:/127.0.0.1:49190 - R:localhost/127.0.0.1:54218]
14:57:53.768 [Forwarding setTimeout on session 2ee5e9f9314c7e072bb3aa65144e588b to remote] DEBUG org.asynchttpclient.netty.request.NettyRequestSender - Using pooled Channel '[id: 0x2d5cf301, L:/127.0.0.1:49190 - R:localhost/127.0.0.1:54218]' for 'POST' to 'http://localhost:54218/session/2ee5e9f9314c7e072bb3aa65144e588b/timeouts'
14:57:53.768 [Forwarding setTimeout on session 2ee5e9f9314c7e072bb3aa65144e588b to remote] DEBUG org.asynchttpclient.netty.request.NettyRequestSender - Using open Channel [id: 0x2d5cf301, L:/127.0.0.1:49190 - R:localhost/127.0.0.1:54218] for POST '/session/2ee5e9f9314c7e072bb3aa65144e588b/timeouts'
14:57:53.768 [AsyncHttpClient-1-4] DEBUG org.asynchttpclient.netty.handler.HttpHandler - 

Request DefaultHttpRequest(decodeResult: success, version: HTTP/1.1)
POST /session/2ee5e9f9314c7e072bb3aa65144e588b/timeouts HTTP/1.1
User-Agent: selenium/4.1.2 (java windows)
Content-Length: 22
Content-Type: application/json; charset=utf-8
host: localhost:54218
accept: */*

Response DefaultHttpResponse(decodeResult: success, version: HTTP/1.1)
HTTP/1.1 200 OK
Content-Type: application/json; charset=utf-8
cache-control: no-cache
content-length: 14

14:57:53.768 [AsyncHttpClient-1-4] DEBUG org.asynchttpclient.netty.channel.ChannelManager - Adding key: http://localhost:54218 for channel [id: 0x2d5cf301, L:/127.0.0.1:49190 - R:localhost/127.0.0.1:54218]
14:57:53.770 [Forwarding getCurrentUrl on session 2ee5e9f9314c7e072bb3aa65144e588b to remote] DEBUG org.asynchttpclient.netty.request.NettyRequestSender - Using pooled Channel '[id: 0x2d5cf301, L:/127.0.0.1:49190 - R:localhost/127.0.0.1:54218]' for 'GET' to 'http://localhost:54218/session/2ee5e9f9314c7e072bb3aa65144e588b/url'
14:57:53.770 [Forwarding getCurrentUrl on session 2ee5e9f9314c7e072bb3aa65144e588b to remote] DEBUG org.asynchttpclient.netty.request.NettyRequestSender - Using open Channel [id: 0x2d5cf301, L:/127.0.0.1:49190 - R:localhost/127.0.0.1:54218] for GET '/session/2ee5e9f9314c7e072bb3aa65144e588b/url'
14:57:53.775 [AsyncHttpClient-1-4] DEBUG org.asynchttpclient.netty.handler.HttpHandler - 

Request DefaultFullHttpRequest(decodeResult: success, version: HTTP/1.1, content: EmptyByteBufBE)
GET /session/2ee5e9f9314c7e072bb3aa65144e588b/url HTTP/1.1
User-Agent: selenium/4.1.2 (java windows)
Cache-Control: no-cache
Content-Type: application/json; charset=utf-8
host: localhost:54218
accept: */*

Response DefaultHttpResponse(decodeResult: success, version: HTTP/1.1)
HTTP/1.1 200 OK
Content-Type: application/json; charset=utf-8
cache-control: no-cache
content-length: 44

14:57:53.775 [AsyncHttpClient-1-4] DEBUG org.asynchttpclient.netty.channel.ChannelManager - Adding key: http://localhost:54218 for channel [id: 0x2d5cf301, L:/127.0.0.1:49190 - R:localhost/127.0.0.1:54218]
14:57:53.781 [Forwarding screenshot on session 2ee5e9f9314c7e072bb3aa65144e588b to remote] DEBUG org.asynchttpclient.netty.request.NettyRequestSender - Using pooled Channel '[id: 0x2d5cf301, L:/127.0.0.1:49190 - R:localhost/127.0.0.1:54218]' for 'GET' to 'http://localhost:54218/session/2ee5e9f9314c7e072bb3aa65144e588b/screenshot'
14:57:53.781 [Forwarding screenshot on session 2ee5e9f9314c7e072bb3aa65144e588b to remote] DEBUG org.asynchttpclient.netty.request.NettyRequestSender - Using open Channel [id: 0x2d5cf301, L:/127.0.0.1:49190 - R:localhost/127.0.0.1:54218] for GET '/session/2ee5e9f9314c7e072bb3aa65144e588b/screenshot'
14:57:53.802 [AsyncHttpClient-1-1] DEBUG org.asynchttpclient.netty.channel.DefaultChannelPool - Entry count for : http://localhost:49191 : 1
14:57:53.912 [AsyncHttpClient-1-4] DEBUG org.asynchttpclient.netty.handler.HttpHandler - 

Request DefaultFullHttpRequest(decodeResult: success, version: HTTP/1.1, content: EmptyByteBufBE)
GET /session/2ee5e9f9314c7e072bb3aa65144e588b/screenshot HTTP/1.1
User-Agent: selenium/4.1.2 (java windows)
Cache-Control: no-cache
Content-Type: application/json; charset=utf-8
host: localhost:54218
accept: */*

Response DefaultHttpResponse(decodeResult: success, version: HTTP/1.1)
HTTP/1.1 200 OK
Content-Type: application/json; charset=utf-8
cache-control: no-cache
content-length: 29612

14:57:53.912 [AsyncHttpClient-1-4] DEBUG org.asynchttpclient.netty.channel.ChannelManager - Adding key: http://localhost:54218 for channel [id: 0x2d5cf301, L:/127.0.0.1:49190 - R:localhost/127.0.0.1:54218]
14:57:53.914 [main] DEBUG net.serenitybdd.core.photography.Darkroom - Send negative for processing for target\site\serenity\fbcccbfc142cbf792a2bfdff1d2e9f24344bbc61d767f43922554c6ad0002405.png
14:57:53.914 [main] DEBUG net.thucydides.core.steps.StepInterceptor - STARTING STEP: RegisterStep.iAmOnTheRegisterPage - validateOnRegisterPage
14:57:53.916 [Forwarding findElement on session 2ee5e9f9314c7e072bb3aa65144e588b to remote] DEBUG org.asynchttpclient.netty.request.NettyRequestSender - Using pooled Channel '[id: 0x2d5cf301, L:/127.0.0.1:49190 - R:localhost/127.0.0.1:54218]' for 'POST' to 'http://localhost:54218/session/2ee5e9f9314c7e072bb3aa65144e588b/element'
14:57:53.916 [Forwarding findElement on session 2ee5e9f9314c7e072bb3aa65144e588b to remote] DEBUG org.asynchttpclient.netty.request.NettyRequestSender - Using open Channel [id: 0x2d5cf301, L:/127.0.0.1:49190 - R:localhost/127.0.0.1:54218] for POST '/session/2ee5e9f9314c7e072bb3aa65144e588b/element'
14:57:53.925 [AsyncHttpClient-1-4] DEBUG org.asynchttpclient.netty.handler.HttpHandler - 

Request DefaultHttpRequest(decodeResult: success, version: HTTP/1.1)
POST /session/2ee5e9f9314c7e072bb3aa65144e588b/element HTTP/1.1
User-Agent: selenium/4.1.2 (java windows)
Content-Length: 164
Content-Type: application/json; charset=utf-8
host: localhost:54218
accept: */*

Response DefaultHttpResponse(decodeResult: success, version: HTTP/1.1)
HTTP/1.1 200 OK
Content-Type: application/json; charset=utf-8
cache-control: no-cache
content-length: 88

14:57:53.925 [AsyncHttpClient-1-4] DEBUG org.asynchttpclient.netty.channel.ChannelManager - Adding key: http://localhost:54218 for channel [id: 0x2d5cf301, L:/127.0.0.1:49190 - R:localhost/127.0.0.1:54218]
14:57:53.928 [Forwarding isElementDisplayed on session 2ee5e9f9314c7e072bb3aa65144e588b to remote] DEBUG org.asynchttpclient.netty.request.NettyRequestSender - Using pooled Channel '[id: 0x2d5cf301, L:/127.0.0.1:49190 - R:localhost/127.0.0.1:54218]' for 'POST' to 'http://localhost:54218/session/2ee5e9f9314c7e072bb3aa65144e588b/execute/sync'
14:57:53.928 [Forwarding isElementDisplayed on session 2ee5e9f9314c7e072bb3aa65144e588b to remote] DEBUG org.asynchttpclient.netty.request.NettyRequestSender - Using open Channel [id: 0x2d5cf301, L:/127.0.0.1:49190 - R:localhost/127.0.0.1:54218] for POST '/session/2ee5e9f9314c7e072bb3aa65144e588b/execute/sync'
14:57:53.941 [AsyncHttpClient-1-4] DEBUG org.asynchttpclient.netty.handler.HttpHandler - 

Request DefaultHttpRequest(decodeResult: success, version: HTTP/1.1)
POST /session/2ee5e9f9314c7e072bb3aa65144e588b/execute/sync HTTP/1.1
User-Agent: selenium/4.1.2 (java windows)
Content-Length: 48780
Content-Type: application/json; charset=utf-8
host: localhost:54218
accept: */*

Response DefaultHttpResponse(decodeResult: success, version: HTTP/1.1)
HTTP/1.1 200 OK
Content-Type: application/json; charset=utf-8
cache-control: no-cache
content-length: 14

14:57:53.941 [AsyncHttpClient-1-4] DEBUG org.asynchttpclient.netty.channel.ChannelManager - Adding key: http://localhost:54218 for channel [id: 0x2d5cf301, L:/127.0.0.1:49190 - R:localhost/127.0.0.1:54218]
14:57:53.944 [main] DEBUG net.thucydides.core.steps.StepInterceptor - STEP DONE: validateOnRegisterPage
  &amp#27;[32mGiven &amp#27;[0m&amp#27;[32mI am on the register page&amp#27;[0m   &amp#27;[90m# Starter.StepDefinitions.RegisterStep.iAmOnTheRegisterPage()&amp#27;[0m
14:57:53.954 [main] DEBUG net.thucydides.core.steps.StepInterceptor - STARTING STEP: RegisterStep.iInputFullName - inputFullName
14:57:53.955 [Forwarding findElement on session 2ee5e9f9314c7e072bb3aa65144e588b to remote] DEBUG org.asynchttpclient.netty.request.NettyRequestSender - Using pooled Channel '[id: 0x2d5cf301, L:/127.0.0.1:49190 - R:localhost/127.0.0.1:54218]' for 'POST' to 'http://localhost:54218/session/2ee5e9f9314c7e072bb3aa65144e588b/element'
14:57:53.956 [Forwarding findElement on session 2ee5e9f9314c7e072bb3aa65144e588b to remote] DEBUG org.asynchttpclient.netty.request.NettyRequestSender - Using open Channel [id: 0x2d5cf301, L:/127.0.0.1:49190 - R:localhost/127.0.0.1:54218] for POST '/session/2ee5e9f9314c7e072bb3aa65144e588b/element'
14:57:53.965 [AsyncHttpClient-1-4] DEBUG org.asynchttpclient.netty.handler.HttpHandler - 

Request DefaultHttpRequest(decodeResult: success, version: HTTP/1.1)
POST /session/2ee5e9f9314c7e072bb3aa65144e588b/element HTTP/1.1
User-Agent: selenium/4.1.2 (java windows)
Content-Length: 98
Content-Type: application/json; charset=utf-8
host: localhost:54218
accept: */*

Response DefaultHttpResponse(decodeResult: success, version: HTTP/1.1)
HTTP/1.1 200 OK
Content-Type: application/json; charset=utf-8
cache-control: no-cache
content-length: 88

14:57:53.965 [AsyncHttpClient-1-4] DEBUG org.asynchttpclient.netty.channel.ChannelManager - Adding key: http://localhost:54218 for channel [id: 0x2d5cf301, L:/127.0.0.1:49190 - R:localhost/127.0.0.1:54218]
14:57:53.967 [Forwarding clearElement on session 2ee5e9f9314c7e072bb3aa65144e588b to remote] DEBUG org.asynchttpclient.netty.request.NettyRequestSender - Using pooled Channel '[id: 0x2d5cf301, L:/127.0.0.1:49190 - R:localhost/127.0.0.1:54218]' for 'POST' to 'http://localhost:54218/session/2ee5e9f9314c7e072bb3aa65144e588b/element/dd33d57b-f9ac-4843-be78-a2d775e079c0/clear'
14:57:53.967 [Forwarding clearElement on session 2ee5e9f9314c7e072bb3aa65144e588b to remote] DEBUG org.asynchttpclient.netty.request.NettyRequestSender - Using open Channel [id: 0x2d5cf301, L:/127.0.0.1:49190 - R:localhost/127.0.0.1:54218] for POST '/session/2ee5e9f9314c7e072bb3aa65144e588b/element/dd33d57b-f9ac-4843-be78-a2d775e079c0/clear'
14:57:53.993 [AsyncHttpClient-1-4] DEBUG org.asynchttpclient.netty.handler.HttpHandler - 

Request DefaultHttpRequest(decodeResult: success, version: HTTP/1.1)
POST /session/2ee5e9f9314c7e072bb3aa65144e588b/element/dd33d57b-f9ac-4843-be78-a2d775e079c0/clear HTTP/1.1
User-Agent: selenium/4.1.2 (java windows)
Content-Length: 50
Content-Type: application/json; charset=utf-8
host: localhost:54218
accept: */*

Response DefaultHttpResponse(decodeResult: success, version: HTTP/1.1)
HTTP/1.1 200 OK
Content-Type: application/json; charset=utf-8
cache-control: no-cache
content-length: 14

14:57:53.993 [AsyncHttpClient-1-4] DEBUG org.asynchttpclient.netty.channel.ChannelManager - Adding key: http://localhost:54218 for channel [id: 0x2d5cf301, L:/127.0.0.1:49190 - R:localhost/127.0.0.1:54218]
14:57:53.995 [Forwarding sendKeysToElement on session 2ee5e9f9314c7e072bb3aa65144e588b to remote] DEBUG org.asynchttpclient.netty.request.NettyRequestSender - Using pooled Channel '[id: 0x2d5cf301, L:/127.0.0.1:49190 - R:localhost/127.0.0.1:54218]' for 'POST' to 'http://localhost:54218/session/2ee5e9f9314c7e072bb3aa65144e588b/element/dd33d57b-f9ac-4843-be78-a2d775e079c0/value'
14:57:53.995 [Forwarding sendKeysToElement on session 2ee5e9f9314c7e072bb3aa65144e588b to remote] DEBUG org.asynchttpclient.netty.request.NettyRequestSender - Using open Channel [id: 0x2d5cf301, L:/127.0.0.1:49190 - R:localhost/127.0.0.1:54218] for POST '/session/2ee5e9f9314c7e072bb3aa65144e588b/element/dd33d57b-f9ac-4843-be78-a2d775e079c0/value'
14:57:54.031 [AsyncHttpClient-1-4] DEBUG org.asynchttpclient.netty.handler.HttpHandler - 

Request DefaultHttpRequest(decodeResult: success, version: HTTP/1.1)
POST /session/2ee5e9f9314c7e072bb3aa65144e588b/element/dd33d57b-f9ac-4843-be78-a2d775e079c0/value HTTP/1.1
User-Agent: selenium/4.1.2 (java windows)
Content-Length: 82
Content-Type: application/json; charset=utf-8
host: localhost:54218
accept: */*

Response DefaultHttpResponse(decodeResult: success, version: HTTP/1.1)
HTTP/1.1 200 OK
Content-Type: application/json; charset=utf-8
cache-control: no-cache
content-length: 14

14:57:54.031 [AsyncHttpClient-1-4] DEBUG org.asynchttpclient.netty.channel.ChannelManager - Adding key: http://localhost:54218 for channel [id: 0x2d5cf301, L:/127.0.0.1:49190 - R:localhost/127.0.0.1:54218]
14:57:54.036 [Forwarding screenshot on session 2ee5e9f9314c7e072bb3aa65144e588b to remote] DEBUG org.asynchttpclient.netty.request.NettyRequestSender - Using pooled Channel '[id: 0x2d5cf301, L:/127.0.0.1:49190 - R:localhost/127.0.0.1:54218]' for 'GET' to 'http://localhost:54218/session/2ee5e9f9314c7e072bb3aa65144e588b/screenshot'
14:57:54.036 [Forwarding screenshot on session 2ee5e9f9314c7e072bb3aa65144e588b to remote] DEBUG org.asynchttpclient.netty.request.NettyRequestSender - Using open Channel [id: 0x2d5cf301, L:/127.0.0.1:49190 - R:localhost/127.0.0.1:54218] for GET '/session/2ee5e9f9314c7e072bb3aa65144e588b/screenshot'
14:57:54.131 [AsyncHttpClient-1-4] DEBUG org.asynchttpclient.netty.handler.HttpHandler - 

Request DefaultFullHttpRequest(decodeResult: success, version: HTTP/1.1, content: EmptyByteBufBE)
GET /session/2ee5e9f9314c7e072bb3aa65144e588b/screenshot HTTP/1.1
User-Agent: selenium/4.1.2 (java windows)
Cache-Control: no-cache
Content-Type: application/json; charset=utf-8
host: localhost:54218
accept: */*

Response DefaultHttpResponse(decodeResult: success, version: HTTP/1.1)
HTTP/1.1 200 OK
Content-Type: application/json; charset=utf-8
cache-control: no-cache
content-length: 29736

14:57:54.131 [AsyncHttpClient-1-4] DEBUG org.asynchttpclient.netty.channel.ChannelManager - Adding key: http://localhost:54218 for channel [id: 0x2d5cf301, L:/127.0.0.1:49190 - R:localhost/127.0.0.1:54218]
14:57:54.132 [main] DEBUG net.serenitybdd.core.photography.Darkroom - Send negative for processing for target\site\serenity\66c75e52f6cf2e94fb541307b88b3d3b05b93c80f956d7df589de1b1a75c07b8.png
14:57:54.133 [main] DEBUG net.thucydides.core.steps.StepInterceptor - STEP DONE: inputFullName
  &amp#27;[32mWhen &amp#27;[0m&amp#27;[32mI input &amp#27;[0m&amp#27;[32m&amp#27;[1m""&amp#27;[0m&amp#27;[32m fullName&amp#27;[0m          &amp#27;[90m# Starter.StepDefinitions.RegisterStep.iInputFullName(java.lang.String)&amp#27;[0m
14:57:54.133 [Darkroom Processing Line] DEBUG net.serenitybdd.core.photography.DarkroomProcessingLine - Processing screenshot image in /var/screenshots/screenshot-17799700159497314624
14:57:54.133 [Darkroom Processing Line] DEBUG net.serenitybdd.core.photography.DarkroomProcessingLine - Saving screenshot to target\site\serenity\66c75e52f6cf2e94fb541307b88b3d3b05b93c80f956d7df589de1b1a75c07b8.png
14:57:54.141 [main] DEBUG net.thucydides.core.steps.StepInterceptor - STARTING STEP: RegisterStep.iInputEmail - inputEmail
14:57:54.142 [Forwarding findElement on session 2ee5e9f9314c7e072bb3aa65144e588b to remote] DEBUG org.asynchttpclient.netty.request.NettyRequestSender - Using pooled Channel '[id: 0x2d5cf301, L:/127.0.0.1:49190 - R:localhost/127.0.0.1:54218]' for 'POST' to 'http://localhost:54218/session/2ee5e9f9314c7e072bb3aa65144e588b/element'
14:57:54.142 [Forwarding findElement on session 2ee5e9f9314c7e072bb3aa65144e588b to remote] DEBUG org.asynchttpclient.netty.request.NettyRequestSender - Using open Channel [id: 0x2d5cf301, L:/127.0.0.1:49190 - R:localhost/127.0.0.1:54218] for POST '/session/2ee5e9f9314c7e072bb3aa65144e588b/element'
14:57:54.153 [AsyncHttpClient-1-4] DEBUG org.asynchttpclient.netty.handler.HttpHandler - 

Request DefaultHttpRequest(decodeResult: success, version: HTTP/1.1)
POST /session/2ee5e9f9314c7e072bb3aa65144e588b/element HTTP/1.1
User-Agent: selenium/4.1.2 (java windows)
Content-Length: 91
Content-Type: application/json; charset=utf-8
host: localhost:54218
accept: */*

Response DefaultHttpResponse(decodeResult: success, version: HTTP/1.1)
HTTP/1.1 200 OK
Content-Type: application/json; charset=utf-8
cache-control: no-cache
content-length: 88

14:57:54.153 [AsyncHttpClient-1-4] DEBUG org.asynchttpclient.netty.channel.ChannelManager - Adding key: http://localhost:54218 for channel [id: 0x2d5cf301, L:/127.0.0.1:49190 - R:localhost/127.0.0.1:54218]
14:57:54.153 [Forwarding clearElement on session 2ee5e9f9314c7e072bb3aa65144e588b to remote] DEBUG org.asynchttpclient.netty.request.NettyRequestSender - Using pooled Channel '[id: 0x2d5cf301, L:/127.0.0.1:49190 - R:localhost/127.0.0.1:54218]' for 'POST' to 'http://localhost:54218/session/2ee5e9f9314c7e072bb3aa65144e588b/element/0113e3ee-3978-4bcb-8695-e82f652efe9f/clear'
14:57:54.154 [Forwarding clearElement on session 2ee5e9f9314c7e072bb3aa65144e588b to remote] DEBUG org.asynchttpclient.netty.request.NettyRequestSender - Using open Channel [id: 0x2d5cf301, L:/127.0.0.1:49190 - R:localhost/127.0.0.1:54218] for POST '/session/2ee5e9f9314c7e072bb3aa65144e588b/element/0113e3ee-3978-4bcb-8695-e82f652efe9f/clear'
14:57:54.180 [AsyncHttpClient-1-4] DEBUG org.asynchttpclient.netty.handler.HttpHandler - 

Request DefaultHttpRequest(decodeResult: success, version: HTTP/1.1)
POST /session/2ee5e9f9314c7e072bb3aa65144e588b/element/0113e3ee-3978-4bcb-8695-e82f652efe9f/clear HTTP/1.1
User-Agent: selenium/4.1.2 (java windows)
Content-Length: 50
Content-Type: application/json; charset=utf-8
host: localhost:54218
accept: */*

Response DefaultHttpResponse(decodeResult: success, version: HTTP/1.1)
HTTP/1.1 200 OK
Content-Type: application/json; charset=utf-8
cache-control: no-cache
content-length: 14

14:57:54.180 [AsyncHttpClient-1-4] DEBUG org.asynchttpclient.netty.channel.ChannelManager - Adding key: http://localhost:54218 for channel [id: 0x2d5cf301, L:/127.0.0.1:49190 - R:localhost/127.0.0.1:54218]
14:57:54.182 [Forwarding sendKeysToElement on session 2ee5e9f9314c7e072bb3aa65144e588b to remote] DEBUG org.asynchttpclient.netty.request.NettyRequestSender - Using pooled Channel '[id: 0x2d5cf301, L:/127.0.0.1:49190 - R:localhost/127.0.0.1:54218]' for 'POST' to 'http://localhost:54218/session/2ee5e9f9314c7e072bb3aa65144e588b/element/0113e3ee-3978-4bcb-8695-e82f652efe9f/value'
14:57:54.182 [Forwarding sendKeysToElement on session 2ee5e9f9314c7e072bb3aa65144e588b to remote] DEBUG org.asynchttpclient.netty.request.NettyRequestSender - Using open Channel [id: 0x2d5cf301, L:/127.0.0.1:49190 - R:localhost/127.0.0.1:54218] for POST '/session/2ee5e9f9314c7e072bb3aa65144e588b/element/0113e3ee-3978-4bcb-8695-e82f652efe9f/value'
14:57:54.220 [AsyncHttpClient-1-4] DEBUG org.asynchttpclient.netty.handler.HttpHandler - 

Request DefaultHttpRequest(decodeResult: success, version: HTTP/1.1)
POST /session/2ee5e9f9314c7e072bb3aa65144e588b/element/0113e3ee-3978-4bcb-8695-e82f652efe9f/value HTTP/1.1
User-Agent: selenium/4.1.2 (java windows)
Content-Length: 82
Content-Type: application/json; charset=utf-8
host: localhost:54218
accept: */*

Response DefaultHttpResponse(decodeResult: success, version: HTTP/1.1)
HTTP/1.1 200 OK
Content-Type: application/json; charset=utf-8
cache-control: no-cache
content-length: 14

14:57:54.220 [AsyncHttpClient-1-4] DEBUG org.asynchttpclient.netty.channel.ChannelManager - Adding key: http://localhost:54218 for channel [id: 0x2d5cf301, L:/127.0.0.1:49190 - R:localhost/127.0.0.1:54218]
14:57:54.224 [Forwarding screenshot on session 2ee5e9f9314c7e072bb3aa65144e588b to remote] DEBUG org.asynchttpclient.netty.request.NettyRequestSender - Using pooled Channel '[id: 0x2d5cf301, L:/127.0.0.1:49190 - R:localhost/127.0.0.1:54218]' for 'GET' to 'http://localhost:54218/session/2ee5e9f9314c7e072bb3aa65144e588b/screenshot'
14:57:54.224 [Forwarding screenshot on session 2ee5e9f9314c7e072bb3aa65144e588b to remote] DEBUG org.asynchttpclient.netty.request.NettyRequestSender - Using open Channel [id: 0x2d5cf301, L:/127.0.0.1:49190 - R:localhost/127.0.0.1:54218] for GET '/session/2ee5e9f9314c7e072bb3aa65144e588b/screenshot'
14:57:54.314 [AsyncHttpClient-1-4] DEBUG org.asynchttpclient.netty.handler.HttpHandler - 

Request DefaultFullHttpRequest(decodeResult: success, version: HTTP/1.1, content: EmptyByteBufBE)
GET /session/2ee5e9f9314c7e072bb3aa65144e588b/screenshot HTTP/1.1
User-Agent: selenium/4.1.2 (java windows)
Cache-Control: no-cache
Content-Type: application/json; charset=utf-8
host: localhost:54218
accept: */*

Response DefaultHttpResponse(decodeResult: success, version: HTTP/1.1)
HTTP/1.1 200 OK
Content-Type: application/json; charset=utf-8
cache-control: no-cache
content-length: 30332

14:57:54.314 [AsyncHttpClient-1-4] DEBUG org.asynchttpclient.netty.channel.ChannelManager - Adding key: http://localhost:54218 for channel [id: 0x2d5cf301, L:/127.0.0.1:49190 - R:localhost/127.0.0.1:54218]
14:57:54.316 [main] DEBUG net.serenitybdd.core.photography.Darkroom - Send negative for processing for target\site\serenity\03b7618aafbb68f3c480f6af5e6e885d58da680f71cafe7a1aae6b61a1b7d716.png
14:57:54.316 [main] DEBUG net.thucydides.core.steps.StepInterceptor - STEP DONE: inputEmail
  &amp#27;[32mAnd &amp#27;[0m&amp#27;[32mI input &amp#27;[0m&amp#27;[32m&amp#27;[1m""&amp#27;[0m&amp#27;[32m Email&amp#27;[0m              &amp#27;[90m# Starter.StepDefinitions.RegisterStep.iInputEmail(java.lang.String)&amp#27;[0m
14:57:54.316 [Darkroom Processing Line] DEBUG net.serenitybdd.core.photography.DarkroomProcessingLine - Processing screenshot image in /var/screenshots/screenshot-7425953856700108932
14:57:54.316 [Darkroom Processing Line] DEBUG net.serenitybdd.core.photography.DarkroomProcessingLine - Saving screenshot to target\site\serenity\03b7618aafbb68f3c480f6af5e6e885d58da680f71cafe7a1aae6b61a1b7d716.png
14:57:54.329 [main] DEBUG net.thucydides.core.steps.StepInterceptor - STARTING STEP: RegisterStep.iInputPassword - inputPassword
14:57:54.331 [Forwarding findElement on session 2ee5e9f9314c7e072bb3aa65144e588b to remote] DEBUG org.asynchttpclient.netty.request.NettyRequestSender - Using pooled Channel '[id: 0x2d5cf301, L:/127.0.0.1:49190 - R:localhost/127.0.0.1:54218]' for 'POST' to 'http://localhost:54218/session/2ee5e9f9314c7e072bb3aa65144e588b/element'
14:57:54.331 [Forwarding findElement on session 2ee5e9f9314c7e072bb3aa65144e588b to remote] DEBUG org.asynchttpclient.netty.request.NettyRequestSender - Using open Channel [id: 0x2d5cf301, L:/127.0.0.1:49190 - R:localhost/127.0.0.1:54218] for POST '/session/2ee5e9f9314c7e072bb3aa65144e588b/element'
14:57:54.341 [AsyncHttpClient-1-4] DEBUG org.asynchttpclient.netty.handler.HttpHandler - 

Request DefaultHttpRequest(decodeResult: success, version: HTTP/1.1)
POST /session/2ee5e9f9314c7e072bb3aa65144e588b/element HTTP/1.1
User-Agent: selenium/4.1.2 (java windows)
Content-Length: 94
Content-Type: application/json; charset=utf-8
host: localhost:54218
accept: */*

Response DefaultHttpResponse(decodeResult: success, version: HTTP/1.1)
HTTP/1.1 200 OK
Content-Type: application/json; charset=utf-8
cache-control: no-cache
content-length: 88

14:57:54.341 [AsyncHttpClient-1-4] DEBUG org.asynchttpclient.netty.channel.ChannelManager - Adding key: http://localhost:54218 for channel [id: 0x2d5cf301, L:/127.0.0.1:49190 - R:localhost/127.0.0.1:54218]
14:57:54.342 [Forwarding clearElement on session 2ee5e9f9314c7e072bb3aa65144e588b to remote] DEBUG org.asynchttpclient.netty.request.NettyRequestSender - Using pooled Channel '[id: 0x2d5cf301, L:/127.0.0.1:49190 - R:localhost/127.0.0.1:54218]' for 'POST' to 'http://localhost:54218/session/2ee5e9f9314c7e072bb3aa65144e588b/element/b54a0c75-1578-4d5d-99a8-ed5a236cb4f7/clear'
14:57:54.342 [Forwarding clearElement on session 2ee5e9f9314c7e072bb3aa65144e588b to remote] DEBUG org.asynchttpclient.netty.request.NettyRequestSender - Using open Channel [id: 0x2d5cf301, L:/127.0.0.1:49190 - R:localhost/127.0.0.1:54218] for POST '/session/2ee5e9f9314c7e072bb3aa65144e588b/element/b54a0c75-1578-4d5d-99a8-ed5a236cb4f7/clear'
14:57:54.386 [AsyncHttpClient-1-4] DEBUG org.asynchttpclient.netty.handler.HttpHandler - 

Request DefaultHttpRequest(decodeResult: success, version: HTTP/1.1)
POST /session/2ee5e9f9314c7e072bb3aa65144e588b/element/b54a0c75-1578-4d5d-99a8-ed5a236cb4f7/clear HTTP/1.1
User-Agent: selenium/4.1.2 (java windows)
Content-Length: 50
Content-Type: application/json; charset=utf-8
host: localhost:54218
accept: */*

Response DefaultHttpResponse(decodeResult: success, version: HTTP/1.1)
HTTP/1.1 200 OK
Content-Type: application/json; charset=utf-8
cache-control: no-cache
content-length: 14

14:57:54.386 [AsyncHttpClient-1-4] DEBUG org.asynchttpclient.netty.channel.ChannelManager - Adding key: http://localhost:54218 for channel [id: 0x2d5cf301, L:/127.0.0.1:49190 - R:localhost/127.0.0.1:54218]
14:57:54.388 [Forwarding sendKeysToElement on session 2ee5e9f9314c7e072bb3aa65144e588b to remote] DEBUG org.asynchttpclient.netty.request.NettyRequestSender - Using pooled Channel '[id: 0x2d5cf301, L:/127.0.0.1:49190 - R:localhost/127.0.0.1:54218]' for 'POST' to 'http://localhost:54218/session/2ee5e9f9314c7e072bb3aa65144e588b/element/b54a0c75-1578-4d5d-99a8-ed5a236cb4f7/value'
14:57:54.388 [Forwarding sendKeysToElement on session 2ee5e9f9314c7e072bb3aa65144e588b to remote] DEBUG org.asynchttpclient.netty.request.NettyRequestSender - Using open Channel [id: 0x2d5cf301, L:/127.0.0.1:49190 - R:localhost/127.0.0.1:54218] for POST '/session/2ee5e9f9314c7e072bb3aa65144e588b/element/b54a0c75-1578-4d5d-99a8-ed5a236cb4f7/value'
14:57:54.427 [AsyncHttpClient-1-4] DEBUG org.asynchttpclient.netty.handler.HttpHandler - 

Request DefaultHttpRequest(decodeResult: success, version: HTTP/1.1)
POST /session/2ee5e9f9314c7e072bb3aa65144e588b/element/b54a0c75-1578-4d5d-99a8-ed5a236cb4f7/value HTTP/1.1
User-Agent: selenium/4.1.2 (java windows)
Content-Length: 82
Content-Type: application/json; charset=utf-8
host: localhost:54218
accept: */*

Response DefaultHttpResponse(decodeResult: success, version: HTTP/1.1)
HTTP/1.1 200 OK
Content-Type: application/json; charset=utf-8
cache-control: no-cache
content-length: 14

14:57:54.427 [AsyncHttpClient-1-4] DEBUG org.asynchttpclient.netty.channel.ChannelManager - Adding key: http://localhost:54218 for channel [id: 0x2d5cf301, L:/127.0.0.1:49190 - R:localhost/127.0.0.1:54218]
14:57:54.436 [Forwarding screenshot on session 2ee5e9f9314c7e072bb3aa65144e588b to remote] DEBUG org.asynchttpclient.netty.request.NettyRequestSender - Using pooled Channel '[id: 0x2d5cf301, L:/127.0.0.1:49190 - R:localhost/127.0.0.1:54218]' for 'GET' to 'http://localhost:54218/session/2ee5e9f9314c7e072bb3aa65144e588b/screenshot'
14:57:54.436 [Forwarding screenshot on session 2ee5e9f9314c7e072bb3aa65144e588b to remote] DEBUG org.asynchttpclient.netty.request.NettyRequestSender - Using open Channel [id: 0x2d5cf301, L:/127.0.0.1:49190 - R:localhost/127.0.0.1:54218] for GET '/session/2ee5e9f9314c7e072bb3aa65144e588b/screenshot'
14:57:54.536 [AsyncHttpClient-1-4] DEBUG org.asynchttpclient.netty.handler.HttpHandler - 

Request DefaultFullHttpRequest(decodeResult: success, version: HTTP/1.1, content: EmptyByteBufBE)
GET /session/2ee5e9f9314c7e072bb3aa65144e588b/screenshot HTTP/1.1
User-Agent: selenium/4.1.2 (java windows)
Cache-Control: no-cache
Content-Type: application/json; charset=utf-8
host: localhost:54218
accept: */*

Response DefaultHttpResponse(decodeResult: success, version: HTTP/1.1)
HTTP/1.1 200 OK
Content-Type: application/json; charset=utf-8
cache-control: no-cache
content-length: 30676

14:57:54.536 [AsyncHttpClient-1-4] DEBUG org.asynchttpclient.netty.channel.ChannelManager - Adding key: http://localhost:54218 for channel [id: 0x2d5cf301, L:/127.0.0.1:49190 - R:localhost/127.0.0.1:54218]
14:57:54.537 [main] DEBUG net.serenitybdd.core.photography.Darkroom - Send negative for processing for target\site\serenity\368d7964f41e350f3eba7660b34634e00e6a4c01f1565094056b93dca4238440.png
14:57:54.538 [main] DEBUG net.thucydides.core.steps.StepInterceptor - STEP DONE: inputPassword
  &amp#27;[32mAnd &amp#27;[0m&amp#27;[32mI input &amp#27;[0m&amp#27;[32m&amp#27;[1m""&amp#27;[0m&amp#27;[32m Password&amp#27;[0m           &amp#27;[90m# Starter.StepDefinitions.RegisterStep.iInputPassword(java.lang.String)&amp#27;[0m
14:57:54.538 [Darkroom Processing Line] DEBUG net.serenitybdd.core.photography.DarkroomProcessingLine - Processing screenshot image in /var/screenshots/screenshot-11442377129978445254
14:57:54.538 [Darkroom Processing Line] DEBUG net.serenitybdd.core.photography.DarkroomProcessingLine - Saving screenshot to target\site\serenity\368d7964f41e350f3eba7660b34634e00e6a4c01f1565094056b93dca4238440.png
14:57:54.550 [main] DEBUG net.thucydides.core.steps.StepInterceptor - STARTING STEP: RegisterStep.clickRegisterButton - scrollTo
14:57:54.552 [Forwarding findElement on session 2ee5e9f9314c7e072bb3aa65144e588b to remote] DEBUG org.asynchttpclient.netty.request.NettyRequestSender - Using pooled Channel '[id: 0x2d5cf301, L:/127.0.0.1:49190 - R:localhost/127.0.0.1:54218]' for 'POST' to 'http://localhost:54218/session/2ee5e9f9314c7e072bb3aa65144e588b/element'
14:57:54.552 [Forwarding findElement on session 2ee5e9f9314c7e072bb3aa65144e588b to remote] DEBUG org.asynchttpclient.netty.request.NettyRequestSender - Using open Channel [id: 0x2d5cf301, L:/127.0.0.1:49190 - R:localhost/127.0.0.1:54218] for POST '/session/2ee5e9f9314c7e072bb3aa65144e588b/element'
14:57:54.561 [AsyncHttpClient-1-4] DEBUG org.asynchttpclient.netty.handler.HttpHandler - 

Request DefaultHttpRequest(decodeResult: success, version: HTTP/1.1)
POST /session/2ee5e9f9314c7e072bb3aa65144e588b/element HTTP/1.1
User-Agent: selenium/4.1.2 (java windows)
Content-Length: 73
Content-Type: application/json; charset=utf-8
host: localhost:54218
accept: */*

Response DefaultHttpResponse(decodeResult: success, version: HTTP/1.1)
HTTP/1.1 200 OK
Content-Type: application/json; charset=utf-8
cache-control: no-cache
content-length: 88

14:57:54.561 [AsyncHttpClient-1-4] DEBUG org.asynchttpclient.netty.channel.ChannelManager - Adding key: http://localhost:54218 for channel [id: 0x2d5cf301, L:/127.0.0.1:49190 - R:localhost/127.0.0.1:54218]
14:57:54.563 [Forwarding actions on session 2ee5e9f9314c7e072bb3aa65144e588b to remote] DEBUG org.asynchttpclient.netty.request.NettyRequestSender - Using pooled Channel '[id: 0x2d5cf301, L:/127.0.0.1:49190 - R:localhost/127.0.0.1:54218]' for 'POST' to 'http://localhost:54218/session/2ee5e9f9314c7e072bb3aa65144e588b/actions'
14:57:54.563 [Forwarding actions on session 2ee5e9f9314c7e072bb3aa65144e588b to remote] DEBUG org.asynchttpclient.netty.request.NettyRequestSender - Using open Channel [id: 0x2d5cf301, L:/127.0.0.1:49190 - R:localhost/127.0.0.1:54218] for POST '/session/2ee5e9f9314c7e072bb3aa65144e588b/actions'
14:57:54.689 [AsyncHttpClient-1-4] DEBUG org.asynchttpclient.netty.handler.HttpHandler - 

Request DefaultHttpRequest(decodeResult: success, version: HTTP/1.1)
POST /session/2ee5e9f9314c7e072bb3aa65144e588b/actions HTTP/1.1
User-Agent: selenium/4.1.2 (java windows)
Content-Length: 480
Content-Type: application/json; charset=utf-8
host: localhost:54218
accept: */*

Response DefaultHttpResponse(decodeResult: success, version: HTTP/1.1)
HTTP/1.1 200 OK
Content-Type: application/json; charset=utf-8
cache-control: no-cache
content-length: 14

14:57:54.689 [AsyncHttpClient-1-4] DEBUG org.asynchttpclient.netty.channel.ChannelManager - Adding key: http://localhost:54218 for channel [id: 0x2d5cf301, L:/127.0.0.1:49190 - R:localhost/127.0.0.1:54218]
14:57:54.696 [Forwarding screenshot on session 2ee5e9f9314c7e072bb3aa65144e588b to remote] DEBUG org.asynchttpclient.netty.request.NettyRequestSender - Using pooled Channel '[id: 0x2d5cf301, L:/127.0.0.1:49190 - R:localhost/127.0.0.1:54218]' for 'GET' to 'http://localhost:54218/session/2ee5e9f9314c7e072bb3aa65144e588b/screenshot'
14:57:54.696 [Forwarding screenshot on session 2ee5e9f9314c7e072bb3aa65144e588b to remote] DEBUG org.asynchttpclient.netty.request.NettyRequestSender - Using open Channel [id: 0x2d5cf301, L:/127.0.0.1:49190 - R:localhost/127.0.0.1:54218] for GET '/session/2ee5e9f9314c7e072bb3aa65144e588b/screenshot'
14:57:54.813 [AsyncHttpClient-1-4] DEBUG org.asynchttpclient.netty.handler.HttpHandler - 

Request DefaultFullHttpRequest(decodeResult: success, version: HTTP/1.1, content: EmptyByteBufBE)
GET /session/2ee5e9f9314c7e072bb3aa65144e588b/screenshot HTTP/1.1
User-Agent: selenium/4.1.2 (java windows)
Cache-Control: no-cache
Content-Type: application/json; charset=utf-8
host: localhost:54218
accept: */*

Response DefaultHttpResponse(decodeResult: success, version: HTTP/1.1)
HTTP/1.1 200 OK
Content-Type: application/json; charset=utf-8
cache-control: no-cache
content-length: 28712

14:57:54.813 [AsyncHttpClient-1-4] DEBUG org.asynchttpclient.netty.channel.ChannelManager - Adding key: http://localhost:54218 for channel [id: 0x2d5cf301, L:/127.0.0.1:49190 - R:localhost/127.0.0.1:54218]
14:57:54.814 [main] DEBUG net.serenitybdd.core.photography.Darkroom - Send negative for processing for target\site\serenity\a0d36830532dbe477be4d99b305d28406072e1b02aa586008968b68a6439e32d.png
14:57:54.814 [main] DEBUG net.thucydides.core.steps.StepInterceptor - STEP DONE: scrollTo
14:57:54.815 [Darkroom Processing Line] DEBUG net.serenitybdd.core.photography.DarkroomProcessingLine - Processing screenshot image in /var/screenshots/screenshot-767777941051831583
14:57:54.815 [Darkroom Processing Line] DEBUG net.serenitybdd.core.photography.DarkroomProcessingLine - Saving screenshot to target\site\serenity\a0d36830532dbe477be4d99b305d28406072e1b02aa586008968b68a6439e32d.png
14:57:54.818 [main] DEBUG net.thucydides.core.steps.StepInterceptor - STARTING STEP: RegisterStep.clickRegisterButton - clickRegisterButton
14:57:54.820 [Forwarding findElement on session 2ee5e9f9314c7e072bb3aa65144e588b to remote] DEBUG org.asynchttpclient.netty.request.NettyRequestSender - Using pooled Channel '[id: 0x2d5cf301, L:/127.0.0.1:49190 - R:localhost/127.0.0.1:54218]' for 'POST' to 'http://localhost:54218/session/2ee5e9f9314c7e072bb3aa65144e588b/element'
14:57:54.820 [Forwarding findElement on session 2ee5e9f9314c7e072bb3aa65144e588b to remote] DEBUG org.asynchttpclient.netty.request.NettyRequestSender - Using open Channel [id: 0x2d5cf301, L:/127.0.0.1:49190 - R:localhost/127.0.0.1:54218] for POST '/session/2ee5e9f9314c7e072bb3aa65144e588b/element'
14:57:54.825 [AsyncHttpClient-1-4] DEBUG org.asynchttpclient.netty.handler.HttpHandler - 

Request DefaultHttpRequest(decodeResult: success, version: HTTP/1.1)
POST /session/2ee5e9f9314c7e072bb3aa65144e588b/element HTTP/1.1
User-Agent: selenium/4.1.2 (java windows)
Content-Length: 164
Content-Type: application/json; charset=utf-8
host: localhost:54218
accept: */*

Response DefaultHttpResponse(decodeResult: success, version: HTTP/1.1)
HTTP/1.1 200 OK
Content-Type: application/json; charset=utf-8
cache-control: no-cache
content-length: 88

14:57:54.825 [AsyncHttpClient-1-4] DEBUG org.asynchttpclient.netty.channel.ChannelManager - Adding key: http://localhost:54218 for channel [id: 0x2d5cf301, L:/127.0.0.1:49190 - R:localhost/127.0.0.1:54218]
14:57:54.826 [Forwarding getElementTagName on session 2ee5e9f9314c7e072bb3aa65144e588b to remote] DEBUG org.asynchttpclient.netty.request.NettyRequestSender - Using pooled Channel '[id: 0x2d5cf301, L:/127.0.0.1:49190 - R:localhost/127.0.0.1:54218]' for 'GET' to 'http://localhost:54218/session/2ee5e9f9314c7e072bb3aa65144e588b/element/79a206a2-fc9c-4ad5-bcf5-b369f2324751/name'
14:57:54.826 [Forwarding getElementTagName on session 2ee5e9f9314c7e072bb3aa65144e588b to remote] DEBUG org.asynchttpclient.netty.request.NettyRequestSender - Using open Channel [id: 0x2d5cf301, L:/127.0.0.1:49190 - R:localhost/127.0.0.1:54218] for GET '/session/2ee5e9f9314c7e072bb3aa65144e588b/element/79a206a2-fc9c-4ad5-bcf5-b369f2324751/name'
14:57:54.832 [AsyncHttpClient-1-4] DEBUG org.asynchttpclient.netty.handler.HttpHandler - 

Request DefaultFullHttpRequest(decodeResult: success, version: HTTP/1.1, content: EmptyByteBufBE)
GET /session/2ee5e9f9314c7e072bb3aa65144e588b/element/79a206a2-fc9c-4ad5-bcf5-b369f2324751/name HTTP/1.1
User-Agent: selenium/4.1.2 (java windows)
Cache-Control: no-cache
Content-Type: application/json; charset=utf-8
host: localhost:54218
accept: */*

Response DefaultHttpResponse(decodeResult: success, version: HTTP/1.1)
HTTP/1.1 200 OK
Content-Type: application/json; charset=utf-8
cache-control: no-cache
content-length: 16

14:57:54.832 [AsyncHttpClient-1-4] DEBUG org.asynchttpclient.netty.channel.ChannelManager - Adding key: http://localhost:54218 for channel [id: 0x2d5cf301, L:/127.0.0.1:49190 - R:localhost/127.0.0.1:54218]
14:57:54.833 [Forwarding getElementTagName on session 2ee5e9f9314c7e072bb3aa65144e588b to remote] DEBUG org.asynchttpclient.netty.request.NettyRequestSender - Using pooled Channel '[id: 0x2d5cf301, L:/127.0.0.1:49190 - R:localhost/127.0.0.1:54218]' for 'GET' to 'http://localhost:54218/session/2ee5e9f9314c7e072bb3aa65144e588b/element/79a206a2-fc9c-4ad5-bcf5-b369f2324751/name'
14:57:54.833 [Forwarding getElementTagName on session 2ee5e9f9314c7e072bb3aa65144e588b to remote] DEBUG org.asynchttpclient.netty.request.NettyRequestSender - Using open Channel [id: 0x2d5cf301, L:/127.0.0.1:49190 - R:localhost/127.0.0.1:54218] for GET '/session/2ee5e9f9314c7e072bb3aa65144e588b/element/79a206a2-fc9c-4ad5-bcf5-b369f2324751/name'
14:57:54.836 [AsyncHttpClient-1-4] DEBUG org.asynchttpclient.netty.handler.HttpHandler - 

Request DefaultFullHttpRequest(decodeResult: success, version: HTTP/1.1, content: EmptyByteBufBE)
GET /session/2ee5e9f9314c7e072bb3aa65144e588b/element/79a206a2-fc9c-4ad5-bcf5-b369f2324751/name HTTP/1.1
User-Agent: selenium/4.1.2 (java windows)
Cache-Control: no-cache
Content-Type: application/json; charset=utf-8
host: localhost:54218
accept: */*

Response DefaultHttpResponse(decodeResult: success, version: HTTP/1.1)
HTTP/1.1 200 OK
Content-Type: application/json; charset=utf-8
cache-control: no-cache
content-length: 16

14:57:54.836 [AsyncHttpClient-1-4] DEBUG org.asynchttpclient.netty.channel.ChannelManager - Adding key: http://localhost:54218 for channel [id: 0x2d5cf301, L:/127.0.0.1:49190 - R:localhost/127.0.0.1:54218]
14:57:54.838 [Forwarding findElement on session 2ee5e9f9314c7e072bb3aa65144e588b to remote] DEBUG org.asynchttpclient.netty.request.NettyRequestSender - Using pooled Channel '[id: 0x2d5cf301, L:/127.0.0.1:49190 - R:localhost/127.0.0.1:54218]' for 'POST' to 'http://localhost:54218/session/2ee5e9f9314c7e072bb3aa65144e588b/element'
14:57:54.838 [Forwarding findElement on session 2ee5e9f9314c7e072bb3aa65144e588b to remote] DEBUG org.asynchttpclient.netty.request.NettyRequestSender - Using open Channel [id: 0x2d5cf301, L:/127.0.0.1:49190 - R:localhost/127.0.0.1:54218] for POST '/session/2ee5e9f9314c7e072bb3aa65144e588b/element'
14:57:54.843 [AsyncHttpClient-1-4] DEBUG org.asynchttpclient.netty.handler.HttpHandler - 

Request DefaultHttpRequest(decodeResult: success, version: HTTP/1.1)
POST /session/2ee5e9f9314c7e072bb3aa65144e588b/element HTTP/1.1
User-Agent: selenium/4.1.2 (java windows)
Content-Length: 164
Content-Type: application/json; charset=utf-8
host: localhost:54218
accept: */*

Response DefaultHttpResponse(decodeResult: success, version: HTTP/1.1)
HTTP/1.1 200 OK
Content-Type: application/json; charset=utf-8
cache-control: no-cache
content-length: 88

14:57:54.843 [AsyncHttpClient-1-4] DEBUG org.asynchttpclient.netty.channel.ChannelManager - Adding key: http://localhost:54218 for channel [id: 0x2d5cf301, L:/127.0.0.1:49190 - R:localhost/127.0.0.1:54218]
14:57:54.845 [Forwarding clickElement on session 2ee5e9f9314c7e072bb3aa65144e588b to remote] DEBUG org.asynchttpclient.netty.request.NettyRequestSender - Using pooled Channel '[id: 0x2d5cf301, L:/127.0.0.1:49190 - R:localhost/127.0.0.1:54218]' for 'POST' to 'http://localhost:54218/session/2ee5e9f9314c7e072bb3aa65144e588b/element/79a206a2-fc9c-4ad5-bcf5-b369f2324751/click'
14:57:54.845 [Forwarding clickElement on session 2ee5e9f9314c7e072bb3aa65144e588b to remote] DEBUG org.asynchttpclient.netty.request.NettyRequestSender - Using open Channel [id: 0x2d5cf301, L:/127.0.0.1:49190 - R:localhost/127.0.0.1:54218] for POST '/session/2ee5e9f9314c7e072bb3aa65144e588b/element/79a206a2-fc9c-4ad5-bcf5-b369f2324751/click'
14:57:54.884 [AsyncHttpClient-1-4] DEBUG org.asynchttpclient.netty.handler.HttpHandler - 

Request DefaultHttpRequest(decodeResult: success, version: HTTP/1.1)
POST /session/2ee5e9f9314c7e072bb3aa65144e588b/element/79a206a2-fc9c-4ad5-bcf5-b369f2324751/click HTTP/1.1
User-Agent: selenium/4.1.2 (java windows)
Content-Length: 50
Content-Type: application/json; charset=utf-8
host: localhost:54218
accept: */*

Response DefaultHttpResponse(decodeResult: success, version: HTTP/1.1)
HTTP/1.1 200 OK
Content-Type: application/json; charset=utf-8
cache-control: no-cache
content-length: 14

14:57:54.884 [AsyncHttpClient-1-4] DEBUG org.asynchttpclient.netty.channel.ChannelManager - Adding key: http://localhost:54218 for channel [id: 0x2d5cf301, L:/127.0.0.1:49190 - R:localhost/127.0.0.1:54218]
14:57:54.888 [Forwarding screenshot on session 2ee5e9f9314c7e072bb3aa65144e588b to remote] DEBUG org.asynchttpclient.netty.request.NettyRequestSender - Using pooled Channel '[id: 0x2d5cf301, L:/127.0.0.1:49190 - R:localhost/127.0.0.1:54218]' for 'GET' to 'http://localhost:54218/session/2ee5e9f9314c7e072bb3aa65144e588b/screenshot'
14:57:54.888 [Forwarding screenshot on session 2ee5e9f9314c7e072bb3aa65144e588b to remote] DEBUG org.asynchttpclient.netty.request.NettyRequestSender - Using open Channel [id: 0x2d5cf301, L:/127.0.0.1:49190 - R:localhost/127.0.0.1:54218] for GET '/session/2ee5e9f9314c7e072bb3aa65144e588b/screenshot'
14:57:54.901 [AsyncHttpClient-1-1] DEBUG org.asynchttpclient.netty.channel.DefaultChannelPool - Entry count for : http://localhost:49191 : 1
14:57:54.985 [AsyncHttpClient-1-4] DEBUG org.asynchttpclient.netty.handler.HttpHandler - 

Request DefaultFullHttpRequest(decodeResult: success, version: HTTP/1.1, content: EmptyByteBufBE)
GET /session/2ee5e9f9314c7e072bb3aa65144e588b/screenshot HTTP/1.1
User-Agent: selenium/4.1.2 (java windows)
Cache-Control: no-cache
Content-Type: application/json; charset=utf-8
host: localhost:54218
accept: */*

Response DefaultHttpResponse(decodeResult: success, version: HTTP/1.1)
HTTP/1.1 200 OK
Content-Type: application/json; charset=utf-8
cache-control: no-cache
content-length: 29700

14:57:54.985 [AsyncHttpClient-1-4] DEBUG org.asynchttpclient.netty.channel.ChannelManager - Adding key: http://localhost:54218 for channel [id: 0x2d5cf301, L:/127.0.0.1:49190 - R:localhost/127.0.0.1:54218]
14:57:54.986 [main] DEBUG net.serenitybdd.core.photography.Darkroom - Send negative for processing for target\site\serenity\3e5a47969fb19cdae3b6396798d90b2966a1bab2de70cb3a82bbe211dc008abf.png
14:57:54.986 [main] DEBUG net.thucydides.core.steps.StepInterceptor - STEP DONE: clickRegisterButton
  &amp#27;[32mAnd &amp#27;[0m&amp#27;[32mclick register button&amp#27;[0m         &amp#27;[90m# Starter.StepDefinitions.RegisterStep.clickRegisterButton()&amp#27;[0m
14:57:54.986 [Darkroom Processing Line] DEBUG net.serenitybdd.core.photography.DarkroomProcessingLine - Processing screenshot image in /var/screenshots/screenshot-12193308103955100022
14:57:54.987 [Darkroom Processing Line] DEBUG net.serenitybdd.core.photography.DarkroomProcessingLine - Saving screenshot to target\site\serenity\3e5a47969fb19cdae3b6396798d90b2966a1bab2de70cb3a82bbe211dc008abf.png
14:57:54.999 [main] DEBUG net.thucydides.core.steps.StepInterceptor - STARTING STEP: RegisterStep.iGetThe - errorFieldAlert
14:57:55.001 [Forwarding findElement on session 2ee5e9f9314c7e072bb3aa65144e588b to remote] DEBUG org.asynchttpclient.netty.request.NettyRequestSender - Using pooled Channel '[id: 0x2d5cf301, L:/127.0.0.1:49190 - R:localhost/127.0.0.1:54218]' for 'POST' to 'http://localhost:54218/session/2ee5e9f9314c7e072bb3aa65144e588b/element'
14:57:55.001 [Forwarding findElement on session 2ee5e9f9314c7e072bb3aa65144e588b to remote] DEBUG org.asynchttpclient.netty.request.NettyRequestSender - Using open Channel [id: 0x2d5cf301, L:/127.0.0.1:49190 - R:localhost/127.0.0.1:54218] for POST '/session/2ee5e9f9314c7e072bb3aa65144e588b/element'
14:57:55.003 [AsyncHttpClient-1-4] DEBUG org.asynchttpclient.netty.handler.HttpHandler - 

Request DefaultHttpRequest(decodeResult: success, version: HTTP/1.1)
POST /session/2ee5e9f9314c7e072bb3aa65144e588b/element HTTP/1.1
User-Agent: selenium/4.1.2 (java windows)
Content-Length: 53
Content-Type: application/json; charset=utf-8
host: localhost:54218
accept: */*

Response DefaultHttpResponse(decodeResult: success, version: HTTP/1.1)
HTTP/1.1 400 Bad Request
Content-Type: application/json; charset=utf-8
cache-control: no-cache
content-length: 957

14:57:55.003 [AsyncHttpClient-1-4] DEBUG org.asynchttpclient.netty.channel.ChannelManager - Adding key: http://localhost:54218 for channel [id: 0x2d5cf301, L:/127.0.0.1:49190 - R:localhost/127.0.0.1:54218]
14:57:55.005 [Forwarding findElement on session 2ee5e9f9314c7e072bb3aa65144e588b to remote] DEBUG org.asynchttpclient.netty.request.NettyRequestSender - Using pooled Channel '[id: 0x2d5cf301, L:/127.0.0.1:49190 - R:localhost/127.0.0.1:54218]' for 'POST' to 'http://localhost:54218/session/2ee5e9f9314c7e072bb3aa65144e588b/element'
14:57:55.005 [Forwarding findElement on session 2ee5e9f9314c7e072bb3aa65144e588b to remote] DEBUG org.asynchttpclient.netty.request.NettyRequestSender - Using open Channel [id: 0x2d5cf301, L:/127.0.0.1:49190 - R:localhost/127.0.0.1:54218] for POST '/session/2ee5e9f9314c7e072bb3aa65144e588b/element'
14:57:55.143 [AsyncHttpClient-1-4] DEBUG org.asynchttpclient.netty.handler.HttpHandler - 

Request DefaultHttpRequest(decodeResult: success, version: HTTP/1.1)
POST /session/2ee5e9f9314c7e072bb3aa65144e588b/element HTTP/1.1
User-Agent: selenium/4.1.2 (java windows)
Content-Length: 63
Content-Type: application/json; charset=utf-8
host: localhost:54218
accept: */*

Response DefaultHttpResponse(decodeResult: success, version: HTTP/1.1)
HTTP/1.1 200 OK
Content-Type: application/json; charset=utf-8
cache-control: no-cache
content-length: 88

14:57:55.144 [AsyncHttpClient-1-4] DEBUG org.asynchttpclient.netty.channel.ChannelManager - Adding key: http://localhost:54218 for channel [id: 0x2d5cf301, L:/127.0.0.1:49190 - R:localhost/127.0.0.1:54218]
14:57:55.144 [Forwarding isElementSelected on session 2ee5e9f9314c7e072bb3aa65144e588b to remote] DEBUG org.asynchttpclient.netty.request.NettyRequestSender - Using pooled Channel '[id: 0x2d5cf301, L:/127.0.0.1:49190 - R:localhost/127.0.0.1:54218]' for 'GET' to 'http://localhost:54218/session/2ee5e9f9314c7e072bb3aa65144e588b/element/bd0c5301-6192-4a6d-a6bf-6e7c19338cf2/selected'
14:57:55.144 [Forwarding isElementSelected on session 2ee5e9f9314c7e072bb3aa65144e588b to remote] DEBUG org.asynchttpclient.netty.request.NettyRequestSender - Using open Channel [id: 0x2d5cf301, L:/127.0.0.1:49190 - R:localhost/127.0.0.1:54218] for GET '/session/2ee5e9f9314c7e072bb3aa65144e588b/element/bd0c5301-6192-4a6d-a6bf-6e7c19338cf2/selected'
14:57:55.154 [AsyncHttpClient-1-4] DEBUG org.asynchttpclient.netty.handler.HttpHandler - 

Request DefaultFullHttpRequest(decodeResult: success, version: HTTP/1.1, content: EmptyByteBufBE)
GET /session/2ee5e9f9314c7e072bb3aa65144e588b/element/bd0c5301-6192-4a6d-a6bf-6e7c19338cf2/selected HTTP/1.1
User-Agent: selenium/4.1.2 (java windows)
Cache-Control: no-cache
Content-Type: application/json; charset=utf-8
host: localhost:54218
accept: */*

Response DefaultHttpResponse(decodeResult: success, version: HTTP/1.1)
HTTP/1.1 200 OK
Content-Type: application/json; charset=utf-8
cache-control: no-cache
content-length: 15

14:57:55.154 [AsyncHttpClient-1-4] DEBUG org.asynchttpclient.netty.channel.ChannelManager - Adding key: http://localhost:54218 for channel [id: 0x2d5cf301, L:/127.0.0.1:49190 - R:localhost/127.0.0.1:54218]
14:57:55.158 [Forwarding screenshot on session 2ee5e9f9314c7e072bb3aa65144e588b to remote] DEBUG org.asynchttpclient.netty.request.NettyRequestSender - Using pooled Channel '[id: 0x2d5cf301, L:/127.0.0.1:49190 - R:localhost/127.0.0.1:54218]' for 'GET' to 'http://localhost:54218/session/2ee5e9f9314c7e072bb3aa65144e588b/screenshot'
14:57:55.158 [Forwarding screenshot on session 2ee5e9f9314c7e072bb3aa65144e588b to remote] DEBUG org.asynchttpclient.netty.request.NettyRequestSender - Using open Channel [id: 0x2d5cf301, L:/127.0.0.1:49190 - R:localhost/127.0.0.1:54218] for GET '/session/2ee5e9f9314c7e072bb3aa65144e588b/screenshot'
14:57:55.323 [AsyncHttpClient-1-4] DEBUG org.asynchttpclient.netty.handler.HttpHandler - 

Request DefaultFullHttpRequest(decodeResult: success, version: HTTP/1.1, content: EmptyByteBufBE)
GET /session/2ee5e9f9314c7e072bb3aa65144e588b/screenshot HTTP/1.1
User-Agent: selenium/4.1.2 (java windows)
Cache-Control: no-cache
Content-Type: application/json; charset=utf-8
host: localhost:54218
accept: */*

Response DefaultHttpResponse(decodeResult: success, version: HTTP/1.1)
HTTP/1.1 200 OK
Content-Type: application/json; charset=utf-8
cache-control: no-cache
content-length: 30988

14:57:55.323 [AsyncHttpClient-1-4] DEBUG org.asynchttpclient.netty.channel.ChannelManager - Adding key: http://localhost:54218 for channel [id: 0x2d5cf301, L:/127.0.0.1:49190 - R:localhost/127.0.0.1:54218]
14:57:55.325 [main] DEBUG net.serenitybdd.core.photography.Darkroom - Send negative for processing for target\site\serenity\4a4dbac10fb5586d8d57dfea7399bc6935f12ed71f9494985abfd2db0b5f15e3.png
14:57:55.325 [main] DEBUG net.thucydides.core.steps.StepInterceptor - STEP DONE: errorFieldAlert
14:57:55.325 [Darkroom Processing Line] DEBUG net.serenitybdd.core.photography.DarkroomProcessingLine - Processing screenshot image in /var/screenshots/screenshot-795874431715423651
14:57:55.325 [Darkroom Processing Line] DEBUG net.serenitybdd.core.photography.DarkroomProcessingLine - Saving screenshot to target\site\serenity\4a4dbac10fb5586d8d57dfea7399bc6935f12ed71f9494985abfd2db0b5f15e3.png
14:57:55.331 [main] DEBUG net.thucydides.core.steps.StepInterceptor - STARTING STEP: RegisterStep.iGetThe - errorMessageAppears
14:57:55.332 [Forwarding findElement on session 2ee5e9f9314c7e072bb3aa65144e588b to remote] DEBUG org.asynchttpclient.netty.request.NettyRequestSender - Using pooled Channel '[id: 0x2d5cf301, L:/127.0.0.1:49190 - R:localhost/127.0.0.1:54218]' for 'POST' to 'http://localhost:54218/session/2ee5e9f9314c7e072bb3aa65144e588b/element'
14:57:55.332 [Forwarding findElement on session 2ee5e9f9314c7e072bb3aa65144e588b to remote] DEBUG org.asynchttpclient.netty.request.NettyRequestSender - Using open Channel [id: 0x2d5cf301, L:/127.0.0.1:49190 - R:localhost/127.0.0.1:54218] for POST '/session/2ee5e9f9314c7e072bb3aa65144e588b/element'
14:57:55.341 [AsyncHttpClient-1-4] DEBUG org.asynchttpclient.netty.handler.HttpHandler - 

Request DefaultHttpRequest(decodeResult: success, version: HTTP/1.1)
POST /session/2ee5e9f9314c7e072bb3aa65144e588b/element HTTP/1.1
User-Agent: selenium/4.1.2 (java windows)
Content-Length: 63
Content-Type: application/json; charset=utf-8
host: localhost:54218
accept: */*

Response DefaultHttpResponse(decodeResult: success, version: HTTP/1.1)
HTTP/1.1 200 OK
Content-Type: application/json; charset=utf-8
cache-control: no-cache
content-length: 88

14:57:55.341 [AsyncHttpClient-1-4] DEBUG org.asynchttpclient.netty.channel.ChannelManager - Adding key: http://localhost:54218 for channel [id: 0x2d5cf301, L:/127.0.0.1:49190 - R:localhost/127.0.0.1:54218]
14:57:55.345 [Forwarding isElementDisplayed on session 2ee5e9f9314c7e072bb3aa65144e588b to remote] DEBUG org.asynchttpclient.netty.request.NettyRequestSender - Using pooled Channel '[id: 0x2d5cf301, L:/127.0.0.1:49190 - R:localhost/127.0.0.1:54218]' for 'POST' to 'http://localhost:54218/session/2ee5e9f9314c7e072bb3aa65144e588b/execute/sync'
14:57:55.345 [Forwarding isElementDisplayed on session 2ee5e9f9314c7e072bb3aa65144e588b to remote] DEBUG org.asynchttpclient.netty.request.NettyRequestSender - Using open Channel [id: 0x2d5cf301, L:/127.0.0.1:49190 - R:localhost/127.0.0.1:54218] for POST '/session/2ee5e9f9314c7e072bb3aa65144e588b/execute/sync'
14:57:55.357 [AsyncHttpClient-1-4] DEBUG org.asynchttpclient.netty.handler.HttpHandler - 

Request DefaultHttpRequest(decodeResult: success, version: HTTP/1.1)
POST /session/2ee5e9f9314c7e072bb3aa65144e588b/execute/sync HTTP/1.1
User-Agent: selenium/4.1.2 (java windows)
Content-Length: 48780
Content-Type: application/json; charset=utf-8
host: localhost:54218
accept: */*

Response DefaultHttpResponse(decodeResult: success, version: HTTP/1.1)
HTTP/1.1 200 OK
Content-Type: application/json; charset=utf-8
cache-control: no-cache
content-length: 14

14:57:55.357 [AsyncHttpClient-1-4] DEBUG org.asynchttpclient.netty.channel.ChannelManager - Adding key: http://localhost:54218 for channel [id: 0x2d5cf301, L:/127.0.0.1:49190 - R:localhost/127.0.0.1:54218]
14:57:55.360 [main] DEBUG net.thucydides.core.steps.StepInterceptor - STEP DONE: errorMessageAppears
  &amp#27;[32mThen &amp#27;[0m&amp#27;[32mI Get the &amp#27;[0m&amp#27;[32m&amp#27;[1m"register page"&amp#27;[0m    &amp#27;[90m# Starter.StepDefinitions.RegisterStep.iGetThe(java.lang.String)&amp#27;[0m
14:57:55.372 [AsyncHttpClient-1-6] DEBUG org.asynchttpclient.netty.handler.WebSocketHandler - Channel Closed: [id: 0x1d3bff1b, L:/127.0.0.1:49198 ! R:localhost/127.0.0.1:49191] with attribute NettyResponseFuture{currentRetry=5,
	isDone=1,
	isCancelled=0,
	asyncHandler=org.asynchttpclient.ws.WebSocketUpgradeHandler@3a3689b1,
	nettyRequest=org.asynchttpclient.netty.request.NettyRequest@6be6528e,
	future=java.util.concurrent.CompletableFuture@cb65fcf[Completed normally],
	uri=ws://localhost:49191/devtools/browser/48f57b91-2e32-4c4f-a5f5-bf5492b86928,
	keepAlive=true,
	redirectCount=0,
	timeoutsHolder=null,
	inAuth=0,
	touch=1652687872613}
14:57:55.372 [AsyncHttpClient-1-6] DEBUG org.asynchttpclient.netty.channel.ChannelManager - Closing Channel [id: 0x1d3bff1b, L:/127.0.0.1:49198 ! R:localhost/127.0.0.1:49191] 
14:57:55.372 [Driver Command Executor] DEBUG org.asynchttpclient.netty.request.NettyRequestSender - Using pooled Channel '[id: 0x2d5cf301, L:/127.0.0.1:49190 - R:localhost/127.0.0.1:54218]' for 'DELETE' to 'http://localhost:54218/session/2ee5e9f9314c7e072bb3aa65144e588b'
14:57:55.372 [Driver Command Executor] DEBUG org.asynchttpclient.netty.request.NettyRequestSender - Using open Channel [id: 0x2d5cf301, L:/127.0.0.1:49190 - R:localhost/127.0.0.1:54218] for DELETE '/session/2ee5e9f9314c7e072bb3aa65144e588b'
14:57:55.477 [AsyncHttpClient-1-5] DEBUG org.asynchttpclient.netty.handler.HttpHandler - Unexpected I/O exception on channel [id: 0xe6fcf3ff, L:/127.0.0.1:49197 - R:localhost/127.0.0.1:49191]
java.net.SocketException: Connection reset
	at java.base/sun.nio.ch.SocketChannelImpl.throwConnectionReset(SocketChannelImpl.java:367)
	at java.base/sun.nio.ch.SocketChannelImpl.read(SocketChannelImpl.java:398)
	at io.netty.buffer.PooledByteBuf.setBytes(PooledByteBuf.java:258)
	at io.netty.buffer.AbstractByteBuf.writeBytes(AbstractByteBuf.java:1132)
	at io.netty.channel.socket.nio.NioSocketChannel.doReadBytes(NioSocketChannel.java:350)
	at io.netty.channel.nio.AbstractNioByteChannel$NioByteUnsafe.read(AbstractNioByteChannel.java:151)
	at io.netty.channel.nio.NioEventLoop.processSelectedKey(NioEventLoop.java:722)
	at io.netty.channel.nio.NioEventLoop.processSelectedKeysOptimized(NioEventLoop.java:658)
	at io.netty.channel.nio.NioEventLoop.processSelectedKeys(NioEventLoop.java:584)
	at io.netty.channel.nio.NioEventLoop.run(NioEventLoop.java:496)
	at io.netty.util.concurrent.SingleThreadEventExecutor$4.run(SingleThreadEventExecutor.java:986)
	at io.netty.util.internal.ThreadExecutorMap$2.run(ThreadExecutorMap.java:74)
	at io.netty.util.concurrent.FastThreadLocalRunnable.run(FastThreadLocalRunnable.java:30)
	at java.base/java.lang.Thread.run(Thread.java:832)
14:57:55.477 [AsyncHttpClient-1-5] DEBUG org.asynchttpclient.netty.channel.ChannelManager - Closing Channel [id: 0xe6fcf3ff, L:/127.0.0.1:49197 - R:localhost/127.0.0.1:49191] 
14:57:55.478 [AsyncHttpClient-1-5] DEBUG org.asynchttpclient.netty.handler.HttpHandler - Channel Closed: [id: 0xe6fcf3ff, L:/127.0.0.1:49197 ! R:localhost/127.0.0.1:49191] with attribute DISCARD
14:57:55.501 [AsyncHttpClient-1-4] DEBUG org.asynchttpclient.netty.handler.HttpHandler - 

Request DefaultFullHttpRequest(decodeResult: success, version: HTTP/1.1, content: EmptyByteBufBE)
DELETE /session/2ee5e9f9314c7e072bb3aa65144e588b HTTP/1.1
User-Agent: selenium/4.1.2 (java windows)
Content-Type: application/json; charset=utf-8
host: localhost:54218
accept: */*

Response DefaultHttpResponse(decodeResult: success, version: HTTP/1.1)
HTTP/1.1 200 OK
Content-Type: application/json; charset=utf-8
cache-control: no-cache
content-length: 14

14:57:55.501 [AsyncHttpClient-1-4] DEBUG org.asynchttpclient.netty.channel.ChannelManager - Adding key: http://localhost:54218 for channel [id: 0x2d5cf301, L:/127.0.0.1:49190 - R:localhost/127.0.0.1:54218]
14:57:55.600 [AsyncHttpClient-1-4] DEBUG org.asynchttpclient.netty.handler.HttpHandler - Channel Closed: [id: 0x2d5cf301, L:/127.0.0.1:49190 ! R:localhost/127.0.0.1:54218] with attribute DISCARD
14:57:56.001 [AsyncHttpClient-1-1] DEBUG org.asynchttpclient.netty.channel.DefaultChannelPool - Entry count for : http://localhost:49191 : 1
14:57:56.001 [AsyncHttpClient-1-1] DEBUG org.asynchttpclient.netty.channel.DefaultChannelPool - Entry count for : http://localhost:54218 : 1
14:57:56.001 [AsyncHttpClient-1-1] DEBUG org.asynchttpclient.netty.channel.DefaultChannelPool - Adding Candidate expired Channel [id: 0xe6fcf3ff, L:/127.0.0.1:49197 ! R:localhost/127.0.0.1:49191] isIdleTimeoutExpired=false isRemotelyClosed=true isTtlExpired=false
14:57:56.001 [AsyncHttpClient-1-1] DEBUG org.asynchttpclient.netty.channel.DefaultChannelPool - Closing Idle Channel [id: 0xe6fcf3ff, L:/127.0.0.1:49197 ! R:localhost/127.0.0.1:49191]
14:57:56.001 [AsyncHttpClient-1-1] DEBUG org.asynchttpclient.netty.channel.DefaultChannelPool - Adding Candidate expired Channel [id: 0x2d5cf301, L:/127.0.0.1:49190 ! R:localhost/127.0.0.1:54218] isIdleTimeoutExpired=false isRemotelyClosed=true isTtlExpired=false
14:57:56.001 [AsyncHttpClient-1-1] DEBUG org.asynchttpclient.netty.channel.DefaultChannelPool - Closing Idle Channel [id: 0x2d5cf301, L:/127.0.0.1:49190 ! R:localhost/127.0.0.1:54218]
14:57:56.001 [AsyncHttpClient-1-1] DEBUG org.asynchttpclient.netty.channel.DefaultChannelPool - Closed 2 connections out of 2 in 0 ms
]]></system-out>
    <system-err><![CDATA[Starting ChromeDriver 101.0.4951.41 (93c720db8323b3ec10d056025ab95c23a31997c9-refs/branch-heads/4951@{#904}) on port 54218
Only local connections are allowed.
Please see https://chromedriver.chromium.org/security-considerations for suggestions on keeping ChromeDriver safe.
ChromeDriver was started successfully.
May 16, 2022 2:57:52 PM org.openqa.selenium.remote.ProtocolHandshake createSession
INFO: Detected dialect: W3C
May 16, 2022 2:57:52 PM org.openqa.selenium.devtools.CdpVersionFinder findNearestMatch
WARNING: Unable to find an exact match for CDP version 101, so returning the closest version found: 97
May 16, 2022 2:57:52 PM org.openqa.selenium.devtools.CdpVersionFinder findNearestMatch
INFO: Found CDP implementation for version 101 of 97
]]></system-err>
  </testcase>
  <testcase name="Transactions Success" classname="Transactions" time="7.605">
    <system-out><![CDATA[14:57:56.126 [main] INFO io.cucumber.core.plugin.SerenityReporter - Running feature from file:///D:/data%20hakim/Mini%20Project%20Alterra/WebAlta/src/test/resources/features/Transactions.feature
14:57:56.129 [main] DEBUG net.thucydides.core.steps.StepEventBus - Test suite started for story net.thucydides.core.model.Story@5c2ec4c8
14:57:56.129 [main] INFO  - Test Suite Started: Transactions

@Transactions
Scenario Outline: Transactions Success   &amp#27;[90m# src/test/resources/features/Transactions.feature:20&amp#27;[0m
14:57:56.136 [main] INFO io.cucumber.core.plugin.SerenityReporter - Running feature from file:///D:/data%20hakim/Mini%20Project%20Alterra/WebAlta/src/test/resources/features/Transactions.feature
14:57:56.139 [main] INFO  - 
  _____   ___   ___   _____     ___   _____     _     ___   _____   ___   ___  
 |_   _| | __| / __| |_   _|   / __| |_   _|   /_\   | _ \ |_   _| | __| |   \ 
   | |   | _|  \__ \   | |     \__ \   | |    / _ \  |   /   | |   | _|  | |) |
   |_|   |___| |___/   |_|     |___/   |_|   /_/ \_\ |_|_\   |_|   |___| |___/ 

Transactions Success(transactions;transactions-success)
--------------------------------------------------------------------------------
14:57:56.257 [main] INFO net.serenitybdd.core.webdriver.driverproviders.ChromeDriverProvider - Using automatically driver download
14:57:56.358 [main] DEBUG io.github.bonigarcia.wdm.cache.ResolutionCache - Resolution chrome=101 in cache (valid until 15:32:06 16/05/2022 WIB)
14:57:56.360 [main] DEBUG io.github.bonigarcia.wdm.cache.ResolutionCache - Resolution chrome101=101.0.4951.41 in cache (valid until 14:32:06 17/05/2022 WIB)
14:57:56.362 [main] INFO io.github.bonigarcia.wdm.WebDriverManager - Using chromedriver 101.0.4951.41 (resolved driver for Chrome 101)
14:57:56.371 [main] DEBUG io.github.bonigarcia.wdm.WebDriverManager - Driver chromedriver 101.0.4951.41 found in cache
14:57:56.372 [main] INFO io.github.bonigarcia.wdm.WebDriverManager - Exporting webdriver.chrome.driver as C:\Users\hp pc\.cache\selenium\chromedriver\win32\101.0.4951.41\chromedriver.exe
14:57:56.458 [main] DEBUG net.serenitybdd.core.webdriver.driverproviders.ProvideNewDriver - Instantiating driver
14:57:56.458 [main] DEBUG net.serenitybdd.core.webdriver.driverproviders.ProvideNewDriver - Driver capabilities: Capabilities {acceptInsecureCerts: false, base.url: https://qa.alta.id/, browserName: chrome, chrome.driver: src/test/resources/webdrive..., driver: chrome, goog:chromeOptions: {args: [], extensions: []}}
14:57:56.986 [AsyncHttpClient-1-7] DEBUG org.asynchttpclient.netty.channel.NettyConnectListener - Using new Channel '[id: 0xa204ca3c, L:/127.0.0.1:49216 - R:localhost/127.0.0.1:64860]' for 'POST' to '/session'
14:57:57.649 [AsyncHttpClient-1-7] DEBUG org.asynchttpclient.netty.handler.HttpHandler - 

Request DefaultHttpRequest(decodeResult: success, version: HTTP/1.1)
POST /session HTTP/1.1
User-Agent: selenium/4.1.2 (java windows)
Content-Length: 605
Content-Type: application/json; charset=utf-8
host: localhost:64860
accept: */*

Response DefaultHttpResponse(decodeResult: success, version: HTTP/1.1)
HTTP/1.1 200 OK
Content-Type: application/json; charset=utf-8
cache-control: no-cache
content-length: 788

14:57:57.650 [AsyncHttpClient-1-7] DEBUG org.asynchttpclient.netty.channel.ChannelManager - Adding key: http://localhost:64860 for channel [id: 0xa204ca3c, L:/127.0.0.1:49216 - R:localhost/127.0.0.1:64860]
14:57:57.667 [AsyncHttpClient-1-8] DEBUG org.asynchttpclient.netty.channel.NettyConnectListener - Using new Channel '[id: 0xab28c08e, L:/127.0.0.1:49223 - R:localhost/127.0.0.1:49217]' for 'GET' to '/json/version'
14:57:57.668 [AsyncHttpClient-1-8] DEBUG org.asynchttpclient.netty.handler.HttpHandler - 

Request DefaultFullHttpRequest(decodeResult: success, version: HTTP/1.1, content: EmptyByteBufBE)
GET /json/version HTTP/1.1
User-Agent: selenium/4.1.2 (java windows)
host: localhost:49217
accept: */*

Response DefaultHttpResponse(decodeResult: success, version: HTTP/1.1)
HTTP/1.1 200 OK
Content-Type: application/json; charset=UTF-8
content-length: 427

14:57:57.668 [AsyncHttpClient-1-8] DEBUG org.asynchttpclient.netty.channel.ChannelManager - Adding key: http://localhost:49217 for channel [id: 0xab28c08e, L:/127.0.0.1:49223 - R:localhost/127.0.0.1:49217]
14:57:57.671 [AsyncHttpClient-1-9] DEBUG org.asynchttpclient.netty.channel.NettyConnectListener - Using new Channel '[id: 0xb9c9f287, L:/127.0.0.1:49224 - R:localhost/127.0.0.1:49217]' for 'GET' to '/devtools/browser/6a7d5783-b821-4b76-ae37-abc668ca94a5'
14:57:57.671 [AsyncHttpClient-1-9] DEBUG org.asynchttpclient.netty.handler.WebSocketHandler - 

Request DefaultFullHttpRequest(decodeResult: success, version: HTTP/1.1, content: EmptyByteBufBE)
GET /devtools/browser/6a7d5783-b821-4b76-ae37-abc668ca94a5 HTTP/1.1
upgrade: websocket
connection: upgrade
sec-websocket-key: ck4zALPzgX6Qwdyts/t8EQ==
sec-websocket-version: 13
origin: http://localhost:49217
host: localhost:49217
accept: */*
user-agent: AHC/2.1

Response DefaultHttpResponse(decodeResult: success, version: HTTP/1.1)
HTTP/1.1 101 WebSocket Protocol Handshake
Upgrade: WebSocket
Connection: Upgrade
Sec-WebSocket-Accept: wGccS/GMM3i2wTLPV7APHKZAOo4=

14:57:57.682 [Forwarding maximizeCurrentWindow on session 9ee3d25bf314bfb5359639734c0b29dc to remote] DEBUG org.asynchttpclient.netty.request.NettyRequestSender - Using pooled Channel '[id: 0xa204ca3c, L:/127.0.0.1:49216 - R:localhost/127.0.0.1:64860]' for 'POST' to 'http://localhost:64860/session/9ee3d25bf314bfb5359639734c0b29dc/window/maximize'
14:57:57.682 [Forwarding maximizeCurrentWindow on session 9ee3d25bf314bfb5359639734c0b29dc to remote] DEBUG org.asynchttpclient.netty.request.NettyRequestSender - Using open Channel [id: 0xa204ca3c, L:/127.0.0.1:49216 - R:localhost/127.0.0.1:64860] for POST '/session/9ee3d25bf314bfb5359639734c0b29dc/window/maximize'
14:57:57.810 [AsyncHttpClient-1-7] DEBUG org.asynchttpclient.netty.handler.HttpHandler - 

Request DefaultHttpRequest(decodeResult: success, version: HTTP/1.1)
POST /session/9ee3d25bf314bfb5359639734c0b29dc/window/maximize HTTP/1.1
User-Agent: selenium/4.1.2 (java windows)
Content-Length: 3
Content-Type: application/json; charset=utf-8
host: localhost:64860
accept: */*

Response DefaultHttpResponse(decodeResult: success, version: HTTP/1.1)
HTTP/1.1 200 OK
Content-Type: application/json; charset=utf-8
cache-control: no-cache
content-length: 51

14:57:57.810 [AsyncHttpClient-1-7] DEBUG org.asynchttpclient.netty.channel.ChannelManager - Adding key: http://localhost:64860 for channel [id: 0xa204ca3c, L:/127.0.0.1:49216 - R:localhost/127.0.0.1:64860]
14:57:57.810 [Forwarding get on session 9ee3d25bf314bfb5359639734c0b29dc to remote] DEBUG org.asynchttpclient.netty.request.NettyRequestSender - Using pooled Channel '[id: 0xa204ca3c, L:/127.0.0.1:49216 - R:localhost/127.0.0.1:64860]' for 'POST' to 'http://localhost:64860/session/9ee3d25bf314bfb5359639734c0b29dc/url'
14:57:57.810 [Forwarding get on session 9ee3d25bf314bfb5359639734c0b29dc to remote] DEBUG org.asynchttpclient.netty.request.NettyRequestSender - Using open Channel [id: 0xa204ca3c, L:/127.0.0.1:49216 - R:localhost/127.0.0.1:64860] for POST '/session/9ee3d25bf314bfb5359639734c0b29dc/url'
14:57:58.201 [AsyncHttpClient-1-1] DEBUG org.asynchttpclient.netty.channel.DefaultChannelPool - Entry count for : http://localhost:49217 : 1
14:57:58.903 [AsyncHttpClient-1-7] DEBUG org.asynchttpclient.netty.handler.HttpHandler - 

Request DefaultHttpRequest(decodeResult: success, version: HTTP/1.1)
POST /session/9ee3d25bf314bfb5359639734c0b29dc/url HTTP/1.1
User-Agent: selenium/4.1.2 (java windows)
Content-Length: 64
Content-Type: application/json; charset=utf-8
host: localhost:64860
accept: */*

Response DefaultHttpResponse(decodeResult: success, version: HTTP/1.1)
HTTP/1.1 200 OK
Content-Type: application/json; charset=utf-8
cache-control: no-cache
content-length: 14

14:57:58.903 [AsyncHttpClient-1-7] DEBUG org.asynchttpclient.netty.channel.ChannelManager - Adding key: http://localhost:64860 for channel [id: 0xa204ca3c, L:/127.0.0.1:49216 - R:localhost/127.0.0.1:64860]
14:57:58.918 [Forwarding setTimeout on session 9ee3d25bf314bfb5359639734c0b29dc to remote] DEBUG org.asynchttpclient.netty.request.NettyRequestSender - Using pooled Channel '[id: 0xa204ca3c, L:/127.0.0.1:49216 - R:localhost/127.0.0.1:64860]' for 'POST' to 'http://localhost:64860/session/9ee3d25bf314bfb5359639734c0b29dc/timeouts'
14:57:58.919 [Forwarding setTimeout on session 9ee3d25bf314bfb5359639734c0b29dc to remote] DEBUG org.asynchttpclient.netty.request.NettyRequestSender - Using open Channel [id: 0xa204ca3c, L:/127.0.0.1:49216 - R:localhost/127.0.0.1:64860] for POST '/session/9ee3d25bf314bfb5359639734c0b29dc/timeouts'
14:57:58.920 [AsyncHttpClient-1-7] DEBUG org.asynchttpclient.netty.handler.HttpHandler - 

Request DefaultHttpRequest(decodeResult: success, version: HTTP/1.1)
POST /session/9ee3d25bf314bfb5359639734c0b29dc/timeouts HTTP/1.1
User-Agent: selenium/4.1.2 (java windows)
Content-Length: 22
Content-Type: application/json; charset=utf-8
host: localhost:64860
accept: */*

Response DefaultHttpResponse(decodeResult: success, version: HTTP/1.1)
HTTP/1.1 200 OK
Content-Type: application/json; charset=utf-8
cache-control: no-cache
content-length: 14

14:57:58.920 [AsyncHttpClient-1-7] DEBUG org.asynchttpclient.netty.channel.ChannelManager - Adding key: http://localhost:64860 for channel [id: 0xa204ca3c, L:/127.0.0.1:49216 - R:localhost/127.0.0.1:64860]
14:57:58.926 [Forwarding getCurrentUrl on session 9ee3d25bf314bfb5359639734c0b29dc to remote] DEBUG org.asynchttpclient.netty.request.NettyRequestSender - Using pooled Channel '[id: 0xa204ca3c, L:/127.0.0.1:49216 - R:localhost/127.0.0.1:64860]' for 'GET' to 'http://localhost:64860/session/9ee3d25bf314bfb5359639734c0b29dc/url'
14:57:58.926 [Forwarding getCurrentUrl on session 9ee3d25bf314bfb5359639734c0b29dc to remote] DEBUG org.asynchttpclient.netty.request.NettyRequestSender - Using open Channel [id: 0xa204ca3c, L:/127.0.0.1:49216 - R:localhost/127.0.0.1:64860] for GET '/session/9ee3d25bf314bfb5359639734c0b29dc/url'
14:57:58.937 [AsyncHttpClient-1-7] DEBUG org.asynchttpclient.netty.handler.HttpHandler - 

Request DefaultFullHttpRequest(decodeResult: success, version: HTTP/1.1, content: EmptyByteBufBE)
GET /session/9ee3d25bf314bfb5359639734c0b29dc/url HTTP/1.1
User-Agent: selenium/4.1.2 (java windows)
Cache-Control: no-cache
Content-Type: application/json; charset=utf-8
host: localhost:64860
accept: */*

Response DefaultHttpResponse(decodeResult: success, version: HTTP/1.1)
HTTP/1.1 200 OK
Content-Type: application/json; charset=utf-8
cache-control: no-cache
content-length: 41

14:57:58.938 [AsyncHttpClient-1-7] DEBUG org.asynchttpclient.netty.channel.ChannelManager - Adding key: http://localhost:64860 for channel [id: 0xa204ca3c, L:/127.0.0.1:49216 - R:localhost/127.0.0.1:64860]
14:57:58.943 [main] DEBUG net.serenitybdd.core.photography.Darkroom - Opening darkroom
14:57:58.944 [Forwarding screenshot on session 9ee3d25bf314bfb5359639734c0b29dc to remote] DEBUG org.asynchttpclient.netty.request.NettyRequestSender - Using pooled Channel '[id: 0xa204ca3c, L:/127.0.0.1:49216 - R:localhost/127.0.0.1:64860]' for 'GET' to 'http://localhost:64860/session/9ee3d25bf314bfb5359639734c0b29dc/screenshot'
14:57:58.944 [Forwarding screenshot on session 9ee3d25bf314bfb5359639734c0b29dc to remote] DEBUG org.asynchttpclient.netty.request.NettyRequestSender - Using open Channel [id: 0xa204ca3c, L:/127.0.0.1:49216 - R:localhost/127.0.0.1:64860] for GET '/session/9ee3d25bf314bfb5359639734c0b29dc/screenshot'
14:57:58.944 [Darkroom Processing Line] DEBUG net.serenitybdd.core.photography.DarkroomProcessingLine - Darkroom processing line starting up
14:57:59.047 [AsyncHttpClient-1-7] DEBUG org.asynchttpclient.netty.handler.HttpHandler - 

Request DefaultFullHttpRequest(decodeResult: success, version: HTTP/1.1, content: EmptyByteBufBE)
GET /session/9ee3d25bf314bfb5359639734c0b29dc/screenshot HTTP/1.1
User-Agent: selenium/4.1.2 (java windows)
Cache-Control: no-cache
Content-Type: application/json; charset=utf-8
host: localhost:64860
accept: */*

Response DefaultHttpResponse(decodeResult: success, version: HTTP/1.1)
HTTP/1.1 200 OK
Content-Type: application/json; charset=utf-8
cache-control: no-cache
content-length: 24940

14:57:59.047 [AsyncHttpClient-1-7] DEBUG org.asynchttpclient.netty.channel.ChannelManager - Adding key: http://localhost:64860 for channel [id: 0xa204ca3c, L:/127.0.0.1:49216 - R:localhost/127.0.0.1:64860]
14:57:59.048 [main] DEBUG net.serenitybdd.core.photography.Darkroom - Send negative for processing for target\site\serenity\11023edac3681808080020daf60d8cb00148736924ac340653f27273a0570072.png
14:57:59.048 [main] DEBUG net.thucydides.core.steps.StepInterceptor - STARTING STEP: TransactionsStep.iAmOnTheLoginPage - validateOnLoginPage
14:57:59.049 [Forwarding findElement on session 9ee3d25bf314bfb5359639734c0b29dc to remote] DEBUG org.asynchttpclient.netty.request.NettyRequestSender - Using pooled Channel '[id: 0xa204ca3c, L:/127.0.0.1:49216 - R:localhost/127.0.0.1:64860]' for 'POST' to 'http://localhost:64860/session/9ee3d25bf314bfb5359639734c0b29dc/element'
14:57:59.049 [Forwarding findElement on session 9ee3d25bf314bfb5359639734c0b29dc to remote] DEBUG org.asynchttpclient.netty.request.NettyRequestSender - Using open Channel [id: 0xa204ca3c, L:/127.0.0.1:49216 - R:localhost/127.0.0.1:64860] for POST '/session/9ee3d25bf314bfb5359639734c0b29dc/element'
14:57:59.058 [AsyncHttpClient-1-7] DEBUG org.asynchttpclient.netty.handler.HttpHandler - 

Request DefaultHttpRequest(decodeResult: success, version: HTTP/1.1)
POST /session/9ee3d25bf314bfb5359639734c0b29dc/element HTTP/1.1
User-Agent: selenium/4.1.2 (java windows)
Content-Length: 136
Content-Type: application/json; charset=utf-8
host: localhost:64860
accept: */*

Response DefaultHttpResponse(decodeResult: success, version: HTTP/1.1)
HTTP/1.1 200 OK
Content-Type: application/json; charset=utf-8
cache-control: no-cache
content-length: 88

14:57:59.058 [AsyncHttpClient-1-7] DEBUG org.asynchttpclient.netty.channel.ChannelManager - Adding key: http://localhost:64860 for channel [id: 0xa204ca3c, L:/127.0.0.1:49216 - R:localhost/127.0.0.1:64860]
14:57:59.060 [Forwarding isElementDisplayed on session 9ee3d25bf314bfb5359639734c0b29dc to remote] DEBUG org.asynchttpclient.netty.request.NettyRequestSender - Using pooled Channel '[id: 0xa204ca3c, L:/127.0.0.1:49216 - R:localhost/127.0.0.1:64860]' for 'POST' to 'http://localhost:64860/session/9ee3d25bf314bfb5359639734c0b29dc/execute/sync'
14:57:59.060 [Forwarding isElementDisplayed on session 9ee3d25bf314bfb5359639734c0b29dc to remote] DEBUG org.asynchttpclient.netty.request.NettyRequestSender - Using open Channel [id: 0xa204ca3c, L:/127.0.0.1:49216 - R:localhost/127.0.0.1:64860] for POST '/session/9ee3d25bf314bfb5359639734c0b29dc/execute/sync'
14:57:59.070 [AsyncHttpClient-1-7] DEBUG org.asynchttpclient.netty.handler.HttpHandler - 

Request DefaultHttpRequest(decodeResult: success, version: HTTP/1.1)
POST /session/9ee3d25bf314bfb5359639734c0b29dc/execute/sync HTTP/1.1
User-Agent: selenium/4.1.2 (java windows)
Content-Length: 48780
Content-Type: application/json; charset=utf-8
host: localhost:64860
accept: */*

Response DefaultHttpResponse(decodeResult: success, version: HTTP/1.1)
HTTP/1.1 200 OK
Content-Type: application/json; charset=utf-8
cache-control: no-cache
content-length: 14

14:57:59.070 [AsyncHttpClient-1-7] DEBUG org.asynchttpclient.netty.channel.ChannelManager - Adding key: http://localhost:64860 for channel [id: 0xa204ca3c, L:/127.0.0.1:49216 - R:localhost/127.0.0.1:64860]
14:57:59.072 [main] DEBUG net.thucydides.core.steps.StepInterceptor - STEP DONE: validateOnLoginPage
  &amp#27;[32mGiven &amp#27;[0m&amp#27;[32mI am login account&amp#27;[0m               &amp#27;[90m# Starter.StepDefinitions.TransactionsStep.iAmOnTheLoginPage()&amp#27;[0m
14:57:59.079 [main] DEBUG net.thucydides.core.steps.StepInterceptor - STARTING STEP: TransactionsStep.iInputEmail - inputEmail
14:57:59.081 [Forwarding findElement on session 9ee3d25bf314bfb5359639734c0b29dc to remote] DEBUG org.asynchttpclient.netty.request.NettyRequestSender - Using pooled Channel '[id: 0xa204ca3c, L:/127.0.0.1:49216 - R:localhost/127.0.0.1:64860]' for 'POST' to 'http://localhost:64860/session/9ee3d25bf314bfb5359639734c0b29dc/element'
14:57:59.081 [Forwarding findElement on session 9ee3d25bf314bfb5359639734c0b29dc to remote] DEBUG org.asynchttpclient.netty.request.NettyRequestSender - Using open Channel [id: 0xa204ca3c, L:/127.0.0.1:49216 - R:localhost/127.0.0.1:64860] for POST '/session/9ee3d25bf314bfb5359639734c0b29dc/element'
14:57:59.088 [AsyncHttpClient-1-7] DEBUG org.asynchttpclient.netty.handler.HttpHandler - 

Request DefaultHttpRequest(decodeResult: success, version: HTTP/1.1)
POST /session/9ee3d25bf314bfb5359639734c0b29dc/element HTTP/1.1
User-Agent: selenium/4.1.2 (java windows)
Content-Length: 91
Content-Type: application/json; charset=utf-8
host: localhost:64860
accept: */*

Response DefaultHttpResponse(decodeResult: success, version: HTTP/1.1)
HTTP/1.1 200 OK
Content-Type: application/json; charset=utf-8
cache-control: no-cache
content-length: 88

14:57:59.088 [AsyncHttpClient-1-7] DEBUG org.asynchttpclient.netty.channel.ChannelManager - Adding key: http://localhost:64860 for channel [id: 0xa204ca3c, L:/127.0.0.1:49216 - R:localhost/127.0.0.1:64860]
14:57:59.089 [Forwarding clearElement on session 9ee3d25bf314bfb5359639734c0b29dc to remote] DEBUG org.asynchttpclient.netty.request.NettyRequestSender - Using pooled Channel '[id: 0xa204ca3c, L:/127.0.0.1:49216 - R:localhost/127.0.0.1:64860]' for 'POST' to 'http://localhost:64860/session/9ee3d25bf314bfb5359639734c0b29dc/element/fa8e3c22-0a6a-4bdc-b968-69d7ec5868e6/clear'
14:57:59.089 [Forwarding clearElement on session 9ee3d25bf314bfb5359639734c0b29dc to remote] DEBUG org.asynchttpclient.netty.request.NettyRequestSender - Using open Channel [id: 0xa204ca3c, L:/127.0.0.1:49216 - R:localhost/127.0.0.1:64860] for POST '/session/9ee3d25bf314bfb5359639734c0b29dc/element/fa8e3c22-0a6a-4bdc-b968-69d7ec5868e6/clear'
14:57:59.115 [AsyncHttpClient-1-7] DEBUG org.asynchttpclient.netty.handler.HttpHandler - 

Request DefaultHttpRequest(decodeResult: success, version: HTTP/1.1)
POST /session/9ee3d25bf314bfb5359639734c0b29dc/element/fa8e3c22-0a6a-4bdc-b968-69d7ec5868e6/clear HTTP/1.1
User-Agent: selenium/4.1.2 (java windows)
Content-Length: 50
Content-Type: application/json; charset=utf-8
host: localhost:64860
accept: */*

Response DefaultHttpResponse(decodeResult: success, version: HTTP/1.1)
HTTP/1.1 200 OK
Content-Type: application/json; charset=utf-8
cache-control: no-cache
content-length: 14

14:57:59.115 [AsyncHttpClient-1-7] DEBUG org.asynchttpclient.netty.channel.ChannelManager - Adding key: http://localhost:64860 for channel [id: 0xa204ca3c, L:/127.0.0.1:49216 - R:localhost/127.0.0.1:64860]
14:57:59.117 [Forwarding sendKeysToElement on session 9ee3d25bf314bfb5359639734c0b29dc to remote] DEBUG org.asynchttpclient.netty.request.NettyRequestSender - Using pooled Channel '[id: 0xa204ca3c, L:/127.0.0.1:49216 - R:localhost/127.0.0.1:64860]' for 'POST' to 'http://localhost:64860/session/9ee3d25bf314bfb5359639734c0b29dc/element/fa8e3c22-0a6a-4bdc-b968-69d7ec5868e6/value'
14:57:59.117 [Forwarding sendKeysToElement on session 9ee3d25bf314bfb5359639734c0b29dc to remote] DEBUG org.asynchttpclient.netty.request.NettyRequestSender - Using open Channel [id: 0xa204ca3c, L:/127.0.0.1:49216 - R:localhost/127.0.0.1:64860] for POST '/session/9ee3d25bf314bfb5359639734c0b29dc/element/fa8e3c22-0a6a-4bdc-b968-69d7ec5868e6/value'
14:57:59.231 [AsyncHttpClient-1-7] DEBUG org.asynchttpclient.netty.handler.HttpHandler - 

Request DefaultHttpRequest(decodeResult: success, version: HTTP/1.1)
POST /session/9ee3d25bf314bfb5359639734c0b29dc/element/fa8e3c22-0a6a-4bdc-b968-69d7ec5868e6/value HTTP/1.1
User-Agent: selenium/4.1.2 (java windows)
Content-Length: 261
Content-Type: application/json; charset=utf-8
host: localhost:64860
accept: */*

Response DefaultHttpResponse(decodeResult: success, version: HTTP/1.1)
HTTP/1.1 200 OK
Content-Type: application/json; charset=utf-8
cache-control: no-cache
content-length: 14

14:57:59.231 [AsyncHttpClient-1-7] DEBUG org.asynchttpclient.netty.channel.ChannelManager - Adding key: http://localhost:64860 for channel [id: 0xa204ca3c, L:/127.0.0.1:49216 - R:localhost/127.0.0.1:64860]
14:57:59.235 [Forwarding screenshot on session 9ee3d25bf314bfb5359639734c0b29dc to remote] DEBUG org.asynchttpclient.netty.request.NettyRequestSender - Using pooled Channel '[id: 0xa204ca3c, L:/127.0.0.1:49216 - R:localhost/127.0.0.1:64860]' for 'GET' to 'http://localhost:64860/session/9ee3d25bf314bfb5359639734c0b29dc/screenshot'
14:57:59.235 [Forwarding screenshot on session 9ee3d25bf314bfb5359639734c0b29dc to remote] DEBUG org.asynchttpclient.netty.request.NettyRequestSender - Using open Channel [id: 0xa204ca3c, L:/127.0.0.1:49216 - R:localhost/127.0.0.1:64860] for GET '/session/9ee3d25bf314bfb5359639734c0b29dc/screenshot'
14:57:59.305 [AsyncHttpClient-1-1] DEBUG org.asynchttpclient.netty.channel.DefaultChannelPool - Entry count for : http://localhost:49217 : 1
14:57:59.389 [AsyncHttpClient-1-7] DEBUG org.asynchttpclient.netty.handler.HttpHandler - 

Request DefaultFullHttpRequest(decodeResult: success, version: HTTP/1.1, content: EmptyByteBufBE)
GET /session/9ee3d25bf314bfb5359639734c0b29dc/screenshot HTTP/1.1
User-Agent: selenium/4.1.2 (java windows)
Cache-Control: no-cache
Content-Type: application/json; charset=utf-8
host: localhost:64860
accept: */*

Response DefaultHttpResponse(decodeResult: success, version: HTTP/1.1)
HTTP/1.1 200 OK
Content-Type: application/json; charset=utf-8
cache-control: no-cache
content-length: 29136

14:57:59.389 [AsyncHttpClient-1-7] DEBUG org.asynchttpclient.netty.channel.ChannelManager - Adding key: http://localhost:64860 for channel [id: 0xa204ca3c, L:/127.0.0.1:49216 - R:localhost/127.0.0.1:64860]
14:57:59.390 [main] DEBUG net.serenitybdd.core.photography.Darkroom - Send negative for processing for target\site\serenity\669f2ec0d7eaa715b4a2306635e4911f826e1478389e4d6069bac313598e3bb4.png
14:57:59.390 [main] DEBUG net.thucydides.core.steps.StepInterceptor - STEP DONE: inputEmail
  &amp#27;[32mAnd &amp#27;[0m&amp#27;[32mI Input &amp#27;[0m&amp#27;[32m&amp#27;[1m"hakim001@gmail.com"&amp#27;[0m&amp#27;[32m Email&amp#27;[0m &amp#27;[90m# Starter.StepDefinitions.TransactionsStep.iInputEmail(java.lang.String)&amp#27;[0m
14:57:59.391 [Darkroom Processing Line] DEBUG net.serenitybdd.core.photography.DarkroomProcessingLine - Processing screenshot image in /var/screenshots/screenshot-8826708509505973435
14:57:59.391 [Darkroom Processing Line] DEBUG net.serenitybdd.core.photography.DarkroomProcessingLine - Saving screenshot to target\site\serenity\669f2ec0d7eaa715b4a2306635e4911f826e1478389e4d6069bac313598e3bb4.png
14:57:59.401 [main] DEBUG net.thucydides.core.steps.StepInterceptor - STARTING STEP: TransactionsStep.iInputPassword - inputPassword
14:57:59.403 [Forwarding findElement on session 9ee3d25bf314bfb5359639734c0b29dc to remote] DEBUG org.asynchttpclient.netty.request.NettyRequestSender - Using pooled Channel '[id: 0xa204ca3c, L:/127.0.0.1:49216 - R:localhost/127.0.0.1:64860]' for 'POST' to 'http://localhost:64860/session/9ee3d25bf314bfb5359639734c0b29dc/element'
14:57:59.403 [Forwarding findElement on session 9ee3d25bf314bfb5359639734c0b29dc to remote] DEBUG org.asynchttpclient.netty.request.NettyRequestSender - Using open Channel [id: 0xa204ca3c, L:/127.0.0.1:49216 - R:localhost/127.0.0.1:64860] for POST '/session/9ee3d25bf314bfb5359639734c0b29dc/element'
14:57:59.414 [AsyncHttpClient-1-7] DEBUG org.asynchttpclient.netty.handler.HttpHandler - 

Request DefaultHttpRequest(decodeResult: success, version: HTTP/1.1)
POST /session/9ee3d25bf314bfb5359639734c0b29dc/element HTTP/1.1
User-Agent: selenium/4.1.2 (java windows)
Content-Length: 94
Content-Type: application/json; charset=utf-8
host: localhost:64860
accept: */*

Response DefaultHttpResponse(decodeResult: success, version: HTTP/1.1)
HTTP/1.1 200 OK
Content-Type: application/json; charset=utf-8
cache-control: no-cache
content-length: 88

14:57:59.414 [AsyncHttpClient-1-7] DEBUG org.asynchttpclient.netty.channel.ChannelManager - Adding key: http://localhost:64860 for channel [id: 0xa204ca3c, L:/127.0.0.1:49216 - R:localhost/127.0.0.1:64860]
14:57:59.415 [Forwarding clearElement on session 9ee3d25bf314bfb5359639734c0b29dc to remote] DEBUG org.asynchttpclient.netty.request.NettyRequestSender - Using pooled Channel '[id: 0xa204ca3c, L:/127.0.0.1:49216 - R:localhost/127.0.0.1:64860]' for 'POST' to 'http://localhost:64860/session/9ee3d25bf314bfb5359639734c0b29dc/element/a6932dd6-4116-4f47-b8c3-f390448aad90/clear'
14:57:59.415 [Forwarding clearElement on session 9ee3d25bf314bfb5359639734c0b29dc to remote] DEBUG org.asynchttpclient.netty.request.NettyRequestSender - Using open Channel [id: 0xa204ca3c, L:/127.0.0.1:49216 - R:localhost/127.0.0.1:64860] for POST '/session/9ee3d25bf314bfb5359639734c0b29dc/element/a6932dd6-4116-4f47-b8c3-f390448aad90/clear'
14:57:59.442 [AsyncHttpClient-1-7] DEBUG org.asynchttpclient.netty.handler.HttpHandler - 

Request DefaultHttpRequest(decodeResult: success, version: HTTP/1.1)
POST /session/9ee3d25bf314bfb5359639734c0b29dc/element/a6932dd6-4116-4f47-b8c3-f390448aad90/clear HTTP/1.1
User-Agent: selenium/4.1.2 (java windows)
Content-Length: 50
Content-Type: application/json; charset=utf-8
host: localhost:64860
accept: */*

Response DefaultHttpResponse(decodeResult: success, version: HTTP/1.1)
HTTP/1.1 200 OK
Content-Type: application/json; charset=utf-8
cache-control: no-cache
content-length: 14

14:57:59.442 [AsyncHttpClient-1-7] DEBUG org.asynchttpclient.netty.channel.ChannelManager - Adding key: http://localhost:64860 for channel [id: 0xa204ca3c, L:/127.0.0.1:49216 - R:localhost/127.0.0.1:64860]
14:57:59.443 [Forwarding sendKeysToElement on session 9ee3d25bf314bfb5359639734c0b29dc to remote] DEBUG org.asynchttpclient.netty.request.NettyRequestSender - Using pooled Channel '[id: 0xa204ca3c, L:/127.0.0.1:49216 - R:localhost/127.0.0.1:64860]' for 'POST' to 'http://localhost:64860/session/9ee3d25bf314bfb5359639734c0b29dc/element/a6932dd6-4116-4f47-b8c3-f390448aad90/value'
14:57:59.443 [Forwarding sendKeysToElement on session 9ee3d25bf314bfb5359639734c0b29dc to remote] DEBUG org.asynchttpclient.netty.request.NettyRequestSender - Using open Channel [id: 0xa204ca3c, L:/127.0.0.1:49216 - R:localhost/127.0.0.1:64860] for POST '/session/9ee3d25bf314bfb5359639734c0b29dc/element/a6932dd6-4116-4f47-b8c3-f390448aad90/value'
14:57:59.510 [AsyncHttpClient-1-7] DEBUG org.asynchttpclient.netty.handler.HttpHandler - 

Request DefaultHttpRequest(decodeResult: success, version: HTTP/1.1)
POST /session/9ee3d25bf314bfb5359639734c0b29dc/element/a6932dd6-4116-4f47-b8c3-f390448aad90/value HTTP/1.1
User-Agent: selenium/4.1.2 (java windows)
Content-Length: 161
Content-Type: application/json; charset=utf-8
host: localhost:64860
accept: */*

Response DefaultHttpResponse(decodeResult: success, version: HTTP/1.1)
HTTP/1.1 200 OK
Content-Type: application/json; charset=utf-8
cache-control: no-cache
content-length: 14

14:57:59.510 [AsyncHttpClient-1-7] DEBUG org.asynchttpclient.netty.channel.ChannelManager - Adding key: http://localhost:64860 for channel [id: 0xa204ca3c, L:/127.0.0.1:49216 - R:localhost/127.0.0.1:64860]
14:57:59.516 [Forwarding screenshot on session 9ee3d25bf314bfb5359639734c0b29dc to remote] DEBUG org.asynchttpclient.netty.request.NettyRequestSender - Using pooled Channel '[id: 0xa204ca3c, L:/127.0.0.1:49216 - R:localhost/127.0.0.1:64860]' for 'GET' to 'http://localhost:64860/session/9ee3d25bf314bfb5359639734c0b29dc/screenshot'
14:57:59.516 [Forwarding screenshot on session 9ee3d25bf314bfb5359639734c0b29dc to remote] DEBUG org.asynchttpclient.netty.request.NettyRequestSender - Using open Channel [id: 0xa204ca3c, L:/127.0.0.1:49216 - R:localhost/127.0.0.1:64860] for GET '/session/9ee3d25bf314bfb5359639734c0b29dc/screenshot'
14:57:59.654 [AsyncHttpClient-1-7] DEBUG org.asynchttpclient.netty.handler.HttpHandler - 

Request DefaultFullHttpRequest(decodeResult: success, version: HTTP/1.1, content: EmptyByteBufBE)
GET /session/9ee3d25bf314bfb5359639734c0b29dc/screenshot HTTP/1.1
User-Agent: selenium/4.1.2 (java windows)
Cache-Control: no-cache
Content-Type: application/json; charset=utf-8
host: localhost:64860
accept: */*

Response DefaultHttpResponse(decodeResult: success, version: HTTP/1.1)
HTTP/1.1 200 OK
Content-Type: application/json; charset=utf-8
cache-control: no-cache
content-length: 30868

14:57:59.655 [AsyncHttpClient-1-7] DEBUG org.asynchttpclient.netty.channel.ChannelManager - Adding key: http://localhost:64860 for channel [id: 0xa204ca3c, L:/127.0.0.1:49216 - R:localhost/127.0.0.1:64860]
14:57:59.656 [main] DEBUG net.serenitybdd.core.photography.Darkroom - Send negative for processing for target\site\serenity\646f61032dc03b815b47c6736c61e6c833efeebb3f5d5fc7a95a3267024c91b3.png
14:57:59.656 [main] DEBUG net.thucydides.core.steps.StepInterceptor - STEP DONE: inputPassword
  &amp#27;[32mAnd &amp#27;[0m&amp#27;[32mI Input &amp#27;[0m&amp#27;[32m&amp#27;[1m"Valid@01"&amp#27;[0m&amp#27;[32m Password&amp#27;[0m        &amp#27;[90m# Starter.StepDefinitions.TransactionsStep.iInputPassword(java.lang.String)&amp#27;[0m
14:57:59.656 [Darkroom Processing Line] DEBUG net.serenitybdd.core.photography.DarkroomProcessingLine - Processing screenshot image in /var/screenshots/screenshot-3352581080897978504
14:57:59.656 [Darkroom Processing Line] DEBUG net.serenitybdd.core.photography.DarkroomProcessingLine - Saving screenshot to target\site\serenity\646f61032dc03b815b47c6736c61e6c833efeebb3f5d5fc7a95a3267024c91b3.png
14:57:59.667 [main] DEBUG net.thucydides.core.steps.StepInterceptor - STARTING STEP: TransactionsStep.clickLoginButton - clickLoginButton
14:57:59.669 [Forwarding findElement on session 9ee3d25bf314bfb5359639734c0b29dc to remote] DEBUG org.asynchttpclient.netty.request.NettyRequestSender - Using pooled Channel '[id: 0xa204ca3c, L:/127.0.0.1:49216 - R:localhost/127.0.0.1:64860]' for 'POST' to 'http://localhost:64860/session/9ee3d25bf314bfb5359639734c0b29dc/element'
14:57:59.669 [Forwarding findElement on session 9ee3d25bf314bfb5359639734c0b29dc to remote] DEBUG org.asynchttpclient.netty.request.NettyRequestSender - Using open Channel [id: 0xa204ca3c, L:/127.0.0.1:49216 - R:localhost/127.0.0.1:64860] for POST '/session/9ee3d25bf314bfb5359639734c0b29dc/element'
14:57:59.678 [AsyncHttpClient-1-7] DEBUG org.asynchttpclient.netty.handler.HttpHandler - 

Request DefaultHttpRequest(decodeResult: success, version: HTTP/1.1)
POST /session/9ee3d25bf314bfb5359639734c0b29dc/element HTTP/1.1
User-Agent: selenium/4.1.2 (java windows)
Content-Length: 136
Content-Type: application/json; charset=utf-8
host: localhost:64860
accept: */*

Response DefaultHttpResponse(decodeResult: success, version: HTTP/1.1)
HTTP/1.1 200 OK
Content-Type: application/json; charset=utf-8
cache-control: no-cache
content-length: 88

14:57:59.679 [AsyncHttpClient-1-7] DEBUG org.asynchttpclient.netty.channel.ChannelManager - Adding key: http://localhost:64860 for channel [id: 0xa204ca3c, L:/127.0.0.1:49216 - R:localhost/127.0.0.1:64860]
14:57:59.680 [Forwarding getElementTagName on session 9ee3d25bf314bfb5359639734c0b29dc to remote] DEBUG org.asynchttpclient.netty.request.NettyRequestSender - Using pooled Channel '[id: 0xa204ca3c, L:/127.0.0.1:49216 - R:localhost/127.0.0.1:64860]' for 'GET' to 'http://localhost:64860/session/9ee3d25bf314bfb5359639734c0b29dc/element/f986edba-8053-4191-b13a-94bc5d4e3482/name'
14:57:59.680 [Forwarding getElementTagName on session 9ee3d25bf314bfb5359639734c0b29dc to remote] DEBUG org.asynchttpclient.netty.request.NettyRequestSender - Using open Channel [id: 0xa204ca3c, L:/127.0.0.1:49216 - R:localhost/127.0.0.1:64860] for GET '/session/9ee3d25bf314bfb5359639734c0b29dc/element/f986edba-8053-4191-b13a-94bc5d4e3482/name'
14:57:59.685 [AsyncHttpClient-1-7] DEBUG org.asynchttpclient.netty.handler.HttpHandler - 

Request DefaultFullHttpRequest(decodeResult: success, version: HTTP/1.1, content: EmptyByteBufBE)
GET /session/9ee3d25bf314bfb5359639734c0b29dc/element/f986edba-8053-4191-b13a-94bc5d4e3482/name HTTP/1.1
User-Agent: selenium/4.1.2 (java windows)
Cache-Control: no-cache
Content-Type: application/json; charset=utf-8
host: localhost:64860
accept: */*

Response DefaultHttpResponse(decodeResult: success, version: HTTP/1.1)
HTTP/1.1 200 OK
Content-Type: application/json; charset=utf-8
cache-control: no-cache
content-length: 18

14:57:59.685 [AsyncHttpClient-1-7] DEBUG org.asynchttpclient.netty.channel.ChannelManager - Adding key: http://localhost:64860 for channel [id: 0xa204ca3c, L:/127.0.0.1:49216 - R:localhost/127.0.0.1:64860]
14:57:59.686 [Forwarding getElementTagName on session 9ee3d25bf314bfb5359639734c0b29dc to remote] DEBUG org.asynchttpclient.netty.request.NettyRequestSender - Using pooled Channel '[id: 0xa204ca3c, L:/127.0.0.1:49216 - R:localhost/127.0.0.1:64860]' for 'GET' to 'http://localhost:64860/session/9ee3d25bf314bfb5359639734c0b29dc/element/f986edba-8053-4191-b13a-94bc5d4e3482/name'
14:57:59.686 [Forwarding getElementTagName on session 9ee3d25bf314bfb5359639734c0b29dc to remote] DEBUG org.asynchttpclient.netty.request.NettyRequestSender - Using open Channel [id: 0xa204ca3c, L:/127.0.0.1:49216 - R:localhost/127.0.0.1:64860] for GET '/session/9ee3d25bf314bfb5359639734c0b29dc/element/f986edba-8053-4191-b13a-94bc5d4e3482/name'
14:57:59.690 [AsyncHttpClient-1-7] DEBUG org.asynchttpclient.netty.handler.HttpHandler - 

Request DefaultFullHttpRequest(decodeResult: success, version: HTTP/1.1, content: EmptyByteBufBE)
GET /session/9ee3d25bf314bfb5359639734c0b29dc/element/f986edba-8053-4191-b13a-94bc5d4e3482/name HTTP/1.1
User-Agent: selenium/4.1.2 (java windows)
Cache-Control: no-cache
Content-Type: application/json; charset=utf-8
host: localhost:64860
accept: */*

Response DefaultHttpResponse(decodeResult: success, version: HTTP/1.1)
HTTP/1.1 200 OK
Content-Type: application/json; charset=utf-8
cache-control: no-cache
content-length: 18

14:57:59.690 [AsyncHttpClient-1-7] DEBUG org.asynchttpclient.netty.channel.ChannelManager - Adding key: http://localhost:64860 for channel [id: 0xa204ca3c, L:/127.0.0.1:49216 - R:localhost/127.0.0.1:64860]
14:57:59.691 [Forwarding isElementEnabled on session 9ee3d25bf314bfb5359639734c0b29dc to remote] DEBUG org.asynchttpclient.netty.request.NettyRequestSender - Using pooled Channel '[id: 0xa204ca3c, L:/127.0.0.1:49216 - R:localhost/127.0.0.1:64860]' for 'GET' to 'http://localhost:64860/session/9ee3d25bf314bfb5359639734c0b29dc/element/f986edba-8053-4191-b13a-94bc5d4e3482/enabled'
14:57:59.691 [Forwarding isElementEnabled on session 9ee3d25bf314bfb5359639734c0b29dc to remote] DEBUG org.asynchttpclient.netty.request.NettyRequestSender - Using open Channel [id: 0xa204ca3c, L:/127.0.0.1:49216 - R:localhost/127.0.0.1:64860] for GET '/session/9ee3d25bf314bfb5359639734c0b29dc/element/f986edba-8053-4191-b13a-94bc5d4e3482/enabled'
14:57:59.704 [AsyncHttpClient-1-7] DEBUG org.asynchttpclient.netty.handler.HttpHandler - 

Request DefaultFullHttpRequest(decodeResult: success, version: HTTP/1.1, content: EmptyByteBufBE)
GET /session/9ee3d25bf314bfb5359639734c0b29dc/element/f986edba-8053-4191-b13a-94bc5d4e3482/enabled HTTP/1.1
User-Agent: selenium/4.1.2 (java windows)
Cache-Control: no-cache
Content-Type: application/json; charset=utf-8
host: localhost:64860
accept: */*

Response DefaultHttpResponse(decodeResult: success, version: HTTP/1.1)
HTTP/1.1 200 OK
Content-Type: application/json; charset=utf-8
cache-control: no-cache
content-length: 14

14:57:59.704 [AsyncHttpClient-1-7] DEBUG org.asynchttpclient.netty.channel.ChannelManager - Adding key: http://localhost:64860 for channel [id: 0xa204ca3c, L:/127.0.0.1:49216 - R:localhost/127.0.0.1:64860]
14:57:59.705 [Forwarding isElementEnabled on session 9ee3d25bf314bfb5359639734c0b29dc to remote] DEBUG org.asynchttpclient.netty.request.NettyRequestSender - Using pooled Channel '[id: 0xa204ca3c, L:/127.0.0.1:49216 - R:localhost/127.0.0.1:64860]' for 'GET' to 'http://localhost:64860/session/9ee3d25bf314bfb5359639734c0b29dc/element/f986edba-8053-4191-b13a-94bc5d4e3482/enabled'
14:57:59.705 [Forwarding isElementEnabled on session 9ee3d25bf314bfb5359639734c0b29dc to remote] DEBUG org.asynchttpclient.netty.request.NettyRequestSender - Using open Channel [id: 0xa204ca3c, L:/127.0.0.1:49216 - R:localhost/127.0.0.1:64860] for GET '/session/9ee3d25bf314bfb5359639734c0b29dc/element/f986edba-8053-4191-b13a-94bc5d4e3482/enabled'
14:57:59.718 [AsyncHttpClient-1-7] DEBUG org.asynchttpclient.netty.handler.HttpHandler - 

Request DefaultFullHttpRequest(decodeResult: success, version: HTTP/1.1, content: EmptyByteBufBE)
GET /session/9ee3d25bf314bfb5359639734c0b29dc/element/f986edba-8053-4191-b13a-94bc5d4e3482/enabled HTTP/1.1
User-Agent: selenium/4.1.2 (java windows)
Cache-Control: no-cache
Content-Type: application/json; charset=utf-8
host: localhost:64860
accept: */*

Response DefaultHttpResponse(decodeResult: success, version: HTTP/1.1)
HTTP/1.1 200 OK
Content-Type: application/json; charset=utf-8
cache-control: no-cache
content-length: 14

14:57:59.718 [AsyncHttpClient-1-7] DEBUG org.asynchttpclient.netty.channel.ChannelManager - Adding key: http://localhost:64860 for channel [id: 0xa204ca3c, L:/127.0.0.1:49216 - R:localhost/127.0.0.1:64860]
14:57:59.719 [Forwarding findElement on session 9ee3d25bf314bfb5359639734c0b29dc to remote] DEBUG org.asynchttpclient.netty.request.NettyRequestSender - Using pooled Channel '[id: 0xa204ca3c, L:/127.0.0.1:49216 - R:localhost/127.0.0.1:64860]' for 'POST' to 'http://localhost:64860/session/9ee3d25bf314bfb5359639734c0b29dc/element'
14:57:59.719 [Forwarding findElement on session 9ee3d25bf314bfb5359639734c0b29dc to remote] DEBUG org.asynchttpclient.netty.request.NettyRequestSender - Using open Channel [id: 0xa204ca3c, L:/127.0.0.1:49216 - R:localhost/127.0.0.1:64860] for POST '/session/9ee3d25bf314bfb5359639734c0b29dc/element'
14:57:59.736 [AsyncHttpClient-1-7] DEBUG org.asynchttpclient.netty.handler.HttpHandler - 

Request DefaultHttpRequest(decodeResult: success, version: HTTP/1.1)
POST /session/9ee3d25bf314bfb5359639734c0b29dc/element HTTP/1.1
User-Agent: selenium/4.1.2 (java windows)
Content-Length: 136
Content-Type: application/json; charset=utf-8
host: localhost:64860
accept: */*

Response DefaultHttpResponse(decodeResult: success, version: HTTP/1.1)
HTTP/1.1 200 OK
Content-Type: application/json; charset=utf-8
cache-control: no-cache
content-length: 88

14:57:59.736 [AsyncHttpClient-1-7] DEBUG org.asynchttpclient.netty.channel.ChannelManager - Adding key: http://localhost:64860 for channel [id: 0xa204ca3c, L:/127.0.0.1:49216 - R:localhost/127.0.0.1:64860]
14:57:59.737 [Forwarding clickElement on session 9ee3d25bf314bfb5359639734c0b29dc to remote] DEBUG org.asynchttpclient.netty.request.NettyRequestSender - Using pooled Channel '[id: 0xa204ca3c, L:/127.0.0.1:49216 - R:localhost/127.0.0.1:64860]' for 'POST' to 'http://localhost:64860/session/9ee3d25bf314bfb5359639734c0b29dc/element/f986edba-8053-4191-b13a-94bc5d4e3482/click'
14:57:59.737 [Forwarding clickElement on session 9ee3d25bf314bfb5359639734c0b29dc to remote] DEBUG org.asynchttpclient.netty.request.NettyRequestSender - Using open Channel [id: 0xa204ca3c, L:/127.0.0.1:49216 - R:localhost/127.0.0.1:64860] for POST '/session/9ee3d25bf314bfb5359639734c0b29dc/element/f986edba-8053-4191-b13a-94bc5d4e3482/click'
14:57:59.784 [AsyncHttpClient-1-7] DEBUG org.asynchttpclient.netty.handler.HttpHandler - 

Request DefaultHttpRequest(decodeResult: success, version: HTTP/1.1)
POST /session/9ee3d25bf314bfb5359639734c0b29dc/element/f986edba-8053-4191-b13a-94bc5d4e3482/click HTTP/1.1
User-Agent: selenium/4.1.2 (java windows)
Content-Length: 50
Content-Type: application/json; charset=utf-8
host: localhost:64860
accept: */*

Response DefaultHttpResponse(decodeResult: success, version: HTTP/1.1)
HTTP/1.1 200 OK
Content-Type: application/json; charset=utf-8
cache-control: no-cache
content-length: 14

14:57:59.784 [AsyncHttpClient-1-7] DEBUG org.asynchttpclient.netty.channel.ChannelManager - Adding key: http://localhost:64860 for channel [id: 0xa204ca3c, L:/127.0.0.1:49216 - R:localhost/127.0.0.1:64860]
14:57:59.787 [Forwarding screenshot on session 9ee3d25bf314bfb5359639734c0b29dc to remote] DEBUG org.asynchttpclient.netty.request.NettyRequestSender - Using pooled Channel '[id: 0xa204ca3c, L:/127.0.0.1:49216 - R:localhost/127.0.0.1:64860]' for 'GET' to 'http://localhost:64860/session/9ee3d25bf314bfb5359639734c0b29dc/screenshot'
14:57:59.787 [Forwarding screenshot on session 9ee3d25bf314bfb5359639734c0b29dc to remote] DEBUG org.asynchttpclient.netty.request.NettyRequestSender - Using open Channel [id: 0xa204ca3c, L:/127.0.0.1:49216 - R:localhost/127.0.0.1:64860] for GET '/session/9ee3d25bf314bfb5359639734c0b29dc/screenshot'
14:57:59.925 [AsyncHttpClient-1-7] DEBUG org.asynchttpclient.netty.handler.HttpHandler - 

Request DefaultFullHttpRequest(decodeResult: success, version: HTTP/1.1, content: EmptyByteBufBE)
GET /session/9ee3d25bf314bfb5359639734c0b29dc/screenshot HTTP/1.1
User-Agent: selenium/4.1.2 (java windows)
Cache-Control: no-cache
Content-Type: application/json; charset=utf-8
host: localhost:64860
accept: */*

Response DefaultHttpResponse(decodeResult: success, version: HTTP/1.1)
HTTP/1.1 200 OK
Content-Type: application/json; charset=utf-8
cache-control: no-cache
content-length: 30556

14:57:59.925 [AsyncHttpClient-1-7] DEBUG org.asynchttpclient.netty.channel.ChannelManager - Adding key: http://localhost:64860 for channel [id: 0xa204ca3c, L:/127.0.0.1:49216 - R:localhost/127.0.0.1:64860]
14:57:59.926 [main] DEBUG net.serenitybdd.core.photography.Darkroom - Send negative for processing for target\site\serenity\28ea2049c679498977c94a067b7d6a90b7d9bcd156b0b659e3ee2cfb6ea55a35.png
14:57:59.926 [main] DEBUG net.thucydides.core.steps.StepInterceptor - STEP DONE: clickLoginButton
  &amp#27;[32mAnd &amp#27;[0m&amp#27;[32mI click button login&amp#27;[0m               &amp#27;[90m# Starter.StepDefinitions.TransactionsStep.clickLoginButton()&amp#27;[0m
14:57:59.927 [Darkroom Processing Line] DEBUG net.serenitybdd.core.photography.DarkroomProcessingLine - Processing screenshot image in /var/screenshots/screenshot-1368654782702295367
14:57:59.927 [Darkroom Processing Line] DEBUG net.serenitybdd.core.photography.DarkroomProcessingLine - Saving screenshot to target\site\serenity\28ea2049c679498977c94a067b7d6a90b7d9bcd156b0b659e3ee2cfb6ea55a35.png
14:57:59.938 [main] DEBUG net.thucydides.core.steps.StepInterceptor - STARTING STEP: TransactionsStep.iClickButtonBuy - clickProductSatu
14:57:59.940 [Forwarding findElement on session 9ee3d25bf314bfb5359639734c0b29dc to remote] DEBUG org.asynchttpclient.netty.request.NettyRequestSender - Using pooled Channel '[id: 0xa204ca3c, L:/127.0.0.1:49216 - R:localhost/127.0.0.1:64860]' for 'POST' to 'http://localhost:64860/session/9ee3d25bf314bfb5359639734c0b29dc/element'
14:57:59.940 [Forwarding findElement on session 9ee3d25bf314bfb5359639734c0b29dc to remote] DEBUG org.asynchttpclient.netty.request.NettyRequestSender - Using open Channel [id: 0xa204ca3c, L:/127.0.0.1:49216 - R:localhost/127.0.0.1:64860] for POST '/session/9ee3d25bf314bfb5359639734c0b29dc/element'
14:58:00.402 [AsyncHttpClient-1-1] DEBUG org.asynchttpclient.netty.channel.DefaultChannelPool - Entry count for : http://localhost:49217 : 1
14:58:01.440 [AsyncHttpClient-1-7] DEBUG org.asynchttpclient.netty.handler.HttpHandler - 

Request DefaultHttpRequest(decodeResult: success, version: HTTP/1.1)
POST /session/9ee3d25bf314bfb5359639734c0b29dc/element HTTP/1.1
User-Agent: selenium/4.1.2 (java windows)
Content-Length: 122
Content-Type: application/json; charset=utf-8
host: localhost:64860
accept: */*

Response DefaultHttpResponse(decodeResult: success, version: HTTP/1.1)
HTTP/1.1 200 OK
Content-Type: application/json; charset=utf-8
cache-control: no-cache
content-length: 88

14:58:01.440 [AsyncHttpClient-1-7] DEBUG org.asynchttpclient.netty.channel.ChannelManager - Adding key: http://localhost:64860 for channel [id: 0xa204ca3c, L:/127.0.0.1:49216 - R:localhost/127.0.0.1:64860]
14:58:01.442 [Forwarding getElementTagName on session 9ee3d25bf314bfb5359639734c0b29dc to remote] DEBUG org.asynchttpclient.netty.request.NettyRequestSender - Using pooled Channel '[id: 0xa204ca3c, L:/127.0.0.1:49216 - R:localhost/127.0.0.1:64860]' for 'GET' to 'http://localhost:64860/session/9ee3d25bf314bfb5359639734c0b29dc/element/bcd39940-6d97-47b4-85f7-280ef76e54d0/name'
14:58:01.442 [Forwarding getElementTagName on session 9ee3d25bf314bfb5359639734c0b29dc to remote] DEBUG org.asynchttpclient.netty.request.NettyRequestSender - Using open Channel [id: 0xa204ca3c, L:/127.0.0.1:49216 - R:localhost/127.0.0.1:64860] for GET '/session/9ee3d25bf314bfb5359639734c0b29dc/element/bcd39940-6d97-47b4-85f7-280ef76e54d0/name'
14:58:01.448 [AsyncHttpClient-1-7] DEBUG org.asynchttpclient.netty.handler.HttpHandler - 

Request DefaultFullHttpRequest(decodeResult: success, version: HTTP/1.1, content: EmptyByteBufBE)
GET /session/9ee3d25bf314bfb5359639734c0b29dc/element/bcd39940-6d97-47b4-85f7-280ef76e54d0/name HTTP/1.1
User-Agent: selenium/4.1.2 (java windows)
Cache-Control: no-cache
Content-Type: application/json; charset=utf-8
host: localhost:64860
accept: */*

Response DefaultHttpResponse(decodeResult: success, version: HTTP/1.1)
HTTP/1.1 200 OK
Content-Type: application/json; charset=utf-8
cache-control: no-cache
content-length: 16

14:58:01.448 [AsyncHttpClient-1-7] DEBUG org.asynchttpclient.netty.channel.ChannelManager - Adding key: http://localhost:64860 for channel [id: 0xa204ca3c, L:/127.0.0.1:49216 - R:localhost/127.0.0.1:64860]
14:58:01.449 [Forwarding getElementTagName on session 9ee3d25bf314bfb5359639734c0b29dc to remote] DEBUG org.asynchttpclient.netty.request.NettyRequestSender - Using pooled Channel '[id: 0xa204ca3c, L:/127.0.0.1:49216 - R:localhost/127.0.0.1:64860]' for 'GET' to 'http://localhost:64860/session/9ee3d25bf314bfb5359639734c0b29dc/element/bcd39940-6d97-47b4-85f7-280ef76e54d0/name'
14:58:01.449 [Forwarding getElementTagName on session 9ee3d25bf314bfb5359639734c0b29dc to remote] DEBUG org.asynchttpclient.netty.request.NettyRequestSender - Using open Channel [id: 0xa204ca3c, L:/127.0.0.1:49216 - R:localhost/127.0.0.1:64860] for GET '/session/9ee3d25bf314bfb5359639734c0b29dc/element/bcd39940-6d97-47b4-85f7-280ef76e54d0/name'
14:58:01.453 [AsyncHttpClient-1-7] DEBUG org.asynchttpclient.netty.handler.HttpHandler - 

Request DefaultFullHttpRequest(decodeResult: success, version: HTTP/1.1, content: EmptyByteBufBE)
GET /session/9ee3d25bf314bfb5359639734c0b29dc/element/bcd39940-6d97-47b4-85f7-280ef76e54d0/name HTTP/1.1
User-Agent: selenium/4.1.2 (java windows)
Cache-Control: no-cache
Content-Type: application/json; charset=utf-8
host: localhost:64860
accept: */*

Response DefaultHttpResponse(decodeResult: success, version: HTTP/1.1)
HTTP/1.1 200 OK
Content-Type: application/json; charset=utf-8
cache-control: no-cache
content-length: 16

14:58:01.453 [AsyncHttpClient-1-7] DEBUG org.asynchttpclient.netty.channel.ChannelManager - Adding key: http://localhost:64860 for channel [id: 0xa204ca3c, L:/127.0.0.1:49216 - R:localhost/127.0.0.1:64860]
14:58:01.454 [Forwarding findElement on session 9ee3d25bf314bfb5359639734c0b29dc to remote] DEBUG org.asynchttpclient.netty.request.NettyRequestSender - Using pooled Channel '[id: 0xa204ca3c, L:/127.0.0.1:49216 - R:localhost/127.0.0.1:64860]' for 'POST' to 'http://localhost:64860/session/9ee3d25bf314bfb5359639734c0b29dc/element'
14:58:01.454 [Forwarding findElement on session 9ee3d25bf314bfb5359639734c0b29dc to remote] DEBUG org.asynchttpclient.netty.request.NettyRequestSender - Using open Channel [id: 0xa204ca3c, L:/127.0.0.1:49216 - R:localhost/127.0.0.1:64860] for POST '/session/9ee3d25bf314bfb5359639734c0b29dc/element'
14:58:01.465 [AsyncHttpClient-1-7] DEBUG org.asynchttpclient.netty.handler.HttpHandler - 

Request DefaultHttpRequest(decodeResult: success, version: HTTP/1.1)
POST /session/9ee3d25bf314bfb5359639734c0b29dc/element HTTP/1.1
User-Agent: selenium/4.1.2 (java windows)
Content-Length: 122
Content-Type: application/json; charset=utf-8
host: localhost:64860
accept: */*

Response DefaultHttpResponse(decodeResult: success, version: HTTP/1.1)
HTTP/1.1 200 OK
Content-Type: application/json; charset=utf-8
cache-control: no-cache
content-length: 88

14:58:01.465 [AsyncHttpClient-1-7] DEBUG org.asynchttpclient.netty.channel.ChannelManager - Adding key: http://localhost:64860 for channel [id: 0xa204ca3c, L:/127.0.0.1:49216 - R:localhost/127.0.0.1:64860]
14:58:01.466 [Forwarding clickElement on session 9ee3d25bf314bfb5359639734c0b29dc to remote] DEBUG org.asynchttpclient.netty.request.NettyRequestSender - Using pooled Channel '[id: 0xa204ca3c, L:/127.0.0.1:49216 - R:localhost/127.0.0.1:64860]' for 'POST' to 'http://localhost:64860/session/9ee3d25bf314bfb5359639734c0b29dc/element/bcd39940-6d97-47b4-85f7-280ef76e54d0/click'
14:58:01.466 [Forwarding clickElement on session 9ee3d25bf314bfb5359639734c0b29dc to remote] DEBUG org.asynchttpclient.netty.request.NettyRequestSender - Using open Channel [id: 0xa204ca3c, L:/127.0.0.1:49216 - R:localhost/127.0.0.1:64860] for POST '/session/9ee3d25bf314bfb5359639734c0b29dc/element/bcd39940-6d97-47b4-85f7-280ef76e54d0/click'
14:58:01.502 [AsyncHttpClient-1-1] DEBUG org.asynchttpclient.netty.channel.DefaultChannelPool - Entry count for : http://localhost:49217 : 1
14:58:01.512 [AsyncHttpClient-1-7] DEBUG org.asynchttpclient.netty.handler.HttpHandler - 

Request DefaultHttpRequest(decodeResult: success, version: HTTP/1.1)
POST /session/9ee3d25bf314bfb5359639734c0b29dc/element/bcd39940-6d97-47b4-85f7-280ef76e54d0/click HTTP/1.1
User-Agent: selenium/4.1.2 (java windows)
Content-Length: 50
Content-Type: application/json; charset=utf-8
host: localhost:64860
accept: */*

Response DefaultHttpResponse(decodeResult: success, version: HTTP/1.1)
HTTP/1.1 200 OK
Content-Type: application/json; charset=utf-8
cache-control: no-cache
content-length: 14

14:58:01.512 [AsyncHttpClient-1-7] DEBUG org.asynchttpclient.netty.channel.ChannelManager - Adding key: http://localhost:64860 for channel [id: 0xa204ca3c, L:/127.0.0.1:49216 - R:localhost/127.0.0.1:64860]
14:58:01.517 [Forwarding screenshot on session 9ee3d25bf314bfb5359639734c0b29dc to remote] DEBUG org.asynchttpclient.netty.request.NettyRequestSender - Using pooled Channel '[id: 0xa204ca3c, L:/127.0.0.1:49216 - R:localhost/127.0.0.1:64860]' for 'GET' to 'http://localhost:64860/session/9ee3d25bf314bfb5359639734c0b29dc/screenshot'
14:58:01.517 [Forwarding screenshot on session 9ee3d25bf314bfb5359639734c0b29dc to remote] DEBUG org.asynchttpclient.netty.request.NettyRequestSender - Using open Channel [id: 0xa204ca3c, L:/127.0.0.1:49216 - R:localhost/127.0.0.1:64860] for GET '/session/9ee3d25bf314bfb5359639734c0b29dc/screenshot'
14:58:01.666 [AsyncHttpClient-1-7] DEBUG org.asynchttpclient.netty.handler.HttpHandler - 

Request DefaultFullHttpRequest(decodeResult: success, version: HTTP/1.1, content: EmptyByteBufBE)
GET /session/9ee3d25bf314bfb5359639734c0b29dc/screenshot HTTP/1.1
User-Agent: selenium/4.1.2 (java windows)
Cache-Control: no-cache
Content-Type: application/json; charset=utf-8
host: localhost:64860
accept: */*

Response DefaultHttpResponse(decodeResult: success, version: HTTP/1.1)
HTTP/1.1 200 OK
Content-Type: application/json; charset=utf-8
cache-control: no-cache
content-length: 82272

14:58:01.667 [AsyncHttpClient-1-7] DEBUG org.asynchttpclient.netty.channel.ChannelManager - Adding key: http://localhost:64860 for channel [id: 0xa204ca3c, L:/127.0.0.1:49216 - R:localhost/127.0.0.1:64860]
14:58:01.668 [main] DEBUG net.serenitybdd.core.photography.Darkroom - Send negative for processing for target\site\serenity\13015b5623864b02dcb274fbf8405e0b7d041f6d0b911d6790c6d179e2a57e8f.png
14:58:01.669 [main] DEBUG net.thucydides.core.steps.StepInterceptor - STEP DONE: clickProductSatu
  &amp#27;[32mAnd &amp#27;[0m&amp#27;[32mI click buy product&amp#27;[0m                &amp#27;[90m# Starter.StepDefinitions.TransactionsStep.iClickButtonBuy()&amp#27;[0m
14:58:01.669 [Darkroom Processing Line] DEBUG net.serenitybdd.core.photography.DarkroomProcessingLine - Processing screenshot image in /var/screenshots/screenshot-12747413791014418908
14:58:01.669 [Darkroom Processing Line] DEBUG net.serenitybdd.core.photography.DarkroomProcessingLine - Saving screenshot to target\site\serenity\13015b5623864b02dcb274fbf8405e0b7d041f6d0b911d6790c6d179e2a57e8f.png
14:58:01.676 [main] DEBUG net.thucydides.core.steps.StepInterceptor - STARTING STEP: TransactionsStep.clickButtonCart - clickButtonCart
14:58:01.679 [Forwarding findElement on session 9ee3d25bf314bfb5359639734c0b29dc to remote] DEBUG org.asynchttpclient.netty.request.NettyRequestSender - Using pooled Channel '[id: 0xa204ca3c, L:/127.0.0.1:49216 - R:localhost/127.0.0.1:64860]' for 'POST' to 'http://localhost:64860/session/9ee3d25bf314bfb5359639734c0b29dc/element'
14:58:01.679 [Forwarding findElement on session 9ee3d25bf314bfb5359639734c0b29dc to remote] DEBUG org.asynchttpclient.netty.request.NettyRequestSender - Using open Channel [id: 0xa204ca3c, L:/127.0.0.1:49216 - R:localhost/127.0.0.1:64860] for POST '/session/9ee3d25bf314bfb5359639734c0b29dc/element'
14:58:01.692 [AsyncHttpClient-1-7] DEBUG org.asynchttpclient.netty.handler.HttpHandler - 

Request DefaultHttpRequest(decodeResult: success, version: HTTP/1.1)
POST /session/9ee3d25bf314bfb5359639734c0b29dc/element HTTP/1.1
User-Agent: selenium/4.1.2 (java windows)
Content-Length: 127
Content-Type: application/json; charset=utf-8
host: localhost:64860
accept: */*

Response DefaultHttpResponse(decodeResult: success, version: HTTP/1.1)
HTTP/1.1 200 OK
Content-Type: application/json; charset=utf-8
cache-control: no-cache
content-length: 88

14:58:01.692 [AsyncHttpClient-1-7] DEBUG org.asynchttpclient.netty.channel.ChannelManager - Adding key: http://localhost:64860 for channel [id: 0xa204ca3c, L:/127.0.0.1:49216 - R:localhost/127.0.0.1:64860]
14:58:01.693 [Forwarding getElementTagName on session 9ee3d25bf314bfb5359639734c0b29dc to remote] DEBUG org.asynchttpclient.netty.request.NettyRequestSender - Using pooled Channel '[id: 0xa204ca3c, L:/127.0.0.1:49216 - R:localhost/127.0.0.1:64860]' for 'GET' to 'http://localhost:64860/session/9ee3d25bf314bfb5359639734c0b29dc/element/4d00b5be-0ac7-4a44-a50e-521ee899a6f1/name'
14:58:01.693 [Forwarding getElementTagName on session 9ee3d25bf314bfb5359639734c0b29dc to remote] DEBUG org.asynchttpclient.netty.request.NettyRequestSender - Using open Channel [id: 0xa204ca3c, L:/127.0.0.1:49216 - R:localhost/127.0.0.1:64860] for GET '/session/9ee3d25bf314bfb5359639734c0b29dc/element/4d00b5be-0ac7-4a44-a50e-521ee899a6f1/name'
14:58:01.701 [AsyncHttpClient-1-7] DEBUG org.asynchttpclient.netty.handler.HttpHandler - 

Request DefaultFullHttpRequest(decodeResult: success, version: HTTP/1.1, content: EmptyByteBufBE)
GET /session/9ee3d25bf314bfb5359639734c0b29dc/element/4d00b5be-0ac7-4a44-a50e-521ee899a6f1/name HTTP/1.1
User-Agent: selenium/4.1.2 (java windows)
Cache-Control: no-cache
Content-Type: application/json; charset=utf-8
host: localhost:64860
accept: */*

Response DefaultHttpResponse(decodeResult: success, version: HTTP/1.1)
HTTP/1.1 200 OK
Content-Type: application/json; charset=utf-8
cache-control: no-cache
content-length: 16

14:58:01.701 [AsyncHttpClient-1-7] DEBUG org.asynchttpclient.netty.channel.ChannelManager - Adding key: http://localhost:64860 for channel [id: 0xa204ca3c, L:/127.0.0.1:49216 - R:localhost/127.0.0.1:64860]
14:58:01.702 [Forwarding getElementTagName on session 9ee3d25bf314bfb5359639734c0b29dc to remote] DEBUG org.asynchttpclient.netty.request.NettyRequestSender - Using pooled Channel '[id: 0xa204ca3c, L:/127.0.0.1:49216 - R:localhost/127.0.0.1:64860]' for 'GET' to 'http://localhost:64860/session/9ee3d25bf314bfb5359639734c0b29dc/element/4d00b5be-0ac7-4a44-a50e-521ee899a6f1/name'
14:58:01.702 [Forwarding getElementTagName on session 9ee3d25bf314bfb5359639734c0b29dc to remote] DEBUG org.asynchttpclient.netty.request.NettyRequestSender - Using open Channel [id: 0xa204ca3c, L:/127.0.0.1:49216 - R:localhost/127.0.0.1:64860] for GET '/session/9ee3d25bf314bfb5359639734c0b29dc/element/4d00b5be-0ac7-4a44-a50e-521ee899a6f1/name'
14:58:01.706 [AsyncHttpClient-1-7] DEBUG org.asynchttpclient.netty.handler.HttpHandler - 

Request DefaultFullHttpRequest(decodeResult: success, version: HTTP/1.1, content: EmptyByteBufBE)
GET /session/9ee3d25bf314bfb5359639734c0b29dc/element/4d00b5be-0ac7-4a44-a50e-521ee899a6f1/name HTTP/1.1
User-Agent: selenium/4.1.2 (java windows)
Cache-Control: no-cache
Content-Type: application/json; charset=utf-8
host: localhost:64860
accept: */*

Response DefaultHttpResponse(decodeResult: success, version: HTTP/1.1)
HTTP/1.1 200 OK
Content-Type: application/json; charset=utf-8
cache-control: no-cache
content-length: 16

14:58:01.706 [AsyncHttpClient-1-7] DEBUG org.asynchttpclient.netty.channel.ChannelManager - Adding key: http://localhost:64860 for channel [id: 0xa204ca3c, L:/127.0.0.1:49216 - R:localhost/127.0.0.1:64860]
14:58:01.707 [Forwarding findElement on session 9ee3d25bf314bfb5359639734c0b29dc to remote] DEBUG org.asynchttpclient.netty.request.NettyRequestSender - Using pooled Channel '[id: 0xa204ca3c, L:/127.0.0.1:49216 - R:localhost/127.0.0.1:64860]' for 'POST' to 'http://localhost:64860/session/9ee3d25bf314bfb5359639734c0b29dc/element'
14:58:01.707 [Forwarding findElement on session 9ee3d25bf314bfb5359639734c0b29dc to remote] DEBUG org.asynchttpclient.netty.request.NettyRequestSender - Using open Channel [id: 0xa204ca3c, L:/127.0.0.1:49216 - R:localhost/127.0.0.1:64860] for POST '/session/9ee3d25bf314bfb5359639734c0b29dc/element'
14:58:01.719 [AsyncHttpClient-1-7] DEBUG org.asynchttpclient.netty.handler.HttpHandler - 

Request DefaultHttpRequest(decodeResult: success, version: HTTP/1.1)
POST /session/9ee3d25bf314bfb5359639734c0b29dc/element HTTP/1.1
User-Agent: selenium/4.1.2 (java windows)
Content-Length: 127
Content-Type: application/json; charset=utf-8
host: localhost:64860
accept: */*

Response DefaultHttpResponse(decodeResult: success, version: HTTP/1.1)
HTTP/1.1 200 OK
Content-Type: application/json; charset=utf-8
cache-control: no-cache
content-length: 88

14:58:01.720 [AsyncHttpClient-1-7] DEBUG org.asynchttpclient.netty.channel.ChannelManager - Adding key: http://localhost:64860 for channel [id: 0xa204ca3c, L:/127.0.0.1:49216 - R:localhost/127.0.0.1:64860]
14:58:01.720 [Forwarding clickElement on session 9ee3d25bf314bfb5359639734c0b29dc to remote] DEBUG org.asynchttpclient.netty.request.NettyRequestSender - Using pooled Channel '[id: 0xa204ca3c, L:/127.0.0.1:49216 - R:localhost/127.0.0.1:64860]' for 'POST' to 'http://localhost:64860/session/9ee3d25bf314bfb5359639734c0b29dc/element/4d00b5be-0ac7-4a44-a50e-521ee899a6f1/click'
14:58:01.720 [Forwarding clickElement on session 9ee3d25bf314bfb5359639734c0b29dc to remote] DEBUG org.asynchttpclient.netty.request.NettyRequestSender - Using open Channel [id: 0xa204ca3c, L:/127.0.0.1:49216 - R:localhost/127.0.0.1:64860] for POST '/session/9ee3d25bf314bfb5359639734c0b29dc/element/4d00b5be-0ac7-4a44-a50e-521ee899a6f1/click'
14:58:01.753 [AsyncHttpClient-1-7] DEBUG org.asynchttpclient.netty.handler.HttpHandler - 

Request DefaultHttpRequest(decodeResult: success, version: HTTP/1.1)
POST /session/9ee3d25bf314bfb5359639734c0b29dc/element/4d00b5be-0ac7-4a44-a50e-521ee899a6f1/click HTTP/1.1
User-Agent: selenium/4.1.2 (java windows)
Content-Length: 50
Content-Type: application/json; charset=utf-8
host: localhost:64860
accept: */*

Response DefaultHttpResponse(decodeResult: success, version: HTTP/1.1)
HTTP/1.1 200 OK
Content-Type: application/json; charset=utf-8
cache-control: no-cache
content-length: 14

14:58:01.754 [AsyncHttpClient-1-7] DEBUG org.asynchttpclient.netty.channel.ChannelManager - Adding key: http://localhost:64860 for channel [id: 0xa204ca3c, L:/127.0.0.1:49216 - R:localhost/127.0.0.1:64860]
14:58:01.759 [Forwarding screenshot on session 9ee3d25bf314bfb5359639734c0b29dc to remote] DEBUG org.asynchttpclient.netty.request.NettyRequestSender - Using pooled Channel '[id: 0xa204ca3c, L:/127.0.0.1:49216 - R:localhost/127.0.0.1:64860]' for 'GET' to 'http://localhost:64860/session/9ee3d25bf314bfb5359639734c0b29dc/screenshot'
14:58:01.759 [Forwarding screenshot on session 9ee3d25bf314bfb5359639734c0b29dc to remote] DEBUG org.asynchttpclient.netty.request.NettyRequestSender - Using open Channel [id: 0xa204ca3c, L:/127.0.0.1:49216 - R:localhost/127.0.0.1:64860] for GET '/session/9ee3d25bf314bfb5359639734c0b29dc/screenshot'
14:58:01.979 [AsyncHttpClient-1-7] DEBUG org.asynchttpclient.netty.handler.HttpHandler - 

Request DefaultFullHttpRequest(decodeResult: success, version: HTTP/1.1, content: EmptyByteBufBE)
GET /session/9ee3d25bf314bfb5359639734c0b29dc/screenshot HTTP/1.1
User-Agent: selenium/4.1.2 (java windows)
Cache-Control: no-cache
Content-Type: application/json; charset=utf-8
host: localhost:64860
accept: */*

Response DefaultHttpResponse(decodeResult: success, version: HTTP/1.1)
HTTP/1.1 200 OK
Content-Type: application/json; charset=utf-8
cache-control: no-cache
content-length: 32716

14:58:01.979 [AsyncHttpClient-1-7] DEBUG org.asynchttpclient.netty.channel.ChannelManager - Adding key: http://localhost:64860 for channel [id: 0xa204ca3c, L:/127.0.0.1:49216 - R:localhost/127.0.0.1:64860]
14:58:01.980 [main] DEBUG net.serenitybdd.core.photography.Darkroom - Send negative for processing for target\site\serenity\2c2e74c3c08aff81bba363c618eb4b70afd103cfe9b2041773fc5a5f54d7781d.png
14:58:01.980 [main] DEBUG net.thucydides.core.steps.StepInterceptor - STEP DONE: clickButtonCart
  &amp#27;[32mWhen &amp#27;[0m&amp#27;[32mI choose button cart&amp#27;[0m              &amp#27;[90m# Starter.StepDefinitions.TransactionsStep.clickButtonCart()&amp#27;[0m
14:58:01.980 [Darkroom Processing Line] DEBUG net.serenitybdd.core.photography.DarkroomProcessingLine - Processing screenshot image in /var/screenshots/screenshot-4864725758164740239
14:58:01.980 [Darkroom Processing Line] DEBUG net.serenitybdd.core.photography.DarkroomProcessingLine - Saving screenshot to target\site\serenity\2c2e74c3c08aff81bba363c618eb4b70afd103cfe9b2041773fc5a5f54d7781d.png
14:58:01.989 [main] DEBUG net.thucydides.core.steps.StepInterceptor - STARTING STEP: TransactionsStep.iClickButtonPlus - clickAddQuantity
14:58:01.990 [Forwarding findElement on session 9ee3d25bf314bfb5359639734c0b29dc to remote] DEBUG org.asynchttpclient.netty.request.NettyRequestSender - Using pooled Channel '[id: 0xa204ca3c, L:/127.0.0.1:49216 - R:localhost/127.0.0.1:64860]' for 'POST' to 'http://localhost:64860/session/9ee3d25bf314bfb5359639734c0b29dc/element'
14:58:01.990 [Forwarding findElement on session 9ee3d25bf314bfb5359639734c0b29dc to remote] DEBUG org.asynchttpclient.netty.request.NettyRequestSender - Using open Channel [id: 0xa204ca3c, L:/127.0.0.1:49216 - R:localhost/127.0.0.1:64860] for POST '/session/9ee3d25bf314bfb5359639734c0b29dc/element'
14:58:02.002 [AsyncHttpClient-1-7] DEBUG org.asynchttpclient.netty.handler.HttpHandler - 

Request DefaultHttpRequest(decodeResult: success, version: HTTP/1.1)
POST /session/9ee3d25bf314bfb5359639734c0b29dc/element HTTP/1.1
User-Agent: selenium/4.1.2 (java windows)
Content-Length: 68
Content-Type: application/json; charset=utf-8
host: localhost:64860
accept: */*

Response DefaultHttpResponse(decodeResult: success, version: HTTP/1.1)
HTTP/1.1 200 OK
Content-Type: application/json; charset=utf-8
cache-control: no-cache
content-length: 88

14:58:02.002 [AsyncHttpClient-1-7] DEBUG org.asynchttpclient.netty.channel.ChannelManager - Adding key: http://localhost:64860 for channel [id: 0xa204ca3c, L:/127.0.0.1:49216 - R:localhost/127.0.0.1:64860]
14:58:02.002 [Forwarding getElementTagName on session 9ee3d25bf314bfb5359639734c0b29dc to remote] DEBUG org.asynchttpclient.netty.request.NettyRequestSender - Using pooled Channel '[id: 0xa204ca3c, L:/127.0.0.1:49216 - R:localhost/127.0.0.1:64860]' for 'GET' to 'http://localhost:64860/session/9ee3d25bf314bfb5359639734c0b29dc/element/0065c59d-3b1b-4f3c-bd3c-03fe5fbe2fe1/name'
14:58:02.002 [Forwarding getElementTagName on session 9ee3d25bf314bfb5359639734c0b29dc to remote] DEBUG org.asynchttpclient.netty.request.NettyRequestSender - Using open Channel [id: 0xa204ca3c, L:/127.0.0.1:49216 - R:localhost/127.0.0.1:64860] for GET '/session/9ee3d25bf314bfb5359639734c0b29dc/element/0065c59d-3b1b-4f3c-bd3c-03fe5fbe2fe1/name'
14:58:02.006 [AsyncHttpClient-1-7] DEBUG org.asynchttpclient.netty.handler.HttpHandler - 

Request DefaultFullHttpRequest(decodeResult: success, version: HTTP/1.1, content: EmptyByteBufBE)
GET /session/9ee3d25bf314bfb5359639734c0b29dc/element/0065c59d-3b1b-4f3c-bd3c-03fe5fbe2fe1/name HTTP/1.1
User-Agent: selenium/4.1.2 (java windows)
Cache-Control: no-cache
Content-Type: application/json; charset=utf-8
host: localhost:64860
accept: */*

Response DefaultHttpResponse(decodeResult: success, version: HTTP/1.1)
HTTP/1.1 200 OK
Content-Type: application/json; charset=utf-8
cache-control: no-cache
content-length: 18

14:58:02.006 [AsyncHttpClient-1-7] DEBUG org.asynchttpclient.netty.channel.ChannelManager - Adding key: http://localhost:64860 for channel [id: 0xa204ca3c, L:/127.0.0.1:49216 - R:localhost/127.0.0.1:64860]
14:58:02.007 [Forwarding getElementTagName on session 9ee3d25bf314bfb5359639734c0b29dc to remote] DEBUG org.asynchttpclient.netty.request.NettyRequestSender - Using pooled Channel '[id: 0xa204ca3c, L:/127.0.0.1:49216 - R:localhost/127.0.0.1:64860]' for 'GET' to 'http://localhost:64860/session/9ee3d25bf314bfb5359639734c0b29dc/element/0065c59d-3b1b-4f3c-bd3c-03fe5fbe2fe1/name'
14:58:02.007 [Forwarding getElementTagName on session 9ee3d25bf314bfb5359639734c0b29dc to remote] DEBUG org.asynchttpclient.netty.request.NettyRequestSender - Using open Channel [id: 0xa204ca3c, L:/127.0.0.1:49216 - R:localhost/127.0.0.1:64860] for GET '/session/9ee3d25bf314bfb5359639734c0b29dc/element/0065c59d-3b1b-4f3c-bd3c-03fe5fbe2fe1/name'
14:58:02.013 [AsyncHttpClient-1-7] DEBUG org.asynchttpclient.netty.handler.HttpHandler - 

Request DefaultFullHttpRequest(decodeResult: success, version: HTTP/1.1, content: EmptyByteBufBE)
GET /session/9ee3d25bf314bfb5359639734c0b29dc/element/0065c59d-3b1b-4f3c-bd3c-03fe5fbe2fe1/name HTTP/1.1
User-Agent: selenium/4.1.2 (java windows)
Cache-Control: no-cache
Content-Type: application/json; charset=utf-8
host: localhost:64860
accept: */*

Response DefaultHttpResponse(decodeResult: success, version: HTTP/1.1)
HTTP/1.1 200 OK
Content-Type: application/json; charset=utf-8
cache-control: no-cache
content-length: 18

14:58:02.013 [AsyncHttpClient-1-7] DEBUG org.asynchttpclient.netty.channel.ChannelManager - Adding key: http://localhost:64860 for channel [id: 0xa204ca3c, L:/127.0.0.1:49216 - R:localhost/127.0.0.1:64860]
14:58:02.015 [Forwarding isElementEnabled on session 9ee3d25bf314bfb5359639734c0b29dc to remote] DEBUG org.asynchttpclient.netty.request.NettyRequestSender - Using pooled Channel '[id: 0xa204ca3c, L:/127.0.0.1:49216 - R:localhost/127.0.0.1:64860]' for 'GET' to 'http://localhost:64860/session/9ee3d25bf314bfb5359639734c0b29dc/element/0065c59d-3b1b-4f3c-bd3c-03fe5fbe2fe1/enabled'
14:58:02.015 [Forwarding isElementEnabled on session 9ee3d25bf314bfb5359639734c0b29dc to remote] DEBUG org.asynchttpclient.netty.request.NettyRequestSender - Using open Channel [id: 0xa204ca3c, L:/127.0.0.1:49216 - R:localhost/127.0.0.1:64860] for GET '/session/9ee3d25bf314bfb5359639734c0b29dc/element/0065c59d-3b1b-4f3c-bd3c-03fe5fbe2fe1/enabled'
14:58:02.023 [AsyncHttpClient-1-7] DEBUG org.asynchttpclient.netty.handler.HttpHandler - 

Request DefaultFullHttpRequest(decodeResult: success, version: HTTP/1.1, content: EmptyByteBufBE)
GET /session/9ee3d25bf314bfb5359639734c0b29dc/element/0065c59d-3b1b-4f3c-bd3c-03fe5fbe2fe1/enabled HTTP/1.1
User-Agent: selenium/4.1.2 (java windows)
Cache-Control: no-cache
Content-Type: application/json; charset=utf-8
host: localhost:64860
accept: */*

Response DefaultHttpResponse(decodeResult: success, version: HTTP/1.1)
HTTP/1.1 200 OK
Content-Type: application/json; charset=utf-8
cache-control: no-cache
content-length: 14

14:58:02.023 [AsyncHttpClient-1-7] DEBUG org.asynchttpclient.netty.channel.ChannelManager - Adding key: http://localhost:64860 for channel [id: 0xa204ca3c, L:/127.0.0.1:49216 - R:localhost/127.0.0.1:64860]
14:58:02.024 [Forwarding isElementEnabled on session 9ee3d25bf314bfb5359639734c0b29dc to remote] DEBUG org.asynchttpclient.netty.request.NettyRequestSender - Using pooled Channel '[id: 0xa204ca3c, L:/127.0.0.1:49216 - R:localhost/127.0.0.1:64860]' for 'GET' to 'http://localhost:64860/session/9ee3d25bf314bfb5359639734c0b29dc/element/0065c59d-3b1b-4f3c-bd3c-03fe5fbe2fe1/enabled'
14:58:02.024 [Forwarding isElementEnabled on session 9ee3d25bf314bfb5359639734c0b29dc to remote] DEBUG org.asynchttpclient.netty.request.NettyRequestSender - Using open Channel [id: 0xa204ca3c, L:/127.0.0.1:49216 - R:localhost/127.0.0.1:64860] for GET '/session/9ee3d25bf314bfb5359639734c0b29dc/element/0065c59d-3b1b-4f3c-bd3c-03fe5fbe2fe1/enabled'
14:58:02.031 [AsyncHttpClient-1-7] DEBUG org.asynchttpclient.netty.handler.HttpHandler - 

Request DefaultFullHttpRequest(decodeResult: success, version: HTTP/1.1, content: EmptyByteBufBE)
GET /session/9ee3d25bf314bfb5359639734c0b29dc/element/0065c59d-3b1b-4f3c-bd3c-03fe5fbe2fe1/enabled HTTP/1.1
User-Agent: selenium/4.1.2 (java windows)
Cache-Control: no-cache
Content-Type: application/json; charset=utf-8
host: localhost:64860
accept: */*

Response DefaultHttpResponse(decodeResult: success, version: HTTP/1.1)
HTTP/1.1 200 OK
Content-Type: application/json; charset=utf-8
cache-control: no-cache
content-length: 14

14:58:02.031 [AsyncHttpClient-1-7] DEBUG org.asynchttpclient.netty.channel.ChannelManager - Adding key: http://localhost:64860 for channel [id: 0xa204ca3c, L:/127.0.0.1:49216 - R:localhost/127.0.0.1:64860]
14:58:02.033 [Forwarding findElement on session 9ee3d25bf314bfb5359639734c0b29dc to remote] DEBUG org.asynchttpclient.netty.request.NettyRequestSender - Using pooled Channel '[id: 0xa204ca3c, L:/127.0.0.1:49216 - R:localhost/127.0.0.1:64860]' for 'POST' to 'http://localhost:64860/session/9ee3d25bf314bfb5359639734c0b29dc/element'
14:58:02.033 [Forwarding findElement on session 9ee3d25bf314bfb5359639734c0b29dc to remote] DEBUG org.asynchttpclient.netty.request.NettyRequestSender - Using open Channel [id: 0xa204ca3c, L:/127.0.0.1:49216 - R:localhost/127.0.0.1:64860] for POST '/session/9ee3d25bf314bfb5359639734c0b29dc/element'
14:58:02.038 [AsyncHttpClient-1-7] DEBUG org.asynchttpclient.netty.handler.HttpHandler - 

Request DefaultHttpRequest(decodeResult: success, version: HTTP/1.1)
POST /session/9ee3d25bf314bfb5359639734c0b29dc/element HTTP/1.1
User-Agent: selenium/4.1.2 (java windows)
Content-Length: 68
Content-Type: application/json; charset=utf-8
host: localhost:64860
accept: */*

Response DefaultHttpResponse(decodeResult: success, version: HTTP/1.1)
HTTP/1.1 200 OK
Content-Type: application/json; charset=utf-8
cache-control: no-cache
content-length: 88

14:58:02.038 [AsyncHttpClient-1-7] DEBUG org.asynchttpclient.netty.channel.ChannelManager - Adding key: http://localhost:64860 for channel [id: 0xa204ca3c, L:/127.0.0.1:49216 - R:localhost/127.0.0.1:64860]
14:58:02.039 [Forwarding clickElement on session 9ee3d25bf314bfb5359639734c0b29dc to remote] DEBUG org.asynchttpclient.netty.request.NettyRequestSender - Using pooled Channel '[id: 0xa204ca3c, L:/127.0.0.1:49216 - R:localhost/127.0.0.1:64860]' for 'POST' to 'http://localhost:64860/session/9ee3d25bf314bfb5359639734c0b29dc/element/0065c59d-3b1b-4f3c-bd3c-03fe5fbe2fe1/click'
14:58:02.039 [Forwarding clickElement on session 9ee3d25bf314bfb5359639734c0b29dc to remote] DEBUG org.asynchttpclient.netty.request.NettyRequestSender - Using open Channel [id: 0xa204ca3c, L:/127.0.0.1:49216 - R:localhost/127.0.0.1:64860] for POST '/session/9ee3d25bf314bfb5359639734c0b29dc/element/0065c59d-3b1b-4f3c-bd3c-03fe5fbe2fe1/click'
14:58:02.072 [AsyncHttpClient-1-7] DEBUG org.asynchttpclient.netty.handler.HttpHandler - 

Request DefaultHttpRequest(decodeResult: success, version: HTTP/1.1)
POST /session/9ee3d25bf314bfb5359639734c0b29dc/element/0065c59d-3b1b-4f3c-bd3c-03fe5fbe2fe1/click HTTP/1.1
User-Agent: selenium/4.1.2 (java windows)
Content-Length: 50
Content-Type: application/json; charset=utf-8
host: localhost:64860
accept: */*

Response DefaultHttpResponse(decodeResult: success, version: HTTP/1.1)
HTTP/1.1 200 OK
Content-Type: application/json; charset=utf-8
cache-control: no-cache
content-length: 14

14:58:02.072 [AsyncHttpClient-1-7] DEBUG org.asynchttpclient.netty.channel.ChannelManager - Adding key: http://localhost:64860 for channel [id: 0xa204ca3c, L:/127.0.0.1:49216 - R:localhost/127.0.0.1:64860]
14:58:02.075 [Forwarding screenshot on session 9ee3d25bf314bfb5359639734c0b29dc to remote] DEBUG org.asynchttpclient.netty.request.NettyRequestSender - Using pooled Channel '[id: 0xa204ca3c, L:/127.0.0.1:49216 - R:localhost/127.0.0.1:64860]' for 'GET' to 'http://localhost:64860/session/9ee3d25bf314bfb5359639734c0b29dc/screenshot'
14:58:02.075 [Forwarding screenshot on session 9ee3d25bf314bfb5359639734c0b29dc to remote] DEBUG org.asynchttpclient.netty.request.NettyRequestSender - Using open Channel [id: 0xa204ca3c, L:/127.0.0.1:49216 - R:localhost/127.0.0.1:64860] for GET '/session/9ee3d25bf314bfb5359639734c0b29dc/screenshot'
14:58:02.202 [AsyncHttpClient-1-7] DEBUG org.asynchttpclient.netty.handler.HttpHandler - 

Request DefaultFullHttpRequest(decodeResult: success, version: HTTP/1.1, content: EmptyByteBufBE)
GET /session/9ee3d25bf314bfb5359639734c0b29dc/screenshot HTTP/1.1
User-Agent: selenium/4.1.2 (java windows)
Cache-Control: no-cache
Content-Type: application/json; charset=utf-8
host: localhost:64860
accept: */*

Response DefaultHttpResponse(decodeResult: success, version: HTTP/1.1)
HTTP/1.1 200 OK
Content-Type: application/json; charset=utf-8
cache-control: no-cache
content-length: 35044

14:58:02.202 [AsyncHttpClient-1-7] DEBUG org.asynchttpclient.netty.channel.ChannelManager - Adding key: http://localhost:64860 for channel [id: 0xa204ca3c, L:/127.0.0.1:49216 - R:localhost/127.0.0.1:64860]
14:58:02.203 [main] DEBUG net.serenitybdd.core.photography.Darkroom - Send negative for processing for target\site\serenity\29abc699c0351a7fedea7347227fe39f6cde291af3fa814657d449e994b62a97.png
14:58:02.204 [main] DEBUG net.thucydides.core.steps.StepInterceptor - STEP DONE: clickAddQuantity
  &amp#27;[32mAnd &amp#27;[0m&amp#27;[32mI choose button plus&amp#27;[0m               &amp#27;[90m# Starter.StepDefinitions.TransactionsStep.iClickButtonPlus()&amp#27;[0m
14:58:02.204 [Darkroom Processing Line] DEBUG net.serenitybdd.core.photography.DarkroomProcessingLine - Processing screenshot image in /var/screenshots/screenshot-1537013459783969723
14:58:02.204 [Darkroom Processing Line] DEBUG net.serenitybdd.core.photography.DarkroomProcessingLine - Saving screenshot to target\site\serenity\29abc699c0351a7fedea7347227fe39f6cde291af3fa814657d449e994b62a97.png
14:58:02.214 [main] DEBUG net.thucydides.core.steps.StepInterceptor - STARTING STEP: TransactionsStep.iClickButtonPay - clickPayOrder
14:58:02.215 [Forwarding findElement on session 9ee3d25bf314bfb5359639734c0b29dc to remote] DEBUG org.asynchttpclient.netty.request.NettyRequestSender - Using pooled Channel '[id: 0xa204ca3c, L:/127.0.0.1:49216 - R:localhost/127.0.0.1:64860]' for 'POST' to 'http://localhost:64860/session/9ee3d25bf314bfb5359639734c0b29dc/element'
14:58:02.215 [Forwarding findElement on session 9ee3d25bf314bfb5359639734c0b29dc to remote] DEBUG org.asynchttpclient.netty.request.NettyRequestSender - Using open Channel [id: 0xa204ca3c, L:/127.0.0.1:49216 - R:localhost/127.0.0.1:64860] for POST '/session/9ee3d25bf314bfb5359639734c0b29dc/element'
14:58:02.225 [AsyncHttpClient-1-7] DEBUG org.asynchttpclient.netty.handler.HttpHandler - 

Request DefaultHttpRequest(decodeResult: success, version: HTTP/1.1)
POST /session/9ee3d25bf314bfb5359639734c0b29dc/element HTTP/1.1
User-Agent: selenium/4.1.2 (java windows)
Content-Length: 59
Content-Type: application/json; charset=utf-8
host: localhost:64860
accept: */*

Response DefaultHttpResponse(decodeResult: success, version: HTTP/1.1)
HTTP/1.1 200 OK
Content-Type: application/json; charset=utf-8
cache-control: no-cache
content-length: 88

14:58:02.225 [AsyncHttpClient-1-7] DEBUG org.asynchttpclient.netty.channel.ChannelManager - Adding key: http://localhost:64860 for channel [id: 0xa204ca3c, L:/127.0.0.1:49216 - R:localhost/127.0.0.1:64860]
14:58:02.226 [Forwarding getElementTagName on session 9ee3d25bf314bfb5359639734c0b29dc to remote] DEBUG org.asynchttpclient.netty.request.NettyRequestSender - Using pooled Channel '[id: 0xa204ca3c, L:/127.0.0.1:49216 - R:localhost/127.0.0.1:64860]' for 'GET' to 'http://localhost:64860/session/9ee3d25bf314bfb5359639734c0b29dc/element/d8e1bbad-6f38-445d-9388-d0f918ac720e/name'
14:58:02.226 [Forwarding getElementTagName on session 9ee3d25bf314bfb5359639734c0b29dc to remote] DEBUG org.asynchttpclient.netty.request.NettyRequestSender - Using open Channel [id: 0xa204ca3c, L:/127.0.0.1:49216 - R:localhost/127.0.0.1:64860] for GET '/session/9ee3d25bf314bfb5359639734c0b29dc/element/d8e1bbad-6f38-445d-9388-d0f918ac720e/name'
14:58:02.233 [AsyncHttpClient-1-7] DEBUG org.asynchttpclient.netty.handler.HttpHandler - 

Request DefaultFullHttpRequest(decodeResult: success, version: HTTP/1.1, content: EmptyByteBufBE)
GET /session/9ee3d25bf314bfb5359639734c0b29dc/element/d8e1bbad-6f38-445d-9388-d0f918ac720e/name HTTP/1.1
User-Agent: selenium/4.1.2 (java windows)
Cache-Control: no-cache
Content-Type: application/json; charset=utf-8
host: localhost:64860
accept: */*

Response DefaultHttpResponse(decodeResult: success, version: HTTP/1.1)
HTTP/1.1 200 OK
Content-Type: application/json; charset=utf-8
cache-control: no-cache
content-length: 18

14:58:02.233 [AsyncHttpClient-1-7] DEBUG org.asynchttpclient.netty.channel.ChannelManager - Adding key: http://localhost:64860 for channel [id: 0xa204ca3c, L:/127.0.0.1:49216 - R:localhost/127.0.0.1:64860]
14:58:02.233 [Forwarding getElementTagName on session 9ee3d25bf314bfb5359639734c0b29dc to remote] DEBUG org.asynchttpclient.netty.request.NettyRequestSender - Using pooled Channel '[id: 0xa204ca3c, L:/127.0.0.1:49216 - R:localhost/127.0.0.1:64860]' for 'GET' to 'http://localhost:64860/session/9ee3d25bf314bfb5359639734c0b29dc/element/d8e1bbad-6f38-445d-9388-d0f918ac720e/name'
14:58:02.233 [Forwarding getElementTagName on session 9ee3d25bf314bfb5359639734c0b29dc to remote] DEBUG org.asynchttpclient.netty.request.NettyRequestSender - Using open Channel [id: 0xa204ca3c, L:/127.0.0.1:49216 - R:localhost/127.0.0.1:64860] for GET '/session/9ee3d25bf314bfb5359639734c0b29dc/element/d8e1bbad-6f38-445d-9388-d0f918ac720e/name'
14:58:02.237 [AsyncHttpClient-1-7] DEBUG org.asynchttpclient.netty.handler.HttpHandler - 

Request DefaultFullHttpRequest(decodeResult: success, version: HTTP/1.1, content: EmptyByteBufBE)
GET /session/9ee3d25bf314bfb5359639734c0b29dc/element/d8e1bbad-6f38-445d-9388-d0f918ac720e/name HTTP/1.1
User-Agent: selenium/4.1.2 (java windows)
Cache-Control: no-cache
Content-Type: application/json; charset=utf-8
host: localhost:64860
accept: */*

Response DefaultHttpResponse(decodeResult: success, version: HTTP/1.1)
HTTP/1.1 200 OK
Content-Type: application/json; charset=utf-8
cache-control: no-cache
content-length: 18

14:58:02.237 [AsyncHttpClient-1-7] DEBUG org.asynchttpclient.netty.channel.ChannelManager - Adding key: http://localhost:64860 for channel [id: 0xa204ca3c, L:/127.0.0.1:49216 - R:localhost/127.0.0.1:64860]
14:58:02.238 [Forwarding isElementEnabled on session 9ee3d25bf314bfb5359639734c0b29dc to remote] DEBUG org.asynchttpclient.netty.request.NettyRequestSender - Using pooled Channel '[id: 0xa204ca3c, L:/127.0.0.1:49216 - R:localhost/127.0.0.1:64860]' for 'GET' to 'http://localhost:64860/session/9ee3d25bf314bfb5359639734c0b29dc/element/d8e1bbad-6f38-445d-9388-d0f918ac720e/enabled'
14:58:02.238 [Forwarding isElementEnabled on session 9ee3d25bf314bfb5359639734c0b29dc to remote] DEBUG org.asynchttpclient.netty.request.NettyRequestSender - Using open Channel [id: 0xa204ca3c, L:/127.0.0.1:49216 - R:localhost/127.0.0.1:64860] for GET '/session/9ee3d25bf314bfb5359639734c0b29dc/element/d8e1bbad-6f38-445d-9388-d0f918ac720e/enabled'
14:58:02.248 [AsyncHttpClient-1-7] DEBUG org.asynchttpclient.netty.handler.HttpHandler - 

Request DefaultFullHttpRequest(decodeResult: success, version: HTTP/1.1, content: EmptyByteBufBE)
GET /session/9ee3d25bf314bfb5359639734c0b29dc/element/d8e1bbad-6f38-445d-9388-d0f918ac720e/enabled HTTP/1.1
User-Agent: selenium/4.1.2 (java windows)
Cache-Control: no-cache
Content-Type: application/json; charset=utf-8
host: localhost:64860
accept: */*

Response DefaultHttpResponse(decodeResult: success, version: HTTP/1.1)
HTTP/1.1 200 OK
Content-Type: application/json; charset=utf-8
cache-control: no-cache
content-length: 14

14:58:02.249 [AsyncHttpClient-1-7] DEBUG org.asynchttpclient.netty.channel.ChannelManager - Adding key: http://localhost:64860 for channel [id: 0xa204ca3c, L:/127.0.0.1:49216 - R:localhost/127.0.0.1:64860]
14:58:02.250 [Forwarding isElementEnabled on session 9ee3d25bf314bfb5359639734c0b29dc to remote] DEBUG org.asynchttpclient.netty.request.NettyRequestSender - Using pooled Channel '[id: 0xa204ca3c, L:/127.0.0.1:49216 - R:localhost/127.0.0.1:64860]' for 'GET' to 'http://localhost:64860/session/9ee3d25bf314bfb5359639734c0b29dc/element/d8e1bbad-6f38-445d-9388-d0f918ac720e/enabled'
14:58:02.250 [Forwarding isElementEnabled on session 9ee3d25bf314bfb5359639734c0b29dc to remote] DEBUG org.asynchttpclient.netty.request.NettyRequestSender - Using open Channel [id: 0xa204ca3c, L:/127.0.0.1:49216 - R:localhost/127.0.0.1:64860] for GET '/session/9ee3d25bf314bfb5359639734c0b29dc/element/d8e1bbad-6f38-445d-9388-d0f918ac720e/enabled'
14:58:02.254 [AsyncHttpClient-1-7] DEBUG org.asynchttpclient.netty.handler.HttpHandler - 

Request DefaultFullHttpRequest(decodeResult: success, version: HTTP/1.1, content: EmptyByteBufBE)
GET /session/9ee3d25bf314bfb5359639734c0b29dc/element/d8e1bbad-6f38-445d-9388-d0f918ac720e/enabled HTTP/1.1
User-Agent: selenium/4.1.2 (java windows)
Cache-Control: no-cache
Content-Type: application/json; charset=utf-8
host: localhost:64860
accept: */*

Response DefaultHttpResponse(decodeResult: success, version: HTTP/1.1)
HTTP/1.1 200 OK
Content-Type: application/json; charset=utf-8
cache-control: no-cache
content-length: 14

14:58:02.255 [AsyncHttpClient-1-7] DEBUG org.asynchttpclient.netty.channel.ChannelManager - Adding key: http://localhost:64860 for channel [id: 0xa204ca3c, L:/127.0.0.1:49216 - R:localhost/127.0.0.1:64860]
14:58:02.256 [Forwarding findElement on session 9ee3d25bf314bfb5359639734c0b29dc to remote] DEBUG org.asynchttpclient.netty.request.NettyRequestSender - Using pooled Channel '[id: 0xa204ca3c, L:/127.0.0.1:49216 - R:localhost/127.0.0.1:64860]' for 'POST' to 'http://localhost:64860/session/9ee3d25bf314bfb5359639734c0b29dc/element'
14:58:02.256 [Forwarding findElement on session 9ee3d25bf314bfb5359639734c0b29dc to remote] DEBUG org.asynchttpclient.netty.request.NettyRequestSender - Using open Channel [id: 0xa204ca3c, L:/127.0.0.1:49216 - R:localhost/127.0.0.1:64860] for POST '/session/9ee3d25bf314bfb5359639734c0b29dc/element'
14:58:02.262 [AsyncHttpClient-1-7] DEBUG org.asynchttpclient.netty.handler.HttpHandler - 

Request DefaultHttpRequest(decodeResult: success, version: HTTP/1.1)
POST /session/9ee3d25bf314bfb5359639734c0b29dc/element HTTP/1.1
User-Agent: selenium/4.1.2 (java windows)
Content-Length: 59
Content-Type: application/json; charset=utf-8
host: localhost:64860
accept: */*

Response DefaultHttpResponse(decodeResult: success, version: HTTP/1.1)
HTTP/1.1 200 OK
Content-Type: application/json; charset=utf-8
cache-control: no-cache
content-length: 88

14:58:02.262 [AsyncHttpClient-1-7] DEBUG org.asynchttpclient.netty.channel.ChannelManager - Adding key: http://localhost:64860 for channel [id: 0xa204ca3c, L:/127.0.0.1:49216 - R:localhost/127.0.0.1:64860]
14:58:02.264 [Forwarding clickElement on session 9ee3d25bf314bfb5359639734c0b29dc to remote] DEBUG org.asynchttpclient.netty.request.NettyRequestSender - Using pooled Channel '[id: 0xa204ca3c, L:/127.0.0.1:49216 - R:localhost/127.0.0.1:64860]' for 'POST' to 'http://localhost:64860/session/9ee3d25bf314bfb5359639734c0b29dc/element/d8e1bbad-6f38-445d-9388-d0f918ac720e/click'
14:58:02.264 [Forwarding clickElement on session 9ee3d25bf314bfb5359639734c0b29dc to remote] DEBUG org.asynchttpclient.netty.request.NettyRequestSender - Using open Channel [id: 0xa204ca3c, L:/127.0.0.1:49216 - R:localhost/127.0.0.1:64860] for POST '/session/9ee3d25bf314bfb5359639734c0b29dc/element/d8e1bbad-6f38-445d-9388-d0f918ac720e/click'
14:58:02.292 [AsyncHttpClient-1-7] DEBUG org.asynchttpclient.netty.handler.HttpHandler - 

Request DefaultHttpRequest(decodeResult: success, version: HTTP/1.1)
POST /session/9ee3d25bf314bfb5359639734c0b29dc/element/d8e1bbad-6f38-445d-9388-d0f918ac720e/click HTTP/1.1
User-Agent: selenium/4.1.2 (java windows)
Content-Length: 50
Content-Type: application/json; charset=utf-8
host: localhost:64860
accept: */*

Response DefaultHttpResponse(decodeResult: success, version: HTTP/1.1)
HTTP/1.1 200 OK
Content-Type: application/json; charset=utf-8
cache-control: no-cache
content-length: 14

14:58:02.292 [AsyncHttpClient-1-7] DEBUG org.asynchttpclient.netty.channel.ChannelManager - Adding key: http://localhost:64860 for channel [id: 0xa204ca3c, L:/127.0.0.1:49216 - R:localhost/127.0.0.1:64860]
14:58:02.300 [Forwarding screenshot on session 9ee3d25bf314bfb5359639734c0b29dc to remote] DEBUG org.asynchttpclient.netty.request.NettyRequestSender - Using pooled Channel '[id: 0xa204ca3c, L:/127.0.0.1:49216 - R:localhost/127.0.0.1:64860]' for 'GET' to 'http://localhost:64860/session/9ee3d25bf314bfb5359639734c0b29dc/screenshot'
14:58:02.300 [Forwarding screenshot on session 9ee3d25bf314bfb5359639734c0b29dc to remote] DEBUG org.asynchttpclient.netty.request.NettyRequestSender - Using open Channel [id: 0xa204ca3c, L:/127.0.0.1:49216 - R:localhost/127.0.0.1:64860] for GET '/session/9ee3d25bf314bfb5359639734c0b29dc/screenshot'
14:58:02.481 [AsyncHttpClient-1-7] DEBUG org.asynchttpclient.netty.handler.HttpHandler - 

Request DefaultFullHttpRequest(decodeResult: success, version: HTTP/1.1, content: EmptyByteBufBE)
GET /session/9ee3d25bf314bfb5359639734c0b29dc/screenshot HTTP/1.1
User-Agent: selenium/4.1.2 (java windows)
Cache-Control: no-cache
Content-Type: application/json; charset=utf-8
host: localhost:64860
accept: */*

Response DefaultHttpResponse(decodeResult: success, version: HTTP/1.1)
HTTP/1.1 200 OK
Content-Type: application/json; charset=utf-8
cache-control: no-cache
content-length: 30396

14:58:02.481 [AsyncHttpClient-1-7] DEBUG org.asynchttpclient.netty.channel.ChannelManager - Adding key: http://localhost:64860 for channel [id: 0xa204ca3c, L:/127.0.0.1:49216 - R:localhost/127.0.0.1:64860]
14:58:02.483 [main] DEBUG net.serenitybdd.core.photography.Darkroom - Send negative for processing for target\site\serenity\6d7cf9840234b66ff1398ac3dca1aeb1c10b51ddaa8cebf5d4e2dc30ad95c555.png
14:58:02.483 [main] DEBUG net.thucydides.core.steps.StepInterceptor - STEP DONE: clickPayOrder
14:58:02.483 [Darkroom Processing Line] DEBUG net.serenitybdd.core.photography.DarkroomProcessingLine - Processing screenshot image in /var/screenshots/screenshot-6424812998735572699
14:58:02.483 [Darkroom Processing Line] DEBUG net.serenitybdd.core.photography.DarkroomProcessingLine - Saving screenshot to target\site\serenity\6d7cf9840234b66ff1398ac3dca1aeb1c10b51ddaa8cebf5d4e2dc30ad95c555.png
  &amp#27;[32mAnd &amp#27;[0m&amp#27;[32mI click button pay&amp#27;[0m                 &amp#27;[90m# Starter.StepDefinitions.TransactionsStep.iClickButtonPay()&amp#27;[0m
14:58:02.492 [main] DEBUG net.thucydides.core.steps.StepInterceptor - STARTING STEP: TransactionsStep.iGetSuccessTransaction - headerAppears
14:58:02.493 [Forwarding findElement on session 9ee3d25bf314bfb5359639734c0b29dc to remote] DEBUG org.asynchttpclient.netty.request.NettyRequestSender - Using pooled Channel '[id: 0xa204ca3c, L:/127.0.0.1:49216 - R:localhost/127.0.0.1:64860]' for 'POST' to 'http://localhost:64860/session/9ee3d25bf314bfb5359639734c0b29dc/element'
14:58:02.493 [Forwarding findElement on session 9ee3d25bf314bfb5359639734c0b29dc to remote] DEBUG org.asynchttpclient.netty.request.NettyRequestSender - Using open Channel [id: 0xa204ca3c, L:/127.0.0.1:49216 - R:localhost/127.0.0.1:64860] for POST '/session/9ee3d25bf314bfb5359639734c0b29dc/element'
14:58:02.604 [AsyncHttpClient-1-1] DEBUG org.asynchttpclient.netty.channel.DefaultChannelPool - Entry count for : http://localhost:49217 : 1
14:58:02.875 [AsyncHttpClient-1-7] DEBUG org.asynchttpclient.netty.handler.HttpHandler - 

Request DefaultHttpRequest(decodeResult: success, version: HTTP/1.1)
POST /session/9ee3d25bf314bfb5359639734c0b29dc/element HTTP/1.1
User-Agent: selenium/4.1.2 (java windows)
Content-Length: 73
Content-Type: application/json; charset=utf-8
host: localhost:64860
accept: */*

Response DefaultHttpResponse(decodeResult: success, version: HTTP/1.1)
HTTP/1.1 200 OK
Content-Type: application/json; charset=utf-8
cache-control: no-cache
content-length: 88

14:58:02.875 [AsyncHttpClient-1-7] DEBUG org.asynchttpclient.netty.channel.ChannelManager - Adding key: http://localhost:64860 for channel [id: 0xa204ca3c, L:/127.0.0.1:49216 - R:localhost/127.0.0.1:64860]
14:58:02.877 [Forwarding isElementDisplayed on session 9ee3d25bf314bfb5359639734c0b29dc to remote] DEBUG org.asynchttpclient.netty.request.NettyRequestSender - Using pooled Channel '[id: 0xa204ca3c, L:/127.0.0.1:49216 - R:localhost/127.0.0.1:64860]' for 'POST' to 'http://localhost:64860/session/9ee3d25bf314bfb5359639734c0b29dc/execute/sync'
14:58:02.877 [Forwarding isElementDisplayed on session 9ee3d25bf314bfb5359639734c0b29dc to remote] DEBUG org.asynchttpclient.netty.request.NettyRequestSender - Using open Channel [id: 0xa204ca3c, L:/127.0.0.1:49216 - R:localhost/127.0.0.1:64860] for POST '/session/9ee3d25bf314bfb5359639734c0b29dc/execute/sync'
14:58:02.889 [AsyncHttpClient-1-7] DEBUG org.asynchttpclient.netty.handler.HttpHandler - 

Request DefaultHttpRequest(decodeResult: success, version: HTTP/1.1)
POST /session/9ee3d25bf314bfb5359639734c0b29dc/execute/sync HTTP/1.1
User-Agent: selenium/4.1.2 (java windows)
Content-Length: 48780
Content-Type: application/json; charset=utf-8
host: localhost:64860
accept: */*

Response DefaultHttpResponse(decodeResult: success, version: HTTP/1.1)
HTTP/1.1 200 OK
Content-Type: application/json; charset=utf-8
cache-control: no-cache
content-length: 14

14:58:02.889 [AsyncHttpClient-1-7] DEBUG org.asynchttpclient.netty.channel.ChannelManager - Adding key: http://localhost:64860 for channel [id: 0xa204ca3c, L:/127.0.0.1:49216 - R:localhost/127.0.0.1:64860]
14:58:02.891 [Forwarding screenshot on session 9ee3d25bf314bfb5359639734c0b29dc to remote] DEBUG org.asynchttpclient.netty.request.NettyRequestSender - Using pooled Channel '[id: 0xa204ca3c, L:/127.0.0.1:49216 - R:localhost/127.0.0.1:64860]' for 'GET' to 'http://localhost:64860/session/9ee3d25bf314bfb5359639734c0b29dc/screenshot'
14:58:02.891 [Forwarding screenshot on session 9ee3d25bf314bfb5359639734c0b29dc to remote] DEBUG org.asynchttpclient.netty.request.NettyRequestSender - Using open Channel [id: 0xa204ca3c, L:/127.0.0.1:49216 - R:localhost/127.0.0.1:64860] for GET '/session/9ee3d25bf314bfb5359639734c0b29dc/screenshot'
14:58:02.996 [AsyncHttpClient-1-7] DEBUG org.asynchttpclient.netty.handler.HttpHandler - 

Request DefaultFullHttpRequest(decodeResult: success, version: HTTP/1.1, content: EmptyByteBufBE)
GET /session/9ee3d25bf314bfb5359639734c0b29dc/screenshot HTTP/1.1
User-Agent: selenium/4.1.2 (java windows)
Cache-Control: no-cache
Content-Type: application/json; charset=utf-8
host: localhost:64860
accept: */*

Response DefaultHttpResponse(decodeResult: success, version: HTTP/1.1)
HTTP/1.1 200 OK
Content-Type: application/json; charset=utf-8
cache-control: no-cache
content-length: 30076

14:58:02.997 [AsyncHttpClient-1-7] DEBUG org.asynchttpclient.netty.channel.ChannelManager - Adding key: http://localhost:64860 for channel [id: 0xa204ca3c, L:/127.0.0.1:49216 - R:localhost/127.0.0.1:64860]
14:58:02.998 [main] DEBUG net.serenitybdd.core.photography.Darkroom - Send negative for processing for target\site\serenity\9d3b7dabf2cd78c1663c18f6418fffbc23ccf30427269491679a45e432531dd1.png
14:58:02.998 [main] DEBUG net.thucydides.core.steps.StepInterceptor - STEP DONE: headerAppears
14:58:02.998 [Darkroom Processing Line] DEBUG net.serenitybdd.core.photography.DarkroomProcessingLine - Processing screenshot image in /var/screenshots/screenshot-1676194183448428620
14:58:02.998 [Darkroom Processing Line] DEBUG net.serenitybdd.core.photography.DarkroomProcessingLine - Saving screenshot to target\site\serenity\9d3b7dabf2cd78c1663c18f6418fffbc23ccf30427269491679a45e432531dd1.png
14:58:03.001 [main] DEBUG net.thucydides.core.steps.StepInterceptor - STARTING STEP: TransactionsStep.iGetSuccessTransaction - headerTextEqual
14:58:03.002 [Forwarding findElement on session 9ee3d25bf314bfb5359639734c0b29dc to remote] DEBUG org.asynchttpclient.netty.request.NettyRequestSender - Using pooled Channel '[id: 0xa204ca3c, L:/127.0.0.1:49216 - R:localhost/127.0.0.1:64860]' for 'POST' to 'http://localhost:64860/session/9ee3d25bf314bfb5359639734c0b29dc/element'
14:58:03.002 [Forwarding findElement on session 9ee3d25bf314bfb5359639734c0b29dc to remote] DEBUG org.asynchttpclient.netty.request.NettyRequestSender - Using open Channel [id: 0xa204ca3c, L:/127.0.0.1:49216 - R:localhost/127.0.0.1:64860] for POST '/session/9ee3d25bf314bfb5359639734c0b29dc/element'
14:58:03.008 [AsyncHttpClient-1-7] DEBUG org.asynchttpclient.netty.handler.HttpHandler - 

Request DefaultHttpRequest(decodeResult: success, version: HTTP/1.1)
POST /session/9ee3d25bf314bfb5359639734c0b29dc/element HTTP/1.1
User-Agent: selenium/4.1.2 (java windows)
Content-Length: 73
Content-Type: application/json; charset=utf-8
host: localhost:64860
accept: */*

Response DefaultHttpResponse(decodeResult: success, version: HTTP/1.1)
HTTP/1.1 200 OK
Content-Type: application/json; charset=utf-8
cache-control: no-cache
content-length: 88

14:58:03.008 [AsyncHttpClient-1-7] DEBUG org.asynchttpclient.netty.channel.ChannelManager - Adding key: http://localhost:64860 for channel [id: 0xa204ca3c, L:/127.0.0.1:49216 - R:localhost/127.0.0.1:64860]
14:58:03.008 [Forwarding getElementText on session 9ee3d25bf314bfb5359639734c0b29dc to remote] DEBUG org.asynchttpclient.netty.request.NettyRequestSender - Using pooled Channel '[id: 0xa204ca3c, L:/127.0.0.1:49216 - R:localhost/127.0.0.1:64860]' for 'GET' to 'http://localhost:64860/session/9ee3d25bf314bfb5359639734c0b29dc/element/3e9079c2-dce3-461c-8c8c-d6aa8a6e745d/text'
14:58:03.008 [Forwarding getElementText on session 9ee3d25bf314bfb5359639734c0b29dc to remote] DEBUG org.asynchttpclient.netty.request.NettyRequestSender - Using open Channel [id: 0xa204ca3c, L:/127.0.0.1:49216 - R:localhost/127.0.0.1:64860] for GET '/session/9ee3d25bf314bfb5359639734c0b29dc/element/3e9079c2-dce3-461c-8c8c-d6aa8a6e745d/text'
14:58:03.020 [AsyncHttpClient-1-7] DEBUG org.asynchttpclient.netty.handler.HttpHandler - 

Request DefaultFullHttpRequest(decodeResult: success, version: HTTP/1.1, content: EmptyByteBufBE)
GET /session/9ee3d25bf314bfb5359639734c0b29dc/element/3e9079c2-dce3-461c-8c8c-d6aa8a6e745d/text HTTP/1.1
User-Agent: selenium/4.1.2 (java windows)
Cache-Control: no-cache
Content-Type: application/json; charset=utf-8
host: localhost:64860
accept: */*

Response DefaultHttpResponse(decodeResult: success, version: HTTP/1.1)
HTTP/1.1 200 OK
Content-Type: application/json; charset=utf-8
cache-control: no-cache
content-length: 24

14:58:03.020 [AsyncHttpClient-1-7] DEBUG org.asynchttpclient.netty.channel.ChannelManager - Adding key: http://localhost:64860 for channel [id: 0xa204ca3c, L:/127.0.0.1:49216 - R:localhost/127.0.0.1:64860]
14:58:03.022 [main] DEBUG net.thucydides.core.steps.StepInterceptor - STEP DONE: headerTextEqual
  &amp#27;[32mThen &amp#27;[0m&amp#27;[32mI get success transaction&amp#27;[0m         &amp#27;[90m# Starter.StepDefinitions.TransactionsStep.iGetSuccessTransaction()&amp#27;[0m
14:58:03.027 [AsyncHttpClient-1-9] DEBUG org.asynchttpclient.netty.handler.WebSocketHandler - Channel Closed: [id: 0xb9c9f287, L:/127.0.0.1:49224 ! R:localhost/127.0.0.1:49217] with attribute NettyResponseFuture{currentRetry=5,
	isDone=1,
	isCancelled=0,
	asyncHandler=org.asynchttpclient.ws.WebSocketUpgradeHandler@5ceec30c,
	nettyRequest=org.asynchttpclient.netty.request.NettyRequest@3eedcc1b,
	future=java.util.concurrent.CompletableFuture@1080186c[Completed normally],
	uri=ws://localhost:49217/devtools/browser/6a7d5783-b821-4b76-ae37-abc668ca94a5,
	keepAlive=true,
	redirectCount=0,
	timeoutsHolder=null,
	inAuth=0,
	touch=1652687877671}
14:58:03.027 [AsyncHttpClient-1-9] DEBUG org.asynchttpclient.netty.channel.ChannelManager - Closing Channel [id: 0xb9c9f287, L:/127.0.0.1:49224 ! R:localhost/127.0.0.1:49217] 
14:58:03.027 [Driver Command Executor] DEBUG org.asynchttpclient.netty.request.NettyRequestSender - Using pooled Channel '[id: 0xa204ca3c, L:/127.0.0.1:49216 - R:localhost/127.0.0.1:64860]' for 'DELETE' to 'http://localhost:64860/session/9ee3d25bf314bfb5359639734c0b29dc'
14:58:03.027 [Driver Command Executor] DEBUG org.asynchttpclient.netty.request.NettyRequestSender - Using open Channel [id: 0xa204ca3c, L:/127.0.0.1:49216 - R:localhost/127.0.0.1:64860] for DELETE '/session/9ee3d25bf314bfb5359639734c0b29dc'
14:58:03.089 [AsyncHttpClient-1-8] DEBUG org.asynchttpclient.netty.handler.HttpHandler - Unexpected I/O exception on channel [id: 0xab28c08e, L:/127.0.0.1:49223 - R:localhost/127.0.0.1:49217]
java.net.SocketException: Connection reset
	at java.base/sun.nio.ch.SocketChannelImpl.throwConnectionReset(SocketChannelImpl.java:367)
	at java.base/sun.nio.ch.SocketChannelImpl.read(SocketChannelImpl.java:398)
	at io.netty.buffer.PooledByteBuf.setBytes(PooledByteBuf.java:258)
	at io.netty.buffer.AbstractByteBuf.writeBytes(AbstractByteBuf.java:1132)
	at io.netty.channel.socket.nio.NioSocketChannel.doReadBytes(NioSocketChannel.java:350)
	at io.netty.channel.nio.AbstractNioByteChannel$NioByteUnsafe.read(AbstractNioByteChannel.java:151)
	at io.netty.channel.nio.NioEventLoop.processSelectedKey(NioEventLoop.java:722)
	at io.netty.channel.nio.NioEventLoop.processSelectedKeysOptimized(NioEventLoop.java:658)
	at io.netty.channel.nio.NioEventLoop.processSelectedKeys(NioEventLoop.java:584)
	at io.netty.channel.nio.NioEventLoop.run(NioEventLoop.java:496)
	at io.netty.util.concurrent.SingleThreadEventExecutor$4.run(SingleThreadEventExecutor.java:986)
	at io.netty.util.internal.ThreadExecutorMap$2.run(ThreadExecutorMap.java:74)
	at io.netty.util.concurrent.FastThreadLocalRunnable.run(FastThreadLocalRunnable.java:30)
	at java.base/java.lang.Thread.run(Thread.java:832)
14:58:03.089 [AsyncHttpClient-1-8] DEBUG org.asynchttpclient.netty.channel.ChannelManager - Closing Channel [id: 0xab28c08e, L:/127.0.0.1:49223 - R:localhost/127.0.0.1:49217] 
14:58:03.089 [AsyncHttpClient-1-8] DEBUG org.asynchttpclient.netty.handler.HttpHandler - Channel Closed: [id: 0xab28c08e, L:/127.0.0.1:49223 ! R:localhost/127.0.0.1:49217] with attribute DISCARD
14:58:03.105 [AsyncHttpClient-1-7] DEBUG org.asynchttpclient.netty.handler.HttpHandler - 

Request DefaultFullHttpRequest(decodeResult: success, version: HTTP/1.1, content: EmptyByteBufBE)
DELETE /session/9ee3d25bf314bfb5359639734c0b29dc HTTP/1.1
User-Agent: selenium/4.1.2 (java windows)
Content-Type: application/json; charset=utf-8
host: localhost:64860
accept: */*

Response DefaultHttpResponse(decodeResult: success, version: HTTP/1.1)
HTTP/1.1 200 OK
Content-Type: application/json; charset=utf-8
cache-control: no-cache
content-length: 14

14:58:03.105 [AsyncHttpClient-1-7] DEBUG org.asynchttpclient.netty.channel.ChannelManager - Adding key: http://localhost:64860 for channel [id: 0xa204ca3c, L:/127.0.0.1:49216 - R:localhost/127.0.0.1:64860]
14:58:03.204 [AsyncHttpClient-1-7] DEBUG org.asynchttpclient.netty.handler.HttpHandler - Channel Closed: [id: 0xa204ca3c, L:/127.0.0.1:49216 ! R:localhost/127.0.0.1:64860] with attribute DISCARD
14:58:03.700 [AsyncHttpClient-1-1] DEBUG org.asynchttpclient.netty.channel.DefaultChannelPool - Entry count for : http://localhost:49217 : 1
14:58:03.700 [AsyncHttpClient-1-1] DEBUG org.asynchttpclient.netty.channel.DefaultChannelPool - Entry count for : http://localhost:64860 : 1
14:58:03.700 [AsyncHttpClient-1-1] DEBUG org.asynchttpclient.netty.channel.DefaultChannelPool - Adding Candidate expired Channel [id: 0xab28c08e, L:/127.0.0.1:49223 ! R:localhost/127.0.0.1:49217] isIdleTimeoutExpired=false isRemotelyClosed=true isTtlExpired=false
14:58:03.700 [AsyncHttpClient-1-1] DEBUG org.asynchttpclient.netty.channel.DefaultChannelPool - Closing Idle Channel [id: 0xab28c08e, L:/127.0.0.1:49223 ! R:localhost/127.0.0.1:49217]
14:58:03.700 [AsyncHttpClient-1-1] DEBUG org.asynchttpclient.netty.channel.DefaultChannelPool - Adding Candidate expired Channel [id: 0xa204ca3c, L:/127.0.0.1:49216 ! R:localhost/127.0.0.1:64860] isIdleTimeoutExpired=false isRemotelyClosed=true isTtlExpired=false
14:58:03.700 [AsyncHttpClient-1-1] DEBUG org.asynchttpclient.netty.channel.DefaultChannelPool - Closing Idle Channel [id: 0xa204ca3c, L:/127.0.0.1:49216 ! R:localhost/127.0.0.1:64860]
14:58:03.700 [AsyncHttpClient-1-1] DEBUG org.asynchttpclient.netty.channel.DefaultChannelPool - Closed 2 connections out of 2 in 0 ms
14:58:03.733 [main] INFO  - 
  _____   ___   ___   _____     ___     _     ___   ___   ___   ___  
 |_   _| | __| / __| |_   _|   | _ \   /_\   / __| / __| | __| |   \ 
   | |   | _|  \__ \   | |     |  _/  / _ \  \__ \ \__ \ | _|  | |) |
   |_|   |___| |___/   |_|     |_|   /_/ \_\ |___/ |___/ |___| |___/ 

Transactions Success
----------------------------------------------------------------------
]]></system-out>
    <system-err><![CDATA[Starting ChromeDriver 101.0.4951.41 (93c720db8323b3ec10d056025ab95c23a31997c9-refs/branch-heads/4951@{#904}) on port 64860
Only local connections are allowed.
Please see https://chromedriver.chromium.org/security-considerations for suggestions on keeping ChromeDriver safe.
ChromeDriver was started successfully.
May 16, 2022 2:57:57 PM org.openqa.selenium.remote.ProtocolHandshake createSession
INFO: Detected dialect: W3C
May 16, 2022 2:57:57 PM org.openqa.selenium.devtools.CdpVersionFinder findNearestMatch
WARNING: Unable to find an exact match for CDP version 101, so returning the closest version found: 97
May 16, 2022 2:57:57 PM org.openqa.selenium.devtools.CdpVersionFinder findNearestMatch
INFO: Found CDP implementation for version 101 of 97
]]></system-err>
  </testcase>
  <testcase name="Failed Transactions" classname="Transactions" time="0.076">
    <system-out><![CDATA[
@Transactions
Scenario: Failed Transactions    &amp#27;[90m# src/test/resources/features/Transactions.feature:23&amp#27;[0m
14:58:03.748 [main] INFO io.cucumber.core.plugin.SerenityReporter - Running feature from file:///D:/data%20hakim/Mini%20Project%20Alterra/WebAlta/src/test/resources/features/Transactions.feature
14:58:03.750 [main] INFO  - 
  _____   ___   ___   _____     ___   _____     _     ___   _____   ___   ___  
 |_   _| | __| / __| |_   _|   / __| |_   _|   /_\   | _ \ |_   _| | __| |   \ 
   | |   | _|  \__ \   | |     \__ \   | |    / _ \  |   /   | |   | _|  | |) |
   |_|   |___| |___/   |_|     |___/   |_|   /_/ \_\ |_|_\   |_|   |___| |___/ 

Failed Transactions(transactions;failed-transactions)
--------------------------------------------------------------------------------
14:58:03.773 [main] DEBUG net.thucydides.core.steps.StepInterceptor - STARTING STEP: TransactionsStep.iAmOnTheHomePage - headerAppears
14:58:03.773 [main] DEBUG net.thucydides.core.steps.StepInterceptor - STEP DONE: headerAppears
14:58:03.774 [main] DEBUG net.thucydides.core.steps.StepInterceptor - STARTING STEP: TransactionsStep.iAmOnTheHomePage - headerTextEqual
14:58:03.777 [main] DEBUG net.thucydides.core.steps.StepInterceptor - STEP DONE: headerTextEqual
14:58:03.780 [main] DEBUG net.thucydides.core.steps.StepInterceptor - STARTING STEP: TransactionsStep.iAmOnTheHomePage - validateOnHomePage
14:58:03.782 [main] DEBUG net.thucydides.core.steps.StepInterceptor - STEP DONE: validateOnHomePage
  &amp#27;[32mGiven &amp#27;[0m&amp#27;[32mI am on the HomePage&amp#27;[0m     &amp#27;[90m# Starter.StepDefinitions.TransactionsStep.iAmOnTheHomePage()&amp#27;[0m
14:58:03.785 [main] DEBUG net.thucydides.core.steps.StepInterceptor - STARTING STEP: TransactionsStep.iClickButtonBuy - clickProductSatu
14:58:03.787 [main] DEBUG net.thucydides.core.steps.StepInterceptor - STEP DONE: clickProductSatu
  &amp#27;[32mAnd &amp#27;[0m&amp#27;[32mI click buy product&amp#27;[0m        &amp#27;[90m# Starter.StepDefinitions.TransactionsStep.iClickButtonBuy()&amp#27;[0m
14:58:03.789 [main] DEBUG net.thucydides.core.steps.StepInterceptor - STARTING STEP: TransactionsStep.clickButtonCart - clickButtonCart
14:58:03.791 [main] DEBUG net.thucydides.core.steps.StepInterceptor - STEP DONE: clickButtonCart
  &amp#27;[32mWhen &amp#27;[0m&amp#27;[32mI choose button cart&amp#27;[0m      &amp#27;[90m# Starter.StepDefinitions.TransactionsStep.clickButtonCart()&amp#27;[0m
14:58:03.795 [main] DEBUG net.thucydides.core.steps.StepInterceptor - STARTING STEP: TransactionsStep.iClickButtonPlus - clickAddQuantity
14:58:03.798 [main] DEBUG net.thucydides.core.steps.StepInterceptor - STEP DONE: clickAddQuantity
  &amp#27;[32mAnd &amp#27;[0m&amp#27;[32mI choose button plus&amp#27;[0m       &amp#27;[90m# Starter.StepDefinitions.TransactionsStep.iClickButtonPlus()&amp#27;[0m
14:58:03.801 [main] DEBUG net.thucydides.core.steps.StepInterceptor - STARTING STEP: TransactionsStep.iClickButtonPay - clickPayOrder
14:58:03.803 [main] DEBUG net.thucydides.core.steps.StepInterceptor - STEP DONE: clickPayOrder
  &amp#27;[32mAnd &amp#27;[0m&amp#27;[32mI click button pay&amp#27;[0m         &amp#27;[90m# Starter.StepDefinitions.TransactionsStep.iClickButtonPay()&amp#27;[0m
14:58:03.805 [main] DEBUG net.thucydides.core.steps.StepInterceptor - STARTING STEP: TransactionsStep.iGetRedirectLoginPage - headerAppears
14:58:03.806 [main] DEBUG net.thucydides.core.steps.StepInterceptor - STEP DONE: headerAppears
14:58:03.806 [main] DEBUG net.thucydides.core.steps.StepInterceptor - STARTING STEP: TransactionsStep.iGetRedirectLoginPage - headerTextEqual
14:58:03.808 [main] DEBUG net.thucydides.core.steps.StepInterceptor - STEP DONE: headerTextEqual
14:58:03.808 [main] DEBUG net.thucydides.core.steps.StepInterceptor - STARTING STEP: TransactionsStep.iGetRedirectLoginPage - validateOnLoginPage
14:58:03.809 [main] DEBUG net.thucydides.core.steps.StepInterceptor - STEP DONE: validateOnLoginPage
  &amp#27;[32mThen &amp#27;[0m&amp#27;[32mI get redirect login page&amp#27;[0m &amp#27;[90m# Starter.StepDefinitions.TransactionsStep.iGetRedirectLoginPage()&amp#27;[0m
14:58:03.811 [main] INFO  - 
  _____   ___   ___   _____     ___     _     ___   ___   ___   ___  
 |_   _| | __| / __| |_   _|   | _ \   /_\   / __| / __| | __| |   \ 
   | |   | _|  \__ \   | |     |  _/  / _ \  \__ \ \__ \ | _|  | |) |
   |_|   |___| |___/   |_|     |_|   /_/ \_\ |___/ |___/ |___| |___/ 

Failed Transactions
----------------------------------------------------------------------
]]></system-out>
  </testcase>
</testsuite>